[I 2026-05-03 17:55:06,962] Trial 29 finished with value: 2.1443701336912984 and parameters: {'0:atom_AtomicNumber:kDelta': 0.75, '0:atom_AtomicNumber_list_1:kConv': 0.9, '0:atom_AtomicNumber_list_2:kConv': 0.9, '0:atom_AtomicNumber_list_3:kConv': 1.0, '0:atom_AtomicNumber_list_4:kConv': 0.75, '0:atom_MorganHash:kDelta': 1.0, '0:atom_Ring_count:kDelta': 0.9, '0:atom_RingSize_list:kConv': 1.0, '0:atom_Hcount:kDelta': 0.85, '0:atom_AtomicNumber_count_1:kDelta': 0.9, '0:atom_AtomicNumber_count_2:kDelta': 1.0, '0:atom_Chiral:kDelta': 1.0, '0:bond_Order:kDelta': 0.8, '0:bond_Stereo:kDelta': 0.9, '0:bond_RingStereo:kDelta': 0.9, '0:q:q': 0.09, '1:atom_AtomicNumber:kDelta': 0.95, '1:atom_AtomicNumber_list_1:kConv': 0.85, '1:atom_AtomicNumber_list_2:kConv': 1.0, '1:atom_AtomicNumber_list_3:kConv': 0.85, '1:atom_AtomicNumber_list_4:kConv': 0.75, '1:atom_MorganHash:kDelta': 0.75, '1:atom_Ring_count:kDelta': 0.75, '1:atom_RingSize_list:kConv': 0.8, '1:atom_Hcount:kDelta': 0.95, '1:atom_AtomicNumber_count_1:kDelta': 0.9, '1:atom_AtomicNumber_count_2:kDelta': 0.75, '1:atom_Chiral:kDelta': 1.0, '1:bond_Order:kDelta': 0.85, '1:bond_Stereo:kDelta': 0.95, '1:bond_RingStereo:kDelta': 0.95, '1:q:q': 0.48000000000000004, '2:features_kernel:Matern32': 2464.1, '3:features_kernel:Matern32': 5434.1, '4:features_kernel:Matern32': 5574.1, '5:features_kernel:Matern32': 9726.1, '6:features_kernel:Matern32': 8406.1, '7:features_kernel:Matern32': 3051.1, '8:features_kernel:Matern32': 2192.1, '9:features_kernel:Matern32': 4337.1, '10:features_kernel:Matern32': 7705.1, '11:features_kernel:Matern32': 7523.1, '12:features_kernel:Matern32': 9439.1, '13:features_kernel:Matern32': 8981.1, '14:features_kernel:Matern32': 4257.1, 'alpha': 0.026000000000000002}. Best is trial 16 with value: 2.0630099212760884.
/gpfs_common/share03/ddomlab/sdehgha2/working_space/GP_collab/code_python/training/MGK_and_tools/mgktools/mgktools/kernels/base.py:225: UserWarning: The distribution is specified by [0.1, 10000] and step=1, but the range is not divisible by `step`. It will be replaced with [0.1, 9999.1].
  self.unique_name: trial.suggest_float(
[I 2026-05-03 17:56:04,123] Trial 30 finished with value: 2.175968509850866 and parameters: {'0:atom_AtomicNumber:kDelta': 0.95, '0:atom_AtomicNumber_list_1:kConv': 1.0, '0:atom_AtomicNumber_list_2:kConv': 0.75, '0:atom_AtomicNumber_list_3:kConv': 0.9, '0:atom_AtomicNumber_list_4:kConv': 0.95, '0:atom_MorganHash:kDelta': 0.95, '0:atom_Ring_count:kDelta': 0.75, '0:atom_RingSize_list:kConv': 0.75, '0:atom_Hcount:kDelta': 0.95, '0:atom_AtomicNumber_count_1:kDelta': 0.95, '0:atom_AtomicNumber_count_2:kDelta': 0.95, '0:atom_Chiral:kDelta': 0.95, '0:bond_Order:kDelta': 0.9, '0:bond_Stereo:kDelta': 0.95, '0:bond_RingStereo:kDelta': 0.75, '0:q:q': 0.22, '1:atom_AtomicNumber:kDelta': 0.85, '1:atom_AtomicNumber_list_1:kConv': 0.8, '1:atom_AtomicNumber_list_2:kConv': 1.0, '1:atom_AtomicNumber_list_3:kConv': 0.9, '1:atom_AtomicNumber_list_4:kConv': 0.75, '1:atom_MorganHash:kDelta': 0.8, '1:atom_Ring_count:kDelta': 0.9, '1:atom_RingSize_list:kConv': 0.75, '1:atom_Hcount:kDelta': 0.95, '1:atom_AtomicNumber_count_1:kDelta': 0.75, '1:atom_AtomicNumber_count_2:kDelta': 0.9, '1:atom_Chiral:kDelta': 1.0, '1:bond_Order:kDelta': 0.8, '1:bond_Stereo:kDelta': 1.0, '1:bond_RingStereo:kDelta': 0.85, '1:q:q': 0.42000000000000004, '2:features_kernel:Matern32': 3522.1, '3:features_kernel:Matern32': 8734.1, '4:features_kernel:Matern32': 8393.1, '5:features_kernel:Matern32': 6397.1, '6:features_kernel:Matern32': 4138.1, '7:features_kernel:Matern32': 6541.1, '8:features_kernel:Matern32': 3134.1, '9:features_kernel:Matern32': 9291.1, '10:features_kernel:Matern32': 8325.1, '11:features_kernel:Matern32': 1530.1, '12:features_kernel:Matern32': 7757.1, '13:features_kernel:Matern32': 6569.1, '14:features_kernel:Matern32': 498.1, 'alpha': 0.036000000000000004}. Best is trial 16 with value: 2.0630099212760884.
/gpfs_common/share03/ddomlab/sdehgha2/working_space/GP_collab/code_python/training/MGK_and_tools/mgktools/mgktools/kernels/base.py:225: UserWarning: The distribution is specified by [0.1, 10000] and step=1, but the range is not divisible by `step`. It will be replaced with [0.1, 9999.1].
  self.unique_name: trial.suggest_float(
[I 2026-05-03 17:57:10,590] Trial 31 finished with value: 2.067126833167172 and parameters: {'0:atom_AtomicNumber:kDelta': 0.8, '0:atom_AtomicNumber_list_1:kConv': 0.95, '0:atom_AtomicNumber_list_2:kConv': 0.85, '0:atom_AtomicNumber_list_3:kConv': 0.9, '0:atom_AtomicNumber_list_4:kConv': 0.95, '0:atom_MorganHash:kDelta': 0.85, '0:atom_Ring_count:kDelta': 0.75, '0:atom_RingSize_list:kConv': 1.0, '0:atom_Hcount:kDelta': 0.9, '0:atom_AtomicNumber_count_1:kDelta': 1.0, '0:atom_AtomicNumber_count_2:kDelta': 1.0, '0:atom_Chiral:kDelta': 0.95, '0:bond_Order:kDelta': 0.75, '0:bond_Stereo:kDelta': 1.0, '0:bond_RingStereo:kDelta': 0.85, '0:q:q': 0.06999999999999999, '1:atom_AtomicNumber:kDelta': 0.85, '1:atom_AtomicNumber_list_1:kConv': 0.8, '1:atom_AtomicNumber_list_2:kConv': 0.95, '1:atom_AtomicNumber_list_3:kConv': 1.0, '1:atom_AtomicNumber_list_4:kConv': 0.75, '1:atom_MorganHash:kDelta': 0.8, '1:atom_Ring_count:kDelta': 0.8, '1:atom_RingSize_list:kConv': 0.75, '1:atom_Hcount:kDelta': 1.0, '1:atom_AtomicNumber_count_1:kDelta': 0.8, '1:atom_AtomicNumber_count_2:kDelta': 0.85, '1:atom_Chiral:kDelta': 0.8, '1:bond_Order:kDelta': 0.8, '1:bond_Stereo:kDelta': 1.0, '1:bond_RingStereo:kDelta': 1.0, '1:q:q': 0.24000000000000002, '2:features_kernel:Matern32': 2715.1, '3:features_kernel:Matern32': 9455.1, '4:features_kernel:Matern32': 7221.1, '5:features_kernel:Matern32': 1730.1, '6:features_kernel:Matern32': 2646.1, '7:features_kernel:Matern32': 5639.1, '8:features_kernel:Matern32': 3773.1, '9:features_kernel:Matern32': 7839.1, '10:features_kernel:Matern32': 4677.1, '11:features_kernel:Matern32': 4005.1, '12:features_kernel:Matern32': 9422.1, '13:features_kernel:Matern32': 5564.1, '14:features_kernel:Matern32': 2120.1, 'alpha': 0.007}. Best is trial 16 with value: 2.0630099212760884.
/gpfs_common/share03/ddomlab/sdehgha2/working_space/GP_collab/code_python/training/MGK_and_tools/mgktools/mgktools/kernels/base.py:225: UserWarning: The distribution is specified by [0.1, 10000] and step=1, but the range is not divisible by `step`. It will be replaced with [0.1, 9999.1].
  self.unique_name: trial.suggest_float(
[I 2026-05-03 17:58:13,514] Trial 32 finished with value: 2.049921421984249 and parameters: {'0:atom_AtomicNumber:kDelta': 0.8, '0:atom_AtomicNumber_list_1:kConv': 0.95, '0:atom_AtomicNumber_list_2:kConv': 0.85, '0:atom_AtomicNumber_list_3:kConv': 0.95, '0:atom_AtomicNumber_list_4:kConv': 0.95, '0:atom_MorganHash:kDelta': 0.8, '0:atom_Ring_count:kDelta': 0.75, '0:atom_RingSize_list:kConv': 1.0, '0:atom_Hcount:kDelta': 0.9, '0:atom_AtomicNumber_count_1:kDelta': 1.0, '0:atom_AtomicNumber_count_2:kDelta': 1.0, '0:atom_Chiral:kDelta': 0.95, '0:bond_Order:kDelta': 0.75, '0:bond_Stereo:kDelta': 1.0, '0:bond_RingStereo:kDelta': 0.85, '0:q:q': 0.14, '1:atom_AtomicNumber:kDelta': 0.9, '1:atom_AtomicNumber_list_1:kConv': 0.8, '1:atom_AtomicNumber_list_2:kConv': 0.95, '1:atom_AtomicNumber_list_3:kConv': 1.0, '1:atom_AtomicNumber_list_4:kConv': 0.75, '1:atom_MorganHash:kDelta': 0.75, '1:atom_Ring_count:kDelta': 0.8, '1:atom_RingSize_list:kConv': 0.75, '1:atom_Hcount:kDelta': 1.0, '1:atom_AtomicNumber_count_1:kDelta': 0.8, '1:atom_AtomicNumber_count_2:kDelta': 0.85, '1:atom_Chiral:kDelta': 0.75, '1:bond_Order:kDelta': 0.8, '1:bond_Stereo:kDelta': 1.0, '1:bond_RingStereo:kDelta': 1.0, '1:q:q': 0.21000000000000002, '2:features_kernel:Matern32': 1530.1, '3:features_kernel:Matern32': 9284.1, '4:features_kernel:Matern32': 5929.1, '5:features_kernel:Matern32': 1493.1, '6:features_kernel:Matern32': 2677.1, '7:features_kernel:Matern32': 6005.1, '8:features_kernel:Matern32': 2265.1, '9:features_kernel:Matern32': 8198.1, '10:features_kernel:Matern32': 4983.1, '11:features_kernel:Matern32': 4192.1, '12:features_kernel:Matern32': 9278.1, '13:features_kernel:Matern32': 7907.1, '14:features_kernel:Matern32': 1492.1, 'alpha': 0.005}. Best is trial 32 with value: 2.049921421984249.
/gpfs_common/share03/ddomlab/sdehgha2/working_space/GP_collab/code_python/training/MGK_and_tools/mgktools/mgktools/kernels/base.py:225: UserWarning: The distribution is specified by [0.1, 10000] and step=1, but the range is not divisible by `step`. It will be replaced with [0.1, 9999.1].
  self.unique_name: trial.suggest_float(
[I 2026-05-03 17:59:18,771] Trial 33 finished with value: 2.0778569643094493 and parameters: {'0:atom_AtomicNumber:kDelta': 0.8, '0:atom_AtomicNumber_list_1:kConv': 0.95, '0:atom_AtomicNumber_list_2:kConv': 0.85, '0:atom_AtomicNumber_list_3:kConv': 0.95, '0:atom_AtomicNumber_list_4:kConv': 0.95, '0:atom_MorganHash:kDelta': 0.8, '0:atom_Ring_count:kDelta': 0.8, '0:atom_RingSize_list:kConv': 1.0, '0:atom_Hcount:kDelta': 0.9, '0:atom_AtomicNumber_count_1:kDelta': 1.0, '0:atom_AtomicNumber_count_2:kDelta': 1.0, '0:atom_Chiral:kDelta': 0.9, '0:bond_Order:kDelta': 0.75, '0:bond_Stereo:kDelta': 1.0, '0:bond_RingStereo:kDelta': 0.9, '0:q:q': 0.12, '1:atom_AtomicNumber:kDelta': 0.9, '1:atom_AtomicNumber_list_1:kConv': 0.8, '1:atom_AtomicNumber_list_2:kConv': 0.9, '1:atom_AtomicNumber_list_3:kConv': 0.95, '1:atom_AtomicNumber_list_4:kConv': 0.8, '1:atom_MorganHash:kDelta': 0.75, '1:atom_Ring_count:kDelta': 0.85, '1:atom_RingSize_list:kConv': 0.75, '1:atom_Hcount:kDelta': 1.0, '1:atom_AtomicNumber_count_1:kDelta': 0.8, '1:atom_AtomicNumber_count_2:kDelta': 0.8, '1:atom_Chiral:kDelta': 0.75, '1:bond_Order:kDelta': 0.75, '1:bond_Stereo:kDelta': 0.95, '1:bond_RingStereo:kDelta': 1.0, '1:q:q': 0.21000000000000002, '2:features_kernel:Matern32': 1363.1, '3:features_kernel:Matern32': 6985.1, '4:features_kernel:Matern32': 5977.1, '5:features_kernel:Matern32': 346.1, '6:features_kernel:Matern32': 1479.1, '7:features_kernel:Matern32': 7620.1, '8:features_kernel:Matern32': 2089.1, '9:features_kernel:Matern32': 8480.1, '10:features_kernel:Matern32': 5823.1, '11:features_kernel:Matern32': 3299.1, '12:features_kernel:Matern32': 8416.1, '13:features_kernel:Matern32': 9448.1, '14:features_kernel:Matern32': 974.1, 'alpha': 0.014000000000000002}. Best is trial 32 with value: 2.049921421984249.
/gpfs_common/share03/ddomlab/sdehgha2/working_space/GP_collab/code_python/training/MGK_and_tools/mgktools/mgktools/kernels/base.py:225: UserWarning: The distribution is specified by [0.1, 10000] and step=1, but the range is not divisible by `step`. It will be replaced with [0.1, 9999.1].
  self.unique_name: trial.suggest_float(
[I 2026-05-03 18:00:19,696] Trial 34 finished with value: 2.153983467737988 and parameters: {'0:atom_AtomicNumber:kDelta': 0.85, '0:atom_AtomicNumber_list_1:kConv': 1.0, '0:atom_AtomicNumber_list_2:kConv': 0.8, '0:atom_AtomicNumber_list_3:kConv': 0.75, '0:atom_AtomicNumber_list_4:kConv': 0.9, '0:atom_MorganHash:kDelta': 0.8, '0:atom_Ring_count:kDelta': 0.75, '0:atom_RingSize_list:kConv': 0.95, '0:atom_Hcount:kDelta': 0.85, '0:atom_AtomicNumber_count_1:kDelta': 0.95, '0:atom_AtomicNumber_count_2:kDelta': 1.0, '0:atom_Chiral:kDelta': 1.0, '0:bond_Order:kDelta': 0.8, '0:bond_Stereo:kDelta': 0.95, '0:bond_RingStereo:kDelta': 0.8, '0:q:q': 0.14, '1:atom_AtomicNumber:kDelta': 0.9, '1:atom_AtomicNumber_list_1:kConv': 0.75, '1:atom_AtomicNumber_list_2:kConv': 0.95, '1:atom_AtomicNumber_list_3:kConv': 1.0, '1:atom_AtomicNumber_list_4:kConv': 0.75, '1:atom_MorganHash:kDelta': 0.75, '1:atom_Ring_count:kDelta': 0.8, '1:atom_RingSize_list:kConv': 0.8, '1:atom_Hcount:kDelta': 0.75, '1:atom_AtomicNumber_count_1:kDelta': 0.75, '1:atom_AtomicNumber_count_2:kDelta': 0.75, '1:atom_Chiral:kDelta': 0.75, '1:bond_Order:kDelta': 0.8, '1:bond_Stereo:kDelta': 0.8, '1:bond_RingStereo:kDelta': 0.95, '1:q:q': 0.33, '2:features_kernel:Matern32': 1417.1, '3:features_kernel:Matern32': 8035.1, '4:features_kernel:Matern32': 5122.1, '5:features_kernel:Matern32': 1099.1, '6:features_kernel:Matern32': 9967.1, '7:features_kernel:Matern32': 6457.1, '8:features_kernel:Matern32': 228.1, '9:features_kernel:Matern32': 6125.1, '10:features_kernel:Matern32': 5233.1, '11:features_kernel:Matern32': 4661.1, '12:features_kernel:Matern32': 9032.1, '13:features_kernel:Matern32': 8026.1, '14:features_kernel:Matern32': 1516.1, 'alpha': 0.061}. Best is trial 32 with value: 2.049921421984249.
/gpfs_common/share03/ddomlab/sdehgha2/working_space/GP_collab/code_python/training/MGK_and_tools/mgktools/mgktools/kernels/base.py:225: UserWarning: The distribution is specified by [0.1, 10000] and step=1, but the range is not divisible by `step`. It will be replaced with [0.1, 9999.1].
  self.unique_name: trial.suggest_float(
[I 2026-05-03 18:01:20,187] Trial 35 finished with value: 2.202149866214179 and parameters: {'0:atom_AtomicNumber:kDelta': 0.75, '0:atom_AtomicNumber_list_1:kConv': 0.9, '0:atom_AtomicNumber_list_2:kConv': 0.85, '0:atom_AtomicNumber_list_3:kConv': 0.95, '0:atom_AtomicNumber_list_4:kConv': 1.0, '0:atom_MorganHash:kDelta': 0.8, '0:atom_Ring_count:kDelta': 0.8, '0:atom_RingSize_list:kConv': 0.8, '0:atom_Hcount:kDelta': 0.95, '0:atom_AtomicNumber_count_1:kDelta': 1.0, '0:atom_AtomicNumber_count_2:kDelta': 0.95, '0:atom_Chiral:kDelta': 0.95, '0:bond_Order:kDelta': 0.75, '0:bond_Stereo:kDelta': 0.9, '0:bond_RingStereo:kDelta': 0.85, '0:q:q': 0.48000000000000004, '1:atom_AtomicNumber:kDelta': 0.95, '1:atom_AtomicNumber_list_1:kConv': 0.85, '1:atom_AtomicNumber_list_2:kConv': 0.9, '1:atom_AtomicNumber_list_3:kConv': 0.95, '1:atom_AtomicNumber_list_4:kConv': 0.8, '1:atom_MorganHash:kDelta': 0.75, '1:atom_Ring_count:kDelta': 0.75, '1:atom_RingSize_list:kConv': 0.9, '1:atom_Hcount:kDelta': 0.95, '1:atom_AtomicNumber_count_1:kDelta': 0.85, '1:atom_AtomicNumber_count_2:kDelta': 0.85, '1:atom_Chiral:kDelta': 0.8, '1:bond_Order:kDelta': 0.95, '1:bond_Stereo:kDelta': 1.0, '1:bond_RingStereo:kDelta': 0.95, '1:q:q': 0.29000000000000004, '2:features_kernel:Matern32': 51.1, '3:features_kernel:Matern32': 9945.1, '4:features_kernel:Matern32': 6104.1, '5:features_kernel:Matern32': 666.1, '6:features_kernel:Matern32': 8717.1, '7:features_kernel:Matern32': 4543.1, '8:features_kernel:Matern32': 3222.1, '9:features_kernel:Matern32': 9401.1, '10:features_kernel:Matern32': 6717.1, '11:features_kernel:Matern32': 8387.1, '12:features_kernel:Matern32': 7762.1, '13:features_kernel:Matern32': 9441.1, '14:features_kernel:Matern32': 56.1, 'alpha': 0.081}. Best is trial 32 with value: 2.049921421984249.
/gpfs_common/share03/ddomlab/sdehgha2/working_space/GP_collab/code_python/training/MGK_and_tools/mgktools/mgktools/kernels/base.py:225: UserWarning: The distribution is specified by [0.1, 10000] and step=1, but the range is not divisible by `step`. It will be replaced with [0.1, 9999.1].
  self.unique_name: trial.suggest_float(
[I 2026-05-03 18:02:29,822] Trial 36 finished with value: 2.0579010569434715 and parameters: {'0:atom_AtomicNumber:kDelta': 0.9, '0:atom_AtomicNumber_list_1:kConv': 0.85, '0:atom_AtomicNumber_list_2:kConv': 0.9, '0:atom_AtomicNumber_list_3:kConv': 1.0, '0:atom_AtomicNumber_list_4:kConv': 1.0, '0:atom_MorganHash:kDelta': 0.75, '0:atom_Ring_count:kDelta': 0.8, '0:atom_RingSize_list:kConv': 0.95, '0:atom_Hcount:kDelta': 0.9, '0:atom_AtomicNumber_count_1:kDelta': 0.95, '0:atom_AtomicNumber_count_2:kDelta': 0.85, '0:atom_Chiral:kDelta': 0.9, '0:bond_Order:kDelta': 0.75, '0:bond_Stereo:kDelta': 0.8, '0:bond_RingStereo:kDelta': 0.8, '0:q:q': 0.16, '1:atom_AtomicNumber:kDelta': 0.9, '1:atom_AtomicNumber_list_1:kConv': 0.8, '1:atom_AtomicNumber_list_2:kConv': 0.9, '1:atom_AtomicNumber_list_3:kConv': 0.95, '1:atom_AtomicNumber_list_4:kConv': 1.0, '1:atom_MorganHash:kDelta': 0.75, '1:atom_Ring_count:kDelta': 0.85, '1:atom_RingSize_list:kConv': 0.85, '1:atom_Hcount:kDelta': 1.0, '1:atom_AtomicNumber_count_1:kDelta': 1.0, '1:atom_AtomicNumber_count_2:kDelta': 1.0, '1:atom_Chiral:kDelta': 0.85, '1:bond_Order:kDelta': 0.75, '1:bond_Stereo:kDelta': 0.95, '1:bond_RingStereo:kDelta': 1.0, '1:q:q': 0.16, '2:features_kernel:Matern32': 1979.1, '3:features_kernel:Matern32': 3575.1, '4:features_kernel:Matern32': 4551.1, '5:features_kernel:Matern32': 3873.1, '6:features_kernel:Matern32': 2139.1, '7:features_kernel:Matern32': 6120.1, '8:features_kernel:Matern32': 5706.1, '9:features_kernel:Matern32': 7157.1, '10:features_kernel:Matern32': 2260.1, '11:features_kernel:Matern32': 5624.1, '12:features_kernel:Matern32': 6305.1, '13:features_kernel:Matern32': 7608.1, '14:features_kernel:Matern32': 799.1, 'alpha': 0.005}. Best is trial 32 with value: 2.049921421984249.
/gpfs_common/share03/ddomlab/sdehgha2/working_space/GP_collab/code_python/training/MGK_and_tools/mgktools/mgktools/kernels/base.py:225: UserWarning: The distribution is specified by [0.1, 10000] and step=1, but the range is not divisible by `step`. It will be replaced with [0.1, 9999.1].
  self.unique_name: trial.suggest_float(
[I 2026-05-03 18:03:33,387] Trial 37 finished with value: 2.1191936138240277 and parameters: {'0:atom_AtomicNumber:kDelta': 0.95, '0:atom_AtomicNumber_list_1:kConv': 0.85, '0:atom_AtomicNumber_list_2:kConv': 0.95, '0:atom_AtomicNumber_list_3:kConv': 1.0, '0:atom_AtomicNumber_list_4:kConv': 0.95, '0:atom_MorganHash:kDelta': 0.75, '0:atom_Ring_count:kDelta': 0.8, '0:atom_RingSize_list:kConv': 0.9, '0:atom_Hcount:kDelta': 0.85, '0:atom_AtomicNumber_count_1:kDelta': 0.9, '0:atom_AtomicNumber_count_2:kDelta': 0.85, '0:atom_Chiral:kDelta': 0.9, '0:bond_Order:kDelta': 0.8, '0:bond_Stereo:kDelta': 0.8, '0:bond_RingStereo:kDelta': 0.9, '0:q:q': 0.22, '1:atom_AtomicNumber:kDelta': 0.9, '1:atom_AtomicNumber_list_1:kConv': 0.75, '1:atom_AtomicNumber_list_2:kConv': 0.9, '1:atom_AtomicNumber_list_3:kConv': 0.95, '1:atom_AtomicNumber_list_4:kConv': 1.0, '1:atom_MorganHash:kDelta': 0.75, '1:atom_Ring_count:kDelta': 0.85, '1:atom_RingSize_list:kConv': 0.85, '1:atom_Hcount:kDelta': 1.0, '1:atom_AtomicNumber_count_1:kDelta': 0.9, '1:atom_AtomicNumber_count_2:kDelta': 0.95, '1:atom_Chiral:kDelta': 0.85, '1:bond_Order:kDelta': 0.75, '1:bond_Stereo:kDelta': 0.9, '1:bond_RingStereo:kDelta': 1.0, '1:q:q': 0.17, '2:features_kernel:Matern32': 2109.1, '3:features_kernel:Matern32': 3733.1, '4:features_kernel:Matern32': 3613.1, '5:features_kernel:Matern32': 4007.1, '6:features_kernel:Matern32': 1980.1, '7:features_kernel:Matern32': 9443.1, '8:features_kernel:Matern32': 6523.1, '9:features_kernel:Matern32': 7222.1, '10:features_kernel:Matern32': 1687.1, '11:features_kernel:Matern32': 7051.1, '12:features_kernel:Matern32': 4467.1, '13:features_kernel:Matern32': 7541.1, '14:features_kernel:Matern32': 3132.1, 'alpha': 0.025}. Best is trial 32 with value: 2.049921421984249.
/gpfs_common/share03/ddomlab/sdehgha2/working_space/GP_collab/code_python/training/MGK_and_tools/mgktools/mgktools/kernels/base.py:225: UserWarning: The distribution is specified by [0.1, 10000] and step=1, but the range is not divisible by `step`. It will be replaced with [0.1, 9999.1].
  self.unique_name: trial.suggest_float(
[I 2026-05-03 18:04:45,286] Trial 38 finished with value: 2.2026826357898996 and parameters: {'0:atom_AtomicNumber:kDelta': 0.9, '0:atom_AtomicNumber_list_1:kConv': 0.8, '0:atom_AtomicNumber_list_2:kConv': 0.9, '0:atom_AtomicNumber_list_3:kConv': 1.0, '0:atom_AtomicNumber_list_4:kConv': 0.9, '0:atom_MorganHash:kDelta': 0.75, '0:atom_Ring_count:kDelta': 0.9, '0:atom_RingSize_list:kConv': 0.85, '0:atom_Hcount:kDelta': 0.95, '0:atom_AtomicNumber_count_1:kDelta': 0.95, '0:atom_AtomicNumber_count_2:kDelta': 0.85, '0:atom_Chiral:kDelta': 0.85, '0:bond_Order:kDelta': 0.75, '0:bond_Stereo:kDelta': 0.75, '0:bond_RingStereo:kDelta': 0.8, '0:q:q': 0.17, '1:atom_AtomicNumber:kDelta': 0.95, '1:atom_AtomicNumber_list_1:kConv': 0.85, '1:atom_AtomicNumber_list_2:kConv': 0.85, '1:atom_AtomicNumber_list_3:kConv': 0.8, '1:atom_AtomicNumber_list_4:kConv': 0.95, '1:atom_MorganHash:kDelta': 0.9, '1:atom_Ring_count:kDelta': 0.9, '1:atom_RingSize_list:kConv': 0.85, '1:atom_Hcount:kDelta': 0.9, '1:atom_AtomicNumber_count_1:kDelta': 1.0, '1:atom_AtomicNumber_count_2:kDelta': 1.0, '1:atom_Chiral:kDelta': 0.85, '1:bond_Order:kDelta': 0.75, '1:bond_Stereo:kDelta': 0.95, '1:bond_RingStereo:kDelta': 0.9, '1:q:q': 0.14, '2:features_kernel:Matern32': 4773.1, '3:features_kernel:Matern32': 4156.1, '4:features_kernel:Matern32': 4633.1, '5:features_kernel:Matern32': 4968.1, '6:features_kernel:Matern32': 922.1, '7:features_kernel:Matern32': 6227.1, '8:features_kernel:Matern32': 5558.1, '9:features_kernel:Matern32': 8744.1, '10:features_kernel:Matern32': 1449.1, '11:features_kernel:Matern32': 507.1, '12:features_kernel:Matern32': 3505.1, '13:features_kernel:Matern32': 6442.1, '14:features_kernel:Matern32': 805.1, 'alpha': 0.041}. Best is trial 32 with value: 2.049921421984249.
/gpfs_common/share03/ddomlab/sdehgha2/working_space/GP_collab/code_python/training/MGK_and_tools/mgktools/mgktools/kernels/base.py:225: UserWarning: The distribution is specified by [0.1, 10000] and step=1, but the range is not divisible by `step`. It will be replaced with [0.1, 9999.1].
  self.unique_name: trial.suggest_float(
