[I 2026-05-03 18:05:53,137] Trial 39 finished with value: 2.0592255990801522 and parameters: {'0:atom_AtomicNumber:kDelta': 0.9, '0:atom_AtomicNumber_list_1:kConv': 0.85, '0:atom_AtomicNumber_list_2:kConv': 0.95, '0:atom_AtomicNumber_list_3:kConv': 1.0, '0:atom_AtomicNumber_list_4:kConv': 1.0, '0:atom_MorganHash:kDelta': 0.75, '0:atom_Ring_count:kDelta': 0.75, '0:atom_RingSize_list:kConv': 0.95, '0:atom_Hcount:kDelta': 0.85, '0:atom_AtomicNumber_count_1:kDelta': 0.95, '0:atom_AtomicNumber_count_2:kDelta': 0.8, '0:atom_Chiral:kDelta': 0.9, '0:bond_Order:kDelta': 0.75, '0:bond_Stereo:kDelta': 0.8, '0:bond_RingStereo:kDelta': 0.85, '0:q:q': 0.29000000000000004, '1:atom_AtomicNumber:kDelta': 0.9, '1:atom_AtomicNumber_list_1:kConv': 0.8, '1:atom_AtomicNumber_list_2:kConv': 0.9, '1:atom_AtomicNumber_list_3:kConv': 0.9, '1:atom_AtomicNumber_list_4:kConv': 1.0, '1:atom_MorganHash:kDelta': 0.75, '1:atom_Ring_count:kDelta': 0.85, '1:atom_RingSize_list:kConv': 0.85, '1:atom_Hcount:kDelta': 0.95, '1:atom_AtomicNumber_count_1:kDelta': 1.0, '1:atom_AtomicNumber_count_2:kDelta': 1.0, '1:atom_Chiral:kDelta': 0.9, '1:bond_Order:kDelta': 0.75, '1:bond_Stereo:kDelta': 0.85, '1:bond_RingStereo:kDelta': 1.0, '1:q:q': 0.11, '2:features_kernel:Matern32': 1037.1, '3:features_kernel:Matern32': 2720.1, '4:features_kernel:Matern32': 4098.1, '5:features_kernel:Matern32': 6225.1, '6:features_kernel:Matern32': 3689.1, '7:features_kernel:Matern32': 3803.1, '8:features_kernel:Matern32': 4416.1, '9:features_kernel:Matern32': 6412.1, '10:features_kernel:Matern32': 2268.1, '11:features_kernel:Matern32': 5565.1, '12:features_kernel:Matern32': 5308.1, '13:features_kernel:Matern32': 4428.1, '14:features_kernel:Matern32': 1289.1, 'alpha': 0.008}. Best is trial 32 with value: 2.049921421984249.
/gpfs_common/share03/ddomlab/sdehgha2/working_space/GP_collab/code_python/training/MGK_and_tools/mgktools/mgktools/kernels/base.py:225: UserWarning: The distribution is specified by [0.1, 10000] and step=1, but the range is not divisible by `step`. It will be replaced with [0.1, 9999.1].
  self.unique_name: trial.suggest_float(
[I 2026-05-03 18:07:04,616] Trial 40 finished with value: 2.087421806202128 and parameters: {'0:atom_AtomicNumber:kDelta': 0.9, '0:atom_AtomicNumber_list_1:kConv': 0.85, '0:atom_AtomicNumber_list_2:kConv': 1.0, '0:atom_AtomicNumber_list_3:kConv': 1.0, '0:atom_AtomicNumber_list_4:kConv': 1.0, '0:atom_MorganHash:kDelta': 0.75, '0:atom_Ring_count:kDelta': 0.75, '0:atom_RingSize_list:kConv': 0.9, '0:atom_Hcount:kDelta': 0.85, '0:atom_AtomicNumber_count_1:kDelta': 0.9, '0:atom_AtomicNumber_count_2:kDelta': 0.8, '0:atom_Chiral:kDelta': 0.9, '0:bond_Order:kDelta': 0.85, '0:bond_Stereo:kDelta': 0.8, '0:bond_RingStereo:kDelta': 1.0, '0:q:q': 0.33, '1:atom_AtomicNumber:kDelta': 0.9, '1:atom_AtomicNumber_list_1:kConv': 0.75, '1:atom_AtomicNumber_list_2:kConv': 0.9, '1:atom_AtomicNumber_list_3:kConv': 0.9, '1:atom_AtomicNumber_list_4:kConv': 1.0, '1:atom_MorganHash:kDelta': 0.8, '1:atom_Ring_count:kDelta': 0.85, '1:atom_RingSize_list:kConv': 0.9, '1:atom_Hcount:kDelta': 0.95, '1:atom_AtomicNumber_count_1:kDelta': 1.0, '1:atom_AtomicNumber_count_2:kDelta': 1.0, '1:atom_Chiral:kDelta': 0.85, '1:bond_Order:kDelta': 0.9, '1:bond_Stereo:kDelta': 0.8, '1:bond_RingStereo:kDelta': 1.0, '1:q:q': 0.05, '2:features_kernel:Matern32': 1057.1, '3:features_kernel:Matern32': 3158.1, '4:features_kernel:Matern32': 2679.1, '5:features_kernel:Matern32': 7168.1, '6:features_kernel:Matern32': 2209.1, '7:features_kernel:Matern32': 1855.1, '8:features_kernel:Matern32': 4570.1, '9:features_kernel:Matern32': 6653.1, '10:features_kernel:Matern32': 783.1, '11:features_kernel:Matern32': 2612.1, '12:features_kernel:Matern32': 5344.1, '13:features_kernel:Matern32': 4560.1, '14:features_kernel:Matern32': 1550.1, 'alpha': 0.014000000000000002}. Best is trial 32 with value: 2.049921421984249.
/gpfs_common/share03/ddomlab/sdehgha2/working_space/GP_collab/code_python/training/MGK_and_tools/mgktools/mgktools/kernels/base.py:225: UserWarning: The distribution is specified by [0.1, 10000] and step=1, but the range is not divisible by `step`. It will be replaced with [0.1, 9999.1].
  self.unique_name: trial.suggest_float(
[I 2026-05-03 18:08:18,379] Trial 41 finished with value: 2.1817396955715944 and parameters: {'0:atom_AtomicNumber:kDelta': 0.9, '0:atom_AtomicNumber_list_1:kConv': 0.85, '0:atom_AtomicNumber_list_2:kConv': 0.95, '0:atom_AtomicNumber_list_3:kConv': 1.0, '0:atom_AtomicNumber_list_4:kConv': 1.0, '0:atom_MorganHash:kDelta': 0.75, '0:atom_Ring_count:kDelta': 0.75, '0:atom_RingSize_list:kConv': 0.95, '0:atom_Hcount:kDelta': 0.8, '0:atom_AtomicNumber_count_1:kDelta': 0.95, '0:atom_AtomicNumber_count_2:kDelta': 0.8, '0:atom_Chiral:kDelta': 0.9, '0:bond_Order:kDelta': 0.75, '0:bond_Stereo:kDelta': 0.75, '0:bond_RingStereo:kDelta': 0.85, '0:q:q': 0.29000000000000004, '1:atom_AtomicNumber:kDelta': 0.9, '1:atom_AtomicNumber_list_1:kConv': 0.8, '1:atom_AtomicNumber_list_2:kConv': 0.95, '1:atom_AtomicNumber_list_3:kConv': 0.9, '1:atom_AtomicNumber_list_4:kConv': 1.0, '1:atom_MorganHash:kDelta': 1.0, '1:atom_Ring_count:kDelta': 0.85, '1:atom_RingSize_list:kConv': 0.85, '1:atom_Hcount:kDelta': 1.0, '1:atom_AtomicNumber_count_1:kDelta': 1.0, '1:atom_AtomicNumber_count_2:kDelta': 1.0, '1:atom_Chiral:kDelta': 0.9, '1:bond_Order:kDelta': 0.75, '1:bond_Stereo:kDelta': 0.85, '1:bond_RingStereo:kDelta': 1.0, '1:q:q': 0.11, '2:features_kernel:Matern32': 1847.1, '3:features_kernel:Matern32': 2378.1, '4:features_kernel:Matern32': 4092.1, '5:features_kernel:Matern32': 6169.1, '6:features_kernel:Matern32': 3835.1, '7:features_kernel:Matern32': 3700.1, '8:features_kernel:Matern32': 5387.1, '9:features_kernel:Matern32': 5419.1, '10:features_kernel:Matern32': 2430.1, '11:features_kernel:Matern32': 5497.1, '12:features_kernel:Matern32': 4684.1, '13:features_kernel:Matern32': 4154.1, '14:features_kernel:Matern32': 804.1, 'alpha': 0.007}. Best is trial 32 with value: 2.049921421984249.
[I 2026-05-03 21:31:48,092] A new study created in RDB with name: optuna-study
/gpfs_common/share03/ddomlab/sdehgha2/working_space/GP_collab/code_python/training/MGK_and_tools/mgktools/mgktools/kernels/base.py:225: UserWarning: The distribution is specified by [0.1, 10000] and step=1, but the range is not divisible by `step`. It will be replaced with [0.1, 9999.1].
  self.unique_name: trial.suggest_float(
[I 2026-05-03 21:32:48,403] Trial 0 finished with value: 2.6191738567655793 and parameters: {'0:atom_AtomicNumber:kDelta': 0.95, '0:atom_AtomicNumber_list_1:kConv': 0.8, '0:atom_AtomicNumber_list_2:kConv': 0.95, '0:atom_AtomicNumber_list_3:kConv': 1.0, '0:atom_AtomicNumber_list_4:kConv': 1.0, '0:atom_MorganHash:kDelta': 0.85, '0:atom_Ring_count:kDelta': 0.9, '0:atom_RingSize_list:kConv': 0.95, '0:atom_Hcount:kDelta': 0.9, '0:atom_AtomicNumber_count_1:kDelta': 0.95, '0:atom_AtomicNumber_count_2:kDelta': 0.75, '0:atom_Chiral:kDelta': 0.8, '0:bond_Order:kDelta': 0.75, '0:bond_Stereo:kDelta': 1.0, '0:bond_RingStereo:kDelta': 0.85, '0:q:q': 0.34, '1:atom_AtomicNumber:kDelta': 0.8, '1:atom_AtomicNumber_list_1:kConv': 0.85, '1:atom_AtomicNumber_list_2:kConv': 0.75, '1:atom_AtomicNumber_list_3:kConv': 0.85, '1:atom_AtomicNumber_list_4:kConv': 1.0, '1:atom_MorganHash:kDelta': 0.8, '1:atom_Ring_count:kDelta': 0.8, '1:atom_RingSize_list:kConv': 1.0, '1:atom_Hcount:kDelta': 0.75, '1:atom_AtomicNumber_count_1:kDelta': 0.75, '1:atom_AtomicNumber_count_2:kDelta': 0.9, '1:atom_Chiral:kDelta': 1.0, '1:bond_Order:kDelta': 0.75, '1:bond_Stereo:kDelta': 0.95, '1:bond_RingStereo:kDelta': 0.95, '1:q:q': 0.04, '2:features_kernel:Matern32': 6564.1, '3:features_kernel:Matern32': 5092.1, '4:features_kernel:Matern32': 4798.1, '5:features_kernel:Matern32': 9555.1, '6:features_kernel:Matern32': 0.1, '7:features_kernel:Matern32': 2469.1, '8:features_kernel:Matern32': 7122.1, '9:features_kernel:Matern32': 3245.1, '10:features_kernel:Matern32': 2769.1, '11:features_kernel:Matern32': 6954.1, '12:features_kernel:Matern32': 9185.1, '13:features_kernel:Matern32': 2444.1, '14:features_kernel:Matern32': 4580.1, 'alpha': 0.026000000000000002}. Best is trial 0 with value: 2.6191738567655793.
/gpfs_common/share03/ddomlab/sdehgha2/working_space/GP_collab/code_python/training/MGK_and_tools/mgktools/mgktools/kernels/base.py:225: UserWarning: The distribution is specified by [0.1, 10000] and step=1, but the range is not divisible by `step`. It will be replaced with [0.1, 9999.1].
  self.unique_name: trial.suggest_float(
[I 2026-05-03 21:33:53,000] Trial 1 finished with value: 2.2799212763663017 and parameters: {'0:atom_AtomicNumber:kDelta': 0.85, '0:atom_AtomicNumber_list_1:kConv': 0.9, '0:atom_AtomicNumber_list_2:kConv': 0.95, '0:atom_AtomicNumber_list_3:kConv': 0.75, '0:atom_AtomicNumber_list_4:kConv': 0.95, '0:atom_MorganHash:kDelta': 0.9, '0:atom_Ring_count:kDelta': 0.75, '0:atom_RingSize_list:kConv': 0.75, '0:atom_Hcount:kDelta': 0.8, '0:atom_AtomicNumber_count_1:kDelta': 0.75, '0:atom_AtomicNumber_count_2:kDelta': 1.0, '0:atom_Chiral:kDelta': 0.95, '0:bond_Order:kDelta': 0.8, '0:bond_Stereo:kDelta': 0.9, '0:bond_RingStereo:kDelta': 0.9, '0:q:q': 0.04, '1:atom_AtomicNumber:kDelta': 1.0, '1:atom_AtomicNumber_list_1:kConv': 0.85, '1:atom_AtomicNumber_list_2:kConv': 0.75, '1:atom_AtomicNumber_list_3:kConv': 0.8, '1:atom_AtomicNumber_list_4:kConv': 0.85, '1:atom_MorganHash:kDelta': 0.95, '1:atom_Ring_count:kDelta': 1.0, '1:atom_RingSize_list:kConv': 1.0, '1:atom_Hcount:kDelta': 0.85, '1:atom_AtomicNumber_count_1:kDelta': 0.75, '1:atom_AtomicNumber_count_2:kDelta': 1.0, '1:atom_Chiral:kDelta': 0.85, '1:bond_Order:kDelta': 0.8, '1:bond_Stereo:kDelta': 1.0, '1:bond_RingStereo:kDelta': 0.75, '1:q:q': 0.12, '2:features_kernel:Matern32': 5953.1, '3:features_kernel:Matern32': 5639.1, '4:features_kernel:Matern32': 9589.1, '5:features_kernel:Matern32': 4532.1, '6:features_kernel:Matern32': 1289.1, '7:features_kernel:Matern32': 7605.1, '8:features_kernel:Matern32': 2016.1, '9:features_kernel:Matern32': 1757.1, '10:features_kernel:Matern32': 4371.1, '11:features_kernel:Matern32': 3402.1, '12:features_kernel:Matern32': 9672.1, '13:features_kernel:Matern32': 1430.1, '14:features_kernel:Matern32': 8445.1, 'alpha': 0.067}. Best is trial 1 with value: 2.2799212763663017.
/gpfs_common/share03/ddomlab/sdehgha2/working_space/GP_collab/code_python/training/MGK_and_tools/mgktools/mgktools/kernels/base.py:225: UserWarning: The distribution is specified by [0.1, 10000] and step=1, but the range is not divisible by `step`. It will be replaced with [0.1, 9999.1].
  self.unique_name: trial.suggest_float(
[I 2026-05-03 21:34:50,614] Trial 2 finished with value: 2.194768329160292 and parameters: {'0:atom_AtomicNumber:kDelta': 0.75, '0:atom_AtomicNumber_list_1:kConv': 0.75, '0:atom_AtomicNumber_list_2:kConv': 1.0, '0:atom_AtomicNumber_list_3:kConv': 0.8, '0:atom_AtomicNumber_list_4:kConv': 0.75, '0:atom_MorganHash:kDelta': 0.8, '0:atom_Ring_count:kDelta': 0.9, '0:atom_RingSize_list:kConv': 0.9, '0:atom_Hcount:kDelta': 0.95, '0:atom_AtomicNumber_count_1:kDelta': 1.0, '0:atom_AtomicNumber_count_2:kDelta': 0.8, '0:atom_Chiral:kDelta': 0.8, '0:bond_Order:kDelta': 1.0, '0:bond_Stereo:kDelta': 0.8, '0:bond_RingStereo:kDelta': 0.95, '0:q:q': 0.08, '1:atom_AtomicNumber:kDelta': 0.8, '1:atom_AtomicNumber_list_1:kConv': 0.75, '1:atom_AtomicNumber_list_2:kConv': 0.95, '1:atom_AtomicNumber_list_3:kConv': 0.8, '1:atom_AtomicNumber_list_4:kConv': 0.75, '1:atom_MorganHash:kDelta': 0.8, '1:atom_Ring_count:kDelta': 0.8, '1:atom_RingSize_list:kConv': 0.75, '1:atom_Hcount:kDelta': 0.8, '1:atom_AtomicNumber_count_1:kDelta': 0.95, '1:atom_AtomicNumber_count_2:kDelta': 0.95, '1:atom_Chiral:kDelta': 0.8, '1:bond_Order:kDelta': 0.9, '1:bond_Stereo:kDelta': 1.0, '1:bond_RingStereo:kDelta': 0.9, '1:q:q': 0.19, '2:features_kernel:Matern32': 132.1, '3:features_kernel:Matern32': 8293.1, '4:features_kernel:Matern32': 8165.1, '5:features_kernel:Matern32': 797.1, '6:features_kernel:Matern32': 1716.1, '7:features_kernel:Matern32': 8381.1, '8:features_kernel:Matern32': 5641.1, '9:features_kernel:Matern32': 3497.1, '10:features_kernel:Matern32': 1450.1, '11:features_kernel:Matern32': 985.1, '12:features_kernel:Matern32': 5601.1, '13:features_kernel:Matern32': 7100.1, '14:features_kernel:Matern32': 9508.1, 'alpha': 0.075}. Best is trial 2 with value: 2.194768329160292.
/gpfs_common/share03/ddomlab/sdehgha2/working_space/GP_collab/code_python/training/MGK_and_tools/mgktools/mgktools/kernels/base.py:225: UserWarning: The distribution is specified by [0.1, 10000] and step=1, but the range is not divisible by `step`. It will be replaced with [0.1, 9999.1].
  self.unique_name: trial.suggest_float(
[I 2026-05-03 21:35:45,551] Trial 3 finished with value: 2.1374994157380893 and parameters: {'0:atom_AtomicNumber:kDelta': 0.85, '0:atom_AtomicNumber_list_1:kConv': 0.95, '0:atom_AtomicNumber_list_2:kConv': 0.75, '0:atom_AtomicNumber_list_3:kConv': 0.9, '0:atom_AtomicNumber_list_4:kConv': 0.95, '0:atom_MorganHash:kDelta': 0.75, '0:atom_Ring_count:kDelta': 0.85, '0:atom_RingSize_list:kConv': 0.75, '0:atom_Hcount:kDelta': 0.8, '0:atom_AtomicNumber_count_1:kDelta': 0.8, '0:atom_AtomicNumber_count_2:kDelta': 0.8, '0:atom_Chiral:kDelta': 0.75, '0:bond_Order:kDelta': 0.95, '0:bond_Stereo:kDelta': 0.75, '0:bond_RingStereo:kDelta': 0.9, '0:q:q': 0.09, '1:atom_AtomicNumber:kDelta': 0.9, '1:atom_AtomicNumber_list_1:kConv': 0.8, '1:atom_AtomicNumber_list_2:kConv': 0.85, '1:atom_AtomicNumber_list_3:kConv': 0.9, '1:atom_AtomicNumber_list_4:kConv': 0.75, '1:atom_MorganHash:kDelta': 0.75, '1:atom_Ring_count:kDelta': 1.0, '1:atom_RingSize_list:kConv': 0.85, '1:atom_Hcount:kDelta': 0.8, '1:atom_AtomicNumber_count_1:kDelta': 0.95, '1:atom_AtomicNumber_count_2:kDelta': 1.0, '1:atom_Chiral:kDelta': 0.95, '1:bond_Order:kDelta': 0.95, '1:bond_Stereo:kDelta': 0.75, '1:bond_RingStereo:kDelta': 1.0, '1:q:q': 0.29000000000000004, '2:features_kernel:Matern32': 9002.1, '3:features_kernel:Matern32': 5635.1, '4:features_kernel:Matern32': 98.1, '5:features_kernel:Matern32': 9942.1, '6:features_kernel:Matern32': 1323.1, '7:features_kernel:Matern32': 6926.1, '8:features_kernel:Matern32': 3342.1, '9:features_kernel:Matern32': 1802.1, '10:features_kernel:Matern32': 1405.1, '11:features_kernel:Matern32': 6692.1, '12:features_kernel:Matern32': 3038.1, '13:features_kernel:Matern32': 6136.1, '14:features_kernel:Matern32': 9355.1, 'alpha': 0.021}. Best is trial 3 with value: 2.1374994157380893.
/gpfs_common/share03/ddomlab/sdehgha2/working_space/GP_collab/code_python/training/MGK_and_tools/mgktools/mgktools/kernels/base.py:225: UserWarning: The distribution is specified by [0.1, 10000] and step=1, but the range is not divisible by `step`. It will be replaced with [0.1, 9999.1].
  self.unique_name: trial.suggest_float(
[I 2026-05-03 21:36:40,971] Trial 4 finished with value: 2.280921991684823 and parameters: {'0:atom_AtomicNumber:kDelta': 0.75, '0:atom_AtomicNumber_list_1:kConv': 0.85, '0:atom_AtomicNumber_list_2:kConv': 0.95, '0:atom_AtomicNumber_list_3:kConv': 1.0, '0:atom_AtomicNumber_list_4:kConv': 0.75, '0:atom_MorganHash:kDelta': 0.85, '0:atom_Ring_count:kDelta': 0.8, '0:atom_RingSize_list:kConv': 0.8, '0:atom_Hcount:kDelta': 0.8, '0:atom_AtomicNumber_count_1:kDelta': 0.95, '0:atom_AtomicNumber_count_2:kDelta': 0.75, '0:atom_Chiral:kDelta': 1.0, '0:bond_Order:kDelta': 1.0, '0:bond_Stereo:kDelta': 0.95, '0:bond_RingStereo:kDelta': 0.8, '0:q:q': 0.09, '1:atom_AtomicNumber:kDelta': 1.0, '1:atom_AtomicNumber_list_1:kConv': 0.75, '1:atom_AtomicNumber_list_2:kConv': 0.85, '1:atom_AtomicNumber_list_3:kConv': 0.85, '1:atom_AtomicNumber_list_4:kConv': 0.75, '1:atom_MorganHash:kDelta': 1.0, '1:atom_Ring_count:kDelta': 0.8, '1:atom_RingSize_list:kConv': 0.95, '1:atom_Hcount:kDelta': 1.0, '1:atom_AtomicNumber_count_1:kDelta': 0.95, '1:atom_AtomicNumber_count_2:kDelta': 0.75, '1:atom_Chiral:kDelta': 0.95, '1:bond_Order:kDelta': 0.8, '1:bond_Stereo:kDelta': 1.0, '1:bond_RingStereo:kDelta': 0.75, '1:q:q': 0.33, '2:features_kernel:Matern32': 6134.1, '3:features_kernel:Matern32': 4800.1, '4:features_kernel:Matern32': 1651.1, '5:features_kernel:Matern32': 2519.1, '6:features_kernel:Matern32': 7304.1, '7:features_kernel:Matern32': 9587.1, '8:features_kernel:Matern32': 9258.1, '9:features_kernel:Matern32': 7373.1, '10:features_kernel:Matern32': 2336.1, '11:features_kernel:Matern32': 7645.1, '12:features_kernel:Matern32': 2973.1, '13:features_kernel:Matern32': 2813.1, '14:features_kernel:Matern32': 7674.1, 'alpha': 0.069}. Best is trial 3 with value: 2.1374994157380893.
/gpfs_common/share03/ddomlab/sdehgha2/working_space/GP_collab/code_python/training/MGK_and_tools/mgktools/mgktools/kernels/base.py:225: UserWarning: The distribution is specified by [0.1, 10000] and step=1, but the range is not divisible by `step`. It will be replaced with [0.1, 9999.1].
  self.unique_name: trial.suggest_float(
[I 2026-05-03 21:37:29,705] Trial 5 finished with value: 2.184137382576001 and parameters: {'0:atom_AtomicNumber:kDelta': 0.8, '0:atom_AtomicNumber_list_1:kConv': 0.75, '0:atom_AtomicNumber_list_2:kConv': 0.75, '0:atom_AtomicNumber_list_3:kConv': 0.85, '0:atom_AtomicNumber_list_4:kConv': 0.95, '0:atom_MorganHash:kDelta': 0.8, '0:atom_Ring_count:kDelta': 0.9, '0:atom_RingSize_list:kConv': 0.8, '0:atom_Hcount:kDelta': 0.8, '0:atom_AtomicNumber_count_1:kDelta': 0.95, '0:atom_AtomicNumber_count_2:kDelta': 0.9, '0:atom_Chiral:kDelta': 1.0, '0:bond_Order:kDelta': 0.95, '0:bond_Stereo:kDelta': 0.8, '0:bond_RingStereo:kDelta': 0.75, '0:q:q': 0.33, '1:atom_AtomicNumber:kDelta': 1.0, '1:atom_AtomicNumber_list_1:kConv': 1.0, '1:atom_AtomicNumber_list_2:kConv': 0.75, '1:atom_AtomicNumber_list_3:kConv': 0.75, '1:atom_AtomicNumber_list_4:kConv': 0.8, '1:atom_MorganHash:kDelta': 0.8, '1:atom_Ring_count:kDelta': 0.8, '1:atom_RingSize_list:kConv': 0.75, '1:atom_Hcount:kDelta': 0.85, '1:atom_AtomicNumber_count_1:kDelta': 1.0, '1:atom_AtomicNumber_count_2:kDelta': 0.75, '1:atom_Chiral:kDelta': 0.95, '1:bond_Order:kDelta': 0.75, '1:bond_Stereo:kDelta': 0.75, '1:bond_RingStereo:kDelta': 0.85, '1:q:q': 0.49, '2:features_kernel:Matern32': 2167.1, '3:features_kernel:Matern32': 9480.1, '4:features_kernel:Matern32': 430.1, '5:features_kernel:Matern32': 8881.1, '6:features_kernel:Matern32': 5653.1, '7:features_kernel:Matern32': 8222.1, '8:features_kernel:Matern32': 4818.1, '9:features_kernel:Matern32': 2514.1, '10:features_kernel:Matern32': 8441.1, '11:features_kernel:Matern32': 3409.1, '12:features_kernel:Matern32': 7303.1, '13:features_kernel:Matern32': 9551.1, '14:features_kernel:Matern32': 9149.1, 'alpha': 0.051000000000000004}. Best is trial 3 with value: 2.1374994157380893.
/gpfs_common/share03/ddomlab/sdehgha2/working_space/GP_collab/code_python/training/MGK_and_tools/mgktools/mgktools/kernels/base.py:225: UserWarning: The distribution is specified by [0.1, 10000] and step=1, but the range is not divisible by `step`. It will be replaced with [0.1, 9999.1].
  self.unique_name: trial.suggest_float(
[I 2026-05-03 21:38:23,293] Trial 6 finished with value: 2.1868854847822217 and parameters: {'0:atom_AtomicNumber:kDelta': 0.8, '0:atom_AtomicNumber_list_1:kConv': 0.95, '0:atom_AtomicNumber_list_2:kConv': 0.75, '0:atom_AtomicNumber_list_3:kConv': 1.0, '0:atom_AtomicNumber_list_4:kConv': 0.9, '0:atom_MorganHash:kDelta': 0.75, '0:atom_Ring_count:kDelta': 0.9, '0:atom_RingSize_list:kConv': 0.85, '0:atom_Hcount:kDelta': 0.8, '0:atom_AtomicNumber_count_1:kDelta': 0.9, '0:atom_AtomicNumber_count_2:kDelta': 0.75, '0:atom_Chiral:kDelta': 0.8, '0:bond_Order:kDelta': 0.9, '0:bond_Stereo:kDelta': 0.8, '0:bond_RingStereo:kDelta': 0.8, '0:q:q': 0.22, '1:atom_AtomicNumber:kDelta': 0.75, '1:atom_AtomicNumber_list_1:kConv': 0.8, '1:atom_AtomicNumber_list_2:kConv': 0.75, '1:atom_AtomicNumber_list_3:kConv': 0.95, '1:atom_AtomicNumber_list_4:kConv': 0.9, '1:atom_MorganHash:kDelta': 0.8, '1:atom_Ring_count:kDelta': 0.95, '1:atom_RingSize_list:kConv': 0.75, '1:atom_Hcount:kDelta': 1.0, '1:atom_AtomicNumber_count_1:kDelta': 0.85, '1:atom_AtomicNumber_count_2:kDelta': 0.9, '1:atom_Chiral:kDelta': 0.8, '1:bond_Order:kDelta': 0.8, '1:bond_Stereo:kDelta': 0.8, '1:bond_RingStereo:kDelta': 0.85, '1:q:q': 0.29000000000000004, '2:features_kernel:Matern32': 307.1, '3:features_kernel:Matern32': 3857.1, '4:features_kernel:Matern32': 3412.1, '5:features_kernel:Matern32': 6298.1, '6:features_kernel:Matern32': 8685.1, '7:features_kernel:Matern32': 7726.1, '8:features_kernel:Matern32': 9913.1, '9:features_kernel:Matern32': 4159.1, '10:features_kernel:Matern32': 2146.1, '11:features_kernel:Matern32': 9218.1, '12:features_kernel:Matern32': 8144.1, '13:features_kernel:Matern32': 9138.1, '14:features_kernel:Matern32': 2107.1, 'alpha': 0.047}. Best is trial 3 with value: 2.1374994157380893.
/gpfs_common/share03/ddomlab/sdehgha2/working_space/GP_collab/code_python/training/MGK_and_tools/mgktools/mgktools/kernels/base.py:225: UserWarning: The distribution is specified by [0.1, 10000] and step=1, but the range is not divisible by `step`. It will be replaced with [0.1, 9999.1].
  self.unique_name: trial.suggest_float(
