[Parallel(n_jobs=8)]: Using backend LokyBackend with 8 concurrent workers.
[Parallel(n_jobs=8)]: Done  34 tasks      | elapsed:   22.3s
[Parallel(n_jobs=8)]: Done 558 out of 558 | elapsed:   22.3s finished
[Parallel(n_jobs=4)]: Using backend LokyBackend with 4 concurrent workers.
[Parallel(n_jobs=4)]: Done  42 tasks      | elapsed:    5.2s
[Parallel(n_jobs=4)]: Done 192 tasks      | elapsed:   18.2s
[Parallel(n_jobs=4)]: Done 404 out of 404 | elapsed:   42.0s finished
[I 2026-05-03 17:23:04,147] A new study created in RDB with name: optuna-study
/gpfs_common/share03/ddomlab/sdehgha2/working_space/GP_collab/code_python/training/MGK_and_tools/mgktools/mgktools/kernels/base.py:225: UserWarning: The distribution is specified by [0.1, 10000] and step=1, but the range is not divisible by `step`. It will be replaced with [0.1, 9999.1].
  self.unique_name: trial.suggest_float(
[I 2026-05-03 17:23:52,874] Trial 0 finished with value: 2.236927353405539 and parameters: {'0:atom_AtomicNumber:kDelta': 1.0, '0:atom_AtomicNumber_list_1:kConv': 0.8, '0:atom_AtomicNumber_list_2:kConv': 0.95, '0:atom_AtomicNumber_list_3:kConv': 0.75, '0:atom_AtomicNumber_list_4:kConv': 0.75, '0:atom_MorganHash:kDelta': 0.9, '0:atom_Ring_count:kDelta': 0.9, '0:atom_RingSize_list:kConv': 0.85, '0:atom_Hcount:kDelta': 0.85, '0:atom_AtomicNumber_count_1:kDelta': 0.9, '0:atom_AtomicNumber_count_2:kDelta': 0.85, '0:atom_Chiral:kDelta': 0.95, '0:bond_Order:kDelta': 0.9, '0:bond_Stereo:kDelta': 0.9, '0:bond_RingStereo:kDelta': 0.9, '0:q:q': 0.5, '1:atom_AtomicNumber:kDelta': 0.95, '1:atom_AtomicNumber_list_1:kConv': 0.85, '1:atom_AtomicNumber_list_2:kConv': 1.0, '1:atom_AtomicNumber_list_3:kConv': 0.95, '1:atom_AtomicNumber_list_4:kConv': 0.75, '1:atom_MorganHash:kDelta': 0.95, '1:atom_Ring_count:kDelta': 0.95, '1:atom_RingSize_list:kConv': 0.95, '1:atom_Hcount:kDelta': 0.95, '1:atom_AtomicNumber_count_1:kDelta': 0.9, '1:atom_AtomicNumber_count_2:kDelta': 0.75, '1:atom_Chiral:kDelta': 1.0, '1:bond_Order:kDelta': 0.85, '1:bond_Stereo:kDelta': 0.8, '1:bond_RingStereo:kDelta': 0.95, '1:q:q': 0.5, '2:features_kernel:Matern32': 2556.1, '3:features_kernel:Matern32': 6713.1, '4:features_kernel:Matern32': 5990.1, '5:features_kernel:Matern32': 7173.1, '6:features_kernel:Matern32': 9373.1, '7:features_kernel:Matern32': 3518.1, '8:features_kernel:Matern32': 2536.1, '9:features_kernel:Matern32': 4024.1, '10:features_kernel:Matern32': 7465.1, '11:features_kernel:Matern32': 7240.1, '12:features_kernel:Matern32': 4061.1, '13:features_kernel:Matern32': 9893.1, '14:features_kernel:Matern32': 4504.1, 'alpha': 0.038}. Best is trial 0 with value: 2.236927353405539.
/gpfs_common/share03/ddomlab/sdehgha2/working_space/GP_collab/code_python/training/MGK_and_tools/mgktools/mgktools/kernels/base.py:225: UserWarning: The distribution is specified by [0.1, 10000] and step=1, but the range is not divisible by `step`. It will be replaced with [0.1, 9999.1].
  self.unique_name: trial.suggest_float(
[I 2026-05-03 17:24:44,909] Trial 1 finished with value: 2.237996247955342 and parameters: {'0:atom_AtomicNumber:kDelta': 0.95, '0:atom_AtomicNumber_list_1:kConv': 0.75, '0:atom_AtomicNumber_list_2:kConv': 0.85, '0:atom_AtomicNumber_list_3:kConv': 0.95, '0:atom_AtomicNumber_list_4:kConv': 0.95, '0:atom_MorganHash:kDelta': 0.8, '0:atom_Ring_count:kDelta': 0.8, '0:atom_RingSize_list:kConv': 0.85, '0:atom_Hcount:kDelta': 0.85, '0:atom_AtomicNumber_count_1:kDelta': 0.95, '0:atom_AtomicNumber_count_2:kDelta': 0.8, '0:atom_Chiral:kDelta': 0.8, '0:bond_Order:kDelta': 1.0, '0:bond_Stereo:kDelta': 0.9, '0:bond_RingStereo:kDelta': 1.0, '0:q:q': 0.49, '1:atom_AtomicNumber:kDelta': 1.0, '1:atom_AtomicNumber_list_1:kConv': 0.8, '1:atom_AtomicNumber_list_2:kConv': 0.9, '1:atom_AtomicNumber_list_3:kConv': 0.85, '1:atom_AtomicNumber_list_4:kConv': 0.85, '1:atom_MorganHash:kDelta': 0.95, '1:atom_Ring_count:kDelta': 0.95, '1:atom_RingSize_list:kConv': 0.95, '1:atom_Hcount:kDelta': 0.75, '1:atom_AtomicNumber_count_1:kDelta': 0.95, '1:atom_AtomicNumber_count_2:kDelta': 0.75, '1:atom_Chiral:kDelta': 0.8, '1:bond_Order:kDelta': 1.0, '1:bond_Stereo:kDelta': 0.85, '1:bond_RingStereo:kDelta': 0.75, '1:q:q': 0.35000000000000003, '2:features_kernel:Matern32': 1634.1, '3:features_kernel:Matern32': 6482.1, '4:features_kernel:Matern32': 2516.1, '5:features_kernel:Matern32': 413.1, '6:features_kernel:Matern32': 9587.1, '7:features_kernel:Matern32': 662.1, '8:features_kernel:Matern32': 5129.1, '9:features_kernel:Matern32': 3412.1, '10:features_kernel:Matern32': 6600.1, '11:features_kernel:Matern32': 8444.1, '12:features_kernel:Matern32': 6038.1, '13:features_kernel:Matern32': 5872.1, '14:features_kernel:Matern32': 1170.1, 'alpha': 0.07200000000000001}. Best is trial 0 with value: 2.236927353405539.
/gpfs_common/share03/ddomlab/sdehgha2/working_space/GP_collab/code_python/training/MGK_and_tools/mgktools/mgktools/kernels/base.py:225: UserWarning: The distribution is specified by [0.1, 10000] and step=1, but the range is not divisible by `step`. It will be replaced with [0.1, 9999.1].
  self.unique_name: trial.suggest_float(
[I 2026-05-03 17:25:38,832] Trial 2 finished with value: 2.2118457512214116 and parameters: {'0:atom_AtomicNumber:kDelta': 0.8, '0:atom_AtomicNumber_list_1:kConv': 0.85, '0:atom_AtomicNumber_list_2:kConv': 0.75, '0:atom_AtomicNumber_list_3:kConv': 0.8, '0:atom_AtomicNumber_list_4:kConv': 1.0, '0:atom_MorganHash:kDelta': 0.9, '0:atom_Ring_count:kDelta': 0.9, '0:atom_RingSize_list:kConv': 0.85, '0:atom_Hcount:kDelta': 0.95, '0:atom_AtomicNumber_count_1:kDelta': 0.8, '0:atom_AtomicNumber_count_2:kDelta': 0.75, '0:atom_Chiral:kDelta': 0.9, '0:bond_Order:kDelta': 0.8, '0:bond_Stereo:kDelta': 0.95, '0:bond_RingStereo:kDelta': 0.8, '0:q:q': 0.4, '1:atom_AtomicNumber:kDelta': 0.9, '1:atom_AtomicNumber_list_1:kConv': 0.75, '1:atom_AtomicNumber_list_2:kConv': 0.9, '1:atom_AtomicNumber_list_3:kConv': 0.95, '1:atom_AtomicNumber_list_4:kConv': 1.0, '1:atom_MorganHash:kDelta': 0.95, '1:atom_Ring_count:kDelta': 0.95, '1:atom_RingSize_list:kConv': 0.85, '1:atom_Hcount:kDelta': 0.75, '1:atom_AtomicNumber_count_1:kDelta': 0.95, '1:atom_AtomicNumber_count_2:kDelta': 0.75, '1:atom_Chiral:kDelta': 0.9, '1:bond_Order:kDelta': 0.9, '1:bond_Stereo:kDelta': 0.75, '1:bond_RingStereo:kDelta': 0.75, '1:q:q': 0.29000000000000004, '2:features_kernel:Matern32': 4854.1, '3:features_kernel:Matern32': 3014.1, '4:features_kernel:Matern32': 397.1, '5:features_kernel:Matern32': 6338.1, '6:features_kernel:Matern32': 1243.1, '7:features_kernel:Matern32': 116.1, '8:features_kernel:Matern32': 2766.1, '9:features_kernel:Matern32': 3015.1, '10:features_kernel:Matern32': 1803.1, '11:features_kernel:Matern32': 669.1, '12:features_kernel:Matern32': 7792.1, '13:features_kernel:Matern32': 4007.1, '14:features_kernel:Matern32': 2458.1, 'alpha': 0.053000000000000005}. Best is trial 2 with value: 2.2118457512214116.
/gpfs_common/share03/ddomlab/sdehgha2/working_space/GP_collab/code_python/training/MGK_and_tools/mgktools/mgktools/kernels/base.py:225: UserWarning: The distribution is specified by [0.1, 10000] and step=1, but the range is not divisible by `step`. It will be replaced with [0.1, 9999.1].
  self.unique_name: trial.suggest_float(
[I 2026-05-03 17:26:37,929] Trial 3 finished with value: 2.06506492907805 and parameters: {'0:atom_AtomicNumber:kDelta': 0.8, '0:atom_AtomicNumber_list_1:kConv': 1.0, '0:atom_AtomicNumber_list_2:kConv': 0.85, '0:atom_AtomicNumber_list_3:kConv': 0.9, '0:atom_AtomicNumber_list_4:kConv': 1.0, '0:atom_MorganHash:kDelta': 0.85, '0:atom_Ring_count:kDelta': 0.8, '0:atom_RingSize_list:kConv': 1.0, '0:atom_Hcount:kDelta': 0.9, '0:atom_AtomicNumber_count_1:kDelta': 1.0, '0:atom_AtomicNumber_count_2:kDelta': 1.0, '0:atom_Chiral:kDelta': 0.95, '0:bond_Order:kDelta': 0.75, '0:bond_Stereo:kDelta': 0.9, '0:bond_RingStereo:kDelta': 0.8, '0:q:q': 0.06999999999999999, '1:atom_AtomicNumber:kDelta': 0.85, '1:atom_AtomicNumber_list_1:kConv': 0.8, '1:atom_AtomicNumber_list_2:kConv': 0.95, '1:atom_AtomicNumber_list_3:kConv': 1.0, '1:atom_AtomicNumber_list_4:kConv': 0.75, '1:atom_MorganHash:kDelta': 0.8, '1:atom_Ring_count:kDelta': 0.8, '1:atom_RingSize_list:kConv': 0.75, '1:atom_Hcount:kDelta': 1.0, '1:atom_AtomicNumber_count_1:kDelta': 0.8, '1:atom_AtomicNumber_count_2:kDelta': 0.85, '1:atom_Chiral:kDelta': 0.75, '1:bond_Order:kDelta': 0.8, '1:bond_Stereo:kDelta': 1.0, '1:bond_RingStereo:kDelta': 1.0, '1:q:q': 0.33, '2:features_kernel:Matern32': 2968.1, '3:features_kernel:Matern32': 593.1, '4:features_kernel:Matern32': 8644.1, '5:features_kernel:Matern32': 1551.1, '6:features_kernel:Matern32': 2695.1, '7:features_kernel:Matern32': 5482.1, '8:features_kernel:Matern32': 2522.1, '9:features_kernel:Matern32': 8446.1, '10:features_kernel:Matern32': 5022.1, '11:features_kernel:Matern32': 4846.1, '12:features_kernel:Matern32': 9052.1, '13:features_kernel:Matern32': 9152.1, '14:features_kernel:Matern32': 2416.1, 'alpha': 0.002}. Best is trial 3 with value: 2.06506492907805.
/gpfs_common/share03/ddomlab/sdehgha2/working_space/GP_collab/code_python/training/MGK_and_tools/mgktools/mgktools/kernels/base.py:225: UserWarning: The distribution is specified by [0.1, 10000] and step=1, but the range is not divisible by `step`. It will be replaced with [0.1, 9999.1].
  self.unique_name: trial.suggest_float(
[I 2026-05-03 17:27:35,366] Trial 4 finished with value: 2.2757686666260954 and parameters: {'0:atom_AtomicNumber:kDelta': 0.95, '0:atom_AtomicNumber_list_1:kConv': 0.8, '0:atom_AtomicNumber_list_2:kConv': 0.75, '0:atom_AtomicNumber_list_3:kConv': 0.75, '0:atom_AtomicNumber_list_4:kConv': 0.85, '0:atom_MorganHash:kDelta': 0.75, '0:atom_Ring_count:kDelta': 0.8, '0:atom_RingSize_list:kConv': 0.95, '0:atom_Hcount:kDelta': 0.85, '0:atom_AtomicNumber_count_1:kDelta': 0.75, '0:atom_AtomicNumber_count_2:kDelta': 0.8, '0:atom_Chiral:kDelta': 1.0, '0:bond_Order:kDelta': 0.75, '0:bond_Stereo:kDelta': 0.9, '0:bond_RingStereo:kDelta': 0.9, '0:q:q': 0.35000000000000003, '1:atom_AtomicNumber:kDelta': 0.9, '1:atom_AtomicNumber_list_1:kConv': 0.95, '1:atom_AtomicNumber_list_2:kConv': 0.95, '1:atom_AtomicNumber_list_3:kConv': 0.9, '1:atom_AtomicNumber_list_4:kConv': 0.8, '1:atom_MorganHash:kDelta': 0.95, '1:atom_Ring_count:kDelta': 0.8, '1:atom_RingSize_list:kConv': 1.0, '1:atom_Hcount:kDelta': 0.9, '1:atom_AtomicNumber_count_1:kDelta': 0.75, '1:atom_AtomicNumber_count_2:kDelta': 1.0, '1:atom_Chiral:kDelta': 0.85, '1:bond_Order:kDelta': 1.0, '1:bond_Stereo:kDelta': 0.75, '1:bond_RingStereo:kDelta': 0.75, '1:q:q': 0.38, '2:features_kernel:Matern32': 417.1, '3:features_kernel:Matern32': 4515.1, '4:features_kernel:Matern32': 8160.1, '5:features_kernel:Matern32': 4191.1, '6:features_kernel:Matern32': 1899.1, '7:features_kernel:Matern32': 8434.1, '8:features_kernel:Matern32': 1072.1, '9:features_kernel:Matern32': 2880.1, '10:features_kernel:Matern32': 2169.1, '11:features_kernel:Matern32': 4642.1, '12:features_kernel:Matern32': 3195.1, '13:features_kernel:Matern32': 9090.1, '14:features_kernel:Matern32': 7856.1, 'alpha': 0.07100000000000001}. Best is trial 3 with value: 2.06506492907805.
/gpfs_common/share03/ddomlab/sdehgha2/working_space/GP_collab/code_python/training/MGK_and_tools/mgktools/mgktools/kernels/base.py:225: UserWarning: The distribution is specified by [0.1, 10000] and step=1, but the range is not divisible by `step`. It will be replaced with [0.1, 9999.1].
  self.unique_name: trial.suggest_float(
[I 2026-05-03 17:28:39,256] Trial 5 finished with value: 2.187703069244289 and parameters: {'0:atom_AtomicNumber:kDelta': 0.75, '0:atom_AtomicNumber_list_1:kConv': 0.9, '0:atom_AtomicNumber_list_2:kConv': 1.0, '0:atom_AtomicNumber_list_3:kConv': 1.0, '0:atom_AtomicNumber_list_4:kConv': 0.9, '0:atom_MorganHash:kDelta': 0.8, '0:atom_Ring_count:kDelta': 0.8, '0:atom_RingSize_list:kConv': 0.9, '0:atom_Hcount:kDelta': 0.95, '0:atom_AtomicNumber_count_1:kDelta': 0.8, '0:atom_AtomicNumber_count_2:kDelta': 0.95, '0:atom_Chiral:kDelta': 0.9, '0:bond_Order:kDelta': 0.95, '0:bond_Stereo:kDelta': 0.95, '0:bond_RingStereo:kDelta': 1.0, '0:q:q': 0.060000000000000005, '1:atom_AtomicNumber:kDelta': 1.0, '1:atom_AtomicNumber_list_1:kConv': 1.0, '1:atom_AtomicNumber_list_2:kConv': 0.9, '1:atom_AtomicNumber_list_3:kConv': 0.75, '1:atom_AtomicNumber_list_4:kConv': 0.75, '1:atom_MorganHash:kDelta': 0.85, '1:atom_Ring_count:kDelta': 0.85, '1:atom_RingSize_list:kConv': 0.85, '1:atom_Hcount:kDelta': 0.95, '1:atom_AtomicNumber_count_1:kDelta': 0.95, '1:atom_AtomicNumber_count_2:kDelta': 0.95, '1:atom_Chiral:kDelta': 0.85, '1:bond_Order:kDelta': 0.9, '1:bond_Stereo:kDelta': 0.85, '1:bond_RingStereo:kDelta': 0.95, '1:q:q': 0.29000000000000004, '2:features_kernel:Matern32': 5947.1, '3:features_kernel:Matern32': 3877.1, '4:features_kernel:Matern32': 6344.1, '5:features_kernel:Matern32': 8677.1, '6:features_kernel:Matern32': 6516.1, '7:features_kernel:Matern32': 1285.1, '8:features_kernel:Matern32': 887.1, '9:features_kernel:Matern32': 6774.1, '10:features_kernel:Matern32': 3555.1, '11:features_kernel:Matern32': 3147.1, '12:features_kernel:Matern32': 8900.1, '13:features_kernel:Matern32': 8639.1, '14:features_kernel:Matern32': 8056.1, 'alpha': 0.036000000000000004}. Best is trial 3 with value: 2.06506492907805.
/gpfs_common/share03/ddomlab/sdehgha2/working_space/GP_collab/code_python/training/MGK_and_tools/mgktools/mgktools/kernels/base.py:225: UserWarning: The distribution is specified by [0.1, 10000] and step=1, but the range is not divisible by `step`. It will be replaced with [0.1, 9999.1].
  self.unique_name: trial.suggest_float(
[I 2026-05-03 17:29:33,256] Trial 6 finished with value: 2.2622319902834134 and parameters: {'0:atom_AtomicNumber:kDelta': 0.9, '0:atom_AtomicNumber_list_1:kConv': 0.9, '0:atom_AtomicNumber_list_2:kConv': 0.8, '0:atom_AtomicNumber_list_3:kConv': 0.9, '0:atom_AtomicNumber_list_4:kConv': 1.0, '0:atom_MorganHash:kDelta': 0.75, '0:atom_Ring_count:kDelta': 0.8, '0:atom_RingSize_list:kConv': 0.8, '0:atom_Hcount:kDelta': 0.95, '0:atom_AtomicNumber_count_1:kDelta': 0.85, '0:atom_AtomicNumber_count_2:kDelta': 0.75, '0:atom_Chiral:kDelta': 0.8, '0:bond_Order:kDelta': 0.95, '0:bond_Stereo:kDelta': 0.95, '0:bond_RingStereo:kDelta': 0.8, '0:q:q': 0.37, '1:atom_AtomicNumber:kDelta': 0.8, '1:atom_AtomicNumber_list_1:kConv': 0.75, '1:atom_AtomicNumber_list_2:kConv': 1.0, '1:atom_AtomicNumber_list_3:kConv': 0.8, '1:atom_AtomicNumber_list_4:kConv': 0.9, '1:atom_MorganHash:kDelta': 1.0, '1:atom_Ring_count:kDelta': 0.9, '1:atom_RingSize_list:kConv': 0.85, '1:atom_Hcount:kDelta': 0.85, '1:atom_AtomicNumber_count_1:kDelta': 0.75, '1:atom_AtomicNumber_count_2:kDelta': 0.75, '1:atom_Chiral:kDelta': 0.85, '1:bond_Order:kDelta': 1.0, '1:bond_Stereo:kDelta': 0.8, '1:bond_RingStereo:kDelta': 1.0, '1:q:q': 0.41000000000000003, '2:features_kernel:Matern32': 1741.1, '3:features_kernel:Matern32': 3123.1, '4:features_kernel:Matern32': 4283.1, '5:features_kernel:Matern32': 8592.1, '6:features_kernel:Matern32': 6341.1, '7:features_kernel:Matern32': 8247.1, '8:features_kernel:Matern32': 4970.1, '9:features_kernel:Matern32': 5824.1, '10:features_kernel:Matern32': 4539.1, '11:features_kernel:Matern32': 2582.1, '12:features_kernel:Matern32': 6183.1, '13:features_kernel:Matern32': 5754.1, '14:features_kernel:Matern32': 8674.1, 'alpha': 0.093}. Best is trial 3 with value: 2.06506492907805.
/gpfs_common/share03/ddomlab/sdehgha2/working_space/GP_collab/code_python/training/MGK_and_tools/mgktools/mgktools/kernels/base.py:225: UserWarning: The distribution is specified by [0.1, 10000] and step=1, but the range is not divisible by `step`. It will be replaced with [0.1, 9999.1].
  self.unique_name: trial.suggest_float(
[I 2026-05-03 17:30:51,632] Trial 7 finished with value: 2.1120871755448203 and parameters: {'0:atom_AtomicNumber:kDelta': 0.9, '0:atom_AtomicNumber_list_1:kConv': 0.95, '0:atom_AtomicNumber_list_2:kConv': 0.85, '0:atom_AtomicNumber_list_3:kConv': 0.95, '0:atom_AtomicNumber_list_4:kConv': 1.0, '0:atom_MorganHash:kDelta': 1.0, '0:atom_Ring_count:kDelta': 0.75, '0:atom_RingSize_list:kConv': 1.0, '0:atom_Hcount:kDelta': 0.75, '0:atom_AtomicNumber_count_1:kDelta': 0.75, '0:atom_AtomicNumber_count_2:kDelta': 0.8, '0:atom_Chiral:kDelta': 0.8, '0:bond_Order:kDelta': 1.0, '0:bond_Stereo:kDelta': 1.0, '0:bond_RingStereo:kDelta': 0.95, '0:q:q': 0.32, '1:atom_AtomicNumber:kDelta': 1.0, '1:atom_AtomicNumber_list_1:kConv': 0.9, '1:atom_AtomicNumber_list_2:kConv': 0.8, '1:atom_AtomicNumber_list_3:kConv': 0.75, '1:atom_AtomicNumber_list_4:kConv': 0.95, '1:atom_MorganHash:kDelta': 0.9, '1:atom_Ring_count:kDelta': 0.95, '1:atom_RingSize_list:kConv': 0.95, '1:atom_Hcount:kDelta': 0.95, '1:atom_AtomicNumber_count_1:kDelta': 0.95, '1:atom_AtomicNumber_count_2:kDelta': 0.95, '1:atom_Chiral:kDelta': 0.85, '1:bond_Order:kDelta': 0.95, '1:bond_Stereo:kDelta': 1.0, '1:bond_RingStereo:kDelta': 0.95, '1:q:q': 0.05, '2:features_kernel:Matern32': 9496.1, '3:features_kernel:Matern32': 4771.1, '4:features_kernel:Matern32': 8854.1, '5:features_kernel:Matern32': 849.1, '6:features_kernel:Matern32': 9382.1, '7:features_kernel:Matern32': 3148.1, '8:features_kernel:Matern32': 4210.1, '9:features_kernel:Matern32': 6853.1, '10:features_kernel:Matern32': 908.1, '11:features_kernel:Matern32': 2080.1, '12:features_kernel:Matern32': 5830.1, '13:features_kernel:Matern32': 3852.1, '14:features_kernel:Matern32': 1063.1, 'alpha': 0.002}. Best is trial 3 with value: 2.06506492907805.
/gpfs_common/share03/ddomlab/sdehgha2/working_space/GP_collab/code_python/training/MGK_and_tools/mgktools/mgktools/kernels/base.py:225: UserWarning: The distribution is specified by [0.1, 10000] and step=1, but the range is not divisible by `step`. It will be replaced with [0.1, 9999.1].
  self.unique_name: trial.suggest_float(
[I 2026-05-03 17:31:56,835] Trial 8 finished with value: 2.3102317140711484 and parameters: {'0:atom_AtomicNumber:kDelta': 1.0, '0:atom_AtomicNumber_list_1:kConv': 0.95, '0:atom_AtomicNumber_list_2:kConv': 0.8, '0:atom_AtomicNumber_list_3:kConv': 1.0, '0:atom_AtomicNumber_list_4:kConv': 1.0, '0:atom_MorganHash:kDelta': 0.75, '0:atom_Ring_count:kDelta': 0.8, '0:atom_RingSize_list:kConv': 0.9, '0:atom_Hcount:kDelta': 1.0, '0:atom_AtomicNumber_count_1:kDelta': 0.8, '0:atom_AtomicNumber_count_2:kDelta': 1.0, '0:atom_Chiral:kDelta': 1.0, '0:bond_Order:kDelta': 0.85, '0:bond_Stereo:kDelta': 0.8, '0:bond_RingStereo:kDelta': 0.8, '0:q:q': 0.03, '1:atom_AtomicNumber:kDelta': 1.0, '1:atom_AtomicNumber_list_1:kConv': 0.75, '1:atom_AtomicNumber_list_2:kConv': 1.0, '1:atom_AtomicNumber_list_3:kConv': 0.85, '1:atom_AtomicNumber_list_4:kConv': 0.75, '1:atom_MorganHash:kDelta': 0.95, '1:atom_Ring_count:kDelta': 0.95, '1:atom_RingSize_list:kConv': 0.85, '1:atom_Hcount:kDelta': 0.95, '1:atom_AtomicNumber_count_1:kDelta': 0.95, '1:atom_AtomicNumber_count_2:kDelta': 0.85, '1:atom_Chiral:kDelta': 0.8, '1:bond_Order:kDelta': 0.75, '1:bond_Stereo:kDelta': 1.0, '1:bond_RingStereo:kDelta': 0.75, '1:q:q': 0.37, '2:features_kernel:Matern32': 776.1, '3:features_kernel:Matern32': 6699.1, '4:features_kernel:Matern32': 602.1, '5:features_kernel:Matern32': 1112.1, '6:features_kernel:Matern32': 4753.1, '7:features_kernel:Matern32': 809.1, '8:features_kernel:Matern32': 319.1, '9:features_kernel:Matern32': 6396.1, '10:features_kernel:Matern32': 8951.1, '11:features_kernel:Matern32': 4832.1, '12:features_kernel:Matern32': 8376.1, '13:features_kernel:Matern32': 7089.1, '14:features_kernel:Matern32': 9330.1, 'alpha': 0.098}. Best is trial 3 with value: 2.06506492907805.
/gpfs_common/share03/ddomlab/sdehgha2/working_space/GP_collab/code_python/training/MGK_and_tools/mgktools/mgktools/kernels/base.py:225: UserWarning: The distribution is specified by [0.1, 10000] and step=1, but the range is not divisible by `step`. It will be replaced with [0.1, 9999.1].
  self.unique_name: trial.suggest_float(
