[I 2026-05-04 04:49:45,379] Trial 5 finished with value: 2.2613398279762054 and parameters: {'0:atom_AtomicNumber:kDelta': 0.95, '0:atom_AtomicNumber_list_1:kConv': 0.9, '0:atom_AtomicNumber_list_2:kConv': 0.9, '0:atom_AtomicNumber_list_3:kConv': 0.85, '0:atom_AtomicNumber_list_4:kConv': 0.8, '0:atom_MorganHash:kDelta': 0.95, '0:atom_Ring_count:kDelta': 0.8, '0:atom_RingSize_list:kConv': 0.75, '0:atom_Hcount:kDelta': 0.9, '0:atom_AtomicNumber_count_1:kDelta': 0.8, '0:atom_AtomicNumber_count_2:kDelta': 1.0, '0:atom_Chiral:kDelta': 1.0, '0:bond_Order:kDelta': 1.0, '0:bond_Stereo:kDelta': 0.85, '0:bond_RingStereo:kDelta': 0.75, '0:q:q': 0.47000000000000003, '1:atom_AtomicNumber:kDelta': 0.85, '1:atom_AtomicNumber_list_1:kConv': 1.0, '1:atom_AtomicNumber_list_2:kConv': 1.0, '1:atom_AtomicNumber_list_3:kConv': 1.0, '1:atom_AtomicNumber_list_4:kConv': 0.8, '1:atom_MorganHash:kDelta': 0.85, '1:atom_Ring_count:kDelta': 1.0, '1:atom_RingSize_list:kConv': 0.8, '1:atom_Hcount:kDelta': 0.8, '1:atom_AtomicNumber_count_1:kDelta': 0.9, '1:atom_AtomicNumber_count_2:kDelta': 1.0, '1:atom_Chiral:kDelta': 0.95, '1:bond_Order:kDelta': 0.9, '1:bond_Stereo:kDelta': 0.75, '1:bond_RingStereo:kDelta': 0.9, '1:q:q': 0.5, '2:features_kernel:Matern32': 1400.1, '3:features_kernel:Matern32': 5183.1, '4:features_kernel:Matern32': 8773.1, '5:features_kernel:Matern32': 7407.1, '6:features_kernel:Matern32': 6970.1, '7:features_kernel:Matern32': 7024.1, '8:features_kernel:Matern32': 3594.1, '9:features_kernel:Matern32': 2935.1, '10:features_kernel:Matern32': 8093.1, '11:features_kernel:Matern32': 8101.1, '12:features_kernel:Matern32': 8670.1, '13:features_kernel:Matern32': 9132.1, '14:features_kernel:Matern32': 5113.1, 'alpha': 0.051000000000000004}. Best is trial 0 with value: 2.1546247255249846.
/gpfs_common/share03/ddomlab/sdehgha2/working_space/GP_collab/code_python/training/MGK_and_tools/mgktools/mgktools/kernels/base.py:225: UserWarning: The distribution is specified by [0.1, 10000] and step=1, but the range is not divisible by `step`. It will be replaced with [0.1, 9999.1].
  self.unique_name: trial.suggest_float(
[I 2026-05-04 04:50:43,189] Trial 6 finished with value: 2.187737065755994 and parameters: {'0:atom_AtomicNumber:kDelta': 0.95, '0:atom_AtomicNumber_list_1:kConv': 0.9, '0:atom_AtomicNumber_list_2:kConv': 0.95, '0:atom_AtomicNumber_list_3:kConv': 0.95, '0:atom_AtomicNumber_list_4:kConv': 1.0, '0:atom_MorganHash:kDelta': 0.85, '0:atom_Ring_count:kDelta': 0.85, '0:atom_RingSize_list:kConv': 0.75, '0:atom_Hcount:kDelta': 0.9, '0:atom_AtomicNumber_count_1:kDelta': 0.75, '0:atom_AtomicNumber_count_2:kDelta': 0.85, '0:atom_Chiral:kDelta': 0.9, '0:bond_Order:kDelta': 0.8, '0:bond_Stereo:kDelta': 0.9, '0:bond_RingStereo:kDelta': 0.75, '0:q:q': 0.02, '1:atom_AtomicNumber:kDelta': 0.95, '1:atom_AtomicNumber_list_1:kConv': 0.85, '1:atom_AtomicNumber_list_2:kConv': 0.75, '1:atom_AtomicNumber_list_3:kConv': 0.9, '1:atom_AtomicNumber_list_4:kConv': 0.95, '1:atom_MorganHash:kDelta': 0.8, '1:atom_Ring_count:kDelta': 0.9, '1:atom_RingSize_list:kConv': 0.75, '1:atom_Hcount:kDelta': 0.75, '1:atom_AtomicNumber_count_1:kDelta': 0.9, '1:atom_AtomicNumber_count_2:kDelta': 0.9, '1:atom_Chiral:kDelta': 0.9, '1:bond_Order:kDelta': 0.95, '1:bond_Stereo:kDelta': 1.0, '1:bond_RingStereo:kDelta': 0.9, '1:q:q': 0.17, '2:features_kernel:Matern32': 7951.1, '3:features_kernel:Matern32': 2708.1, '4:features_kernel:Matern32': 4389.1, '5:features_kernel:Matern32': 784.1, '6:features_kernel:Matern32': 253.1, '7:features_kernel:Matern32': 9626.1, '8:features_kernel:Matern32': 8359.1, '9:features_kernel:Matern32': 6959.1, '10:features_kernel:Matern32': 4089.1, '11:features_kernel:Matern32': 1732.1, '12:features_kernel:Matern32': 1564.1, '13:features_kernel:Matern32': 2502.1, '14:features_kernel:Matern32': 5492.1, 'alpha': 0.07200000000000001}. Best is trial 0 with value: 2.1546247255249846.
/gpfs_common/share03/ddomlab/sdehgha2/working_space/GP_collab/code_python/training/MGK_and_tools/mgktools/mgktools/kernels/base.py:225: UserWarning: The distribution is specified by [0.1, 10000] and step=1, but the range is not divisible by `step`. It will be replaced with [0.1, 9999.1].
  self.unique_name: trial.suggest_float(
[I 2026-05-04 04:51:39,504] Trial 7 finished with value: 2.2075108077690717 and parameters: {'0:atom_AtomicNumber:kDelta': 0.9, '0:atom_AtomicNumber_list_1:kConv': 0.8, '0:atom_AtomicNumber_list_2:kConv': 1.0, '0:atom_AtomicNumber_list_3:kConv': 0.95, '0:atom_AtomicNumber_list_4:kConv': 0.9, '0:atom_MorganHash:kDelta': 0.9, '0:atom_Ring_count:kDelta': 0.85, '0:atom_RingSize_list:kConv': 0.8, '0:atom_Hcount:kDelta': 0.85, '0:atom_AtomicNumber_count_1:kDelta': 0.95, '0:atom_AtomicNumber_count_2:kDelta': 0.75, '0:atom_Chiral:kDelta': 0.75, '0:bond_Order:kDelta': 0.75, '0:bond_Stereo:kDelta': 0.75, '0:bond_RingStereo:kDelta': 1.0, '0:q:q': 0.36000000000000004, '1:atom_AtomicNumber:kDelta': 0.85, '1:atom_AtomicNumber_list_1:kConv': 0.75, '1:atom_AtomicNumber_list_2:kConv': 0.85, '1:atom_AtomicNumber_list_3:kConv': 0.85, '1:atom_AtomicNumber_list_4:kConv': 0.8, '1:atom_MorganHash:kDelta': 0.85, '1:atom_Ring_count:kDelta': 0.85, '1:atom_RingSize_list:kConv': 0.9, '1:atom_Hcount:kDelta': 0.9, '1:atom_AtomicNumber_count_1:kDelta': 0.75, '1:atom_AtomicNumber_count_2:kDelta': 0.85, '1:atom_Chiral:kDelta': 0.9, '1:bond_Order:kDelta': 0.9, '1:bond_Stereo:kDelta': 1.0, '1:bond_RingStereo:kDelta': 0.9, '1:q:q': 0.09, '2:features_kernel:Matern32': 705.1, '3:features_kernel:Matern32': 6424.1, '4:features_kernel:Matern32': 265.1, '5:features_kernel:Matern32': 5857.1, '6:features_kernel:Matern32': 9402.1, '7:features_kernel:Matern32': 5754.1, '8:features_kernel:Matern32': 3881.1, '9:features_kernel:Matern32': 6432.1, '10:features_kernel:Matern32': 4582.1, '11:features_kernel:Matern32': 5456.1, '12:features_kernel:Matern32': 9414.1, '13:features_kernel:Matern32': 3861.1, '14:features_kernel:Matern32': 9611.1, 'alpha': 0.091}. Best is trial 0 with value: 2.1546247255249846.
/gpfs_common/share03/ddomlab/sdehgha2/working_space/GP_collab/code_python/training/MGK_and_tools/mgktools/mgktools/kernels/base.py:225: UserWarning: The distribution is specified by [0.1, 10000] and step=1, but the range is not divisible by `step`. It will be replaced with [0.1, 9999.1].
  self.unique_name: trial.suggest_float(
[I 2026-05-04 04:52:29,150] Trial 8 finished with value: 2.247331705578505 and parameters: {'0:atom_AtomicNumber:kDelta': 0.8, '0:atom_AtomicNumber_list_1:kConv': 0.75, '0:atom_AtomicNumber_list_2:kConv': 0.75, '0:atom_AtomicNumber_list_3:kConv': 0.75, '0:atom_AtomicNumber_list_4:kConv': 0.75, '0:atom_MorganHash:kDelta': 0.95, '0:atom_Ring_count:kDelta': 0.75, '0:atom_RingSize_list:kConv': 0.8, '0:atom_Hcount:kDelta': 1.0, '0:atom_AtomicNumber_count_1:kDelta': 0.75, '0:atom_AtomicNumber_count_2:kDelta': 0.95, '0:atom_Chiral:kDelta': 0.8, '0:bond_Order:kDelta': 0.75, '0:bond_Stereo:kDelta': 0.95, '0:bond_RingStereo:kDelta': 0.9, '0:q:q': 0.44, '1:atom_AtomicNumber:kDelta': 0.95, '1:atom_AtomicNumber_list_1:kConv': 0.95, '1:atom_AtomicNumber_list_2:kConv': 0.8, '1:atom_AtomicNumber_list_3:kConv': 0.8, '1:atom_AtomicNumber_list_4:kConv': 0.95, '1:atom_MorganHash:kDelta': 0.95, '1:atom_Ring_count:kDelta': 1.0, '1:atom_RingSize_list:kConv': 0.85, '1:atom_Hcount:kDelta': 0.85, '1:atom_AtomicNumber_count_1:kDelta': 0.95, '1:atom_AtomicNumber_count_2:kDelta': 0.85, '1:atom_Chiral:kDelta': 1.0, '1:bond_Order:kDelta': 1.0, '1:bond_Stereo:kDelta': 0.85, '1:bond_RingStereo:kDelta': 0.95, '1:q:q': 0.38, '2:features_kernel:Matern32': 1031.1, '3:features_kernel:Matern32': 9025.1, '4:features_kernel:Matern32': 5052.1, '5:features_kernel:Matern32': 8264.1, '6:features_kernel:Matern32': 3200.1, '7:features_kernel:Matern32': 8955.1, '8:features_kernel:Matern32': 3892.1, '9:features_kernel:Matern32': 108.1, '10:features_kernel:Matern32': 9053.1, '11:features_kernel:Matern32': 912.1, '12:features_kernel:Matern32': 3193.1, '13:features_kernel:Matern32': 9500.1, '14:features_kernel:Matern32': 9506.1, 'alpha': 0.058}. Best is trial 0 with value: 2.1546247255249846.
/gpfs_common/share03/ddomlab/sdehgha2/working_space/GP_collab/code_python/training/MGK_and_tools/mgktools/mgktools/kernels/base.py:225: UserWarning: The distribution is specified by [0.1, 10000] and step=1, but the range is not divisible by `step`. It will be replaced with [0.1, 9999.1].
  self.unique_name: trial.suggest_float(
[I 2026-05-04 04:53:19,532] Trial 9 finished with value: 2.147888372657243 and parameters: {'0:atom_AtomicNumber:kDelta': 0.9, '0:atom_AtomicNumber_list_1:kConv': 0.85, '0:atom_AtomicNumber_list_2:kConv': 0.8, '0:atom_AtomicNumber_list_3:kConv': 0.8, '0:atom_AtomicNumber_list_4:kConv': 0.95, '0:atom_MorganHash:kDelta': 0.95, '0:atom_Ring_count:kDelta': 0.95, '0:atom_RingSize_list:kConv': 0.95, '0:atom_Hcount:kDelta': 0.75, '0:atom_AtomicNumber_count_1:kDelta': 0.85, '0:atom_AtomicNumber_count_2:kDelta': 0.75, '0:atom_Chiral:kDelta': 0.9, '0:bond_Order:kDelta': 0.85, '0:bond_Stereo:kDelta': 1.0, '0:bond_RingStereo:kDelta': 0.85, '0:q:q': 0.060000000000000005, '1:atom_AtomicNumber:kDelta': 0.75, '1:atom_AtomicNumber_list_1:kConv': 0.95, '1:atom_AtomicNumber_list_2:kConv': 0.9, '1:atom_AtomicNumber_list_3:kConv': 0.75, '1:atom_AtomicNumber_list_4:kConv': 0.75, '1:atom_MorganHash:kDelta': 0.95, '1:atom_Ring_count:kDelta': 0.75, '1:atom_RingSize_list:kConv': 0.95, '1:atom_Hcount:kDelta': 0.95, '1:atom_AtomicNumber_count_1:kDelta': 0.75, '1:atom_AtomicNumber_count_2:kDelta': 0.75, '1:atom_Chiral:kDelta': 1.0, '1:bond_Order:kDelta': 0.85, '1:bond_Stereo:kDelta': 0.85, '1:bond_RingStereo:kDelta': 0.95, '1:q:q': 0.48000000000000004, '2:features_kernel:Matern32': 9860.1, '3:features_kernel:Matern32': 7533.1, '4:features_kernel:Matern32': 3762.1, '5:features_kernel:Matern32': 835.1, '6:features_kernel:Matern32': 7771.1, '7:features_kernel:Matern32': 5584.1, '8:features_kernel:Matern32': 4242.1, '9:features_kernel:Matern32': 9063.1, '10:features_kernel:Matern32': 1111.1, '11:features_kernel:Matern32': 4926.1, '12:features_kernel:Matern32': 113.1, '13:features_kernel:Matern32': 4686.1, '14:features_kernel:Matern32': 563.1, 'alpha': 0.012}. Best is trial 9 with value: 2.147888372657243.
/gpfs_common/share03/ddomlab/sdehgha2/working_space/GP_collab/code_python/training/MGK_and_tools/mgktools/mgktools/kernels/base.py:225: UserWarning: The distribution is specified by [0.1, 10000] and step=1, but the range is not divisible by `step`. It will be replaced with [0.1, 9999.1].
  self.unique_name: trial.suggest_float(
[I 2026-05-04 04:54:09,785] Trial 10 finished with value: 2.1887077538503936 and parameters: {'0:atom_AtomicNumber:kDelta': 1.0, '0:atom_AtomicNumber_list_1:kConv': 0.8, '0:atom_AtomicNumber_list_2:kConv': 0.75, '0:atom_AtomicNumber_list_3:kConv': 0.75, '0:atom_AtomicNumber_list_4:kConv': 0.95, '0:atom_MorganHash:kDelta': 1.0, '0:atom_Ring_count:kDelta': 1.0, '0:atom_RingSize_list:kConv': 0.9, '0:atom_Hcount:kDelta': 0.75, '0:atom_AtomicNumber_count_1:kDelta': 0.8, '0:atom_AtomicNumber_count_2:kDelta': 0.9, '0:atom_Chiral:kDelta': 0.95, '0:bond_Order:kDelta': 0.85, '0:bond_Stereo:kDelta': 1.0, '0:bond_RingStereo:kDelta': 0.9, '0:q:q': 0.2, '1:atom_AtomicNumber:kDelta': 0.75, '1:atom_AtomicNumber_list_1:kConv': 1.0, '1:atom_AtomicNumber_list_2:kConv': 0.95, '1:atom_AtomicNumber_list_3:kConv': 0.75, '1:atom_AtomicNumber_list_4:kConv': 0.75, '1:atom_MorganHash:kDelta': 1.0, '1:atom_Ring_count:kDelta': 0.8, '1:atom_RingSize_list:kConv': 0.95, '1:atom_Hcount:kDelta': 1.0, '1:atom_AtomicNumber_count_1:kDelta': 1.0, '1:atom_AtomicNumber_count_2:kDelta': 0.8, '1:atom_Chiral:kDelta': 0.75, '1:bond_Order:kDelta': 0.75, '1:bond_Stereo:kDelta': 0.9, '1:bond_RingStereo:kDelta': 1.0, '1:q:q': 0.49, '2:features_kernel:Matern32': 8677.1, '3:features_kernel:Matern32': 7579.1, '4:features_kernel:Matern32': 1772.1, '5:features_kernel:Matern32': 3123.1, '6:features_kernel:Matern32': 9817.1, '7:features_kernel:Matern32': 3034.1, '8:features_kernel:Matern32': 619.1, '9:features_kernel:Matern32': 9960.1, '10:features_kernel:Matern32': 6310.1, '11:features_kernel:Matern32': 9168.1, '12:features_kernel:Matern32': 6454.1, '13:features_kernel:Matern32': 6891.1, '14:features_kernel:Matern32': 472.1, 'alpha': 0.005}. Best is trial 9 with value: 2.147888372657243.
/gpfs_common/share03/ddomlab/sdehgha2/working_space/GP_collab/code_python/training/MGK_and_tools/mgktools/mgktools/kernels/base.py:225: UserWarning: The distribution is specified by [0.1, 10000] and step=1, but the range is not divisible by `step`. It will be replaced with [0.1, 9999.1].
  self.unique_name: trial.suggest_float(
[I 2026-05-04 04:55:04,564] Trial 11 finished with value: 2.1017983251916603 and parameters: {'0:atom_AtomicNumber:kDelta': 0.85, '0:atom_AtomicNumber_list_1:kConv': 1.0, '0:atom_AtomicNumber_list_2:kConv': 0.8, '0:atom_AtomicNumber_list_3:kConv': 0.9, '0:atom_AtomicNumber_list_4:kConv': 0.75, '0:atom_MorganHash:kDelta': 0.75, '0:atom_Ring_count:kDelta': 0.95, '0:atom_RingSize_list:kConv': 0.95, '0:atom_Hcount:kDelta': 0.8, '0:atom_AtomicNumber_count_1:kDelta': 1.0, '0:atom_AtomicNumber_count_2:kDelta': 0.8, '0:atom_Chiral:kDelta': 1.0, '0:bond_Order:kDelta': 0.9, '0:bond_Stereo:kDelta': 0.9, '0:bond_RingStereo:kDelta': 0.8, '0:q:q': 0.02, '1:atom_AtomicNumber:kDelta': 0.75, '1:atom_AtomicNumber_list_1:kConv': 0.9, '1:atom_AtomicNumber_list_2:kConv': 0.9, '1:atom_AtomicNumber_list_3:kConv': 0.8, '1:atom_AtomicNumber_list_4:kConv': 0.85, '1:atom_MorganHash:kDelta': 0.75, '1:atom_Ring_count:kDelta': 0.8, '1:atom_RingSize_list:kConv': 0.85, '1:atom_Hcount:kDelta': 0.85, '1:atom_AtomicNumber_count_1:kDelta': 1.0, '1:atom_AtomicNumber_count_2:kDelta': 0.8, '1:atom_Chiral:kDelta': 0.8, '1:bond_Order:kDelta': 0.8, '1:bond_Stereo:kDelta': 0.75, '1:bond_RingStereo:kDelta': 0.85, '1:q:q': 0.24000000000000002, '2:features_kernel:Matern32': 5590.1, '3:features_kernel:Matern32': 9755.1, '4:features_kernel:Matern32': 3444.1, '5:features_kernel:Matern32': 4040.1, '6:features_kernel:Matern32': 3670.1, '7:features_kernel:Matern32': 3744.1, '8:features_kernel:Matern32': 6761.1, '9:features_kernel:Matern32': 9791.1, '10:features_kernel:Matern32': 79.1, '11:features_kernel:Matern32': 3765.1, '12:features_kernel:Matern32': 199.1, '13:features_kernel:Matern32': 6793.1, '14:features_kernel:Matern32': 2488.1, 'alpha': 0.025}. Best is trial 11 with value: 2.1017983251916603.
/gpfs_common/share03/ddomlab/sdehgha2/working_space/GP_collab/code_python/training/MGK_and_tools/mgktools/mgktools/kernels/base.py:225: UserWarning: The distribution is specified by [0.1, 10000] and step=1, but the range is not divisible by `step`. It will be replaced with [0.1, 9999.1].
  self.unique_name: trial.suggest_float(
[I 2026-05-04 04:56:01,004] Trial 12 finished with value: 2.1567824232632495 and parameters: {'0:atom_AtomicNumber:kDelta': 0.75, '0:atom_AtomicNumber_list_1:kConv': 0.95, '0:atom_AtomicNumber_list_2:kConv': 0.8, '0:atom_AtomicNumber_list_3:kConv': 1.0, '0:atom_AtomicNumber_list_4:kConv': 0.85, '0:atom_MorganHash:kDelta': 0.75, '0:atom_Ring_count:kDelta': 0.95, '0:atom_RingSize_list:kConv': 0.9, '0:atom_Hcount:kDelta': 0.8, '0:atom_AtomicNumber_count_1:kDelta': 0.85, '0:atom_AtomicNumber_count_2:kDelta': 0.8, '0:atom_Chiral:kDelta': 0.95, '0:bond_Order:kDelta': 0.9, '0:bond_Stereo:kDelta': 0.9, '0:bond_RingStereo:kDelta': 0.8, '0:q:q': 0.01, '1:atom_AtomicNumber:kDelta': 0.75, '1:atom_AtomicNumber_list_1:kConv': 0.9, '1:atom_AtomicNumber_list_2:kConv': 0.9, '1:atom_AtomicNumber_list_3:kConv': 0.8, '1:atom_AtomicNumber_list_4:kConv': 0.85, '1:atom_MorganHash:kDelta': 0.9, '1:atom_Ring_count:kDelta': 0.8, '1:atom_RingSize_list:kConv': 0.95, '1:atom_Hcount:kDelta': 1.0, '1:atom_AtomicNumber_count_1:kDelta': 1.0, '1:atom_AtomicNumber_count_2:kDelta': 0.8, '1:atom_Chiral:kDelta': 0.8, '1:bond_Order:kDelta': 0.8, '1:bond_Stereo:kDelta': 0.85, '1:bond_RingStereo:kDelta': 0.8, '1:q:q': 0.25, '2:features_kernel:Matern32': 5832.1, '3:features_kernel:Matern32': 9572.1, '4:features_kernel:Matern32': 2870.1, '5:features_kernel:Matern32': 3668.1, '6:features_kernel:Matern32': 4993.1, '7:features_kernel:Matern32': 3420.1, '8:features_kernel:Matern32': 9771.1, '9:features_kernel:Matern32': 9835.1, '10:features_kernel:Matern32': 126.1, '11:features_kernel:Matern32': 3899.1, '12:features_kernel:Matern32': 179.1, '13:features_kernel:Matern32': 6538.1, '14:features_kernel:Matern32': 2479.1, 'alpha': 0.02}. Best is trial 11 with value: 2.1017983251916603.
/gpfs_common/share03/ddomlab/sdehgha2/working_space/GP_collab/code_python/training/MGK_and_tools/mgktools/mgktools/kernels/base.py:225: UserWarning: The distribution is specified by [0.1, 10000] and step=1, but the range is not divisible by `step`. It will be replaced with [0.1, 9999.1].
  self.unique_name: trial.suggest_float(
[I 2026-05-04 04:56:53,808] Trial 13 finished with value: 2.145810206255187 and parameters: {'0:atom_AtomicNumber:kDelta': 0.9, '0:atom_AtomicNumber_list_1:kConv': 0.8, '0:atom_AtomicNumber_list_2:kConv': 0.8, '0:atom_AtomicNumber_list_3:kConv': 0.8, '0:atom_AtomicNumber_list_4:kConv': 0.95, '0:atom_MorganHash:kDelta': 1.0, '0:atom_Ring_count:kDelta': 0.95, '0:atom_RingSize_list:kConv': 0.95, '0:atom_Hcount:kDelta': 0.8, '0:atom_AtomicNumber_count_1:kDelta': 1.0, '0:atom_AtomicNumber_count_2:kDelta': 0.8, '0:atom_Chiral:kDelta': 0.95, '0:bond_Order:kDelta': 0.85, '0:bond_Stereo:kDelta': 0.95, '0:bond_RingStereo:kDelta': 0.95, '0:q:q': 0.09999999999999999, '1:atom_AtomicNumber:kDelta': 0.75, '1:atom_AtomicNumber_list_1:kConv': 0.95, '1:atom_AtomicNumber_list_2:kConv': 0.9, '1:atom_AtomicNumber_list_3:kConv': 0.75, '1:atom_AtomicNumber_list_4:kConv': 0.85, '1:atom_MorganHash:kDelta': 0.8, '1:atom_Ring_count:kDelta': 0.75, '1:atom_RingSize_list:kConv': 0.8, '1:atom_Hcount:kDelta': 0.95, '1:atom_AtomicNumber_count_1:kDelta': 0.85, '1:atom_AtomicNumber_count_2:kDelta': 0.75, '1:atom_Chiral:kDelta': 0.8, '1:bond_Order:kDelta': 0.8, '1:bond_Stereo:kDelta': 0.8, '1:bond_RingStereo:kDelta': 0.85, '1:q:q': 0.36000000000000004, '2:features_kernel:Matern32': 9660.1, '3:features_kernel:Matern32': 7911.1, '4:features_kernel:Matern32': 2981.1, '5:features_kernel:Matern32': 462.1, '6:features_kernel:Matern32': 8229.1, '7:features_kernel:Matern32': 3494.1, '8:features_kernel:Matern32': 5630.1, '9:features_kernel:Matern32': 8098.1, '10:features_kernel:Matern32': 2782.1, '11:features_kernel:Matern32': 6680.1, '12:features_kernel:Matern32': 2056.1, '13:features_kernel:Matern32': 6466.1, '14:features_kernel:Matern32': 2724.1, 'alpha': 0.033}. Best is trial 11 with value: 2.1017983251916603.
/gpfs_common/share03/ddomlab/sdehgha2/working_space/GP_collab/code_python/training/MGK_and_tools/mgktools/mgktools/kernels/base.py:225: UserWarning: The distribution is specified by [0.1, 10000] and step=1, but the range is not divisible by `step`. It will be replaced with [0.1, 9999.1].
  self.unique_name: trial.suggest_float(
[I 2026-05-04 04:57:45,939] Trial 14 finished with value: 2.1411928082095644 and parameters: {'0:atom_AtomicNumber:kDelta': 0.85, '0:atom_AtomicNumber_list_1:kConv': 0.75, '0:atom_AtomicNumber_list_2:kConv': 0.8, '0:atom_AtomicNumber_list_3:kConv': 0.85, '0:atom_AtomicNumber_list_4:kConv': 0.8, '0:atom_MorganHash:kDelta': 1.0, '0:atom_Ring_count:kDelta': 0.95, '0:atom_RingSize_list:kConv': 0.95, '0:atom_Hcount:kDelta': 0.8, '0:atom_AtomicNumber_count_1:kDelta': 1.0, '0:atom_AtomicNumber_count_2:kDelta': 0.8, '0:atom_Chiral:kDelta': 0.95, '0:bond_Order:kDelta': 0.9, '0:bond_Stereo:kDelta': 0.95, '0:bond_RingStereo:kDelta': 0.95, '0:q:q': 0.16, '1:atom_AtomicNumber:kDelta': 0.8, '1:atom_AtomicNumber_list_1:kConv': 0.95, '1:atom_AtomicNumber_list_2:kConv': 0.95, '1:atom_AtomicNumber_list_3:kConv': 0.85, '1:atom_AtomicNumber_list_4:kConv': 0.85, '1:atom_MorganHash:kDelta': 0.8, '1:atom_Ring_count:kDelta': 0.8, '1:atom_RingSize_list:kConv': 0.75, '1:atom_Hcount:kDelta': 0.8, '1:atom_AtomicNumber_count_1:kDelta': 0.85, '1:atom_AtomicNumber_count_2:kDelta': 0.8, '1:atom_Chiral:kDelta': 0.8, '1:bond_Order:kDelta': 0.75, '1:bond_Stereo:kDelta': 0.8, '1:bond_RingStereo:kDelta': 0.85, '1:q:q': 0.35000000000000003, '2:features_kernel:Matern32': 5025.1, '3:features_kernel:Matern32': 8259.1, '4:features_kernel:Matern32': 1906.1, '5:features_kernel:Matern32': 4129.1, '6:features_kernel:Matern32': 4749.1, '7:features_kernel:Matern32': 3609.1, '8:features_kernel:Matern32': 6339.1, '9:features_kernel:Matern32': 7823.1, '10:features_kernel:Matern32': 2973.1, '11:features_kernel:Matern32': 6842.1, '12:features_kernel:Matern32': 2248.1, '13:features_kernel:Matern32': 6677.1, '14:features_kernel:Matern32': 3621.1, 'alpha': 0.034}. Best is trial 11 with value: 2.1017983251916603.
/gpfs_common/share03/ddomlab/sdehgha2/working_space/GP_collab/code_python/training/MGK_and_tools/mgktools/mgktools/kernels/base.py:225: UserWarning: The distribution is specified by [0.1, 10000] and step=1, but the range is not divisible by `step`. It will be replaced with [0.1, 9999.1].
  self.unique_name: trial.suggest_float(
