[I 2026-05-04 05:09:02,865] Trial 25 finished with value: 2.0761535536592275 and parameters: {'0:atom_AtomicNumber:kDelta': 0.8, '0:atom_AtomicNumber_list_1:kConv': 1.0, '0:atom_AtomicNumber_list_2:kConv': 0.75, '0:atom_AtomicNumber_list_3:kConv': 0.95, '0:atom_AtomicNumber_list_4:kConv': 0.85, '0:atom_MorganHash:kDelta': 0.75, '0:atom_Ring_count:kDelta': 1.0, '0:atom_RingSize_list:kConv': 0.85, '0:atom_Hcount:kDelta': 0.95, '0:atom_AtomicNumber_count_1:kDelta': 0.95, '0:atom_AtomicNumber_count_2:kDelta': 0.95, '0:atom_Chiral:kDelta': 0.75, '0:bond_Order:kDelta': 1.0, '0:bond_Stereo:kDelta': 0.75, '0:bond_RingStereo:kDelta': 0.85, '0:q:q': 0.34, '1:atom_AtomicNumber:kDelta': 0.85, '1:atom_AtomicNumber_list_1:kConv': 0.8, '1:atom_AtomicNumber_list_2:kConv': 0.85, '1:atom_AtomicNumber_list_3:kConv': 1.0, '1:atom_AtomicNumber_list_4:kConv': 0.8, '1:atom_MorganHash:kDelta': 0.9, '1:atom_Ring_count:kDelta': 1.0, '1:atom_RingSize_list:kConv': 0.75, '1:atom_Hcount:kDelta': 0.95, '1:atom_AtomicNumber_count_1:kDelta': 0.9, '1:atom_AtomicNumber_count_2:kDelta': 1.0, '1:atom_Chiral:kDelta': 0.85, '1:bond_Order:kDelta': 0.85, '1:bond_Stereo:kDelta': 0.8, '1:bond_RingStereo:kDelta': 0.8, '1:q:q': 0.08, '2:features_kernel:Matern32': 8815.1, '3:features_kernel:Matern32': 3191.1, '4:features_kernel:Matern32': 2343.1, '5:features_kernel:Matern32': 1657.1, '6:features_kernel:Matern32': 5768.1, '7:features_kernel:Matern32': 611.1, '8:features_kernel:Matern32': 1374.1, '9:features_kernel:Matern32': 1208.1, '10:features_kernel:Matern32': 6730.1, '11:features_kernel:Matern32': 9496.1, '12:features_kernel:Matern32': 3989.1, '13:features_kernel:Matern32': 5653.1, '14:features_kernel:Matern32': 3287.1, 'alpha': 0.001}. Best is trial 21 with value: 2.051615204071771.
/gpfs_common/share03/ddomlab/sdehgha2/working_space/GP_collab/code_python/training/MGK_and_tools/mgktools/mgktools/kernels/base.py:225: UserWarning: The distribution is specified by [0.1, 10000] and step=1, but the range is not divisible by `step`. It will be replaced with [0.1, 9999.1].
  self.unique_name: trial.suggest_float(
[I 2026-05-04 05:10:18,537] Trial 26 finished with value: 2.0819763499463573 and parameters: {'0:atom_AtomicNumber:kDelta': 0.75, '0:atom_AtomicNumber_list_1:kConv': 0.95, '0:atom_AtomicNumber_list_2:kConv': 0.8, '0:atom_AtomicNumber_list_3:kConv': 1.0, '0:atom_AtomicNumber_list_4:kConv': 0.9, '0:atom_MorganHash:kDelta': 0.8, '0:atom_Ring_count:kDelta': 0.95, '0:atom_RingSize_list:kConv': 0.9, '0:atom_Hcount:kDelta': 0.95, '0:atom_AtomicNumber_count_1:kDelta': 0.9, '0:atom_AtomicNumber_count_2:kDelta': 1.0, '0:atom_Chiral:kDelta': 0.8, '0:bond_Order:kDelta': 0.95, '0:bond_Stereo:kDelta': 0.75, '0:bond_RingStereo:kDelta': 0.75, '0:q:q': 0.28, '1:atom_AtomicNumber:kDelta': 0.9, '1:atom_AtomicNumber_list_1:kConv': 0.75, '1:atom_AtomicNumber_list_2:kConv': 0.8, '1:atom_AtomicNumber_list_3:kConv': 0.95, '1:atom_AtomicNumber_list_4:kConv': 0.75, '1:atom_MorganHash:kDelta': 0.75, '1:atom_Ring_count:kDelta': 0.95, '1:atom_RingSize_list:kConv': 0.85, '1:atom_Hcount:kDelta': 0.9, '1:atom_AtomicNumber_count_1:kDelta': 0.95, '1:atom_AtomicNumber_count_2:kDelta': 0.95, '1:atom_Chiral:kDelta': 0.9, '1:bond_Order:kDelta': 0.9, '1:bond_Stereo:kDelta': 0.9, '1:bond_RingStereo:kDelta': 0.75, '1:q:q': 0.01, '2:features_kernel:Matern32': 7498.1, '3:features_kernel:Matern32': 2083.1, '4:features_kernel:Matern32': 3884.1, '5:features_kernel:Matern32': 103.1, '6:features_kernel:Matern32': 8025.1, '7:features_kernel:Matern32': 1646.1, '8:features_kernel:Matern32': 86.1, '9:features_kernel:Matern32': 2270.1, '10:features_kernel:Matern32': 4913.1, '11:features_kernel:Matern32': 5846.1, '12:features_kernel:Matern32': 5523.1, '13:features_kernel:Matern32': 8716.1, '14:features_kernel:Matern32': 1420.1, 'alpha': 0.016}. Best is trial 21 with value: 2.051615204071771.
/gpfs_common/share03/ddomlab/sdehgha2/working_space/GP_collab/code_python/training/MGK_and_tools/mgktools/mgktools/kernels/base.py:225: UserWarning: The distribution is specified by [0.1, 10000] and step=1, but the range is not divisible by `step`. It will be replaced with [0.1, 9999.1].
  self.unique_name: trial.suggest_float(
[I 2026-05-04 05:11:28,206] Trial 27 finished with value: 2.117979821645047 and parameters: {'0:atom_AtomicNumber:kDelta': 0.75, '0:atom_AtomicNumber_list_1:kConv': 1.0, '0:atom_AtomicNumber_list_2:kConv': 0.75, '0:atom_AtomicNumber_list_3:kConv': 0.95, '0:atom_AtomicNumber_list_4:kConv': 0.8, '0:atom_MorganHash:kDelta': 0.85, '0:atom_Ring_count:kDelta': 1.0, '0:atom_RingSize_list:kConv': 0.85, '0:atom_Hcount:kDelta': 1.0, '0:atom_AtomicNumber_count_1:kDelta': 0.95, '0:atom_AtomicNumber_count_2:kDelta': 0.9, '0:atom_Chiral:kDelta': 0.85, '0:bond_Order:kDelta': 1.0, '0:bond_Stereo:kDelta': 0.8, '0:bond_RingStereo:kDelta': 0.8, '0:q:q': 0.42000000000000004, '1:atom_AtomicNumber:kDelta': 1.0, '1:atom_AtomicNumber_list_1:kConv': 0.85, '1:atom_AtomicNumber_list_2:kConv': 0.85, '1:atom_AtomicNumber_list_3:kConv': 1.0, '1:atom_AtomicNumber_list_4:kConv': 0.8, '1:atom_MorganHash:kDelta': 0.8, '1:atom_Ring_count:kDelta': 1.0, '1:atom_RingSize_list:kConv': 0.8, '1:atom_Hcount:kDelta': 0.95, '1:atom_AtomicNumber_count_1:kDelta': 1.0, '1:atom_AtomicNumber_count_2:kDelta': 1.0, '1:atom_Chiral:kDelta': 0.8, '1:bond_Order:kDelta': 0.85, '1:bond_Stereo:kDelta': 0.85, '1:bond_RingStereo:kDelta': 0.8, '1:q:q': 0.11, '2:features_kernel:Matern32': 9163.1, '3:features_kernel:Matern32': 183.1, '4:features_kernel:Matern32': 654.1, '5:features_kernel:Matern32': 1282.1, '6:features_kernel:Matern32': 7357.1, '7:features_kernel:Matern32': 2406.1, '8:features_kernel:Matern32': 2829.1, '9:features_kernel:Matern32': 613.1, '10:features_kernel:Matern32': 2138.1, '11:features_kernel:Matern32': 8463.1, '12:features_kernel:Matern32': 7041.1, '13:features_kernel:Matern32': 7375.1, '14:features_kernel:Matern32': 5750.1, 'alpha': 0.015}. Best is trial 21 with value: 2.051615204071771.
/gpfs_common/share03/ddomlab/sdehgha2/working_space/GP_collab/code_python/training/MGK_and_tools/mgktools/mgktools/kernels/base.py:225: UserWarning: The distribution is specified by [0.1, 10000] and step=1, but the range is not divisible by `step`. It will be replaced with [0.1, 9999.1].
  self.unique_name: trial.suggest_float(
[I 2026-05-04 05:12:43,586] Trial 28 finished with value: 2.157924525192121 and parameters: {'0:atom_AtomicNumber:kDelta': 0.8, '0:atom_AtomicNumber_list_1:kConv': 0.95, '0:atom_AtomicNumber_list_2:kConv': 0.75, '0:atom_AtomicNumber_list_3:kConv': 1.0, '0:atom_AtomicNumber_list_4:kConv': 0.85, '0:atom_MorganHash:kDelta': 0.75, '0:atom_Ring_count:kDelta': 1.0, '0:atom_RingSize_list:kConv': 0.8, '0:atom_Hcount:kDelta': 0.95, '0:atom_AtomicNumber_count_1:kDelta': 0.85, '0:atom_AtomicNumber_count_2:kDelta': 0.95, '0:atom_Chiral:kDelta': 0.9, '0:bond_Order:kDelta': 0.95, '0:bond_Stereo:kDelta': 0.75, '0:bond_RingStereo:kDelta': 0.85, '0:q:q': 0.22, '1:atom_AtomicNumber:kDelta': 0.95, '1:atom_AtomicNumber_list_1:kConv': 0.8, '1:atom_AtomicNumber_list_2:kConv': 0.9, '1:atom_AtomicNumber_list_3:kConv': 0.95, '1:atom_AtomicNumber_list_4:kConv': 0.8, '1:atom_MorganHash:kDelta': 0.85, '1:atom_Ring_count:kDelta': 0.9, '1:atom_RingSize_list:kConv': 0.8, '1:atom_Hcount:kDelta': 0.9, '1:atom_AtomicNumber_count_1:kDelta': 0.9, '1:atom_AtomicNumber_count_2:kDelta': 0.9, '1:atom_Chiral:kDelta': 0.85, '1:bond_Order:kDelta': 0.8, '1:bond_Stereo:kDelta': 0.8, '1:bond_RingStereo:kDelta': 0.75, '1:q:q': 0.05, '2:features_kernel:Matern32': 5784.1, '3:features_kernel:Matern32': 3583.1, '4:features_kernel:Matern32': 4279.1, '5:features_kernel:Matern32': 2831.1, '6:features_kernel:Matern32': 6038.1, '7:features_kernel:Matern32': 4282.1, '8:features_kernel:Matern32': 4947.1, '9:features_kernel:Matern32': 2240.1, '10:features_kernel:Matern32': 4617.1, '11:features_kernel:Matern32': 7343.1, '12:features_kernel:Matern32': 3039.1, '13:features_kernel:Matern32': 5908.1, '14:features_kernel:Matern32': 4597.1, 'alpha': 0.044000000000000004}. Best is trial 21 with value: 2.051615204071771.
/gpfs_common/share03/ddomlab/sdehgha2/working_space/GP_collab/code_python/training/MGK_and_tools/mgktools/mgktools/kernels/base.py:225: UserWarning: The distribution is specified by [0.1, 10000] and step=1, but the range is not divisible by `step`. It will be replaced with [0.1, 9999.1].
  self.unique_name: trial.suggest_float(
[I 2026-05-04 05:13:52,637] Trial 29 finished with value: 2.056259055921317 and parameters: {'0:atom_AtomicNumber:kDelta': 0.85, '0:atom_AtomicNumber_list_1:kConv': 1.0, '0:atom_AtomicNumber_list_2:kConv': 0.8, '0:atom_AtomicNumber_list_3:kConv': 0.95, '0:atom_AtomicNumber_list_4:kConv': 0.9, '0:atom_MorganHash:kDelta': 0.75, '0:atom_Ring_count:kDelta': 0.95, '0:atom_RingSize_list:kConv': 0.9, '0:atom_Hcount:kDelta': 1.0, '0:atom_AtomicNumber_count_1:kDelta': 0.95, '0:atom_AtomicNumber_count_2:kDelta': 1.0, '0:atom_Chiral:kDelta': 0.8, '0:bond_Order:kDelta': 0.95, '0:bond_Stereo:kDelta': 0.8, '0:bond_RingStereo:kDelta': 0.8, '0:q:q': 0.4, '1:atom_AtomicNumber:kDelta': 0.85, '1:atom_AtomicNumber_list_1:kConv': 0.85, '1:atom_AtomicNumber_list_2:kConv': 0.85, '1:atom_AtomicNumber_list_3:kConv': 1.0, '1:atom_AtomicNumber_list_4:kConv': 0.75, '1:atom_MorganHash:kDelta': 0.75, '1:atom_Ring_count:kDelta': 0.95, '1:atom_RingSize_list:kConv': 0.85, '1:atom_Hcount:kDelta': 0.85, '1:atom_AtomicNumber_count_1:kDelta': 0.95, '1:atom_AtomicNumber_count_2:kDelta': 0.95, '1:atom_Chiral:kDelta': 0.9, '1:bond_Order:kDelta': 0.9, '1:bond_Stereo:kDelta': 0.85, '1:bond_RingStereo:kDelta': 0.8, '1:q:q': 0.08, '2:features_kernel:Matern32': 7347.1, '3:features_kernel:Matern32': 978.1, '4:features_kernel:Matern32': 5837.1, '5:features_kernel:Matern32': 3242.1, '6:features_kernel:Matern32': 2434.1, '7:features_kernel:Matern32': 943.1, '8:features_kernel:Matern32': 1626.1, '9:features_kernel:Matern32': 850.1, '10:features_kernel:Matern32': 1953.1, '11:features_kernel:Matern32': 9968.1, '12:features_kernel:Matern32': 5357.1, '13:features_kernel:Matern32': 8719.1, '14:features_kernel:Matern32': 2118.1, 'alpha': 0.008}. Best is trial 21 with value: 2.051615204071771.
/gpfs_common/share03/ddomlab/sdehgha2/working_space/GP_collab/code_python/training/MGK_and_tools/mgktools/mgktools/kernels/base.py:225: UserWarning: The distribution is specified by [0.1, 10000] and step=1, but the range is not divisible by `step`. It will be replaced with [0.1, 9999.1].
  self.unique_name: trial.suggest_float(
[I 2026-05-04 05:15:00,943] Trial 30 finished with value: 2.060187019378791 and parameters: {'0:atom_AtomicNumber:kDelta': 0.85, '0:atom_AtomicNumber_list_1:kConv': 1.0, '0:atom_AtomicNumber_list_2:kConv': 0.8, '0:atom_AtomicNumber_list_3:kConv': 0.95, '0:atom_AtomicNumber_list_4:kConv': 0.9, '0:atom_MorganHash:kDelta': 0.8, '0:atom_Ring_count:kDelta': 0.95, '0:atom_RingSize_list:kConv': 0.9, '0:atom_Hcount:kDelta': 1.0, '0:atom_AtomicNumber_count_1:kDelta': 0.9, '0:atom_AtomicNumber_count_2:kDelta': 1.0, '0:atom_Chiral:kDelta': 0.8, '0:bond_Order:kDelta': 1.0, '0:bond_Stereo:kDelta': 0.8, '0:bond_RingStereo:kDelta': 0.9, '0:q:q': 0.47000000000000003, '1:atom_AtomicNumber:kDelta': 0.85, '1:atom_AtomicNumber_list_1:kConv': 0.85, '1:atom_AtomicNumber_list_2:kConv': 0.75, '1:atom_AtomicNumber_list_3:kConv': 1.0, '1:atom_AtomicNumber_list_4:kConv': 0.75, '1:atom_MorganHash:kDelta': 0.75, '1:atom_Ring_count:kDelta': 1.0, '1:atom_RingSize_list:kConv': 0.85, '1:atom_Hcount:kDelta': 0.85, '1:atom_AtomicNumber_count_1:kDelta': 0.95, '1:atom_AtomicNumber_count_2:kDelta': 1.0, '1:atom_Chiral:kDelta': 0.95, '1:bond_Order:kDelta': 0.9, '1:bond_Stereo:kDelta': 0.95, '1:bond_RingStereo:kDelta': 0.8, '1:q:q': 0.09, '2:features_kernel:Matern32': 7238.1, '3:features_kernel:Matern32': 883.1, '4:features_kernel:Matern32': 6484.1, '5:features_kernel:Matern32': 3497.1, '6:features_kernel:Matern32': 2581.1, '7:features_kernel:Matern32': 979.1, '8:features_kernel:Matern32': 1768.1, '9:features_kernel:Matern32': 4489.1, '10:features_kernel:Matern32': 1729.1, '11:features_kernel:Matern32': 9972.1, '12:features_kernel:Matern32': 5342.1, '13:features_kernel:Matern32': 9718.1, '14:features_kernel:Matern32': 1372.1, 'alpha': 0.006}. Best is trial 21 with value: 2.051615204071771.
/gpfs_common/share03/ddomlab/sdehgha2/working_space/GP_collab/code_python/training/MGK_and_tools/mgktools/mgktools/kernels/base.py:225: UserWarning: The distribution is specified by [0.1, 10000] and step=1, but the range is not divisible by `step`. It will be replaced with [0.1, 9999.1].
  self.unique_name: trial.suggest_float(
[I 2026-05-04 05:16:09,652] Trial 31 finished with value: 2.0734376192874997 and parameters: {'0:atom_AtomicNumber:kDelta': 0.75, '0:atom_AtomicNumber_list_1:kConv': 1.0, '0:atom_AtomicNumber_list_2:kConv': 0.75, '0:atom_AtomicNumber_list_3:kConv': 1.0, '0:atom_AtomicNumber_list_4:kConv': 0.85, '0:atom_MorganHash:kDelta': 0.75, '0:atom_Ring_count:kDelta': 1.0, '0:atom_RingSize_list:kConv': 0.9, '0:atom_Hcount:kDelta': 0.95, '0:atom_AtomicNumber_count_1:kDelta': 0.95, '0:atom_AtomicNumber_count_2:kDelta': 0.95, '0:atom_Chiral:kDelta': 0.85, '0:bond_Order:kDelta': 0.95, '0:bond_Stereo:kDelta': 0.75, '0:bond_RingStereo:kDelta': 0.8, '0:q:q': 0.41000000000000003, '1:atom_AtomicNumber:kDelta': 0.85, '1:atom_AtomicNumber_list_1:kConv': 0.8, '1:atom_AtomicNumber_list_2:kConv': 0.85, '1:atom_AtomicNumber_list_3:kConv': 0.95, '1:atom_AtomicNumber_list_4:kConv': 0.75, '1:atom_MorganHash:kDelta': 0.75, '1:atom_Ring_count:kDelta': 0.95, '1:atom_RingSize_list:kConv': 0.85, '1:atom_Hcount:kDelta': 0.85, '1:atom_AtomicNumber_count_1:kDelta': 0.95, '1:atom_AtomicNumber_count_2:kDelta': 0.95, '1:atom_Chiral:kDelta': 0.9, '1:bond_Order:kDelta': 0.9, '1:bond_Stereo:kDelta': 0.85, '1:bond_RingStereo:kDelta': 0.75, '1:q:q': 0.060000000000000005, '2:features_kernel:Matern32': 8223.1, '3:features_kernel:Matern32': 2178.1, '4:features_kernel:Matern32': 7339.1, '5:features_kernel:Matern32': 1260.1, '6:features_kernel:Matern32': 5240.1, '7:features_kernel:Matern32': 137.1, '8:features_kernel:Matern32': 2820.1, '9:features_kernel:Matern32': 831.1, '10:features_kernel:Matern32': 3782.1, '11:features_kernel:Matern32': 8286.1, '12:features_kernel:Matern32': 4012.1, '13:features_kernel:Matern32': 8477.1, '14:features_kernel:Matern32': 2988.1, 'alpha': 0.001}. Best is trial 21 with value: 2.051615204071771.
/gpfs_common/share03/ddomlab/sdehgha2/working_space/GP_collab/code_python/training/MGK_and_tools/mgktools/mgktools/kernels/base.py:225: UserWarning: The distribution is specified by [0.1, 10000] and step=1, but the range is not divisible by `step`. It will be replaced with [0.1, 9999.1].
  self.unique_name: trial.suggest_float(
[I 2026-05-04 05:17:11,463] Trial 32 finished with value: 2.054205579097401 and parameters: {'0:atom_AtomicNumber:kDelta': 0.8, '0:atom_AtomicNumber_list_1:kConv': 0.95, '0:atom_AtomicNumber_list_2:kConv': 0.8, '0:atom_AtomicNumber_list_3:kConv': 1.0, '0:atom_AtomicNumber_list_4:kConv': 0.9, '0:atom_MorganHash:kDelta': 0.75, '0:atom_Ring_count:kDelta': 1.0, '0:atom_RingSize_list:kConv': 0.85, '0:atom_Hcount:kDelta': 1.0, '0:atom_AtomicNumber_count_1:kDelta': 0.95, '0:atom_AtomicNumber_count_2:kDelta': 1.0, '0:atom_Chiral:kDelta': 0.8, '0:bond_Order:kDelta': 0.95, '0:bond_Stereo:kDelta': 0.8, '0:bond_RingStereo:kDelta': 0.8, '0:q:q': 0.35000000000000003, '1:atom_AtomicNumber:kDelta': 0.9, '1:atom_AtomicNumber_list_1:kConv': 0.85, '1:atom_AtomicNumber_list_2:kConv': 0.85, '1:atom_AtomicNumber_list_3:kConv': 1.0, '1:atom_AtomicNumber_list_4:kConv': 0.75, '1:atom_MorganHash:kDelta': 0.75, '1:atom_Ring_count:kDelta': 0.95, '1:atom_RingSize_list:kConv': 0.8, '1:atom_Hcount:kDelta': 0.9, '1:atom_AtomicNumber_count_1:kDelta': 0.95, '1:atom_AtomicNumber_count_2:kDelta': 0.95, '1:atom_Chiral:kDelta': 0.9, '1:bond_Order:kDelta': 0.95, '1:bond_Stereo:kDelta': 0.8, '1:bond_RingStereo:kDelta': 0.75, '1:q:q': 0.03, '2:features_kernel:Matern32': 6239.1, '3:features_kernel:Matern32': 1438.1, '4:features_kernel:Matern32': 5768.1, '5:features_kernel:Matern32': 2328.1, '6:features_kernel:Matern32': 4292.1, '7:features_kernel:Matern32': 919.1, '8:features_kernel:Matern32': 614.1, '9:features_kernel:Matern32': 1735.1, '10:features_kernel:Matern32': 1875.1, '11:features_kernel:Matern32': 9369.1, '12:features_kernel:Matern32': 2587.1, '13:features_kernel:Matern32': 9092.1, '14:features_kernel:Matern32': 2208.1, 'alpha': 0.008}. Best is trial 21 with value: 2.051615204071771.
/gpfs_common/share03/ddomlab/sdehgha2/working_space/GP_collab/code_python/training/MGK_and_tools/mgktools/mgktools/kernels/base.py:225: UserWarning: The distribution is specified by [0.1, 10000] and step=1, but the range is not divisible by `step`. It will be replaced with [0.1, 9999.1].
  self.unique_name: trial.suggest_float(
[I 2026-05-04 05:18:24,329] Trial 33 finished with value: 2.0903723373718983 and parameters: {'0:atom_AtomicNumber:kDelta': 0.8, '0:atom_AtomicNumber_list_1:kConv': 1.0, '0:atom_AtomicNumber_list_2:kConv': 0.8, '0:atom_AtomicNumber_list_3:kConv': 0.95, '0:atom_AtomicNumber_list_4:kConv': 0.95, '0:atom_MorganHash:kDelta': 0.75, '0:atom_Ring_count:kDelta': 0.95, '0:atom_RingSize_list:kConv': 0.9, '0:atom_Hcount:kDelta': 1.0, '0:atom_AtomicNumber_count_1:kDelta': 0.95, '0:atom_AtomicNumber_count_2:kDelta': 1.0, '0:atom_Chiral:kDelta': 0.8, '0:bond_Order:kDelta': 1.0, '0:bond_Stereo:kDelta': 0.8, '0:bond_RingStereo:kDelta': 0.85, '0:q:q': 0.36000000000000004, '1:atom_AtomicNumber:kDelta': 0.8, '1:atom_AtomicNumber_list_1:kConv': 0.85, '1:atom_AtomicNumber_list_2:kConv': 0.8, '1:atom_AtomicNumber_list_3:kConv': 1.0, '1:atom_AtomicNumber_list_4:kConv': 0.75, '1:atom_MorganHash:kDelta': 0.8, '1:atom_Ring_count:kDelta': 0.9, '1:atom_RingSize_list:kConv': 0.9, '1:atom_Hcount:kDelta': 0.9, '1:atom_AtomicNumber_count_1:kDelta': 0.9, '1:atom_AtomicNumber_count_2:kDelta': 0.9, '1:atom_Chiral:kDelta': 0.9, '1:bond_Order:kDelta': 1.0, '1:bond_Stereo:kDelta': 0.8, '1:bond_RingStereo:kDelta': 0.8, '1:q:q': 0.01, '2:features_kernel:Matern32': 5987.1, '3:features_kernel:Matern32': 1095.1, '4:features_kernel:Matern32': 5476.1, '5:features_kernel:Matern32': 2648.1, '6:features_kernel:Matern32': 2225.1, '7:features_kernel:Matern32': 899.1, '8:features_kernel:Matern32': 706.1, '9:features_kernel:Matern32': 1798.1, '10:features_kernel:Matern32': 1749.1, '11:features_kernel:Matern32': 9432.1, '12:features_kernel:Matern32': 1310.1, '13:features_kernel:Matern32': 9056.1, '14:features_kernel:Matern32': 1925.1, 'alpha': 0.017}. Best is trial 21 with value: 2.051615204071771.
/gpfs_common/share03/ddomlab/sdehgha2/working_space/GP_collab/code_python/training/MGK_and_tools/mgktools/mgktools/kernels/base.py:225: UserWarning: The distribution is specified by [0.1, 10000] and step=1, but the range is not divisible by `step`. It will be replaced with [0.1, 9999.1].
  self.unique_name: trial.suggest_float(
[I 2026-05-04 05:19:33,452] Trial 34 finished with value: 2.12747573278916 and parameters: {'0:atom_AtomicNumber:kDelta': 0.85, '0:atom_AtomicNumber_list_1:kConv': 0.95, '0:atom_AtomicNumber_list_2:kConv': 0.9, '0:atom_AtomicNumber_list_3:kConv': 1.0, '0:atom_AtomicNumber_list_4:kConv': 0.9, '0:atom_MorganHash:kDelta': 0.8, '0:atom_Ring_count:kDelta': 1.0, '0:atom_RingSize_list:kConv': 0.95, '0:atom_Hcount:kDelta': 1.0, '0:atom_AtomicNumber_count_1:kDelta': 0.9, '0:atom_AtomicNumber_count_2:kDelta': 1.0, '0:atom_Chiral:kDelta': 0.75, '0:bond_Order:kDelta': 0.95, '0:bond_Stereo:kDelta': 0.8, '0:bond_RingStereo:kDelta': 0.8, '0:q:q': 0.5, '1:atom_AtomicNumber:kDelta': 0.85, '1:atom_AtomicNumber_list_1:kConv': 0.85, '1:atom_AtomicNumber_list_2:kConv': 0.85, '1:atom_AtomicNumber_list_3:kConv': 1.0, '1:atom_AtomicNumber_list_4:kConv': 0.75, '1:atom_MorganHash:kDelta': 0.75, '1:atom_Ring_count:kDelta': 0.95, '1:atom_RingSize_list:kConv': 0.8, '1:atom_Hcount:kDelta': 0.85, '1:atom_AtomicNumber_count_1:kDelta': 1.0, '1:atom_AtomicNumber_count_2:kDelta': 0.95, '1:atom_Chiral:kDelta': 0.95, '1:bond_Order:kDelta': 0.95, '1:bond_Stereo:kDelta': 0.85, '1:bond_RingStereo:kDelta': 0.75, '1:q:q': 0.08, '2:features_kernel:Matern32': 4987.1, '3:features_kernel:Matern32': 1670.1, '4:features_kernel:Matern32': 5822.1, '5:features_kernel:Matern32': 2556.1, '6:features_kernel:Matern32': 4346.1, '7:features_kernel:Matern32': 1441.1, '8:features_kernel:Matern32': 1554.1, '9:features_kernel:Matern32': 2336.1, '10:features_kernel:Matern32': 878.1, '11:features_kernel:Matern32': 9510.1, '12:features_kernel:Matern32': 2667.1, '13:features_kernel:Matern32': 7357.1, '14:features_kernel:Matern32': 1973.1, 'alpha': 0.028}. Best is trial 21 with value: 2.051615204071771.
/gpfs_common/share03/ddomlab/sdehgha2/working_space/GP_collab/code_python/training/MGK_and_tools/mgktools/mgktools/kernels/base.py:225: UserWarning: The distribution is specified by [0.1, 10000] and step=1, but the range is not divisible by `step`. It will be replaced with [0.1, 9999.1].
  self.unique_name: trial.suggest_float(
