[I 2026-05-03 17:44:15,188] Trial 19 finished with value: 2.1461672805080187 and parameters: {'0:atom_AtomicNumber:kDelta': 0.8, '0:atom_AtomicNumber_list_1:kConv': 0.85, '0:atom_AtomicNumber_list_2:kConv': 0.8, '0:atom_AtomicNumber_list_3:kConv': 0.95, '0:atom_AtomicNumber_list_4:kConv': 0.85, '0:atom_MorganHash:kDelta': 0.95, '0:atom_Ring_count:kDelta': 0.9, '0:atom_RingSize_list:kConv': 0.95, '0:atom_Hcount:kDelta': 0.8, '0:atom_AtomicNumber_count_1:kDelta': 0.9, '0:atom_AtomicNumber_count_2:kDelta': 1.0, '0:atom_Chiral:kDelta': 1.0, '0:bond_Order:kDelta': 0.8, '0:bond_Stereo:kDelta': 0.85, '0:bond_RingStereo:kDelta': 0.95, '0:q:q': 0.14, '1:atom_AtomicNumber:kDelta': 0.8, '1:atom_AtomicNumber_list_1:kConv': 0.85, '1:atom_AtomicNumber_list_2:kConv': 0.75, '1:atom_AtomicNumber_list_3:kConv': 0.95, '1:atom_AtomicNumber_list_4:kConv': 0.85, '1:atom_MorganHash:kDelta': 0.85, '1:atom_Ring_count:kDelta': 0.85, '1:atom_RingSize_list:kConv': 0.9, '1:atom_Hcount:kDelta': 0.8, '1:atom_AtomicNumber_count_1:kDelta': 1.0, '1:atom_AtomicNumber_count_2:kDelta': 0.9, '1:atom_Chiral:kDelta': 0.95, '1:bond_Order:kDelta': 0.8, '1:bond_Stereo:kDelta': 0.95, '1:bond_RingStereo:kDelta': 0.9, '1:q:q': 0.09, '2:features_kernel:Matern32': 5738.1, '3:features_kernel:Matern32': 5891.1, '4:features_kernel:Matern32': 3936.1, '5:features_kernel:Matern32': 118.1, '6:features_kernel:Matern32': 4784.1, '7:features_kernel:Matern32': 7279.1, '8:features_kernel:Matern32': 8565.1, '9:features_kernel:Matern32': 374.1, '10:features_kernel:Matern32': 230.1, '11:features_kernel:Matern32': 8036.1, '12:features_kernel:Matern32': 8515.1, '13:features_kernel:Matern32': 324.1, '14:features_kernel:Matern32': 3888.1, 'alpha': 0.030000000000000002}. Best is trial 16 with value: 2.0630099212760884.
/gpfs_common/share03/ddomlab/sdehgha2/working_space/GP_collab/code_python/training/MGK_and_tools/mgktools/mgktools/kernels/base.py:225: UserWarning: The distribution is specified by [0.1, 10000] and step=1, but the range is not divisible by `step`. It will be replaced with [0.1, 9999.1].
  self.unique_name: trial.suggest_float(
[I 2026-05-03 17:45:15,563] Trial 20 finished with value: 2.143082135629422 and parameters: {'0:atom_AtomicNumber:kDelta': 0.75, '0:atom_AtomicNumber_list_1:kConv': 0.75, '0:atom_AtomicNumber_list_2:kConv': 0.75, '0:atom_AtomicNumber_list_3:kConv': 1.0, '0:atom_AtomicNumber_list_4:kConv': 0.8, '0:atom_MorganHash:kDelta': 1.0, '0:atom_Ring_count:kDelta': 0.85, '0:atom_RingSize_list:kConv': 1.0, '0:atom_Hcount:kDelta': 0.75, '0:atom_AtomicNumber_count_1:kDelta': 0.95, '0:atom_AtomicNumber_count_2:kDelta': 0.95, '0:atom_Chiral:kDelta': 0.9, '0:bond_Order:kDelta': 0.9, '0:bond_Stereo:kDelta': 0.75, '0:bond_RingStereo:kDelta': 0.9, '0:q:q': 0.2, '1:atom_AtomicNumber:kDelta': 0.9, '1:atom_AtomicNumber_list_1:kConv': 0.8, '1:atom_AtomicNumber_list_2:kConv': 0.95, '1:atom_AtomicNumber_list_3:kConv': 0.9, '1:atom_AtomicNumber_list_4:kConv': 0.8, '1:atom_MorganHash:kDelta': 0.75, '1:atom_Ring_count:kDelta': 0.75, '1:atom_RingSize_list:kConv': 0.8, '1:atom_Hcount:kDelta': 0.85, '1:atom_AtomicNumber_count_1:kDelta': 0.8, '1:atom_AtomicNumber_count_2:kDelta': 0.8, '1:atom_Chiral:kDelta': 1.0, '1:bond_Order:kDelta': 0.75, '1:bond_Stereo:kDelta': 0.9, '1:bond_RingStereo:kDelta': 0.8, '1:q:q': 0.16, '2:features_kernel:Matern32': 4135.1, '3:features_kernel:Matern32': 7564.1, '4:features_kernel:Matern32': 1890.1, '5:features_kernel:Matern32': 1622.1, '6:features_kernel:Matern32': 7935.1, '7:features_kernel:Matern32': 4098.1, '8:features_kernel:Matern32': 6094.1, '9:features_kernel:Matern32': 9114.1, '10:features_kernel:Matern32': 6423.1, '11:features_kernel:Matern32': 6113.1, '12:features_kernel:Matern32': 2388.1, '13:features_kernel:Matern32': 2937.1, '14:features_kernel:Matern32': 5282.1, 'alpha': 0.046}. Best is trial 16 with value: 2.0630099212760884.
/gpfs_common/share03/ddomlab/sdehgha2/working_space/GP_collab/code_python/training/MGK_and_tools/mgktools/mgktools/kernels/base.py:225: UserWarning: The distribution is specified by [0.1, 10000] and step=1, but the range is not divisible by `step`. It will be replaced with [0.1, 9999.1].
  self.unique_name: trial.suggest_float(
[I 2026-05-03 17:46:19,363] Trial 21 finished with value: 2.067142071880187 and parameters: {'0:atom_AtomicNumber:kDelta': 0.8, '0:atom_AtomicNumber_list_1:kConv': 0.95, '0:atom_AtomicNumber_list_2:kConv': 0.85, '0:atom_AtomicNumber_list_3:kConv': 0.9, '0:atom_AtomicNumber_list_4:kConv': 0.95, '0:atom_MorganHash:kDelta': 0.85, '0:atom_Ring_count:kDelta': 0.75, '0:atom_RingSize_list:kConv': 1.0, '0:atom_Hcount:kDelta': 0.9, '0:atom_AtomicNumber_count_1:kDelta': 1.0, '0:atom_AtomicNumber_count_2:kDelta': 1.0, '0:atom_Chiral:kDelta': 0.95, '0:bond_Order:kDelta': 0.75, '0:bond_Stereo:kDelta': 1.0, '0:bond_RingStereo:kDelta': 0.85, '0:q:q': 0.06999999999999999, '1:atom_AtomicNumber:kDelta': 0.85, '1:atom_AtomicNumber_list_1:kConv': 0.8, '1:atom_AtomicNumber_list_2:kConv': 0.95, '1:atom_AtomicNumber_list_3:kConv': 1.0, '1:atom_AtomicNumber_list_4:kConv': 0.75, '1:atom_MorganHash:kDelta': 0.8, '1:atom_Ring_count:kDelta': 0.8, '1:atom_RingSize_list:kConv': 0.75, '1:atom_Hcount:kDelta': 1.0, '1:atom_AtomicNumber_count_1:kDelta': 0.8, '1:atom_AtomicNumber_count_2:kDelta': 0.85, '1:atom_Chiral:kDelta': 0.8, '1:bond_Order:kDelta': 0.8, '1:bond_Stereo:kDelta': 1.0, '1:bond_RingStereo:kDelta': 1.0, '1:q:q': 0.24000000000000002, '2:features_kernel:Matern32': 2992.1, '3:features_kernel:Matern32': 9117.1, '4:features_kernel:Matern32': 7228.1, '5:features_kernel:Matern32': 2002.1, '6:features_kernel:Matern32': 2595.1, '7:features_kernel:Matern32': 5459.1, '8:features_kernel:Matern32': 3805.1, '9:features_kernel:Matern32': 7995.1, '10:features_kernel:Matern32': 4716.1, '11:features_kernel:Matern32': 4202.1, '12:features_kernel:Matern32': 9332.1, '13:features_kernel:Matern32': 5642.1, '14:features_kernel:Matern32': 2115.1, 'alpha': 0.007}. Best is trial 16 with value: 2.0630099212760884.
/gpfs_common/share03/ddomlab/sdehgha2/working_space/GP_collab/code_python/training/MGK_and_tools/mgktools/mgktools/kernels/base.py:225: UserWarning: The distribution is specified by [0.1, 10000] and step=1, but the range is not divisible by `step`. It will be replaced with [0.1, 9999.1].
  self.unique_name: trial.suggest_float(
[I 2026-05-03 17:47:24,888] Trial 22 finished with value: 2.0715169866356202 and parameters: {'0:atom_AtomicNumber:kDelta': 0.85, '0:atom_AtomicNumber_list_1:kConv': 1.0, '0:atom_AtomicNumber_list_2:kConv': 0.9, '0:atom_AtomicNumber_list_3:kConv': 0.85, '0:atom_AtomicNumber_list_4:kConv': 0.9, '0:atom_MorganHash:kDelta': 0.95, '0:atom_Ring_count:kDelta': 0.85, '0:atom_RingSize_list:kConv': 1.0, '0:atom_Hcount:kDelta': 0.8, '0:atom_AtomicNumber_count_1:kDelta': 0.95, '0:atom_AtomicNumber_count_2:kDelta': 1.0, '0:atom_Chiral:kDelta': 0.95, '0:bond_Order:kDelta': 0.75, '0:bond_Stereo:kDelta': 0.85, '0:bond_RingStereo:kDelta': 0.85, '0:q:q': 0.09999999999999999, '1:atom_AtomicNumber:kDelta': 0.85, '1:atom_AtomicNumber_list_1:kConv': 0.8, '1:atom_AtomicNumber_list_2:kConv': 0.95, '1:atom_AtomicNumber_list_3:kConv': 1.0, '1:atom_AtomicNumber_list_4:kConv': 0.8, '1:atom_MorganHash:kDelta': 0.8, '1:atom_Ring_count:kDelta': 0.8, '1:atom_RingSize_list:kConv': 0.75, '1:atom_Hcount:kDelta': 0.9, '1:atom_AtomicNumber_count_1:kDelta': 0.75, '1:atom_AtomicNumber_count_2:kDelta': 0.85, '1:atom_Chiral:kDelta': 0.9, '1:bond_Order:kDelta': 0.8, '1:bond_Stereo:kDelta': 1.0, '1:bond_RingStereo:kDelta': 0.95, '1:q:q': 0.32, '2:features_kernel:Matern32': 4988.1, '3:features_kernel:Matern32': 5658.1, '4:features_kernel:Matern32': 9167.1, '5:features_kernel:Matern32': 3432.1, '6:features_kernel:Matern32': 4170.1, '7:features_kernel:Matern32': 2339.1, '8:features_kernel:Matern32': 1483.1, '9:features_kernel:Matern32': 9049.1, '10:features_kernel:Matern32': 5661.1, '11:features_kernel:Matern32': 6450.1, '12:features_kernel:Matern32': 7974.1, '13:features_kernel:Matern32': 6532.1, '14:features_kernel:Matern32': 158.1, 'alpha': 0.008}. Best is trial 16 with value: 2.0630099212760884.
/gpfs_common/share03/ddomlab/sdehgha2/working_space/GP_collab/code_python/training/MGK_and_tools/mgktools/mgktools/kernels/base.py:225: UserWarning: The distribution is specified by [0.1, 10000] and step=1, but the range is not divisible by `step`. It will be replaced with [0.1, 9999.1].
  self.unique_name: trial.suggest_float(
[I 2026-05-03 17:48:28,958] Trial 23 finished with value: 2.133498523014736 and parameters: {'0:atom_AtomicNumber:kDelta': 0.8, '0:atom_AtomicNumber_list_1:kConv': 0.9, '0:atom_AtomicNumber_list_2:kConv': 0.85, '0:atom_AtomicNumber_list_3:kConv': 0.9, '0:atom_AtomicNumber_list_4:kConv': 0.95, '0:atom_MorganHash:kDelta': 0.9, '0:atom_Ring_count:kDelta': 0.75, '0:atom_RingSize_list:kConv': 0.95, '0:atom_Hcount:kDelta': 0.75, '0:atom_AtomicNumber_count_1:kDelta': 1.0, '0:atom_AtomicNumber_count_2:kDelta': 1.0, '0:atom_Chiral:kDelta': 0.9, '0:bond_Order:kDelta': 0.75, '0:bond_Stereo:kDelta': 0.9, '0:bond_RingStereo:kDelta': 0.75, '0:q:q': 0.060000000000000005, '1:atom_AtomicNumber:kDelta': 0.8, '1:atom_AtomicNumber_list_1:kConv': 0.85, '1:atom_AtomicNumber_list_2:kConv': 0.9, '1:atom_AtomicNumber_list_3:kConv': 0.95, '1:atom_AtomicNumber_list_4:kConv': 0.75, '1:atom_MorganHash:kDelta': 0.75, '1:atom_Ring_count:kDelta': 0.85, '1:atom_RingSize_list:kConv': 0.75, '1:atom_Hcount:kDelta': 1.0, '1:atom_AtomicNumber_count_1:kDelta': 0.85, '1:atom_AtomicNumber_count_2:kDelta': 0.9, '1:atom_Chiral:kDelta': 0.95, '1:bond_Order:kDelta': 0.85, '1:bond_Stereo:kDelta': 0.95, '1:bond_RingStereo:kDelta': 0.9, '1:q:q': 0.45, '2:features_kernel:Matern32': 6685.1, '3:features_kernel:Matern32': 7554.1, '4:features_kernel:Matern32': 6421.1, '5:features_kernel:Matern32': 1648.1, '6:features_kernel:Matern32': 5233.1, '7:features_kernel:Matern32': 4464.1, '8:features_kernel:Matern32': 6133.1, '9:features_kernel:Matern32': 7196.1, '10:features_kernel:Matern32': 4340.1, '11:features_kernel:Matern32': 5274.1, '12:features_kernel:Matern32': 9072.1, '13:features_kernel:Matern32': 8425.1, '14:features_kernel:Matern32': 1456.1, 'alpha': 0.022000000000000002}. Best is trial 16 with value: 2.0630099212760884.
/gpfs_common/share03/ddomlab/sdehgha2/working_space/GP_collab/code_python/training/MGK_and_tools/mgktools/mgktools/kernels/base.py:225: UserWarning: The distribution is specified by [0.1, 10000] and step=1, but the range is not divisible by `step`. It will be replaced with [0.1, 9999.1].
  self.unique_name: trial.suggest_float(
[I 2026-05-03 17:49:41,563] Trial 24 finished with value: 2.0678109479209956 and parameters: {'0:atom_AtomicNumber:kDelta': 0.75, '0:atom_AtomicNumber_list_1:kConv': 1.0, '0:atom_AtomicNumber_list_2:kConv': 0.8, '0:atom_AtomicNumber_list_3:kConv': 0.95, '0:atom_AtomicNumber_list_4:kConv': 0.8, '0:atom_MorganHash:kDelta': 1.0, '0:atom_Ring_count:kDelta': 0.9, '0:atom_RingSize_list:kConv': 1.0, '0:atom_Hcount:kDelta': 1.0, '0:atom_AtomicNumber_count_1:kDelta': 0.9, '0:atom_AtomicNumber_count_2:kDelta': 0.95, '0:atom_Chiral:kDelta': 1.0, '0:bond_Order:kDelta': 0.8, '0:bond_Stereo:kDelta': 0.95, '0:bond_RingStereo:kDelta': 0.8, '0:q:q': 0.01, '1:atom_AtomicNumber:kDelta': 0.95, '1:atom_AtomicNumber_list_1:kConv': 0.75, '1:atom_AtomicNumber_list_2:kConv': 1.0, '1:atom_AtomicNumber_list_3:kConv': 1.0, '1:atom_AtomicNumber_list_4:kConv': 0.85, '1:atom_MorganHash:kDelta': 0.8, '1:atom_Ring_count:kDelta': 0.8, '1:atom_RingSize_list:kConv': 0.8, '1:atom_Hcount:kDelta': 0.8, '1:atom_AtomicNumber_count_1:kDelta': 0.8, '1:atom_AtomicNumber_count_2:kDelta': 0.8, '1:atom_Chiral:kDelta': 0.9, '1:bond_Order:kDelta': 0.75, '1:bond_Stereo:kDelta': 1.0, '1:bond_RingStereo:kDelta': 0.85, '1:q:q': 0.24000000000000002, '2:features_kernel:Matern32': 2230.1, '3:features_kernel:Matern32': 9092.1, '4:features_kernel:Matern32': 7894.1, '5:features_kernel:Matern32': 2534.1, '6:features_kernel:Matern32': 228.1, '7:features_kernel:Matern32': 5859.1, '8:features_kernel:Matern32': 1708.1, '9:features_kernel:Matern32': 8607.1, '10:features_kernel:Matern32': 3173.1, '11:features_kernel:Matern32': 7741.1, '12:features_kernel:Matern32': 9961.1, '13:features_kernel:Matern32': 1394.1, '14:features_kernel:Matern32': 3601.1, 'alpha': 0.010000000000000002}. Best is trial 16 with value: 2.0630099212760884.
/gpfs_common/share03/ddomlab/sdehgha2/working_space/GP_collab/code_python/training/MGK_and_tools/mgktools/mgktools/kernels/base.py:225: UserWarning: The distribution is specified by [0.1, 10000] and step=1, but the range is not divisible by `step`. It will be replaced with [0.1, 9999.1].
  self.unique_name: trial.suggest_float(
[I 2026-05-03 17:50:49,701] Trial 25 finished with value: 2.0969252345101173 and parameters: {'0:atom_AtomicNumber:kDelta': 0.85, '0:atom_AtomicNumber_list_1:kConv': 0.95, '0:atom_AtomicNumber_list_2:kConv': 0.9, '0:atom_AtomicNumber_list_3:kConv': 0.85, '0:atom_AtomicNumber_list_4:kConv': 0.85, '0:atom_MorganHash:kDelta': 0.8, '0:atom_Ring_count:kDelta': 0.85, '0:atom_RingSize_list:kConv': 0.95, '0:atom_Hcount:kDelta': 0.9, '0:atom_AtomicNumber_count_1:kDelta': 1.0, '0:atom_AtomicNumber_count_2:kDelta': 1.0, '0:atom_Chiral:kDelta': 0.95, '0:bond_Order:kDelta': 0.75, '0:bond_Stereo:kDelta': 0.8, '0:bond_RingStereo:kDelta': 0.9, '0:q:q': 0.12, '1:atom_AtomicNumber:kDelta': 0.75, '1:atom_AtomicNumber_list_1:kConv': 0.8, '1:atom_AtomicNumber_list_2:kConv': 0.95, '1:atom_AtomicNumber_list_3:kConv': 0.95, '1:atom_AtomicNumber_list_4:kConv': 0.8, '1:atom_MorganHash:kDelta': 0.75, '1:atom_Ring_count:kDelta': 0.75, '1:atom_RingSize_list:kConv': 0.75, '1:atom_Hcount:kDelta': 0.75, '1:atom_AtomicNumber_count_1:kDelta': 0.9, '1:atom_AtomicNumber_count_2:kDelta': 0.85, '1:atom_Chiral:kDelta': 0.75, '1:bond_Order:kDelta': 0.8, '1:bond_Stereo:kDelta': 0.95, '1:bond_RingStereo:kDelta': 0.8, '1:q:q': 0.06999999999999999, '2:features_kernel:Matern32': 3956.1, '3:features_kernel:Matern32': 178.1, '4:features_kernel:Matern32': 5460.1, '5:features_kernel:Matern32': 987.1, '6:features_kernel:Matern32': 7126.1, '7:features_kernel:Matern32': 8030.1, '8:features_kernel:Matern32': 3695.1, '9:features_kernel:Matern32': 9921.1, '10:features_kernel:Matern32': 5425.1, '11:features_kernel:Matern32': 9478.1, '12:features_kernel:Matern32': 8701.1, '13:features_kernel:Matern32': 9910.1, '14:features_kernel:Matern32': 1882.1, 'alpha': 0.001}. Best is trial 16 with value: 2.0630099212760884.
/gpfs_common/share03/ddomlab/sdehgha2/working_space/GP_collab/code_python/training/MGK_and_tools/mgktools/mgktools/kernels/base.py:225: UserWarning: The distribution is specified by [0.1, 10000] and step=1, but the range is not divisible by `step`. It will be replaced with [0.1, 9999.1].
  self.unique_name: trial.suggest_float(
[I 2026-05-03 17:51:55,911] Trial 26 finished with value: 2.146535775758766 and parameters: {'0:atom_AtomicNumber:kDelta': 0.8, '0:atom_AtomicNumber_list_1:kConv': 0.8, '0:atom_AtomicNumber_list_2:kConv': 0.85, '0:atom_AtomicNumber_list_3:kConv': 0.9, '0:atom_AtomicNumber_list_4:kConv': 0.75, '0:atom_MorganHash:kDelta': 0.85, '0:atom_Ring_count:kDelta': 1.0, '0:atom_RingSize_list:kConv': 0.9, '0:atom_Hcount:kDelta': 0.8, '0:atom_AtomicNumber_count_1:kDelta': 0.95, '0:atom_AtomicNumber_count_2:kDelta': 0.9, '0:atom_Chiral:kDelta': 0.85, '0:bond_Order:kDelta': 0.8, '0:bond_Stereo:kDelta': 0.85, '0:bond_RingStereo:kDelta': 0.85, '0:q:q': 0.17, '1:atom_AtomicNumber:kDelta': 0.85, '1:atom_AtomicNumber_list_1:kConv': 0.85, '1:atom_AtomicNumber_list_2:kConv': 0.9, '1:atom_AtomicNumber_list_3:kConv': 1.0, '1:atom_AtomicNumber_list_4:kConv': 0.75, '1:atom_MorganHash:kDelta': 0.85, '1:atom_Ring_count:kDelta': 0.9, '1:atom_RingSize_list:kConv': 0.8, '1:atom_Hcount:kDelta': 0.9, '1:atom_AtomicNumber_count_1:kDelta': 0.75, '1:atom_AtomicNumber_count_2:kDelta': 0.95, '1:atom_Chiral:kDelta': 0.95, '1:bond_Order:kDelta': 0.9, '1:bond_Stereo:kDelta': 0.9, '1:bond_RingStereo:kDelta': 0.95, '1:q:q': 0.17, '2:features_kernel:Matern32': 5089.1, '3:features_kernel:Matern32': 1107.1, '4:features_kernel:Matern32': 6695.1, '5:features_kernel:Matern32': 4606.1, '6:features_kernel:Matern32': 3281.1, '7:features_kernel:Matern32': 3680.1, '8:features_kernel:Matern32': 4778.1, '9:features_kernel:Matern32': 5519.1, '10:features_kernel:Matern32': 2743.1, '11:features_kernel:Matern32': 8983.1, '12:features_kernel:Matern32': 5216.1, '13:features_kernel:Matern32': 4844.1, '14:features_kernel:Matern32': 6923.1, 'alpha': 0.030000000000000002}. Best is trial 16 with value: 2.0630099212760884.
/gpfs_common/share03/ddomlab/sdehgha2/working_space/GP_collab/code_python/training/MGK_and_tools/mgktools/mgktools/kernels/base.py:225: UserWarning: The distribution is specified by [0.1, 10000] and step=1, but the range is not divisible by `step`. It will be replaced with [0.1, 9999.1].
  self.unique_name: trial.suggest_float(
[I 2026-05-03 17:53:02,405] Trial 27 finished with value: 2.0992711454832644 and parameters: {'0:atom_AtomicNumber:kDelta': 0.8, '0:atom_AtomicNumber_list_1:kConv': 1.0, '0:atom_AtomicNumber_list_2:kConv': 0.95, '0:atom_AtomicNumber_list_3:kConv': 0.8, '0:atom_AtomicNumber_list_4:kConv': 0.8, '0:atom_MorganHash:kDelta': 0.95, '0:atom_Ring_count:kDelta': 0.95, '0:atom_RingSize_list:kConv': 1.0, '0:atom_Hcount:kDelta': 0.85, '0:atom_AtomicNumber_count_1:kDelta': 0.85, '0:atom_AtomicNumber_count_2:kDelta': 0.85, '0:atom_Chiral:kDelta': 0.95, '0:bond_Order:kDelta': 0.85, '0:bond_Stereo:kDelta': 0.9, '0:bond_RingStereo:kDelta': 0.95, '0:q:q': 0.05, '1:atom_AtomicNumber:kDelta': 0.9, '1:atom_AtomicNumber_list_1:kConv': 0.75, '1:atom_AtomicNumber_list_2:kConv': 0.85, '1:atom_AtomicNumber_list_3:kConv': 0.95, '1:atom_AtomicNumber_list_4:kConv': 0.85, '1:atom_MorganHash:kDelta': 0.8, '1:atom_Ring_count:kDelta': 0.85, '1:atom_RingSize_list:kConv': 0.9, '1:atom_Hcount:kDelta': 1.0, '1:atom_AtomicNumber_count_1:kDelta': 0.8, '1:atom_AtomicNumber_count_2:kDelta': 0.8, '1:atom_Chiral:kDelta': 0.8, '1:bond_Order:kDelta': 0.85, '1:bond_Stereo:kDelta': 1.0, '1:bond_RingStereo:kDelta': 1.0, '1:q:q': 0.32, '2:features_kernel:Matern32': 5623.1, '3:features_kernel:Matern32': 2316.1, '4:features_kernel:Matern32': 7521.1, '5:features_kernel:Matern32': 2388.1, '6:features_kernel:Matern32': 5506.1, '7:features_kernel:Matern32': 5073.1, '8:features_kernel:Matern32': 9074.1, '9:features_kernel:Matern32': 7680.1, '10:features_kernel:Matern32': 6826.1, '11:features_kernel:Matern32': 5211.1, '12:features_kernel:Matern32': 8016.1, '13:features_kernel:Matern32': 2898.1, '14:features_kernel:Matern32': 5190.1, 'alpha': 0.012}. Best is trial 16 with value: 2.0630099212760884.
/gpfs_common/share03/ddomlab/sdehgha2/working_space/GP_collab/code_python/training/MGK_and_tools/mgktools/mgktools/kernels/base.py:225: UserWarning: The distribution is specified by [0.1, 10000] and step=1, but the range is not divisible by `step`. It will be replaced with [0.1, 9999.1].
  self.unique_name: trial.suggest_float(
[I 2026-05-03 17:54:04,824] Trial 28 finished with value: 2.206915351678902 and parameters: {'0:atom_AtomicNumber:kDelta': 0.85, '0:atom_AtomicNumber_list_1:kConv': 0.95, '0:atom_AtomicNumber_list_2:kConv': 0.8, '0:atom_AtomicNumber_list_3:kConv': 0.95, '0:atom_AtomicNumber_list_4:kConv': 0.85, '0:atom_MorganHash:kDelta': 0.9, '0:atom_Ring_count:kDelta': 0.85, '0:atom_RingSize_list:kConv': 0.95, '0:atom_Hcount:kDelta': 0.75, '0:atom_AtomicNumber_count_1:kDelta': 1.0, '0:atom_AtomicNumber_count_2:kDelta': 0.95, '0:atom_Chiral:kDelta': 0.9, '0:bond_Order:kDelta': 0.75, '0:bond_Stereo:kDelta': 0.85, '0:bond_RingStereo:kDelta': 0.8, '0:q:q': 0.29000000000000004, '1:atom_AtomicNumber:kDelta': 0.8, '1:atom_AtomicNumber_list_1:kConv': 0.9, '1:atom_AtomicNumber_list_2:kConv': 0.8, '1:atom_AtomicNumber_list_3:kConv': 1.0, '1:atom_AtomicNumber_list_4:kConv': 0.8, '1:atom_MorganHash:kDelta': 0.9, '1:atom_Ring_count:kDelta': 0.8, '1:atom_RingSize_list:kConv': 0.75, '1:atom_Hcount:kDelta': 0.85, '1:atom_AtomicNumber_count_1:kDelta': 0.85, '1:atom_AtomicNumber_count_2:kDelta': 0.85, '1:atom_Chiral:kDelta': 0.9, '1:bond_Order:kDelta': 0.75, '1:bond_Stereo:kDelta': 0.85, '1:bond_RingStereo:kDelta': 0.9, '1:q:q': 0.25, '2:features_kernel:Matern32': 7655.1, '3:features_kernel:Matern32': 7501.1, '4:features_kernel:Matern32': 9298.1, '5:features_kernel:Matern32': 3428.1, '6:features_kernel:Matern32': 1377.1, '7:features_kernel:Matern32': 7140.1, '8:features_kernel:Matern32': 7008.1, '9:features_kernel:Matern32': 1786.1, '10:features_kernel:Matern32': 4106.1, '11:features_kernel:Matern32': 6589.1, '12:features_kernel:Matern32': 6656.1, '13:features_kernel:Matern32': 3741.1, '14:features_kernel:Matern32': 2706.1, 'alpha': 0.067}. Best is trial 16 with value: 2.0630099212760884.
/gpfs_common/share03/ddomlab/sdehgha2/working_space/GP_collab/code_python/training/MGK_and_tools/mgktools/mgktools/kernels/base.py:225: UserWarning: The distribution is specified by [0.1, 10000] and step=1, but the range is not divisible by `step`. It will be replaced with [0.1, 9999.1].
  self.unique_name: trial.suggest_float(
