[I 2026-05-03 21:59:02,984] Trial 27 finished with value: 2.138511137945327 and parameters: {'0:atom_AtomicNumber:kDelta': 0.95, '0:atom_AtomicNumber_list_1:kConv': 0.95, '0:atom_AtomicNumber_list_2:kConv': 0.8, '0:atom_AtomicNumber_list_3:kConv': 0.9, '0:atom_AtomicNumber_list_4:kConv': 0.8, '0:atom_MorganHash:kDelta': 1.0, '0:atom_Ring_count:kDelta': 0.85, '0:atom_RingSize_list:kConv': 0.95, '0:atom_Hcount:kDelta': 1.0, '0:atom_AtomicNumber_count_1:kDelta': 0.75, '0:atom_AtomicNumber_count_2:kDelta': 0.8, '0:atom_Chiral:kDelta': 0.85, '0:bond_Order:kDelta': 0.9, '0:bond_Stereo:kDelta': 0.95, '0:bond_RingStereo:kDelta': 1.0, '0:q:q': 0.3, '1:atom_AtomicNumber:kDelta': 0.85, '1:atom_AtomicNumber_list_1:kConv': 0.8, '1:atom_AtomicNumber_list_2:kConv': 0.8, '1:atom_AtomicNumber_list_3:kConv': 0.95, '1:atom_AtomicNumber_list_4:kConv': 0.85, '1:atom_MorganHash:kDelta': 0.85, '1:atom_Ring_count:kDelta': 0.95, '1:atom_RingSize_list:kConv': 0.9, '1:atom_Hcount:kDelta': 0.95, '1:atom_AtomicNumber_count_1:kDelta': 0.9, '1:atom_AtomicNumber_count_2:kDelta': 0.85, '1:atom_Chiral:kDelta': 0.85, '1:bond_Order:kDelta': 1.0, '1:bond_Stereo:kDelta': 0.85, '1:bond_RingStereo:kDelta': 1.0, '1:q:q': 0.2, '2:features_kernel:Matern32': 8510.1, '3:features_kernel:Matern32': 1083.1, '4:features_kernel:Matern32': 4460.1, '5:features_kernel:Matern32': 8967.1, '6:features_kernel:Matern32': 2160.1, '7:features_kernel:Matern32': 9678.1, '8:features_kernel:Matern32': 1651.1, '9:features_kernel:Matern32': 2356.1, '10:features_kernel:Matern32': 952.1, '11:features_kernel:Matern32': 8464.1, '12:features_kernel:Matern32': 7339.1, '13:features_kernel:Matern32': 9750.1, '14:features_kernel:Matern32': 869.1, 'alpha': 0.017}. Best is trial 25 with value: 2.0623538926505636.
/gpfs_common/share03/ddomlab/sdehgha2/working_space/GP_collab/code_python/training/MGK_and_tools/mgktools/mgktools/kernels/base.py:225: UserWarning: The distribution is specified by [0.1, 10000] and step=1, but the range is not divisible by `step`. It will be replaced with [0.1, 9999.1].
  self.unique_name: trial.suggest_float(
[I 2026-05-03 21:59:58,452] Trial 28 finished with value: 2.0773301835766746 and parameters: {'0:atom_AtomicNumber:kDelta': 0.9, '0:atom_AtomicNumber_list_1:kConv': 1.0, '0:atom_AtomicNumber_list_2:kConv': 0.85, '0:atom_AtomicNumber_list_3:kConv': 0.9, '0:atom_AtomicNumber_list_4:kConv': 0.85, '0:atom_MorganHash:kDelta': 0.95, '0:atom_Ring_count:kDelta': 0.95, '0:atom_RingSize_list:kConv': 0.9, '0:atom_Hcount:kDelta': 0.75, '0:atom_AtomicNumber_count_1:kDelta': 0.75, '0:atom_AtomicNumber_count_2:kDelta': 0.85, '0:atom_Chiral:kDelta': 0.75, '0:bond_Order:kDelta': 0.85, '0:bond_Stereo:kDelta': 0.9, '0:bond_RingStereo:kDelta': 0.95, '0:q:q': 0.24000000000000002, '1:atom_AtomicNumber:kDelta': 0.95, '1:atom_AtomicNumber_list_1:kConv': 0.8, '1:atom_AtomicNumber_list_2:kConv': 0.9, '1:atom_AtomicNumber_list_3:kConv': 0.9, '1:atom_AtomicNumber_list_4:kConv': 0.9, '1:atom_MorganHash:kDelta': 0.9, '1:atom_Ring_count:kDelta': 0.9, '1:atom_RingSize_list:kConv': 0.8, '1:atom_Hcount:kDelta': 0.9, '1:atom_AtomicNumber_count_1:kDelta': 0.95, '1:atom_AtomicNumber_count_2:kDelta': 0.9, '1:atom_Chiral:kDelta': 0.95, '1:bond_Order:kDelta': 0.9, '1:bond_Stereo:kDelta': 0.8, '1:bond_RingStereo:kDelta': 0.95, '1:q:q': 0.25, '2:features_kernel:Matern32': 9419.1, '3:features_kernel:Matern32': 3304.1, '4:features_kernel:Matern32': 5553.1, '5:features_kernel:Matern32': 8799.1, '6:features_kernel:Matern32': 5344.1, '7:features_kernel:Matern32': 6689.1, '8:features_kernel:Matern32': 4068.1, '9:features_kernel:Matern32': 779.1, '10:features_kernel:Matern32': 31.1, '11:features_kernel:Matern32': 6917.1, '12:features_kernel:Matern32': 4081.1, '13:features_kernel:Matern32': 1403.1, '14:features_kernel:Matern32': 611.1, 'alpha': 0.006}. Best is trial 25 with value: 2.0623538926505636.
/gpfs_common/share03/ddomlab/sdehgha2/working_space/GP_collab/code_python/training/MGK_and_tools/mgktools/mgktools/kernels/base.py:225: UserWarning: The distribution is specified by [0.1, 10000] and step=1, but the range is not divisible by `step`. It will be replaced with [0.1, 9999.1].
  self.unique_name: trial.suggest_float(
[I 2026-05-03 22:00:49,933] Trial 29 finished with value: 2.157593661070462 and parameters: {'0:atom_AtomicNumber:kDelta': 1.0, '0:atom_AtomicNumber_list_1:kConv': 1.0, '0:atom_AtomicNumber_list_2:kConv': 0.9, '0:atom_AtomicNumber_list_3:kConv': 0.8, '0:atom_AtomicNumber_list_4:kConv': 0.85, '0:atom_MorganHash:kDelta': 0.95, '0:atom_Ring_count:kDelta': 0.95, '0:atom_RingSize_list:kConv': 0.95, '0:atom_Hcount:kDelta': 0.9, '0:atom_AtomicNumber_count_1:kDelta': 0.75, '0:atom_AtomicNumber_count_2:kDelta': 0.95, '0:atom_Chiral:kDelta': 0.8, '0:bond_Order:kDelta': 0.9, '0:bond_Stereo:kDelta': 0.9, '0:bond_RingStereo:kDelta': 0.95, '0:q:q': 0.35000000000000003, '1:atom_AtomicNumber:kDelta': 0.95, '1:atom_AtomicNumber_list_1:kConv': 0.75, '1:atom_AtomicNumber_list_2:kConv': 0.85, '1:atom_AtomicNumber_list_3:kConv': 0.85, '1:atom_AtomicNumber_list_4:kConv': 0.85, '1:atom_MorganHash:kDelta': 0.8, '1:atom_Ring_count:kDelta': 0.8, '1:atom_RingSize_list:kConv': 0.8, '1:atom_Hcount:kDelta': 0.9, '1:atom_AtomicNumber_count_1:kDelta': 1.0, '1:atom_AtomicNumber_count_2:kDelta': 0.9, '1:atom_Chiral:kDelta': 1.0, '1:bond_Order:kDelta': 0.9, '1:bond_Stereo:kDelta': 0.8, '1:bond_RingStereo:kDelta': 0.95, '1:q:q': 0.37, '2:features_kernel:Matern32': 7166.1, '3:features_kernel:Matern32': 4816.1, '4:features_kernel:Matern32': 5697.1, '5:features_kernel:Matern32': 9327.1, '6:features_kernel:Matern32': 5614.1, '7:features_kernel:Matern32': 8700.1, '8:features_kernel:Matern32': 6003.1, '9:features_kernel:Matern32': 3156.1, '10:features_kernel:Matern32': 6997.1, '11:features_kernel:Matern32': 7331.1, '12:features_kernel:Matern32': 7729.1, '13:features_kernel:Matern32': 1515.1, '14:features_kernel:Matern32': 4067.1, 'alpha': 0.025}. Best is trial 25 with value: 2.0623538926505636.
/gpfs_common/share03/ddomlab/sdehgha2/working_space/GP_collab/code_python/training/MGK_and_tools/mgktools/mgktools/kernels/base.py:225: UserWarning: The distribution is specified by [0.1, 10000] and step=1, but the range is not divisible by `step`. It will be replaced with [0.1, 9999.1].
  self.unique_name: trial.suggest_float(
[I 2026-05-03 22:01:43,535] Trial 30 finished with value: 2.149345820937954 and parameters: {'0:atom_AtomicNumber:kDelta': 0.95, '0:atom_AtomicNumber_list_1:kConv': 1.0, '0:atom_AtomicNumber_list_2:kConv': 0.8, '0:atom_AtomicNumber_list_3:kConv': 0.85, '0:atom_AtomicNumber_list_4:kConv': 1.0, '0:atom_MorganHash:kDelta': 0.95, '0:atom_Ring_count:kDelta': 1.0, '0:atom_RingSize_list:kConv': 0.9, '0:atom_Hcount:kDelta': 0.8, '0:atom_AtomicNumber_count_1:kDelta': 0.75, '0:atom_AtomicNumber_count_2:kDelta': 0.85, '0:atom_Chiral:kDelta': 0.8, '0:bond_Order:kDelta': 0.8, '0:bond_Stereo:kDelta': 1.0, '0:bond_RingStereo:kDelta': 1.0, '0:q:q': 0.29000000000000004, '1:atom_AtomicNumber:kDelta': 0.95, '1:atom_AtomicNumber_list_1:kConv': 0.85, '1:atom_AtomicNumber_list_2:kConv': 0.8, '1:atom_AtomicNumber_list_3:kConv': 0.85, '1:atom_AtomicNumber_list_4:kConv': 0.95, '1:atom_MorganHash:kDelta': 0.85, '1:atom_Ring_count:kDelta': 0.85, '1:atom_RingSize_list:kConv': 0.8, '1:atom_Hcount:kDelta': 0.95, '1:atom_AtomicNumber_count_1:kDelta': 0.95, '1:atom_AtomicNumber_count_2:kDelta': 0.8, '1:atom_Chiral:kDelta': 1.0, '1:bond_Order:kDelta': 0.9, '1:bond_Stereo:kDelta': 0.75, '1:bond_RingStereo:kDelta': 0.8, '1:q:q': 0.26, '2:features_kernel:Matern32': 9198.1, '3:features_kernel:Matern32': 3253.1, '4:features_kernel:Matern32': 7386.1, '5:features_kernel:Matern32': 8611.1, '6:features_kernel:Matern32': 7985.1, '7:features_kernel:Matern32': 6775.1, '8:features_kernel:Matern32': 3968.1, '9:features_kernel:Matern32': 1524.1, '10:features_kernel:Matern32': 3743.1, '11:features_kernel:Matern32': 6915.1, '12:features_kernel:Matern32': 8440.1, '13:features_kernel:Matern32': 850.1, '14:features_kernel:Matern32': 737.1, 'alpha': 0.026000000000000002}. Best is trial 25 with value: 2.0623538926505636.
/gpfs_common/share03/ddomlab/sdehgha2/working_space/GP_collab/code_python/training/MGK_and_tools/mgktools/mgktools/kernels/base.py:225: UserWarning: The distribution is specified by [0.1, 10000] and step=1, but the range is not divisible by `step`. It will be replaced with [0.1, 9999.1].
  self.unique_name: trial.suggest_float(
[I 2026-05-03 22:02:38,837] Trial 31 finished with value: 2.0928187035581454 and parameters: {'0:atom_AtomicNumber:kDelta': 0.9, '0:atom_AtomicNumber_list_1:kConv': 0.95, '0:atom_AtomicNumber_list_2:kConv': 0.85, '0:atom_AtomicNumber_list_3:kConv': 0.9, '0:atom_AtomicNumber_list_4:kConv': 0.85, '0:atom_MorganHash:kDelta': 1.0, '0:atom_Ring_count:kDelta': 0.95, '0:atom_RingSize_list:kConv': 0.9, '0:atom_Hcount:kDelta': 0.75, '0:atom_AtomicNumber_count_1:kDelta': 0.8, '0:atom_AtomicNumber_count_2:kDelta': 0.8, '0:atom_Chiral:kDelta': 0.75, '0:bond_Order:kDelta': 0.85, '0:bond_Stereo:kDelta': 0.95, '0:bond_RingStereo:kDelta': 0.95, '0:q:q': 0.24000000000000002, '1:atom_AtomicNumber:kDelta': 0.9, '1:atom_AtomicNumber_list_1:kConv': 0.8, '1:atom_AtomicNumber_list_2:kConv': 0.9, '1:atom_AtomicNumber_list_3:kConv': 0.9, '1:atom_AtomicNumber_list_4:kConv': 0.9, '1:atom_MorganHash:kDelta': 0.9, '1:atom_Ring_count:kDelta': 0.9, '1:atom_RingSize_list:kConv': 0.85, '1:atom_Hcount:kDelta': 0.9, '1:atom_AtomicNumber_count_1:kDelta': 0.95, '1:atom_AtomicNumber_count_2:kDelta': 0.9, '1:atom_Chiral:kDelta': 0.95, '1:bond_Order:kDelta': 0.95, '1:bond_Stereo:kDelta': 0.8, '1:bond_RingStereo:kDelta': 0.95, '1:q:q': 0.25, '2:features_kernel:Matern32': 9523.1, '3:features_kernel:Matern32': 2240.1, '4:features_kernel:Matern32': 4957.1, '5:features_kernel:Matern32': 7675.1, '6:features_kernel:Matern32': 5043.1, '7:features_kernel:Matern32': 5659.1, '8:features_kernel:Matern32': 2685.1, '9:features_kernel:Matern32': 785.1, '10:features_kernel:Matern32': 43.1, '11:features_kernel:Matern32': 6472.1, '12:features_kernel:Matern32': 3875.1, '13:features_kernel:Matern32': 3145.1, '14:features_kernel:Matern32': 51.1, 'alpha': 0.007}. Best is trial 25 with value: 2.0623538926505636.
/gpfs_common/share03/ddomlab/sdehgha2/working_space/GP_collab/code_python/training/MGK_and_tools/mgktools/mgktools/kernels/base.py:225: UserWarning: The distribution is specified by [0.1, 10000] and step=1, but the range is not divisible by `step`. It will be replaced with [0.1, 9999.1].
  self.unique_name: trial.suggest_float(
[I 2026-05-03 22:03:38,818] Trial 32 finished with value: 2.101668668385654 and parameters: {'0:atom_AtomicNumber:kDelta': 0.9, '0:atom_AtomicNumber_list_1:kConv': 1.0, '0:atom_AtomicNumber_list_2:kConv': 0.85, '0:atom_AtomicNumber_list_3:kConv': 0.9, '0:atom_AtomicNumber_list_4:kConv': 0.8, '0:atom_MorganHash:kDelta': 1.0, '0:atom_Ring_count:kDelta': 0.9, '0:atom_RingSize_list:kConv': 0.9, '0:atom_Hcount:kDelta': 0.75, '0:atom_AtomicNumber_count_1:kDelta': 0.75, '0:atom_AtomicNumber_count_2:kDelta': 0.8, '0:atom_Chiral:kDelta': 0.75, '0:bond_Order:kDelta': 0.85, '0:bond_Stereo:kDelta': 0.9, '0:bond_RingStereo:kDelta': 0.9, '0:q:q': 0.18000000000000002, '1:atom_AtomicNumber:kDelta': 0.8, '1:atom_AtomicNumber_list_1:kConv': 0.8, '1:atom_AtomicNumber_list_2:kConv': 0.9, '1:atom_AtomicNumber_list_3:kConv': 0.9, '1:atom_AtomicNumber_list_4:kConv': 0.9, '1:atom_MorganHash:kDelta': 0.9, '1:atom_Ring_count:kDelta': 0.9, '1:atom_RingSize_list:kConv': 1.0, '1:atom_Hcount:kDelta': 0.9, '1:atom_AtomicNumber_count_1:kDelta': 0.9, '1:atom_AtomicNumber_count_2:kDelta': 0.95, '1:atom_Chiral:kDelta': 0.9, '1:bond_Order:kDelta': 0.95, '1:bond_Stereo:kDelta': 0.85, '1:bond_RingStereo:kDelta': 0.95, '1:q:q': 0.14, '2:features_kernel:Matern32': 8528.1, '3:features_kernel:Matern32': 3015.1, '4:features_kernel:Matern32': 3363.1, '5:features_kernel:Matern32': 6699.1, '6:features_kernel:Matern32': 6122.1, '7:features_kernel:Matern32': 7276.1, '8:features_kernel:Matern32': 4056.1, '9:features_kernel:Matern32': 2153.1, '10:features_kernel:Matern32': 1117.1, '11:features_kernel:Matern32': 8180.1, '12:features_kernel:Matern32': 3542.1, '13:features_kernel:Matern32': 1610.1, '14:features_kernel:Matern32': 2479.1, 'alpha': 0.005}. Best is trial 25 with value: 2.0623538926505636.
/gpfs_common/share03/ddomlab/sdehgha2/working_space/GP_collab/code_python/training/MGK_and_tools/mgktools/mgktools/kernels/base.py:225: UserWarning: The distribution is specified by [0.1, 10000] and step=1, but the range is not divisible by `step`. It will be replaced with [0.1, 9999.1].
  self.unique_name: trial.suggest_float(
[I 2026-05-03 22:04:35,193] Trial 33 finished with value: 2.120639974298995 and parameters: {'0:atom_AtomicNumber:kDelta': 0.85, '0:atom_AtomicNumber_list_1:kConv': 0.9, '0:atom_AtomicNumber_list_2:kConv': 0.85, '0:atom_AtomicNumber_list_3:kConv': 0.75, '0:atom_AtomicNumber_list_4:kConv': 0.9, '0:atom_MorganHash:kDelta': 0.95, '0:atom_Ring_count:kDelta': 0.75, '0:atom_RingSize_list:kConv': 0.95, '0:atom_Hcount:kDelta': 0.75, '0:atom_AtomicNumber_count_1:kDelta': 0.75, '0:atom_AtomicNumber_count_2:kDelta': 0.85, '0:atom_Chiral:kDelta': 0.75, '0:bond_Order:kDelta': 0.85, '0:bond_Stereo:kDelta': 0.9, '0:bond_RingStereo:kDelta': 0.95, '0:q:q': 0.33, '1:atom_AtomicNumber:kDelta': 0.8, '1:atom_AtomicNumber_list_1:kConv': 0.8, '1:atom_AtomicNumber_list_2:kConv': 0.85, '1:atom_AtomicNumber_list_3:kConv': 0.95, '1:atom_AtomicNumber_list_4:kConv': 0.85, '1:atom_MorganHash:kDelta': 0.9, '1:atom_Ring_count:kDelta': 0.95, '1:atom_RingSize_list:kConv': 0.95, '1:atom_Hcount:kDelta': 0.8, '1:atom_AtomicNumber_count_1:kDelta': 0.85, '1:atom_AtomicNumber_count_2:kDelta': 0.9, '1:atom_Chiral:kDelta': 0.95, '1:bond_Order:kDelta': 0.9, '1:bond_Stereo:kDelta': 0.9, '1:bond_RingStereo:kDelta': 1.0, '1:q:q': 0.17, '2:features_kernel:Matern32': 9892.1, '3:features_kernel:Matern32': 5398.1, '4:features_kernel:Matern32': 4502.1, '5:features_kernel:Matern32': 9540.1, '6:features_kernel:Matern32': 3029.1, '7:features_kernel:Matern32': 6407.1, '8:features_kernel:Matern32': 2013.1, '9:features_kernel:Matern32': 675.1, '10:features_kernel:Matern32': 715.1, '11:features_kernel:Matern32': 4288.1, '12:features_kernel:Matern32': 5945.1, '13:features_kernel:Matern32': 4207.1, '14:features_kernel:Matern32': 612.1, 'alpha': 0.013000000000000001}. Best is trial 25 with value: 2.0623538926505636.
/gpfs_common/share03/ddomlab/sdehgha2/working_space/GP_collab/code_python/training/MGK_and_tools/mgktools/mgktools/kernels/base.py:225: UserWarning: The distribution is specified by [0.1, 10000] and step=1, but the range is not divisible by `step`. It will be replaced with [0.1, 9999.1].
  self.unique_name: trial.suggest_float(
[I 2026-05-03 22:05:32,825] Trial 34 finished with value: 2.1308634494134466 and parameters: {'0:atom_AtomicNumber:kDelta': 0.85, '0:atom_AtomicNumber_list_1:kConv': 0.95, '0:atom_AtomicNumber_list_2:kConv': 0.9, '0:atom_AtomicNumber_list_3:kConv': 0.9, '0:atom_AtomicNumber_list_4:kConv': 0.95, '0:atom_MorganHash:kDelta': 0.9, '0:atom_Ring_count:kDelta': 0.95, '0:atom_RingSize_list:kConv': 0.75, '0:atom_Hcount:kDelta': 0.8, '0:atom_AtomicNumber_count_1:kDelta': 0.8, '0:atom_AtomicNumber_count_2:kDelta': 0.8, '0:atom_Chiral:kDelta': 0.8, '0:bond_Order:kDelta': 0.8, '0:bond_Stereo:kDelta': 0.9, '0:bond_RingStereo:kDelta': 0.9, '0:q:q': 0.12, '1:atom_AtomicNumber:kDelta': 1.0, '1:atom_AtomicNumber_list_1:kConv': 0.75, '1:atom_AtomicNumber_list_2:kConv': 0.95, '1:atom_AtomicNumber_list_3:kConv': 0.9, '1:atom_AtomicNumber_list_4:kConv': 0.9, '1:atom_MorganHash:kDelta': 0.85, '1:atom_Ring_count:kDelta': 0.9, '1:atom_RingSize_list:kConv': 0.8, '1:atom_Hcount:kDelta': 0.95, '1:atom_AtomicNumber_count_1:kDelta': 0.95, '1:atom_AtomicNumber_count_2:kDelta': 0.95, '1:atom_Chiral:kDelta': 0.95, '1:bond_Order:kDelta': 0.95, '1:bond_Stereo:kDelta': 0.85, '1:bond_RingStereo:kDelta': 0.9, '1:q:q': 0.22, '2:features_kernel:Matern32': 7892.1, '3:features_kernel:Matern32': 6335.1, '4:features_kernel:Matern32': 6026.1, '5:features_kernel:Matern32': 5527.1, '6:features_kernel:Matern32': 4180.1, '7:features_kernel:Matern32': 7813.1, '8:features_kernel:Matern32': 6053.1, '9:features_kernel:Matern32': 1308.1, '10:features_kernel:Matern32': 1252.1, '11:features_kernel:Matern32': 6922.1, '12:features_kernel:Matern32': 2475.1, '13:features_kernel:Matern32': 2113.1, '14:features_kernel:Matern32': 712.1, 'alpha': 0.017}. Best is trial 25 with value: 2.0623538926505636.
/gpfs_common/share03/ddomlab/sdehgha2/working_space/GP_collab/code_python/training/MGK_and_tools/mgktools/mgktools/kernels/base.py:225: UserWarning: The distribution is specified by [0.1, 10000] and step=1, but the range is not divisible by `step`. It will be replaced with [0.1, 9999.1].
  self.unique_name: trial.suggest_float(
[I 2026-05-03 22:06:37,392] Trial 35 finished with value: 2.08472271146511 and parameters: {'0:atom_AtomicNumber:kDelta': 0.9, '0:atom_AtomicNumber_list_1:kConv': 0.95, '0:atom_AtomicNumber_list_2:kConv': 0.85, '0:atom_AtomicNumber_list_3:kConv': 1.0, '0:atom_AtomicNumber_list_4:kConv': 0.85, '0:atom_MorganHash:kDelta': 1.0, '0:atom_Ring_count:kDelta': 0.85, '0:atom_RingSize_list:kConv': 0.9, '0:atom_Hcount:kDelta': 0.8, '0:atom_AtomicNumber_count_1:kDelta': 1.0, '0:atom_AtomicNumber_count_2:kDelta': 0.85, '0:atom_Chiral:kDelta': 0.75, '0:bond_Order:kDelta': 0.9, '0:bond_Stereo:kDelta': 0.95, '0:bond_RingStereo:kDelta': 0.9, '0:q:q': 0.24000000000000002, '1:atom_AtomicNumber:kDelta': 0.9, '1:atom_AtomicNumber_list_1:kConv': 0.85, '1:atom_AtomicNumber_list_2:kConv': 0.9, '1:atom_AtomicNumber_list_3:kConv': 1.0, '1:atom_AtomicNumber_list_4:kConv': 0.95, '1:atom_MorganHash:kDelta': 0.9, '1:atom_Ring_count:kDelta': 0.85, '1:atom_RingSize_list:kConv': 1.0, '1:atom_Hcount:kDelta': 0.8, '1:atom_AtomicNumber_count_1:kDelta': 0.9, '1:atom_AtomicNumber_count_2:kDelta': 0.95, '1:atom_Chiral:kDelta': 0.9, '1:bond_Order:kDelta': 0.9, '1:bond_Stereo:kDelta': 0.9, '1:bond_RingStereo:kDelta': 0.95, '1:q:q': 0.05, '2:features_kernel:Matern32': 9046.1, '3:features_kernel:Matern32': 4241.1, '4:features_kernel:Matern32': 3808.1, '5:features_kernel:Matern32': 4828.1, '6:features_kernel:Matern32': 4934.1, '7:features_kernel:Matern32': 5751.1, '8:features_kernel:Matern32': 7236.1, '9:features_kernel:Matern32': 604.1, '10:features_kernel:Matern32': 1557.1, '11:features_kernel:Matern32': 5062.1, '12:features_kernel:Matern32': 4214.1, '13:features_kernel:Matern32': 162.1, '14:features_kernel:Matern32': 1813.1, 'alpha': 0.007}. Best is trial 25 with value: 2.0623538926505636.
/gpfs_common/share03/ddomlab/sdehgha2/working_space/GP_collab/code_python/training/MGK_and_tools/mgktools/mgktools/kernels/base.py:225: UserWarning: The distribution is specified by [0.1, 10000] and step=1, but the range is not divisible by `step`. It will be replaced with [0.1, 9999.1].
  self.unique_name: trial.suggest_float(
[I 2026-05-03 22:07:42,716] Trial 36 finished with value: 2.2237424418644354 and parameters: {'0:atom_AtomicNumber:kDelta': 0.75, '0:atom_AtomicNumber_list_1:kConv': 1.0, '0:atom_AtomicNumber_list_2:kConv': 0.8, '0:atom_AtomicNumber_list_3:kConv': 1.0, '0:atom_AtomicNumber_list_4:kConv': 0.75, '0:atom_MorganHash:kDelta': 0.95, '0:atom_Ring_count:kDelta': 0.9, '0:atom_RingSize_list:kConv': 0.9, '0:atom_Hcount:kDelta': 0.8, '0:atom_AtomicNumber_count_1:kDelta': 1.0, '0:atom_AtomicNumber_count_2:kDelta': 0.9, '0:atom_Chiral:kDelta': 0.8, '0:bond_Order:kDelta': 0.95, '0:bond_Stereo:kDelta': 0.95, '0:bond_RingStereo:kDelta': 0.9, '0:q:q': 0.26, '1:atom_AtomicNumber:kDelta': 0.95, '1:atom_AtomicNumber_list_1:kConv': 0.85, '1:atom_AtomicNumber_list_2:kConv': 0.85, '1:atom_AtomicNumber_list_3:kConv': 0.8, '1:atom_AtomicNumber_list_4:kConv': 0.95, '1:atom_MorganHash:kDelta': 0.85, '1:atom_Ring_count:kDelta': 0.8, '1:atom_RingSize_list:kConv': 1.0, '1:atom_Hcount:kDelta': 0.85, '1:atom_AtomicNumber_count_1:kDelta': 1.0, '1:atom_AtomicNumber_count_2:kDelta': 1.0, '1:atom_Chiral:kDelta': 1.0, '1:bond_Order:kDelta': 0.85, '1:bond_Stereo:kDelta': 0.8, '1:bond_RingStereo:kDelta': 1.0, '1:q:q': 0.04, '2:features_kernel:Matern32': 9277.1, '3:features_kernel:Matern32': 4383.1, '4:features_kernel:Matern32': 5272.1, '5:features_kernel:Matern32': 4683.1, '6:features_kernel:Matern32': 6993.1, '7:features_kernel:Matern32': 8935.1, '8:features_kernel:Matern32': 7479.1, '9:features_kernel:Matern32': 1907.1, '10:features_kernel:Matern32': 1766.1, '11:features_kernel:Matern32': 2870.1, '12:features_kernel:Matern32': 5384.1, '13:features_kernel:Matern32': 256.1, '14:features_kernel:Matern32': 2686.1, 'alpha': 0.09}. Best is trial 25 with value: 2.0623538926505636.
/gpfs_common/share03/ddomlab/sdehgha2/working_space/GP_collab/code_python/training/MGK_and_tools/mgktools/mgktools/kernels/base.py:225: UserWarning: The distribution is specified by [0.1, 10000] and step=1, but the range is not divisible by `step`. It will be replaced with [0.1, 9999.1].
  self.unique_name: trial.suggest_float(
