[I 2026-05-03 22:08:43,535] Trial 37 finished with value: 2.200254585717506 and parameters: {'0:atom_AtomicNumber:kDelta': 0.95, '0:atom_AtomicNumber_list_1:kConv': 0.95, '0:atom_AtomicNumber_list_2:kConv': 0.85, '0:atom_AtomicNumber_list_3:kConv': 0.8, '0:atom_AtomicNumber_list_4:kConv': 0.85, '0:atom_MorganHash:kDelta': 1.0, '0:atom_Ring_count:kDelta': 0.85, '0:atom_RingSize_list:kConv': 0.95, '0:atom_Hcount:kDelta': 0.8, '0:atom_AtomicNumber_count_1:kDelta': 1.0, '0:atom_AtomicNumber_count_2:kDelta': 0.85, '0:atom_Chiral:kDelta': 0.95, '0:bond_Order:kDelta': 0.9, '0:bond_Stereo:kDelta': 0.95, '0:bond_RingStereo:kDelta': 0.95, '0:q:q': 0.23, '1:atom_AtomicNumber:kDelta': 0.9, '1:atom_AtomicNumber_list_1:kConv': 0.85, '1:atom_AtomicNumber_list_2:kConv': 0.85, '1:atom_AtomicNumber_list_3:kConv': 1.0, '1:atom_AtomicNumber_list_4:kConv': 0.95, '1:atom_MorganHash:kDelta': 0.95, '1:atom_Ring_count:kDelta': 0.8, '1:atom_RingSize_list:kConv': 1.0, '1:atom_Hcount:kDelta': 0.8, '1:atom_AtomicNumber_count_1:kDelta': 0.95, '1:atom_AtomicNumber_count_2:kDelta': 0.85, '1:atom_Chiral:kDelta': 0.95, '1:bond_Order:kDelta': 0.9, '1:bond_Stereo:kDelta': 0.95, '1:bond_RingStereo:kDelta': 0.9, '1:q:q': 0.11, '2:features_kernel:Matern32': 8675.1, '3:features_kernel:Matern32': 5084.1, '4:features_kernel:Matern32': 1761.1, '5:features_kernel:Matern32': 9640.1, '6:features_kernel:Matern32': 4997.1, '7:features_kernel:Matern32': 7243.1, '8:features_kernel:Matern32': 8273.1, '9:features_kernel:Matern32': 3038.1, '10:features_kernel:Matern32': 1757.1, '11:features_kernel:Matern32': 7341.1, '12:features_kernel:Matern32': 9400.1, '13:features_kernel:Matern32': 626.1, '14:features_kernel:Matern32': 8159.1, 'alpha': 0.057}. Best is trial 25 with value: 2.0623538926505636.
/gpfs_common/share03/ddomlab/sdehgha2/working_space/GP_collab/code_python/training/MGK_and_tools/mgktools/mgktools/kernels/base.py:225: UserWarning: The distribution is specified by [0.1, 10000] and step=1, but the range is not divisible by `step`. It will be replaced with [0.1, 9999.1].
  self.unique_name: trial.suggest_float(
[I 2026-05-03 22:09:48,590] Trial 38 finished with value: 2.0980508773766395 and parameters: {'0:atom_AtomicNumber:kDelta': 0.85, '0:atom_AtomicNumber_list_1:kConv': 0.95, '0:atom_AtomicNumber_list_2:kConv': 0.9, '0:atom_AtomicNumber_list_3:kConv': 1.0, '0:atom_AtomicNumber_list_4:kConv': 0.8, '0:atom_MorganHash:kDelta': 0.9, '0:atom_Ring_count:kDelta': 0.9, '0:atom_RingSize_list:kConv': 0.9, '0:atom_Hcount:kDelta': 0.8, '0:atom_AtomicNumber_count_1:kDelta': 0.9, '0:atom_AtomicNumber_count_2:kDelta': 0.9, '0:atom_Chiral:kDelta': 0.75, '0:bond_Order:kDelta': 0.9, '0:bond_Stereo:kDelta': 1.0, '0:bond_RingStereo:kDelta': 0.9, '0:q:q': 0.01, '1:atom_AtomicNumber:kDelta': 1.0, '1:atom_AtomicNumber_list_1:kConv': 0.9, '1:atom_AtomicNumber_list_2:kConv': 0.95, '1:atom_AtomicNumber_list_3:kConv': 0.75, '1:atom_AtomicNumber_list_4:kConv': 0.85, '1:atom_MorganHash:kDelta': 0.8, '1:atom_Ring_count:kDelta': 0.75, '1:atom_RingSize_list:kConv': 1.0, '1:atom_Hcount:kDelta': 0.85, '1:atom_AtomicNumber_count_1:kDelta': 0.85, '1:atom_AtomicNumber_count_2:kDelta': 0.9, '1:atom_Chiral:kDelta': 0.8, '1:bond_Order:kDelta': 0.9, '1:bond_Stereo:kDelta': 0.75, '1:bond_RingStereo:kDelta': 1.0, '1:q:q': 0.05, '2:features_kernel:Matern32': 5214.1, '3:features_kernel:Matern32': 5887.1, '4:features_kernel:Matern32': 7610.1, '5:features_kernel:Matern32': 3056.1, '6:features_kernel:Matern32': 5946.1, '7:features_kernel:Matern32': 8225.1, '8:features_kernel:Matern32': 5489.1, '9:features_kernel:Matern32': 1598.1, '10:features_kernel:Matern32': 2565.1, '11:features_kernel:Matern32': 6146.1, '12:features_kernel:Matern32': 2894.1, '13:features_kernel:Matern32': 1011.1, '14:features_kernel:Matern32': 1755.1, 'alpha': 0.023}. Best is trial 25 with value: 2.0623538926505636.
/gpfs_common/share03/ddomlab/sdehgha2/working_space/GP_collab/code_python/training/MGK_and_tools/mgktools/mgktools/kernels/base.py:225: UserWarning: The distribution is specified by [0.1, 10000] and step=1, but the range is not divisible by `step`. It will be replaced with [0.1, 9999.1].
  self.unique_name: trial.suggest_float(
[I 2026-05-03 22:10:41,185] Trial 39 finished with value: 2.221356960474181 and parameters: {'0:atom_AtomicNumber:kDelta': 0.9, '0:atom_AtomicNumber_list_1:kConv': 1.0, '0:atom_AtomicNumber_list_2:kConv': 0.8, '0:atom_AtomicNumber_list_3:kConv': 0.85, '0:atom_AtomicNumber_list_4:kConv': 0.85, '0:atom_MorganHash:kDelta': 0.95, '0:atom_Ring_count:kDelta': 1.0, '0:atom_RingSize_list:kConv': 0.95, '0:atom_Hcount:kDelta': 0.8, '0:atom_AtomicNumber_count_1:kDelta': 0.95, '0:atom_AtomicNumber_count_2:kDelta': 0.95, '0:atom_Chiral:kDelta': 0.75, '0:bond_Order:kDelta': 0.95, '0:bond_Stereo:kDelta': 0.95, '0:bond_RingStereo:kDelta': 0.95, '0:q:q': 0.28, '1:atom_AtomicNumber:kDelta': 0.9, '1:atom_AtomicNumber_list_1:kConv': 0.85, '1:atom_AtomicNumber_list_2:kConv': 0.75, '1:atom_AtomicNumber_list_3:kConv': 0.8, '1:atom_AtomicNumber_list_4:kConv': 0.9, '1:atom_MorganHash:kDelta': 0.9, '1:atom_Ring_count:kDelta': 0.85, '1:atom_RingSize_list:kConv': 0.75, '1:atom_Hcount:kDelta': 0.9, '1:atom_AtomicNumber_count_1:kDelta': 0.95, '1:atom_AtomicNumber_count_2:kDelta': 1.0, '1:atom_Chiral:kDelta': 0.85, '1:bond_Order:kDelta': 0.85, '1:bond_Stereo:kDelta': 0.85, '1:bond_RingStereo:kDelta': 0.9, '1:q:q': 0.4, '2:features_kernel:Matern32': 6795.1, '3:features_kernel:Matern32': 7346.1, '4:features_kernel:Matern32': 6334.1, '5:features_kernel:Matern32': 9988.1, '6:features_kernel:Matern32': 4803.1, '7:features_kernel:Matern32': 5856.1, '8:features_kernel:Matern32': 4559.1, '9:features_kernel:Matern32': 2794.1, '10:features_kernel:Matern32': 48.1, '11:features_kernel:Matern32': 4903.1, '12:features_kernel:Matern32': 5136.1, '13:features_kernel:Matern32': 2208.1, '14:features_kernel:Matern32': 6448.1, 'alpha': 0.042}. Best is trial 25 with value: 2.0623538926505636.
/gpfs_common/share03/ddomlab/sdehgha2/working_space/GP_collab/code_python/training/MGK_and_tools/mgktools/mgktools/kernels/base.py:225: UserWarning: The distribution is specified by [0.1, 10000] and step=1, but the range is not divisible by `step`. It will be replaced with [0.1, 9999.1].
  self.unique_name: trial.suggest_float(
[I 2026-05-03 22:11:37,159] Trial 40 finished with value: 2.143919502310146 and parameters: {'0:atom_AtomicNumber:kDelta': 0.85, '0:atom_AtomicNumber_list_1:kConv': 0.95, '0:atom_AtomicNumber_list_2:kConv': 0.75, '0:atom_AtomicNumber_list_3:kConv': 1.0, '0:atom_AtomicNumber_list_4:kConv': 0.75, '0:atom_MorganHash:kDelta': 1.0, '0:atom_Ring_count:kDelta': 0.85, '0:atom_RingSize_list:kConv': 0.9, '0:atom_Hcount:kDelta': 0.85, '0:atom_AtomicNumber_count_1:kDelta': 0.9, '0:atom_AtomicNumber_count_2:kDelta': 0.85, '0:atom_Chiral:kDelta': 0.8, '0:bond_Order:kDelta': 0.9, '0:bond_Stereo:kDelta': 0.9, '0:bond_RingStereo:kDelta': 0.9, '0:q:q': 0.11, '1:atom_AtomicNumber:kDelta': 0.95, '1:atom_AtomicNumber_list_1:kConv': 0.75, '1:atom_AtomicNumber_list_2:kConv': 0.9, '1:atom_AtomicNumber_list_3:kConv': 0.85, '1:atom_AtomicNumber_list_4:kConv': 0.95, '1:atom_MorganHash:kDelta': 0.75, '1:atom_Ring_count:kDelta': 1.0, '1:atom_RingSize_list:kConv': 0.75, '1:atom_Hcount:kDelta': 0.85, '1:atom_AtomicNumber_count_1:kDelta': 0.9, '1:atom_AtomicNumber_count_2:kDelta': 0.9, '1:atom_Chiral:kDelta': 0.95, '1:bond_Order:kDelta': 0.8, '1:bond_Stereo:kDelta': 0.9, '1:bond_RingStereo:kDelta': 0.85, '1:q:q': 0.27, '2:features_kernel:Matern32': 7807.1, '3:features_kernel:Matern32': 4450.1, '4:features_kernel:Matern32': 945.1, '5:features_kernel:Matern32': 8487.1, '6:features_kernel:Matern32': 7797.1, '7:features_kernel:Matern32': 6703.1, '8:features_kernel:Matern32': 6446.1, '9:features_kernel:Matern32': 9640.1, '10:features_kernel:Matern32': 7871.1, '11:features_kernel:Matern32': 5496.1, '12:features_kernel:Matern32': 4136.1, '13:features_kernel:Matern32': 3104.1, '14:features_kernel:Matern32': 5282.1, 'alpha': 0.030000000000000002}. Best is trial 25 with value: 2.0623538926505636.
/gpfs_common/share03/ddomlab/sdehgha2/working_space/GP_collab/code_python/training/MGK_and_tools/mgktools/mgktools/kernels/base.py:225: UserWarning: The distribution is specified by [0.1, 10000] and step=1, but the range is not divisible by `step`. It will be replaced with [0.1, 9999.1].
  self.unique_name: trial.suggest_float(
[I 2026-05-03 22:12:31,599] Trial 41 finished with value: 2.105855547128605 and parameters: {'0:atom_AtomicNumber:kDelta': 0.9, '0:atom_AtomicNumber_list_1:kConv': 0.9, '0:atom_AtomicNumber_list_2:kConv': 0.85, '0:atom_AtomicNumber_list_3:kConv': 0.95, '0:atom_AtomicNumber_list_4:kConv': 0.9, '0:atom_MorganHash:kDelta': 1.0, '0:atom_Ring_count:kDelta': 0.8, '0:atom_RingSize_list:kConv': 0.8, '0:atom_Hcount:kDelta': 0.75, '0:atom_AtomicNumber_count_1:kDelta': 0.8, '0:atom_AtomicNumber_count_2:kDelta': 0.8, '0:atom_Chiral:kDelta': 0.75, '0:bond_Order:kDelta': 0.85, '0:bond_Stereo:kDelta': 0.8, '0:bond_RingStereo:kDelta': 0.85, '0:q:q': 0.2, '1:atom_AtomicNumber:kDelta': 0.85, '1:atom_AtomicNumber_list_1:kConv': 0.8, '1:atom_AtomicNumber_list_2:kConv': 0.9, '1:atom_AtomicNumber_list_3:kConv': 1.0, '1:atom_AtomicNumber_list_4:kConv': 0.9, '1:atom_MorganHash:kDelta': 0.9, '1:atom_Ring_count:kDelta': 0.9, '1:atom_RingSize_list:kConv': 0.95, '1:atom_Hcount:kDelta': 0.75, '1:atom_AtomicNumber_count_1:kDelta': 0.9, '1:atom_AtomicNumber_count_2:kDelta': 0.95, '1:atom_Chiral:kDelta': 0.9, '1:bond_Order:kDelta': 0.95, '1:bond_Stereo:kDelta': 0.9, '1:bond_RingStereo:kDelta': 0.95, '1:q:q': 0.31, '2:features_kernel:Matern32': 9192.1, '3:features_kernel:Matern32': 3594.1, '4:features_kernel:Matern32': 3704.1, '5:features_kernel:Matern32': 6487.1, '6:features_kernel:Matern32': 3978.1, '7:features_kernel:Matern32': 4936.1, '8:features_kernel:Matern32': 6838.1, '9:features_kernel:Matern32': 513.1, '10:features_kernel:Matern32': 647.1, '11:features_kernel:Matern32': 5306.1, '12:features_kernel:Matern32': 4509.1, '13:features_kernel:Matern32': 6675.1, '14:features_kernel:Matern32': 889.1, 'alpha': 0.005}. Best is trial 25 with value: 2.0623538926505636.
[I 2026-05-04 04:44:07,820] A new study created in RDB with name: optuna-study
/gpfs_common/share03/ddomlab/sdehgha2/working_space/GP_collab/code_python/training/MGK_and_tools/mgktools/mgktools/kernels/base.py:225: UserWarning: The distribution is specified by [0.1, 10000] and step=1, but the range is not divisible by `step`. It will be replaced with [0.1, 9999.1].
  self.unique_name: trial.suggest_float(
[I 2026-05-04 04:45:08,041] Trial 0 finished with value: 2.1546247255249846 and parameters: {'0:atom_AtomicNumber:kDelta': 0.85, '0:atom_AtomicNumber_list_1:kConv': 1.0, '0:atom_AtomicNumber_list_2:kConv': 0.95, '0:atom_AtomicNumber_list_3:kConv': 0.9, '0:atom_AtomicNumber_list_4:kConv': 0.75, '0:atom_MorganHash:kDelta': 0.75, '0:atom_Ring_count:kDelta': 0.75, '0:atom_RingSize_list:kConv': 1.0, '0:atom_Hcount:kDelta': 0.9, '0:atom_AtomicNumber_count_1:kDelta': 0.95, '0:atom_AtomicNumber_count_2:kDelta': 0.75, '0:atom_Chiral:kDelta': 1.0, '0:bond_Order:kDelta': 0.95, '0:bond_Stereo:kDelta': 0.8, '0:bond_RingStereo:kDelta': 0.8, '0:q:q': 0.09999999999999999, '1:atom_AtomicNumber:kDelta': 0.8, '1:atom_AtomicNumber_list_1:kConv': 0.9, '1:atom_AtomicNumber_list_2:kConv': 0.85, '1:atom_AtomicNumber_list_3:kConv': 0.8, '1:atom_AtomicNumber_list_4:kConv': 0.9, '1:atom_MorganHash:kDelta': 0.75, '1:atom_Ring_count:kDelta': 0.8, '1:atom_RingSize_list:kConv': 0.85, '1:atom_Hcount:kDelta': 0.85, '1:atom_AtomicNumber_count_1:kDelta': 0.95, '1:atom_AtomicNumber_count_2:kDelta': 0.8, '1:atom_Chiral:kDelta': 0.9, '1:bond_Order:kDelta': 0.9, '1:bond_Stereo:kDelta': 0.75, '1:bond_RingStereo:kDelta': 0.9, '1:q:q': 0.09, '2:features_kernel:Matern32': 650.1, '3:features_kernel:Matern32': 9488.1, '4:features_kernel:Matern32': 9656.1, '5:features_kernel:Matern32': 8083.1, '6:features_kernel:Matern32': 3046.1, '7:features_kernel:Matern32': 976.1, '8:features_kernel:Matern32': 6842.1, '9:features_kernel:Matern32': 4401.1, '10:features_kernel:Matern32': 1220.1, '11:features_kernel:Matern32': 4951.1, '12:features_kernel:Matern32': 343.1, '13:features_kernel:Matern32': 9093.1, '14:features_kernel:Matern32': 2587.1, 'alpha': 0.067}. Best is trial 0 with value: 2.1546247255249846.
/gpfs_common/share03/ddomlab/sdehgha2/working_space/GP_collab/code_python/training/MGK_and_tools/mgktools/mgktools/kernels/base.py:225: UserWarning: The distribution is specified by [0.1, 10000] and step=1, but the range is not divisible by `step`. It will be replaced with [0.1, 9999.1].
  self.unique_name: trial.suggest_float(
[I 2026-05-04 04:46:10,176] Trial 1 finished with value: 2.2044757819288927 and parameters: {'0:atom_AtomicNumber:kDelta': 0.8, '0:atom_AtomicNumber_list_1:kConv': 0.9, '0:atom_AtomicNumber_list_2:kConv': 0.9, '0:atom_AtomicNumber_list_3:kConv': 0.8, '0:atom_AtomicNumber_list_4:kConv': 1.0, '0:atom_MorganHash:kDelta': 0.95, '0:atom_Ring_count:kDelta': 1.0, '0:atom_RingSize_list:kConv': 1.0, '0:atom_Hcount:kDelta': 0.9, '0:atom_AtomicNumber_count_1:kDelta': 1.0, '0:atom_AtomicNumber_count_2:kDelta': 0.75, '0:atom_Chiral:kDelta': 0.8, '0:bond_Order:kDelta': 0.75, '0:bond_Stereo:kDelta': 0.8, '0:bond_RingStereo:kDelta': 0.85, '0:q:q': 0.14, '1:atom_AtomicNumber:kDelta': 0.95, '1:atom_AtomicNumber_list_1:kConv': 0.85, '1:atom_AtomicNumber_list_2:kConv': 0.8, '1:atom_AtomicNumber_list_3:kConv': 0.9, '1:atom_AtomicNumber_list_4:kConv': 0.75, '1:atom_MorganHash:kDelta': 0.95, '1:atom_Ring_count:kDelta': 0.75, '1:atom_RingSize_list:kConv': 1.0, '1:atom_Hcount:kDelta': 0.95, '1:atom_AtomicNumber_count_1:kDelta': 0.8, '1:atom_AtomicNumber_count_2:kDelta': 0.75, '1:atom_Chiral:kDelta': 0.95, '1:bond_Order:kDelta': 0.95, '1:bond_Stereo:kDelta': 0.95, '1:bond_RingStereo:kDelta': 0.95, '1:q:q': 0.04, '2:features_kernel:Matern32': 3584.1, '3:features_kernel:Matern32': 1158.1, '4:features_kernel:Matern32': 8631.1, '5:features_kernel:Matern32': 6232.1, '6:features_kernel:Matern32': 3308.1, '7:features_kernel:Matern32': 635.1, '8:features_kernel:Matern32': 3109.1, '9:features_kernel:Matern32': 3251.1, '10:features_kernel:Matern32': 7296.1, '11:features_kernel:Matern32': 6375.1, '12:features_kernel:Matern32': 8872.1, '13:features_kernel:Matern32': 4722.1, '14:features_kernel:Matern32': 1195.1, 'alpha': 0.07200000000000001}. Best is trial 0 with value: 2.1546247255249846.
/gpfs_common/share03/ddomlab/sdehgha2/working_space/GP_collab/code_python/training/MGK_and_tools/mgktools/mgktools/kernels/base.py:225: UserWarning: The distribution is specified by [0.1, 10000] and step=1, but the range is not divisible by `step`. It will be replaced with [0.1, 9999.1].
  self.unique_name: trial.suggest_float(
[I 2026-05-04 04:47:12,873] Trial 2 finished with value: 2.2318294086823345 and parameters: {'0:atom_AtomicNumber:kDelta': 0.95, '0:atom_AtomicNumber_list_1:kConv': 0.9, '0:atom_AtomicNumber_list_2:kConv': 0.95, '0:atom_AtomicNumber_list_3:kConv': 0.85, '0:atom_AtomicNumber_list_4:kConv': 0.9, '0:atom_MorganHash:kDelta': 0.85, '0:atom_Ring_count:kDelta': 0.75, '0:atom_RingSize_list:kConv': 0.75, '0:atom_Hcount:kDelta': 0.75, '0:atom_AtomicNumber_count_1:kDelta': 0.9, '0:atom_AtomicNumber_count_2:kDelta': 0.8, '0:atom_Chiral:kDelta': 0.9, '0:bond_Order:kDelta': 1.0, '0:bond_Stereo:kDelta': 0.8, '0:bond_RingStereo:kDelta': 0.85, '0:q:q': 0.38, '1:atom_AtomicNumber:kDelta': 0.8, '1:atom_AtomicNumber_list_1:kConv': 0.75, '1:atom_AtomicNumber_list_2:kConv': 0.8, '1:atom_AtomicNumber_list_3:kConv': 0.75, '1:atom_AtomicNumber_list_4:kConv': 1.0, '1:atom_MorganHash:kDelta': 0.95, '1:atom_Ring_count:kDelta': 0.9, '1:atom_RingSize_list:kConv': 1.0, '1:atom_Hcount:kDelta': 0.95, '1:atom_AtomicNumber_count_1:kDelta': 0.8, '1:atom_AtomicNumber_count_2:kDelta': 1.0, '1:atom_Chiral:kDelta': 0.9, '1:bond_Order:kDelta': 0.95, '1:bond_Stereo:kDelta': 1.0, '1:bond_RingStereo:kDelta': 0.8, '1:q:q': 0.060000000000000005, '2:features_kernel:Matern32': 2279.1, '3:features_kernel:Matern32': 4271.1, '4:features_kernel:Matern32': 8180.1, '5:features_kernel:Matern32': 8607.1, '6:features_kernel:Matern32': 69.1, '7:features_kernel:Matern32': 5107.1, '8:features_kernel:Matern32': 4174.1, '9:features_kernel:Matern32': 2221.1, '10:features_kernel:Matern32': 1198.1, '11:features_kernel:Matern32': 3376.1, '12:features_kernel:Matern32': 9429.1, '13:features_kernel:Matern32': 3232.1, '14:features_kernel:Matern32': 5187.1, 'alpha': 0.07100000000000001}. Best is trial 0 with value: 2.1546247255249846.
/gpfs_common/share03/ddomlab/sdehgha2/working_space/GP_collab/code_python/training/MGK_and_tools/mgktools/mgktools/kernels/base.py:225: UserWarning: The distribution is specified by [0.1, 10000] and step=1, but the range is not divisible by `step`. It will be replaced with [0.1, 9999.1].
  self.unique_name: trial.suggest_float(
[I 2026-05-04 04:48:05,102] Trial 3 finished with value: 2.248364489490907 and parameters: {'0:atom_AtomicNumber:kDelta': 0.85, '0:atom_AtomicNumber_list_1:kConv': 1.0, '0:atom_AtomicNumber_list_2:kConv': 1.0, '0:atom_AtomicNumber_list_3:kConv': 0.8, '0:atom_AtomicNumber_list_4:kConv': 0.85, '0:atom_MorganHash:kDelta': 0.8, '0:atom_Ring_count:kDelta': 0.8, '0:atom_RingSize_list:kConv': 0.75, '0:atom_Hcount:kDelta': 0.9, '0:atom_AtomicNumber_count_1:kDelta': 0.9, '0:atom_AtomicNumber_count_2:kDelta': 0.75, '0:atom_Chiral:kDelta': 0.8, '0:bond_Order:kDelta': 1.0, '0:bond_Stereo:kDelta': 0.8, '0:bond_RingStereo:kDelta': 0.75, '0:q:q': 0.25, '1:atom_AtomicNumber:kDelta': 1.0, '1:atom_AtomicNumber_list_1:kConv': 0.8, '1:atom_AtomicNumber_list_2:kConv': 0.95, '1:atom_AtomicNumber_list_3:kConv': 0.95, '1:atom_AtomicNumber_list_4:kConv': 0.8, '1:atom_MorganHash:kDelta': 0.95, '1:atom_Ring_count:kDelta': 0.85, '1:atom_RingSize_list:kConv': 0.9, '1:atom_Hcount:kDelta': 0.9, '1:atom_AtomicNumber_count_1:kDelta': 0.9, '1:atom_AtomicNumber_count_2:kDelta': 0.75, '1:atom_Chiral:kDelta': 1.0, '1:bond_Order:kDelta': 0.8, '1:bond_Stereo:kDelta': 0.8, '1:bond_RingStereo:kDelta': 0.75, '1:q:q': 0.3, '2:features_kernel:Matern32': 6775.1, '3:features_kernel:Matern32': 165.1, '4:features_kernel:Matern32': 5120.1, '5:features_kernel:Matern32': 2264.1, '6:features_kernel:Matern32': 6451.1, '7:features_kernel:Matern32': 1743.1, '8:features_kernel:Matern32': 6909.1, '9:features_kernel:Matern32': 3867.1, '10:features_kernel:Matern32': 9367.1, '11:features_kernel:Matern32': 1375.1, '12:features_kernel:Matern32': 3410.1, '13:features_kernel:Matern32': 1134.1, '14:features_kernel:Matern32': 9246.1, 'alpha': 0.08800000000000001}. Best is trial 0 with value: 2.1546247255249846.
/gpfs_common/share03/ddomlab/sdehgha2/working_space/GP_collab/code_python/training/MGK_and_tools/mgktools/mgktools/kernels/base.py:225: UserWarning: The distribution is specified by [0.1, 10000] and step=1, but the range is not divisible by `step`. It will be replaced with [0.1, 9999.1].
  self.unique_name: trial.suggest_float(
[I 2026-05-04 04:48:58,934] Trial 4 finished with value: 2.1580418003805524 and parameters: {'0:atom_AtomicNumber:kDelta': 0.8, '0:atom_AtomicNumber_list_1:kConv': 0.9, '0:atom_AtomicNumber_list_2:kConv': 0.95, '0:atom_AtomicNumber_list_3:kConv': 0.9, '0:atom_AtomicNumber_list_4:kConv': 0.9, '0:atom_MorganHash:kDelta': 0.8, '0:atom_Ring_count:kDelta': 0.75, '0:atom_RingSize_list:kConv': 1.0, '0:atom_Hcount:kDelta': 1.0, '0:atom_AtomicNumber_count_1:kDelta': 0.9, '0:atom_AtomicNumber_count_2:kDelta': 0.85, '0:atom_Chiral:kDelta': 0.85, '0:bond_Order:kDelta': 0.95, '0:bond_Stereo:kDelta': 1.0, '0:bond_RingStereo:kDelta': 1.0, '0:q:q': 0.39, '1:atom_AtomicNumber:kDelta': 0.9, '1:atom_AtomicNumber_list_1:kConv': 0.75, '1:atom_AtomicNumber_list_2:kConv': 0.75, '1:atom_AtomicNumber_list_3:kConv': 1.0, '1:atom_AtomicNumber_list_4:kConv': 0.9, '1:atom_MorganHash:kDelta': 0.75, '1:atom_Ring_count:kDelta': 0.75, '1:atom_RingSize_list:kConv': 0.9, '1:atom_Hcount:kDelta': 0.75, '1:atom_AtomicNumber_count_1:kDelta': 0.75, '1:atom_AtomicNumber_count_2:kDelta': 0.9, '1:atom_Chiral:kDelta': 0.95, '1:bond_Order:kDelta': 0.9, '1:bond_Stereo:kDelta': 0.8, '1:bond_RingStereo:kDelta': 0.95, '1:q:q': 0.12, '2:features_kernel:Matern32': 3253.1, '3:features_kernel:Matern32': 7464.1, '4:features_kernel:Matern32': 6496.1, '5:features_kernel:Matern32': 8492.1, '6:features_kernel:Matern32': 6576.1, '7:features_kernel:Matern32': 5683.1, '8:features_kernel:Matern32': 936.1, '9:features_kernel:Matern32': 3677.1, '10:features_kernel:Matern32': 2652.1, '11:features_kernel:Matern32': 2439.1, '12:features_kernel:Matern32': 9730.1, '13:features_kernel:Matern32': 3930.1, '14:features_kernel:Matern32': 8920.1, 'alpha': 0.064}. Best is trial 0 with value: 2.1546247255249846.
/gpfs_common/share03/ddomlab/sdehgha2/working_space/GP_collab/code_python/training/MGK_and_tools/mgktools/mgktools/kernels/base.py:225: UserWarning: The distribution is specified by [0.1, 10000] and step=1, but the range is not divisible by `step`. It will be replaced with [0.1, 9999.1].
  self.unique_name: trial.suggest_float(
