[I 2026-05-03 17:32:57,315] Trial 9 finished with value: 2.1987159875307833 and parameters: {'0:atom_AtomicNumber:kDelta': 0.9, '0:atom_AtomicNumber_list_1:kConv': 1.0, '0:atom_AtomicNumber_list_2:kConv': 0.95, '0:atom_AtomicNumber_list_3:kConv': 0.85, '0:atom_AtomicNumber_list_4:kConv': 1.0, '0:atom_MorganHash:kDelta': 0.9, '0:atom_Ring_count:kDelta': 0.8, '0:atom_RingSize_list:kConv': 0.85, '0:atom_Hcount:kDelta': 0.85, '0:atom_AtomicNumber_count_1:kDelta': 0.75, '0:atom_AtomicNumber_count_2:kDelta': 0.75, '0:atom_Chiral:kDelta': 0.75, '0:bond_Order:kDelta': 0.95, '0:bond_Stereo:kDelta': 0.8, '0:bond_RingStereo:kDelta': 0.75, '0:q:q': 0.09999999999999999, '1:atom_AtomicNumber:kDelta': 0.95, '1:atom_AtomicNumber_list_1:kConv': 1.0, '1:atom_AtomicNumber_list_2:kConv': 0.85, '1:atom_AtomicNumber_list_3:kConv': 0.95, '1:atom_AtomicNumber_list_4:kConv': 0.9, '1:atom_MorganHash:kDelta': 0.85, '1:atom_Ring_count:kDelta': 0.9, '1:atom_RingSize_list:kConv': 1.0, '1:atom_Hcount:kDelta': 0.95, '1:atom_AtomicNumber_count_1:kDelta': 0.85, '1:atom_AtomicNumber_count_2:kDelta': 0.8, '1:atom_Chiral:kDelta': 0.75, '1:bond_Order:kDelta': 0.8, '1:bond_Stereo:kDelta': 1.0, '1:bond_RingStereo:kDelta': 0.85, '1:q:q': 0.28, '2:features_kernel:Matern32': 636.1, '3:features_kernel:Matern32': 1422.1, '4:features_kernel:Matern32': 9855.1, '5:features_kernel:Matern32': 5357.1, '6:features_kernel:Matern32': 2211.1, '7:features_kernel:Matern32': 6419.1, '8:features_kernel:Matern32': 7268.1, '9:features_kernel:Matern32': 5041.1, '10:features_kernel:Matern32': 3288.1, '11:features_kernel:Matern32': 7221.1, '12:features_kernel:Matern32': 1302.1, '13:features_kernel:Matern32': 7204.1, '14:features_kernel:Matern32': 4477.1, 'alpha': 0.052000000000000005}. Best is trial 3 with value: 2.06506492907805.
/gpfs_common/share03/ddomlab/sdehgha2/working_space/GP_collab/code_python/training/MGK_and_tools/mgktools/mgktools/kernels/base.py:225: UserWarning: The distribution is specified by [0.1, 10000] and step=1, but the range is not divisible by `step`. It will be replaced with [0.1, 9999.1].
  self.unique_name: trial.suggest_float(
[I 2026-05-03 17:34:02,028] Trial 10 finished with value: 2.06301775933241 and parameters: {'0:atom_AtomicNumber:kDelta': 0.8, '0:atom_AtomicNumber_list_1:kConv': 1.0, '0:atom_AtomicNumber_list_2:kConv': 0.9, '0:atom_AtomicNumber_list_3:kConv': 0.85, '0:atom_AtomicNumber_list_4:kConv': 0.8, '0:atom_MorganHash:kDelta': 1.0, '0:atom_Ring_count:kDelta': 1.0, '0:atom_RingSize_list:kConv': 1.0, '0:atom_Hcount:kDelta': 0.75, '0:atom_AtomicNumber_count_1:kDelta': 1.0, '0:atom_AtomicNumber_count_2:kDelta': 0.95, '0:atom_Chiral:kDelta': 0.95, '0:bond_Order:kDelta': 0.75, '0:bond_Stereo:kDelta': 0.75, '0:bond_RingStereo:kDelta': 0.85, '0:q:q': 0.2, '1:atom_AtomicNumber:kDelta': 0.75, '1:atom_AtomicNumber_list_1:kConv': 0.85, '1:atom_AtomicNumber_list_2:kConv': 0.75, '1:atom_AtomicNumber_list_3:kConv': 1.0, '1:atom_AtomicNumber_list_4:kConv': 0.85, '1:atom_MorganHash:kDelta': 0.75, '1:atom_Ring_count:kDelta': 0.75, '1:atom_RingSize_list:kConv': 0.75, '1:atom_Hcount:kDelta': 1.0, '1:atom_AtomicNumber_count_1:kDelta': 0.8, '1:atom_AtomicNumber_count_2:kDelta': 0.85, '1:atom_Chiral:kDelta': 0.95, '1:bond_Order:kDelta': 0.75, '1:bond_Stereo:kDelta': 0.95, '1:bond_RingStereo:kDelta': 0.85, '1:q:q': 0.14, '2:features_kernel:Matern32': 4087.1, '3:features_kernel:Matern32': 9263.1, '4:features_kernel:Matern32': 7456.1, '5:features_kernel:Matern32': 3165.1, '6:features_kernel:Matern32': 3680.1, '7:features_kernel:Matern32': 5973.1, '8:features_kernel:Matern32': 9878.1, '9:features_kernel:Matern32': 9867.1, '10:features_kernel:Matern32': 6060.1, '11:features_kernel:Matern32': 6483.1, '12:features_kernel:Matern32': 9568.1, '13:features_kernel:Matern32': 576.1, '14:features_kernel:Matern32': 5948.1, 'alpha': 0.004}. Best is trial 10 with value: 2.06301775933241.
/gpfs_common/share03/ddomlab/sdehgha2/working_space/GP_collab/code_python/training/MGK_and_tools/mgktools/mgktools/kernels/base.py:225: UserWarning: The distribution is specified by [0.1, 10000] and step=1, but the range is not divisible by `step`. It will be replaced with [0.1, 9999.1].
  self.unique_name: trial.suggest_float(
[I 2026-05-03 17:35:09,341] Trial 11 finished with value: 2.0910093321804006 and parameters: {'0:atom_AtomicNumber:kDelta': 0.8, '0:atom_AtomicNumber_list_1:kConv': 1.0, '0:atom_AtomicNumber_list_2:kConv': 0.9, '0:atom_AtomicNumber_list_3:kConv': 0.85, '0:atom_AtomicNumber_list_4:kConv': 0.8, '0:atom_MorganHash:kDelta': 1.0, '0:atom_Ring_count:kDelta': 1.0, '0:atom_RingSize_list:kConv': 1.0, '0:atom_Hcount:kDelta': 0.75, '0:atom_AtomicNumber_count_1:kDelta': 1.0, '0:atom_AtomicNumber_count_2:kDelta': 0.95, '0:atom_Chiral:kDelta': 0.95, '0:bond_Order:kDelta': 0.75, '0:bond_Stereo:kDelta': 0.75, '0:bond_RingStereo:kDelta': 0.85, '0:q:q': 0.18000000000000002, '1:atom_AtomicNumber:kDelta': 0.75, '1:atom_AtomicNumber_list_1:kConv': 0.85, '1:atom_AtomicNumber_list_2:kConv': 0.75, '1:atom_AtomicNumber_list_3:kConv': 1.0, '1:atom_AtomicNumber_list_4:kConv': 0.85, '1:atom_MorganHash:kDelta': 0.75, '1:atom_Ring_count:kDelta': 0.75, '1:atom_RingSize_list:kConv': 0.75, '1:atom_Hcount:kDelta': 1.0, '1:atom_AtomicNumber_count_1:kDelta': 0.8, '1:atom_AtomicNumber_count_2:kDelta': 0.85, '1:atom_Chiral:kDelta': 0.95, '1:bond_Order:kDelta': 0.75, '1:bond_Stereo:kDelta': 0.95, '1:bond_RingStereo:kDelta': 0.85, '1:q:q': 0.12, '2:features_kernel:Matern32': 4371.1, '3:features_kernel:Matern32': 9613.1, '4:features_kernel:Matern32': 7557.1, '5:features_kernel:Matern32': 3016.1, '6:features_kernel:Matern32': 3289.1, '7:features_kernel:Matern32': 5858.1, '8:features_kernel:Matern32': 9888.1, '9:features_kernel:Matern32': 9734.1, '10:features_kernel:Matern32': 5778.1, '11:features_kernel:Matern32': 6874.1, '12:features_kernel:Matern32': 9841.1, '13:features_kernel:Matern32': 109.1, '14:features_kernel:Matern32': 6197.1, 'alpha': 0.001}. Best is trial 10 with value: 2.06301775933241.
/gpfs_common/share03/ddomlab/sdehgha2/working_space/GP_collab/code_python/training/MGK_and_tools/mgktools/mgktools/kernels/base.py:225: UserWarning: The distribution is specified by [0.1, 10000] and step=1, but the range is not divisible by `step`. It will be replaced with [0.1, 9999.1].
  self.unique_name: trial.suggest_float(
[I 2026-05-03 17:36:13,224] Trial 12 finished with value: 2.1104833469121904 and parameters: {'0:atom_AtomicNumber:kDelta': 0.8, '0:atom_AtomicNumber_list_1:kConv': 1.0, '0:atom_AtomicNumber_list_2:kConv': 0.9, '0:atom_AtomicNumber_list_3:kConv': 0.9, '0:atom_AtomicNumber_list_4:kConv': 0.85, '0:atom_MorganHash:kDelta': 0.95, '0:atom_Ring_count:kDelta': 1.0, '0:atom_RingSize_list:kConv': 0.95, '0:atom_Hcount:kDelta': 0.8, '0:atom_AtomicNumber_count_1:kDelta': 1.0, '0:atom_AtomicNumber_count_2:kDelta': 1.0, '0:atom_Chiral:kDelta': 0.95, '0:bond_Order:kDelta': 0.8, '0:bond_Stereo:kDelta': 0.8, '0:bond_RingStereo:kDelta': 0.85, '0:q:q': 0.19, '1:atom_AtomicNumber:kDelta': 0.8, '1:atom_AtomicNumber_list_1:kConv': 0.8, '1:atom_AtomicNumber_list_2:kConv': 0.75, '1:atom_AtomicNumber_list_3:kConv': 1.0, '1:atom_AtomicNumber_list_4:kConv': 0.8, '1:atom_MorganHash:kDelta': 0.75, '1:atom_Ring_count:kDelta': 0.75, '1:atom_RingSize_list:kConv': 0.75, '1:atom_Hcount:kDelta': 1.0, '1:atom_AtomicNumber_count_1:kDelta': 0.8, '1:atom_AtomicNumber_count_2:kDelta': 0.9, '1:atom_Chiral:kDelta': 0.95, '1:bond_Order:kDelta': 0.8, '1:bond_Stereo:kDelta': 0.95, '1:bond_RingStereo:kDelta': 0.9, '1:q:q': 0.14, '2:features_kernel:Matern32': 3454.1, '3:features_kernel:Matern32': 9922.1, '4:features_kernel:Matern32': 6947.1, '5:features_kernel:Matern32': 3099.1, '6:features_kernel:Matern32': 3824.1, '7:features_kernel:Matern32': 4459.1, '8:features_kernel:Matern32': 9973.1, '9:features_kernel:Matern32': 9974.1, '10:features_kernel:Matern32': 7956.1, '11:features_kernel:Matern32': 9434.1, '12:features_kernel:Matern32': 9830.1, '13:features_kernel:Matern32': 1064.1, '14:features_kernel:Matern32': 2880.1, 'alpha': 0.02}. Best is trial 10 with value: 2.06301775933241.
/gpfs_common/share03/ddomlab/sdehgha2/working_space/GP_collab/code_python/training/MGK_and_tools/mgktools/mgktools/kernels/base.py:225: UserWarning: The distribution is specified by [0.1, 10000] and step=1, but the range is not divisible by `step`. It will be replaced with [0.1, 9999.1].
  self.unique_name: trial.suggest_float(
[I 2026-05-03 17:37:20,398] Trial 13 finished with value: 2.103559922951013 and parameters: {'0:atom_AtomicNumber:kDelta': 0.75, '0:atom_AtomicNumber_list_1:kConv': 0.95, '0:atom_AtomicNumber_list_2:kConv': 0.9, '0:atom_AtomicNumber_list_3:kConv': 0.8, '0:atom_AtomicNumber_list_4:kConv': 0.75, '0:atom_MorganHash:kDelta': 0.85, '0:atom_Ring_count:kDelta': 0.95, '0:atom_RingSize_list:kConv': 0.75, '0:atom_Hcount:kDelta': 0.9, '0:atom_AtomicNumber_count_1:kDelta': 0.95, '0:atom_AtomicNumber_count_2:kDelta': 0.95, '0:atom_Chiral:kDelta': 0.9, '0:bond_Order:kDelta': 0.8, '0:bond_Stereo:kDelta': 0.85, '0:bond_RingStereo:kDelta': 0.75, '0:q:q': 0.14, '1:atom_AtomicNumber:kDelta': 0.75, '1:atom_AtomicNumber_list_1:kConv': 0.9, '1:atom_AtomicNumber_list_2:kConv': 0.8, '1:atom_AtomicNumber_list_3:kConv': 1.0, '1:atom_AtomicNumber_list_4:kConv': 0.8, '1:atom_MorganHash:kDelta': 0.8, '1:atom_Ring_count:kDelta': 0.8, '1:atom_RingSize_list:kConv': 0.8, '1:atom_Hcount:kDelta': 0.85, '1:atom_AtomicNumber_count_1:kDelta': 0.85, '1:atom_AtomicNumber_count_2:kDelta': 0.9, '1:atom_Chiral:kDelta': 0.75, '1:bond_Order:kDelta': 0.8, '1:bond_Stereo:kDelta': 0.95, '1:bond_RingStereo:kDelta': 0.85, '1:q:q': 0.19, '2:features_kernel:Matern32': 7802.1, '3:features_kernel:Matern32': 15.1, '4:features_kernel:Matern32': 9987.1, '5:features_kernel:Matern32': 2631.1, '6:features_kernel:Matern32': 639.1, '7:features_kernel:Matern32': 6856.1, '8:features_kernel:Matern32': 7290.1, '9:features_kernel:Matern32': 549.1, '10:features_kernel:Matern32': 5207.1, '11:features_kernel:Matern32': 5705.1, '12:features_kernel:Matern32': 7305.1, '13:features_kernel:Matern32': 2167.1, '14:features_kernel:Matern32': 6108.1, 'alpha': 0.018000000000000002}. Best is trial 10 with value: 2.06301775933241.
/gpfs_common/share03/ddomlab/sdehgha2/working_space/GP_collab/code_python/training/MGK_and_tools/mgktools/mgktools/kernels/base.py:225: UserWarning: The distribution is specified by [0.1, 10000] and step=1, but the range is not divisible by `step`. It will be replaced with [0.1, 9999.1].
  self.unique_name: trial.suggest_float(
[I 2026-05-03 17:38:22,531] Trial 14 finished with value: 2.094847340341808 and parameters: {'0:atom_AtomicNumber:kDelta': 0.85, '0:atom_AtomicNumber_list_1:kConv': 1.0, '0:atom_AtomicNumber_list_2:kConv': 0.95, '0:atom_AtomicNumber_list_3:kConv': 0.85, '0:atom_AtomicNumber_list_4:kConv': 0.9, '0:atom_MorganHash:kDelta': 0.85, '0:atom_Ring_count:kDelta': 0.85, '0:atom_RingSize_list:kConv': 1.0, '0:atom_Hcount:kDelta': 0.8, '0:atom_AtomicNumber_count_1:kDelta': 0.95, '0:atom_AtomicNumber_count_2:kDelta': 0.9, '0:atom_Chiral:kDelta': 1.0, '0:bond_Order:kDelta': 0.75, '0:bond_Stereo:kDelta': 0.75, '0:bond_RingStereo:kDelta': 0.85, '0:q:q': 0.26, '1:atom_AtomicNumber:kDelta': 0.85, '1:atom_AtomicNumber_list_1:kConv': 0.8, '1:atom_AtomicNumber_list_2:kConv': 0.95, '1:atom_AtomicNumber_list_3:kConv': 0.9, '1:atom_AtomicNumber_list_4:kConv': 0.95, '1:atom_MorganHash:kDelta': 0.8, '1:atom_Ring_count:kDelta': 0.8, '1:atom_RingSize_list:kConv': 0.75, '1:atom_Hcount:kDelta': 1.0, '1:atom_AtomicNumber_count_1:kDelta': 0.8, '1:atom_AtomicNumber_count_2:kDelta': 0.85, '1:atom_Chiral:kDelta': 1.0, '1:bond_Order:kDelta': 0.75, '1:bond_Stereo:kDelta': 0.9, '1:bond_RingStereo:kDelta': 0.8, '1:q:q': 0.2, '2:features_kernel:Matern32': 6296.1, '3:features_kernel:Matern32': 8277.1, '4:features_kernel:Matern32': 4745.1, '5:features_kernel:Matern32': 2081.1, '6:features_kernel:Matern32': 5993.1, '7:features_kernel:Matern32': 9448.1, '8:features_kernel:Matern32': 8062.1, '9:features_kernel:Matern32': 8367.1, '10:features_kernel:Matern32': 9697.1, '11:features_kernel:Matern32': 5889.1, '12:features_kernel:Matern32': 7197.1, '13:features_kernel:Matern32': 2996.1, '14:features_kernel:Matern32': 3340.1, 'alpha': 0.017}. Best is trial 10 with value: 2.06301775933241.
/gpfs_common/share03/ddomlab/sdehgha2/working_space/GP_collab/code_python/training/MGK_and_tools/mgktools/mgktools/kernels/base.py:225: UserWarning: The distribution is specified by [0.1, 10000] and step=1, but the range is not divisible by `step`. It will be replaced with [0.1, 9999.1].
  self.unique_name: trial.suggest_float(
[I 2026-05-03 17:39:37,253] Trial 15 finished with value: 2.1179449335111844 and parameters: {'0:atom_AtomicNumber:kDelta': 0.85, '0:atom_AtomicNumber_list_1:kConv': 0.95, '0:atom_AtomicNumber_list_2:kConv': 0.85, '0:atom_AtomicNumber_list_3:kConv': 0.9, '0:atom_AtomicNumber_list_4:kConv': 0.8, '0:atom_MorganHash:kDelta': 0.95, '0:atom_Ring_count:kDelta': 0.95, '0:atom_RingSize_list:kConv': 0.95, '0:atom_Hcount:kDelta': 0.9, '0:atom_AtomicNumber_count_1:kDelta': 1.0, '0:atom_AtomicNumber_count_2:kDelta': 0.9, '0:atom_Chiral:kDelta': 0.85, '0:bond_Order:kDelta': 0.85, '0:bond_Stereo:kDelta': 0.85, '0:bond_RingStereo:kDelta': 0.8, '0:q:q': 0.25, '1:atom_AtomicNumber:kDelta': 0.8, '1:atom_AtomicNumber_list_1:kConv': 0.85, '1:atom_AtomicNumber_list_2:kConv': 0.85, '1:atom_AtomicNumber_list_3:kConv': 1.0, '1:atom_AtomicNumber_list_4:kConv': 0.85, '1:atom_MorganHash:kDelta': 0.8, '1:atom_Ring_count:kDelta': 0.75, '1:atom_RingSize_list:kConv': 0.8, '1:atom_Hcount:kDelta': 0.9, '1:atom_AtomicNumber_count_1:kDelta': 0.85, '1:atom_AtomicNumber_count_2:kDelta': 0.8, '1:atom_Chiral:kDelta': 0.95, '1:bond_Order:kDelta': 0.85, '1:bond_Stereo:kDelta': 0.9, '1:bond_RingStereo:kDelta': 1.0, '1:q:q': 0.02, '2:features_kernel:Matern32': 3447.1, '3:features_kernel:Matern32': 1434.1, '4:features_kernel:Matern32': 8542.1, '5:features_kernel:Matern32': 4399.1, '6:features_kernel:Matern32': 3230.1, '7:features_kernel:Matern32': 5005.1, '8:features_kernel:Matern32': 2849.1, '9:features_kernel:Matern32': 8198.1, '10:features_kernel:Matern32': 6356.1, '11:features_kernel:Matern32': 3678.1, '12:features_kernel:Matern32': 355.1, '13:features_kernel:Matern32': 7779.1, '14:features_kernel:Matern32': 6056.1, 'alpha': 0.030000000000000002}. Best is trial 10 with value: 2.06301775933241.
/gpfs_common/share03/ddomlab/sdehgha2/working_space/GP_collab/code_python/training/MGK_and_tools/mgktools/mgktools/kernels/base.py:225: UserWarning: The distribution is specified by [0.1, 10000] and step=1, but the range is not divisible by `step`. It will be replaced with [0.1, 9999.1].
  self.unique_name: trial.suggest_float(
[I 2026-05-03 17:40:48,028] Trial 16 finished with value: 2.0630099212760884 and parameters: {'0:atom_AtomicNumber:kDelta': 0.8, '0:atom_AtomicNumber_list_1:kConv': 0.9, '0:atom_AtomicNumber_list_2:kConv': 0.8, '0:atom_AtomicNumber_list_3:kConv': 0.95, '0:atom_AtomicNumber_list_4:kConv': 0.8, '0:atom_MorganHash:kDelta': 0.95, '0:atom_Ring_count:kDelta': 0.85, '0:atom_RingSize_list:kConv': 0.95, '0:atom_Hcount:kDelta': 0.8, '0:atom_AtomicNumber_count_1:kDelta': 0.9, '0:atom_AtomicNumber_count_2:kDelta': 1.0, '0:atom_Chiral:kDelta': 0.95, '0:bond_Order:kDelta': 0.8, '0:bond_Stereo:kDelta': 0.85, '0:bond_RingStereo:kDelta': 0.9, '0:q:q': 0.01, '1:atom_AtomicNumber:kDelta': 0.85, '1:atom_AtomicNumber_list_1:kConv': 0.8, '1:atom_AtomicNumber_list_2:kConv': 0.95, '1:atom_AtomicNumber_list_3:kConv': 0.95, '1:atom_AtomicNumber_list_4:kConv': 0.8, '1:atom_MorganHash:kDelta': 0.75, '1:atom_Ring_count:kDelta': 0.85, '1:atom_RingSize_list:kConv': 0.8, '1:atom_Hcount:kDelta': 0.8, '1:atom_AtomicNumber_count_1:kDelta': 0.75, '1:atom_AtomicNumber_count_2:kDelta': 0.8, '1:atom_Chiral:kDelta': 0.9, '1:bond_Order:kDelta': 0.8, '1:bond_Stereo:kDelta': 0.95, '1:bond_RingStereo:kDelta': 0.9, '1:q:q': 0.22, '2:features_kernel:Matern32': 6042.1, '3:features_kernel:Matern32': 8238.1, '4:features_kernel:Matern32': 5396.1, '5:features_kernel:Matern32': 1907.1, '6:features_kernel:Matern32': 7784.1, '7:features_kernel:Matern32': 2436.1, '8:features_kernel:Matern32': 6019.1, '9:features_kernel:Matern32': 8437.1, '10:features_kernel:Matern32': 4699.1, '11:features_kernel:Matern32': 8221.1, '12:features_kernel:Matern32': 8995.1, '13:features_kernel:Matern32': 4929.1, '14:features_kernel:Matern32': 614.1, 'alpha': 0.010000000000000002}. Best is trial 16 with value: 2.0630099212760884.
/gpfs_common/share03/ddomlab/sdehgha2/working_space/GP_collab/code_python/training/MGK_and_tools/mgktools/mgktools/kernels/base.py:225: UserWarning: The distribution is specified by [0.1, 10000] and step=1, but the range is not divisible by `step`. It will be replaced with [0.1, 9999.1].
  self.unique_name: trial.suggest_float(
[I 2026-05-03 17:41:56,930] Trial 17 finished with value: 2.083471583812139 and parameters: {'0:atom_AtomicNumber:kDelta': 0.75, '0:atom_AtomicNumber_list_1:kConv': 0.85, '0:atom_AtomicNumber_list_2:kConv': 0.8, '0:atom_AtomicNumber_list_3:kConv': 0.95, '0:atom_AtomicNumber_list_4:kConv': 0.8, '0:atom_MorganHash:kDelta': 0.95, '0:atom_Ring_count:kDelta': 0.95, '0:atom_RingSize_list:kConv': 0.95, '0:atom_Hcount:kDelta': 0.8, '0:atom_AtomicNumber_count_1:kDelta': 0.9, '0:atom_AtomicNumber_count_2:kDelta': 0.95, '0:atom_Chiral:kDelta': 0.85, '0:bond_Order:kDelta': 0.8, '0:bond_Stereo:kDelta': 0.75, '0:bond_RingStereo:kDelta': 0.95, '0:q:q': 0.01, '1:atom_AtomicNumber:kDelta': 0.75, '1:atom_AtomicNumber_list_1:kConv': 0.9, '1:atom_AtomicNumber_list_2:kConv': 0.8, '1:atom_AtomicNumber_list_3:kConv': 0.95, '1:atom_AtomicNumber_list_4:kConv': 0.8, '1:atom_MorganHash:kDelta': 0.75, '1:atom_Ring_count:kDelta': 0.85, '1:atom_RingSize_list:kConv': 0.8, '1:atom_Hcount:kDelta': 0.8, '1:atom_AtomicNumber_count_1:kDelta': 0.75, '1:atom_AtomicNumber_count_2:kDelta': 0.8, '1:atom_Chiral:kDelta': 0.9, '1:bond_Order:kDelta': 0.75, '1:bond_Stereo:kDelta': 0.9, '1:bond_RingStereo:kDelta': 0.9, '1:q:q': 0.21000000000000002, '2:features_kernel:Matern32': 7155.1, '3:features_kernel:Matern32': 8242.1, '4:features_kernel:Matern32': 3184.1, '5:features_kernel:Matern32': 3824.1, '6:features_kernel:Matern32': 8071.1, '7:features_kernel:Matern32': 2545.1, '8:features_kernel:Matern32': 8491.1, '9:features_kernel:Matern32': 9049.1, '10:features_kernel:Matern32': 3852.1, '11:features_kernel:Matern32': 9963.1, '12:features_kernel:Matern32': 4284.1, '13:features_kernel:Matern32': 1858.1, '14:features_kernel:Matern32': 499.1, 'alpha': 0.017}. Best is trial 16 with value: 2.0630099212760884.
/gpfs_common/share03/ddomlab/sdehgha2/working_space/GP_collab/code_python/training/MGK_and_tools/mgktools/mgktools/kernels/base.py:225: UserWarning: The distribution is specified by [0.1, 10000] and step=1, but the range is not divisible by `step`. It will be replaced with [0.1, 9999.1].
  self.unique_name: trial.suggest_float(
[I 2026-05-03 17:43:00,290] Trial 18 finished with value: 2.0744442918912713 and parameters: {'0:atom_AtomicNumber:kDelta': 0.85, '0:atom_AtomicNumber_list_1:kConv': 0.9, '0:atom_AtomicNumber_list_2:kConv': 1.0, '0:atom_AtomicNumber_list_3:kConv': 0.8, '0:atom_AtomicNumber_list_4:kConv': 0.75, '0:atom_MorganHash:kDelta': 1.0, '0:atom_Ring_count:kDelta': 0.85, '0:atom_RingSize_list:kConv': 0.9, '0:atom_Hcount:kDelta': 0.75, '0:atom_AtomicNumber_count_1:kDelta': 0.85, '0:atom_AtomicNumber_count_2:kDelta': 0.9, '0:atom_Chiral:kDelta': 0.95, '0:bond_Order:kDelta': 0.85, '0:bond_Stereo:kDelta': 0.8, '0:bond_RingStereo:kDelta': 0.9, '0:q:q': 0.25, '1:atom_AtomicNumber:kDelta': 0.85, '1:atom_AtomicNumber_list_1:kConv': 0.95, '1:atom_AtomicNumber_list_2:kConv': 0.85, '1:atom_AtomicNumber_list_3:kConv': 0.9, '1:atom_AtomicNumber_list_4:kConv': 0.9, '1:atom_MorganHash:kDelta': 0.75, '1:atom_Ring_count:kDelta': 1.0, '1:atom_RingSize_list:kConv': 0.8, '1:atom_Hcount:kDelta': 0.8, '1:atom_AtomicNumber_count_1:kDelta': 0.75, '1:atom_AtomicNumber_count_2:kDelta': 0.8, '1:atom_Chiral:kDelta': 0.9, '1:bond_Order:kDelta': 0.85, '1:bond_Stereo:kDelta': 0.95, '1:bond_RingStereo:kDelta': 0.8, '1:q:q': 0.11, '2:features_kernel:Matern32': 8421.1, '3:features_kernel:Matern32': 8399.1, '4:features_kernel:Matern32': 5516.1, '5:features_kernel:Matern32': 5432.1, '6:features_kernel:Matern32': 7743.1, '7:features_kernel:Matern32': 1697.1, '8:features_kernel:Matern32': 6167.1, '9:features_kernel:Matern32': 7535.1, '10:features_kernel:Matern32': 7461.1, '11:features_kernel:Matern32': 8459.1, '12:features_kernel:Matern32': 6969.1, '13:features_kernel:Matern32': 4607.1, '14:features_kernel:Matern32': 7132.1, 'alpha': 0.011}. Best is trial 16 with value: 2.0630099212760884.
/gpfs_common/share03/ddomlab/sdehgha2/working_space/GP_collab/code_python/training/MGK_and_tools/mgktools/mgktools/kernels/base.py:225: UserWarning: The distribution is specified by [0.1, 10000] and step=1, but the range is not divisible by `step`. It will be replaced with [0.1, 9999.1].
  self.unique_name: trial.suggest_float(
