[I 2026-04-22 01:01:17,657] Trial 69 finished with value: 2.582746737258849 and parameters: {'0:atom_AtomicNumber:kDelta': 1.0, '0:atom_AtomicNumber_list_1:kConv': 1.0, '0:atom_AtomicNumber_list_2:kConv': 0.8, '0:atom_AtomicNumber_list_3:kConv': 0.8, '0:atom_AtomicNumber_list_4:kConv': 0.75, '0:atom_MorganHash:kDelta': 0.95, '0:atom_Ring_count:kDelta': 0.75, '0:atom_RingSize_list:kConv': 0.75, '0:atom_Hcount:kDelta': 1.0, '0:atom_AtomicNumber_count_1:kDelta': 0.95, '0:atom_AtomicNumber_count_2:kDelta': 0.8, '0:atom_Chiral:kDelta': 0.95, '0:bond_Order:kDelta': 0.95, '0:bond_Stereo:kDelta': 1.0, '0:bond_RingStereo:kDelta': 0.75, '0:q:q': 0.47000000000000003, '1:atom_AtomicNumber:kDelta': 0.8, '1:atom_AtomicNumber_list_1:kConv': 0.8, '1:atom_AtomicNumber_list_2:kConv': 0.8, '1:atom_AtomicNumber_list_3:kConv': 1.0, '1:atom_AtomicNumber_list_4:kConv': 0.8, '1:atom_MorganHash:kDelta': 0.75, '1:atom_Ring_count:kDelta': 0.75, '1:atom_RingSize_list:kConv': 1.0, '1:atom_Hcount:kDelta': 0.75, '1:atom_AtomicNumber_count_1:kDelta': 0.95, '1:atom_AtomicNumber_count_2:kDelta': 0.75, '1:atom_Chiral:kDelta': 1.0, '1:bond_Order:kDelta': 0.75, '1:bond_Stereo:kDelta': 1.0, '1:bond_RingStereo:kDelta': 1.0, '1:q:q': 0.31, '2:features_kernel:Matern32': 9.1, '3:features_kernel:Matern32': 8.1, '4:features_kernel:Matern32': 24.1, '5:features_kernel:Matern32': 24.1, '6:features_kernel:Matern32': 29.1, '7:features_kernel:Matern32': 28.1, '8:features_kernel:Matern32': 0.1, '9:features_kernel:Matern32': 14.1, '10:features_kernel:Matern32': 0.1, '11:features_kernel:Matern32': 4.1, '12:features_kernel:Matern32': 26.1, '13:features_kernel:Matern32': 8.1, '14:features_kernel:Matern32': 3.1, 'alpha': 0.098}. Best is trial 57 with value: 2.1703276939446647.
/gpfs_common/share03/ddomlab/sdehgha2/working_space/GP_collab/code_python/training/MGK_and_tools/mgktools/mgktools/kernels/base.py:225: UserWarning: The distribution is specified by [0.1, 30] and step=1, but the range is not divisible by `step`. It will be replaced with [0.1, 29.1].
  self.unique_name: trial.suggest_float(
[I 2026-04-22 01:02:23,295] Trial 71 finished with value: 2.337085962376045 and parameters: {'0:atom_AtomicNumber:kDelta': 1.0, '0:atom_AtomicNumber_list_1:kConv': 0.75, '0:atom_AtomicNumber_list_2:kConv': 0.8, '0:atom_AtomicNumber_list_3:kConv': 0.8, '0:atom_AtomicNumber_list_4:kConv': 0.75, '0:atom_MorganHash:kDelta': 0.95, '0:atom_Ring_count:kDelta': 0.75, '0:atom_RingSize_list:kConv': 0.75, '0:atom_Hcount:kDelta': 1.0, '0:atom_AtomicNumber_count_1:kDelta': 1.0, '0:atom_AtomicNumber_count_2:kDelta': 0.75, '0:atom_Chiral:kDelta': 1.0, '0:bond_Order:kDelta': 0.75, '0:bond_Stereo:kDelta': 1.0, '0:bond_RingStereo:kDelta': 0.75, '0:q:q': 0.41000000000000003, '1:atom_AtomicNumber:kDelta': 0.75, '1:atom_AtomicNumber_list_1:kConv': 0.8, '1:atom_AtomicNumber_list_2:kConv': 0.75, '1:atom_AtomicNumber_list_3:kConv': 1.0, '1:atom_AtomicNumber_list_4:kConv': 0.75, '1:atom_MorganHash:kDelta': 0.75, '1:atom_Ring_count:kDelta': 0.75, '1:atom_RingSize_list:kConv': 1.0, '1:atom_Hcount:kDelta': 0.75, '1:atom_AtomicNumber_count_1:kDelta': 0.95, '1:atom_AtomicNumber_count_2:kDelta': 0.75, '1:atom_Chiral:kDelta': 1.0, '1:bond_Order:kDelta': 0.75, '1:bond_Stereo:kDelta': 0.75, '1:bond_RingStereo:kDelta': 0.95, '1:q:q': 0.36000000000000004, '2:features_kernel:Matern32': 3.1, '3:features_kernel:Matern32': 1.1, '4:features_kernel:Matern32': 25.1, '5:features_kernel:Matern32': 26.1, '6:features_kernel:Matern32': 26.1, '7:features_kernel:Matern32': 24.1, '8:features_kernel:Matern32': 1.1, '9:features_kernel:Matern32': 13.1, '10:features_kernel:Matern32': 3.1, '11:features_kernel:Matern32': 1.1, '12:features_kernel:Matern32': 27.1, '13:features_kernel:Matern32': 2.1, '14:features_kernel:Matern32': 0.1, 'alpha': 0.084}. Best is trial 57 with value: 2.1703276939446647.
/gpfs_common/share03/ddomlab/sdehgha2/working_space/GP_collab/code_python/training/MGK_and_tools/mgktools/mgktools/kernels/base.py:225: UserWarning: The distribution is specified by [0.1, 30] and step=1, but the range is not divisible by `step`. It will be replaced with [0.1, 29.1].
  self.unique_name: trial.suggest_float(
[I 2026-04-22 01:03:12,753] Trial 70 finished with value: 2.6140403127395073 and parameters: {'0:atom_AtomicNumber:kDelta': 1.0, '0:atom_AtomicNumber_list_1:kConv': 0.75, '0:atom_AtomicNumber_list_2:kConv': 0.8, '0:atom_AtomicNumber_list_3:kConv': 0.8, '0:atom_AtomicNumber_list_4:kConv': 0.75, '0:atom_MorganHash:kDelta': 0.95, '0:atom_Ring_count:kDelta': 0.75, '0:atom_RingSize_list:kConv': 0.75, '0:atom_Hcount:kDelta': 1.0, '0:atom_AtomicNumber_count_1:kDelta': 1.0, '0:atom_AtomicNumber_count_2:kDelta': 0.8, '0:atom_Chiral:kDelta': 1.0, '0:bond_Order:kDelta': 0.95, '0:bond_Stereo:kDelta': 1.0, '0:bond_RingStereo:kDelta': 0.75, '0:q:q': 0.47000000000000003, '1:atom_AtomicNumber:kDelta': 0.75, '1:atom_AtomicNumber_list_1:kConv': 0.8, '1:atom_AtomicNumber_list_2:kConv': 0.75, '1:atom_AtomicNumber_list_3:kConv': 1.0, '1:atom_AtomicNumber_list_4:kConv': 0.8, '1:atom_MorganHash:kDelta': 0.75, '1:atom_Ring_count:kDelta': 0.75, '1:atom_RingSize_list:kConv': 1.0, '1:atom_Hcount:kDelta': 0.75, '1:atom_AtomicNumber_count_1:kDelta': 0.95, '1:atom_AtomicNumber_count_2:kDelta': 0.75, '1:atom_Chiral:kDelta': 1.0, '1:bond_Order:kDelta': 0.75, '1:bond_Stereo:kDelta': 0.75, '1:bond_RingStereo:kDelta': 1.0, '1:q:q': 0.22, '2:features_kernel:Matern32': 8.1, '3:features_kernel:Matern32': 7.1, '4:features_kernel:Matern32': 24.1, '5:features_kernel:Matern32': 26.1, '6:features_kernel:Matern32': 29.1, '7:features_kernel:Matern32': 28.1, '8:features_kernel:Matern32': 0.1, '9:features_kernel:Matern32': 13.1, '10:features_kernel:Matern32': 4.1, '11:features_kernel:Matern32': 5.1, '12:features_kernel:Matern32': 26.1, '13:features_kernel:Matern32': 8.1, '14:features_kernel:Matern32': 0.1, 'alpha': 0.099}. Best is trial 57 with value: 2.1703276939446647.
/gpfs_common/share03/ddomlab/sdehgha2/working_space/GP_collab/code_python/training/MGK_and_tools/mgktools/mgktools/kernels/base.py:225: UserWarning: The distribution is specified by [0.1, 30] and step=1, but the range is not divisible by `step`. It will be replaced with [0.1, 29.1].
  self.unique_name: trial.suggest_float(
[I 2026-04-22 01:03:34,176] Trial 72 finished with value: 2.188998708743054 and parameters: {'0:atom_AtomicNumber:kDelta': 1.0, '0:atom_AtomicNumber_list_1:kConv': 0.75, '0:atom_AtomicNumber_list_2:kConv': 0.75, '0:atom_AtomicNumber_list_3:kConv': 0.8, '0:atom_AtomicNumber_list_4:kConv': 0.8, '0:atom_MorganHash:kDelta': 1.0, '0:atom_Ring_count:kDelta': 0.75, '0:atom_RingSize_list:kConv': 1.0, '0:atom_Hcount:kDelta': 1.0, '0:atom_AtomicNumber_count_1:kDelta': 1.0, '0:atom_AtomicNumber_count_2:kDelta': 0.75, '0:atom_Chiral:kDelta': 0.95, '0:bond_Order:kDelta': 0.75, '0:bond_Stereo:kDelta': 1.0, '0:bond_RingStereo:kDelta': 0.75, '0:q:q': 0.45, '1:atom_AtomicNumber:kDelta': 0.85, '1:atom_AtomicNumber_list_1:kConv': 0.8, '1:atom_AtomicNumber_list_2:kConv': 0.75, '1:atom_AtomicNumber_list_3:kConv': 1.0, '1:atom_AtomicNumber_list_4:kConv': 0.75, '1:atom_MorganHash:kDelta': 0.75, '1:atom_Ring_count:kDelta': 0.75, '1:atom_RingSize_list:kConv': 1.0, '1:atom_Hcount:kDelta': 0.75, '1:atom_AtomicNumber_count_1:kDelta': 0.75, '1:atom_AtomicNumber_count_2:kDelta': 0.75, '1:atom_Chiral:kDelta': 1.0, '1:bond_Order:kDelta': 0.75, '1:bond_Stereo:kDelta': 0.75, '1:bond_RingStereo:kDelta': 1.0, '1:q:q': 0.22, '2:features_kernel:Matern32': 8.1, '3:features_kernel:Matern32': 5.1, '4:features_kernel:Matern32': 23.1, '5:features_kernel:Matern32': 25.1, '6:features_kernel:Matern32': 28.1, '7:features_kernel:Matern32': 28.1, '8:features_kernel:Matern32': 4.1, '9:features_kernel:Matern32': 17.1, '10:features_kernel:Matern32': 1.1, '11:features_kernel:Matern32': 7.1, '12:features_kernel:Matern32': 28.1, '13:features_kernel:Matern32': 6.1, '14:features_kernel:Matern32': 6.1, 'alpha': 0.094}. Best is trial 57 with value: 2.1703276939446647.
/gpfs_common/share03/ddomlab/sdehgha2/working_space/GP_collab/code_python/training/MGK_and_tools/mgktools/mgktools/kernels/base.py:225: UserWarning: The distribution is specified by [0.1, 30] and step=1, but the range is not divisible by `step`. It will be replaced with [0.1, 29.1].
  self.unique_name: trial.suggest_float(
[I 2026-04-22 01:04:43,524] Trial 74 finished with value: 2.1851592948322334 and parameters: {'0:atom_AtomicNumber:kDelta': 1.0, '0:atom_AtomicNumber_list_1:kConv': 0.75, '0:atom_AtomicNumber_list_2:kConv': 0.75, '0:atom_AtomicNumber_list_3:kConv': 0.8, '0:atom_AtomicNumber_list_4:kConv': 0.8, '0:atom_MorganHash:kDelta': 1.0, '0:atom_Ring_count:kDelta': 0.75, '0:atom_RingSize_list:kConv': 1.0, '0:atom_Hcount:kDelta': 1.0, '0:atom_AtomicNumber_count_1:kDelta': 1.0, '0:atom_AtomicNumber_count_2:kDelta': 0.75, '0:atom_Chiral:kDelta': 0.95, '0:bond_Order:kDelta': 0.75, '0:bond_Stereo:kDelta': 1.0, '0:bond_RingStereo:kDelta': 0.75, '0:q:q': 0.44, '1:atom_AtomicNumber:kDelta': 0.85, '1:atom_AtomicNumber_list_1:kConv': 0.8, '1:atom_AtomicNumber_list_2:kConv': 0.75, '1:atom_AtomicNumber_list_3:kConv': 1.0, '1:atom_AtomicNumber_list_4:kConv': 0.75, '1:atom_MorganHash:kDelta': 0.75, '1:atom_Ring_count:kDelta': 0.75, '1:atom_RingSize_list:kConv': 1.0, '1:atom_Hcount:kDelta': 0.75, '1:atom_AtomicNumber_count_1:kDelta': 0.9, '1:atom_AtomicNumber_count_2:kDelta': 0.75, '1:atom_Chiral:kDelta': 1.0, '1:bond_Order:kDelta': 0.75, '1:bond_Stereo:kDelta': 0.75, '1:bond_RingStereo:kDelta': 1.0, '1:q:q': 0.27, '2:features_kernel:Matern32': 11.1, '3:features_kernel:Matern32': 5.1, '4:features_kernel:Matern32': 29.1, '5:features_kernel:Matern32': 25.1, '6:features_kernel:Matern32': 28.1, '7:features_kernel:Matern32': 28.1, '8:features_kernel:Matern32': 1.1, '9:features_kernel:Matern32': 17.1, '10:features_kernel:Matern32': 1.1, '11:features_kernel:Matern32': 7.1, '12:features_kernel:Matern32': 29.1, '13:features_kernel:Matern32': 6.1, '14:features_kernel:Matern32': 4.1, 'alpha': 0.094}. Best is trial 57 with value: 2.1703276939446647.
[I 2026-04-22 01:05:18,235] Trial 73 finished with value: 2.1855279849544225 and parameters: {'0:atom_AtomicNumber:kDelta': 1.0, '0:atom_AtomicNumber_list_1:kConv': 0.75, '0:atom_AtomicNumber_list_2:kConv': 0.75, '0:atom_AtomicNumber_list_3:kConv': 0.8, '0:atom_AtomicNumber_list_4:kConv': 0.8, '0:atom_MorganHash:kDelta': 1.0, '0:atom_Ring_count:kDelta': 0.75, '0:atom_RingSize_list:kConv': 0.75, '0:atom_Hcount:kDelta': 1.0, '0:atom_AtomicNumber_count_1:kDelta': 1.0, '0:atom_AtomicNumber_count_2:kDelta': 0.75, '0:atom_Chiral:kDelta': 0.95, '0:bond_Order:kDelta': 0.75, '0:bond_Stereo:kDelta': 1.0, '0:bond_RingStereo:kDelta': 0.75, '0:q:q': 0.45, '1:atom_AtomicNumber:kDelta': 0.85, '1:atom_AtomicNumber_list_1:kConv': 0.8, '1:atom_AtomicNumber_list_2:kConv': 0.75, '1:atom_AtomicNumber_list_3:kConv': 1.0, '1:atom_AtomicNumber_list_4:kConv': 0.75, '1:atom_MorganHash:kDelta': 0.75, '1:atom_Ring_count:kDelta': 0.75, '1:atom_RingSize_list:kConv': 1.0, '1:atom_Hcount:kDelta': 0.75, '1:atom_AtomicNumber_count_1:kDelta': 0.75, '1:atom_AtomicNumber_count_2:kDelta': 0.75, '1:atom_Chiral:kDelta': 1.0, '1:bond_Order:kDelta': 0.75, '1:bond_Stereo:kDelta': 0.75, '1:bond_RingStereo:kDelta': 0.95, '1:q:q': 0.27, '2:features_kernel:Matern32': 11.1, '3:features_kernel:Matern32': 1.1, '4:features_kernel:Matern32': 29.1, '5:features_kernel:Matern32': 28.1, '6:features_kernel:Matern32': 28.1, '7:features_kernel:Matern32': 26.1, '8:features_kernel:Matern32': 4.1, '9:features_kernel:Matern32': 16.1, '10:features_kernel:Matern32': 1.1, '11:features_kernel:Matern32': 7.1, '12:features_kernel:Matern32': 28.1, '13:features_kernel:Matern32': 6.1, '14:features_kernel:Matern32': 6.1, 'alpha': 0.094}. Best is trial 57 with value: 2.1703276939446647.
/gpfs_common/share03/ddomlab/sdehgha2/working_space/GP_collab/code_python/training/MGK_and_tools/mgktools/mgktools/kernels/base.py:225: UserWarning: The distribution is specified by [0.1, 30] and step=1, but the range is not divisible by `step`. It will be replaced with [0.1, 29.1].
  self.unique_name: trial.suggest_float(
[I 2026-04-22 01:07:20,972] Trial 75 finished with value: 2.1781716026445217 and parameters: {'0:atom_AtomicNumber:kDelta': 1.0, '0:atom_AtomicNumber_list_1:kConv': 0.75, '0:atom_AtomicNumber_list_2:kConv': 0.75, '0:atom_AtomicNumber_list_3:kConv': 0.8, '0:atom_AtomicNumber_list_4:kConv': 0.8, '0:atom_MorganHash:kDelta': 1.0, '0:atom_Ring_count:kDelta': 0.75, '0:atom_RingSize_list:kConv': 0.95, '0:atom_Hcount:kDelta': 1.0, '0:atom_AtomicNumber_count_1:kDelta': 1.0, '0:atom_AtomicNumber_count_2:kDelta': 0.75, '0:atom_Chiral:kDelta': 0.9, '0:bond_Order:kDelta': 0.75, '0:bond_Stereo:kDelta': 1.0, '0:bond_RingStereo:kDelta': 0.75, '0:q:q': 0.48000000000000004, '1:atom_AtomicNumber:kDelta': 0.85, '1:atom_AtomicNumber_list_1:kConv': 0.85, '1:atom_AtomicNumber_list_2:kConv': 0.85, '1:atom_AtomicNumber_list_3:kConv': 1.0, '1:atom_AtomicNumber_list_4:kConv': 0.75, '1:atom_MorganHash:kDelta': 0.75, '1:atom_Ring_count:kDelta': 0.75, '1:atom_RingSize_list:kConv': 1.0, '1:atom_Hcount:kDelta': 0.8, '1:atom_AtomicNumber_count_1:kDelta': 0.9, '1:atom_AtomicNumber_count_2:kDelta': 0.75, '1:atom_Chiral:kDelta': 1.0, '1:bond_Order:kDelta': 0.75, '1:bond_Stereo:kDelta': 0.75, '1:bond_RingStereo:kDelta': 1.0, '1:q:q': 0.28, '2:features_kernel:Matern32': 13.1, '3:features_kernel:Matern32': 1.1, '4:features_kernel:Matern32': 29.1, '5:features_kernel:Matern32': 22.1, '6:features_kernel:Matern32': 27.1, '7:features_kernel:Matern32': 26.1, '8:features_kernel:Matern32': 4.1, '9:features_kernel:Matern32': 20.1, '10:features_kernel:Matern32': 3.1, '11:features_kernel:Matern32': 9.1, '12:features_kernel:Matern32': 29.1, '13:features_kernel:Matern32': 2.1, '14:features_kernel:Matern32': 2.1, 'alpha': 0.1}. Best is trial 57 with value: 2.1703276939446647.
/gpfs_common/share03/ddomlab/sdehgha2/working_space/GP_collab/code_python/training/MGK_and_tools/mgktools/mgktools/kernels/base.py:225: UserWarning: The distribution is specified by [0.1, 30] and step=1, but the range is not divisible by `step`. It will be replaced with [0.1, 29.1].
  self.unique_name: trial.suggest_float(
[I 2026-04-22 01:09:23,585] Trial 76 finished with value: 2.1767144361326154 and parameters: {'0:atom_AtomicNumber:kDelta': 1.0, '0:atom_AtomicNumber_list_1:kConv': 0.75, '0:atom_AtomicNumber_list_2:kConv': 0.75, '0:atom_AtomicNumber_list_3:kConv': 0.85, '0:atom_AtomicNumber_list_4:kConv': 0.75, '0:atom_MorganHash:kDelta': 1.0, '0:atom_Ring_count:kDelta': 0.75, '0:atom_RingSize_list:kConv': 1.0, '0:atom_Hcount:kDelta': 1.0, '0:atom_AtomicNumber_count_1:kDelta': 1.0, '0:atom_AtomicNumber_count_2:kDelta': 0.75, '0:atom_Chiral:kDelta': 0.9, '0:bond_Order:kDelta': 0.75, '0:bond_Stereo:kDelta': 1.0, '0:bond_RingStereo:kDelta': 0.75, '0:q:q': 0.5, '1:atom_AtomicNumber:kDelta': 0.85, '1:atom_AtomicNumber_list_1:kConv': 0.85, '1:atom_AtomicNumber_list_2:kConv': 0.85, '1:atom_AtomicNumber_list_3:kConv': 1.0, '1:atom_AtomicNumber_list_4:kConv': 1.0, '1:atom_MorganHash:kDelta': 0.75, '1:atom_Ring_count:kDelta': 0.75, '1:atom_RingSize_list:kConv': 1.0, '1:atom_Hcount:kDelta': 0.8, '1:atom_AtomicNumber_count_1:kDelta': 0.9, '1:atom_AtomicNumber_count_2:kDelta': 0.75, '1:atom_Chiral:kDelta': 1.0, '1:bond_Order:kDelta': 0.75, '1:bond_Stereo:kDelta': 0.75, '1:bond_RingStereo:kDelta': 1.0, '1:q:q': 0.28, '2:features_kernel:Matern32': 11.1, '3:features_kernel:Matern32': 1.1, '4:features_kernel:Matern32': 29.1, '5:features_kernel:Matern32': 22.1, '6:features_kernel:Matern32': 27.1, '7:features_kernel:Matern32': 24.1, '8:features_kernel:Matern32': 4.1, '9:features_kernel:Matern32': 20.1, '10:features_kernel:Matern32': 3.1, '11:features_kernel:Matern32': 9.1, '12:features_kernel:Matern32': 29.1, '13:features_kernel:Matern32': 1.1, '14:features_kernel:Matern32': 2.1, 'alpha': 0.093}. Best is trial 57 with value: 2.1703276939446647.
/gpfs_common/share03/ddomlab/sdehgha2/working_space/GP_collab/code_python/training/MGK_and_tools/mgktools/mgktools/kernels/base.py:225: UserWarning: The distribution is specified by [0.1, 30] and step=1, but the range is not divisible by `step`. It will be replaced with [0.1, 29.1].
  self.unique_name: trial.suggest_float(
[I 2026-04-22 01:11:24,897] Trial 77 finished with value: 2.4114713502840353 and parameters: {'0:atom_AtomicNumber:kDelta': 0.95, '0:atom_AtomicNumber_list_1:kConv': 0.95, '0:atom_AtomicNumber_list_2:kConv': 0.75, '0:atom_AtomicNumber_list_3:kConv': 0.85, '0:atom_AtomicNumber_list_4:kConv': 0.75, '0:atom_MorganHash:kDelta': 1.0, '0:atom_Ring_count:kDelta': 0.75, '0:atom_RingSize_list:kConv': 1.0, '0:atom_Hcount:kDelta': 1.0, '0:atom_AtomicNumber_count_1:kDelta': 1.0, '0:atom_AtomicNumber_count_2:kDelta': 0.75, '0:atom_Chiral:kDelta': 0.9, '0:bond_Order:kDelta': 0.75, '0:bond_Stereo:kDelta': 1.0, '0:bond_RingStereo:kDelta': 0.8, '0:q:q': 0.48000000000000004, '1:atom_AtomicNumber:kDelta': 0.8, '1:atom_AtomicNumber_list_1:kConv': 0.85, '1:atom_AtomicNumber_list_2:kConv': 0.85, '1:atom_AtomicNumber_list_3:kConv': 1.0, '1:atom_AtomicNumber_list_4:kConv': 0.95, '1:atom_MorganHash:kDelta': 0.75, '1:atom_Ring_count:kDelta': 0.75, '1:atom_RingSize_list:kConv': 1.0, '1:atom_Hcount:kDelta': 0.8, '1:atom_AtomicNumber_count_1:kDelta': 0.9, '1:atom_AtomicNumber_count_2:kDelta': 0.75, '1:atom_Chiral:kDelta': 1.0, '1:bond_Order:kDelta': 0.75, '1:bond_Stereo:kDelta': 0.75, '1:bond_RingStereo:kDelta': 1.0, '1:q:q': 0.34, '2:features_kernel:Matern32': 13.1, '3:features_kernel:Matern32': 0.1, '4:features_kernel:Matern32': 28.1, '5:features_kernel:Matern32': 20.1, '6:features_kernel:Matern32': 27.1, '7:features_kernel:Matern32': 24.1, '8:features_kernel:Matern32': 26.1, '9:features_kernel:Matern32': 22.1, '10:features_kernel:Matern32': 7.1, '11:features_kernel:Matern32': 9.1, '12:features_kernel:Matern32': 29.1, '13:features_kernel:Matern32': 1.1, '14:features_kernel:Matern32': 2.1, 'alpha': 0.085}. Best is trial 57 with value: 2.1703276939446647.
/gpfs_common/share03/ddomlab/sdehgha2/working_space/GP_collab/code_python/training/MGK_and_tools/mgktools/mgktools/kernels/base.py:225: UserWarning: The distribution is specified by [0.1, 30] and step=1, but the range is not divisible by `step`. It will be replaced with [0.1, 29.1].
  self.unique_name: trial.suggest_float(
[I 2026-04-22 01:13:25,316] Trial 78 finished with value: 2.3124906671507564 and parameters: {'0:atom_AtomicNumber:kDelta': 1.0, '0:atom_AtomicNumber_list_1:kConv': 0.75, '0:atom_AtomicNumber_list_2:kConv': 0.75, '0:atom_AtomicNumber_list_3:kConv': 0.85, '0:atom_AtomicNumber_list_4:kConv': 0.75, '0:atom_MorganHash:kDelta': 1.0, '0:atom_Ring_count:kDelta': 0.75, '0:atom_RingSize_list:kConv': 1.0, '0:atom_Hcount:kDelta': 1.0, '0:atom_AtomicNumber_count_1:kDelta': 0.95, '0:atom_AtomicNumber_count_2:kDelta': 0.75, '0:atom_Chiral:kDelta': 0.9, '0:bond_Order:kDelta': 0.75, '0:bond_Stereo:kDelta': 1.0, '0:bond_RingStereo:kDelta': 0.75, '0:q:q': 0.5, '1:atom_AtomicNumber:kDelta': 0.85, '1:atom_AtomicNumber_list_1:kConv': 0.85, '1:atom_AtomicNumber_list_2:kConv': 0.85, '1:atom_AtomicNumber_list_3:kConv': 1.0, '1:atom_AtomicNumber_list_4:kConv': 1.0, '1:atom_MorganHash:kDelta': 0.75, '1:atom_Ring_count:kDelta': 0.75, '1:atom_RingSize_list:kConv': 1.0, '1:atom_Hcount:kDelta': 0.8, '1:atom_AtomicNumber_count_1:kDelta': 0.9, '1:atom_AtomicNumber_count_2:kDelta': 0.75, '1:atom_Chiral:kDelta': 1.0, '1:bond_Order:kDelta': 0.75, '1:bond_Stereo:kDelta': 0.75, '1:bond_RingStereo:kDelta': 1.0, '1:q:q': 0.29000000000000004, '2:features_kernel:Matern32': 13.1, '3:features_kernel:Matern32': 3.1, '4:features_kernel:Matern32': 26.1, '5:features_kernel:Matern32': 22.1, '6:features_kernel:Matern32': 26.1, '7:features_kernel:Matern32': 24.1, '8:features_kernel:Matern32': 0.1, '9:features_kernel:Matern32': 19.1, '10:features_kernel:Matern32': 3.1, '11:features_kernel:Matern32': 9.1, '12:features_kernel:Matern32': 25.1, '13:features_kernel:Matern32': 2.1, '14:features_kernel:Matern32': 2.1, 'alpha': 0.1}. Best is trial 57 with value: 2.1703276939446647.
/gpfs_common/share03/ddomlab/sdehgha2/working_space/GP_collab/code_python/training/MGK_and_tools/mgktools/mgktools/kernels/base.py:225: UserWarning: The distribution is specified by [0.1, 30] and step=1, but the range is not divisible by `step`. It will be replaced with [0.1, 29.1].
  self.unique_name: trial.suggest_float(
