[Parallel(n_jobs=8)]: Using backend LokyBackend with 8 concurrent workers.
[Parallel(n_jobs=8)]: Using backend LokyBackend with 8 concurrent workers.
[Parallel(n_jobs=8)]: Done  34 tasks      | elapsed:   24.2s
[Parallel(n_jobs=8)]: Done 558 out of 558 | elapsed:   24.2s finished
[Parallel(n_jobs=4)]: Using backend LokyBackend with 4 concurrent workers.
[Parallel(n_jobs=4)]: Done  42 tasks      | elapsed:    6.0s
[Parallel(n_jobs=8)]: Done  34 tasks      | elapsed:   27.2s
[Parallel(n_jobs=8)]: Done 558 out of 558 | elapsed:   27.2s finished
[Parallel(n_jobs=4)]: Using backend LokyBackend with 4 concurrent workers.
[Parallel(n_jobs=4)]: Done 192 tasks      | elapsed:   20.0s
[Parallel(n_jobs=4)]: Done  42 tasks      | elapsed:    5.0s
[Parallel(n_jobs=4)]: Done 192 tasks      | elapsed:   18.1s
[Parallel(n_jobs=4)]: Done 404 out of 404 | elapsed:   45.1s finished
[I 2026-04-22 00:07:37,463] A new study created in RDB with name: optuna-study
/gpfs_common/share03/ddomlab/sdehgha2/working_space/GP_collab/code_python/training/MGK_and_tools/mgktools/mgktools/kernels/base.py:225: UserWarning: The distribution is specified by [0.1, 30] and step=1, but the range is not divisible by `step`. It will be replaced with [0.1, 29.1].
  self.unique_name: trial.suggest_float(
[Parallel(n_jobs=4)]: Done 404 out of 404 | elapsed:   41.9s finished
[I 2026-04-22 00:07:51,283] Using an existing study with name 'optuna-study' instead of creating a new one.
/gpfs_common/share03/ddomlab/sdehgha2/working_space/GP_collab/code_python/training/MGK_and_tools/mgktools/mgktools/kernels/base.py:225: UserWarning: The distribution is specified by [0.1, 30] and step=1, but the range is not divisible by `step`. It will be replaced with [0.1, 29.1].
  self.unique_name: trial.suggest_float(
[I 2026-04-22 00:08:40,634] Trial 0 finished with value: 2.2731969977779976 and parameters: {'0:atom_AtomicNumber:kDelta': 1.0, '0:atom_AtomicNumber_list_1:kConv': 0.8, '0:atom_AtomicNumber_list_2:kConv': 0.95, '0:atom_AtomicNumber_list_3:kConv': 0.75, '0:atom_AtomicNumber_list_4:kConv': 0.75, '0:atom_MorganHash:kDelta': 0.9, '0:atom_Ring_count:kDelta': 0.9, '0:atom_RingSize_list:kConv': 0.85, '0:atom_Hcount:kDelta': 0.85, '0:atom_AtomicNumber_count_1:kDelta': 0.9, '0:atom_AtomicNumber_count_2:kDelta': 0.85, '0:atom_Chiral:kDelta': 0.95, '0:bond_Order:kDelta': 0.9, '0:bond_Stereo:kDelta': 0.9, '0:bond_RingStereo:kDelta': 0.9, '0:q:q': 0.5, '1:atom_AtomicNumber:kDelta': 0.95, '1:atom_AtomicNumber_list_1:kConv': 0.85, '1:atom_AtomicNumber_list_2:kConv': 1.0, '1:atom_AtomicNumber_list_3:kConv': 0.95, '1:atom_AtomicNumber_list_4:kConv': 0.75, '1:atom_MorganHash:kDelta': 0.95, '1:atom_Ring_count:kDelta': 0.95, '1:atom_RingSize_list:kConv': 0.95, '1:atom_Hcount:kDelta': 0.95, '1:atom_AtomicNumber_count_1:kDelta': 0.9, '1:atom_AtomicNumber_count_2:kDelta': 0.75, '1:atom_Chiral:kDelta': 1.0, '1:bond_Order:kDelta': 0.85, '1:bond_Stereo:kDelta': 0.8, '1:bond_RingStereo:kDelta': 0.95, '1:q:q': 0.5, '2:features_kernel:Matern32': 7.1, '3:features_kernel:Matern32': 20.1, '4:features_kernel:Matern32': 17.1, '5:features_kernel:Matern32': 21.1, '6:features_kernel:Matern32': 28.1, '7:features_kernel:Matern32': 10.1, '8:features_kernel:Matern32': 7.1, '9:features_kernel:Matern32': 12.1, '10:features_kernel:Matern32': 22.1, '11:features_kernel:Matern32': 21.1, '12:features_kernel:Matern32': 12.1, '13:features_kernel:Matern32': 29.1, '14:features_kernel:Matern32': 13.1, 'alpha': 0.038}. Best is trial 0 with value: 2.2731969977779976.
/gpfs_common/share03/ddomlab/sdehgha2/working_space/GP_collab/code_python/training/MGK_and_tools/mgktools/mgktools/kernels/base.py:225: UserWarning: The distribution is specified by [0.1, 30] and step=1, but the range is not divisible by `step`. It will be replaced with [0.1, 29.1].
  self.unique_name: trial.suggest_float(
[I 2026-04-22 00:09:01,542] Trial 1 finished with value: 2.273198589166451 and parameters: {'0:atom_AtomicNumber:kDelta': 1.0, '0:atom_AtomicNumber_list_1:kConv': 0.8, '0:atom_AtomicNumber_list_2:kConv': 0.95, '0:atom_AtomicNumber_list_3:kConv': 0.75, '0:atom_AtomicNumber_list_4:kConv': 0.75, '0:atom_MorganHash:kDelta': 0.9, '0:atom_Ring_count:kDelta': 0.9, '0:atom_RingSize_list:kConv': 0.85, '0:atom_Hcount:kDelta': 0.85, '0:atom_AtomicNumber_count_1:kDelta': 0.9, '0:atom_AtomicNumber_count_2:kDelta': 0.85, '0:atom_Chiral:kDelta': 0.95, '0:bond_Order:kDelta': 0.9, '0:bond_Stereo:kDelta': 0.9, '0:bond_RingStereo:kDelta': 0.9, '0:q:q': 0.5, '1:atom_AtomicNumber:kDelta': 0.95, '1:atom_AtomicNumber_list_1:kConv': 0.85, '1:atom_AtomicNumber_list_2:kConv': 1.0, '1:atom_AtomicNumber_list_3:kConv': 0.95, '1:atom_AtomicNumber_list_4:kConv': 0.75, '1:atom_MorganHash:kDelta': 0.95, '1:atom_Ring_count:kDelta': 0.95, '1:atom_RingSize_list:kConv': 0.95, '1:atom_Hcount:kDelta': 0.95, '1:atom_AtomicNumber_count_1:kDelta': 0.9, '1:atom_AtomicNumber_count_2:kDelta': 0.75, '1:atom_Chiral:kDelta': 1.0, '1:bond_Order:kDelta': 0.85, '1:bond_Stereo:kDelta': 0.8, '1:bond_RingStereo:kDelta': 0.95, '1:q:q': 0.5, '2:features_kernel:Matern32': 7.1, '3:features_kernel:Matern32': 20.1, '4:features_kernel:Matern32': 17.1, '5:features_kernel:Matern32': 21.1, '6:features_kernel:Matern32': 28.1, '7:features_kernel:Matern32': 10.1, '8:features_kernel:Matern32': 7.1, '9:features_kernel:Matern32': 12.1, '10:features_kernel:Matern32': 22.1, '11:features_kernel:Matern32': 21.1, '12:features_kernel:Matern32': 12.1, '13:features_kernel:Matern32': 29.1, '14:features_kernel:Matern32': 13.1, 'alpha': 0.038}. Best is trial 0 with value: 2.2731969977779976.
/gpfs_common/share03/ddomlab/sdehgha2/working_space/GP_collab/code_python/training/MGK_and_tools/mgktools/mgktools/kernels/base.py:225: UserWarning: The distribution is specified by [0.1, 30] and step=1, but the range is not divisible by `step`. It will be replaced with [0.1, 29.1].
  self.unique_name: trial.suggest_float(
[I 2026-04-22 00:09:48,011] Trial 2 finished with value: 2.3205803840381085 and parameters: {'0:atom_AtomicNumber:kDelta': 0.95, '0:atom_AtomicNumber_list_1:kConv': 0.75, '0:atom_AtomicNumber_list_2:kConv': 0.85, '0:atom_AtomicNumber_list_3:kConv': 0.95, '0:atom_AtomicNumber_list_4:kConv': 0.95, '0:atom_MorganHash:kDelta': 0.8, '0:atom_Ring_count:kDelta': 0.8, '0:atom_RingSize_list:kConv': 0.85, '0:atom_Hcount:kDelta': 0.85, '0:atom_AtomicNumber_count_1:kDelta': 0.95, '0:atom_AtomicNumber_count_2:kDelta': 0.8, '0:atom_Chiral:kDelta': 0.8, '0:bond_Order:kDelta': 1.0, '0:bond_Stereo:kDelta': 0.9, '0:bond_RingStereo:kDelta': 1.0, '0:q:q': 0.49, '1:atom_AtomicNumber:kDelta': 1.0, '1:atom_AtomicNumber_list_1:kConv': 0.8, '1:atom_AtomicNumber_list_2:kConv': 0.9, '1:atom_AtomicNumber_list_3:kConv': 0.85, '1:atom_AtomicNumber_list_4:kConv': 0.85, '1:atom_MorganHash:kDelta': 0.95, '1:atom_Ring_count:kDelta': 0.95, '1:atom_RingSize_list:kConv': 0.95, '1:atom_Hcount:kDelta': 0.75, '1:atom_AtomicNumber_count_1:kDelta': 0.95, '1:atom_AtomicNumber_count_2:kDelta': 0.75, '1:atom_Chiral:kDelta': 0.8, '1:bond_Order:kDelta': 1.0, '1:bond_Stereo:kDelta': 0.85, '1:bond_RingStereo:kDelta': 0.75, '1:q:q': 0.35000000000000003, '2:features_kernel:Matern32': 4.1, '3:features_kernel:Matern32': 19.1, '4:features_kernel:Matern32': 7.1, '5:features_kernel:Matern32': 1.1, '6:features_kernel:Matern32': 28.1, '7:features_kernel:Matern32': 1.1, '8:features_kernel:Matern32': 15.1, '9:features_kernel:Matern32': 10.1, '10:features_kernel:Matern32': 19.1, '11:features_kernel:Matern32': 25.1, '12:features_kernel:Matern32': 18.1, '13:features_kernel:Matern32': 17.1, '14:features_kernel:Matern32': 3.1, 'alpha': 0.07200000000000001}. Best is trial 0 with value: 2.2731969977779976.
/gpfs_common/share03/ddomlab/sdehgha2/working_space/GP_collab/code_python/training/MGK_and_tools/mgktools/mgktools/kernels/base.py:225: UserWarning: The distribution is specified by [0.1, 30] and step=1, but the range is not divisible by `step`. It will be replaced with [0.1, 29.1].
  self.unique_name: trial.suggest_float(
[I 2026-04-22 00:10:18,445] Trial 3 finished with value: 2.320581965935779 and parameters: {'0:atom_AtomicNumber:kDelta': 0.95, '0:atom_AtomicNumber_list_1:kConv': 0.75, '0:atom_AtomicNumber_list_2:kConv': 0.85, '0:atom_AtomicNumber_list_3:kConv': 0.95, '0:atom_AtomicNumber_list_4:kConv': 0.95, '0:atom_MorganHash:kDelta': 0.8, '0:atom_Ring_count:kDelta': 0.8, '0:atom_RingSize_list:kConv': 0.85, '0:atom_Hcount:kDelta': 0.85, '0:atom_AtomicNumber_count_1:kDelta': 0.95, '0:atom_AtomicNumber_count_2:kDelta': 0.8, '0:atom_Chiral:kDelta': 0.8, '0:bond_Order:kDelta': 1.0, '0:bond_Stereo:kDelta': 0.9, '0:bond_RingStereo:kDelta': 1.0, '0:q:q': 0.49, '1:atom_AtomicNumber:kDelta': 1.0, '1:atom_AtomicNumber_list_1:kConv': 0.8, '1:atom_AtomicNumber_list_2:kConv': 0.9, '1:atom_AtomicNumber_list_3:kConv': 0.85, '1:atom_AtomicNumber_list_4:kConv': 0.85, '1:atom_MorganHash:kDelta': 0.95, '1:atom_Ring_count:kDelta': 0.95, '1:atom_RingSize_list:kConv': 0.95, '1:atom_Hcount:kDelta': 0.75, '1:atom_AtomicNumber_count_1:kDelta': 0.95, '1:atom_AtomicNumber_count_2:kDelta': 0.75, '1:atom_Chiral:kDelta': 0.8, '1:bond_Order:kDelta': 1.0, '1:bond_Stereo:kDelta': 0.85, '1:bond_RingStereo:kDelta': 0.75, '1:q:q': 0.35000000000000003, '2:features_kernel:Matern32': 4.1, '3:features_kernel:Matern32': 19.1, '4:features_kernel:Matern32': 7.1, '5:features_kernel:Matern32': 1.1, '6:features_kernel:Matern32': 28.1, '7:features_kernel:Matern32': 1.1, '8:features_kernel:Matern32': 15.1, '9:features_kernel:Matern32': 10.1, '10:features_kernel:Matern32': 19.1, '11:features_kernel:Matern32': 25.1, '12:features_kernel:Matern32': 18.1, '13:features_kernel:Matern32': 17.1, '14:features_kernel:Matern32': 3.1, 'alpha': 0.07200000000000001}. Best is trial 0 with value: 2.2731969977779976.
/gpfs_common/share03/ddomlab/sdehgha2/working_space/GP_collab/code_python/training/MGK_and_tools/mgktools/mgktools/kernels/base.py:225: UserWarning: The distribution is specified by [0.1, 30] and step=1, but the range is not divisible by `step`. It will be replaced with [0.1, 29.1].
  self.unique_name: trial.suggest_float(
[I 2026-04-22 00:10:59,771] Trial 4 finished with value: 2.6630210414299738 and parameters: {'0:atom_AtomicNumber:kDelta': 0.8, '0:atom_AtomicNumber_list_1:kConv': 0.85, '0:atom_AtomicNumber_list_2:kConv': 0.75, '0:atom_AtomicNumber_list_3:kConv': 0.8, '0:atom_AtomicNumber_list_4:kConv': 1.0, '0:atom_MorganHash:kDelta': 0.9, '0:atom_Ring_count:kDelta': 0.9, '0:atom_RingSize_list:kConv': 0.85, '0:atom_Hcount:kDelta': 0.95, '0:atom_AtomicNumber_count_1:kDelta': 0.8, '0:atom_AtomicNumber_count_2:kDelta': 0.75, '0:atom_Chiral:kDelta': 0.9, '0:bond_Order:kDelta': 0.8, '0:bond_Stereo:kDelta': 0.95, '0:bond_RingStereo:kDelta': 0.8, '0:q:q': 0.4, '1:atom_AtomicNumber:kDelta': 0.9, '1:atom_AtomicNumber_list_1:kConv': 0.75, '1:atom_AtomicNumber_list_2:kConv': 0.9, '1:atom_AtomicNumber_list_3:kConv': 0.95, '1:atom_AtomicNumber_list_4:kConv': 1.0, '1:atom_MorganHash:kDelta': 0.95, '1:atom_Ring_count:kDelta': 0.95, '1:atom_RingSize_list:kConv': 0.85, '1:atom_Hcount:kDelta': 0.75, '1:atom_AtomicNumber_count_1:kDelta': 0.95, '1:atom_AtomicNumber_count_2:kDelta': 0.75, '1:atom_Chiral:kDelta': 0.9, '1:bond_Order:kDelta': 0.9, '1:bond_Stereo:kDelta': 0.75, '1:bond_RingStereo:kDelta': 0.75, '1:q:q': 0.29000000000000004, '2:features_kernel:Matern32': 14.1, '3:features_kernel:Matern32': 9.1, '4:features_kernel:Matern32': 1.1, '5:features_kernel:Matern32': 19.1, '6:features_kernel:Matern32': 3.1, '7:features_kernel:Matern32': 0.1, '8:features_kernel:Matern32': 8.1, '9:features_kernel:Matern32': 9.1, '10:features_kernel:Matern32': 5.1, '11:features_kernel:Matern32': 2.1, '12:features_kernel:Matern32': 23.1, '13:features_kernel:Matern32': 12.1, '14:features_kernel:Matern32': 7.1, 'alpha': 0.053000000000000005}. Best is trial 0 with value: 2.2731969977779976.
/gpfs_common/share03/ddomlab/sdehgha2/working_space/GP_collab/code_python/training/MGK_and_tools/mgktools/mgktools/kernels/base.py:225: UserWarning: The distribution is specified by [0.1, 30] and step=1, but the range is not divisible by `step`. It will be replaced with [0.1, 29.1].
  self.unique_name: trial.suggest_float(
[I 2026-04-22 00:11:39,997] Trial 5 finished with value: 2.6630206143069404 and parameters: {'0:atom_AtomicNumber:kDelta': 0.8, '0:atom_AtomicNumber_list_1:kConv': 0.85, '0:atom_AtomicNumber_list_2:kConv': 0.75, '0:atom_AtomicNumber_list_3:kConv': 0.8, '0:atom_AtomicNumber_list_4:kConv': 1.0, '0:atom_MorganHash:kDelta': 0.9, '0:atom_Ring_count:kDelta': 0.9, '0:atom_RingSize_list:kConv': 0.85, '0:atom_Hcount:kDelta': 0.95, '0:atom_AtomicNumber_count_1:kDelta': 0.8, '0:atom_AtomicNumber_count_2:kDelta': 0.75, '0:atom_Chiral:kDelta': 0.9, '0:bond_Order:kDelta': 0.8, '0:bond_Stereo:kDelta': 0.95, '0:bond_RingStereo:kDelta': 0.8, '0:q:q': 0.4, '1:atom_AtomicNumber:kDelta': 0.9, '1:atom_AtomicNumber_list_1:kConv': 0.75, '1:atom_AtomicNumber_list_2:kConv': 0.9, '1:atom_AtomicNumber_list_3:kConv': 0.95, '1:atom_AtomicNumber_list_4:kConv': 1.0, '1:atom_MorganHash:kDelta': 0.95, '1:atom_Ring_count:kDelta': 0.95, '1:atom_RingSize_list:kConv': 0.85, '1:atom_Hcount:kDelta': 0.75, '1:atom_AtomicNumber_count_1:kDelta': 0.95, '1:atom_AtomicNumber_count_2:kDelta': 0.75, '1:atom_Chiral:kDelta': 0.9, '1:bond_Order:kDelta': 0.9, '1:bond_Stereo:kDelta': 0.75, '1:bond_RingStereo:kDelta': 0.75, '1:q:q': 0.29000000000000004, '2:features_kernel:Matern32': 14.1, '3:features_kernel:Matern32': 9.1, '4:features_kernel:Matern32': 1.1, '5:features_kernel:Matern32': 19.1, '6:features_kernel:Matern32': 3.1, '7:features_kernel:Matern32': 0.1, '8:features_kernel:Matern32': 8.1, '9:features_kernel:Matern32': 9.1, '10:features_kernel:Matern32': 5.1, '11:features_kernel:Matern32': 2.1, '12:features_kernel:Matern32': 23.1, '13:features_kernel:Matern32': 12.1, '14:features_kernel:Matern32': 7.1, 'alpha': 0.053000000000000005}. Best is trial 0 with value: 2.2731969977779976.
/gpfs_common/share03/ddomlab/sdehgha2/working_space/GP_collab/code_python/training/MGK_and_tools/mgktools/mgktools/kernels/base.py:225: UserWarning: The distribution is specified by [0.1, 30] and step=1, but the range is not divisible by `step`. It will be replaced with [0.1, 29.1].
  self.unique_name: trial.suggest_float(
[I 2026-04-22 00:12:19,536] Trial 6 finished with value: 2.2897976823028454 and parameters: {'0:atom_AtomicNumber:kDelta': 0.8, '0:atom_AtomicNumber_list_1:kConv': 1.0, '0:atom_AtomicNumber_list_2:kConv': 0.85, '0:atom_AtomicNumber_list_3:kConv': 0.9, '0:atom_AtomicNumber_list_4:kConv': 1.0, '0:atom_MorganHash:kDelta': 0.85, '0:atom_Ring_count:kDelta': 0.8, '0:atom_RingSize_list:kConv': 1.0, '0:atom_Hcount:kDelta': 0.9, '0:atom_AtomicNumber_count_1:kDelta': 1.0, '0:atom_AtomicNumber_count_2:kDelta': 1.0, '0:atom_Chiral:kDelta': 0.95, '0:bond_Order:kDelta': 0.75, '0:bond_Stereo:kDelta': 0.9, '0:bond_RingStereo:kDelta': 0.8, '0:q:q': 0.06999999999999999, '1:atom_AtomicNumber:kDelta': 0.85, '1:atom_AtomicNumber_list_1:kConv': 0.8, '1:atom_AtomicNumber_list_2:kConv': 0.95, '1:atom_AtomicNumber_list_3:kConv': 1.0, '1:atom_AtomicNumber_list_4:kConv': 0.75, '1:atom_MorganHash:kDelta': 0.8, '1:atom_Ring_count:kDelta': 0.8, '1:atom_RingSize_list:kConv': 0.75, '1:atom_Hcount:kDelta': 1.0, '1:atom_AtomicNumber_count_1:kDelta': 0.8, '1:atom_AtomicNumber_count_2:kDelta': 0.85, '1:atom_Chiral:kDelta': 0.75, '1:bond_Order:kDelta': 0.8, '1:bond_Stereo:kDelta': 1.0, '1:bond_RingStereo:kDelta': 1.0, '1:q:q': 0.33, '2:features_kernel:Matern32': 8.1, '3:features_kernel:Matern32': 1.1, '4:features_kernel:Matern32': 25.1, '5:features_kernel:Matern32': 4.1, '6:features_kernel:Matern32': 8.1, '7:features_kernel:Matern32': 16.1, '8:features_kernel:Matern32': 7.1, '9:features_kernel:Matern32': 25.1, '10:features_kernel:Matern32': 15.1, '11:features_kernel:Matern32': 14.1, '12:features_kernel:Matern32': 27.1, '13:features_kernel:Matern32': 27.1, '14:features_kernel:Matern32': 7.1, 'alpha': 0.002}. Best is trial 0 with value: 2.2731969977779976.
/gpfs_common/share03/ddomlab/sdehgha2/working_space/GP_collab/code_python/training/MGK_and_tools/mgktools/mgktools/kernels/base.py:225: UserWarning: The distribution is specified by [0.1, 30] and step=1, but the range is not divisible by `step`. It will be replaced with [0.1, 29.1].
  self.unique_name: trial.suggest_float(
[I 2026-04-22 00:13:12,447] Trial 7 finished with value: 2.289796560343633 and parameters: {'0:atom_AtomicNumber:kDelta': 0.8, '0:atom_AtomicNumber_list_1:kConv': 1.0, '0:atom_AtomicNumber_list_2:kConv': 0.85, '0:atom_AtomicNumber_list_3:kConv': 0.9, '0:atom_AtomicNumber_list_4:kConv': 1.0, '0:atom_MorganHash:kDelta': 0.85, '0:atom_Ring_count:kDelta': 0.8, '0:atom_RingSize_list:kConv': 1.0, '0:atom_Hcount:kDelta': 0.9, '0:atom_AtomicNumber_count_1:kDelta': 1.0, '0:atom_AtomicNumber_count_2:kDelta': 1.0, '0:atom_Chiral:kDelta': 0.95, '0:bond_Order:kDelta': 0.75, '0:bond_Stereo:kDelta': 0.9, '0:bond_RingStereo:kDelta': 0.8, '0:q:q': 0.06999999999999999, '1:atom_AtomicNumber:kDelta': 0.85, '1:atom_AtomicNumber_list_1:kConv': 0.8, '1:atom_AtomicNumber_list_2:kConv': 0.95, '1:atom_AtomicNumber_list_3:kConv': 1.0, '1:atom_AtomicNumber_list_4:kConv': 0.75, '1:atom_MorganHash:kDelta': 0.8, '1:atom_Ring_count:kDelta': 0.8, '1:atom_RingSize_list:kConv': 0.75, '1:atom_Hcount:kDelta': 1.0, '1:atom_AtomicNumber_count_1:kDelta': 0.8, '1:atom_AtomicNumber_count_2:kDelta': 0.85, '1:atom_Chiral:kDelta': 0.75, '1:bond_Order:kDelta': 0.8, '1:bond_Stereo:kDelta': 1.0, '1:bond_RingStereo:kDelta': 1.0, '1:q:q': 0.33, '2:features_kernel:Matern32': 8.1, '3:features_kernel:Matern32': 1.1, '4:features_kernel:Matern32': 25.1, '5:features_kernel:Matern32': 4.1, '6:features_kernel:Matern32': 8.1, '7:features_kernel:Matern32': 16.1, '8:features_kernel:Matern32': 7.1, '9:features_kernel:Matern32': 25.1, '10:features_kernel:Matern32': 15.1, '11:features_kernel:Matern32': 14.1, '12:features_kernel:Matern32': 27.1, '13:features_kernel:Matern32': 27.1, '14:features_kernel:Matern32': 7.1, 'alpha': 0.002}. Best is trial 0 with value: 2.2731969977779976.
/gpfs_common/share03/ddomlab/sdehgha2/working_space/GP_collab/code_python/training/MGK_and_tools/mgktools/mgktools/kernels/base.py:225: UserWarning: The distribution is specified by [0.1, 30] and step=1, but the range is not divisible by `step`. It will be replaced with [0.1, 29.1].
  self.unique_name: trial.suggest_float(
[I 2026-04-22 00:13:29,187] Trial 8 finished with value: 2.2651905958701493 and parameters: {'0:atom_AtomicNumber:kDelta': 0.95, '0:atom_AtomicNumber_list_1:kConv': 0.8, '0:atom_AtomicNumber_list_2:kConv': 0.75, '0:atom_AtomicNumber_list_3:kConv': 0.75, '0:atom_AtomicNumber_list_4:kConv': 0.85, '0:atom_MorganHash:kDelta': 0.75, '0:atom_Ring_count:kDelta': 0.8, '0:atom_RingSize_list:kConv': 0.95, '0:atom_Hcount:kDelta': 0.85, '0:atom_AtomicNumber_count_1:kDelta': 0.75, '0:atom_AtomicNumber_count_2:kDelta': 0.8, '0:atom_Chiral:kDelta': 1.0, '0:bond_Order:kDelta': 0.75, '0:bond_Stereo:kDelta': 0.9, '0:bond_RingStereo:kDelta': 0.9, '0:q:q': 0.35000000000000003, '1:atom_AtomicNumber:kDelta': 0.9, '1:atom_AtomicNumber_list_1:kConv': 0.95, '1:atom_AtomicNumber_list_2:kConv': 0.95, '1:atom_AtomicNumber_list_3:kConv': 0.9, '1:atom_AtomicNumber_list_4:kConv': 0.8, '1:atom_MorganHash:kDelta': 0.95, '1:atom_Ring_count:kDelta': 0.8, '1:atom_RingSize_list:kConv': 1.0, '1:atom_Hcount:kDelta': 0.9, '1:atom_AtomicNumber_count_1:kDelta': 0.75, '1:atom_AtomicNumber_count_2:kDelta': 1.0, '1:atom_Chiral:kDelta': 0.85, '1:bond_Order:kDelta': 1.0, '1:bond_Stereo:kDelta': 0.75, '1:bond_RingStereo:kDelta': 0.75, '1:q:q': 0.38, '2:features_kernel:Matern32': 1.1, '3:features_kernel:Matern32': 13.1, '4:features_kernel:Matern32': 24.1, '5:features_kernel:Matern32': 12.1, '6:features_kernel:Matern32': 5.1, '7:features_kernel:Matern32': 25.1, '8:features_kernel:Matern32': 3.1, '9:features_kernel:Matern32': 8.1, '10:features_kernel:Matern32': 6.1, '11:features_kernel:Matern32': 13.1, '12:features_kernel:Matern32': 9.1, '13:features_kernel:Matern32': 27.1, '14:features_kernel:Matern32': 23.1, 'alpha': 0.07100000000000001}. Best is trial 8 with value: 2.2651905958701493.
/gpfs_common/share03/ddomlab/sdehgha2/working_space/GP_collab/code_python/training/MGK_and_tools/mgktools/mgktools/kernels/base.py:225: UserWarning: The distribution is specified by [0.1, 30] and step=1, but the range is not divisible by `step`. It will be replaced with [0.1, 29.1].
  self.unique_name: trial.suggest_float(
