[I 2026-04-22 01:15:35,543] Trial 79 finished with value: 2.191126916673616 and parameters: {'0:atom_AtomicNumber:kDelta': 1.0, '0:atom_AtomicNumber_list_1:kConv': 0.75, '0:atom_AtomicNumber_list_2:kConv': 0.8, '0:atom_AtomicNumber_list_3:kConv': 0.85, '0:atom_AtomicNumber_list_4:kConv': 0.75, '0:atom_MorganHash:kDelta': 0.95, '0:atom_Ring_count:kDelta': 0.75, '0:atom_RingSize_list:kConv': 0.95, '0:atom_Hcount:kDelta': 1.0, '0:atom_AtomicNumber_count_1:kDelta': 1.0, '0:atom_AtomicNumber_count_2:kDelta': 0.75, '0:atom_Chiral:kDelta': 0.9, '0:bond_Order:kDelta': 1.0, '0:bond_Stereo:kDelta': 1.0, '0:bond_RingStereo:kDelta': 0.75, '0:q:q': 0.44, '1:atom_AtomicNumber:kDelta': 0.85, '1:atom_AtomicNumber_list_1:kConv': 0.85, '1:atom_AtomicNumber_list_2:kConv': 0.85, '1:atom_AtomicNumber_list_3:kConv': 1.0, '1:atom_AtomicNumber_list_4:kConv': 0.8, '1:atom_MorganHash:kDelta': 0.75, '1:atom_Ring_count:kDelta': 0.75, '1:atom_RingSize_list:kConv': 1.0, '1:atom_Hcount:kDelta': 0.8, '1:atom_AtomicNumber_count_1:kDelta': 0.9, '1:atom_AtomicNumber_count_2:kDelta': 0.75, '1:atom_Chiral:kDelta': 1.0, '1:bond_Order:kDelta': 0.75, '1:bond_Stereo:kDelta': 0.75, '1:bond_RingStereo:kDelta': 1.0, '1:q:q': 0.23, '2:features_kernel:Matern32': 11.1, '3:features_kernel:Matern32': 1.1, '4:features_kernel:Matern32': 29.1, '5:features_kernel:Matern32': 21.1, '6:features_kernel:Matern32': 27.1, '7:features_kernel:Matern32': 29.1, '8:features_kernel:Matern32': 5.1, '9:features_kernel:Matern32': 23.1, '10:features_kernel:Matern32': 2.1, '11:features_kernel:Matern32': 8.1, '12:features_kernel:Matern32': 29.1, '13:features_kernel:Matern32': 1.1, '14:features_kernel:Matern32': 4.1, 'alpha': 0.097}. Best is trial 57 with value: 2.1703276939446647.
/gpfs_common/share03/ddomlab/sdehgha2/working_space/GP_collab/code_python/training/MGK_and_tools/mgktools/mgktools/kernels/base.py:225: UserWarning: The distribution is specified by [0.1, 30] and step=1, but the range is not divisible by `step`. It will be replaced with [0.1, 29.1].
  self.unique_name: trial.suggest_float(
[I 2026-04-22 01:17:37,461] Trial 80 finished with value: 2.1843033913141134 and parameters: {'0:atom_AtomicNumber:kDelta': 1.0, '0:atom_AtomicNumber_list_1:kConv': 0.75, '0:atom_AtomicNumber_list_2:kConv': 0.75, '0:atom_AtomicNumber_list_3:kConv': 0.8, '0:atom_AtomicNumber_list_4:kConv': 0.75, '0:atom_MorganHash:kDelta': 1.0, '0:atom_Ring_count:kDelta': 0.75, '0:atom_RingSize_list:kConv': 1.0, '0:atom_Hcount:kDelta': 1.0, '0:atom_AtomicNumber_count_1:kDelta': 1.0, '0:atom_AtomicNumber_count_2:kDelta': 0.75, '0:atom_Chiral:kDelta': 0.9, '0:bond_Order:kDelta': 0.75, '0:bond_Stereo:kDelta': 1.0, '0:bond_RingStereo:kDelta': 0.8, '0:q:q': 0.49, '1:atom_AtomicNumber:kDelta': 0.8, '1:atom_AtomicNumber_list_1:kConv': 0.85, '1:atom_AtomicNumber_list_2:kConv': 0.8, '1:atom_AtomicNumber_list_3:kConv': 1.0, '1:atom_AtomicNumber_list_4:kConv': 1.0, '1:atom_MorganHash:kDelta': 0.75, '1:atom_Ring_count:kDelta': 0.75, '1:atom_RingSize_list:kConv': 1.0, '1:atom_Hcount:kDelta': 0.8, '1:atom_AtomicNumber_count_1:kDelta': 0.9, '1:atom_AtomicNumber_count_2:kDelta': 0.75, '1:atom_Chiral:kDelta': 1.0, '1:bond_Order:kDelta': 0.75, '1:bond_Stereo:kDelta': 0.75, '1:bond_RingStereo:kDelta': 1.0, '1:q:q': 0.28, '2:features_kernel:Matern32': 11.1, '3:features_kernel:Matern32': 7.1, '4:features_kernel:Matern32': 26.1, '5:features_kernel:Matern32': 24.1, '6:features_kernel:Matern32': 26.1, '7:features_kernel:Matern32': 25.1, '8:features_kernel:Matern32': 3.1, '9:features_kernel:Matern32': 19.1, '10:features_kernel:Matern32': 3.1, '11:features_kernel:Matern32': 6.1, '12:features_kernel:Matern32': 25.1, '13:features_kernel:Matern32': 4.1, '14:features_kernel:Matern32': 2.1, 'alpha': 0.093}. Best is trial 57 with value: 2.1703276939446647.
/gpfs_common/share03/ddomlab/sdehgha2/working_space/GP_collab/code_python/training/MGK_and_tools/mgktools/mgktools/kernels/base.py:225: UserWarning: The distribution is specified by [0.1, 30] and step=1, but the range is not divisible by `step`. It will be replaced with [0.1, 29.1].
  self.unique_name: trial.suggest_float(
[I 2026-04-22 01:19:39,872] Trial 81 finished with value: 2.1803560072575987 and parameters: {'0:atom_AtomicNumber:kDelta': 1.0, '0:atom_AtomicNumber_list_1:kConv': 0.75, '0:atom_AtomicNumber_list_2:kConv': 0.75, '0:atom_AtomicNumber_list_3:kConv': 0.8, '0:atom_AtomicNumber_list_4:kConv': 0.75, '0:atom_MorganHash:kDelta': 1.0, '0:atom_Ring_count:kDelta': 0.75, '0:atom_RingSize_list:kConv': 1.0, '0:atom_Hcount:kDelta': 1.0, '0:atom_AtomicNumber_count_1:kDelta': 1.0, '0:atom_AtomicNumber_count_2:kDelta': 0.75, '0:atom_Chiral:kDelta': 0.9, '0:bond_Order:kDelta': 0.75, '0:bond_Stereo:kDelta': 1.0, '0:bond_RingStereo:kDelta': 0.8, '0:q:q': 0.49, '1:atom_AtomicNumber:kDelta': 0.8, '1:atom_AtomicNumber_list_1:kConv': 0.85, '1:atom_AtomicNumber_list_2:kConv': 0.8, '1:atom_AtomicNumber_list_3:kConv': 1.0, '1:atom_AtomicNumber_list_4:kConv': 1.0, '1:atom_MorganHash:kDelta': 0.75, '1:atom_Ring_count:kDelta': 0.75, '1:atom_RingSize_list:kConv': 1.0, '1:atom_Hcount:kDelta': 0.8, '1:atom_AtomicNumber_count_1:kDelta': 0.9, '1:atom_AtomicNumber_count_2:kDelta': 0.75, '1:atom_Chiral:kDelta': 1.0, '1:bond_Order:kDelta': 0.75, '1:bond_Stereo:kDelta': 0.75, '1:bond_RingStereo:kDelta': 1.0, '1:q:q': 0.28, '2:features_kernel:Matern32': 13.1, '3:features_kernel:Matern32': 3.1, '4:features_kernel:Matern32': 26.1, '5:features_kernel:Matern32': 24.1, '6:features_kernel:Matern32': 26.1, '7:features_kernel:Matern32': 25.1, '8:features_kernel:Matern32': 3.1, '9:features_kernel:Matern32': 20.1, '10:features_kernel:Matern32': 4.1, '11:features_kernel:Matern32': 6.1, '12:features_kernel:Matern32': 27.1, '13:features_kernel:Matern32': 4.1, '14:features_kernel:Matern32': 2.1, 'alpha': 0.094}. Best is trial 57 with value: 2.1703276939446647.
/gpfs_common/share03/ddomlab/sdehgha2/working_space/GP_collab/code_python/training/MGK_and_tools/mgktools/mgktools/kernels/base.py:225: UserWarning: The distribution is specified by [0.1, 30] and step=1, but the range is not divisible by `step`. It will be replaced with [0.1, 29.1].
  self.unique_name: trial.suggest_float(
[I 2026-04-22 01:21:42,745] Trial 82 finished with value: 2.1904955938060615 and parameters: {'0:atom_AtomicNumber:kDelta': 1.0, '0:atom_AtomicNumber_list_1:kConv': 0.75, '0:atom_AtomicNumber_list_2:kConv': 0.75, '0:atom_AtomicNumber_list_3:kConv': 0.8, '0:atom_AtomicNumber_list_4:kConv': 0.75, '0:atom_MorganHash:kDelta': 1.0, '0:atom_Ring_count:kDelta': 0.75, '0:atom_RingSize_list:kConv': 1.0, '0:atom_Hcount:kDelta': 1.0, '0:atom_AtomicNumber_count_1:kDelta': 1.0, '0:atom_AtomicNumber_count_2:kDelta': 0.75, '0:atom_Chiral:kDelta': 0.9, '0:bond_Order:kDelta': 0.75, '0:bond_Stereo:kDelta': 1.0, '0:bond_RingStereo:kDelta': 0.8, '0:q:q': 0.5, '1:atom_AtomicNumber:kDelta': 0.8, '1:atom_AtomicNumber_list_1:kConv': 0.85, '1:atom_AtomicNumber_list_2:kConv': 0.8, '1:atom_AtomicNumber_list_3:kConv': 1.0, '1:atom_AtomicNumber_list_4:kConv': 1.0, '1:atom_MorganHash:kDelta': 0.75, '1:atom_Ring_count:kDelta': 0.75, '1:atom_RingSize_list:kConv': 1.0, '1:atom_Hcount:kDelta': 0.8, '1:atom_AtomicNumber_count_1:kDelta': 0.9, '1:atom_AtomicNumber_count_2:kDelta': 0.75, '1:atom_Chiral:kDelta': 0.75, '1:bond_Order:kDelta': 0.75, '1:bond_Stereo:kDelta': 0.75, '1:bond_RingStereo:kDelta': 1.0, '1:q:q': 0.28, '2:features_kernel:Matern32': 14.1, '3:features_kernel:Matern32': 7.1, '4:features_kernel:Matern32': 26.1, '5:features_kernel:Matern32': 24.1, '6:features_kernel:Matern32': 26.1, '7:features_kernel:Matern32': 25.1, '8:features_kernel:Matern32': 4.1, '9:features_kernel:Matern32': 20.1, '10:features_kernel:Matern32': 4.1, '11:features_kernel:Matern32': 6.1, '12:features_kernel:Matern32': 25.1, '13:features_kernel:Matern32': 4.1, '14:features_kernel:Matern32': 2.1, 'alpha': 0.094}. Best is trial 57 with value: 2.1703276939446647.
[I 2026-04-22 07:36:34,732] Using an existing study with name 'optuna-study' instead of creating a new one.
[I 2026-04-22 09:21:57,827] Using an existing study with name 'optuna-study' instead of creating a new one.
[I 2026-04-22 14:26:44,762] Using an existing study with name 'optuna-study' instead of creating a new one.
[I 2026-04-22 14:57:09,434] Using an existing study with name 'optuna-study' instead of creating a new one.
