[I 2026-04-22 00:46:38,596] Trial 49 finished with value: 2.2066446136223727 and parameters: {'0:atom_AtomicNumber:kDelta': 0.95, '0:atom_AtomicNumber_list_1:kConv': 0.75, '0:atom_AtomicNumber_list_2:kConv': 0.75, '0:atom_AtomicNumber_list_3:kConv': 0.75, '0:atom_AtomicNumber_list_4:kConv': 0.85, '0:atom_MorganHash:kDelta': 1.0, '0:atom_Ring_count:kDelta': 0.8, '0:atom_RingSize_list:kConv': 0.75, '0:atom_Hcount:kDelta': 0.95, '0:atom_AtomicNumber_count_1:kDelta': 1.0, '0:atom_AtomicNumber_count_2:kDelta': 0.75, '0:atom_Chiral:kDelta': 0.85, '0:bond_Order:kDelta': 0.75, '0:bond_Stereo:kDelta': 0.9, '0:bond_RingStereo:kDelta': 0.75, '0:q:q': 0.33, '1:atom_AtomicNumber:kDelta': 0.9, '1:atom_AtomicNumber_list_1:kConv': 0.75, '1:atom_AtomicNumber_list_2:kConv': 1.0, '1:atom_AtomicNumber_list_3:kConv': 0.95, '1:atom_AtomicNumber_list_4:kConv': 0.75, '1:atom_MorganHash:kDelta': 0.8, '1:atom_Ring_count:kDelta': 0.8, '1:atom_RingSize_list:kConv': 0.95, '1:atom_Hcount:kDelta': 0.75, '1:atom_AtomicNumber_count_1:kDelta': 0.75, '1:atom_AtomicNumber_count_2:kDelta': 0.8, '1:atom_Chiral:kDelta': 0.95, '1:bond_Order:kDelta': 0.8, '1:bond_Stereo:kDelta': 0.75, '1:bond_RingStereo:kDelta': 0.9, '1:q:q': 0.13, '2:features_kernel:Matern32': 23.1, '3:features_kernel:Matern32': 2.1, '4:features_kernel:Matern32': 18.1, '5:features_kernel:Matern32': 29.1, '6:features_kernel:Matern32': 28.1, '7:features_kernel:Matern32': 20.1, '8:features_kernel:Matern32': 7.1, '9:features_kernel:Matern32': 3.1, '10:features_kernel:Matern32': 5.1, '11:features_kernel:Matern32': 13.1, '12:features_kernel:Matern32': 24.1, '13:features_kernel:Matern32': 4.1, '14:features_kernel:Matern32': 9.1, 'alpha': 0.076}. Best is trial 48 with value: 2.201660834748806.
/gpfs_common/share03/ddomlab/sdehgha2/working_space/GP_collab/code_python/training/MGK_and_tools/mgktools/mgktools/kernels/base.py:225: UserWarning: The distribution is specified by [0.1, 30] and step=1, but the range is not divisible by `step`. It will be replaced with [0.1, 29.1].
  self.unique_name: trial.suggest_float(
[I 2026-04-22 00:47:54,305] Trial 50 finished with value: 2.3958759805396648 and parameters: {'0:atom_AtomicNumber:kDelta': 0.8, '0:atom_AtomicNumber_list_1:kConv': 0.75, '0:atom_AtomicNumber_list_2:kConv': 0.75, '0:atom_AtomicNumber_list_3:kConv': 0.75, '0:atom_AtomicNumber_list_4:kConv': 0.85, '0:atom_MorganHash:kDelta': 1.0, '0:atom_Ring_count:kDelta': 0.8, '0:atom_RingSize_list:kConv': 0.75, '0:atom_Hcount:kDelta': 0.95, '0:atom_AtomicNumber_count_1:kDelta': 1.0, '0:atom_AtomicNumber_count_2:kDelta': 0.8, '0:atom_Chiral:kDelta': 0.85, '0:bond_Order:kDelta': 0.75, '0:bond_Stereo:kDelta': 0.9, '0:bond_RingStereo:kDelta': 0.75, '0:q:q': 0.21000000000000002, '1:atom_AtomicNumber:kDelta': 0.8, '1:atom_AtomicNumber_list_1:kConv': 0.75, '1:atom_AtomicNumber_list_2:kConv': 1.0, '1:atom_AtomicNumber_list_3:kConv': 1.0, '1:atom_AtomicNumber_list_4:kConv': 0.75, '1:atom_MorganHash:kDelta': 0.75, '1:atom_Ring_count:kDelta': 0.8, '1:atom_RingSize_list:kConv': 0.95, '1:atom_Hcount:kDelta': 0.95, '1:atom_AtomicNumber_count_1:kDelta': 0.75, '1:atom_AtomicNumber_count_2:kDelta': 0.75, '1:atom_Chiral:kDelta': 0.95, '1:bond_Order:kDelta': 0.85, '1:bond_Stereo:kDelta': 0.75, '1:bond_RingStereo:kDelta': 0.9, '1:q:q': 0.13, '2:features_kernel:Matern32': 5.1, '3:features_kernel:Matern32': 0.1, '4:features_kernel:Matern32': 22.1, '5:features_kernel:Matern32': 29.1, '6:features_kernel:Matern32': 27.1, '7:features_kernel:Matern32': 22.1, '8:features_kernel:Matern32': 6.1, '9:features_kernel:Matern32': 8.1, '10:features_kernel:Matern32': 4.1, '11:features_kernel:Matern32': 27.1, '12:features_kernel:Matern32': 24.1, '13:features_kernel:Matern32': 12.1, '14:features_kernel:Matern32': 23.1, 'alpha': 0.079}. Best is trial 48 with value: 2.201660834748806.
/gpfs_common/share03/ddomlab/sdehgha2/working_space/GP_collab/code_python/training/MGK_and_tools/mgktools/mgktools/kernels/base.py:225: UserWarning: The distribution is specified by [0.1, 30] and step=1, but the range is not divisible by `step`. It will be replaced with [0.1, 29.1].
  self.unique_name: trial.suggest_float(
[I 2026-04-22 00:47:57,764] Trial 51 finished with value: 2.4751826608591148 and parameters: {'0:atom_AtomicNumber:kDelta': 1.0, '0:atom_AtomicNumber_list_1:kConv': 0.75, '0:atom_AtomicNumber_list_2:kConv': 0.75, '0:atom_AtomicNumber_list_3:kConv': 0.75, '0:atom_AtomicNumber_list_4:kConv': 0.85, '0:atom_MorganHash:kDelta': 1.0, '0:atom_Ring_count:kDelta': 0.8, '0:atom_RingSize_list:kConv': 0.75, '0:atom_Hcount:kDelta': 0.95, '0:atom_AtomicNumber_count_1:kDelta': 1.0, '0:atom_AtomicNumber_count_2:kDelta': 0.75, '0:atom_Chiral:kDelta': 0.85, '0:bond_Order:kDelta': 0.75, '0:bond_Stereo:kDelta': 0.9, '0:bond_RingStereo:kDelta': 0.75, '0:q:q': 0.33, '1:atom_AtomicNumber:kDelta': 0.8, '1:atom_AtomicNumber_list_1:kConv': 0.75, '1:atom_AtomicNumber_list_2:kConv': 1.0, '1:atom_AtomicNumber_list_3:kConv': 1.0, '1:atom_AtomicNumber_list_4:kConv': 0.75, '1:atom_MorganHash:kDelta': 0.75, '1:atom_Ring_count:kDelta': 0.8, '1:atom_RingSize_list:kConv': 1.0, '1:atom_Hcount:kDelta': 0.75, '1:atom_AtomicNumber_count_1:kDelta': 0.75, '1:atom_AtomicNumber_count_2:kDelta': 0.75, '1:atom_Chiral:kDelta': 0.95, '1:bond_Order:kDelta': 0.8, '1:bond_Stereo:kDelta': 0.75, '1:bond_RingStereo:kDelta': 0.9, '1:q:q': 0.13, '2:features_kernel:Matern32': 0.1, '3:features_kernel:Matern32': 0.1, '4:features_kernel:Matern32': 18.1, '5:features_kernel:Matern32': 29.1, '6:features_kernel:Matern32': 28.1, '7:features_kernel:Matern32': 21.1, '8:features_kernel:Matern32': 4.1, '9:features_kernel:Matern32': 8.1, '10:features_kernel:Matern32': 5.1, '11:features_kernel:Matern32': 12.1, '12:features_kernel:Matern32': 24.1, '13:features_kernel:Matern32': 12.1, '14:features_kernel:Matern32': 9.1, 'alpha': 0.08}. Best is trial 48 with value: 2.201660834748806.
/gpfs_common/share03/ddomlab/sdehgha2/working_space/GP_collab/code_python/training/MGK_and_tools/mgktools/mgktools/kernels/base.py:225: UserWarning: The distribution is specified by [0.1, 30] and step=1, but the range is not divisible by `step`. It will be replaced with [0.1, 29.1].
  self.unique_name: trial.suggest_float(
[I 2026-04-22 00:49:23,868] Trial 53 finished with value: 2.2092325443776715 and parameters: {'0:atom_AtomicNumber:kDelta': 0.95, '0:atom_AtomicNumber_list_1:kConv': 0.8, '0:atom_AtomicNumber_list_2:kConv': 0.75, '0:atom_AtomicNumber_list_3:kConv': 0.75, '0:atom_AtomicNumber_list_4:kConv': 0.85, '0:atom_MorganHash:kDelta': 1.0, '0:atom_Ring_count:kDelta': 0.8, '0:atom_RingSize_list:kConv': 0.75, '0:atom_Hcount:kDelta': 0.95, '0:atom_AtomicNumber_count_1:kDelta': 1.0, '0:atom_AtomicNumber_count_2:kDelta': 0.75, '0:atom_Chiral:kDelta': 0.85, '0:bond_Order:kDelta': 0.75, '0:bond_Stereo:kDelta': 0.95, '0:bond_RingStereo:kDelta': 0.75, '0:q:q': 0.29000000000000004, '1:atom_AtomicNumber:kDelta': 0.9, '1:atom_AtomicNumber_list_1:kConv': 0.75, '1:atom_AtomicNumber_list_2:kConv': 1.0, '1:atom_AtomicNumber_list_3:kConv': 0.95, '1:atom_AtomicNumber_list_4:kConv': 0.75, '1:atom_MorganHash:kDelta': 0.8, '1:atom_Ring_count:kDelta': 0.8, '1:atom_RingSize_list:kConv': 0.95, '1:atom_Hcount:kDelta': 0.75, '1:atom_AtomicNumber_count_1:kDelta': 0.75, '1:atom_AtomicNumber_count_2:kDelta': 0.8, '1:atom_Chiral:kDelta': 1.0, '1:bond_Order:kDelta': 0.8, '1:bond_Stereo:kDelta': 0.75, '1:bond_RingStereo:kDelta': 0.85, '1:q:q': 0.05, '2:features_kernel:Matern32': 23.1, '3:features_kernel:Matern32': 2.1, '4:features_kernel:Matern32': 18.1, '5:features_kernel:Matern32': 27.1, '6:features_kernel:Matern32': 25.1, '7:features_kernel:Matern32': 25.1, '8:features_kernel:Matern32': 7.1, '9:features_kernel:Matern32': 3.1, '10:features_kernel:Matern32': 2.1, '11:features_kernel:Matern32': 13.1, '12:features_kernel:Matern32': 22.1, '13:features_kernel:Matern32': 4.1, '14:features_kernel:Matern32': 9.1, 'alpha': 0.08800000000000001}. Best is trial 48 with value: 2.201660834748806.
/gpfs_common/share03/ddomlab/sdehgha2/working_space/GP_collab/code_python/training/MGK_and_tools/mgktools/mgktools/kernels/base.py:225: UserWarning: The distribution is specified by [0.1, 30] and step=1, but the range is not divisible by `step`. It will be replaced with [0.1, 29.1].
  self.unique_name: trial.suggest_float(
[I 2026-04-22 00:49:50,599] Trial 52 finished with value: 2.1939293805757196 and parameters: {'0:atom_AtomicNumber:kDelta': 1.0, '0:atom_AtomicNumber_list_1:kConv': 0.75, '0:atom_AtomicNumber_list_2:kConv': 0.75, '0:atom_AtomicNumber_list_3:kConv': 0.75, '0:atom_AtomicNumber_list_4:kConv': 0.85, '0:atom_MorganHash:kDelta': 1.0, '0:atom_Ring_count:kDelta': 0.8, '0:atom_RingSize_list:kConv': 0.75, '0:atom_Hcount:kDelta': 0.95, '0:atom_AtomicNumber_count_1:kDelta': 1.0, '0:atom_AtomicNumber_count_2:kDelta': 0.8, '0:atom_Chiral:kDelta': 0.85, '0:bond_Order:kDelta': 0.75, '0:bond_Stereo:kDelta': 0.95, '0:bond_RingStereo:kDelta': 0.75, '0:q:q': 0.33, '1:atom_AtomicNumber:kDelta': 0.9, '1:atom_AtomicNumber_list_1:kConv': 0.75, '1:atom_AtomicNumber_list_2:kConv': 1.0, '1:atom_AtomicNumber_list_3:kConv': 0.95, '1:atom_AtomicNumber_list_4:kConv': 0.75, '1:atom_MorganHash:kDelta': 0.8, '1:atom_Ring_count:kDelta': 0.8, '1:atom_RingSize_list:kConv': 0.95, '1:atom_Hcount:kDelta': 0.75, '1:atom_AtomicNumber_count_1:kDelta': 0.75, '1:atom_AtomicNumber_count_2:kDelta': 0.8, '1:atom_Chiral:kDelta': 0.95, '1:bond_Order:kDelta': 0.8, '1:bond_Stereo:kDelta': 0.75, '1:bond_RingStereo:kDelta': 0.9, '1:q:q': 0.05, '2:features_kernel:Matern32': 23.1, '3:features_kernel:Matern32': 2.1, '4:features_kernel:Matern32': 19.1, '5:features_kernel:Matern32': 27.1, '6:features_kernel:Matern32': 25.1, '7:features_kernel:Matern32': 20.1, '8:features_kernel:Matern32': 3.1, '9:features_kernel:Matern32': 3.1, '10:features_kernel:Matern32': 5.1, '11:features_kernel:Matern32': 12.1, '12:features_kernel:Matern32': 27.1, '13:features_kernel:Matern32': 5.1, '14:features_kernel:Matern32': 8.1, 'alpha': 0.08700000000000001}. Best is trial 52 with value: 2.1939293805757196.
/gpfs_common/share03/ddomlab/sdehgha2/working_space/GP_collab/code_python/training/MGK_and_tools/mgktools/mgktools/kernels/base.py:225: UserWarning: The distribution is specified by [0.1, 30] and step=1, but the range is not divisible by `step`. It will be replaced with [0.1, 29.1].
  self.unique_name: trial.suggest_float(
[I 2026-04-22 00:50:41,931] Trial 54 finished with value: 2.200041719356452 and parameters: {'0:atom_AtomicNumber:kDelta': 0.95, '0:atom_AtomicNumber_list_1:kConv': 0.75, '0:atom_AtomicNumber_list_2:kConv': 0.75, '0:atom_AtomicNumber_list_3:kConv': 0.75, '0:atom_AtomicNumber_list_4:kConv': 0.8, '0:atom_MorganHash:kDelta': 1.0, '0:atom_Ring_count:kDelta': 0.8, '0:atom_RingSize_list:kConv': 0.75, '0:atom_Hcount:kDelta': 0.95, '0:atom_AtomicNumber_count_1:kDelta': 1.0, '0:atom_AtomicNumber_count_2:kDelta': 0.75, '0:atom_Chiral:kDelta': 0.85, '0:bond_Order:kDelta': 0.75, '0:bond_Stereo:kDelta': 0.95, '0:bond_RingStereo:kDelta': 0.75, '0:q:q': 0.3, '1:atom_AtomicNumber:kDelta': 0.9, '1:atom_AtomicNumber_list_1:kConv': 0.75, '1:atom_AtomicNumber_list_2:kConv': 0.75, '1:atom_AtomicNumber_list_3:kConv': 0.95, '1:atom_AtomicNumber_list_4:kConv': 0.75, '1:atom_MorganHash:kDelta': 0.8, '1:atom_Ring_count:kDelta': 0.8, '1:atom_RingSize_list:kConv': 0.95, '1:atom_Hcount:kDelta': 0.75, '1:atom_AtomicNumber_count_1:kDelta': 0.75, '1:atom_AtomicNumber_count_2:kDelta': 0.8, '1:atom_Chiral:kDelta': 1.0, '1:bond_Order:kDelta': 0.8, '1:bond_Stereo:kDelta': 0.75, '1:bond_RingStereo:kDelta': 0.85, '1:q:q': 0.16, '2:features_kernel:Matern32': 6.1, '3:features_kernel:Matern32': 2.1, '4:features_kernel:Matern32': 18.1, '5:features_kernel:Matern32': 27.1, '6:features_kernel:Matern32': 25.1, '7:features_kernel:Matern32': 26.1, '8:features_kernel:Matern32': 7.1, '9:features_kernel:Matern32': 3.1, '10:features_kernel:Matern32': 2.1, '11:features_kernel:Matern32': 11.1, '12:features_kernel:Matern32': 26.1, '13:features_kernel:Matern32': 5.1, '14:features_kernel:Matern32': 8.1, 'alpha': 0.092}. Best is trial 52 with value: 2.1939293805757196.
/gpfs_common/share03/ddomlab/sdehgha2/working_space/GP_collab/code_python/training/MGK_and_tools/mgktools/mgktools/kernels/base.py:225: UserWarning: The distribution is specified by [0.1, 30] and step=1, but the range is not divisible by `step`. It will be replaced with [0.1, 29.1].
  self.unique_name: trial.suggest_float(
[I 2026-04-22 00:51:37,591] Trial 55 finished with value: 2.1924507456481463 and parameters: {'0:atom_AtomicNumber:kDelta': 1.0, '0:atom_AtomicNumber_list_1:kConv': 0.75, '0:atom_AtomicNumber_list_2:kConv': 0.75, '0:atom_AtomicNumber_list_3:kConv': 0.75, '0:atom_AtomicNumber_list_4:kConv': 0.8, '0:atom_MorganHash:kDelta': 1.0, '0:atom_Ring_count:kDelta': 0.8, '0:atom_RingSize_list:kConv': 0.75, '0:atom_Hcount:kDelta': 0.95, '0:atom_AtomicNumber_count_1:kDelta': 1.0, '0:atom_AtomicNumber_count_2:kDelta': 0.75, '0:atom_Chiral:kDelta': 0.85, '0:bond_Order:kDelta': 0.75, '0:bond_Stereo:kDelta': 0.95, '0:bond_RingStereo:kDelta': 0.75, '0:q:q': 0.37, '1:atom_AtomicNumber:kDelta': 0.85, '1:atom_AtomicNumber_list_1:kConv': 0.75, '1:atom_AtomicNumber_list_2:kConv': 0.95, '1:atom_AtomicNumber_list_3:kConv': 0.95, '1:atom_AtomicNumber_list_4:kConv': 0.75, '1:atom_MorganHash:kDelta': 0.8, '1:atom_Ring_count:kDelta': 0.8, '1:atom_RingSize_list:kConv': 1.0, '1:atom_Hcount:kDelta': 0.75, '1:atom_AtomicNumber_count_1:kDelta': 0.75, '1:atom_AtomicNumber_count_2:kDelta': 0.8, '1:atom_Chiral:kDelta': 1.0, '1:bond_Order:kDelta': 0.8, '1:bond_Stereo:kDelta': 0.75, '1:bond_RingStereo:kDelta': 0.95, '1:q:q': 0.18000000000000002, '2:features_kernel:Matern32': 23.1, '3:features_kernel:Matern32': 2.1, '4:features_kernel:Matern32': 18.1, '5:features_kernel:Matern32': 27.1, '6:features_kernel:Matern32': 25.1, '7:features_kernel:Matern32': 25.1, '8:features_kernel:Matern32': 3.1, '9:features_kernel:Matern32': 1.1, '10:features_kernel:Matern32': 2.1, '11:features_kernel:Matern32': 11.1, '12:features_kernel:Matern32': 28.1, '13:features_kernel:Matern32': 5.1, '14:features_kernel:Matern32': 5.1, 'alpha': 0.08800000000000001}. Best is trial 55 with value: 2.1924507456481463.
/gpfs_common/share03/ddomlab/sdehgha2/working_space/GP_collab/code_python/training/MGK_and_tools/mgktools/mgktools/kernels/base.py:225: UserWarning: The distribution is specified by [0.1, 30] and step=1, but the range is not divisible by `step`. It will be replaced with [0.1, 29.1].
  self.unique_name: trial.suggest_float(
[I 2026-04-22 00:51:56,898] Trial 56 finished with value: 2.1890185770561397 and parameters: {'0:atom_AtomicNumber:kDelta': 1.0, '0:atom_AtomicNumber_list_1:kConv': 0.75, '0:atom_AtomicNumber_list_2:kConv': 0.75, '0:atom_AtomicNumber_list_3:kConv': 0.75, '0:atom_AtomicNumber_list_4:kConv': 0.8, '0:atom_MorganHash:kDelta': 1.0, '0:atom_Ring_count:kDelta': 0.8, '0:atom_RingSize_list:kConv': 0.75, '0:atom_Hcount:kDelta': 0.95, '0:atom_AtomicNumber_count_1:kDelta': 1.0, '0:atom_AtomicNumber_count_2:kDelta': 0.75, '0:atom_Chiral:kDelta': 0.85, '0:bond_Order:kDelta': 0.75, '0:bond_Stereo:kDelta': 0.95, '0:bond_RingStereo:kDelta': 0.75, '0:q:q': 0.38, '1:atom_AtomicNumber:kDelta': 0.85, '1:atom_AtomicNumber_list_1:kConv': 0.75, '1:atom_AtomicNumber_list_2:kConv': 0.75, '1:atom_AtomicNumber_list_3:kConv': 0.95, '1:atom_AtomicNumber_list_4:kConv': 0.75, '1:atom_MorganHash:kDelta': 0.8, '1:atom_Ring_count:kDelta': 0.8, '1:atom_RingSize_list:kConv': 1.0, '1:atom_Hcount:kDelta': 0.75, '1:atom_AtomicNumber_count_1:kDelta': 0.75, '1:atom_AtomicNumber_count_2:kDelta': 0.8, '1:atom_Chiral:kDelta': 1.0, '1:bond_Order:kDelta': 0.8, '1:bond_Stereo:kDelta': 0.75, '1:bond_RingStereo:kDelta': 0.9, '1:q:q': 0.19, '2:features_kernel:Matern32': 6.1, '3:features_kernel:Matern32': 2.1, '4:features_kernel:Matern32': 19.1, '5:features_kernel:Matern32': 27.1, '6:features_kernel:Matern32': 24.1, '7:features_kernel:Matern32': 26.1, '8:features_kernel:Matern32': 3.1, '9:features_kernel:Matern32': 7.1, '10:features_kernel:Matern32': 1.1, '11:features_kernel:Matern32': 11.1, '12:features_kernel:Matern32': 28.1, '13:features_kernel:Matern32': 5.1, '14:features_kernel:Matern32': 6.1, 'alpha': 0.091}. Best is trial 56 with value: 2.1890185770561397.
/gpfs_common/share03/ddomlab/sdehgha2/working_space/GP_collab/code_python/training/MGK_and_tools/mgktools/mgktools/kernels/base.py:225: UserWarning: The distribution is specified by [0.1, 30] and step=1, but the range is not divisible by `step`. It will be replaced with [0.1, 29.1].
  self.unique_name: trial.suggest_float(
[I 2026-04-22 00:53:11,836] Trial 58 finished with value: 2.1848195347052926 and parameters: {'0:atom_AtomicNumber:kDelta': 1.0, '0:atom_AtomicNumber_list_1:kConv': 0.75, '0:atom_AtomicNumber_list_2:kConv': 0.75, '0:atom_AtomicNumber_list_3:kConv': 0.75, '0:atom_AtomicNumber_list_4:kConv': 0.8, '0:atom_MorganHash:kDelta': 1.0, '0:atom_Ring_count:kDelta': 0.75, '0:atom_RingSize_list:kConv': 0.75, '0:atom_Hcount:kDelta': 0.95, '0:atom_AtomicNumber_count_1:kDelta': 1.0, '0:atom_AtomicNumber_count_2:kDelta': 0.75, '0:atom_Chiral:kDelta': 0.85, '0:bond_Order:kDelta': 0.75, '0:bond_Stereo:kDelta': 0.95, '0:bond_RingStereo:kDelta': 0.75, '0:q:q': 0.37, '1:atom_AtomicNumber:kDelta': 0.85, '1:atom_AtomicNumber_list_1:kConv': 0.75, '1:atom_AtomicNumber_list_2:kConv': 0.75, '1:atom_AtomicNumber_list_3:kConv': 0.95, '1:atom_AtomicNumber_list_4:kConv': 0.75, '1:atom_MorganHash:kDelta': 0.8, '1:atom_Ring_count:kDelta': 0.75, '1:atom_RingSize_list:kConv': 1.0, '1:atom_Hcount:kDelta': 0.75, '1:atom_AtomicNumber_count_1:kDelta': 0.75, '1:atom_AtomicNumber_count_2:kDelta': 0.75, '1:atom_Chiral:kDelta': 1.0, '1:bond_Order:kDelta': 0.75, '1:bond_Stereo:kDelta': 0.75, '1:bond_RingStereo:kDelta': 0.95, '1:q:q': 0.19, '2:features_kernel:Matern32': 6.1, '3:features_kernel:Matern32': 3.1, '4:features_kernel:Matern32': 23.1, '5:features_kernel:Matern32': 27.1, '6:features_kernel:Matern32': 29.1, '7:features_kernel:Matern32': 27.1, '8:features_kernel:Matern32': 1.1, '9:features_kernel:Matern32': 11.1, '10:features_kernel:Matern32': 1.1, '11:features_kernel:Matern32': 11.1, '12:features_kernel:Matern32': 28.1, '13:features_kernel:Matern32': 5.1, '14:features_kernel:Matern32': 5.1, 'alpha': 0.091}. Best is trial 58 with value: 2.1848195347052926.
/gpfs_common/share03/ddomlab/sdehgha2/working_space/GP_collab/code_python/training/MGK_and_tools/mgktools/mgktools/kernels/base.py:225: UserWarning: The distribution is specified by [0.1, 30] and step=1, but the range is not divisible by `step`. It will be replaced with [0.1, 29.1].
  self.unique_name: trial.suggest_float(
[I 2026-04-22 00:53:27,226] Trial 57 finished with value: 2.1703276939446647 and parameters: {'0:atom_AtomicNumber:kDelta': 1.0, '0:atom_AtomicNumber_list_1:kConv': 0.75, '0:atom_AtomicNumber_list_2:kConv': 0.75, '0:atom_AtomicNumber_list_3:kConv': 0.75, '0:atom_AtomicNumber_list_4:kConv': 0.8, '0:atom_MorganHash:kDelta': 1.0, '0:atom_Ring_count:kDelta': 0.8, '0:atom_RingSize_list:kConv': 0.75, '0:atom_Hcount:kDelta': 0.95, '0:atom_AtomicNumber_count_1:kDelta': 1.0, '0:atom_AtomicNumber_count_2:kDelta': 0.75, '0:atom_Chiral:kDelta': 0.85, '0:bond_Order:kDelta': 0.75, '0:bond_Stereo:kDelta': 0.95, '0:bond_RingStereo:kDelta': 0.75, '0:q:q': 0.39, '1:atom_AtomicNumber:kDelta': 0.85, '1:atom_AtomicNumber_list_1:kConv': 0.75, '1:atom_AtomicNumber_list_2:kConv': 0.85, '1:atom_AtomicNumber_list_3:kConv': 0.95, '1:atom_AtomicNumber_list_4:kConv': 0.75, '1:atom_MorganHash:kDelta': 0.8, '1:atom_Ring_count:kDelta': 0.8, '1:atom_RingSize_list:kConv': 1.0, '1:atom_Hcount:kDelta': 0.75, '1:atom_AtomicNumber_count_1:kDelta': 0.75, '1:atom_AtomicNumber_count_2:kDelta': 0.8, '1:atom_Chiral:kDelta': 1.0, '1:bond_Order:kDelta': 0.8, '1:bond_Stereo:kDelta': 0.75, '1:bond_RingStereo:kDelta': 0.95, '1:q:q': 0.18000000000000002, '2:features_kernel:Matern32': 2.1, '3:features_kernel:Matern32': 2.1, '4:features_kernel:Matern32': 19.1, '5:features_kernel:Matern32': 27.1, '6:features_kernel:Matern32': 29.1, '7:features_kernel:Matern32': 26.1, '8:features_kernel:Matern32': 2.1, '9:features_kernel:Matern32': 10.1, '10:features_kernel:Matern32': 1.1, '11:features_kernel:Matern32': 11.1, '12:features_kernel:Matern32': 28.1, '13:features_kernel:Matern32': 4.1, '14:features_kernel:Matern32': 6.1, 'alpha': 0.089}. Best is trial 57 with value: 2.1703276939446647.
/gpfs_common/share03/ddomlab/sdehgha2/working_space/GP_collab/code_python/training/MGK_and_tools/mgktools/mgktools/kernels/base.py:225: UserWarning: The distribution is specified by [0.1, 30] and step=1, but the range is not divisible by `step`. It will be replaced with [0.1, 29.1].
  self.unique_name: trial.suggest_float(
