[I 2026-04-22 00:14:31,824] Trial 9 finished with value: 2.265190819429205 and parameters: {'0:atom_AtomicNumber:kDelta': 0.95, '0:atom_AtomicNumber_list_1:kConv': 0.8, '0:atom_AtomicNumber_list_2:kConv': 0.75, '0:atom_AtomicNumber_list_3:kConv': 0.75, '0:atom_AtomicNumber_list_4:kConv': 0.85, '0:atom_MorganHash:kDelta': 0.75, '0:atom_Ring_count:kDelta': 0.8, '0:atom_RingSize_list:kConv': 0.95, '0:atom_Hcount:kDelta': 0.85, '0:atom_AtomicNumber_count_1:kDelta': 0.75, '0:atom_AtomicNumber_count_2:kDelta': 0.8, '0:atom_Chiral:kDelta': 1.0, '0:bond_Order:kDelta': 0.75, '0:bond_Stereo:kDelta': 0.9, '0:bond_RingStereo:kDelta': 0.9, '0:q:q': 0.35000000000000003, '1:atom_AtomicNumber:kDelta': 0.9, '1:atom_AtomicNumber_list_1:kConv': 0.95, '1:atom_AtomicNumber_list_2:kConv': 0.95, '1:atom_AtomicNumber_list_3:kConv': 0.9, '1:atom_AtomicNumber_list_4:kConv': 0.8, '1:atom_MorganHash:kDelta': 0.95, '1:atom_Ring_count:kDelta': 0.8, '1:atom_RingSize_list:kConv': 1.0, '1:atom_Hcount:kDelta': 0.9, '1:atom_AtomicNumber_count_1:kDelta': 0.75, '1:atom_AtomicNumber_count_2:kDelta': 1.0, '1:atom_Chiral:kDelta': 0.85, '1:bond_Order:kDelta': 1.0, '1:bond_Stereo:kDelta': 0.75, '1:bond_RingStereo:kDelta': 0.75, '1:q:q': 0.38, '2:features_kernel:Matern32': 1.1, '3:features_kernel:Matern32': 13.1, '4:features_kernel:Matern32': 24.1, '5:features_kernel:Matern32': 12.1, '6:features_kernel:Matern32': 5.1, '7:features_kernel:Matern32': 25.1, '8:features_kernel:Matern32': 3.1, '9:features_kernel:Matern32': 8.1, '10:features_kernel:Matern32': 6.1, '11:features_kernel:Matern32': 13.1, '12:features_kernel:Matern32': 9.1, '13:features_kernel:Matern32': 27.1, '14:features_kernel:Matern32': 23.1, 'alpha': 0.07100000000000001}. Best is trial 8 with value: 2.2651905958701493.
/gpfs_common/share03/ddomlab/sdehgha2/working_space/GP_collab/code_python/training/MGK_and_tools/mgktools/mgktools/kernels/base.py:225: UserWarning: The distribution is specified by [0.1, 30] and step=1, but the range is not divisible by `step`. It will be replaced with [0.1, 29.1].
  self.unique_name: trial.suggest_float(
[I 2026-04-22 00:14:49,654] Trial 10 finished with value: 2.2410985205006018 and parameters: {'0:atom_AtomicNumber:kDelta': 0.75, '0:atom_AtomicNumber_list_1:kConv': 0.9, '0:atom_AtomicNumber_list_2:kConv': 1.0, '0:atom_AtomicNumber_list_3:kConv': 1.0, '0:atom_AtomicNumber_list_4:kConv': 0.9, '0:atom_MorganHash:kDelta': 0.8, '0:atom_Ring_count:kDelta': 0.8, '0:atom_RingSize_list:kConv': 0.9, '0:atom_Hcount:kDelta': 0.95, '0:atom_AtomicNumber_count_1:kDelta': 0.8, '0:atom_AtomicNumber_count_2:kDelta': 0.95, '0:atom_Chiral:kDelta': 0.9, '0:bond_Order:kDelta': 0.95, '0:bond_Stereo:kDelta': 0.95, '0:bond_RingStereo:kDelta': 1.0, '0:q:q': 0.060000000000000005, '1:atom_AtomicNumber:kDelta': 1.0, '1:atom_AtomicNumber_list_1:kConv': 1.0, '1:atom_AtomicNumber_list_2:kConv': 0.9, '1:atom_AtomicNumber_list_3:kConv': 0.75, '1:atom_AtomicNumber_list_4:kConv': 0.75, '1:atom_MorganHash:kDelta': 0.85, '1:atom_Ring_count:kDelta': 0.85, '1:atom_RingSize_list:kConv': 0.85, '1:atom_Hcount:kDelta': 0.95, '1:atom_AtomicNumber_count_1:kDelta': 0.95, '1:atom_AtomicNumber_count_2:kDelta': 0.95, '1:atom_Chiral:kDelta': 0.85, '1:bond_Order:kDelta': 0.9, '1:bond_Stereo:kDelta': 0.85, '1:bond_RingStereo:kDelta': 0.95, '1:q:q': 0.29000000000000004, '2:features_kernel:Matern32': 17.1, '3:features_kernel:Matern32': 11.1, '4:features_kernel:Matern32': 19.1, '5:features_kernel:Matern32': 26.1, '6:features_kernel:Matern32': 19.1, '7:features_kernel:Matern32': 3.1, '8:features_kernel:Matern32': 2.1, '9:features_kernel:Matern32': 20.1, '10:features_kernel:Matern32': 10.1, '11:features_kernel:Matern32': 9.1, '12:features_kernel:Matern32': 26.1, '13:features_kernel:Matern32': 25.1, '14:features_kernel:Matern32': 24.1, 'alpha': 0.036000000000000004}. Best is trial 10 with value: 2.2410985205006018.
/gpfs_common/share03/ddomlab/sdehgha2/working_space/GP_collab/code_python/training/MGK_and_tools/mgktools/mgktools/kernels/base.py:225: UserWarning: The distribution is specified by [0.1, 30] and step=1, but the range is not divisible by `step`. It will be replaced with [0.1, 29.1].
  self.unique_name: trial.suggest_float(
[I 2026-04-22 00:16:17,167] Trial 11 finished with value: 2.9020042585048857 and parameters: {'0:atom_AtomicNumber:kDelta': 0.9, '0:atom_AtomicNumber_list_1:kConv': 0.95, '0:atom_AtomicNumber_list_2:kConv': 1.0, '0:atom_AtomicNumber_list_3:kConv': 0.85, '0:atom_AtomicNumber_list_4:kConv': 0.85, '0:atom_MorganHash:kDelta': 1.0, '0:atom_Ring_count:kDelta': 1.0, '0:atom_RingSize_list:kConv': 0.75, '0:atom_Hcount:kDelta': 0.75, '0:atom_AtomicNumber_count_1:kDelta': 0.75, '0:atom_AtomicNumber_count_2:kDelta': 0.95, '0:atom_Chiral:kDelta': 0.75, '0:bond_Order:kDelta': 0.85, '0:bond_Stereo:kDelta': 0.75, '0:bond_RingStereo:kDelta': 0.95, '0:q:q': 0.22, '1:atom_AtomicNumber:kDelta': 0.75, '1:atom_AtomicNumber_list_1:kConv': 1.0, '1:atom_AtomicNumber_list_2:kConv': 0.75, '1:atom_AtomicNumber_list_3:kConv': 0.8, '1:atom_AtomicNumber_list_4:kConv': 0.9, '1:atom_MorganHash:kDelta': 0.85, '1:atom_Ring_count:kDelta': 0.75, '1:atom_RingSize_list:kConv': 1.0, '1:atom_Hcount:kDelta': 0.85, '1:atom_AtomicNumber_count_1:kDelta': 0.75, '1:atom_AtomicNumber_count_2:kDelta': 1.0, '1:atom_Chiral:kDelta': 0.95, '1:bond_Order:kDelta': 0.95, '1:bond_Stereo:kDelta': 0.95, '1:bond_RingStereo:kDelta': 0.85, '1:q:q': 0.09999999999999999, '2:features_kernel:Matern32': 29.1, '3:features_kernel:Matern32': 27.1, '4:features_kernel:Matern32': 20.1, '5:features_kernel:Matern32': 28.1, '6:features_kernel:Matern32': 17.1, '7:features_kernel:Matern32': 29.1, '8:features_kernel:Matern32': 29.1, '9:features_kernel:Matern32': 0.1, '10:features_kernel:Matern32': 29.1, '11:features_kernel:Matern32': 7.1, '12:features_kernel:Matern32': 1.1, '13:features_kernel:Matern32': 1.1, '14:features_kernel:Matern32': 28.1, 'alpha': 0.097}. Best is trial 10 with value: 2.2410985205006018.
/gpfs_common/share03/ddomlab/sdehgha2/working_space/GP_collab/code_python/training/MGK_and_tools/mgktools/mgktools/kernels/base.py:225: UserWarning: The distribution is specified by [0.1, 30] and step=1, but the range is not divisible by `step`. It will be replaced with [0.1, 29.1].
  self.unique_name: trial.suggest_float(
[I 2026-04-22 00:16:19,654] Trial 12 finished with value: 2.910246520317544 and parameters: {'0:atom_AtomicNumber:kDelta': 0.9, '0:atom_AtomicNumber_list_1:kConv': 0.9, '0:atom_AtomicNumber_list_2:kConv': 1.0, '0:atom_AtomicNumber_list_3:kConv': 1.0, '0:atom_AtomicNumber_list_4:kConv': 0.85, '0:atom_MorganHash:kDelta': 1.0, '0:atom_Ring_count:kDelta': 1.0, '0:atom_RingSize_list:kConv': 0.75, '0:atom_Hcount:kDelta': 0.75, '0:atom_AtomicNumber_count_1:kDelta': 0.75, '0:atom_AtomicNumber_count_2:kDelta': 0.95, '0:atom_Chiral:kDelta': 0.75, '0:bond_Order:kDelta': 0.95, '0:bond_Stereo:kDelta': 0.8, '0:bond_RingStereo:kDelta': 0.95, '0:q:q': 0.17, '1:atom_AtomicNumber:kDelta': 0.75, '1:atom_AtomicNumber_list_1:kConv': 1.0, '1:atom_AtomicNumber_list_2:kConv': 0.8, '1:atom_AtomicNumber_list_3:kConv': 0.75, '1:atom_AtomicNumber_list_4:kConv': 0.9, '1:atom_MorganHash:kDelta': 0.85, '1:atom_Ring_count:kDelta': 0.85, '1:atom_RingSize_list:kConv': 0.8, '1:atom_Hcount:kDelta': 0.85, '1:atom_AtomicNumber_count_1:kDelta': 1.0, '1:atom_AtomicNumber_count_2:kDelta': 1.0, '1:atom_Chiral:kDelta': 0.85, '1:bond_Order:kDelta': 0.95, '1:bond_Stereo:kDelta': 0.9, '1:bond_RingStereo:kDelta': 0.85, '1:q:q': 0.13, '2:features_kernel:Matern32': 27.1, '3:features_kernel:Matern32': 27.1, '4:features_kernel:Matern32': 20.1, '5:features_kernel:Matern32': 28.1, '6:features_kernel:Matern32': 18.1, '7:features_kernel:Matern32': 29.1, '8:features_kernel:Matern32': 29.1, '9:features_kernel:Matern32': 0.1, '10:features_kernel:Matern32': 10.1, '11:features_kernel:Matern32': 7.1, '12:features_kernel:Matern32': 1.1, '13:features_kernel:Matern32': 1.1, '14:features_kernel:Matern32': 28.1, 'alpha': 0.097}. Best is trial 10 with value: 2.2410985205006018.
/gpfs_common/share03/ddomlab/sdehgha2/working_space/GP_collab/code_python/training/MGK_and_tools/mgktools/mgktools/kernels/base.py:225: UserWarning: The distribution is specified by [0.1, 30] and step=1, but the range is not divisible by `step`. It will be replaced with [0.1, 29.1].
  self.unique_name: trial.suggest_float(
[I 2026-04-22 00:17:36,899] Trial 14 finished with value: 2.4838555611226867 and parameters: {'0:atom_AtomicNumber:kDelta': 0.75, '0:atom_AtomicNumber_list_1:kConv': 0.9, '0:atom_AtomicNumber_list_2:kConv': 0.8, '0:atom_AtomicNumber_list_3:kConv': 1.0, '0:atom_AtomicNumber_list_4:kConv': 0.9, '0:atom_MorganHash:kDelta': 0.75, '0:atom_Ring_count:kDelta': 0.75, '0:atom_RingSize_list:kConv': 0.95, '0:atom_Hcount:kDelta': 1.0, '0:atom_AtomicNumber_count_1:kDelta': 0.8, '0:atom_AtomicNumber_count_2:kDelta': 0.9, '0:atom_Chiral:kDelta': 1.0, '0:bond_Order:kDelta': 0.95, '0:bond_Stereo:kDelta': 1.0, '0:bond_RingStereo:kDelta': 0.85, '0:q:q': 0.3, '1:atom_AtomicNumber:kDelta': 0.8, '1:atom_AtomicNumber_list_1:kConv': 0.95, '1:atom_AtomicNumber_list_2:kConv': 0.85, '1:atom_AtomicNumber_list_3:kConv': 0.75, '1:atom_AtomicNumber_list_4:kConv': 0.8, '1:atom_MorganHash:kDelta': 0.75, '1:atom_Ring_count:kDelta': 0.85, '1:atom_RingSize_list:kConv': 0.9, '1:atom_Hcount:kDelta': 0.9, '1:atom_AtomicNumber_count_1:kDelta': 0.85, '1:atom_AtomicNumber_count_2:kDelta': 0.95, '1:atom_Chiral:kDelta': 0.85, '1:bond_Order:kDelta': 0.75, '1:bond_Stereo:kDelta': 0.9, '1:bond_RingStereo:kDelta': 0.9, '1:q:q': 0.19, '2:features_kernel:Matern32': 22.1, '3:features_kernel:Matern32': 8.1, '4:features_kernel:Matern32': 29.1, '5:features_kernel:Matern32': 11.1, '6:features_kernel:Matern32': 22.1, '7:features_kernel:Matern32': 21.1, '8:features_kernel:Matern32': 0.1, '9:features_kernel:Matern32': 18.1, '10:features_kernel:Matern32': 1.1, '11:features_kernel:Matern32': 8.1, '12:features_kernel:Matern32': 6.1, '13:features_kernel:Matern32': 22.1, '14:features_kernel:Matern32': 20.1, 'alpha': 0.023}. Best is trial 10 with value: 2.2410985205006018.
/gpfs_common/share03/ddomlab/sdehgha2/working_space/GP_collab/code_python/training/MGK_and_tools/mgktools/mgktools/kernels/base.py:225: UserWarning: The distribution is specified by [0.1, 30] and step=1, but the range is not divisible by `step`. It will be replaced with [0.1, 29.1].
  self.unique_name: trial.suggest_float(
[I 2026-04-22 00:17:54,773] Trial 13 finished with value: 2.584600181598552 and parameters: {'0:atom_AtomicNumber:kDelta': 0.75, '0:atom_AtomicNumber_list_1:kConv': 0.9, '0:atom_AtomicNumber_list_2:kConv': 1.0, '0:atom_AtomicNumber_list_3:kConv': 1.0, '0:atom_AtomicNumber_list_4:kConv': 0.9, '0:atom_MorganHash:kDelta': 0.75, '0:atom_Ring_count:kDelta': 0.75, '0:atom_RingSize_list:kConv': 0.95, '0:atom_Hcount:kDelta': 1.0, '0:atom_AtomicNumber_count_1:kDelta': 0.8, '0:atom_AtomicNumber_count_2:kDelta': 0.9, '0:atom_Chiral:kDelta': 1.0, '0:bond_Order:kDelta': 0.95, '0:bond_Stereo:kDelta': 1.0, '0:bond_RingStereo:kDelta': 0.95, '0:q:q': 0.18000000000000002, '1:atom_AtomicNumber:kDelta': 0.8, '1:atom_AtomicNumber_list_1:kConv': 0.95, '1:atom_AtomicNumber_list_2:kConv': 0.8, '1:atom_AtomicNumber_list_3:kConv': 0.75, '1:atom_AtomicNumber_list_4:kConv': 0.8, '1:atom_MorganHash:kDelta': 0.85, '1:atom_Ring_count:kDelta': 0.85, '1:atom_RingSize_list:kConv': 0.8, '1:atom_Hcount:kDelta': 0.85, '1:atom_AtomicNumber_count_1:kDelta': 1.0, '1:atom_AtomicNumber_count_2:kDelta': 0.95, '1:atom_Chiral:kDelta': 0.85, '1:bond_Order:kDelta': 0.75, '1:bond_Stereo:kDelta': 0.9, '1:bond_RingStereo:kDelta': 0.85, '1:q:q': 0.18000000000000002, '2:features_kernel:Matern32': 22.1, '3:features_kernel:Matern32': 8.1, '4:features_kernel:Matern32': 29.1, '5:features_kernel:Matern32': 11.1, '6:features_kernel:Matern32': 18.1, '7:features_kernel:Matern32': 22.1, '8:features_kernel:Matern32': 0.1, '9:features_kernel:Matern32': 18.1, '10:features_kernel:Matern32': 10.1, '11:features_kernel:Matern32': 8.1, '12:features_kernel:Matern32': 4.1, '13:features_kernel:Matern32': 22.1, '14:features_kernel:Matern32': 22.1, 'alpha': 0.023}. Best is trial 10 with value: 2.2410985205006018.
/gpfs_common/share03/ddomlab/sdehgha2/working_space/GP_collab/code_python/training/MGK_and_tools/mgktools/mgktools/kernels/base.py:225: UserWarning: The distribution is specified by [0.1, 30] and step=1, but the range is not divisible by `step`. It will be replaced with [0.1, 29.1].
  self.unique_name: trial.suggest_float(
[I 2026-04-22 00:18:54,668] Trial 15 finished with value: 2.55145304991139 and parameters: {'0:atom_AtomicNumber:kDelta': 0.85, '0:atom_AtomicNumber_list_1:kConv': 0.95, '0:atom_AtomicNumber_list_2:kConv': 0.95, '0:atom_AtomicNumber_list_3:kConv': 0.85, '0:atom_AtomicNumber_list_4:kConv': 0.8, '0:atom_MorganHash:kDelta': 0.8, '0:atom_Ring_count:kDelta': 0.85, '0:atom_RingSize_list:kConv': 0.95, '0:atom_Hcount:kDelta': 1.0, '0:atom_AtomicNumber_count_1:kDelta': 0.85, '0:atom_AtomicNumber_count_2:kDelta': 0.9, '0:atom_Chiral:kDelta': 0.85, '0:bond_Order:kDelta': 0.85, '0:bond_Stereo:kDelta': 1.0, '0:bond_RingStereo:kDelta': 0.95, '0:q:q': 0.01, '1:atom_AtomicNumber:kDelta': 0.95, '1:atom_AtomicNumber_list_1:kConv': 0.95, '1:atom_AtomicNumber_list_2:kConv': 0.85, '1:atom_AtomicNumber_list_3:kConv': 0.8, '1:atom_AtomicNumber_list_4:kConv': 0.8, '1:atom_MorganHash:kDelta': 1.0, '1:atom_Ring_count:kDelta': 0.75, '1:atom_RingSize_list:kConv': 0.9, '1:atom_Hcount:kDelta': 0.95, '1:atom_AtomicNumber_count_1:kDelta': 0.85, '1:atom_AtomicNumber_count_2:kDelta': 0.95, '1:atom_Chiral:kDelta': 0.8, '1:bond_Order:kDelta': 0.95, '1:bond_Stereo:kDelta': 0.8, '1:bond_RingStereo:kDelta': 0.9, '1:q:q': 0.43, '2:features_kernel:Matern32': 19.1, '3:features_kernel:Matern32': 14.1, '4:features_kernel:Matern32': 10.1, '5:features_kernel:Matern32': 9.1, '6:features_kernel:Matern32': 13.1, '7:features_kernel:Matern32': 8.1, '8:features_kernel:Matern32': 0.1, '9:features_kernel:Matern32': 19.1, '10:features_kernel:Matern32': 11.1, '11:features_kernel:Matern32': 10.1, '12:features_kernel:Matern32': 6.1, '13:features_kernel:Matern32': 21.1, '14:features_kernel:Matern32': 20.1, 'alpha': 0.023}. Best is trial 10 with value: 2.2410985205006018.
/gpfs_common/share03/ddomlab/sdehgha2/working_space/GP_collab/code_python/training/MGK_and_tools/mgktools/mgktools/kernels/base.py:225: UserWarning: The distribution is specified by [0.1, 30] and step=1, but the range is not divisible by `step`. It will be replaced with [0.1, 29.1].
  self.unique_name: trial.suggest_float(
[I 2026-04-22 00:19:27,301] Trial 16 finished with value: 2.3597774640823284 and parameters: {'0:atom_AtomicNumber:kDelta': 0.85, '0:atom_AtomicNumber_list_1:kConv': 0.95, '0:atom_AtomicNumber_list_2:kConv': 0.9, '0:atom_AtomicNumber_list_3:kConv': 0.85, '0:atom_AtomicNumber_list_4:kConv': 0.8, '0:atom_MorganHash:kDelta': 0.8, '0:atom_Ring_count:kDelta': 0.85, '0:atom_RingSize_list:kConv': 0.9, '0:atom_Hcount:kDelta': 0.8, '0:atom_AtomicNumber_count_1:kDelta': 0.85, '0:atom_AtomicNumber_count_2:kDelta': 0.95, '0:atom_Chiral:kDelta': 0.85, '0:bond_Order:kDelta': 0.85, '0:bond_Stereo:kDelta': 0.8, '0:bond_RingStereo:kDelta': 0.75, '0:q:q': 0.01, '1:atom_AtomicNumber:kDelta': 0.95, '1:atom_AtomicNumber_list_1:kConv': 0.9, '1:atom_AtomicNumber_list_2:kConv': 0.85, '1:atom_AtomicNumber_list_3:kConv': 0.8, '1:atom_AtomicNumber_list_4:kConv': 0.8, '1:atom_MorganHash:kDelta': 1.0, '1:atom_Ring_count:kDelta': 0.75, '1:atom_RingSize_list:kConv': 0.9, '1:atom_Hcount:kDelta': 0.95, '1:atom_AtomicNumber_count_1:kDelta': 0.85, '1:atom_AtomicNumber_count_2:kDelta': 0.95, '1:atom_Chiral:kDelta': 0.8, '1:bond_Order:kDelta': 0.95, '1:bond_Stereo:kDelta': 0.8, '1:bond_RingStereo:kDelta': 0.9, '1:q:q': 0.42000000000000004, '2:features_kernel:Matern32': 18.1, '3:features_kernel:Matern32': 14.1, '4:features_kernel:Matern32': 10.1, '5:features_kernel:Matern32': 15.1, '6:features_kernel:Matern32': 11.1, '7:features_kernel:Matern32': 8.1, '8:features_kernel:Matern32': 19.1, '9:features_kernel:Matern32': 29.1, '10:features_kernel:Matern32': 11.1, '11:features_kernel:Matern32': 18.1, '12:features_kernel:Matern32': 16.1, '13:features_kernel:Matern32': 21.1, '14:features_kernel:Matern32': 18.1, 'alpha': 0.081}. Best is trial 10 with value: 2.2410985205006018.
/gpfs_common/share03/ddomlab/sdehgha2/working_space/GP_collab/code_python/training/MGK_and_tools/mgktools/mgktools/kernels/base.py:225: UserWarning: The distribution is specified by [0.1, 30] and step=1, but the range is not divisible by `step`. It will be replaced with [0.1, 29.1].
  self.unique_name: trial.suggest_float(
[I 2026-04-22 00:20:30,687] Trial 17 finished with value: 2.2535858664385096 and parameters: {'0:atom_AtomicNumber:kDelta': 0.85, '0:atom_AtomicNumber_list_1:kConv': 0.85, '0:atom_AtomicNumber_list_2:kConv': 0.9, '0:atom_AtomicNumber_list_3:kConv': 0.95, '0:atom_AtomicNumber_list_4:kConv': 0.8, '0:atom_MorganHash:kDelta': 0.8, '0:atom_Ring_count:kDelta': 0.85, '0:atom_RingSize_list:kConv': 0.9, '0:atom_Hcount:kDelta': 0.8, '0:atom_AtomicNumber_count_1:kDelta': 0.85, '0:atom_AtomicNumber_count_2:kDelta': 0.95, '0:atom_Chiral:kDelta': 0.85, '0:bond_Order:kDelta': 0.8, '0:bond_Stereo:kDelta': 0.8, '0:bond_RingStereo:kDelta': 0.75, '0:q:q': 0.28, '1:atom_AtomicNumber:kDelta': 1.0, '1:atom_AtomicNumber_list_1:kConv': 0.9, '1:atom_AtomicNumber_list_2:kConv': 0.95, '1:atom_AtomicNumber_list_3:kConv': 0.9, '1:atom_AtomicNumber_list_4:kConv': 0.85, '1:atom_MorganHash:kDelta': 0.9, '1:atom_Ring_count:kDelta': 0.9, '1:atom_RingSize_list:kConv': 0.85, '1:atom_Hcount:kDelta': 0.9, '1:atom_AtomicNumber_count_1:kDelta': 0.8, '1:atom_AtomicNumber_count_2:kDelta': 0.9, '1:atom_Chiral:kDelta': 0.9, '1:bond_Order:kDelta': 0.9, '1:bond_Stereo:kDelta': 0.85, '1:bond_RingStereo:kDelta': 0.8, '1:q:q': 0.04, '2:features_kernel:Matern32': 17.1, '3:features_kernel:Matern32': 5.1, '4:features_kernel:Matern32': 13.1, '5:features_kernel:Matern32': 16.1, '6:features_kernel:Matern32': 12.1, '7:features_kernel:Matern32': 5.1, '8:features_kernel:Matern32': 12.1, '9:features_kernel:Matern32': 4.1, '10:features_kernel:Matern32': 2.1, '11:features_kernel:Matern32': 18.1, '12:features_kernel:Matern32': 17.1, '13:features_kernel:Matern32': 7.1, '14:features_kernel:Matern32': 17.1, 'alpha': 0.082}. Best is trial 10 with value: 2.2410985205006018.
/gpfs_common/share03/ddomlab/sdehgha2/working_space/GP_collab/code_python/training/MGK_and_tools/mgktools/mgktools/kernels/base.py:225: UserWarning: The distribution is specified by [0.1, 30] and step=1, but the range is not divisible by `step`. It will be replaced with [0.1, 29.1].
  self.unique_name: trial.suggest_float(
[I 2026-04-22 00:21:20,541] Trial 18 finished with value: 2.2246733618823806 and parameters: {'0:atom_AtomicNumber:kDelta': 0.9, '0:atom_AtomicNumber_list_1:kConv': 0.85, '0:atom_AtomicNumber_list_2:kConv': 0.8, '0:atom_AtomicNumber_list_3:kConv': 0.95, '0:atom_AtomicNumber_list_4:kConv': 0.9, '0:atom_MorganHash:kDelta': 0.75, '0:atom_Ring_count:kDelta': 0.75, '0:atom_RingSize_list:kConv': 0.9, '0:atom_Hcount:kDelta': 0.95, '0:atom_AtomicNumber_count_1:kDelta': 0.75, '0:atom_AtomicNumber_count_2:kDelta': 0.85, '0:atom_Chiral:kDelta': 0.9, '0:bond_Order:kDelta': 0.8, '0:bond_Stereo:kDelta': 0.85, '0:bond_RingStereo:kDelta': 1.0, '0:q:q': 0.28, '1:atom_AtomicNumber:kDelta': 1.0, '1:atom_AtomicNumber_list_1:kConv': 1.0, '1:atom_AtomicNumber_list_2:kConv': 0.95, '1:atom_AtomicNumber_list_3:kConv': 0.9, '1:atom_AtomicNumber_list_4:kConv': 0.85, '1:atom_MorganHash:kDelta': 0.9, '1:atom_Ring_count:kDelta': 0.9, '1:atom_RingSize_list:kConv': 0.8, '1:atom_Hcount:kDelta': 0.9, '1:atom_AtomicNumber_count_1:kDelta': 0.8, '1:atom_AtomicNumber_count_2:kDelta': 0.9, '1:atom_Chiral:kDelta': 0.9, '1:bond_Order:kDelta': 0.9, '1:bond_Stereo:kDelta': 0.85, '1:bond_RingStereo:kDelta': 0.8, '1:q:q': 0.04, '2:features_kernel:Matern32': 12.1, '3:features_kernel:Matern32': 5.1, '4:features_kernel:Matern32': 20.1, '5:features_kernel:Matern32': 25.1, '6:features_kernel:Matern32': 23.1, '7:features_kernel:Matern32': 5.1, '8:features_kernel:Matern32': 12.1, '9:features_kernel:Matern32': 4.1, '10:features_kernel:Matern32': 2.1, '11:features_kernel:Matern32': 18.1, '12:features_kernel:Matern32': 22.1, '13:features_kernel:Matern32': 7.1, '14:features_kernel:Matern32': 25.1, 'alpha': 0.041}. Best is trial 18 with value: 2.2246733618823806.
/gpfs_common/share03/ddomlab/sdehgha2/working_space/GP_collab/code_python/training/MGK_and_tools/mgktools/mgktools/kernels/base.py:225: UserWarning: The distribution is specified by [0.1, 30] and step=1, but the range is not divisible by `step`. It will be replaced with [0.1, 29.1].
  self.unique_name: trial.suggest_float(
