[I 2026-04-22 00:30:06,925] Trial 29 finished with value: 2.2268898628603444 and parameters: {'0:atom_AtomicNumber:kDelta': 0.8, '0:atom_AtomicNumber_list_1:kConv': 0.75, '0:atom_AtomicNumber_list_2:kConv': 0.9, '0:atom_AtomicNumber_list_3:kConv': 0.9, '0:atom_AtomicNumber_list_4:kConv': 0.95, '0:atom_MorganHash:kDelta': 0.85, '0:atom_Ring_count:kDelta': 0.95, '0:atom_RingSize_list:kConv': 0.8, '0:atom_Hcount:kDelta': 0.9, '0:atom_AtomicNumber_count_1:kDelta': 0.95, '0:atom_AtomicNumber_count_2:kDelta': 1.0, '0:atom_Chiral:kDelta': 0.8, '0:bond_Order:kDelta': 0.85, '0:bond_Stereo:kDelta': 0.75, '0:bond_RingStereo:kDelta': 0.85, '0:q:q': 0.22, '1:atom_AtomicNumber:kDelta': 0.9, '1:atom_AtomicNumber_list_1:kConv': 0.95, '1:atom_AtomicNumber_list_2:kConv': 1.0, '1:atom_AtomicNumber_list_3:kConv': 0.95, '1:atom_AtomicNumber_list_4:kConv': 0.85, '1:atom_MorganHash:kDelta': 0.85, '1:atom_Ring_count:kDelta': 0.85, '1:atom_RingSize_list:kConv': 0.9, '1:atom_Hcount:kDelta': 0.8, '1:atom_AtomicNumber_count_1:kDelta': 0.75, '1:atom_AtomicNumber_count_2:kDelta': 0.8, '1:atom_Chiral:kDelta': 0.95, '1:bond_Order:kDelta': 0.95, '1:bond_Stereo:kDelta': 0.8, '1:bond_RingStereo:kDelta': 0.85, '1:q:q': 0.15000000000000002, '2:features_kernel:Matern32': 25.1, '3:features_kernel:Matern32': 7.1, '4:features_kernel:Matern32': 10.1, '5:features_kernel:Matern32': 17.1, '6:features_kernel:Matern32': 26.1, '7:features_kernel:Matern32': 17.1, '8:features_kernel:Matern32': 18.1, '9:features_kernel:Matern32': 1.1, '10:features_kernel:Matern32': 13.1, '11:features_kernel:Matern32': 22.1, '12:features_kernel:Matern32': 14.1, '13:features_kernel:Matern32': 3.1, '14:features_kernel:Matern32': 20.1, 'alpha': 0.060000000000000005}. Best is trial 27 with value: 2.2146825566227384.
/gpfs_common/share03/ddomlab/sdehgha2/working_space/GP_collab/code_python/training/MGK_and_tools/mgktools/mgktools/kernels/base.py:225: UserWarning: The distribution is specified by [0.1, 30] and step=1, but the range is not divisible by `step`. It will be replaced with [0.1, 29.1].
  self.unique_name: trial.suggest_float(
[I 2026-04-22 00:31:14,457] Trial 30 finished with value: 2.242220603938572 and parameters: {'0:atom_AtomicNumber:kDelta': 0.8, '0:atom_AtomicNumber_list_1:kConv': 0.75, '0:atom_AtomicNumber_list_2:kConv': 0.95, '0:atom_AtomicNumber_list_3:kConv': 0.9, '0:atom_AtomicNumber_list_4:kConv': 0.95, '0:atom_MorganHash:kDelta': 0.85, '0:atom_Ring_count:kDelta': 0.95, '0:atom_RingSize_list:kConv': 0.8, '0:atom_Hcount:kDelta': 0.9, '0:atom_AtomicNumber_count_1:kDelta': 0.9, '0:atom_AtomicNumber_count_2:kDelta': 1.0, '0:atom_Chiral:kDelta': 0.75, '0:bond_Order:kDelta': 0.85, '0:bond_Stereo:kDelta': 0.75, '0:bond_RingStereo:kDelta': 0.85, '0:q:q': 0.19, '1:atom_AtomicNumber:kDelta': 0.9, '1:atom_AtomicNumber_list_1:kConv': 0.9, '1:atom_AtomicNumber_list_2:kConv': 1.0, '1:atom_AtomicNumber_list_3:kConv': 0.95, '1:atom_AtomicNumber_list_4:kConv': 0.9, '1:atom_MorganHash:kDelta': 1.0, '1:atom_Ring_count:kDelta': 0.85, '1:atom_RingSize_list:kConv': 0.9, '1:atom_Hcount:kDelta': 0.85, '1:atom_AtomicNumber_count_1:kDelta': 0.75, '1:atom_AtomicNumber_count_2:kDelta': 0.8, '1:atom_Chiral:kDelta': 1.0, '1:bond_Order:kDelta': 0.95, '1:bond_Stereo:kDelta': 0.8, '1:bond_RingStereo:kDelta': 0.85, '1:q:q': 0.15000000000000002, '2:features_kernel:Matern32': 25.1, '3:features_kernel:Matern32': 17.1, '4:features_kernel:Matern32': 11.1, '5:features_kernel:Matern32': 17.1, '6:features_kernel:Matern32': 26.1, '7:features_kernel:Matern32': 11.1, '8:features_kernel:Matern32': 9.1, '9:features_kernel:Matern32': 2.1, '10:features_kernel:Matern32': 13.1, '11:features_kernel:Matern32': 22.1, '12:features_kernel:Matern32': 14.1, '13:features_kernel:Matern32': 3.1, '14:features_kernel:Matern32': 14.1, 'alpha': 0.062}. Best is trial 27 with value: 2.2146825566227384.
/gpfs_common/share03/ddomlab/sdehgha2/working_space/GP_collab/code_python/training/MGK_and_tools/mgktools/mgktools/kernels/base.py:225: UserWarning: The distribution is specified by [0.1, 30] and step=1, but the range is not divisible by `step`. It will be replaced with [0.1, 29.1].
  self.unique_name: trial.suggest_float(
[I 2026-04-22 00:32:03,362] Trial 31 finished with value: 2.2422544497269494 and parameters: {'0:atom_AtomicNumber:kDelta': 0.85, '0:atom_AtomicNumber_list_1:kConv': 0.8, '0:atom_AtomicNumber_list_2:kConv': 0.95, '0:atom_AtomicNumber_list_3:kConv': 0.85, '0:atom_AtomicNumber_list_4:kConv': 0.95, '0:atom_MorganHash:kDelta': 0.8, '0:atom_Ring_count:kDelta': 0.9, '0:atom_RingSize_list:kConv': 0.75, '0:atom_Hcount:kDelta': 1.0, '0:atom_AtomicNumber_count_1:kDelta': 0.9, '0:atom_AtomicNumber_count_2:kDelta': 1.0, '0:atom_Chiral:kDelta': 0.75, '0:bond_Order:kDelta': 0.75, '0:bond_Stereo:kDelta': 0.8, '0:bond_RingStereo:kDelta': 0.85, '0:q:q': 0.18000000000000002, '1:atom_AtomicNumber:kDelta': 0.85, '1:atom_AtomicNumber_list_1:kConv': 0.85, '1:atom_AtomicNumber_list_2:kConv': 1.0, '1:atom_AtomicNumber_list_3:kConv': 1.0, '1:atom_AtomicNumber_list_4:kConv': 0.9, '1:atom_MorganHash:kDelta': 1.0, '1:atom_Ring_count:kDelta': 0.95, '1:atom_RingSize_list:kConv': 0.9, '1:atom_Hcount:kDelta': 0.85, '1:atom_AtomicNumber_count_1:kDelta': 0.75, '1:atom_AtomicNumber_count_2:kDelta': 0.8, '1:atom_Chiral:kDelta': 1.0, '1:bond_Order:kDelta': 0.95, '1:bond_Stereo:kDelta': 0.8, '1:bond_RingStereo:kDelta': 0.85, '1:q:q': 0.060000000000000005, '2:features_kernel:Matern32': 25.1, '3:features_kernel:Matern32': 2.1, '4:features_kernel:Matern32': 6.1, '5:features_kernel:Matern32': 14.1, '6:features_kernel:Matern32': 16.1, '7:features_kernel:Matern32': 10.1, '8:features_kernel:Matern32': 10.1, '9:features_kernel:Matern32': 6.1, '10:features_kernel:Matern32': 8.1, '11:features_kernel:Matern32': 25.1, '12:features_kernel:Matern32': 19.1, '13:features_kernel:Matern32': 3.1, '14:features_kernel:Matern32': 11.1, 'alpha': 0.030000000000000002}. Best is trial 27 with value: 2.2146825566227384.
/gpfs_common/share03/ddomlab/sdehgha2/working_space/GP_collab/code_python/training/MGK_and_tools/mgktools/mgktools/kernels/base.py:225: UserWarning: The distribution is specified by [0.1, 30] and step=1, but the range is not divisible by `step`. It will be replaced with [0.1, 29.1].
  self.unique_name: trial.suggest_float(
[I 2026-04-22 00:32:45,858] Trial 32 finished with value: 2.2252547469309087 and parameters: {'0:atom_AtomicNumber:kDelta': 0.9, '0:atom_AtomicNumber_list_1:kConv': 0.8, '0:atom_AtomicNumber_list_2:kConv': 0.85, '0:atom_AtomicNumber_list_3:kConv': 0.85, '0:atom_AtomicNumber_list_4:kConv': 0.9, '0:atom_MorganHash:kDelta': 0.75, '0:atom_Ring_count:kDelta': 0.9, '0:atom_RingSize_list:kConv': 0.75, '0:atom_Hcount:kDelta': 0.95, '0:atom_AtomicNumber_count_1:kDelta': 1.0, '0:atom_AtomicNumber_count_2:kDelta': 0.9, '0:atom_Chiral:kDelta': 0.8, '0:bond_Order:kDelta': 0.8, '0:bond_Stereo:kDelta': 0.8, '0:bond_RingStereo:kDelta': 0.9, '0:q:q': 0.26, '1:atom_AtomicNumber:kDelta': 0.95, '1:atom_AtomicNumber_list_1:kConv': 0.85, '1:atom_AtomicNumber_list_2:kConv': 1.0, '1:atom_AtomicNumber_list_3:kConv': 1.0, '1:atom_AtomicNumber_list_4:kConv': 0.85, '1:atom_MorganHash:kDelta': 0.9, '1:atom_Ring_count:kDelta': 0.9, '1:atom_RingSize_list:kConv': 0.8, '1:atom_Hcount:kDelta': 0.85, '1:atom_AtomicNumber_count_1:kDelta': 0.75, '1:atom_AtomicNumber_count_2:kDelta': 0.85, '1:atom_Chiral:kDelta': 1.0, '1:bond_Order:kDelta': 0.95, '1:bond_Stereo:kDelta': 0.8, '1:bond_RingStereo:kDelta': 0.8, '1:q:q': 0.060000000000000005, '2:features_kernel:Matern32': 29.1, '3:features_kernel:Matern32': 3.1, '4:features_kernel:Matern32': 16.1, '5:features_kernel:Matern32': 22.1, '6:features_kernel:Matern32': 16.1, '7:features_kernel:Matern32': 8.1, '8:features_kernel:Matern32': 11.1, '9:features_kernel:Matern32': 6.1, '10:features_kernel:Matern32': 7.1, '11:features_kernel:Matern32': 24.1, '12:features_kernel:Matern32': 20.1, '13:features_kernel:Matern32': 9.1, '14:features_kernel:Matern32': 21.1, 'alpha': 0.043000000000000003}. Best is trial 27 with value: 2.2146825566227384.
/gpfs_common/share03/ddomlab/sdehgha2/working_space/GP_collab/code_python/training/MGK_and_tools/mgktools/mgktools/kernels/base.py:225: UserWarning: The distribution is specified by [0.1, 30] and step=1, but the range is not divisible by `step`. It will be replaced with [0.1, 29.1].
  self.unique_name: trial.suggest_float(
[I 2026-04-22 00:33:51,106] Trial 33 finished with value: 2.2097423018856435 and parameters: {'0:atom_AtomicNumber:kDelta': 0.9, '0:atom_AtomicNumber_list_1:kConv': 0.8, '0:atom_AtomicNumber_list_2:kConv': 0.85, '0:atom_AtomicNumber_list_3:kConv': 0.95, '0:atom_AtomicNumber_list_4:kConv': 0.9, '0:atom_MorganHash:kDelta': 0.75, '0:atom_Ring_count:kDelta': 0.9, '0:atom_RingSize_list:kConv': 0.85, '0:atom_Hcount:kDelta': 0.95, '0:atom_AtomicNumber_count_1:kDelta': 1.0, '0:atom_AtomicNumber_count_2:kDelta': 0.9, '0:atom_Chiral:kDelta': 0.8, '0:bond_Order:kDelta': 0.8, '0:bond_Stereo:kDelta': 0.8, '0:bond_RingStereo:kDelta': 0.9, '0:q:q': 0.26, '1:atom_AtomicNumber:kDelta': 0.95, '1:atom_AtomicNumber_list_1:kConv': 0.95, '1:atom_AtomicNumber_list_2:kConv': 1.0, '1:atom_AtomicNumber_list_3:kConv': 0.9, '1:atom_AtomicNumber_list_4:kConv': 0.85, '1:atom_MorganHash:kDelta': 0.9, '1:atom_Ring_count:kDelta': 0.9, '1:atom_RingSize_list:kConv': 0.8, '1:atom_Hcount:kDelta': 0.85, '1:atom_AtomicNumber_count_1:kDelta': 0.8, '1:atom_AtomicNumber_count_2:kDelta': 0.85, '1:atom_Chiral:kDelta': 0.9, '1:bond_Order:kDelta': 0.85, '1:bond_Stereo:kDelta': 0.8, '1:bond_RingStereo:kDelta': 0.8, '1:q:q': 0.060000000000000005, '2:features_kernel:Matern32': 29.1, '3:features_kernel:Matern32': 6.1, '4:features_kernel:Matern32': 16.1, '5:features_kernel:Matern32': 23.1, '6:features_kernel:Matern32': 21.1, '7:features_kernel:Matern32': 8.1, '8:features_kernel:Matern32': 10.1, '9:features_kernel:Matern32': 2.1, '10:features_kernel:Matern32': 2.1, '11:features_kernel:Matern32': 20.1, '12:features_kernel:Matern32': 20.1, '13:features_kernel:Matern32': 9.1, '14:features_kernel:Matern32': 21.1, 'alpha': 0.044000000000000004}. Best is trial 33 with value: 2.2097423018856435.
/gpfs_common/share03/ddomlab/sdehgha2/working_space/GP_collab/code_python/training/MGK_and_tools/mgktools/mgktools/kernels/base.py:225: UserWarning: The distribution is specified by [0.1, 30] and step=1, but the range is not divisible by `step`. It will be replaced with [0.1, 29.1].
  self.unique_name: trial.suggest_float(
[I 2026-04-22 00:34:10,733] Trial 34 finished with value: 2.252119165689113 and parameters: {'0:atom_AtomicNumber:kDelta': 0.95, '0:atom_AtomicNumber_list_1:kConv': 0.8, '0:atom_AtomicNumber_list_2:kConv': 0.85, '0:atom_AtomicNumber_list_3:kConv': 0.95, '0:atom_AtomicNumber_list_4:kConv': 0.85, '0:atom_MorganHash:kDelta': 0.75, '0:atom_Ring_count:kDelta': 1.0, '0:atom_RingSize_list:kConv': 0.85, '0:atom_Hcount:kDelta': 0.95, '0:atom_AtomicNumber_count_1:kDelta': 0.95, '0:atom_AtomicNumber_count_2:kDelta': 0.95, '0:atom_Chiral:kDelta': 0.85, '0:bond_Order:kDelta': 0.8, '0:bond_Stereo:kDelta': 0.85, '0:bond_RingStereo:kDelta': 0.9, '0:q:q': 0.35000000000000003, '1:atom_AtomicNumber:kDelta': 0.95, '1:atom_AtomicNumber_list_1:kConv': 0.95, '1:atom_AtomicNumber_list_2:kConv': 1.0, '1:atom_AtomicNumber_list_3:kConv': 0.95, '1:atom_AtomicNumber_list_4:kConv': 0.85, '1:atom_MorganHash:kDelta': 0.9, '1:atom_Ring_count:kDelta': 0.95, '1:atom_RingSize_list:kConv': 0.85, '1:atom_Hcount:kDelta': 0.9, '1:atom_AtomicNumber_count_1:kDelta': 0.8, '1:atom_AtomicNumber_count_2:kDelta': 0.85, '1:atom_Chiral:kDelta': 0.9, '1:bond_Order:kDelta': 0.85, '1:bond_Stereo:kDelta': 0.85, '1:bond_RingStereo:kDelta': 0.8, '1:q:q': 0.11, '2:features_kernel:Matern32': 23.1, '3:features_kernel:Matern32': 6.1, '4:features_kernel:Matern32': 18.1, '5:features_kernel:Matern32': 20.1, '6:features_kernel:Matern32': 29.1, '7:features_kernel:Matern32': 12.1, '8:features_kernel:Matern32': 14.1, '9:features_kernel:Matern32': 13.1, '10:features_kernel:Matern32': 3.1, '11:features_kernel:Matern32': 20.1, '12:features_kernel:Matern32': 16.1, '13:features_kernel:Matern32': 14.1, '14:features_kernel:Matern32': 16.1, 'alpha': 0.043000000000000003}. Best is trial 33 with value: 2.2097423018856435.
/gpfs_common/share03/ddomlab/sdehgha2/working_space/GP_collab/code_python/training/MGK_and_tools/mgktools/mgktools/kernels/base.py:225: UserWarning: The distribution is specified by [0.1, 30] and step=1, but the range is not divisible by `step`. It will be replaced with [0.1, 29.1].
  self.unique_name: trial.suggest_float(
[I 2026-04-22 00:35:28,296] Trial 35 finished with value: 2.236664109232665 and parameters: {'0:atom_AtomicNumber:kDelta': 0.95, '0:atom_AtomicNumber_list_1:kConv': 0.8, '0:atom_AtomicNumber_list_2:kConv': 0.85, '0:atom_AtomicNumber_list_3:kConv': 0.95, '0:atom_AtomicNumber_list_4:kConv': 0.85, '0:atom_MorganHash:kDelta': 0.8, '0:atom_Ring_count:kDelta': 0.9, '0:atom_RingSize_list:kConv': 0.85, '0:atom_Hcount:kDelta': 0.9, '0:atom_AtomicNumber_count_1:kDelta': 1.0, '0:atom_AtomicNumber_count_2:kDelta': 0.95, '0:atom_Chiral:kDelta': 0.8, '0:bond_Order:kDelta': 0.9, '0:bond_Stereo:kDelta': 0.75, '0:bond_RingStereo:kDelta': 0.9, '0:q:q': 0.35000000000000003, '1:atom_AtomicNumber:kDelta': 0.95, '1:atom_AtomicNumber_list_1:kConv': 0.95, '1:atom_AtomicNumber_list_2:kConv': 1.0, '1:atom_AtomicNumber_list_3:kConv': 0.85, '1:atom_AtomicNumber_list_4:kConv': 0.85, '1:atom_MorganHash:kDelta': 0.9, '1:atom_Ring_count:kDelta': 0.95, '1:atom_RingSize_list:kConv': 0.95, '1:atom_Hcount:kDelta': 0.8, '1:atom_AtomicNumber_count_1:kDelta': 0.8, '1:atom_AtomicNumber_count_2:kDelta': 0.85, '1:atom_Chiral:kDelta': 0.95, '1:bond_Order:kDelta': 0.85, '1:bond_Stereo:kDelta': 0.75, '1:bond_RingStereo:kDelta': 0.8, '1:q:q': 0.11, '2:features_kernel:Matern32': 27.1, '3:features_kernel:Matern32': 11.1, '4:features_kernel:Matern32': 17.1, '5:features_kernel:Matern32': 21.1, '6:features_kernel:Matern32': 29.1, '7:features_kernel:Matern32': 12.1, '8:features_kernel:Matern32': 5.1, '9:features_kernel:Matern32': 12.1, '10:features_kernel:Matern32': 4.1, '11:features_kernel:Matern32': 27.1, '12:features_kernel:Matern32': 17.1, '13:features_kernel:Matern32': 12.1, '14:features_kernel:Matern32': 15.1, 'alpha': 0.052000000000000005}. Best is trial 33 with value: 2.2097423018856435.
/gpfs_common/share03/ddomlab/sdehgha2/working_space/GP_collab/code_python/training/MGK_and_tools/mgktools/mgktools/kernels/base.py:225: UserWarning: The distribution is specified by [0.1, 30] and step=1, but the range is not divisible by `step`. It will be replaced with [0.1, 29.1].
  self.unique_name: trial.suggest_float(
[I 2026-04-22 00:35:46,280] Trial 36 finished with value: 2.500160776637603 and parameters: {'0:atom_AtomicNumber:kDelta': 1.0, '0:atom_AtomicNumber_list_1:kConv': 0.75, '0:atom_AtomicNumber_list_2:kConv': 0.9, '0:atom_AtomicNumber_list_3:kConv': 0.9, '0:atom_AtomicNumber_list_4:kConv': 0.75, '0:atom_MorganHash:kDelta': 0.8, '0:atom_Ring_count:kDelta': 0.9, '0:atom_RingSize_list:kConv': 0.85, '0:atom_Hcount:kDelta': 0.85, '0:atom_AtomicNumber_count_1:kDelta': 1.0, '0:atom_AtomicNumber_count_2:kDelta': 0.9, '0:atom_Chiral:kDelta': 0.8, '0:bond_Order:kDelta': 0.9, '0:bond_Stereo:kDelta': 0.75, '0:bond_RingStereo:kDelta': 0.9, '0:q:q': 0.42000000000000004, '1:atom_AtomicNumber:kDelta': 0.95, '1:atom_AtomicNumber_list_1:kConv': 0.9, '1:atom_AtomicNumber_list_2:kConv': 1.0, '1:atom_AtomicNumber_list_3:kConv': 0.85, '1:atom_AtomicNumber_list_4:kConv': 0.8, '1:atom_MorganHash:kDelta': 0.9, '1:atom_Ring_count:kDelta': 0.95, '1:atom_RingSize_list:kConv': 0.95, '1:atom_Hcount:kDelta': 0.8, '1:atom_AtomicNumber_count_1:kDelta': 0.75, '1:atom_AtomicNumber_count_2:kDelta': 0.85, '1:atom_Chiral:kDelta': 0.95, '1:bond_Order:kDelta': 1.0, '1:bond_Stereo:kDelta': 0.75, '1:bond_RingStereo:kDelta': 0.9, '1:q:q': 0.01, '2:features_kernel:Matern32': 27.1, '3:features_kernel:Matern32': 11.1, '4:features_kernel:Matern32': 15.1, '5:features_kernel:Matern32': 22.1, '6:features_kernel:Matern32': 20.1, '7:features_kernel:Matern32': 9.1, '8:features_kernel:Matern32': 5.1, '9:features_kernel:Matern32': 7.1, '10:features_kernel:Matern32': 0.1, '11:features_kernel:Matern32': 20.1, '12:features_kernel:Matern32': 24.1, '13:features_kernel:Matern32': 0.1, '14:features_kernel:Matern32': 18.1, 'alpha': 0.054}. Best is trial 33 with value: 2.2097423018856435.
/gpfs_common/share03/ddomlab/sdehgha2/working_space/GP_collab/code_python/training/MGK_and_tools/mgktools/mgktools/kernels/base.py:225: UserWarning: The distribution is specified by [0.1, 30] and step=1, but the range is not divisible by `step`. It will be replaced with [0.1, 29.1].
  self.unique_name: trial.suggest_float(
[I 2026-04-22 00:37:12,283] Trial 37 finished with value: 2.427142847118385 and parameters: {'0:atom_AtomicNumber:kDelta': 0.9, '0:atom_AtomicNumber_list_1:kConv': 0.75, '0:atom_AtomicNumber_list_2:kConv': 0.9, '0:atom_AtomicNumber_list_3:kConv': 0.9, '0:atom_AtomicNumber_list_4:kConv': 0.75, '0:atom_MorganHash:kDelta': 0.8, '0:atom_Ring_count:kDelta': 0.9, '0:atom_RingSize_list:kConv': 0.8, '0:atom_Hcount:kDelta': 0.85, '0:atom_AtomicNumber_count_1:kDelta': 0.95, '0:atom_AtomicNumber_count_2:kDelta': 0.9, '0:atom_Chiral:kDelta': 0.8, '0:bond_Order:kDelta': 0.8, '0:bond_Stereo:kDelta': 0.8, '0:bond_RingStereo:kDelta': 0.8, '0:q:q': 0.38, '1:atom_AtomicNumber:kDelta': 0.9, '1:atom_AtomicNumber_list_1:kConv': 0.9, '1:atom_AtomicNumber_list_2:kConv': 1.0, '1:atom_AtomicNumber_list_3:kConv': 0.9, '1:atom_AtomicNumber_list_4:kConv': 0.8, '1:atom_MorganHash:kDelta': 0.95, '1:atom_Ring_count:kDelta': 0.9, '1:atom_RingSize_list:kConv': 0.85, '1:atom_Hcount:kDelta': 0.85, '1:atom_AtomicNumber_count_1:kDelta': 0.75, '1:atom_AtomicNumber_count_2:kDelta': 0.8, '1:atom_Chiral:kDelta': 0.95, '1:bond_Order:kDelta': 1.0, '1:bond_Stereo:kDelta': 0.8, '1:bond_RingStereo:kDelta': 0.75, '1:q:q': 0.060000000000000005, '2:features_kernel:Matern32': 28.1, '3:features_kernel:Matern32': 23.1, '4:features_kernel:Matern32': 4.1, '5:features_kernel:Matern32': 14.1, '6:features_kernel:Matern32': 20.1, '7:features_kernel:Matern32': 7.1, '8:features_kernel:Matern32': 16.1, '9:features_kernel:Matern32': 2.1, '10:features_kernel:Matern32': 0.1, '11:features_kernel:Matern32': 20.1, '12:features_kernel:Matern32': 25.1, '13:features_kernel:Matern32': 4.1, '14:features_kernel:Matern32': 19.1, 'alpha': 0.054}. Best is trial 33 with value: 2.2097423018856435.
/gpfs_common/share03/ddomlab/sdehgha2/working_space/GP_collab/code_python/training/MGK_and_tools/mgktools/mgktools/kernels/base.py:225: UserWarning: The distribution is specified by [0.1, 30] and step=1, but the range is not divisible by `step`. It will be replaced with [0.1, 29.1].
  self.unique_name: trial.suggest_float(
[I 2026-04-22 00:37:19,832] Trial 38 finished with value: 2.2224760406217023 and parameters: {'0:atom_AtomicNumber:kDelta': 0.9, '0:atom_AtomicNumber_list_1:kConv': 0.75, '0:atom_AtomicNumber_list_2:kConv': 0.85, '0:atom_AtomicNumber_list_3:kConv': 0.8, '0:atom_AtomicNumber_list_4:kConv': 0.9, '0:atom_MorganHash:kDelta': 0.95, '0:atom_Ring_count:kDelta': 0.85, '0:atom_RingSize_list:kConv': 0.8, '0:atom_Hcount:kDelta': 1.0, '0:atom_AtomicNumber_count_1:kDelta': 0.95, '0:atom_AtomicNumber_count_2:kDelta': 0.95, '0:atom_Chiral:kDelta': 0.75, '0:bond_Order:kDelta': 0.8, '0:bond_Stereo:kDelta': 0.8, '0:bond_RingStereo:kDelta': 0.8, '0:q:q': 0.25, '1:atom_AtomicNumber:kDelta': 0.9, '1:atom_AtomicNumber_list_1:kConv': 0.9, '1:atom_AtomicNumber_list_2:kConv': 1.0, '1:atom_AtomicNumber_list_3:kConv': 0.9, '1:atom_AtomicNumber_list_4:kConv': 0.85, '1:atom_MorganHash:kDelta': 0.95, '1:atom_Ring_count:kDelta': 0.9, '1:atom_RingSize_list:kConv': 0.85, '1:atom_Hcount:kDelta': 0.85, '1:atom_AtomicNumber_count_1:kDelta': 0.85, '1:atom_AtomicNumber_count_2:kDelta': 0.8, '1:atom_Chiral:kDelta': 0.9, '1:bond_Order:kDelta': 0.8, '1:bond_Stereo:kDelta': 0.8, '1:bond_RingStereo:kDelta': 0.75, '1:q:q': 0.06999999999999999, '2:features_kernel:Matern32': 29.1, '3:features_kernel:Matern32': 22.1, '4:features_kernel:Matern32': 8.1, '5:features_kernel:Matern32': 8.1, '6:features_kernel:Matern32': 27.1, '7:features_kernel:Matern32': 14.1, '8:features_kernel:Matern32': 16.1, '9:features_kernel:Matern32': 2.1, '10:features_kernel:Matern32': 25.1, '11:features_kernel:Matern32': 20.1, '12:features_kernel:Matern32': 19.1, '13:features_kernel:Matern32': 18.1, '14:features_kernel:Matern32': 11.1, 'alpha': 0.030000000000000002}. Best is trial 33 with value: 2.2097423018856435.
/gpfs_common/share03/ddomlab/sdehgha2/working_space/GP_collab/code_python/training/MGK_and_tools/mgktools/mgktools/kernels/base.py:225: UserWarning: The distribution is specified by [0.1, 30] and step=1, but the range is not divisible by `step`. It will be replaced with [0.1, 29.1].
  self.unique_name: trial.suggest_float(
