[I 2026-04-22 00:54:23,783] Trial 59 finished with value: 2.192385438142115 and parameters: {'0:atom_AtomicNumber:kDelta': 1.0, '0:atom_AtomicNumber_list_1:kConv': 0.75, '0:atom_AtomicNumber_list_2:kConv': 0.75, '0:atom_AtomicNumber_list_3:kConv': 0.75, '0:atom_AtomicNumber_list_4:kConv': 0.8, '0:atom_MorganHash:kDelta': 1.0, '0:atom_Ring_count:kDelta': 0.75, '0:atom_RingSize_list:kConv': 0.75, '0:atom_Hcount:kDelta': 0.95, '0:atom_AtomicNumber_count_1:kDelta': 1.0, '0:atom_AtomicNumber_count_2:kDelta': 0.75, '0:atom_Chiral:kDelta': 0.95, '0:bond_Order:kDelta': 0.75, '0:bond_Stereo:kDelta': 0.95, '0:bond_RingStereo:kDelta': 0.75, '0:q:q': 0.38, '1:atom_AtomicNumber:kDelta': 0.85, '1:atom_AtomicNumber_list_1:kConv': 0.75, '1:atom_AtomicNumber_list_2:kConv': 0.75, '1:atom_AtomicNumber_list_3:kConv': 0.95, '1:atom_AtomicNumber_list_4:kConv': 0.75, '1:atom_MorganHash:kDelta': 0.8, '1:atom_Ring_count:kDelta': 0.75, '1:atom_RingSize_list:kConv': 1.0, '1:atom_Hcount:kDelta': 0.75, '1:atom_AtomicNumber_count_1:kDelta': 0.75, '1:atom_AtomicNumber_count_2:kDelta': 0.75, '1:atom_Chiral:kDelta': 1.0, '1:bond_Order:kDelta': 0.75, '1:bond_Stereo:kDelta': 0.75, '1:bond_RingStereo:kDelta': 0.95, '1:q:q': 0.25, '2:features_kernel:Matern32': 6.1, '3:features_kernel:Matern32': 3.1, '4:features_kernel:Matern32': 27.1, '5:features_kernel:Matern32': 27.1, '6:features_kernel:Matern32': 29.1, '7:features_kernel:Matern32': 27.1, '8:features_kernel:Matern32': 2.1, '9:features_kernel:Matern32': 15.1, '10:features_kernel:Matern32': 1.1, '11:features_kernel:Matern32': 11.1, '12:features_kernel:Matern32': 27.1, '13:features_kernel:Matern32': 7.1, '14:features_kernel:Matern32': 5.1, 'alpha': 0.091}. Best is trial 57 with value: 2.1703276939446647.
/gpfs_common/share03/ddomlab/sdehgha2/working_space/GP_collab/code_python/training/MGK_and_tools/mgktools/mgktools/kernels/base.py:225: UserWarning: The distribution is specified by [0.1, 30] and step=1, but the range is not divisible by `step`. It will be replaced with [0.1, 29.1].
  self.unique_name: trial.suggest_float(
[I 2026-04-22 00:55:15,729] Trial 60 finished with value: 2.190546501536291 and parameters: {'0:atom_AtomicNumber:kDelta': 1.0, '0:atom_AtomicNumber_list_1:kConv': 0.75, '0:atom_AtomicNumber_list_2:kConv': 0.75, '0:atom_AtomicNumber_list_3:kConv': 0.8, '0:atom_AtomicNumber_list_4:kConv': 0.8, '0:atom_MorganHash:kDelta': 1.0, '0:atom_Ring_count:kDelta': 0.75, '0:atom_RingSize_list:kConv': 0.75, '0:atom_Hcount:kDelta': 1.0, '0:atom_AtomicNumber_count_1:kDelta': 1.0, '0:atom_AtomicNumber_count_2:kDelta': 0.75, '0:atom_Chiral:kDelta': 0.95, '0:bond_Order:kDelta': 0.75, '0:bond_Stereo:kDelta': 0.95, '0:bond_RingStereo:kDelta': 0.75, '0:q:q': 0.39, '1:atom_AtomicNumber:kDelta': 0.85, '1:atom_AtomicNumber_list_1:kConv': 0.75, '1:atom_AtomicNumber_list_2:kConv': 0.75, '1:atom_AtomicNumber_list_3:kConv': 1.0, '1:atom_AtomicNumber_list_4:kConv': 0.75, '1:atom_MorganHash:kDelta': 0.8, '1:atom_Ring_count:kDelta': 0.75, '1:atom_RingSize_list:kConv': 1.0, '1:atom_Hcount:kDelta': 0.75, '1:atom_AtomicNumber_count_1:kDelta': 0.75, '1:atom_AtomicNumber_count_2:kDelta': 0.75, '1:atom_Chiral:kDelta': 1.0, '1:bond_Order:kDelta': 0.75, '1:bond_Stereo:kDelta': 0.75, '1:bond_RingStereo:kDelta': 1.0, '1:q:q': 0.26, '2:features_kernel:Matern32': 6.1, '3:features_kernel:Matern32': 3.1, '4:features_kernel:Matern32': 26.1, '5:features_kernel:Matern32': 27.1, '6:features_kernel:Matern32': 29.1, '7:features_kernel:Matern32': 27.1, '8:features_kernel:Matern32': 2.1, '9:features_kernel:Matern32': 11.1, '10:features_kernel:Matern32': 1.1, '11:features_kernel:Matern32': 11.1, '12:features_kernel:Matern32': 28.1, '13:features_kernel:Matern32': 7.1, '14:features_kernel:Matern32': 5.1, 'alpha': 0.091}. Best is trial 57 with value: 2.1703276939446647.
/gpfs_common/share03/ddomlab/sdehgha2/working_space/GP_collab/code_python/training/MGK_and_tools/mgktools/mgktools/kernels/base.py:225: UserWarning: The distribution is specified by [0.1, 30] and step=1, but the range is not divisible by `step`. It will be replaced with [0.1, 29.1].
  self.unique_name: trial.suggest_float(
[I 2026-04-22 00:55:33,425] Trial 61 finished with value: 2.1861044736171142 and parameters: {'0:atom_AtomicNumber:kDelta': 1.0, '0:atom_AtomicNumber_list_1:kConv': 0.75, '0:atom_AtomicNumber_list_2:kConv': 0.75, '0:atom_AtomicNumber_list_3:kConv': 0.8, '0:atom_AtomicNumber_list_4:kConv': 0.8, '0:atom_MorganHash:kDelta': 1.0, '0:atom_Ring_count:kDelta': 0.75, '0:atom_RingSize_list:kConv': 0.75, '0:atom_Hcount:kDelta': 1.0, '0:atom_AtomicNumber_count_1:kDelta': 1.0, '0:atom_AtomicNumber_count_2:kDelta': 0.8, '0:atom_Chiral:kDelta': 0.95, '0:bond_Order:kDelta': 0.75, '0:bond_Stereo:kDelta': 0.95, '0:bond_RingStereo:kDelta': 0.75, '0:q:q': 0.39, '1:atom_AtomicNumber:kDelta': 0.85, '1:atom_AtomicNumber_list_1:kConv': 0.8, '1:atom_AtomicNumber_list_2:kConv': 0.75, '1:atom_AtomicNumber_list_3:kConv': 1.0, '1:atom_AtomicNumber_list_4:kConv': 0.75, '1:atom_MorganHash:kDelta': 0.75, '1:atom_Ring_count:kDelta': 0.75, '1:atom_RingSize_list:kConv': 1.0, '1:atom_Hcount:kDelta': 0.75, '1:atom_AtomicNumber_count_1:kDelta': 0.75, '1:atom_AtomicNumber_count_2:kDelta': 0.75, '1:atom_Chiral:kDelta': 1.0, '1:bond_Order:kDelta': 0.75, '1:bond_Stereo:kDelta': 0.75, '1:bond_RingStereo:kDelta': 0.95, '1:q:q': 0.27, '2:features_kernel:Matern32': 8.1, '3:features_kernel:Matern32': 4.1, '4:features_kernel:Matern32': 27.1, '5:features_kernel:Matern32': 26.1, '6:features_kernel:Matern32': 29.1, '7:features_kernel:Matern32': 27.1, '8:features_kernel:Matern32': 2.1, '9:features_kernel:Matern32': 16.1, '10:features_kernel:Matern32': 1.1, '11:features_kernel:Matern32': 5.1, '12:features_kernel:Matern32': 28.1, '13:features_kernel:Matern32': 7.1, '14:features_kernel:Matern32': 5.1, 'alpha': 0.08700000000000001}. Best is trial 57 with value: 2.1703276939446647.
/gpfs_common/share03/ddomlab/sdehgha2/working_space/GP_collab/code_python/training/MGK_and_tools/mgktools/mgktools/kernels/base.py:225: UserWarning: The distribution is specified by [0.1, 30] and step=1, but the range is not divisible by `step`. It will be replaced with [0.1, 29.1].
  self.unique_name: trial.suggest_float(
[I 2026-04-22 00:56:43,957] Trial 63 finished with value: 2.1859933429285894 and parameters: {'0:atom_AtomicNumber:kDelta': 1.0, '0:atom_AtomicNumber_list_1:kConv': 0.75, '0:atom_AtomicNumber_list_2:kConv': 0.75, '0:atom_AtomicNumber_list_3:kConv': 0.8, '0:atom_AtomicNumber_list_4:kConv': 0.8, '0:atom_MorganHash:kDelta': 1.0, '0:atom_Ring_count:kDelta': 0.75, '0:atom_RingSize_list:kConv': 0.75, '0:atom_Hcount:kDelta': 1.0, '0:atom_AtomicNumber_count_1:kDelta': 1.0, '0:atom_AtomicNumber_count_2:kDelta': 0.75, '0:atom_Chiral:kDelta': 0.95, '0:bond_Order:kDelta': 0.75, '0:bond_Stereo:kDelta': 0.95, '0:bond_RingStereo:kDelta': 0.75, '0:q:q': 0.41000000000000003, '1:atom_AtomicNumber:kDelta': 0.85, '1:atom_AtomicNumber_list_1:kConv': 0.8, '1:atom_AtomicNumber_list_2:kConv': 0.75, '1:atom_AtomicNumber_list_3:kConv': 1.0, '1:atom_AtomicNumber_list_4:kConv': 0.75, '1:atom_MorganHash:kDelta': 0.75, '1:atom_Ring_count:kDelta': 0.75, '1:atom_RingSize_list:kConv': 1.0, '1:atom_Hcount:kDelta': 0.75, '1:atom_AtomicNumber_count_1:kDelta': 0.75, '1:atom_AtomicNumber_count_2:kDelta': 0.75, '1:atom_Chiral:kDelta': 1.0, '1:bond_Order:kDelta': 0.75, '1:bond_Stereo:kDelta': 0.75, '1:bond_RingStereo:kDelta': 1.0, '1:q:q': 0.25, '2:features_kernel:Matern32': 9.1, '3:features_kernel:Matern32': 4.1, '4:features_kernel:Matern32': 27.1, '5:features_kernel:Matern32': 26.1, '6:features_kernel:Matern32': 29.1, '7:features_kernel:Matern32': 28.1, '8:features_kernel:Matern32': 1.1, '9:features_kernel:Matern32': 14.1, '10:features_kernel:Matern32': 1.1, '11:features_kernel:Matern32': 5.1, '12:features_kernel:Matern32': 28.1, '13:features_kernel:Matern32': 7.1, '14:features_kernel:Matern32': 5.1, 'alpha': 0.099}. Best is trial 57 with value: 2.1703276939446647.
/gpfs_common/share03/ddomlab/sdehgha2/working_space/GP_collab/code_python/training/MGK_and_tools/mgktools/mgktools/kernels/base.py:225: UserWarning: The distribution is specified by [0.1, 30] and step=1, but the range is not divisible by `step`. It will be replaced with [0.1, 29.1].
  self.unique_name: trial.suggest_float(
[I 2026-04-22 00:57:12,930] Trial 62 finished with value: 2.1893761578835167 and parameters: {'0:atom_AtomicNumber:kDelta': 1.0, '0:atom_AtomicNumber_list_1:kConv': 0.75, '0:atom_AtomicNumber_list_2:kConv': 0.75, '0:atom_AtomicNumber_list_3:kConv': 0.75, '0:atom_AtomicNumber_list_4:kConv': 0.8, '0:atom_MorganHash:kDelta': 1.0, '0:atom_Ring_count:kDelta': 0.75, '0:atom_RingSize_list:kConv': 0.75, '0:atom_Hcount:kDelta': 1.0, '0:atom_AtomicNumber_count_1:kDelta': 1.0, '0:atom_AtomicNumber_count_2:kDelta': 0.8, '0:atom_Chiral:kDelta': 0.95, '0:bond_Order:kDelta': 0.75, '0:bond_Stereo:kDelta': 0.95, '0:bond_RingStereo:kDelta': 0.75, '0:q:q': 0.39, '1:atom_AtomicNumber:kDelta': 0.85, '1:atom_AtomicNumber_list_1:kConv': 0.8, '1:atom_AtomicNumber_list_2:kConv': 0.75, '1:atom_AtomicNumber_list_3:kConv': 1.0, '1:atom_AtomicNumber_list_4:kConv': 0.75, '1:atom_MorganHash:kDelta': 0.8, '1:atom_Ring_count:kDelta': 0.75, '1:atom_RingSize_list:kConv': 1.0, '1:atom_Hcount:kDelta': 0.75, '1:atom_AtomicNumber_count_1:kDelta': 0.75, '1:atom_AtomicNumber_count_2:kDelta': 0.75, '1:atom_Chiral:kDelta': 1.0, '1:bond_Order:kDelta': 0.75, '1:bond_Stereo:kDelta': 0.75, '1:bond_RingStereo:kDelta': 0.95, '1:q:q': 0.25, '2:features_kernel:Matern32': 8.1, '3:features_kernel:Matern32': 4.1, '4:features_kernel:Matern32': 27.1, '5:features_kernel:Matern32': 26.1, '6:features_kernel:Matern32': 29.1, '7:features_kernel:Matern32': 27.1, '8:features_kernel:Matern32': 2.1, '9:features_kernel:Matern32': 11.1, '10:features_kernel:Matern32': 1.1, '11:features_kernel:Matern32': 5.1, '12:features_kernel:Matern32': 28.1, '13:features_kernel:Matern32': 7.1, '14:features_kernel:Matern32': 5.1, 'alpha': 0.1}. Best is trial 57 with value: 2.1703276939446647.
/gpfs_common/share03/ddomlab/sdehgha2/working_space/GP_collab/code_python/training/MGK_and_tools/mgktools/mgktools/kernels/base.py:225: UserWarning: The distribution is specified by [0.1, 30] and step=1, but the range is not divisible by `step`. It will be replaced with [0.1, 29.1].
  self.unique_name: trial.suggest_float(
[I 2026-04-22 00:57:53,355] Trial 64 finished with value: 2.1854543680220524 and parameters: {'0:atom_AtomicNumber:kDelta': 1.0, '0:atom_AtomicNumber_list_1:kConv': 0.75, '0:atom_AtomicNumber_list_2:kConv': 0.75, '0:atom_AtomicNumber_list_3:kConv': 0.8, '0:atom_AtomicNumber_list_4:kConv': 0.8, '0:atom_MorganHash:kDelta': 1.0, '0:atom_Ring_count:kDelta': 0.75, '0:atom_RingSize_list:kConv': 0.75, '0:atom_Hcount:kDelta': 1.0, '0:atom_AtomicNumber_count_1:kDelta': 1.0, '0:atom_AtomicNumber_count_2:kDelta': 0.75, '0:atom_Chiral:kDelta': 0.95, '0:bond_Order:kDelta': 0.75, '0:bond_Stereo:kDelta': 1.0, '0:bond_RingStereo:kDelta': 0.75, '0:q:q': 0.43, '1:atom_AtomicNumber:kDelta': 0.85, '1:atom_AtomicNumber_list_1:kConv': 0.8, '1:atom_AtomicNumber_list_2:kConv': 0.75, '1:atom_AtomicNumber_list_3:kConv': 1.0, '1:atom_AtomicNumber_list_4:kConv': 0.75, '1:atom_MorganHash:kDelta': 0.75, '1:atom_Ring_count:kDelta': 0.75, '1:atom_RingSize_list:kConv': 1.0, '1:atom_Hcount:kDelta': 0.75, '1:atom_AtomicNumber_count_1:kDelta': 0.75, '1:atom_AtomicNumber_count_2:kDelta': 0.75, '1:atom_Chiral:kDelta': 1.0, '1:bond_Order:kDelta': 0.75, '1:bond_Stereo:kDelta': 0.75, '1:bond_RingStereo:kDelta': 1.0, '1:q:q': 0.26, '2:features_kernel:Matern32': 8.1, '3:features_kernel:Matern32': 4.1, '4:features_kernel:Matern32': 27.1, '5:features_kernel:Matern32': 26.1, '6:features_kernel:Matern32': 29.1, '7:features_kernel:Matern32': 28.1, '8:features_kernel:Matern32': 1.1, '9:features_kernel:Matern32': 15.1, '10:features_kernel:Matern32': 1.1, '11:features_kernel:Matern32': 5.1, '12:features_kernel:Matern32': 28.1, '13:features_kernel:Matern32': 7.1, '14:features_kernel:Matern32': 5.1, 'alpha': 0.1}. Best is trial 57 with value: 2.1703276939446647.
/gpfs_common/share03/ddomlab/sdehgha2/working_space/GP_collab/code_python/training/MGK_and_tools/mgktools/mgktools/kernels/base.py:225: UserWarning: The distribution is specified by [0.1, 30] and step=1, but the range is not divisible by `step`. It will be replaced with [0.1, 29.1].
  self.unique_name: trial.suggest_float(
[I 2026-04-22 00:59:01,290] Trial 66 finished with value: 2.182288000598653 and parameters: {'0:atom_AtomicNumber:kDelta': 1.0, '0:atom_AtomicNumber_list_1:kConv': 0.75, '0:atom_AtomicNumber_list_2:kConv': 0.8, '0:atom_AtomicNumber_list_3:kConv': 0.8, '0:atom_AtomicNumber_list_4:kConv': 0.75, '0:atom_MorganHash:kDelta': 0.95, '0:atom_Ring_count:kDelta': 0.75, '0:atom_RingSize_list:kConv': 0.75, '0:atom_Hcount:kDelta': 1.0, '0:atom_AtomicNumber_count_1:kDelta': 1.0, '0:atom_AtomicNumber_count_2:kDelta': 0.8, '0:atom_Chiral:kDelta': 0.95, '0:bond_Order:kDelta': 1.0, '0:bond_Stereo:kDelta': 1.0, '0:bond_RingStereo:kDelta': 0.75, '0:q:q': 0.42000000000000004, '1:atom_AtomicNumber:kDelta': 0.8, '1:atom_AtomicNumber_list_1:kConv': 0.8, '1:atom_AtomicNumber_list_2:kConv': 0.8, '1:atom_AtomicNumber_list_3:kConv': 1.0, '1:atom_AtomicNumber_list_4:kConv': 0.75, '1:atom_MorganHash:kDelta': 0.75, '1:atom_Ring_count:kDelta': 0.75, '1:atom_RingSize_list:kConv': 1.0, '1:atom_Hcount:kDelta': 0.75, '1:atom_AtomicNumber_count_1:kDelta': 1.0, '1:atom_AtomicNumber_count_2:kDelta': 0.75, '1:atom_Chiral:kDelta': 1.0, '1:bond_Order:kDelta': 0.75, '1:bond_Stereo:kDelta': 0.75, '1:bond_RingStereo:kDelta': 1.0, '1:q:q': 0.31, '2:features_kernel:Matern32': 9.1, '3:features_kernel:Matern32': 5.1, '4:features_kernel:Matern32': 28.1, '5:features_kernel:Matern32': 24.1, '6:features_kernel:Matern32': 29.1, '7:features_kernel:Matern32': 29.1, '8:features_kernel:Matern32': 1.1, '9:features_kernel:Matern32': 16.1, '10:features_kernel:Matern32': 1.1, '11:features_kernel:Matern32': 5.1, '12:features_kernel:Matern32': 29.1, '13:features_kernel:Matern32': 7.1, '14:features_kernel:Matern32': 3.1, 'alpha': 0.1}. Best is trial 57 with value: 2.1703276939446647.
/gpfs_common/share03/ddomlab/sdehgha2/working_space/GP_collab/code_python/training/MGK_and_tools/mgktools/mgktools/kernels/base.py:225: UserWarning: The distribution is specified by [0.1, 30] and step=1, but the range is not divisible by `step`. It will be replaced with [0.1, 29.1].
  self.unique_name: trial.suggest_float(
[I 2026-04-22 00:59:02,916] Trial 65 finished with value: 2.1752176955369644 and parameters: {'0:atom_AtomicNumber:kDelta': 1.0, '0:atom_AtomicNumber_list_1:kConv': 0.75, '0:atom_AtomicNumber_list_2:kConv': 0.75, '0:atom_AtomicNumber_list_3:kConv': 0.8, '0:atom_AtomicNumber_list_4:kConv': 0.75, '0:atom_MorganHash:kDelta': 0.95, '0:atom_Ring_count:kDelta': 0.75, '0:atom_RingSize_list:kConv': 0.75, '0:atom_Hcount:kDelta': 1.0, '0:atom_AtomicNumber_count_1:kDelta': 1.0, '0:atom_AtomicNumber_count_2:kDelta': 0.8, '0:atom_Chiral:kDelta': 0.95, '0:bond_Order:kDelta': 0.75, '0:bond_Stereo:kDelta': 1.0, '0:bond_RingStereo:kDelta': 0.75, '0:q:q': 0.43, '1:atom_AtomicNumber:kDelta': 0.85, '1:atom_AtomicNumber_list_1:kConv': 0.8, '1:atom_AtomicNumber_list_2:kConv': 0.75, '1:atom_AtomicNumber_list_3:kConv': 1.0, '1:atom_AtomicNumber_list_4:kConv': 0.75, '1:atom_MorganHash:kDelta': 0.75, '1:atom_Ring_count:kDelta': 0.75, '1:atom_RingSize_list:kConv': 1.0, '1:atom_Hcount:kDelta': 0.75, '1:atom_AtomicNumber_count_1:kDelta': 0.75, '1:atom_AtomicNumber_count_2:kDelta': 0.75, '1:atom_Chiral:kDelta': 1.0, '1:bond_Order:kDelta': 0.75, '1:bond_Stereo:kDelta': 0.75, '1:bond_RingStereo:kDelta': 1.0, '1:q:q': 0.27, '2:features_kernel:Matern32': 9.1, '3:features_kernel:Matern32': 4.1, '4:features_kernel:Matern32': 27.1, '5:features_kernel:Matern32': 24.1, '6:features_kernel:Matern32': 29.1, '7:features_kernel:Matern32': 28.1, '8:features_kernel:Matern32': 1.1, '9:features_kernel:Matern32': 13.1, '10:features_kernel:Matern32': 1.1, '11:features_kernel:Matern32': 5.1, '12:features_kernel:Matern32': 29.1, '13:features_kernel:Matern32': 8.1, '14:features_kernel:Matern32': 3.1, 'alpha': 0.1}. Best is trial 57 with value: 2.1703276939446647.
/gpfs_common/share03/ddomlab/sdehgha2/working_space/GP_collab/code_python/training/MGK_and_tools/mgktools/mgktools/kernels/base.py:225: UserWarning: The distribution is specified by [0.1, 30] and step=1, but the range is not divisible by `step`. It will be replaced with [0.1, 29.1].
  self.unique_name: trial.suggest_float(
[I 2026-04-22 01:00:09,774] Trial 67 finished with value: 2.354870171976918 and parameters: {'0:atom_AtomicNumber:kDelta': 1.0, '0:atom_AtomicNumber_list_1:kConv': 0.75, '0:atom_AtomicNumber_list_2:kConv': 0.8, '0:atom_AtomicNumber_list_3:kConv': 0.8, '0:atom_AtomicNumber_list_4:kConv': 0.75, '0:atom_MorganHash:kDelta': 0.95, '0:atom_Ring_count:kDelta': 0.75, '0:atom_RingSize_list:kConv': 0.75, '0:atom_Hcount:kDelta': 1.0, '0:atom_AtomicNumber_count_1:kDelta': 1.0, '0:atom_AtomicNumber_count_2:kDelta': 0.8, '0:atom_Chiral:kDelta': 0.95, '0:bond_Order:kDelta': 1.0, '0:bond_Stereo:kDelta': 1.0, '0:bond_RingStereo:kDelta': 0.75, '0:q:q': 0.43, '1:atom_AtomicNumber:kDelta': 0.8, '1:atom_AtomicNumber_list_1:kConv': 0.8, '1:atom_AtomicNumber_list_2:kConv': 0.8, '1:atom_AtomicNumber_list_3:kConv': 1.0, '1:atom_AtomicNumber_list_4:kConv': 0.75, '1:atom_MorganHash:kDelta': 0.75, '1:atom_Ring_count:kDelta': 0.75, '1:atom_RingSize_list:kConv': 1.0, '1:atom_Hcount:kDelta': 0.75, '1:atom_AtomicNumber_count_1:kDelta': 1.0, '1:atom_AtomicNumber_count_2:kDelta': 0.75, '1:atom_Chiral:kDelta': 1.0, '1:bond_Order:kDelta': 0.75, '1:bond_Stereo:kDelta': 0.75, '1:bond_RingStereo:kDelta': 1.0, '1:q:q': 0.3, '2:features_kernel:Matern32': 10.1, '3:features_kernel:Matern32': 4.1, '4:features_kernel:Matern32': 28.1, '5:features_kernel:Matern32': 24.1, '6:features_kernel:Matern32': 28.1, '7:features_kernel:Matern32': 29.1, '8:features_kernel:Matern32': 1.1, '9:features_kernel:Matern32': 17.1, '10:features_kernel:Matern32': 0.1, '11:features_kernel:Matern32': 5.1, '12:features_kernel:Matern32': 29.1, '13:features_kernel:Matern32': 8.1, '14:features_kernel:Matern32': 3.1, 'alpha': 0.095}. Best is trial 57 with value: 2.1703276939446647.
/gpfs_common/share03/ddomlab/sdehgha2/working_space/GP_collab/code_python/training/MGK_and_tools/mgktools/mgktools/kernels/base.py:225: UserWarning: The distribution is specified by [0.1, 30] and step=1, but the range is not divisible by `step`. It will be replaced with [0.1, 29.1].
  self.unique_name: trial.suggest_float(
[I 2026-04-22 01:01:01,848] Trial 68 finished with value: 2.362432711984262 and parameters: {'0:atom_AtomicNumber:kDelta': 1.0, '0:atom_AtomicNumber_list_1:kConv': 1.0, '0:atom_AtomicNumber_list_2:kConv': 0.8, '0:atom_AtomicNumber_list_3:kConv': 0.8, '0:atom_AtomicNumber_list_4:kConv': 0.75, '0:atom_MorganHash:kDelta': 0.95, '0:atom_Ring_count:kDelta': 0.75, '0:atom_RingSize_list:kConv': 0.75, '0:atom_Hcount:kDelta': 1.0, '0:atom_AtomicNumber_count_1:kDelta': 0.95, '0:atom_AtomicNumber_count_2:kDelta': 0.8, '0:atom_Chiral:kDelta': 0.95, '0:bond_Order:kDelta': 1.0, '0:bond_Stereo:kDelta': 1.0, '0:bond_RingStereo:kDelta': 0.75, '0:q:q': 0.43, '1:atom_AtomicNumber:kDelta': 0.8, '1:atom_AtomicNumber_list_1:kConv': 0.8, '1:atom_AtomicNumber_list_2:kConv': 0.8, '1:atom_AtomicNumber_list_3:kConv': 1.0, '1:atom_AtomicNumber_list_4:kConv': 0.75, '1:atom_MorganHash:kDelta': 0.75, '1:atom_Ring_count:kDelta': 0.75, '1:atom_RingSize_list:kConv': 1.0, '1:atom_Hcount:kDelta': 0.75, '1:atom_AtomicNumber_count_1:kDelta': 1.0, '1:atom_AtomicNumber_count_2:kDelta': 0.75, '1:atom_Chiral:kDelta': 1.0, '1:bond_Order:kDelta': 0.75, '1:bond_Stereo:kDelta': 0.75, '1:bond_RingStereo:kDelta': 1.0, '1:q:q': 0.32, '2:features_kernel:Matern32': 10.1, '3:features_kernel:Matern32': 5.1, '4:features_kernel:Matern32': 28.1, '5:features_kernel:Matern32': 24.1, '6:features_kernel:Matern32': 9.1, '7:features_kernel:Matern32': 29.1, '8:features_kernel:Matern32': 1.1, '9:features_kernel:Matern32': 16.1, '10:features_kernel:Matern32': 0.1, '11:features_kernel:Matern32': 3.1, '12:features_kernel:Matern32': 29.1, '13:features_kernel:Matern32': 8.1, '14:features_kernel:Matern32': 3.1, 'alpha': 0.096}. Best is trial 57 with value: 2.1703276939446647.
/gpfs_common/share03/ddomlab/sdehgha2/working_space/GP_collab/code_python/training/MGK_and_tools/mgktools/mgktools/kernels/base.py:225: UserWarning: The distribution is specified by [0.1, 30] and step=1, but the range is not divisible by `step`. It will be replaced with [0.1, 29.1].
  self.unique_name: trial.suggest_float(
