[I 2026-04-22 17:29:42,402] Trial 17 finished with value: 12.519767378252808 and parameters: {'0:atom_AtomicNumber:kDelta': 0.95, '0:atom_AtomicNumber_list_1:kConv': 1.0, '0:atom_AtomicNumber_list_2:kConv': 0.85, '0:atom_AtomicNumber_list_3:kConv': 0.8, '0:atom_AtomicNumber_list_4:kConv': 0.85, '0:atom_MorganHash:kDelta': 0.85, '0:atom_Ring_count:kDelta': 0.85, '0:atom_RingSize_list:kConv': 0.8, '0:atom_Hcount:kDelta': 0.75, '0:atom_AtomicNumber_count_1:kDelta': 0.8, '0:atom_AtomicNumber_count_2:kDelta': 0.95, '0:atom_Chiral:kDelta': 0.75, '0:bond_Order:kDelta': 1.0, '0:bond_Stereo:kDelta': 0.8, '0:bond_RingStereo:kDelta': 0.85, '0:q:q': 0.43, '1:features_kernel:Matern32': 16.1, '2:features_kernel:Matern32': 23.1, '3:features_kernel:Matern32': 15.1, '4:features_kernel:Matern32': 27.1, '5:features_kernel:Matern32': 15.1, '6:features_kernel:Matern32': 9.1, '7:features_kernel:Matern32': 10.1, '8:features_kernel:Matern32': 15.1, '9:features_kernel:Matern32': 12.1, '10:features_kernel:Matern32': 12.1, '11:features_kernel:Matern32': 24.1, 'alpha': 0.043000000000000003}. Best is trial 17 with value: 12.519767378252808.
/gpfs_common/share03/ddomlab/sdehgha2/working_space/GP_collab/code_python/training/MGK_and_tools/mgktools/mgktools/kernels/base.py:225: UserWarning: The distribution is specified by [0.1, 30] and step=1, but the range is not divisible by `step`. It will be replaced with [0.1, 29.1].
  self.unique_name: trial.suggest_float(
[I 2026-04-22 17:29:52,322] Trial 18 finished with value: 12.55504084224616 and parameters: {'0:atom_AtomicNumber:kDelta': 0.95, '0:atom_AtomicNumber_list_1:kConv': 1.0, '0:atom_AtomicNumber_list_2:kConv': 0.9, '0:atom_AtomicNumber_list_3:kConv': 0.75, '0:atom_AtomicNumber_list_4:kConv': 0.85, '0:atom_MorganHash:kDelta': 0.85, '0:atom_Ring_count:kDelta': 0.85, '0:atom_RingSize_list:kConv': 0.85, '0:atom_Hcount:kDelta': 0.8, '0:atom_AtomicNumber_count_1:kDelta': 0.8, '0:atom_AtomicNumber_count_2:kDelta': 0.95, '0:atom_Chiral:kDelta': 0.75, '0:bond_Order:kDelta': 1.0, '0:bond_Stereo:kDelta': 0.8, '0:bond_RingStereo:kDelta': 0.85, '0:q:q': 0.46, '1:features_kernel:Matern32': 17.1, '2:features_kernel:Matern32': 22.1, '3:features_kernel:Matern32': 14.1, '4:features_kernel:Matern32': 25.1, '5:features_kernel:Matern32': 29.1, '6:features_kernel:Matern32': 9.1, '7:features_kernel:Matern32': 9.1, '8:features_kernel:Matern32': 14.1, '9:features_kernel:Matern32': 24.1, '10:features_kernel:Matern32': 12.1, '11:features_kernel:Matern32': 16.1, 'alpha': 0.044000000000000004}. Best is trial 17 with value: 12.519767378252808.
/gpfs_common/share03/ddomlab/sdehgha2/working_space/GP_collab/code_python/training/MGK_and_tools/mgktools/mgktools/kernels/base.py:225: UserWarning: The distribution is specified by [0.1, 30] and step=1, but the range is not divisible by `step`. It will be replaced with [0.1, 29.1].
  self.unique_name: trial.suggest_float(
[I 2026-04-22 17:30:04,029] Trial 19 finished with value: 12.499935627346334 and parameters: {'0:atom_AtomicNumber:kDelta': 0.95, '0:atom_AtomicNumber_list_1:kConv': 0.95, '0:atom_AtomicNumber_list_2:kConv': 0.8, '0:atom_AtomicNumber_list_3:kConv': 0.8, '0:atom_AtomicNumber_list_4:kConv': 0.8, '0:atom_MorganHash:kDelta': 0.85, '0:atom_Ring_count:kDelta': 0.85, '0:atom_RingSize_list:kConv': 0.8, '0:atom_Hcount:kDelta': 0.75, '0:atom_AtomicNumber_count_1:kDelta': 0.75, '0:atom_AtomicNumber_count_2:kDelta': 0.95, '0:atom_Chiral:kDelta': 0.8, '0:bond_Order:kDelta': 1.0, '0:bond_Stereo:kDelta': 0.75, '0:bond_RingStereo:kDelta': 0.95, '0:q:q': 0.26, '1:features_kernel:Matern32': 16.1, '2:features_kernel:Matern32': 28.1, '3:features_kernel:Matern32': 14.1, '4:features_kernel:Matern32': 19.1, '5:features_kernel:Matern32': 14.1, '6:features_kernel:Matern32': 8.1, '7:features_kernel:Matern32': 18.1, '8:features_kernel:Matern32': 3.1, '9:features_kernel:Matern32': 13.1, '10:features_kernel:Matern32': 20.1, '11:features_kernel:Matern32': 23.1, 'alpha': 0.036000000000000004}. Best is trial 19 with value: 12.499935627346334.
/gpfs_common/share03/ddomlab/sdehgha2/working_space/GP_collab/code_python/training/MGK_and_tools/mgktools/mgktools/kernels/base.py:225: UserWarning: The distribution is specified by [0.1, 30] and step=1, but the range is not divisible by `step`. It will be replaced with [0.1, 29.1].
  self.unique_name: trial.suggest_float(
[I 2026-04-22 17:30:16,305] Trial 20 finished with value: 12.613687393071384 and parameters: {'0:atom_AtomicNumber:kDelta': 0.95, '0:atom_AtomicNumber_list_1:kConv': 0.95, '0:atom_AtomicNumber_list_2:kConv': 0.8, '0:atom_AtomicNumber_list_3:kConv': 0.85, '0:atom_AtomicNumber_list_4:kConv': 0.8, '0:atom_MorganHash:kDelta': 0.85, '0:atom_Ring_count:kDelta': 0.85, '0:atom_RingSize_list:kConv': 0.75, '0:atom_Hcount:kDelta': 0.85, '0:atom_AtomicNumber_count_1:kDelta': 0.75, '0:atom_AtomicNumber_count_2:kDelta': 1.0, '0:atom_Chiral:kDelta': 0.8, '0:bond_Order:kDelta': 1.0, '0:bond_Stereo:kDelta': 0.75, '0:bond_RingStereo:kDelta': 1.0, '0:q:q': 0.26, '1:features_kernel:Matern32': 16.1, '2:features_kernel:Matern32': 29.1, '3:features_kernel:Matern32': 12.1, '4:features_kernel:Matern32': 19.1, '5:features_kernel:Matern32': 15.1, '6:features_kernel:Matern32': 6.1, '7:features_kernel:Matern32': 17.1, '8:features_kernel:Matern32': 27.1, '9:features_kernel:Matern32': 14.1, '10:features_kernel:Matern32': 20.1, '11:features_kernel:Matern32': 19.1, 'alpha': 0.038}. Best is trial 19 with value: 12.499935627346334.
/gpfs_common/share03/ddomlab/sdehgha2/working_space/GP_collab/code_python/training/MGK_and_tools/mgktools/mgktools/kernels/base.py:225: UserWarning: The distribution is specified by [0.1, 30] and step=1, but the range is not divisible by `step`. It will be replaced with [0.1, 29.1].
  self.unique_name: trial.suggest_float(
[I 2026-04-22 17:30:27,620] Trial 21 finished with value: 12.51447920861414 and parameters: {'0:atom_AtomicNumber:kDelta': 0.95, '0:atom_AtomicNumber_list_1:kConv': 0.95, '0:atom_AtomicNumber_list_2:kConv': 0.85, '0:atom_AtomicNumber_list_3:kConv': 0.8, '0:atom_AtomicNumber_list_4:kConv': 0.85, '0:atom_MorganHash:kDelta': 0.8, '0:atom_Ring_count:kDelta': 0.8, '0:atom_RingSize_list:kConv': 0.8, '0:atom_Hcount:kDelta': 0.75, '0:atom_AtomicNumber_count_1:kDelta': 0.75, '0:atom_AtomicNumber_count_2:kDelta': 0.95, '0:atom_Chiral:kDelta': 0.75, '0:bond_Order:kDelta': 1.0, '0:bond_Stereo:kDelta': 0.8, '0:bond_RingStereo:kDelta': 0.95, '0:q:q': 0.31, '1:features_kernel:Matern32': 12.1, '2:features_kernel:Matern32': 25.1, '3:features_kernel:Matern32': 17.1, '4:features_kernel:Matern32': 26.1, '5:features_kernel:Matern32': 13.1, '6:features_kernel:Matern32': 11.1, '7:features_kernel:Matern32': 18.1, '8:features_kernel:Matern32': 4.1, '9:features_kernel:Matern32': 12.1, '10:features_kernel:Matern32': 27.1, '11:features_kernel:Matern32': 24.1, 'alpha': 0.056}. Best is trial 19 with value: 12.499935627346334.
/gpfs_common/share03/ddomlab/sdehgha2/working_space/GP_collab/code_python/training/MGK_and_tools/mgktools/mgktools/kernels/base.py:225: UserWarning: The distribution is specified by [0.1, 30] and step=1, but the range is not divisible by `step`. It will be replaced with [0.1, 29.1].
  self.unique_name: trial.suggest_float(
[I 2026-04-22 17:30:39,528] Trial 22 finished with value: 12.511374877664155 and parameters: {'0:atom_AtomicNumber:kDelta': 0.95, '0:atom_AtomicNumber_list_1:kConv': 0.95, '0:atom_AtomicNumber_list_2:kConv': 0.8, '0:atom_AtomicNumber_list_3:kConv': 0.8, '0:atom_AtomicNumber_list_4:kConv': 0.8, '0:atom_MorganHash:kDelta': 0.85, '0:atom_Ring_count:kDelta': 0.8, '0:atom_RingSize_list:kConv': 0.85, '0:atom_Hcount:kDelta': 0.75, '0:atom_AtomicNumber_count_1:kDelta': 0.75, '0:atom_AtomicNumber_count_2:kDelta': 0.9, '0:atom_Chiral:kDelta': 0.75, '0:bond_Order:kDelta': 1.0, '0:bond_Stereo:kDelta': 0.75, '0:bond_RingStereo:kDelta': 0.95, '0:q:q': 0.22, '1:features_kernel:Matern32': 11.1, '2:features_kernel:Matern32': 26.1, '3:features_kernel:Matern32': 17.1, '4:features_kernel:Matern32': 25.1, '5:features_kernel:Matern32': 13.1, '6:features_kernel:Matern32': 12.1, '7:features_kernel:Matern32': 16.1, '8:features_kernel:Matern32': 4.1, '9:features_kernel:Matern32': 11.1, '10:features_kernel:Matern32': 29.1, '11:features_kernel:Matern32': 24.1, 'alpha': 0.053000000000000005}. Best is trial 19 with value: 12.499935627346334.
/gpfs_common/share03/ddomlab/sdehgha2/working_space/GP_collab/code_python/training/MGK_and_tools/mgktools/mgktools/kernels/base.py:225: UserWarning: The distribution is specified by [0.1, 30] and step=1, but the range is not divisible by `step`. It will be replaced with [0.1, 29.1].
  self.unique_name: trial.suggest_float(
[I 2026-04-22 17:30:52,632] Trial 23 finished with value: 12.499898153358556 and parameters: {'0:atom_AtomicNumber:kDelta': 0.95, '0:atom_AtomicNumber_list_1:kConv': 0.95, '0:atom_AtomicNumber_list_2:kConv': 0.75, '0:atom_AtomicNumber_list_3:kConv': 0.75, '0:atom_AtomicNumber_list_4:kConv': 0.8, '0:atom_MorganHash:kDelta': 0.9, '0:atom_Ring_count:kDelta': 0.8, '0:atom_RingSize_list:kConv': 0.85, '0:atom_Hcount:kDelta': 0.8, '0:atom_AtomicNumber_count_1:kDelta': 0.75, '0:atom_AtomicNumber_count_2:kDelta': 0.9, '0:atom_Chiral:kDelta': 0.8, '0:bond_Order:kDelta': 1.0, '0:bond_Stereo:kDelta': 0.75, '0:bond_RingStereo:kDelta': 0.95, '0:q:q': 0.21000000000000002, '1:features_kernel:Matern32': 10.1, '2:features_kernel:Matern32': 26.1, '3:features_kernel:Matern32': 18.1, '4:features_kernel:Matern32': 19.1, '5:features_kernel:Matern32': 11.1, '6:features_kernel:Matern32': 12.1, '7:features_kernel:Matern32': 19.1, '8:features_kernel:Matern32': 3.1, '9:features_kernel:Matern32': 10.1, '10:features_kernel:Matern32': 29.1, '11:features_kernel:Matern32': 26.1, 'alpha': 0.055}. Best is trial 23 with value: 12.499898153358556.
/gpfs_common/share03/ddomlab/sdehgha2/working_space/GP_collab/code_python/training/MGK_and_tools/mgktools/mgktools/kernels/base.py:225: UserWarning: The distribution is specified by [0.1, 30] and step=1, but the range is not divisible by `step`. It will be replaced with [0.1, 29.1].
  self.unique_name: trial.suggest_float(
[I 2026-04-22 17:31:08,370] Trial 24 finished with value: 12.546013932313333 and parameters: {'0:atom_AtomicNumber:kDelta': 0.9, '0:atom_AtomicNumber_list_1:kConv': 0.95, '0:atom_AtomicNumber_list_2:kConv': 0.75, '0:atom_AtomicNumber_list_3:kConv': 0.75, '0:atom_AtomicNumber_list_4:kConv': 0.8, '0:atom_MorganHash:kDelta': 0.9, '0:atom_Ring_count:kDelta': 0.8, '0:atom_RingSize_list:kConv': 0.85, '0:atom_Hcount:kDelta': 0.8, '0:atom_AtomicNumber_count_1:kDelta': 0.75, '0:atom_AtomicNumber_count_2:kDelta': 0.9, '0:atom_Chiral:kDelta': 0.8, '0:bond_Order:kDelta': 0.95, '0:bond_Stereo:kDelta': 0.75, '0:bond_RingStereo:kDelta': 0.95, '0:q:q': 0.2, '1:features_kernel:Matern32': 10.1, '2:features_kernel:Matern32': 27.1, '3:features_kernel:Matern32': 20.1, '4:features_kernel:Matern32': 18.1, '5:features_kernel:Matern32': 9.1, '6:features_kernel:Matern32': 18.1, '7:features_kernel:Matern32': 20.1, '8:features_kernel:Matern32': 3.1, '9:features_kernel:Matern32': 9.1, '10:features_kernel:Matern32': 29.1, '11:features_kernel:Matern32': 20.1, 'alpha': 0.055}. Best is trial 23 with value: 12.499898153358556.
/gpfs_common/share03/ddomlab/sdehgha2/working_space/GP_collab/code_python/training/MGK_and_tools/mgktools/mgktools/kernels/base.py:225: UserWarning: The distribution is specified by [0.1, 30] and step=1, but the range is not divisible by `step`. It will be replaced with [0.1, 29.1].
  self.unique_name: trial.suggest_float(
[I 2026-04-22 17:31:24,582] Trial 25 finished with value: 22.266732474779232 and parameters: {'0:atom_AtomicNumber:kDelta': 0.95, '0:atom_AtomicNumber_list_1:kConv': 0.95, '0:atom_AtomicNumber_list_2:kConv': 0.75, '0:atom_AtomicNumber_list_3:kConv': 0.75, '0:atom_AtomicNumber_list_4:kConv': 0.75, '0:atom_MorganHash:kDelta': 0.9, '0:atom_Ring_count:kDelta': 0.8, '0:atom_RingSize_list:kConv': 0.85, '0:atom_Hcount:kDelta': 0.8, '0:atom_AtomicNumber_count_1:kDelta': 0.75, '0:atom_AtomicNumber_count_2:kDelta': 0.85, '0:atom_Chiral:kDelta': 0.8, '0:bond_Order:kDelta': 1.0, '0:bond_Stereo:kDelta': 0.75, '0:bond_RingStereo:kDelta': 0.95, '0:q:q': 0.15000000000000002, '1:features_kernel:Matern32': 5.1, '2:features_kernel:Matern32': 26.1, '3:features_kernel:Matern32': 14.1, '4:features_kernel:Matern32': 23.1, '5:features_kernel:Matern32': 10.1, '6:features_kernel:Matern32': 0.1, '7:features_kernel:Matern32': 16.1, '8:features_kernel:Matern32': 7.1, '9:features_kernel:Matern32': 16.1, '10:features_kernel:Matern32': 23.1, '11:features_kernel:Matern32': 27.1, 'alpha': 0.066}. Best is trial 23 with value: 12.499898153358556.
/gpfs_common/share03/ddomlab/sdehgha2/working_space/GP_collab/code_python/training/MGK_and_tools/mgktools/mgktools/kernels/base.py:225: UserWarning: The distribution is specified by [0.1, 30] and step=1, but the range is not divisible by `step`. It will be replaced with [0.1, 29.1].
  self.unique_name: trial.suggest_float(
[I 2026-04-22 17:31:39,884] Trial 26 finished with value: 12.513082888736722 and parameters: {'0:atom_AtomicNumber:kDelta': 1.0, '0:atom_AtomicNumber_list_1:kConv': 0.9, '0:atom_AtomicNumber_list_2:kConv': 0.8, '0:atom_AtomicNumber_list_3:kConv': 0.85, '0:atom_AtomicNumber_list_4:kConv': 0.8, '0:atom_MorganHash:kDelta': 0.85, '0:atom_Ring_count:kDelta': 0.85, '0:atom_RingSize_list:kConv': 0.85, '0:atom_Hcount:kDelta': 0.75, '0:atom_AtomicNumber_count_1:kDelta': 0.75, '0:atom_AtomicNumber_count_2:kDelta': 0.9, '0:atom_Chiral:kDelta': 0.8, '0:bond_Order:kDelta': 0.95, '0:bond_Stereo:kDelta': 0.75, '0:bond_RingStereo:kDelta': 1.0, '0:q:q': 0.23, '1:features_kernel:Matern32': 18.1, '2:features_kernel:Matern32': 29.1, '3:features_kernel:Matern32': 8.1, '4:features_kernel:Matern32': 22.1, '5:features_kernel:Matern32': 14.1, '6:features_kernel:Matern32': 12.1, '7:features_kernel:Matern32': 20.1, '8:features_kernel:Matern32': 2.1, '9:features_kernel:Matern32': 10.1, '10:features_kernel:Matern32': 29.1, '11:features_kernel:Matern32': 13.1, 'alpha': 0.034}. Best is trial 23 with value: 12.499898153358556.
/gpfs_common/share03/ddomlab/sdehgha2/working_space/GP_collab/code_python/training/MGK_and_tools/mgktools/mgktools/kernels/base.py:225: UserWarning: The distribution is specified by [0.1, 30] and step=1, but the range is not divisible by `step`. It will be replaced with [0.1, 29.1].
  self.unique_name: trial.suggest_float(
[I 2026-04-22 17:31:51,947] Trial 27 finished with value: 12.625143858101872 and parameters: {'0:atom_AtomicNumber:kDelta': 0.9, '0:atom_AtomicNumber_list_1:kConv': 0.95, '0:atom_AtomicNumber_list_2:kConv': 0.75, '0:atom_AtomicNumber_list_3:kConv': 0.75, '0:atom_AtomicNumber_list_4:kConv': 0.75, '0:atom_MorganHash:kDelta': 0.9, '0:atom_Ring_count:kDelta': 0.8, '0:atom_RingSize_list:kConv': 0.95, '0:atom_Hcount:kDelta': 0.8, '0:atom_AtomicNumber_count_1:kDelta': 0.85, '0:atom_AtomicNumber_count_2:kDelta': 0.85, '0:atom_Chiral:kDelta': 0.85, '0:bond_Order:kDelta': 1.0, '0:bond_Stereo:kDelta': 0.75, '0:bond_RingStereo:kDelta': 0.95, '0:q:q': 0.2, '1:features_kernel:Matern32': 11.1, '2:features_kernel:Matern32': 21.1, '3:features_kernel:Matern32': 16.1, '4:features_kernel:Matern32': 20.1, '5:features_kernel:Matern32': 17.1, '6:features_kernel:Matern32': 6.1, '7:features_kernel:Matern32': 20.1, '8:features_kernel:Matern32': 9.1, '9:features_kernel:Matern32': 15.1, '10:features_kernel:Matern32': 25.1, '11:features_kernel:Matern32': 25.1, 'alpha': 0.049}. Best is trial 23 with value: 12.499898153358556.
/gpfs_common/share03/ddomlab/sdehgha2/working_space/GP_collab/code_python/training/MGK_and_tools/mgktools/mgktools/kernels/base.py:225: UserWarning: The distribution is specified by [0.1, 30] and step=1, but the range is not divisible by `step`. It will be replaced with [0.1, 29.1].
  self.unique_name: trial.suggest_float(
[I 2026-04-22 17:32:03,664] Trial 28 finished with value: 12.672610335371418 and parameters: {'0:atom_AtomicNumber:kDelta': 0.95, '0:atom_AtomicNumber_list_1:kConv': 1.0, '0:atom_AtomicNumber_list_2:kConv': 0.8, '0:atom_AtomicNumber_list_3:kConv': 0.8, '0:atom_AtomicNumber_list_4:kConv': 0.8, '0:atom_MorganHash:kDelta': 0.85, '0:atom_Ring_count:kDelta': 0.8, '0:atom_RingSize_list:kConv': 0.85, '0:atom_Hcount:kDelta': 0.85, '0:atom_AtomicNumber_count_1:kDelta': 0.75, '0:atom_AtomicNumber_count_2:kDelta': 0.9, '0:atom_Chiral:kDelta': 0.75, '0:bond_Order:kDelta': 0.9, '0:bond_Stereo:kDelta': 0.8, '0:bond_RingStereo:kDelta': 1.0, '0:q:q': 0.26, '1:features_kernel:Matern32': 7.1, '2:features_kernel:Matern32': 18.1, '3:features_kernel:Matern32': 12.1, '4:features_kernel:Matern32': 17.1, '5:features_kernel:Matern32': 6.1, '6:features_kernel:Matern32': 6.1, '7:features_kernel:Matern32': 29.1, '8:features_kernel:Matern32': 6.1, '9:features_kernel:Matern32': 21.1, '10:features_kernel:Matern32': 20.1, '11:features_kernel:Matern32': 26.1, 'alpha': 0.074}. Best is trial 23 with value: 12.499898153358556.
/gpfs_common/share03/ddomlab/sdehgha2/working_space/GP_collab/code_python/training/MGK_and_tools/mgktools/mgktools/kernels/base.py:225: UserWarning: The distribution is specified by [0.1, 30] and step=1, but the range is not divisible by `step`. It will be replaced with [0.1, 29.1].
  self.unique_name: trial.suggest_float(
[I 2026-04-22 17:32:17,065] Trial 29 finished with value: 12.99423172164831 and parameters: {'0:atom_AtomicNumber:kDelta': 1.0, '0:atom_AtomicNumber_list_1:kConv': 0.9, '0:atom_AtomicNumber_list_2:kConv': 0.75, '0:atom_AtomicNumber_list_3:kConv': 0.75, '0:atom_AtomicNumber_list_4:kConv': 0.75, '0:atom_MorganHash:kDelta': 0.9, '0:atom_Ring_count:kDelta': 0.85, '0:atom_RingSize_list:kConv': 0.85, '0:atom_Hcount:kDelta': 0.85, '0:atom_AtomicNumber_count_1:kDelta': 0.9, '0:atom_AtomicNumber_count_2:kDelta': 0.8, '0:atom_Chiral:kDelta': 0.8, '0:bond_Order:kDelta': 1.0, '0:bond_Stereo:kDelta': 0.85, '0:bond_RingStereo:kDelta': 0.9, '0:q:q': 0.11, '1:features_kernel:Matern32': 14.1, '2:features_kernel:Matern32': 24.1, '3:features_kernel:Matern32': 20.1, '4:features_kernel:Matern32': 24.1, '5:features_kernel:Matern32': 2.1, '6:features_kernel:Matern32': 17.1, '7:features_kernel:Matern32': 16.1, '8:features_kernel:Matern32': 2.1, '9:features_kernel:Matern32': 21.1, '10:features_kernel:Matern32': 18.1, '11:features_kernel:Matern32': 21.1, 'alpha': 0.049}. Best is trial 23 with value: 12.499898153358556.
/gpfs_common/share03/ddomlab/sdehgha2/working_space/GP_collab/code_python/training/MGK_and_tools/mgktools/mgktools/kernels/base.py:225: UserWarning: The distribution is specified by [0.1, 30] and step=1, but the range is not divisible by `step`. It will be replaced with [0.1, 29.1].
  self.unique_name: trial.suggest_float(
[I 2026-04-22 17:32:29,866] Trial 30 finished with value: 12.560585548897402 and parameters: {'0:atom_AtomicNumber:kDelta': 0.9, '0:atom_AtomicNumber_list_1:kConv': 0.95, '0:atom_AtomicNumber_list_2:kConv': 0.8, '0:atom_AtomicNumber_list_3:kConv': 0.85, '0:atom_AtomicNumber_list_4:kConv': 0.75, '0:atom_MorganHash:kDelta': 0.85, '0:atom_Ring_count:kDelta': 0.75, '0:atom_RingSize_list:kConv': 0.9, '0:atom_Hcount:kDelta': 0.75, '0:atom_AtomicNumber_count_1:kDelta': 0.8, '0:atom_AtomicNumber_count_2:kDelta': 0.85, '0:atom_Chiral:kDelta': 0.85, '0:bond_Order:kDelta': 0.95, '0:bond_Stereo:kDelta': 0.75, '0:bond_RingStereo:kDelta': 0.95, '0:q:q': 0.16, '1:features_kernel:Matern32': 19.1, '2:features_kernel:Matern32': 27.1, '3:features_kernel:Matern32': 12.1, '4:features_kernel:Matern32': 21.1, '5:features_kernel:Matern32': 11.1, '6:features_kernel:Matern32': 13.1, '7:features_kernel:Matern32': 11.1, '8:features_kernel:Matern32': 11.1, '9:features_kernel:Matern32': 7.1, '10:features_kernel:Matern32': 26.1, '11:features_kernel:Matern32': 18.1, 'alpha': 0.062}. Best is trial 23 with value: 12.499898153358556.
/gpfs_common/share03/ddomlab/sdehgha2/working_space/GP_collab/code_python/training/MGK_and_tools/mgktools/mgktools/kernels/base.py:225: UserWarning: The distribution is specified by [0.1, 30] and step=1, but the range is not divisible by `step`. It will be replaced with [0.1, 29.1].
  self.unique_name: trial.suggest_float(
[I 2026-04-22 17:32:42,029] Trial 31 finished with value: 12.554179776576035 and parameters: {'0:atom_AtomicNumber:kDelta': 1.0, '0:atom_AtomicNumber_list_1:kConv': 0.9, '0:atom_AtomicNumber_list_2:kConv': 0.8, '0:atom_AtomicNumber_list_3:kConv': 0.85, '0:atom_AtomicNumber_list_4:kConv': 0.8, '0:atom_MorganHash:kDelta': 0.85, '0:atom_Ring_count:kDelta': 0.85, '0:atom_RingSize_list:kConv': 0.85, '0:atom_Hcount:kDelta': 0.75, '0:atom_AtomicNumber_count_1:kDelta': 0.75, '0:atom_AtomicNumber_count_2:kDelta': 0.9, '0:atom_Chiral:kDelta': 0.8, '0:bond_Order:kDelta': 0.95, '0:bond_Stereo:kDelta': 0.75, '0:bond_RingStereo:kDelta': 1.0, '0:q:q': 0.22, '1:features_kernel:Matern32': 18.1, '2:features_kernel:Matern32': 29.1, '3:features_kernel:Matern32': 7.1, '4:features_kernel:Matern32': 22.1, '5:features_kernel:Matern32': 13.1, '6:features_kernel:Matern32': 11.1, '7:features_kernel:Matern32': 21.1, '8:features_kernel:Matern32': 2.1, '9:features_kernel:Matern32': 10.1, '10:features_kernel:Matern32': 29.1, '11:features_kernel:Matern32': 13.1, 'alpha': 0.035}. Best is trial 23 with value: 12.499898153358556.
/gpfs_common/share03/ddomlab/sdehgha2/working_space/GP_collab/code_python/training/MGK_and_tools/mgktools/mgktools/kernels/base.py:225: UserWarning: The distribution is specified by [0.1, 30] and step=1, but the range is not divisible by `step`. It will be replaced with [0.1, 29.1].
  self.unique_name: trial.suggest_float(
