[I 2026-04-22 15:04:24,250] Trial 30 finished with value: 24.222983203691612 and parameters: {'0:atom_AtomicNumber:kDelta': 0.95, '0:atom_AtomicNumber_list_1:kConv': 1.0, '0:atom_AtomicNumber_list_2:kConv': 0.85, '0:atom_AtomicNumber_list_3:kConv': 0.8, '0:atom_AtomicNumber_list_4:kConv': 0.8, '0:atom_MorganHash:kDelta': 0.9, '0:atom_Ring_count:kDelta': 0.9, '0:atom_RingSize_list:kConv': 0.95, '0:atom_Hcount:kDelta': 0.85, '0:atom_AtomicNumber_count_1:kDelta': 0.85, '0:atom_AtomicNumber_count_2:kDelta': 1.0, '0:atom_Chiral:kDelta': 0.75, '0:bond_Order:kDelta': 0.9, '0:bond_Stereo:kDelta': 0.75, '0:bond_RingStereo:kDelta': 0.75, '0:q:q': 0.39, '1:features_kernel:Matern32': 19.1, '2:features_kernel:Matern32': 12.1, '3:features_kernel:Matern32': 8.1, '4:features_kernel:Matern32': 24.1, '5:features_kernel:Matern32': 13.1, '6:features_kernel:Matern32': 0.1, '7:features_kernel:Matern32': 21.1, '8:features_kernel:Matern32': 10.1, '9:features_kernel:Matern32': 20.1, '10:features_kernel:Matern32': 11.1, '11:features_kernel:Matern32': 21.1, 'alpha': 0.032}. Best is trial 28 with value: 11.973934674052469.
/gpfs_common/share03/ddomlab/sdehgha2/working_space/GP_collab/code_python/training/MGK_and_tools/mgktools/mgktools/kernels/base.py:225: UserWarning: The distribution is specified by [0.1, 30] and step=1, but the range is not divisible by `step`. It will be replaced with [0.1, 29.1].
  self.unique_name: trial.suggest_float(
[I 2026-04-22 15:04:36,302] Trial 31 finished with value: 12.025660445563862 and parameters: {'0:atom_AtomicNumber:kDelta': 0.9, '0:atom_AtomicNumber_list_1:kConv': 1.0, '0:atom_AtomicNumber_list_2:kConv': 0.8, '0:atom_AtomicNumber_list_3:kConv': 0.8, '0:atom_AtomicNumber_list_4:kConv': 0.9, '0:atom_MorganHash:kDelta': 0.75, '0:atom_Ring_count:kDelta': 0.9, '0:atom_RingSize_list:kConv': 0.8, '0:atom_Hcount:kDelta': 0.75, '0:atom_AtomicNumber_count_1:kDelta': 0.85, '0:atom_AtomicNumber_count_2:kDelta': 0.95, '0:atom_Chiral:kDelta': 0.8, '0:bond_Order:kDelta': 0.9, '0:bond_Stereo:kDelta': 0.8, '0:bond_RingStereo:kDelta': 0.8, '0:q:q': 0.48000000000000004, '1:features_kernel:Matern32': 10.1, '2:features_kernel:Matern32': 14.1, '3:features_kernel:Matern32': 11.1, '4:features_kernel:Matern32': 27.1, '5:features_kernel:Matern32': 17.1, '6:features_kernel:Matern32': 9.1, '7:features_kernel:Matern32': 15.1, '8:features_kernel:Matern32': 6.1, '9:features_kernel:Matern32': 22.1, '10:features_kernel:Matern32': 16.1, '11:features_kernel:Matern32': 26.1, 'alpha': 0.027000000000000003}. Best is trial 28 with value: 11.973934674052469.
/gpfs_common/share03/ddomlab/sdehgha2/working_space/GP_collab/code_python/training/MGK_and_tools/mgktools/mgktools/kernels/base.py:225: UserWarning: The distribution is specified by [0.1, 30] and step=1, but the range is not divisible by `step`. It will be replaced with [0.1, 29.1].
  self.unique_name: trial.suggest_float(
[I 2026-04-22 15:04:48,683] Trial 32 finished with value: 12.23726411854564 and parameters: {'0:atom_AtomicNumber:kDelta': 0.9, '0:atom_AtomicNumber_list_1:kConv': 1.0, '0:atom_AtomicNumber_list_2:kConv': 0.85, '0:atom_AtomicNumber_list_3:kConv': 0.85, '0:atom_AtomicNumber_list_4:kConv': 0.95, '0:atom_MorganHash:kDelta': 0.75, '0:atom_Ring_count:kDelta': 0.95, '0:atom_RingSize_list:kConv': 0.8, '0:atom_Hcount:kDelta': 0.75, '0:atom_AtomicNumber_count_1:kDelta': 0.8, '0:atom_AtomicNumber_count_2:kDelta': 1.0, '0:atom_Chiral:kDelta': 0.75, '0:bond_Order:kDelta': 0.9, '0:bond_Stereo:kDelta': 0.75, '0:bond_RingStereo:kDelta': 0.75, '0:q:q': 0.43, '1:features_kernel:Matern32': 13.1, '2:features_kernel:Matern32': 20.1, '3:features_kernel:Matern32': 5.1, '4:features_kernel:Matern32': 29.1, '5:features_kernel:Matern32': 17.1, '6:features_kernel:Matern32': 8.1, '7:features_kernel:Matern32': 17.1, '8:features_kernel:Matern32': 2.1, '9:features_kernel:Matern32': 27.1, '10:features_kernel:Matern32': 19.1, '11:features_kernel:Matern32': 22.1, 'alpha': 0.023}. Best is trial 28 with value: 11.973934674052469.
/gpfs_common/share03/ddomlab/sdehgha2/working_space/GP_collab/code_python/training/MGK_and_tools/mgktools/mgktools/kernels/base.py:225: UserWarning: The distribution is specified by [0.1, 30] and step=1, but the range is not divisible by `step`. It will be replaced with [0.1, 29.1].
  self.unique_name: trial.suggest_float(
[I 2026-04-22 15:05:00,903] Trial 33 finished with value: 12.016650369220113 and parameters: {'0:atom_AtomicNumber:kDelta': 0.9, '0:atom_AtomicNumber_list_1:kConv': 1.0, '0:atom_AtomicNumber_list_2:kConv': 0.75, '0:atom_AtomicNumber_list_3:kConv': 0.75, '0:atom_AtomicNumber_list_4:kConv': 0.9, '0:atom_MorganHash:kDelta': 0.75, '0:atom_Ring_count:kDelta': 0.9, '0:atom_RingSize_list:kConv': 0.85, '0:atom_Hcount:kDelta': 0.95, '0:atom_AtomicNumber_count_1:kDelta': 0.85, '0:atom_AtomicNumber_count_2:kDelta': 0.85, '0:atom_Chiral:kDelta': 0.8, '0:bond_Order:kDelta': 0.95, '0:bond_Stereo:kDelta': 0.8, '0:bond_RingStereo:kDelta': 0.8, '0:q:q': 0.49, '1:features_kernel:Matern32': 16.1, '2:features_kernel:Matern32': 10.1, '3:features_kernel:Matern32': 14.1, '4:features_kernel:Matern32': 27.1, '5:features_kernel:Matern32': 9.1, '6:features_kernel:Matern32': 13.1, '7:features_kernel:Matern32': 8.1, '8:features_kernel:Matern32': 8.1, '9:features_kernel:Matern32': 23.1, '10:features_kernel:Matern32': 15.1, '11:features_kernel:Matern32': 27.1, 'alpha': 0.012}. Best is trial 28 with value: 11.973934674052469.
/gpfs_common/share03/ddomlab/sdehgha2/working_space/GP_collab/code_python/training/MGK_and_tools/mgktools/mgktools/kernels/base.py:225: UserWarning: The distribution is specified by [0.1, 30] and step=1, but the range is not divisible by `step`. It will be replaced with [0.1, 29.1].
  self.unique_name: trial.suggest_float(
[I 2026-04-22 15:05:12,859] Trial 34 finished with value: 12.076160874692734 and parameters: {'0:atom_AtomicNumber:kDelta': 0.85, '0:atom_AtomicNumber_list_1:kConv': 0.95, '0:atom_AtomicNumber_list_2:kConv': 0.8, '0:atom_AtomicNumber_list_3:kConv': 0.75, '0:atom_AtomicNumber_list_4:kConv': 0.9, '0:atom_MorganHash:kDelta': 0.8, '0:atom_Ring_count:kDelta': 0.85, '0:atom_RingSize_list:kConv': 0.85, '0:atom_Hcount:kDelta': 0.95, '0:atom_AtomicNumber_count_1:kDelta': 0.9, '0:atom_AtomicNumber_count_2:kDelta': 0.85, '0:atom_Chiral:kDelta': 0.85, '0:bond_Order:kDelta': 0.95, '0:bond_Stereo:kDelta': 0.75, '0:bond_RingStereo:kDelta': 0.75, '0:q:q': 0.5, '1:features_kernel:Matern32': 15.1, '2:features_kernel:Matern32': 9.1, '3:features_kernel:Matern32': 15.1, '4:features_kernel:Matern32': 25.1, '5:features_kernel:Matern32': 9.1, '6:features_kernel:Matern32': 17.1, '7:features_kernel:Matern32': 8.1, '8:features_kernel:Matern32': 19.1, '9:features_kernel:Matern32': 15.1, '10:features_kernel:Matern32': 6.1, '11:features_kernel:Matern32': 26.1, 'alpha': 0.011}. Best is trial 28 with value: 11.973934674052469.
/gpfs_common/share03/ddomlab/sdehgha2/working_space/GP_collab/code_python/training/MGK_and_tools/mgktools/mgktools/kernels/base.py:225: UserWarning: The distribution is specified by [0.1, 30] and step=1, but the range is not divisible by `step`. It will be replaced with [0.1, 29.1].
  self.unique_name: trial.suggest_float(
[I 2026-04-22 15:05:24,783] Trial 35 finished with value: 12.181124675421719 and parameters: {'0:atom_AtomicNumber:kDelta': 0.9, '0:atom_AtomicNumber_list_1:kConv': 1.0, '0:atom_AtomicNumber_list_2:kConv': 0.9, '0:atom_AtomicNumber_list_3:kConv': 0.75, '0:atom_AtomicNumber_list_4:kConv': 0.85, '0:atom_MorganHash:kDelta': 0.75, '0:atom_Ring_count:kDelta': 0.9, '0:atom_RingSize_list:kConv': 0.9, '0:atom_Hcount:kDelta': 0.95, '0:atom_AtomicNumber_count_1:kDelta': 0.85, '0:atom_AtomicNumber_count_2:kDelta': 0.8, '0:atom_Chiral:kDelta': 0.75, '0:bond_Order:kDelta': 0.95, '0:bond_Stereo:kDelta': 0.9, '0:bond_RingStereo:kDelta': 0.85, '0:q:q': 0.48000000000000004, '1:features_kernel:Matern32': 17.1, '2:features_kernel:Matern32': 9.1, '3:features_kernel:Matern32': 9.1, '4:features_kernel:Matern32': 20.1, '5:features_kernel:Matern32': 7.1, '6:features_kernel:Matern32': 13.1, '7:features_kernel:Matern32': 2.1, '8:features_kernel:Matern32': 8.1, '9:features_kernel:Matern32': 18.1, '10:features_kernel:Matern32': 14.1, '11:features_kernel:Matern32': 27.1, 'alpha': 0.012}. Best is trial 28 with value: 11.973934674052469.
/gpfs_common/share03/ddomlab/sdehgha2/working_space/GP_collab/code_python/training/MGK_and_tools/mgktools/mgktools/kernels/base.py:225: UserWarning: The distribution is specified by [0.1, 30] and step=1, but the range is not divisible by `step`. It will be replaced with [0.1, 29.1].
  self.unique_name: trial.suggest_float(
[I 2026-04-22 15:05:35,837] Trial 36 finished with value: 13.504008615155618 and parameters: {'0:atom_AtomicNumber:kDelta': 0.85, '0:atom_AtomicNumber_list_1:kConv': 0.9, '0:atom_AtomicNumber_list_2:kConv': 0.85, '0:atom_AtomicNumber_list_3:kConv': 0.75, '0:atom_AtomicNumber_list_4:kConv': 0.9, '0:atom_MorganHash:kDelta': 0.8, '0:atom_Ring_count:kDelta': 0.9, '0:atom_RingSize_list:kConv': 1.0, '0:atom_Hcount:kDelta': 0.95, '0:atom_AtomicNumber_count_1:kDelta': 0.85, '0:atom_AtomicNumber_count_2:kDelta': 0.85, '0:atom_Chiral:kDelta': 0.8, '0:bond_Order:kDelta': 1.0, '0:bond_Stereo:kDelta': 0.95, '0:bond_RingStereo:kDelta': 0.9, '0:q:q': 0.4, '1:features_kernel:Matern32': 22.1, '2:features_kernel:Matern32': 13.1, '3:features_kernel:Matern32': 5.1, '4:features_kernel:Matern32': 24.1, '5:features_kernel:Matern32': 4.1, '6:features_kernel:Matern32': 18.1, '7:features_kernel:Matern32': 7.1, '8:features_kernel:Matern32': 13.1, '9:features_kernel:Matern32': 23.1, '10:features_kernel:Matern32': 15.1, '11:features_kernel:Matern32': 15.1, 'alpha': 0.04}. Best is trial 28 with value: 11.973934674052469.
/gpfs_common/share03/ddomlab/sdehgha2/working_space/GP_collab/code_python/training/MGK_and_tools/mgktools/mgktools/kernels/base.py:225: UserWarning: The distribution is specified by [0.1, 30] and step=1, but the range is not divisible by `step`. It will be replaced with [0.1, 29.1].
  self.unique_name: trial.suggest_float(
[I 2026-04-22 15:05:49,537] Trial 37 finished with value: 12.274296648196286 and parameters: {'0:atom_AtomicNumber:kDelta': 1.0, '0:atom_AtomicNumber_list_1:kConv': 0.8, '0:atom_AtomicNumber_list_2:kConv': 0.8, '0:atom_AtomicNumber_list_3:kConv': 0.8, '0:atom_AtomicNumber_list_4:kConv': 0.8, '0:atom_MorganHash:kDelta': 0.75, '0:atom_Ring_count:kDelta': 0.9, '0:atom_RingSize_list:kConv': 0.85, '0:atom_Hcount:kDelta': 1.0, '0:atom_AtomicNumber_count_1:kDelta': 0.9, '0:atom_AtomicNumber_count_2:kDelta': 0.85, '0:atom_Chiral:kDelta': 0.75, '0:bond_Order:kDelta': 0.9, '0:bond_Stereo:kDelta': 0.8, '0:bond_RingStereo:kDelta': 0.75, '0:q:q': 0.34, '1:features_kernel:Matern32': 13.1, '2:features_kernel:Matern32': 10.1, '3:features_kernel:Matern32': 14.1, '4:features_kernel:Matern32': 26.1, '5:features_kernel:Matern32': 10.1, '6:features_kernel:Matern32': 10.1, '7:features_kernel:Matern32': 4.1, '8:features_kernel:Matern32': 8.1, '9:features_kernel:Matern32': 20.1, '10:features_kernel:Matern32': 11.1, '11:features_kernel:Matern32': 21.1, 'alpha': 0.079}. Best is trial 28 with value: 11.973934674052469.
/gpfs_common/share03/ddomlab/sdehgha2/working_space/GP_collab/code_python/training/MGK_and_tools/mgktools/mgktools/kernels/base.py:225: UserWarning: The distribution is specified by [0.1, 30] and step=1, but the range is not divisible by `step`. It will be replaced with [0.1, 29.1].
  self.unique_name: trial.suggest_float(
[I 2026-04-22 15:06:03,535] Trial 38 finished with value: 17.808076373493105 and parameters: {'0:atom_AtomicNumber:kDelta': 0.95, '0:atom_AtomicNumber_list_1:kConv': 0.95, '0:atom_AtomicNumber_list_2:kConv': 0.75, '0:atom_AtomicNumber_list_3:kConv': 0.85, '0:atom_AtomicNumber_list_4:kConv': 0.9, '0:atom_MorganHash:kDelta': 0.9, '0:atom_Ring_count:kDelta': 0.85, '0:atom_RingSize_list:kConv': 0.95, '0:atom_Hcount:kDelta': 0.8, '0:atom_AtomicNumber_count_1:kDelta': 0.95, '0:atom_AtomicNumber_count_2:kDelta': 0.9, '0:atom_Chiral:kDelta': 0.85, '0:bond_Order:kDelta': 0.95, '0:bond_Stereo:kDelta': 0.75, '0:bond_RingStereo:kDelta': 0.8, '0:q:q': 0.37, '1:features_kernel:Matern32': 0.1, '2:features_kernel:Matern32': 16.1, '3:features_kernel:Matern32': 21.1, '4:features_kernel:Matern32': 21.1, '5:features_kernel:Matern32': 1.1, '6:features_kernel:Matern32': 4.1, '7:features_kernel:Matern32': 9.1, '8:features_kernel:Matern32': 2.1, '9:features_kernel:Matern32': 18.1, '10:features_kernel:Matern32': 4.1, '11:features_kernel:Matern32': 27.1, 'alpha': 0.062}. Best is trial 28 with value: 11.973934674052469.
/gpfs_common/share03/ddomlab/sdehgha2/working_space/GP_collab/code_python/training/MGK_and_tools/mgktools/mgktools/kernels/base.py:225: UserWarning: The distribution is specified by [0.1, 30] and step=1, but the range is not divisible by `step`. It will be replaced with [0.1, 29.1].
  self.unique_name: trial.suggest_float(
[I 2026-04-22 15:06:18,539] Trial 39 finished with value: 12.016321454662027 and parameters: {'0:atom_AtomicNumber:kDelta': 0.9, '0:atom_AtomicNumber_list_1:kConv': 1.0, '0:atom_AtomicNumber_list_2:kConv': 0.8, '0:atom_AtomicNumber_list_3:kConv': 0.75, '0:atom_AtomicNumber_list_4:kConv': 0.75, '0:atom_MorganHash:kDelta': 0.75, '0:atom_Ring_count:kDelta': 0.8, '0:atom_RingSize_list:kConv': 0.9, '0:atom_Hcount:kDelta': 0.9, '0:atom_AtomicNumber_count_1:kDelta': 0.85, '0:atom_AtomicNumber_count_2:kDelta': 0.8, '0:atom_Chiral:kDelta': 0.8, '0:bond_Order:kDelta': 0.95, '0:bond_Stereo:kDelta': 0.75, '0:bond_RingStereo:kDelta': 0.75, '0:q:q': 0.22, '1:features_kernel:Matern32': 26.1, '2:features_kernel:Matern32': 27.1, '3:features_kernel:Matern32': 12.1, '4:features_kernel:Matern32': 3.1, '5:features_kernel:Matern32': 13.1, '6:features_kernel:Matern32': 6.1, '7:features_kernel:Matern32': 13.1, '8:features_kernel:Matern32': 7.1, '9:features_kernel:Matern32': 11.1, '10:features_kernel:Matern32': 15.1, '11:features_kernel:Matern32': 24.1, 'alpha': 0.024}. Best is trial 28 with value: 11.973934674052469.
/gpfs_common/share03/ddomlab/sdehgha2/working_space/GP_collab/code_python/training/MGK_and_tools/mgktools/mgktools/kernels/base.py:225: UserWarning: The distribution is specified by [0.1, 30] and step=1, but the range is not divisible by `step`. It will be replaced with [0.1, 29.1].
  self.unique_name: trial.suggest_float(
[I 2026-04-22 15:06:33,913] Trial 40 finished with value: 13.36546415121748 and parameters: {'0:atom_AtomicNumber:kDelta': 0.8, '0:atom_AtomicNumber_list_1:kConv': 0.9, '0:atom_AtomicNumber_list_2:kConv': 0.9, '0:atom_AtomicNumber_list_3:kConv': 0.75, '0:atom_AtomicNumber_list_4:kConv': 0.75, '0:atom_MorganHash:kDelta': 0.8, '0:atom_Ring_count:kDelta': 0.8, '0:atom_RingSize_list:kConv': 0.9, '0:atom_Hcount:kDelta': 0.9, '0:atom_AtomicNumber_count_1:kDelta': 0.85, '0:atom_AtomicNumber_count_2:kDelta': 0.8, '0:atom_Chiral:kDelta': 0.85, '0:bond_Order:kDelta': 0.95, '0:bond_Stereo:kDelta': 0.75, '0:bond_RingStereo:kDelta': 0.75, '0:q:q': 0.21000000000000002, '1:features_kernel:Matern32': 29.1, '2:features_kernel:Matern32': 7.1, '3:features_kernel:Matern32': 23.1, '4:features_kernel:Matern32': 6.1, '5:features_kernel:Matern32': 12.1, '6:features_kernel:Matern32': 2.1, '7:features_kernel:Matern32': 6.1, '8:features_kernel:Matern32': 18.1, '9:features_kernel:Matern32': 10.1, '10:features_kernel:Matern32': 16.1, '11:features_kernel:Matern32': 24.1, 'alpha': 0.016}. Best is trial 28 with value: 11.973934674052469.
/gpfs_common/share03/ddomlab/sdehgha2/working_space/GP_collab/code_python/training/MGK_and_tools/mgktools/mgktools/kernels/base.py:225: UserWarning: The distribution is specified by [0.1, 30] and step=1, but the range is not divisible by `step`. It will be replaced with [0.1, 29.1].
  self.unique_name: trial.suggest_float(
[I 2026-04-22 15:06:49,239] Trial 41 finished with value: 12.021823224154607 and parameters: {'0:atom_AtomicNumber:kDelta': 0.9, '0:atom_AtomicNumber_list_1:kConv': 1.0, '0:atom_AtomicNumber_list_2:kConv': 0.8, '0:atom_AtomicNumber_list_3:kConv': 0.75, '0:atom_AtomicNumber_list_4:kConv': 0.75, '0:atom_MorganHash:kDelta': 0.75, '0:atom_Ring_count:kDelta': 0.8, '0:atom_RingSize_list:kConv': 0.9, '0:atom_Hcount:kDelta': 0.95, '0:atom_AtomicNumber_count_1:kDelta': 0.85, '0:atom_AtomicNumber_count_2:kDelta': 0.75, '0:atom_Chiral:kDelta': 0.8, '0:bond_Order:kDelta': 1.0, '0:bond_Stereo:kDelta': 0.75, '0:bond_RingStereo:kDelta': 0.75, '0:q:q': 0.17, '1:features_kernel:Matern32': 27.1, '2:features_kernel:Matern32': 27.1, '3:features_kernel:Matern32': 12.1, '4:features_kernel:Matern32': 0.1, '5:features_kernel:Matern32': 14.1, '6:features_kernel:Matern32': 6.1, '7:features_kernel:Matern32': 13.1, '8:features_kernel:Matern32': 7.1, '9:features_kernel:Matern32': 12.1, '10:features_kernel:Matern32': 14.1, '11:features_kernel:Matern32': 27.1, 'alpha': 0.024}. Best is trial 28 with value: 11.973934674052469.
[I 2026-04-22 15:49:12,404] Using an existing study with name 'optuna-study' instead of creating a new one.
[I 2026-04-22 16:37:37,401] Using an existing study with name 'optuna-study' instead of creating a new one.
[Parallel(n_jobs=8)]: Using backend LokyBackend with 8 concurrent workers.
[Parallel(n_jobs=8)]: Done  34 tasks      | elapsed:   29.1s
[Parallel(n_jobs=8)]: Done 318 out of 318 | elapsed:   29.2s finished
[Parallel(n_jobs=4)]: Using backend LokyBackend with 4 concurrent workers.
[Parallel(n_jobs=4)]: Done  11 out of  11 | elapsed:    2.4s finished
[I 2026-04-22 17:25:40,442] A new study created in RDB with name: optuna-study
/gpfs_common/share03/ddomlab/sdehgha2/working_space/GP_collab/code_python/training/MGK_and_tools/mgktools/mgktools/kernels/base.py:225: UserWarning: The distribution is specified by [0.1, 30] and step=1, but the range is not divisible by `step`. It will be replaced with [0.1, 29.1].
  self.unique_name: trial.suggest_float(
[I 2026-04-22 17:25:50,649] Trial 0 finished with value: 13.762753362575785 and parameters: {'0:atom_AtomicNumber:kDelta': 1.0, '0:atom_AtomicNumber_list_1:kConv': 0.8, '0:atom_AtomicNumber_list_2:kConv': 0.95, '0:atom_AtomicNumber_list_3:kConv': 0.75, '0:atom_AtomicNumber_list_4:kConv': 0.75, '0:atom_MorganHash:kDelta': 0.9, '0:atom_Ring_count:kDelta': 0.9, '0:atom_RingSize_list:kConv': 0.85, '0:atom_Hcount:kDelta': 0.85, '0:atom_AtomicNumber_count_1:kDelta': 0.9, '0:atom_AtomicNumber_count_2:kDelta': 0.85, '0:atom_Chiral:kDelta': 0.95, '0:bond_Order:kDelta': 0.9, '0:bond_Stereo:kDelta': 0.9, '0:bond_RingStereo:kDelta': 0.9, '0:q:q': 0.5, '1:features_kernel:Matern32': 24.1, '2:features_kernel:Matern32': 12.1, '3:features_kernel:Matern32': 26.1, '4:features_kernel:Matern32': 24.1, '5:features_kernel:Matern32': 1.1, '6:features_kernel:Matern32': 21.1, '7:features_kernel:Matern32': 24.1, '8:features_kernel:Matern32': 22.1, '9:features_kernel:Matern32': 21.1, '10:features_kernel:Matern32': 16.1, '11:features_kernel:Matern32': 3.1, 'alpha': 0.096}. Best is trial 0 with value: 13.762753362575785.
/gpfs_common/share03/ddomlab/sdehgha2/working_space/GP_collab/code_python/training/MGK_and_tools/mgktools/mgktools/kernels/base.py:225: UserWarning: The distribution is specified by [0.1, 30] and step=1, but the range is not divisible by `step`. It will be replaced with [0.1, 29.1].
  self.unique_name: trial.suggest_float(
[I 2026-04-22 17:26:02,734] Trial 1 finished with value: 12.700863459667357 and parameters: {'0:atom_AtomicNumber:kDelta': 0.85, '0:atom_AtomicNumber_list_1:kConv': 0.8, '0:atom_AtomicNumber_list_2:kConv': 0.95, '0:atom_AtomicNumber_list_3:kConv': 1.0, '0:atom_AtomicNumber_list_4:kConv': 0.8, '0:atom_MorganHash:kDelta': 0.95, '0:atom_Ring_count:kDelta': 0.9, '0:atom_RingSize_list:kConv': 0.95, '0:atom_Hcount:kDelta': 1.0, '0:atom_AtomicNumber_count_1:kDelta': 0.85, '0:atom_AtomicNumber_count_2:kDelta': 0.8, '0:atom_Chiral:kDelta': 0.85, '0:bond_Order:kDelta': 0.95, '0:bond_Stereo:kDelta': 0.95, '0:bond_RingStereo:kDelta': 0.85, '0:q:q': 0.5, '1:features_kernel:Matern32': 13.1, '2:features_kernel:Matern32': 11.1, '3:features_kernel:Matern32': 21.1, '4:features_kernel:Matern32': 2.1, '5:features_kernel:Matern32': 11.1, '6:features_kernel:Matern32': 23.1, '7:features_kernel:Matern32': 22.1, '8:features_kernel:Matern32': 8.1, '9:features_kernel:Matern32': 5.1, '10:features_kernel:Matern32': 14.1, '11:features_kernel:Matern32': 10.1, 'alpha': 0.074}. Best is trial 1 with value: 12.700863459667357.
/gpfs_common/share03/ddomlab/sdehgha2/working_space/GP_collab/code_python/training/MGK_and_tools/mgktools/mgktools/kernels/base.py:225: UserWarning: The distribution is specified by [0.1, 30] and step=1, but the range is not divisible by `step`. It will be replaced with [0.1, 29.1].
  self.unique_name: trial.suggest_float(
