[I 2026-04-22 15:01:12,364] Trial 15 finished with value: 12.02160314421015 and parameters: {'0:atom_AtomicNumber:kDelta': 0.9, '0:atom_AtomicNumber_list_1:kConv': 1.0, '0:atom_AtomicNumber_list_2:kConv': 0.8, '0:atom_AtomicNumber_list_3:kConv': 0.8, '0:atom_AtomicNumber_list_4:kConv': 0.95, '0:atom_MorganHash:kDelta': 0.75, '0:atom_Ring_count:kDelta': 0.95, '0:atom_RingSize_list:kConv': 0.8, '0:atom_Hcount:kDelta': 0.75, '0:atom_AtomicNumber_count_1:kDelta': 0.8, '0:atom_AtomicNumber_count_2:kDelta': 0.95, '0:atom_Chiral:kDelta': 0.75, '0:bond_Order:kDelta': 0.8, '0:bond_Stereo:kDelta': 0.8, '0:bond_RingStereo:kDelta': 0.8, '0:q:q': 0.43, '1:features_kernel:Matern32': 15.1, '2:features_kernel:Matern32': 20.1, '3:features_kernel:Matern32': 12.1, '4:features_kernel:Matern32': 29.1, '5:features_kernel:Matern32': 16.1, '6:features_kernel:Matern32': 9.1, '7:features_kernel:Matern32': 17.1, '8:features_kernel:Matern32': 5.1, '9:features_kernel:Matern32': 24.1, '10:features_kernel:Matern32': 11.1, '11:features_kernel:Matern32': 20.1, 'alpha': 0.026000000000000002}. Best is trial 15 with value: 12.02160314421015.
/gpfs_common/share03/ddomlab/sdehgha2/working_space/GP_collab/code_python/training/MGK_and_tools/mgktools/mgktools/kernels/base.py:225: UserWarning: The distribution is specified by [0.1, 30] and step=1, but the range is not divisible by `step`. It will be replaced with [0.1, 29.1].
  self.unique_name: trial.suggest_float(
[I 2026-04-22 15:01:25,370] Trial 16 finished with value: 12.032347369344556 and parameters: {'0:atom_AtomicNumber:kDelta': 0.95, '0:atom_AtomicNumber_list_1:kConv': 1.0, '0:atom_AtomicNumber_list_2:kConv': 0.8, '0:atom_AtomicNumber_list_3:kConv': 0.8, '0:atom_AtomicNumber_list_4:kConv': 0.85, '0:atom_MorganHash:kDelta': 0.75, '0:atom_Ring_count:kDelta': 0.95, '0:atom_RingSize_list:kConv': 0.8, '0:atom_Hcount:kDelta': 0.75, '0:atom_AtomicNumber_count_1:kDelta': 0.8, '0:atom_AtomicNumber_count_2:kDelta': 0.95, '0:atom_Chiral:kDelta': 0.75, '0:bond_Order:kDelta': 0.8, '0:bond_Stereo:kDelta': 0.8, '0:bond_RingStereo:kDelta': 0.8, '0:q:q': 0.44, '1:features_kernel:Matern32': 14.1, '2:features_kernel:Matern32': 23.1, '3:features_kernel:Matern32': 12.1, '4:features_kernel:Matern32': 29.1, '5:features_kernel:Matern32': 15.1, '6:features_kernel:Matern32': 8.1, '7:features_kernel:Matern32': 17.1, '8:features_kernel:Matern32': 5.1, '9:features_kernel:Matern32': 24.1, '10:features_kernel:Matern32': 21.1, '11:features_kernel:Matern32': 19.1, 'alpha': 0.035}. Best is trial 15 with value: 12.02160314421015.
/gpfs_common/share03/ddomlab/sdehgha2/working_space/GP_collab/code_python/training/MGK_and_tools/mgktools/mgktools/kernels/base.py:225: UserWarning: The distribution is specified by [0.1, 30] and step=1, but the range is not divisible by `step`. It will be replaced with [0.1, 29.1].
  self.unique_name: trial.suggest_float(
[I 2026-04-22 15:01:39,289] Trial 17 finished with value: 12.045842294116946 and parameters: {'0:atom_AtomicNumber:kDelta': 0.95, '0:atom_AtomicNumber_list_1:kConv': 1.0, '0:atom_AtomicNumber_list_2:kConv': 0.8, '0:atom_AtomicNumber_list_3:kConv': 0.8, '0:atom_AtomicNumber_list_4:kConv': 0.85, '0:atom_MorganHash:kDelta': 0.85, '0:atom_Ring_count:kDelta': 0.85, '0:atom_RingSize_list:kConv': 0.8, '0:atom_Hcount:kDelta': 0.75, '0:atom_AtomicNumber_count_1:kDelta': 0.8, '0:atom_AtomicNumber_count_2:kDelta': 0.95, '0:atom_Chiral:kDelta': 0.75, '0:bond_Order:kDelta': 0.85, '0:bond_Stereo:kDelta': 0.8, '0:bond_RingStereo:kDelta': 0.85, '0:q:q': 0.28, '1:features_kernel:Matern32': 16.1, '2:features_kernel:Matern32': 24.1, '3:features_kernel:Matern32': 12.1, '4:features_kernel:Matern32': 27.1, '5:features_kernel:Matern32': 15.1, '6:features_kernel:Matern32': 7.1, '7:features_kernel:Matern32': 18.1, '8:features_kernel:Matern32': 5.1, '9:features_kernel:Matern32': 24.1, '10:features_kernel:Matern32': 22.1, '11:features_kernel:Matern32': 17.1, 'alpha': 0.041}. Best is trial 15 with value: 12.02160314421015.
/gpfs_common/share03/ddomlab/sdehgha2/working_space/GP_collab/code_python/training/MGK_and_tools/mgktools/mgktools/kernels/base.py:225: UserWarning: The distribution is specified by [0.1, 30] and step=1, but the range is not divisible by `step`. It will be replaced with [0.1, 29.1].
  self.unique_name: trial.suggest_float(
[I 2026-04-22 15:01:51,238] Trial 18 finished with value: 12.102618368089658 and parameters: {'0:atom_AtomicNumber:kDelta': 0.95, '0:atom_AtomicNumber_list_1:kConv': 0.95, '0:atom_AtomicNumber_list_2:kConv': 0.85, '0:atom_AtomicNumber_list_3:kConv': 0.75, '0:atom_AtomicNumber_list_4:kConv': 0.85, '0:atom_MorganHash:kDelta': 0.8, '0:atom_Ring_count:kDelta': 0.95, '0:atom_RingSize_list:kConv': 0.8, '0:atom_Hcount:kDelta': 0.8, '0:atom_AtomicNumber_count_1:kDelta': 0.8, '0:atom_AtomicNumber_count_2:kDelta': 0.95, '0:atom_Chiral:kDelta': 0.75, '0:bond_Order:kDelta': 0.8, '0:bond_Stereo:kDelta': 0.75, '0:bond_RingStereo:kDelta': 0.8, '0:q:q': 0.46, '1:features_kernel:Matern32': 16.1, '2:features_kernel:Matern32': 25.1, '3:features_kernel:Matern32': 7.1, '4:features_kernel:Matern32': 25.1, '5:features_kernel:Matern32': 14.1, '6:features_kernel:Matern32': 7.1, '7:features_kernel:Matern32': 10.1, '8:features_kernel:Matern32': 15.1, '9:features_kernel:Matern32': 23.1, '10:features_kernel:Matern32': 21.1, '11:features_kernel:Matern32': 20.1, 'alpha': 0.037000000000000005}. Best is trial 15 with value: 12.02160314421015.
/gpfs_common/share03/ddomlab/sdehgha2/working_space/GP_collab/code_python/training/MGK_and_tools/mgktools/mgktools/kernels/base.py:225: UserWarning: The distribution is specified by [0.1, 30] and step=1, but the range is not divisible by `step`. It will be replaced with [0.1, 29.1].
  self.unique_name: trial.suggest_float(
[I 2026-04-22 15:02:05,299] Trial 19 finished with value: 12.762288092037911 and parameters: {'0:atom_AtomicNumber:kDelta': 0.9, '0:atom_AtomicNumber_list_1:kConv': 0.95, '0:atom_AtomicNumber_list_2:kConv': 0.85, '0:atom_AtomicNumber_list_3:kConv': 0.8, '0:atom_AtomicNumber_list_4:kConv': 0.9, '0:atom_MorganHash:kDelta': 0.75, '0:atom_Ring_count:kDelta': 0.85, '0:atom_RingSize_list:kConv': 0.85, '0:atom_Hcount:kDelta': 0.75, '0:atom_AtomicNumber_count_1:kDelta': 0.75, '0:atom_AtomicNumber_count_2:kDelta': 0.95, '0:atom_Chiral:kDelta': 0.8, '0:bond_Order:kDelta': 0.85, '0:bond_Stereo:kDelta': 0.8, '0:bond_RingStereo:kDelta': 0.85, '0:q:q': 0.28, '1:features_kernel:Matern32': 12.1, '2:features_kernel:Matern32': 22.1, '3:features_kernel:Matern32': 16.1, '4:features_kernel:Matern32': 19.1, '5:features_kernel:Matern32': 16.1, '6:features_kernel:Matern32': 29.1, '7:features_kernel:Matern32': 19.1, '8:features_kernel:Matern32': 4.1, '9:features_kernel:Matern32': 25.1, '10:features_kernel:Matern32': 28.1, '11:features_kernel:Matern32': 12.1, 'alpha': 0.053000000000000005}. Best is trial 15 with value: 12.02160314421015.
/gpfs_common/share03/ddomlab/sdehgha2/working_space/GP_collab/code_python/training/MGK_and_tools/mgktools/mgktools/kernels/base.py:225: UserWarning: The distribution is specified by [0.1, 30] and step=1, but the range is not divisible by `step`. It will be replaced with [0.1, 29.1].
  self.unique_name: trial.suggest_float(
[I 2026-04-22 15:02:18,562] Trial 20 finished with value: 24.18984239336627 and parameters: {'0:atom_AtomicNumber:kDelta': 0.95, '0:atom_AtomicNumber_list_1:kConv': 1.0, '0:atom_AtomicNumber_list_2:kConv': 0.8, '0:atom_AtomicNumber_list_3:kConv': 0.85, '0:atom_AtomicNumber_list_4:kConv': 0.85, '0:atom_MorganHash:kDelta': 0.85, '0:atom_Ring_count:kDelta': 0.95, '0:atom_RingSize_list:kConv': 0.8, '0:atom_Hcount:kDelta': 0.85, '0:atom_AtomicNumber_count_1:kDelta': 0.85, '0:atom_AtomicNumber_count_2:kDelta': 0.95, '0:atom_Chiral:kDelta': 0.75, '0:bond_Order:kDelta': 0.8, '0:bond_Stereo:kDelta': 0.8, '0:bond_RingStereo:kDelta': 0.95, '0:q:q': 0.42000000000000004, '1:features_kernel:Matern32': 18.1, '2:features_kernel:Matern32': 29.1, '3:features_kernel:Matern32': 7.1, '4:features_kernel:Matern32': 25.1, '5:features_kernel:Matern32': 24.1, '6:features_kernel:Matern32': 0.1, '7:features_kernel:Matern32': 19.1, '8:features_kernel:Matern32': 15.1, '9:features_kernel:Matern32': 13.1, '10:features_kernel:Matern32': 12.1, '11:features_kernel:Matern32': 20.1, 'alpha': 0.021}. Best is trial 15 with value: 12.02160314421015.
/gpfs_common/share03/ddomlab/sdehgha2/working_space/GP_collab/code_python/training/MGK_and_tools/mgktools/mgktools/kernels/base.py:225: UserWarning: The distribution is specified by [0.1, 30] and step=1, but the range is not divisible by `step`. It will be replaced with [0.1, 29.1].
  self.unique_name: trial.suggest_float(
[I 2026-04-22 15:02:29,034] Trial 21 finished with value: 12.022739779159181 and parameters: {'0:atom_AtomicNumber:kDelta': 0.9, '0:atom_AtomicNumber_list_1:kConv': 1.0, '0:atom_AtomicNumber_list_2:kConv': 0.75, '0:atom_AtomicNumber_list_3:kConv': 0.8, '0:atom_AtomicNumber_list_4:kConv': 0.95, '0:atom_MorganHash:kDelta': 0.75, '0:atom_Ring_count:kDelta': 0.95, '0:atom_RingSize_list:kConv': 0.8, '0:atom_Hcount:kDelta': 0.75, '0:atom_AtomicNumber_count_1:kDelta': 0.8, '0:atom_AtomicNumber_count_2:kDelta': 0.95, '0:atom_Chiral:kDelta': 0.8, '0:bond_Order:kDelta': 0.8, '0:bond_Stereo:kDelta': 0.8, '0:bond_RingStereo:kDelta': 0.8, '0:q:q': 0.45, '1:features_kernel:Matern32': 12.1, '2:features_kernel:Matern32': 19.1, '3:features_kernel:Matern32': 13.1, '4:features_kernel:Matern32': 28.1, '5:features_kernel:Matern32': 17.1, '6:features_kernel:Matern32': 9.1, '7:features_kernel:Matern32': 16.1, '8:features_kernel:Matern32': 4.1, '9:features_kernel:Matern32': 26.1, '10:features_kernel:Matern32': 19.1, '11:features_kernel:Matern32': 24.1, 'alpha': 0.021}. Best is trial 15 with value: 12.02160314421015.
/gpfs_common/share03/ddomlab/sdehgha2/working_space/GP_collab/code_python/training/MGK_and_tools/mgktools/mgktools/kernels/base.py:225: UserWarning: The distribution is specified by [0.1, 30] and step=1, but the range is not divisible by `step`. It will be replaced with [0.1, 29.1].
  self.unique_name: trial.suggest_float(
[I 2026-04-22 15:02:41,182] Trial 22 finished with value: 12.01911877713302 and parameters: {'0:atom_AtomicNumber:kDelta': 0.9, '0:atom_AtomicNumber_list_1:kConv': 1.0, '0:atom_AtomicNumber_list_2:kConv': 0.8, '0:atom_AtomicNumber_list_3:kConv': 0.8, '0:atom_AtomicNumber_list_4:kConv': 0.9, '0:atom_MorganHash:kDelta': 0.75, '0:atom_Ring_count:kDelta': 0.95, '0:atom_RingSize_list:kConv': 0.85, '0:atom_Hcount:kDelta': 0.75, '0:atom_AtomicNumber_count_1:kDelta': 0.8, '0:atom_AtomicNumber_count_2:kDelta': 0.9, '0:atom_Chiral:kDelta': 0.75, '0:bond_Order:kDelta': 0.85, '0:bond_Stereo:kDelta': 0.75, '0:bond_RingStereo:kDelta': 0.8, '0:q:q': 0.47000000000000003, '1:features_kernel:Matern32': 12.1, '2:features_kernel:Matern32': 21.1, '3:features_kernel:Matern32': 13.1, '4:features_kernel:Matern32': 27.1, '5:features_kernel:Matern32': 16.1, '6:features_kernel:Matern32': 7.1, '7:features_kernel:Matern32': 16.1, '8:features_kernel:Matern32': 3.1, '9:features_kernel:Matern32': 22.1, '10:features_kernel:Matern32': 20.1, '11:features_kernel:Matern32': 22.1, 'alpha': 0.030000000000000002}. Best is trial 22 with value: 12.01911877713302.
/gpfs_common/share03/ddomlab/sdehgha2/working_space/GP_collab/code_python/training/MGK_and_tools/mgktools/mgktools/kernels/base.py:225: UserWarning: The distribution is specified by [0.1, 30] and step=1, but the range is not divisible by `step`. It will be replaced with [0.1, 29.1].
  self.unique_name: trial.suggest_float(
[I 2026-04-22 15:02:53,543] Trial 23 finished with value: 12.18283454137981 and parameters: {'0:atom_AtomicNumber:kDelta': 0.9, '0:atom_AtomicNumber_list_1:kConv': 0.95, '0:atom_AtomicNumber_list_2:kConv': 0.75, '0:atom_AtomicNumber_list_3:kConv': 0.75, '0:atom_AtomicNumber_list_4:kConv': 0.9, '0:atom_MorganHash:kDelta': 0.8, '0:atom_Ring_count:kDelta': 0.95, '0:atom_RingSize_list:kConv': 0.85, '0:atom_Hcount:kDelta': 0.8, '0:atom_AtomicNumber_count_1:kDelta': 0.85, '0:atom_AtomicNumber_count_2:kDelta': 0.9, '0:atom_Chiral:kDelta': 0.8, '0:bond_Order:kDelta': 0.85, '0:bond_Stereo:kDelta': 0.75, '0:bond_RingStereo:kDelta': 0.75, '0:q:q': 0.46, '1:features_kernel:Matern32': 5.1, '2:features_kernel:Matern32': 18.1, '3:features_kernel:Matern32': 14.1, '4:features_kernel:Matern32': 22.1, '5:features_kernel:Matern32': 23.1, '6:features_kernel:Matern32': 11.1, '7:features_kernel:Matern32': 10.1, '8:features_kernel:Matern32': 3.1, '9:features_kernel:Matern32': 21.1, '10:features_kernel:Matern32': 19.1, '11:features_kernel:Matern32': 25.1, 'alpha': 0.029}. Best is trial 22 with value: 12.01911877713302.
/gpfs_common/share03/ddomlab/sdehgha2/working_space/GP_collab/code_python/training/MGK_and_tools/mgktools/mgktools/kernels/base.py:225: UserWarning: The distribution is specified by [0.1, 30] and step=1, but the range is not divisible by `step`. It will be replaced with [0.1, 29.1].
  self.unique_name: trial.suggest_float(
[I 2026-04-22 15:03:05,528] Trial 24 finished with value: 12.326359080311827 and parameters: {'0:atom_AtomicNumber:kDelta': 0.9, '0:atom_AtomicNumber_list_1:kConv': 1.0, '0:atom_AtomicNumber_list_2:kConv': 0.8, '0:atom_AtomicNumber_list_3:kConv': 0.85, '0:atom_AtomicNumber_list_4:kConv': 0.95, '0:atom_MorganHash:kDelta': 0.75, '0:atom_Ring_count:kDelta': 0.85, '0:atom_RingSize_list:kConv': 0.85, '0:atom_Hcount:kDelta': 0.75, '0:atom_AtomicNumber_count_1:kDelta': 0.75, '0:atom_AtomicNumber_count_2:kDelta': 0.85, '0:atom_Chiral:kDelta': 0.75, '0:bond_Order:kDelta': 0.85, '0:bond_Stereo:kDelta': 0.75, '0:bond_RingStereo:kDelta': 0.85, '0:q:q': 0.5, '1:features_kernel:Matern32': 11.1, '2:features_kernel:Matern32': 21.1, '3:features_kernel:Matern32': 21.1, '4:features_kernel:Matern32': 26.1, '5:features_kernel:Matern32': 17.1, '6:features_kernel:Matern32': 5.1, '7:features_kernel:Matern32': 15.1, '8:features_kernel:Matern32': 8.1, '9:features_kernel:Matern32': 26.1, '10:features_kernel:Matern32': 12.1, '11:features_kernel:Matern32': 25.1, 'alpha': 0.016}. Best is trial 22 with value: 12.01911877713302.
/gpfs_common/share03/ddomlab/sdehgha2/working_space/GP_collab/code_python/training/MGK_and_tools/mgktools/mgktools/kernels/base.py:225: UserWarning: The distribution is specified by [0.1, 30] and step=1, but the range is not divisible by `step`. It will be replaced with [0.1, 29.1].
  self.unique_name: trial.suggest_float(
[I 2026-04-22 15:03:18,013] Trial 25 finished with value: 12.116970666897329 and parameters: {'0:atom_AtomicNumber:kDelta': 0.9, '0:atom_AtomicNumber_list_1:kConv': 0.95, '0:atom_AtomicNumber_list_2:kConv': 0.85, '0:atom_AtomicNumber_list_3:kConv': 0.8, '0:atom_AtomicNumber_list_4:kConv': 0.95, '0:atom_MorganHash:kDelta': 0.8, '0:atom_Ring_count:kDelta': 0.9, '0:atom_RingSize_list:kConv': 0.8, '0:atom_Hcount:kDelta': 0.8, '0:atom_AtomicNumber_count_1:kDelta': 0.8, '0:atom_AtomicNumber_count_2:kDelta': 0.9, '0:atom_Chiral:kDelta': 0.8, '0:bond_Order:kDelta': 0.8, '0:bond_Stereo:kDelta': 0.75, '0:bond_RingStereo:kDelta': 0.8, '0:q:q': 0.4, '1:features_kernel:Matern32': 11.1, '2:features_kernel:Matern32': 15.1, '3:features_kernel:Matern32': 10.1, '4:features_kernel:Matern32': 22.1, '5:features_kernel:Matern32': 12.1, '6:features_kernel:Matern32': 11.1, '7:features_kernel:Matern32': 20.1, '8:features_kernel:Matern32': 2.1, '9:features_kernel:Matern32': 21.1, '10:features_kernel:Matern32': 24.1, '11:features_kernel:Matern32': 23.1, 'alpha': 0.046}. Best is trial 22 with value: 12.01911877713302.
/gpfs_common/share03/ddomlab/sdehgha2/working_space/GP_collab/code_python/training/MGK_and_tools/mgktools/mgktools/kernels/base.py:225: UserWarning: The distribution is specified by [0.1, 30] and step=1, but the range is not divisible by `step`. It will be replaced with [0.1, 29.1].
  self.unique_name: trial.suggest_float(
[I 2026-04-22 15:03:32,261] Trial 26 finished with value: 12.482610494523836 and parameters: {'0:atom_AtomicNumber:kDelta': 0.85, '0:atom_AtomicNumber_list_1:kConv': 1.0, '0:atom_AtomicNumber_list_2:kConv': 0.75, '0:atom_AtomicNumber_list_3:kConv': 0.75, '0:atom_AtomicNumber_list_4:kConv': 0.9, '0:atom_MorganHash:kDelta': 0.75, '0:atom_Ring_count:kDelta': 0.95, '0:atom_RingSize_list:kConv': 0.85, '0:atom_Hcount:kDelta': 0.75, '0:atom_AtomicNumber_count_1:kDelta': 0.9, '0:atom_AtomicNumber_count_2:kDelta': 0.95, '0:atom_Chiral:kDelta': 0.75, '0:bond_Order:kDelta': 0.85, '0:bond_Stereo:kDelta': 0.8, '0:bond_RingStereo:kDelta': 0.8, '0:q:q': 0.32, '1:features_kernel:Matern32': 17.1, '2:features_kernel:Matern32': 26.1, '3:features_kernel:Matern32': 15.1, '4:features_kernel:Matern32': 18.1, '5:features_kernel:Matern32': 29.1, '6:features_kernel:Matern32': 18.1, '7:features_kernel:Matern32': 13.1, '8:features_kernel:Matern32': 6.1, '9:features_kernel:Matern32': 16.1, '10:features_kernel:Matern32': 18.1, '11:features_kernel:Matern32': 14.1, 'alpha': 0.029}. Best is trial 22 with value: 12.01911877713302.
/gpfs_common/share03/ddomlab/sdehgha2/working_space/GP_collab/code_python/training/MGK_and_tools/mgktools/mgktools/kernels/base.py:225: UserWarning: The distribution is specified by [0.1, 30] and step=1, but the range is not divisible by `step`. It will be replaced with [0.1, 29.1].
  self.unique_name: trial.suggest_float(
[I 2026-04-22 15:03:44,334] Trial 27 finished with value: 12.135892000018384 and parameters: {'0:atom_AtomicNumber:kDelta': 0.95, '0:atom_AtomicNumber_list_1:kConv': 0.95, '0:atom_AtomicNumber_list_2:kConv': 0.8, '0:atom_AtomicNumber_list_3:kConv': 0.85, '0:atom_AtomicNumber_list_4:kConv': 0.95, '0:atom_MorganHash:kDelta': 0.8, '0:atom_Ring_count:kDelta': 0.95, '0:atom_RingSize_list:kConv': 0.75, '0:atom_Hcount:kDelta': 0.8, '0:atom_AtomicNumber_count_1:kDelta': 0.8, '0:atom_AtomicNumber_count_2:kDelta': 0.9, '0:atom_Chiral:kDelta': 0.8, '0:bond_Order:kDelta': 0.75, '0:bond_Stereo:kDelta': 0.85, '0:bond_RingStereo:kDelta': 0.85, '0:q:q': 0.47000000000000003, '1:features_kernel:Matern32': 6.1, '2:features_kernel:Matern32': 17.1, '3:features_kernel:Matern32': 20.1, '4:features_kernel:Matern32': 27.1, '5:features_kernel:Matern32': 10.1, '6:features_kernel:Matern32': 6.1, '7:features_kernel:Matern32': 11.1, '8:features_kernel:Matern32': 10.1, '9:features_kernel:Matern32': 26.1, '10:features_kernel:Matern32': 29.1, '11:features_kernel:Matern32': 18.1, 'alpha': 0.012}. Best is trial 22 with value: 12.01911877713302.
/gpfs_common/share03/ddomlab/sdehgha2/working_space/GP_collab/code_python/training/MGK_and_tools/mgktools/mgktools/kernels/base.py:225: UserWarning: The distribution is specified by [0.1, 30] and step=1, but the range is not divisible by `step`. It will be replaced with [0.1, 29.1].
  self.unique_name: trial.suggest_float(
[I 2026-04-22 15:03:57,139] Trial 28 finished with value: 11.973934674052469 and parameters: {'0:atom_AtomicNumber:kDelta': 0.9, '0:atom_AtomicNumber_list_1:kConv': 1.0, '0:atom_AtomicNumber_list_2:kConv': 0.85, '0:atom_AtomicNumber_list_3:kConv': 0.8, '0:atom_AtomicNumber_list_4:kConv': 0.9, '0:atom_MorganHash:kDelta': 0.75, '0:atom_Ring_count:kDelta': 0.9, '0:atom_RingSize_list:kConv': 0.8, '0:atom_Hcount:kDelta': 0.75, '0:atom_AtomicNumber_count_1:kDelta': 0.85, '0:atom_AtomicNumber_count_2:kDelta': 1.0, '0:atom_Chiral:kDelta': 0.75, '0:bond_Order:kDelta': 0.9, '0:bond_Stereo:kDelta': 0.75, '0:bond_RingStereo:kDelta': 0.75, '0:q:q': 0.39, '1:features_kernel:Matern32': 11.1, '2:features_kernel:Matern32': 12.1, '3:features_kernel:Matern32': 10.1, '4:features_kernel:Matern32': 24.1, '5:features_kernel:Matern32': 17.1, '6:features_kernel:Matern32': 9.1, '7:features_kernel:Matern32': 8.1, '8:features_kernel:Matern32': 2.1, '9:features_kernel:Matern32': 20.1, '10:features_kernel:Matern32': 13.1, '11:features_kernel:Matern32': 26.1, 'alpha': 0.025}. Best is trial 28 with value: 11.973934674052469.
/gpfs_common/share03/ddomlab/sdehgha2/working_space/GP_collab/code_python/training/MGK_and_tools/mgktools/mgktools/kernels/base.py:225: UserWarning: The distribution is specified by [0.1, 30] and step=1, but the range is not divisible by `step`. It will be replaced with [0.1, 29.1].
  self.unique_name: trial.suggest_float(
[I 2026-04-22 15:04:10,533] Trial 29 finished with value: 12.209761291715209 and parameters: {'0:atom_AtomicNumber:kDelta': 0.85, '0:atom_AtomicNumber_list_1:kConv': 0.95, '0:atom_AtomicNumber_list_2:kConv': 0.9, '0:atom_AtomicNumber_list_3:kConv': 0.75, '0:atom_AtomicNumber_list_4:kConv': 0.9, '0:atom_MorganHash:kDelta': 0.85, '0:atom_Ring_count:kDelta': 0.8, '0:atom_RingSize_list:kConv': 0.85, '0:atom_Hcount:kDelta': 0.85, '0:atom_AtomicNumber_count_1:kDelta': 0.9, '0:atom_AtomicNumber_count_2:kDelta': 1.0, '0:atom_Chiral:kDelta': 0.75, '0:bond_Order:kDelta': 0.95, '0:bond_Stereo:kDelta': 0.75, '0:bond_RingStereo:kDelta': 0.75, '0:q:q': 0.33, '1:features_kernel:Matern32': 4.1, '2:features_kernel:Matern32': 12.1, '3:features_kernel:Matern32': 10.1, '4:features_kernel:Matern32': 23.1, '5:features_kernel:Matern32': 22.1, '6:features_kernel:Matern32': 12.1, '7:features_kernel:Matern32': 8.1, '8:features_kernel:Matern32': 2.1, '9:features_kernel:Matern32': 21.1, '10:features_kernel:Matern32': 13.1, '11:features_kernel:Matern32': 26.1, 'alpha': 0.05}. Best is trial 28 with value: 11.973934674052469.
/gpfs_common/share03/ddomlab/sdehgha2/working_space/GP_collab/code_python/training/MGK_and_tools/mgktools/mgktools/kernels/base.py:225: UserWarning: The distribution is specified by [0.1, 30] and step=1, but the range is not divisible by `step`. It will be replaced with [0.1, 29.1].
  self.unique_name: trial.suggest_float(
