[I 2026-04-22 12:33:08,518] Trial 11 finished with value: 12.511564464386197 and parameters: {'0:atom_AtomicNumber:kDelta': 0.9, '0:atom_AtomicNumber_list_1:kConv': 1.0, '0:atom_AtomicNumber_list_2:kConv': 0.75, '0:atom_AtomicNumber_list_3:kConv': 0.9, '0:atom_AtomicNumber_list_4:kConv': 0.95, '0:atom_MorganHash:kDelta': 0.8, '0:atom_Ring_count:kDelta': 0.85, '0:atom_RingSize_list:kConv': 0.75, '0:atom_Hcount:kDelta': 0.95, '0:atom_AtomicNumber_count_1:kDelta': 0.75, '0:atom_AtomicNumber_count_2:kDelta': 1.0, '0:atom_Chiral:kDelta': 0.75, '0:bond_Order:kDelta': 0.75, '0:bond_Stereo:kDelta': 1.0, '0:bond_RingStereo:kDelta': 1.0, '0:q:q': 0.01, '1:features_kernel:Matern32': 8.1, '2:features_kernel:Matern32': 21.1, '3:features_kernel:Matern32': 14.1, '4:features_kernel:Matern32': 28.1, '5:features_kernel:Matern32': 24.1, '6:features_kernel:Matern32': 29.1, '7:features_kernel:Matern32': 14.1, '8:features_kernel:Matern32': 0.1, '9:features_kernel:Matern32': 29.1, '10:features_kernel:Matern32': 29.1, '11:features_kernel:Matern32': 21.1, 'alpha': 0.054}. Best is trial 11 with value: 12.511564464386197.
/gpfs_common/share03/ddomlab/sdehgha2/working_space/GP_collab/code_python/training/MGK_and_tools/mgktools/mgktools/kernels/base.py:225: UserWarning: The distribution is specified by [0.1, 30] and step=1, but the range is not divisible by `step`. It will be replaced with [0.1, 29.1].
  self.unique_name: trial.suggest_float(
[I 2026-04-22 12:33:23,864] Trial 12 finished with value: 12.498811535371557 and parameters: {'0:atom_AtomicNumber:kDelta': 0.9, '0:atom_AtomicNumber_list_1:kConv': 1.0, '0:atom_AtomicNumber_list_2:kConv': 0.75, '0:atom_AtomicNumber_list_3:kConv': 0.9, '0:atom_AtomicNumber_list_4:kConv': 0.95, '0:atom_MorganHash:kDelta': 0.8, '0:atom_Ring_count:kDelta': 0.85, '0:atom_RingSize_list:kConv': 0.75, '0:atom_Hcount:kDelta': 0.95, '0:atom_AtomicNumber_count_1:kDelta': 0.75, '0:atom_AtomicNumber_count_2:kDelta': 1.0, '0:atom_Chiral:kDelta': 0.75, '0:bond_Order:kDelta': 0.75, '0:bond_Stereo:kDelta': 1.0, '0:bond_RingStereo:kDelta': 1.0, '0:q:q': 0.02, '1:features_kernel:Matern32': 9.1, '2:features_kernel:Matern32': 23.1, '3:features_kernel:Matern32': 17.1, '4:features_kernel:Matern32': 29.1, '5:features_kernel:Matern32': 19.1, '6:features_kernel:Matern32': 28.1, '7:features_kernel:Matern32': 12.1, '8:features_kernel:Matern32': 0.1, '9:features_kernel:Matern32': 29.1, '10:features_kernel:Matern32': 29.1, '11:features_kernel:Matern32': 18.1, 'alpha': 0.041}. Best is trial 12 with value: 12.498811535371557.
/gpfs_common/share03/ddomlab/sdehgha2/working_space/GP_collab/code_python/training/MGK_and_tools/mgktools/mgktools/kernels/base.py:225: UserWarning: The distribution is specified by [0.1, 30] and step=1, but the range is not divisible by `step`. It will be replaced with [0.1, 29.1].
  self.unique_name: trial.suggest_float(
[I 2026-04-22 12:33:37,497] Trial 13 finished with value: 12.486407813062648 and parameters: {'0:atom_AtomicNumber:kDelta': 0.95, '0:atom_AtomicNumber_list_1:kConv': 1.0, '0:atom_AtomicNumber_list_2:kConv': 0.75, '0:atom_AtomicNumber_list_3:kConv': 0.8, '0:atom_AtomicNumber_list_4:kConv': 0.85, '0:atom_MorganHash:kDelta': 0.75, '0:atom_Ring_count:kDelta': 0.85, '0:atom_RingSize_list:kConv': 0.75, '0:atom_Hcount:kDelta': 0.95, '0:atom_AtomicNumber_count_1:kDelta': 0.8, '0:atom_AtomicNumber_count_2:kDelta': 1.0, '0:atom_Chiral:kDelta': 0.75, '0:bond_Order:kDelta': 0.75, '0:bond_Stereo:kDelta': 0.95, '0:bond_RingStereo:kDelta': 1.0, '0:q:q': 0.08, '1:features_kernel:Matern32': 10.1, '2:features_kernel:Matern32': 28.1, '3:features_kernel:Matern32': 17.1, '4:features_kernel:Matern32': 29.1, '5:features_kernel:Matern32': 19.1, '6:features_kernel:Matern32': 29.1, '7:features_kernel:Matern32': 13.1, '8:features_kernel:Matern32': 0.1, '9:features_kernel:Matern32': 28.1, '10:features_kernel:Matern32': 24.1, '11:features_kernel:Matern32': 22.1, 'alpha': 0.025}. Best is trial 13 with value: 12.486407813062648.
/gpfs_common/share03/ddomlab/sdehgha2/working_space/GP_collab/code_python/training/MGK_and_tools/mgktools/mgktools/kernels/base.py:225: UserWarning: The distribution is specified by [0.1, 30] and step=1, but the range is not divisible by `step`. It will be replaced with [0.1, 29.1].
  self.unique_name: trial.suggest_float(
[I 2026-04-22 12:33:51,212] Trial 14 finished with value: 12.767875770040222 and parameters: {'0:atom_AtomicNumber:kDelta': 0.95, '0:atom_AtomicNumber_list_1:kConv': 0.95, '0:atom_AtomicNumber_list_2:kConv': 0.8, '0:atom_AtomicNumber_list_3:kConv': 0.8, '0:atom_AtomicNumber_list_4:kConv': 0.85, '0:atom_MorganHash:kDelta': 0.75, '0:atom_Ring_count:kDelta': 0.8, '0:atom_RingSize_list:kConv': 0.8, '0:atom_Hcount:kDelta': 0.9, '0:atom_AtomicNumber_count_1:kDelta': 0.8, '0:atom_AtomicNumber_count_2:kDelta': 0.95, '0:atom_Chiral:kDelta': 0.75, '0:bond_Order:kDelta': 0.8, '0:bond_Stereo:kDelta': 0.95, '0:bond_RingStereo:kDelta': 0.95, '0:q:q': 0.09, '1:features_kernel:Matern32': 14.1, '2:features_kernel:Matern32': 28.1, '3:features_kernel:Matern32': 19.1, '4:features_kernel:Matern32': 29.1, '5:features_kernel:Matern32': 18.1, '6:features_kernel:Matern32': 15.1, '7:features_kernel:Matern32': 10.1, '8:features_kernel:Matern32': 4.1, '9:features_kernel:Matern32': 24.1, '10:features_kernel:Matern32': 22.1, '11:features_kernel:Matern32': 24.1, 'alpha': 0.021}. Best is trial 13 with value: 12.486407813062648.
/gpfs_common/share03/ddomlab/sdehgha2/working_space/GP_collab/code_python/training/MGK_and_tools/mgktools/mgktools/kernels/base.py:225: UserWarning: The distribution is specified by [0.1, 30] and step=1, but the range is not divisible by `step`. It will be replaced with [0.1, 29.1].
  self.unique_name: trial.suggest_float(
[I 2026-04-22 12:34:04,109] Trial 15 finished with value: 12.606701190861491 and parameters: {'0:atom_AtomicNumber:kDelta': 0.95, '0:atom_AtomicNumber_list_1:kConv': 1.0, '0:atom_AtomicNumber_list_2:kConv': 0.85, '0:atom_AtomicNumber_list_3:kConv': 0.8, '0:atom_AtomicNumber_list_4:kConv': 0.85, '0:atom_MorganHash:kDelta': 0.8, '0:atom_Ring_count:kDelta': 0.8, '0:atom_RingSize_list:kConv': 0.8, '0:atom_Hcount:kDelta': 0.95, '0:atom_AtomicNumber_count_1:kDelta': 0.8, '0:atom_AtomicNumber_count_2:kDelta': 0.95, '0:atom_Chiral:kDelta': 0.8, '0:bond_Order:kDelta': 0.75, '0:bond_Stereo:kDelta': 0.85, '0:bond_RingStereo:kDelta': 0.95, '0:q:q': 0.15000000000000002, '1:features_kernel:Matern32': 9.1, '2:features_kernel:Matern32': 25.1, '3:features_kernel:Matern32': 17.1, '4:features_kernel:Matern32': 18.1, '5:features_kernel:Matern32': 18.1, '6:features_kernel:Matern32': 18.1, '7:features_kernel:Matern32': 18.1, '8:features_kernel:Matern32': 4.1, '9:features_kernel:Matern32': 24.1, '10:features_kernel:Matern32': 22.1, '11:features_kernel:Matern32': 23.1, 'alpha': 0.034}. Best is trial 13 with value: 12.486407813062648.
/gpfs_common/share03/ddomlab/sdehgha2/working_space/GP_collab/code_python/training/MGK_and_tools/mgktools/mgktools/kernels/base.py:225: UserWarning: The distribution is specified by [0.1, 30] and step=1, but the range is not divisible by `step`. It will be replaced with [0.1, 29.1].
  self.unique_name: trial.suggest_float(
[I 2026-04-22 12:34:15,790] Trial 16 finished with value: 15.88850779673241 and parameters: {'0:atom_AtomicNumber:kDelta': 0.95, '0:atom_AtomicNumber_list_1:kConv': 0.95, '0:atom_AtomicNumber_list_2:kConv': 0.75, '0:atom_AtomicNumber_list_3:kConv': 0.8, '0:atom_AtomicNumber_list_4:kConv': 0.9, '0:atom_MorganHash:kDelta': 0.75, '0:atom_Ring_count:kDelta': 0.85, '0:atom_RingSize_list:kConv': 0.75, '0:atom_Hcount:kDelta': 0.75, '0:atom_AtomicNumber_count_1:kDelta': 0.8, '0:atom_AtomicNumber_count_2:kDelta': 1.0, '0:atom_Chiral:kDelta': 0.75, '0:bond_Order:kDelta': 0.85, '0:bond_Stereo:kDelta': 0.95, '0:bond_RingStereo:kDelta': 1.0, '0:q:q': 0.25, '1:features_kernel:Matern32': 12.1, '2:features_kernel:Matern32': 24.1, '3:features_kernel:Matern32': 10.1, '4:features_kernel:Matern32': 24.1, '5:features_kernel:Matern32': 19.1, '6:features_kernel:Matern32': 8.1, '7:features_kernel:Matern32': 18.1, '8:features_kernel:Matern32': 4.1, '9:features_kernel:Matern32': 25.1, '10:features_kernel:Matern32': 9.1, '11:features_kernel:Matern32': 13.1, 'alpha': 0.001}. Best is trial 13 with value: 12.486407813062648.
/gpfs_common/share03/ddomlab/sdehgha2/working_space/GP_collab/code_python/training/MGK_and_tools/mgktools/mgktools/kernels/base.py:225: UserWarning: The distribution is specified by [0.1, 30] and step=1, but the range is not divisible by `step`. It will be replaced with [0.1, 29.1].
  self.unique_name: trial.suggest_float(
[I 2026-04-22 12:34:29,464] Trial 17 finished with value: 12.64842057495499 and parameters: {'0:atom_AtomicNumber:kDelta': 0.95, '0:atom_AtomicNumber_list_1:kConv': 0.75, '0:atom_AtomicNumber_list_2:kConv': 0.85, '0:atom_AtomicNumber_list_3:kConv': 0.85, '0:atom_AtomicNumber_list_4:kConv': 0.85, '0:atom_MorganHash:kDelta': 0.85, '0:atom_Ring_count:kDelta': 0.95, '0:atom_RingSize_list:kConv': 0.8, '0:atom_Hcount:kDelta': 0.85, '0:atom_AtomicNumber_count_1:kDelta': 0.8, '0:atom_AtomicNumber_count_2:kDelta': 0.95, '0:atom_Chiral:kDelta': 0.8, '0:bond_Order:kDelta': 0.8, '0:bond_Stereo:kDelta': 0.85, '0:bond_RingStereo:kDelta': 0.95, '0:q:q': 0.08, '1:features_kernel:Matern32': 5.1, '2:features_kernel:Matern32': 17.1, '3:features_kernel:Matern32': 22.1, '4:features_kernel:Matern32': 27.1, '5:features_kernel:Matern32': 14.1, '6:features_kernel:Matern32': 29.1, '7:features_kernel:Matern32': 0.1, '8:features_kernel:Matern32': 17.1, '9:features_kernel:Matern32': 26.1, '10:features_kernel:Matern32': 26.1, '11:features_kernel:Matern32': 29.1, 'alpha': 0.017}. Best is trial 13 with value: 12.486407813062648.
/gpfs_common/share03/ddomlab/sdehgha2/working_space/GP_collab/code_python/training/MGK_and_tools/mgktools/mgktools/kernels/base.py:225: UserWarning: The distribution is specified by [0.1, 30] and step=1, but the range is not divisible by `step`. It will be replaced with [0.1, 29.1].
  self.unique_name: trial.suggest_float(
[I 2026-04-22 12:34:40,958] Trial 18 finished with value: 12.999001729400916 and parameters: {'0:atom_AtomicNumber:kDelta': 0.9, '0:atom_AtomicNumber_list_1:kConv': 1.0, '0:atom_AtomicNumber_list_2:kConv': 0.8, '0:atom_AtomicNumber_list_3:kConv': 0.95, '0:atom_AtomicNumber_list_4:kConv': 0.8, '0:atom_MorganHash:kDelta': 0.8, '0:atom_Ring_count:kDelta': 0.8, '0:atom_RingSize_list:kConv': 0.75, '0:atom_Hcount:kDelta': 0.95, '0:atom_AtomicNumber_count_1:kDelta': 0.75, '0:atom_AtomicNumber_count_2:kDelta': 1.0, '0:atom_Chiral:kDelta': 0.75, '0:bond_Order:kDelta': 0.75, '0:bond_Stereo:kDelta': 0.95, '0:bond_RingStereo:kDelta': 1.0, '0:q:q': 0.35000000000000003, '1:features_kernel:Matern32': 16.1, '2:features_kernel:Matern32': 29.1, '3:features_kernel:Matern32': 14.1, '4:features_kernel:Matern32': 24.1, '5:features_kernel:Matern32': 21.1, '6:features_kernel:Matern32': 11.1, '7:features_kernel:Matern32': 9.1, '8:features_kernel:Matern32': 0.1, '9:features_kernel:Matern32': 1.1, '10:features_kernel:Matern32': 20.1, '11:features_kernel:Matern32': 19.1, 'alpha': 0.039}. Best is trial 13 with value: 12.486407813062648.
/gpfs_common/share03/ddomlab/sdehgha2/working_space/GP_collab/code_python/training/MGK_and_tools/mgktools/mgktools/kernels/base.py:225: UserWarning: The distribution is specified by [0.1, 30] and step=1, but the range is not divisible by `step`. It will be replaced with [0.1, 29.1].
  self.unique_name: trial.suggest_float(
[I 2026-04-22 12:34:59,918] Trial 19 finished with value: 12.485199003242077 and parameters: {'0:atom_AtomicNumber:kDelta': 0.95, '0:atom_AtomicNumber_list_1:kConv': 0.95, '0:atom_AtomicNumber_list_2:kConv': 0.75, '0:atom_AtomicNumber_list_3:kConv': 0.8, '0:atom_AtomicNumber_list_4:kConv': 1.0, '0:atom_MorganHash:kDelta': 0.75, '0:atom_Ring_count:kDelta': 0.95, '0:atom_RingSize_list:kConv': 0.85, '0:atom_Hcount:kDelta': 1.0, '0:atom_AtomicNumber_count_1:kDelta': 0.8, '0:atom_AtomicNumber_count_2:kDelta': 0.95, '0:atom_Chiral:kDelta': 0.8, '0:bond_Order:kDelta': 0.85, '0:bond_Stereo:kDelta': 1.0, '0:bond_RingStereo:kDelta': 0.95, '0:q:q': 0.05, '1:features_kernel:Matern32': 10.1, '2:features_kernel:Matern32': 25.1, '3:features_kernel:Matern32': 18.1, '4:features_kernel:Matern32': 15.1, '5:features_kernel:Matern32': 29.1, '6:features_kernel:Matern32': 26.1, '7:features_kernel:Matern32': 18.1, '8:features_kernel:Matern32': 3.1, '9:features_kernel:Matern32': 21.1, '10:features_kernel:Matern32': 26.1, '11:features_kernel:Matern32': 14.1, 'alpha': 0.023}. Best is trial 19 with value: 12.485199003242077.
/gpfs_common/share03/ddomlab/sdehgha2/working_space/GP_collab/code_python/training/MGK_and_tools/mgktools/mgktools/kernels/base.py:225: UserWarning: The distribution is specified by [0.1, 30] and step=1, but the range is not divisible by `step`. It will be replaced with [0.1, 29.1].
  self.unique_name: trial.suggest_float(
[I 2026-04-22 12:35:16,051] Trial 20 finished with value: 12.70747426352208 and parameters: {'0:atom_AtomicNumber:kDelta': 0.95, '0:atom_AtomicNumber_list_1:kConv': 0.95, '0:atom_AtomicNumber_list_2:kConv': 0.85, '0:atom_AtomicNumber_list_3:kConv': 0.75, '0:atom_AtomicNumber_list_4:kConv': 1.0, '0:atom_MorganHash:kDelta': 0.75, '0:atom_Ring_count:kDelta': 1.0, '0:atom_RingSize_list:kConv': 0.85, '0:atom_Hcount:kDelta': 1.0, '0:atom_AtomicNumber_count_1:kDelta': 0.8, '0:atom_AtomicNumber_count_2:kDelta': 0.95, '0:atom_Chiral:kDelta': 0.8, '0:bond_Order:kDelta': 0.85, '0:bond_Stereo:kDelta': 0.9, '0:bond_RingStereo:kDelta': 0.95, '0:q:q': 0.19, '1:features_kernel:Matern32': 16.1, '2:features_kernel:Matern32': 26.1, '3:features_kernel:Matern32': 21.1, '4:features_kernel:Matern32': 14.1, '5:features_kernel:Matern32': 27.1, '6:features_kernel:Matern32': 17.1, '7:features_kernel:Matern32': 18.1, '8:features_kernel:Matern32': 6.1, '9:features_kernel:Matern32': 22.1, '10:features_kernel:Matern32': 10.1, '11:features_kernel:Matern32': 13.1, 'alpha': 0.017}. Best is trial 19 with value: 12.485199003242077.
/gpfs_common/share03/ddomlab/sdehgha2/working_space/GP_collab/code_python/training/MGK_and_tools/mgktools/mgktools/kernels/base.py:225: UserWarning: The distribution is specified by [0.1, 30] and step=1, but the range is not divisible by `step`. It will be replaced with [0.1, 29.1].
  self.unique_name: trial.suggest_float(
[I 2026-04-22 12:35:32,858] Trial 21 finished with value: 12.491252998063032 and parameters: {'0:atom_AtomicNumber:kDelta': 0.95, '0:atom_AtomicNumber_list_1:kConv': 1.0, '0:atom_AtomicNumber_list_2:kConv': 0.75, '0:atom_AtomicNumber_list_3:kConv': 0.8, '0:atom_AtomicNumber_list_4:kConv': 1.0, '0:atom_MorganHash:kDelta': 0.75, '0:atom_Ring_count:kDelta': 0.95, '0:atom_RingSize_list:kConv': 0.8, '0:atom_Hcount:kDelta': 1.0, '0:atom_AtomicNumber_count_1:kDelta': 0.75, '0:atom_AtomicNumber_count_2:kDelta': 1.0, '0:atom_Chiral:kDelta': 0.75, '0:bond_Order:kDelta': 0.8, '0:bond_Stereo:kDelta': 1.0, '0:bond_RingStereo:kDelta': 1.0, '0:q:q': 0.060000000000000005, '1:features_kernel:Matern32': 6.1, '2:features_kernel:Matern32': 23.1, '3:features_kernel:Matern32': 18.1, '4:features_kernel:Matern32': 20.1, '5:features_kernel:Matern32': 29.1, '6:features_kernel:Matern32': 25.1, '7:features_kernel:Matern32': 16.1, '8:features_kernel:Matern32': 2.1, '9:features_kernel:Matern32': 27.1, '10:features_kernel:Matern32': 26.1, '11:features_kernel:Matern32': 15.1, 'alpha': 0.028}. Best is trial 19 with value: 12.485199003242077.
/gpfs_common/share03/ddomlab/sdehgha2/working_space/GP_collab/code_python/training/MGK_and_tools/mgktools/mgktools/kernels/base.py:225: UserWarning: The distribution is specified by [0.1, 30] and step=1, but the range is not divisible by `step`. It will be replaced with [0.1, 29.1].
  self.unique_name: trial.suggest_float(
[I 2026-04-22 12:35:47,116] Trial 22 finished with value: 12.490273695715596 and parameters: {'0:atom_AtomicNumber:kDelta': 1.0, '0:atom_AtomicNumber_list_1:kConv': 0.95, '0:atom_AtomicNumber_list_2:kConv': 0.75, '0:atom_AtomicNumber_list_3:kConv': 0.8, '0:atom_AtomicNumber_list_4:kConv': 1.0, '0:atom_MorganHash:kDelta': 0.75, '0:atom_Ring_count:kDelta': 0.95, '0:atom_RingSize_list:kConv': 0.8, '0:atom_Hcount:kDelta': 1.0, '0:atom_AtomicNumber_count_1:kDelta': 0.8, '0:atom_AtomicNumber_count_2:kDelta': 0.95, '0:atom_Chiral:kDelta': 0.8, '0:bond_Order:kDelta': 0.8, '0:bond_Stereo:kDelta': 1.0, '0:bond_RingStereo:kDelta': 0.95, '0:q:q': 0.060000000000000005, '1:features_kernel:Matern32': 5.1, '2:features_kernel:Matern32': 19.1, '3:features_kernel:Matern32': 29.1, '4:features_kernel:Matern32': 18.1, '5:features_kernel:Matern32': 29.1, '6:features_kernel:Matern32': 26.1, '7:features_kernel:Matern32': 16.1, '8:features_kernel:Matern32': 3.1, '9:features_kernel:Matern32': 26.1, '10:features_kernel:Matern32': 25.1, '11:features_kernel:Matern32': 15.1, 'alpha': 0.026000000000000002}. Best is trial 19 with value: 12.485199003242077.
/gpfs_common/share03/ddomlab/sdehgha2/working_space/GP_collab/code_python/training/MGK_and_tools/mgktools/mgktools/kernels/base.py:225: UserWarning: The distribution is specified by [0.1, 30] and step=1, but the range is not divisible by `step`. It will be replaced with [0.1, 29.1].
  self.unique_name: trial.suggest_float(
[I 2026-04-22 12:36:01,170] Trial 23 finished with value: 12.58622948612496 and parameters: {'0:atom_AtomicNumber:kDelta': 1.0, '0:atom_AtomicNumber_list_1:kConv': 0.95, '0:atom_AtomicNumber_list_2:kConv': 0.8, '0:atom_AtomicNumber_list_3:kConv': 0.8, '0:atom_AtomicNumber_list_4:kConv': 1.0, '0:atom_MorganHash:kDelta': 0.75, '0:atom_Ring_count:kDelta': 0.95, '0:atom_RingSize_list:kConv': 0.85, '0:atom_Hcount:kDelta': 1.0, '0:atom_AtomicNumber_count_1:kDelta': 0.85, '0:atom_AtomicNumber_count_2:kDelta': 0.95, '0:atom_Chiral:kDelta': 0.8, '0:bond_Order:kDelta': 0.85, '0:bond_Stereo:kDelta': 0.95, '0:bond_RingStereo:kDelta': 0.95, '0:q:q': 0.09999999999999999, '1:features_kernel:Matern32': 11.1, '2:features_kernel:Matern32': 18.1, '3:features_kernel:Matern32': 29.1, '4:features_kernel:Matern32': 13.1, '5:features_kernel:Matern32': 24.1, '6:features_kernel:Matern32': 25.1, '7:features_kernel:Matern32': 20.1, '8:features_kernel:Matern32': 3.1, '9:features_kernel:Matern32': 21.1, '10:features_kernel:Matern32': 23.1, '11:features_kernel:Matern32': 11.1, 'alpha': 0.011}. Best is trial 19 with value: 12.485199003242077.
/gpfs_common/share03/ddomlab/sdehgha2/working_space/GP_collab/code_python/training/MGK_and_tools/mgktools/mgktools/kernels/base.py:225: UserWarning: The distribution is specified by [0.1, 30] and step=1, but the range is not divisible by `step`. It will be replaced with [0.1, 29.1].
  self.unique_name: trial.suggest_float(
[I 2026-04-22 12:36:14,617] Trial 24 finished with value: 12.484136121254316 and parameters: {'0:atom_AtomicNumber:kDelta': 1.0, '0:atom_AtomicNumber_list_1:kConv': 0.95, '0:atom_AtomicNumber_list_2:kConv': 0.75, '0:atom_AtomicNumber_list_3:kConv': 0.75, '0:atom_AtomicNumber_list_4:kConv': 0.9, '0:atom_MorganHash:kDelta': 0.85, '0:atom_Ring_count:kDelta': 1.0, '0:atom_RingSize_list:kConv': 0.8, '0:atom_Hcount:kDelta': 1.0, '0:atom_AtomicNumber_count_1:kDelta': 0.8, '0:atom_AtomicNumber_count_2:kDelta': 0.95, '0:atom_Chiral:kDelta': 0.85, '0:bond_Order:kDelta': 0.8, '0:bond_Stereo:kDelta': 1.0, '0:bond_RingStereo:kDelta': 0.9, '0:q:q': 0.15000000000000002, '1:features_kernel:Matern32': 5.1, '2:features_kernel:Matern32': 26.1, '3:features_kernel:Matern32': 24.1, '4:features_kernel:Matern32': 17.1, '5:features_kernel:Matern32': 28.1, '6:features_kernel:Matern32': 26.1, '7:features_kernel:Matern32': 15.1, '8:features_kernel:Matern32': 9.1, '9:features_kernel:Matern32': 15.1, '10:features_kernel:Matern32': 18.1, '11:features_kernel:Matern32': 25.1, 'alpha': 0.024}. Best is trial 24 with value: 12.484136121254316.
/gpfs_common/share03/ddomlab/sdehgha2/working_space/GP_collab/code_python/training/MGK_and_tools/mgktools/mgktools/kernels/base.py:225: UserWarning: The distribution is specified by [0.1, 30] and step=1, but the range is not divisible by `step`. It will be replaced with [0.1, 29.1].
  self.unique_name: trial.suggest_float(
[I 2026-04-22 12:36:28,052] Trial 25 finished with value: 12.691473315051457 and parameters: {'0:atom_AtomicNumber:kDelta': 1.0, '0:atom_AtomicNumber_list_1:kConv': 0.9, '0:atom_AtomicNumber_list_2:kConv': 0.8, '0:atom_AtomicNumber_list_3:kConv': 0.75, '0:atom_AtomicNumber_list_4:kConv': 0.9, '0:atom_MorganHash:kDelta': 0.85, '0:atom_Ring_count:kDelta': 1.0, '0:atom_RingSize_list:kConv': 0.85, '0:atom_Hcount:kDelta': 0.95, '0:atom_AtomicNumber_count_1:kDelta': 0.85, '0:atom_AtomicNumber_count_2:kDelta': 0.9, '0:atom_Chiral:kDelta': 0.85, '0:bond_Order:kDelta': 0.85, '0:bond_Stereo:kDelta': 0.95, '0:bond_RingStereo:kDelta': 0.9, '0:q:q': 0.13, '1:features_kernel:Matern32': 11.1, '2:features_kernel:Matern32': 26.1, '3:features_kernel:Matern32': 23.1, '4:features_kernel:Matern32': 5.1, '5:features_kernel:Matern32': 22.1, '6:features_kernel:Matern32': 22.1, '7:features_kernel:Matern32': 14.1, '8:features_kernel:Matern32': 9.1, '9:features_kernel:Matern32': 15.1, '10:features_kernel:Matern32': 21.1, '11:features_kernel:Matern32': 25.1, 'alpha': 0.009000000000000001}. Best is trial 24 with value: 12.484136121254316.
/gpfs_common/share03/ddomlab/sdehgha2/working_space/GP_collab/code_python/training/MGK_and_tools/mgktools/mgktools/kernels/base.py:225: UserWarning: The distribution is specified by [0.1, 30] and step=1, but the range is not divisible by `step`. It will be replaced with [0.1, 29.1].
  self.unique_name: trial.suggest_float(
