[I 2026-04-22 09:22:06,846] Trial 7 finished with value: 92.63376800202265 and parameters: {'0:atom_AtomicNumber:kDelta': 1.0, '0:atom_AtomicNumber_list_1:kConv': 0.9, '0:atom_AtomicNumber_list_2:kConv': 0.8, '0:atom_AtomicNumber_list_3:kConv': 0.75, '0:atom_AtomicNumber_list_4:kConv': 1.0, '0:atom_MorganHash:kDelta': 0.75, '0:atom_Ring_count:kDelta': 0.8, '0:atom_RingSize_list:kConv': 0.9, '0:atom_Hcount:kDelta': 0.8, '0:atom_AtomicNumber_count_1:kDelta': 1.0, '0:atom_AtomicNumber_count_2:kDelta': 0.9, '0:atom_Chiral:kDelta': 0.85, '0:bond_Order:kDelta': 1.0, '0:bond_Stereo:kDelta': 1.0, '0:bond_RingStereo:kDelta': 0.8, '0:q:q': 0.01, '1:features_kernel:Matern32': 20.1, '2:features_kernel:Matern32': 8.1, '3:features_kernel:Matern32': 0.1, '4:features_kernel:Matern32': 2.1, '5:features_kernel:Matern32': 12.1, '6:features_kernel:Matern32': 3.1, '7:features_kernel:Matern32': 6.1, '8:features_kernel:Matern32': 22.1, '9:features_kernel:Matern32': 13.1, '10:features_kernel:Matern32': 3.1, '11:features_kernel:Matern32': 6.1, 'alpha': 0.094}. Best is trial 3 with value: 86.18386692282326.
/gpfs_common/share03/ddomlab/sdehgha2/working_space/GP_collab/code_python/training/MGK_and_tools/mgktools/mgktools/kernels/base.py:225: UserWarning: The distribution is specified by [0.1, 30] and step=1, but the range is not divisible by `step`. It will be replaced with [0.1, 29.1].
  self.unique_name: trial.suggest_float(
[I 2026-04-22 09:22:19,366] Trial 8 finished with value: 86.1316975162297 and parameters: {'0:atom_AtomicNumber:kDelta': 0.75, '0:atom_AtomicNumber_list_1:kConv': 0.9, '0:atom_AtomicNumber_list_2:kConv': 0.9, '0:atom_AtomicNumber_list_3:kConv': 0.95, '0:atom_AtomicNumber_list_4:kConv': 0.9, '0:atom_MorganHash:kDelta': 0.95, '0:atom_Ring_count:kDelta': 0.95, '0:atom_RingSize_list:kConv': 0.9, '0:atom_Hcount:kDelta': 0.8, '0:atom_AtomicNumber_count_1:kDelta': 0.95, '0:atom_AtomicNumber_count_2:kDelta': 0.8, '0:atom_Chiral:kDelta': 1.0, '0:bond_Order:kDelta': 0.9, '0:bond_Stereo:kDelta': 0.75, '0:bond_RingStereo:kDelta': 1.0, '0:q:q': 0.24000000000000002, '1:features_kernel:Matern32': 28.1, '2:features_kernel:Matern32': 1.1, '3:features_kernel:Matern32': 3.1, '4:features_kernel:Matern32': 22.1, '5:features_kernel:Matern32': 1.1, '6:features_kernel:Matern32': 13.1, '7:features_kernel:Matern32': 24.1, '8:features_kernel:Matern32': 12.1, '9:features_kernel:Matern32': 5.1, '10:features_kernel:Matern32': 25.1, '11:features_kernel:Matern32': 3.1, 'alpha': 0.029}. Best is trial 8 with value: 86.1316975162297.
/gpfs_common/share03/ddomlab/sdehgha2/working_space/GP_collab/code_python/training/MGK_and_tools/mgktools/mgktools/kernels/base.py:225: UserWarning: The distribution is specified by [0.1, 30] and step=1, but the range is not divisible by `step`. It will be replaced with [0.1, 29.1].
  self.unique_name: trial.suggest_float(
[I 2026-04-22 09:22:33,356] Trial 9 finished with value: 91.13071328499284 and parameters: {'0:atom_AtomicNumber:kDelta': 0.8, '0:atom_AtomicNumber_list_1:kConv': 0.85, '0:atom_AtomicNumber_list_2:kConv': 0.8, '0:atom_AtomicNumber_list_3:kConv': 1.0, '0:atom_AtomicNumber_list_4:kConv': 0.95, '0:atom_MorganHash:kDelta': 0.95, '0:atom_Ring_count:kDelta': 0.75, '0:atom_RingSize_list:kConv': 0.9, '0:atom_Hcount:kDelta': 1.0, '0:atom_AtomicNumber_count_1:kDelta': 1.0, '0:atom_AtomicNumber_count_2:kDelta': 0.9, '0:atom_Chiral:kDelta': 0.8, '0:bond_Order:kDelta': 0.8, '0:bond_Stereo:kDelta': 0.9, '0:bond_RingStereo:kDelta': 0.95, '0:q:q': 0.16, '1:features_kernel:Matern32': 20.1, '2:features_kernel:Matern32': 15.1, '3:features_kernel:Matern32': 24.1, '4:features_kernel:Matern32': 20.1, '5:features_kernel:Matern32': 27.1, '6:features_kernel:Matern32': 3.1, '7:features_kernel:Matern32': 25.1, '8:features_kernel:Matern32': 28.1, '9:features_kernel:Matern32': 17.1, '10:features_kernel:Matern32': 0.1, '11:features_kernel:Matern32': 1.1, 'alpha': 0.042}. Best is trial 8 with value: 86.1316975162297.
/gpfs_common/share03/ddomlab/sdehgha2/working_space/GP_collab/code_python/training/MGK_and_tools/mgktools/mgktools/kernels/base.py:225: UserWarning: The distribution is specified by [0.1, 30] and step=1, but the range is not divisible by `step`. It will be replaced with [0.1, 29.1].
  self.unique_name: trial.suggest_float(
[I 2026-04-22 09:22:48,438] Trial 10 finished with value: 91.12976805171925 and parameters: {'0:atom_AtomicNumber:kDelta': 0.85, '0:atom_AtomicNumber_list_1:kConv': 0.85, '0:atom_AtomicNumber_list_2:kConv': 0.95, '0:atom_AtomicNumber_list_3:kConv': 0.95, '0:atom_AtomicNumber_list_4:kConv': 0.95, '0:atom_MorganHash:kDelta': 0.85, '0:atom_Ring_count:kDelta': 0.9, '0:atom_RingSize_list:kConv': 0.85, '0:atom_Hcount:kDelta': 0.95, '0:atom_AtomicNumber_count_1:kDelta': 0.9, '0:atom_AtomicNumber_count_2:kDelta': 0.9, '0:atom_Chiral:kDelta': 0.85, '0:bond_Order:kDelta': 0.9, '0:bond_Stereo:kDelta': 1.0, '0:bond_RingStereo:kDelta': 0.9, '0:q:q': 0.06999999999999999, '1:features_kernel:Matern32': 2.1, '2:features_kernel:Matern32': 20.1, '3:features_kernel:Matern32': 10.1, '4:features_kernel:Matern32': 9.1, '5:features_kernel:Matern32': 26.1, '6:features_kernel:Matern32': 25.1, '7:features_kernel:Matern32': 24.1, '8:features_kernel:Matern32': 10.1, '9:features_kernel:Matern32': 19.1, '10:features_kernel:Matern32': 17.1, '11:features_kernel:Matern32': 7.1, 'alpha': 0.059000000000000004}. Best is trial 8 with value: 86.1316975162297.
/gpfs_common/share03/ddomlab/sdehgha2/working_space/GP_collab/code_python/training/MGK_and_tools/mgktools/mgktools/kernels/base.py:225: UserWarning: The distribution is specified by [0.1, 30] and step=1, but the range is not divisible by `step`. It will be replaced with [0.1, 29.1].
  self.unique_name: trial.suggest_float(
[I 2026-04-22 09:23:00,212] Trial 11 finished with value: 86.93181995915924 and parameters: {'0:atom_AtomicNumber:kDelta': 0.75, '0:atom_AtomicNumber_list_1:kConv': 1.0, '0:atom_AtomicNumber_list_2:kConv': 0.75, '0:atom_AtomicNumber_list_3:kConv': 0.9, '0:atom_AtomicNumber_list_4:kConv': 0.85, '0:atom_MorganHash:kDelta': 0.8, '0:atom_Ring_count:kDelta': 1.0, '0:atom_RingSize_list:kConv': 0.75, '0:atom_Hcount:kDelta': 0.75, '0:atom_AtomicNumber_count_1:kDelta': 0.75, '0:atom_AtomicNumber_count_2:kDelta': 1.0, '0:atom_Chiral:kDelta': 1.0, '0:bond_Order:kDelta': 0.75, '0:bond_Stereo:kDelta': 0.8, '0:bond_RingStereo:kDelta': 1.0, '0:q:q': 0.27, '1:features_kernel:Matern32': 28.1, '2:features_kernel:Matern32': 0.1, '3:features_kernel:Matern32': 16.1, '4:features_kernel:Matern32': 29.1, '5:features_kernel:Matern32': 22.1, '6:features_kernel:Matern32': 12.1, '7:features_kernel:Matern32': 12.1, '8:features_kernel:Matern32': 0.1, '9:features_kernel:Matern32': 0.1, '10:features_kernel:Matern32': 29.1, '11:features_kernel:Matern32': 18.1, 'alpha': 0.030000000000000002}. Best is trial 8 with value: 86.1316975162297.
/gpfs_common/share03/ddomlab/sdehgha2/working_space/GP_collab/code_python/training/MGK_and_tools/mgktools/mgktools/kernels/base.py:225: UserWarning: The distribution is specified by [0.1, 30] and step=1, but the range is not divisible by `step`. It will be replaced with [0.1, 29.1].
  self.unique_name: trial.suggest_float(
[I 2026-04-22 09:23:11,399] Trial 12 finished with value: 116.56328622813655 and parameters: {'0:atom_AtomicNumber:kDelta': 0.75, '0:atom_AtomicNumber_list_1:kConv': 0.75, '0:atom_AtomicNumber_list_2:kConv': 0.85, '0:atom_AtomicNumber_list_3:kConv': 0.9, '0:atom_AtomicNumber_list_4:kConv': 1.0, '0:atom_MorganHash:kDelta': 1.0, '0:atom_Ring_count:kDelta': 1.0, '0:atom_RingSize_list:kConv': 0.75, '0:atom_Hcount:kDelta': 0.9, '0:atom_AtomicNumber_count_1:kDelta': 0.8, '0:atom_AtomicNumber_count_2:kDelta': 0.85, '0:atom_Chiral:kDelta': 1.0, '0:bond_Order:kDelta': 0.95, '0:bond_Stereo:kDelta': 0.75, '0:bond_RingStereo:kDelta': 0.75, '0:q:q': 0.36000000000000004, '1:features_kernel:Matern32': 10.1, '2:features_kernel:Matern32': 4.1, '3:features_kernel:Matern32': 18.1, '4:features_kernel:Matern32': 16.1, '5:features_kernel:Matern32': 0.1, '6:features_kernel:Matern32': 15.1, '7:features_kernel:Matern32': 16.1, '8:features_kernel:Matern32': 18.1, '9:features_kernel:Matern32': 29.1, '10:features_kernel:Matern32': 29.1, '11:features_kernel:Matern32': 29.1, 'alpha': 0.001}. Best is trial 8 with value: 86.1316975162297.
/gpfs_common/share03/ddomlab/sdehgha2/working_space/GP_collab/code_python/training/MGK_and_tools/mgktools/mgktools/kernels/base.py:225: UserWarning: The distribution is specified by [0.1, 30] and step=1, but the range is not divisible by `step`. It will be replaced with [0.1, 29.1].
  self.unique_name: trial.suggest_float(
[I 2026-04-22 09:23:22,226] Trial 13 finished with value: 86.07322227289919 and parameters: {'0:atom_AtomicNumber:kDelta': 0.8, '0:atom_AtomicNumber_list_1:kConv': 0.75, '0:atom_AtomicNumber_list_2:kConv': 1.0, '0:atom_AtomicNumber_list_3:kConv': 0.95, '0:atom_AtomicNumber_list_4:kConv': 0.9, '0:atom_MorganHash:kDelta': 1.0, '0:atom_Ring_count:kDelta': 0.95, '0:atom_RingSize_list:kConv': 0.8, '0:atom_Hcount:kDelta': 0.85, '0:atom_AtomicNumber_count_1:kDelta': 0.95, '0:atom_AtomicNumber_count_2:kDelta': 0.8, '0:atom_Chiral:kDelta': 0.95, '0:bond_Order:kDelta': 0.95, '0:bond_Stereo:kDelta': 0.85, '0:bond_RingStereo:kDelta': 1.0, '0:q:q': 0.39, '1:features_kernel:Matern32': 7.1, '2:features_kernel:Matern32': 4.1, '3:features_kernel:Matern32': 29.1, '4:features_kernel:Matern32': 22.1, '5:features_kernel:Matern32': 3.1, '6:features_kernel:Matern32': 13.1, '7:features_kernel:Matern32': 1.1, '8:features_kernel:Matern32': 16.1, '9:features_kernel:Matern32': 0.1, '10:features_kernel:Matern32': 22.1, '11:features_kernel:Matern32': 24.1, 'alpha': 0.011}. Best is trial 13 with value: 86.07322227289919.
/gpfs_common/share03/ddomlab/sdehgha2/working_space/GP_collab/code_python/training/MGK_and_tools/mgktools/mgktools/kernels/base.py:225: UserWarning: The distribution is specified by [0.1, 30] and step=1, but the range is not divisible by `step`. It will be replaced with [0.1, 29.1].
  self.unique_name: trial.suggest_float(
[I 2026-04-22 09:23:33,051] Trial 14 finished with value: 86.54859474328569 and parameters: {'0:atom_AtomicNumber:kDelta': 0.75, '0:atom_AtomicNumber_list_1:kConv': 0.95, '0:atom_AtomicNumber_list_2:kConv': 0.9, '0:atom_AtomicNumber_list_3:kConv': 0.95, '0:atom_AtomicNumber_list_4:kConv': 0.9, '0:atom_MorganHash:kDelta': 0.95, '0:atom_Ring_count:kDelta': 0.95, '0:atom_RingSize_list:kConv': 0.8, '0:atom_Hcount:kDelta': 0.8, '0:atom_AtomicNumber_count_1:kDelta': 0.95, '0:atom_AtomicNumber_count_2:kDelta': 0.8, '0:atom_Chiral:kDelta': 0.95, '0:bond_Order:kDelta': 0.85, '0:bond_Stereo:kDelta': 0.8, '0:bond_RingStereo:kDelta': 1.0, '0:q:q': 0.42000000000000004, '1:features_kernel:Matern32': 8.1, '2:features_kernel:Matern32': 19.1, '3:features_kernel:Matern32': 11.1, '4:features_kernel:Matern32': 23.1, '5:features_kernel:Matern32': 17.1, '6:features_kernel:Matern32': 11.1, '7:features_kernel:Matern32': 15.1, '8:features_kernel:Matern32': 15.1, '9:features_kernel:Matern32': 0.1, '10:features_kernel:Matern32': 25.1, '11:features_kernel:Matern32': 21.1, 'alpha': 0.022000000000000002}. Best is trial 13 with value: 86.07322227289919.
/gpfs_common/share03/ddomlab/sdehgha2/working_space/GP_collab/code_python/training/MGK_and_tools/mgktools/mgktools/kernels/base.py:225: UserWarning: The distribution is specified by [0.1, 30] and step=1, but the range is not divisible by `step`. It will be replaced with [0.1, 29.1].
  self.unique_name: trial.suggest_float(
[I 2026-04-22 09:23:45,190] Trial 15 finished with value: 87.39320398726173 and parameters: {'0:atom_AtomicNumber:kDelta': 0.8, '0:atom_AtomicNumber_list_1:kConv': 0.75, '0:atom_AtomicNumber_list_2:kConv': 0.85, '0:atom_AtomicNumber_list_3:kConv': 0.95, '0:atom_AtomicNumber_list_4:kConv': 0.85, '0:atom_MorganHash:kDelta': 0.85, '0:atom_Ring_count:kDelta': 0.95, '0:atom_RingSize_list:kConv': 0.8, '0:atom_Hcount:kDelta': 0.85, '0:atom_AtomicNumber_count_1:kDelta': 0.95, '0:atom_AtomicNumber_count_2:kDelta': 1.0, '0:atom_Chiral:kDelta': 1.0, '0:bond_Order:kDelta': 0.9, '0:bond_Stereo:kDelta': 0.85, '0:bond_RingStereo:kDelta': 0.95, '0:q:q': 0.24000000000000002, '1:features_kernel:Matern32': 16.1, '2:features_kernel:Matern32': 4.1, '3:features_kernel:Matern32': 29.1, '4:features_kernel:Matern32': 29.1, '5:features_kernel:Matern32': 17.1, '6:features_kernel:Matern32': 8.1, '7:features_kernel:Matern32': 0.1, '8:features_kernel:Matern32': 4.1, '9:features_kernel:Matern32': 3.1, '10:features_kernel:Matern32': 22.1, '11:features_kernel:Matern32': 24.1, 'alpha': 0.019000000000000003}. Best is trial 13 with value: 86.07322227289919.
/gpfs_common/share03/ddomlab/sdehgha2/working_space/GP_collab/code_python/training/MGK_and_tools/mgktools/mgktools/kernels/base.py:225: UserWarning: The distribution is specified by [0.1, 30] and step=1, but the range is not divisible by `step`. It will be replaced with [0.1, 29.1].
  self.unique_name: trial.suggest_float(
[I 2026-04-22 09:23:55,753] Trial 16 finished with value: 117.5337666648307 and parameters: {'0:atom_AtomicNumber:kDelta': 0.9, '0:atom_AtomicNumber_list_1:kConv': 0.95, '0:atom_AtomicNumber_list_2:kConv': 1.0, '0:atom_AtomicNumber_list_3:kConv': 0.95, '0:atom_AtomicNumber_list_4:kConv': 0.9, '0:atom_MorganHash:kDelta': 1.0, '0:atom_Ring_count:kDelta': 0.95, '0:atom_RingSize_list:kConv': 0.85, '0:atom_Hcount:kDelta': 0.75, '0:atom_AtomicNumber_count_1:kDelta': 0.95, '0:atom_AtomicNumber_count_2:kDelta': 0.8, '0:atom_Chiral:kDelta': 0.75, '0:bond_Order:kDelta': 0.95, '0:bond_Stereo:kDelta': 0.85, '0:bond_RingStereo:kDelta': 1.0, '0:q:q': 0.41000000000000003, '1:features_kernel:Matern32': 7.1, '2:features_kernel:Matern32': 0.1, '3:features_kernel:Matern32': 5.1, '4:features_kernel:Matern32': 21.1, '5:features_kernel:Matern32': 0.1, '6:features_kernel:Matern32': 29.1, '7:features_kernel:Matern32': 11.1, '8:features_kernel:Matern32': 16.1, '9:features_kernel:Matern32': 10.1, '10:features_kernel:Matern32': 22.1, '11:features_kernel:Matern32': 12.1, 'alpha': 0.041}. Best is trial 13 with value: 86.07322227289919.
/gpfs_common/share03/ddomlab/sdehgha2/working_space/GP_collab/code_python/training/MGK_and_tools/mgktools/mgktools/kernels/base.py:225: UserWarning: The distribution is specified by [0.1, 30] and step=1, but the range is not divisible by `step`. It will be replaced with [0.1, 29.1].
  self.unique_name: trial.suggest_float(
[I 2026-04-22 09:24:08,087] Trial 17 finished with value: 85.08385475576348 and parameters: {'0:atom_AtomicNumber:kDelta': 0.8, '0:atom_AtomicNumber_list_1:kConv': 0.9, '0:atom_AtomicNumber_list_2:kConv': 0.9, '0:atom_AtomicNumber_list_3:kConv': 0.8, '0:atom_AtomicNumber_list_4:kConv': 0.95, '0:atom_MorganHash:kDelta': 0.9, '0:atom_Ring_count:kDelta': 0.85, '0:atom_RingSize_list:kConv': 0.95, '0:atom_Hcount:kDelta': 0.85, '0:atom_AtomicNumber_count_1:kDelta': 1.0, '0:atom_AtomicNumber_count_2:kDelta': 0.8, '0:atom_Chiral:kDelta': 0.95, '0:bond_Order:kDelta': 1.0, '0:bond_Stereo:kDelta': 0.75, '0:bond_RingStereo:kDelta': 0.95, '0:q:q': 0.27, '1:features_kernel:Matern32': 29.1, '2:features_kernel:Matern32': 7.1, '3:features_kernel:Matern32': 12.1, '4:features_kernel:Matern32': 25.1, '5:features_kernel:Matern32': 4.1, '6:features_kernel:Matern32': 16.1, '7:features_kernel:Matern32': 20.1, '8:features_kernel:Matern32': 12.1, '9:features_kernel:Matern32': 2.1, '10:features_kernel:Matern32': 9.1, '11:features_kernel:Matern32': 24.1, 'alpha': 0.014000000000000002}. Best is trial 17 with value: 85.08385475576348.
/gpfs_common/share03/ddomlab/sdehgha2/working_space/GP_collab/code_python/training/MGK_and_tools/mgktools/mgktools/kernels/base.py:225: UserWarning: The distribution is specified by [0.1, 30] and step=1, but the range is not divisible by `step`. It will be replaced with [0.1, 29.1].
  self.unique_name: trial.suggest_float(
[I 2026-04-22 09:24:19,673] Trial 18 finished with value: 85.59231169186053 and parameters: {'0:atom_AtomicNumber:kDelta': 0.8, '0:atom_AtomicNumber_list_1:kConv': 1.0, '0:atom_AtomicNumber_list_2:kConv': 0.85, '0:atom_AtomicNumber_list_3:kConv': 0.8, '0:atom_AtomicNumber_list_4:kConv': 0.95, '0:atom_MorganHash:kDelta': 0.8, '0:atom_Ring_count:kDelta': 0.85, '0:atom_RingSize_list:kConv': 1.0, '0:atom_Hcount:kDelta': 0.85, '0:atom_AtomicNumber_count_1:kDelta': 1.0, '0:atom_AtomicNumber_count_2:kDelta': 0.95, '0:atom_Chiral:kDelta': 0.95, '0:bond_Order:kDelta': 1.0, '0:bond_Stereo:kDelta': 0.85, '0:bond_RingStereo:kDelta': 0.95, '0:q:q': 0.29000000000000004, '1:features_kernel:Matern32': 15.1, '2:features_kernel:Matern32': 8.1, '3:features_kernel:Matern32': 14.1, '4:features_kernel:Matern32': 25.1, '5:features_kernel:Matern32': 8.1, '6:features_kernel:Matern32': 16.1, '7:features_kernel:Matern32': 19.1, '8:features_kernel:Matern32': 27.1, '9:features_kernel:Matern32': 2.1, '10:features_kernel:Matern32': 8.1, '11:features_kernel:Matern32': 24.1, 'alpha': 0.011}. Best is trial 17 with value: 85.08385475576348.
/gpfs_common/share03/ddomlab/sdehgha2/working_space/GP_collab/code_python/training/MGK_and_tools/mgktools/mgktools/kernels/base.py:225: UserWarning: The distribution is specified by [0.1, 30] and step=1, but the range is not divisible by `step`. It will be replaced with [0.1, 29.1].
  self.unique_name: trial.suggest_float(
[I 2026-04-22 09:24:30,969] Trial 19 finished with value: 87.91530598637107 and parameters: {'0:atom_AtomicNumber:kDelta': 0.95, '0:atom_AtomicNumber_list_1:kConv': 1.0, '0:atom_AtomicNumber_list_2:kConv': 0.8, '0:atom_AtomicNumber_list_3:kConv': 0.8, '0:atom_AtomicNumber_list_4:kConv': 0.95, '0:atom_MorganHash:kDelta': 0.75, '0:atom_Ring_count:kDelta': 0.85, '0:atom_RingSize_list:kConv': 1.0, '0:atom_Hcount:kDelta': 0.95, '0:atom_AtomicNumber_count_1:kDelta': 1.0, '0:atom_AtomicNumber_count_2:kDelta': 0.95, '0:atom_Chiral:kDelta': 0.9, '0:bond_Order:kDelta': 1.0, '0:bond_Stereo:kDelta': 0.8, '0:bond_RingStereo:kDelta': 0.95, '0:q:q': 0.3, '1:features_kernel:Matern32': 16.1, '2:features_kernel:Matern32': 16.1, '3:features_kernel:Matern32': 13.1, '4:features_kernel:Matern32': 26.1, '5:features_kernel:Matern32': 10.1, '6:features_kernel:Matern32': 16.1, '7:features_kernel:Matern32': 19.1, '8:features_kernel:Matern32': 28.1, '9:features_kernel:Matern32': 26.1, '10:features_kernel:Matern32': 7.1, '11:features_kernel:Matern32': 25.1, 'alpha': 0.046}. Best is trial 17 with value: 85.08385475576348.
/gpfs_common/share03/ddomlab/sdehgha2/working_space/GP_collab/code_python/training/MGK_and_tools/mgktools/mgktools/kernels/base.py:225: UserWarning: The distribution is specified by [0.1, 30] and step=1, but the range is not divisible by `step`. It will be replaced with [0.1, 29.1].
  self.unique_name: trial.suggest_float(
[I 2026-04-22 09:24:43,762] Trial 20 finished with value: 87.13857839785624 and parameters: {'0:atom_AtomicNumber:kDelta': 0.8, '0:atom_AtomicNumber_list_1:kConv': 1.0, '0:atom_AtomicNumber_list_2:kConv': 0.85, '0:atom_AtomicNumber_list_3:kConv': 0.8, '0:atom_AtomicNumber_list_4:kConv': 0.95, '0:atom_MorganHash:kDelta': 0.8, '0:atom_Ring_count:kDelta': 0.85, '0:atom_RingSize_list:kConv': 0.95, '0:atom_Hcount:kDelta': 0.85, '0:atom_AtomicNumber_count_1:kDelta': 1.0, '0:atom_AtomicNumber_count_2:kDelta': 0.95, '0:atom_Chiral:kDelta': 0.95, '0:bond_Order:kDelta': 1.0, '0:bond_Stereo:kDelta': 0.75, '0:bond_RingStereo:kDelta': 0.95, '0:q:q': 0.19, '1:features_kernel:Matern32': 13.1, '2:features_kernel:Matern32': 9.1, '3:features_kernel:Matern32': 19.1, '4:features_kernel:Matern32': 18.1, '5:features_kernel:Matern32': 14.1, '6:features_kernel:Matern32': 19.1, '7:features_kernel:Matern32': 18.1, '8:features_kernel:Matern32': 24.1, '9:features_kernel:Matern32': 12.1, '10:features_kernel:Matern32': 9.1, '11:features_kernel:Matern32': 20.1, 'alpha': 0.016}. Best is trial 17 with value: 85.08385475576348.
/gpfs_common/share03/ddomlab/sdehgha2/working_space/GP_collab/code_python/training/MGK_and_tools/mgktools/mgktools/kernels/base.py:225: UserWarning: The distribution is specified by [0.1, 30] and step=1, but the range is not divisible by `step`. It will be replaced with [0.1, 29.1].
  self.unique_name: trial.suggest_float(
[I 2026-04-22 09:24:55,475] Trial 21 finished with value: 84.84793646799517 and parameters: {'0:atom_AtomicNumber:kDelta': 0.9, '0:atom_AtomicNumber_list_1:kConv': 0.95, '0:atom_AtomicNumber_list_2:kConv': 0.75, '0:atom_AtomicNumber_list_3:kConv': 0.8, '0:atom_AtomicNumber_list_4:kConv': 0.95, '0:atom_MorganHash:kDelta': 0.8, '0:atom_Ring_count:kDelta': 0.8, '0:atom_RingSize_list:kConv': 1.0, '0:atom_Hcount:kDelta': 0.95, '0:atom_AtomicNumber_count_1:kDelta': 0.9, '0:atom_AtomicNumber_count_2:kDelta': 0.95, '0:atom_Chiral:kDelta': 0.9, '0:bond_Order:kDelta': 1.0, '0:bond_Stereo:kDelta': 0.95, '0:bond_RingStereo:kDelta': 0.95, '0:q:q': 0.3, '1:features_kernel:Matern32': 18.1, '2:features_kernel:Matern32': 25.1, '3:features_kernel:Matern32': 15.1, '4:features_kernel:Matern32': 26.1, '5:features_kernel:Matern32': 7.1, '6:features_kernel:Matern32': 9.1, '7:features_kernel:Matern32': 29.1, '8:features_kernel:Matern32': 4.1, '9:features_kernel:Matern32': 3.1, '10:features_kernel:Matern32': 9.1, '11:features_kernel:Matern32': 14.1, 'alpha': 0.032}. Best is trial 21 with value: 84.84793646799517.
/gpfs_common/share03/ddomlab/sdehgha2/working_space/GP_collab/code_python/training/MGK_and_tools/mgktools/mgktools/kernels/base.py:225: UserWarning: The distribution is specified by [0.1, 30] and step=1, but the range is not divisible by `step`. It will be replaced with [0.1, 29.1].
  self.unique_name: trial.suggest_float(
