[I 2026-04-22 09:25:06,841] Trial 22 finished with value: 84.52556736368383 and parameters: {'0:atom_AtomicNumber:kDelta': 0.9, '0:atom_AtomicNumber_list_1:kConv': 0.95, '0:atom_AtomicNumber_list_2:kConv': 0.75, '0:atom_AtomicNumber_list_3:kConv': 0.8, '0:atom_AtomicNumber_list_4:kConv': 0.95, '0:atom_MorganHash:kDelta': 0.8, '0:atom_Ring_count:kDelta': 0.8, '0:atom_RingSize_list:kConv': 1.0, '0:atom_Hcount:kDelta': 0.95, '0:atom_AtomicNumber_count_1:kDelta': 0.9, '0:atom_AtomicNumber_count_2:kDelta': 0.95, '0:atom_Chiral:kDelta': 0.9, '0:bond_Order:kDelta': 1.0, '0:bond_Stereo:kDelta': 0.95, '0:bond_RingStereo:kDelta': 0.95, '0:q:q': 0.31, '1:features_kernel:Matern32': 17.1, '2:features_kernel:Matern32': 29.1, '3:features_kernel:Matern32': 15.1, '4:features_kernel:Matern32': 26.1, '5:features_kernel:Matern32': 7.1, '6:features_kernel:Matern32': 8.1, '7:features_kernel:Matern32': 29.1, '8:features_kernel:Matern32': 3.1, '9:features_kernel:Matern32': 3.1, '10:features_kernel:Matern32': 9.1, '11:features_kernel:Matern32': 14.1, 'alpha': 0.031}. Best is trial 22 with value: 84.52556736368383.
/gpfs_common/share03/ddomlab/sdehgha2/working_space/GP_collab/code_python/training/MGK_and_tools/mgktools/mgktools/kernels/base.py:225: UserWarning: The distribution is specified by [0.1, 30] and step=1, but the range is not divisible by `step`. It will be replaced with [0.1, 29.1].
  self.unique_name: trial.suggest_float(
[I 2026-04-22 09:25:18,093] Trial 23 finished with value: 84.16842293147607 and parameters: {'0:atom_AtomicNumber:kDelta': 0.95, '0:atom_AtomicNumber_list_1:kConv': 0.95, '0:atom_AtomicNumber_list_2:kConv': 0.75, '0:atom_AtomicNumber_list_3:kConv': 0.8, '0:atom_AtomicNumber_list_4:kConv': 1.0, '0:atom_MorganHash:kDelta': 0.85, '0:atom_Ring_count:kDelta': 0.8, '0:atom_RingSize_list:kConv': 1.0, '0:atom_Hcount:kDelta': 0.95, '0:atom_AtomicNumber_count_1:kDelta': 0.9, '0:atom_AtomicNumber_count_2:kDelta': 0.95, '0:atom_Chiral:kDelta': 0.9, '0:bond_Order:kDelta': 1.0, '0:bond_Stereo:kDelta': 0.95, '0:bond_RingStereo:kDelta': 0.9, '0:q:q': 0.33, '1:features_kernel:Matern32': 18.1, '2:features_kernel:Matern32': 29.1, '3:features_kernel:Matern32': 16.1, '4:features_kernel:Matern32': 27.1, '5:features_kernel:Matern32': 6.1, '6:features_kernel:Matern32': 8.1, '7:features_kernel:Matern32': 29.1, '8:features_kernel:Matern32': 2.1, '9:features_kernel:Matern32': 4.1, '10:features_kernel:Matern32': 11.1, '11:features_kernel:Matern32': 14.1, 'alpha': 0.032}. Best is trial 23 with value: 84.16842293147607.
/gpfs_common/share03/ddomlab/sdehgha2/working_space/GP_collab/code_python/training/MGK_and_tools/mgktools/mgktools/kernels/base.py:225: UserWarning: The distribution is specified by [0.1, 30] and step=1, but the range is not divisible by `step`. It will be replaced with [0.1, 29.1].
  self.unique_name: trial.suggest_float(
[I 2026-04-22 09:25:29,509] Trial 24 finished with value: 84.154180277633 and parameters: {'0:atom_AtomicNumber:kDelta': 0.95, '0:atom_AtomicNumber_list_1:kConv': 0.95, '0:atom_AtomicNumber_list_2:kConv': 0.75, '0:atom_AtomicNumber_list_3:kConv': 0.75, '0:atom_AtomicNumber_list_4:kConv': 1.0, '0:atom_MorganHash:kDelta': 0.85, '0:atom_Ring_count:kDelta': 0.8, '0:atom_RingSize_list:kConv': 1.0, '0:atom_Hcount:kDelta': 0.95, '0:atom_AtomicNumber_count_1:kDelta': 0.9, '0:atom_AtomicNumber_count_2:kDelta': 0.95, '0:atom_Chiral:kDelta': 0.9, '0:bond_Order:kDelta': 0.95, '0:bond_Stereo:kDelta': 0.95, '0:bond_RingStereo:kDelta': 0.9, '0:q:q': 0.34, '1:features_kernel:Matern32': 18.1, '2:features_kernel:Matern32': 29.1, '3:features_kernel:Matern32': 16.1, '4:features_kernel:Matern32': 27.1, '5:features_kernel:Matern32': 7.1, '6:features_kernel:Matern32': 7.1, '7:features_kernel:Matern32': 29.1, '8:features_kernel:Matern32': 2.1, '9:features_kernel:Matern32': 8.1, '10:features_kernel:Matern32': 12.1, '11:features_kernel:Matern32': 13.1, 'alpha': 0.031}. Best is trial 24 with value: 84.154180277633.
/gpfs_common/share03/ddomlab/sdehgha2/working_space/GP_collab/code_python/training/MGK_and_tools/mgktools/mgktools/kernels/base.py:225: UserWarning: The distribution is specified by [0.1, 30] and step=1, but the range is not divisible by `step`. It will be replaced with [0.1, 29.1].
  self.unique_name: trial.suggest_float(
[I 2026-04-22 09:25:41,488] Trial 25 finished with value: 85.0250175642928 and parameters: {'0:atom_AtomicNumber:kDelta': 0.95, '0:atom_AtomicNumber_list_1:kConv': 0.95, '0:atom_AtomicNumber_list_2:kConv': 0.75, '0:atom_AtomicNumber_list_3:kConv': 0.75, '0:atom_AtomicNumber_list_4:kConv': 1.0, '0:atom_MorganHash:kDelta': 0.85, '0:atom_Ring_count:kDelta': 0.8, '0:atom_RingSize_list:kConv': 1.0, '0:atom_Hcount:kDelta': 0.95, '0:atom_AtomicNumber_count_1:kDelta': 0.9, '0:atom_AtomicNumber_count_2:kDelta': 1.0, '0:atom_Chiral:kDelta': 0.9, '0:bond_Order:kDelta': 0.95, '0:bond_Stereo:kDelta': 0.95, '0:bond_RingStereo:kDelta': 0.85, '0:q:q': 0.36000000000000004, '1:features_kernel:Matern32': 18.1, '2:features_kernel:Matern32': 28.1, '3:features_kernel:Matern32': 21.1, '4:features_kernel:Matern32': 28.1, '5:features_kernel:Matern32': 14.1, '6:features_kernel:Matern32': 6.1, '7:features_kernel:Matern32': 27.1, '8:features_kernel:Matern32': 0.1, '9:features_kernel:Matern32': 8.1, '10:features_kernel:Matern32': 12.1, '11:features_kernel:Matern32': 11.1, 'alpha': 0.055}. Best is trial 24 with value: 84.154180277633.
/gpfs_common/share03/ddomlab/sdehgha2/working_space/GP_collab/code_python/training/MGK_and_tools/mgktools/mgktools/kernels/base.py:225: UserWarning: The distribution is specified by [0.1, 30] and step=1, but the range is not divisible by `step`. It will be replaced with [0.1, 29.1].
  self.unique_name: trial.suggest_float(
[I 2026-04-22 09:25:52,284] Trial 26 finished with value: 151.76209231057783 and parameters: {'0:atom_AtomicNumber:kDelta': 0.95, '0:atom_AtomicNumber_list_1:kConv': 0.95, '0:atom_AtomicNumber_list_2:kConv': 0.75, '0:atom_AtomicNumber_list_3:kConv': 0.75, '0:atom_AtomicNumber_list_4:kConv': 1.0, '0:atom_MorganHash:kDelta': 0.85, '0:atom_Ring_count:kDelta': 0.8, '0:atom_RingSize_list:kConv': 0.95, '0:atom_Hcount:kDelta': 0.95, '0:atom_AtomicNumber_count_1:kDelta': 0.8, '0:atom_AtomicNumber_count_2:kDelta': 0.95, '0:atom_Chiral:kDelta': 0.85, '0:bond_Order:kDelta': 0.95, '0:bond_Stereo:kDelta': 1.0, '0:bond_RingStereo:kDelta': 0.9, '0:q:q': 0.44, '1:features_kernel:Matern32': 11.1, '2:features_kernel:Matern32': 24.1, '3:features_kernel:Matern32': 18.1, '4:features_kernel:Matern32': 27.1, '5:features_kernel:Matern32': 10.1, '6:features_kernel:Matern32': 0.1, '7:features_kernel:Matern32': 27.1, '8:features_kernel:Matern32': 3.1, '9:features_kernel:Matern32': 5.1, '10:features_kernel:Matern32': 5.1, '11:features_kernel:Matern32': 15.1, 'alpha': 0.037000000000000005}. Best is trial 24 with value: 84.154180277633.
/gpfs_common/share03/ddomlab/sdehgha2/working_space/GP_collab/code_python/training/MGK_and_tools/mgktools/mgktools/kernels/base.py:225: UserWarning: The distribution is specified by [0.1, 30] and step=1, but the range is not divisible by `step`. It will be replaced with [0.1, 29.1].
  self.unique_name: trial.suggest_float(
[I 2026-04-22 09:26:03,977] Trial 27 finished with value: 84.26594225710654 and parameters: {'0:atom_AtomicNumber:kDelta': 0.95, '0:atom_AtomicNumber_list_1:kConv': 1.0, '0:atom_AtomicNumber_list_2:kConv': 0.8, '0:atom_AtomicNumber_list_3:kConv': 0.85, '0:atom_AtomicNumber_list_4:kConv': 1.0, '0:atom_MorganHash:kDelta': 0.8, '0:atom_Ring_count:kDelta': 0.8, '0:atom_RingSize_list:kConv': 1.0, '0:atom_Hcount:kDelta': 1.0, '0:atom_AtomicNumber_count_1:kDelta': 0.9, '0:atom_AtomicNumber_count_2:kDelta': 1.0, '0:atom_Chiral:kDelta': 0.8, '0:bond_Order:kDelta': 1.0, '0:bond_Stereo:kDelta': 0.95, '0:bond_RingStereo:kDelta': 0.9, '0:q:q': 0.34, '1:features_kernel:Matern32': 19.1, '2:features_kernel:Matern32': 29.1, '3:features_kernel:Matern32': 8.1, '4:features_kernel:Matern32': 19.1, '5:features_kernel:Matern32': 6.1, '6:features_kernel:Matern32': 8.1, '7:features_kernel:Matern32': 29.1, '8:features_kernel:Matern32': 2.1, '9:features_kernel:Matern32': 10.1, '10:features_kernel:Matern32': 12.1, '11:features_kernel:Matern32': 13.1, 'alpha': 0.049}. Best is trial 24 with value: 84.154180277633.
/gpfs_common/share03/ddomlab/sdehgha2/working_space/GP_collab/code_python/training/MGK_and_tools/mgktools/mgktools/kernels/base.py:225: UserWarning: The distribution is specified by [0.1, 30] and step=1, but the range is not divisible by `step`. It will be replaced with [0.1, 29.1].
  self.unique_name: trial.suggest_float(
[I 2026-04-22 09:26:15,156] Trial 28 finished with value: 86.46861766742467 and parameters: {'0:atom_AtomicNumber:kDelta': 0.95, '0:atom_AtomicNumber_list_1:kConv': 1.0, '0:atom_AtomicNumber_list_2:kConv': 0.8, '0:atom_AtomicNumber_list_3:kConv': 0.85, '0:atom_AtomicNumber_list_4:kConv': 1.0, '0:atom_MorganHash:kDelta': 0.75, '0:atom_Ring_count:kDelta': 0.75, '0:atom_RingSize_list:kConv': 0.95, '0:atom_Hcount:kDelta': 1.0, '0:atom_AtomicNumber_count_1:kDelta': 0.85, '0:atom_AtomicNumber_count_2:kDelta': 1.0, '0:atom_Chiral:kDelta': 0.8, '0:bond_Order:kDelta': 0.95, '0:bond_Stereo:kDelta': 1.0, '0:bond_RingStereo:kDelta': 0.8, '0:q:q': 0.34, '1:features_kernel:Matern32': 24.1, '2:features_kernel:Matern32': 24.1, '3:features_kernel:Matern32': 8.1, '4:features_kernel:Matern32': 19.1, '5:features_kernel:Matern32': 17.1, '6:features_kernel:Matern32': 6.1, '7:features_kernel:Matern32': 26.1, '8:features_kernel:Matern32': 6.1, '9:features_kernel:Matern32': 15.1, '10:features_kernel:Matern32': 12.1, '11:features_kernel:Matern32': 17.1, 'alpha': 0.051000000000000004}. Best is trial 24 with value: 84.154180277633.
/gpfs_common/share03/ddomlab/sdehgha2/working_space/GP_collab/code_python/training/MGK_and_tools/mgktools/mgktools/kernels/base.py:225: UserWarning: The distribution is specified by [0.1, 30] and step=1, but the range is not divisible by `step`. It will be replaced with [0.1, 29.1].
  self.unique_name: trial.suggest_float(
[I 2026-04-22 09:26:25,663] Trial 29 finished with value: 84.92092424258797 and parameters: {'0:atom_AtomicNumber:kDelta': 0.95, '0:atom_AtomicNumber_list_1:kConv': 1.0, '0:atom_AtomicNumber_list_2:kConv': 0.8, '0:atom_AtomicNumber_list_3:kConv': 0.85, '0:atom_AtomicNumber_list_4:kConv': 1.0, '0:atom_MorganHash:kDelta': 0.85, '0:atom_Ring_count:kDelta': 0.8, '0:atom_RingSize_list:kConv': 1.0, '0:atom_Hcount:kDelta': 1.0, '0:atom_AtomicNumber_count_1:kDelta': 0.8, '0:atom_AtomicNumber_count_2:kDelta': 1.0, '0:atom_Chiral:kDelta': 0.75, '0:bond_Order:kDelta': 1.0, '0:bond_Stereo:kDelta': 0.9, '0:bond_RingStereo:kDelta': 0.9, '0:q:q': 0.45, '1:features_kernel:Matern32': 21.1, '2:features_kernel:Matern32': 26.1, '3:features_kernel:Matern32': 9.1, '4:features_kernel:Matern32': 14.1, '5:features_kernel:Matern32': 5.1, '6:features_kernel:Matern32': 10.1, '7:features_kernel:Matern32': 21.1, '8:features_kernel:Matern32': 0.1, '9:features_kernel:Matern32': 9.1, '10:features_kernel:Matern32': 12.1, '11:features_kernel:Matern32': 12.1, 'alpha': 0.062}. Best is trial 24 with value: 84.154180277633.
/gpfs_common/share03/ddomlab/sdehgha2/working_space/GP_collab/code_python/training/MGK_and_tools/mgktools/mgktools/kernels/base.py:225: UserWarning: The distribution is specified by [0.1, 30] and step=1, but the range is not divisible by `step`. It will be replaced with [0.1, 29.1].
  self.unique_name: trial.suggest_float(
[I 2026-04-22 09:26:36,216] Trial 30 finished with value: 83.34745689853642 and parameters: {'0:atom_AtomicNumber:kDelta': 1.0, '0:atom_AtomicNumber_list_1:kConv': 0.9, '0:atom_AtomicNumber_list_2:kConv': 0.75, '0:atom_AtomicNumber_list_3:kConv': 0.75, '0:atom_AtomicNumber_list_4:kConv': 1.0, '0:atom_MorganHash:kDelta': 0.9, '0:atom_Ring_count:kDelta': 0.75, '0:atom_RingSize_list:kConv': 1.0, '0:atom_Hcount:kDelta': 0.9, '0:atom_AtomicNumber_count_1:kDelta': 0.9, '0:atom_AtomicNumber_count_2:kDelta': 0.9, '0:atom_Chiral:kDelta': 0.8, '0:bond_Order:kDelta': 0.9, '0:bond_Stereo:kDelta': 0.9, '0:bond_RingStereo:kDelta': 0.85, '0:q:q': 0.39, '1:features_kernel:Matern32': 26.1, '2:features_kernel:Matern32': 21.1, '3:features_kernel:Matern32': 22.1, '4:features_kernel:Matern32': 24.1, '5:features_kernel:Matern32': 2.1, '6:features_kernel:Matern32': 6.1, '7:features_kernel:Matern32': 29.1, '8:features_kernel:Matern32': 2.1, '9:features_kernel:Matern32': 12.1, '10:features_kernel:Matern32': 18.1, '11:features_kernel:Matern32': 10.1, 'alpha': 0.022000000000000002}. Best is trial 30 with value: 83.34745689853642.
/gpfs_common/share03/ddomlab/sdehgha2/working_space/GP_collab/code_python/training/MGK_and_tools/mgktools/mgktools/kernels/base.py:225: UserWarning: The distribution is specified by [0.1, 30] and step=1, but the range is not divisible by `step`. It will be replaced with [0.1, 29.1].
  self.unique_name: trial.suggest_float(
[I 2026-04-22 09:26:46,341] Trial 31 finished with value: 83.3667244814825 and parameters: {'0:atom_AtomicNumber:kDelta': 1.0, '0:atom_AtomicNumber_list_1:kConv': 0.9, '0:atom_AtomicNumber_list_2:kConv': 0.75, '0:atom_AtomicNumber_list_3:kConv': 0.75, '0:atom_AtomicNumber_list_4:kConv': 1.0, '0:atom_MorganHash:kDelta': 0.9, '0:atom_Ring_count:kDelta': 0.75, '0:atom_RingSize_list:kConv': 0.95, '0:atom_Hcount:kDelta': 0.9, '0:atom_AtomicNumber_count_1:kDelta': 0.9, '0:atom_AtomicNumber_count_2:kDelta': 0.9, '0:atom_Chiral:kDelta': 0.85, '0:bond_Order:kDelta': 0.9, '0:bond_Stereo:kDelta': 0.9, '0:bond_RingStereo:kDelta': 0.8, '0:q:q': 0.47000000000000003, '1:features_kernel:Matern32': 26.1, '2:features_kernel:Matern32': 21.1, '3:features_kernel:Matern32': 24.1, '4:features_kernel:Matern32': 24.1, '5:features_kernel:Matern32': 2.1, '6:features_kernel:Matern32': 5.1, '7:features_kernel:Matern32': 26.1, '8:features_kernel:Matern32': 6.1, '9:features_kernel:Matern32': 16.1, '10:features_kernel:Matern32': 18.1, '11:features_kernel:Matern32': 9.1, 'alpha': 0.027000000000000003}. Best is trial 30 with value: 83.34745689853642.
/gpfs_common/share03/ddomlab/sdehgha2/working_space/GP_collab/code_python/training/MGK_and_tools/mgktools/mgktools/kernels/base.py:225: UserWarning: The distribution is specified by [0.1, 30] and step=1, but the range is not divisible by `step`. It will be replaced with [0.1, 29.1].
  self.unique_name: trial.suggest_float(
[I 2026-04-22 09:26:56,254] Trial 32 finished with value: 83.40959732479591 and parameters: {'0:atom_AtomicNumber:kDelta': 1.0, '0:atom_AtomicNumber_list_1:kConv': 0.9, '0:atom_AtomicNumber_list_2:kConv': 0.75, '0:atom_AtomicNumber_list_3:kConv': 0.75, '0:atom_AtomicNumber_list_4:kConv': 1.0, '0:atom_MorganHash:kDelta': 0.9, '0:atom_Ring_count:kDelta': 0.75, '0:atom_RingSize_list:kConv': 0.95, '0:atom_Hcount:kDelta': 0.9, '0:atom_AtomicNumber_count_1:kDelta': 0.9, '0:atom_AtomicNumber_count_2:kDelta': 0.9, '0:atom_Chiral:kDelta': 0.85, '0:bond_Order:kDelta': 0.9, '0:bond_Stereo:kDelta': 0.9, '0:bond_RingStereo:kDelta': 0.8, '0:q:q': 0.47000000000000003, '1:features_kernel:Matern32': 23.1, '2:features_kernel:Matern32': 21.1, '3:features_kernel:Matern32': 25.1, '4:features_kernel:Matern32': 23.1, '5:features_kernel:Matern32': 2.1, '6:features_kernel:Matern32': 5.1, '7:features_kernel:Matern32': 26.1, '8:features_kernel:Matern32': 6.1, '9:features_kernel:Matern32': 14.1, '10:features_kernel:Matern32': 18.1, '11:features_kernel:Matern32': 9.1, 'alpha': 0.023}. Best is trial 30 with value: 83.34745689853642.
/gpfs_common/share03/ddomlab/sdehgha2/working_space/GP_collab/code_python/training/MGK_and_tools/mgktools/mgktools/kernels/base.py:225: UserWarning: The distribution is specified by [0.1, 30] and step=1, but the range is not divisible by `step`. It will be replaced with [0.1, 29.1].
  self.unique_name: trial.suggest_float(
[I 2026-04-22 09:27:05,973] Trial 33 finished with value: 83.3876860270391 and parameters: {'0:atom_AtomicNumber:kDelta': 1.0, '0:atom_AtomicNumber_list_1:kConv': 0.9, '0:atom_AtomicNumber_list_2:kConv': 0.75, '0:atom_AtomicNumber_list_3:kConv': 0.75, '0:atom_AtomicNumber_list_4:kConv': 1.0, '0:atom_MorganHash:kDelta': 0.9, '0:atom_Ring_count:kDelta': 0.75, '0:atom_RingSize_list:kConv': 0.95, '0:atom_Hcount:kDelta': 0.9, '0:atom_AtomicNumber_count_1:kDelta': 0.85, '0:atom_AtomicNumber_count_2:kDelta': 0.9, '0:atom_Chiral:kDelta': 0.85, '0:bond_Order:kDelta': 0.85, '0:bond_Stereo:kDelta': 0.9, '0:bond_RingStereo:kDelta': 0.8, '0:q:q': 0.49, '1:features_kernel:Matern32': 26.1, '2:features_kernel:Matern32': 21.1, '3:features_kernel:Matern32': 24.1, '4:features_kernel:Matern32': 24.1, '5:features_kernel:Matern32': 2.1, '6:features_kernel:Matern32': 5.1, '7:features_kernel:Matern32': 26.1, '8:features_kernel:Matern32': 6.1, '9:features_kernel:Matern32': 15.1, '10:features_kernel:Matern32': 18.1, '11:features_kernel:Matern32': 9.1, 'alpha': 0.024}. Best is trial 30 with value: 83.34745689853642.
/gpfs_common/share03/ddomlab/sdehgha2/working_space/GP_collab/code_python/training/MGK_and_tools/mgktools/mgktools/kernels/base.py:225: UserWarning: The distribution is specified by [0.1, 30] and step=1, but the range is not divisible by `step`. It will be replaced with [0.1, 29.1].
  self.unique_name: trial.suggest_float(
[I 2026-04-22 09:27:16,052] Trial 34 finished with value: 151.77209158237056 and parameters: {'0:atom_AtomicNumber:kDelta': 1.0, '0:atom_AtomicNumber_list_1:kConv': 0.9, '0:atom_AtomicNumber_list_2:kConv': 0.75, '0:atom_AtomicNumber_list_3:kConv': 0.75, '0:atom_AtomicNumber_list_4:kConv': 1.0, '0:atom_MorganHash:kDelta': 0.9, '0:atom_Ring_count:kDelta': 0.75, '0:atom_RingSize_list:kConv': 0.95, '0:atom_Hcount:kDelta': 0.9, '0:atom_AtomicNumber_count_1:kDelta': 0.85, '0:atom_AtomicNumber_count_2:kDelta': 0.9, '0:atom_Chiral:kDelta': 0.85, '0:bond_Order:kDelta': 0.85, '0:bond_Stereo:kDelta': 0.9, '0:bond_RingStereo:kDelta': 0.8, '0:q:q': 0.48000000000000004, '1:features_kernel:Matern32': 26.1, '2:features_kernel:Matern32': 21.1, '3:features_kernel:Matern32': 25.1, '4:features_kernel:Matern32': 24.1, '5:features_kernel:Matern32': 2.1, '6:features_kernel:Matern32': 0.1, '7:features_kernel:Matern32': 22.1, '8:features_kernel:Matern32': 9.1, '9:features_kernel:Matern32': 21.1, '10:features_kernel:Matern32': 18.1, '11:features_kernel:Matern32': 9.1, 'alpha': 0.024}. Best is trial 30 with value: 83.34745689853642.
/gpfs_common/share03/ddomlab/sdehgha2/working_space/GP_collab/code_python/training/MGK_and_tools/mgktools/mgktools/kernels/base.py:225: UserWarning: The distribution is specified by [0.1, 30] and step=1, but the range is not divisible by `step`. It will be replaced with [0.1, 29.1].
  self.unique_name: trial.suggest_float(
[I 2026-04-22 09:27:25,727] Trial 35 finished with value: 83.40556829711998 and parameters: {'0:atom_AtomicNumber:kDelta': 1.0, '0:atom_AtomicNumber_list_1:kConv': 0.85, '0:atom_AtomicNumber_list_2:kConv': 0.8, '0:atom_AtomicNumber_list_3:kConv': 0.75, '0:atom_AtomicNumber_list_4:kConv': 1.0, '0:atom_MorganHash:kDelta': 0.9, '0:atom_Ring_count:kDelta': 0.75, '0:atom_RingSize_list:kConv': 0.95, '0:atom_Hcount:kDelta': 0.9, '0:atom_AtomicNumber_count_1:kDelta': 0.85, '0:atom_AtomicNumber_count_2:kDelta': 0.85, '0:atom_Chiral:kDelta': 0.8, '0:bond_Order:kDelta': 0.85, '0:bond_Stereo:kDelta': 0.9, '0:bond_RingStereo:kDelta': 0.8, '0:q:q': 0.5, '1:features_kernel:Matern32': 25.1, '2:features_kernel:Matern32': 18.1, '3:features_kernel:Matern32': 23.1, '4:features_kernel:Matern32': 23.1, '5:features_kernel:Matern32': 2.1, '6:features_kernel:Matern32': 5.1, '7:features_kernel:Matern32': 26.1, '8:features_kernel:Matern32': 6.1, '9:features_kernel:Matern32': 15.1, '10:features_kernel:Matern32': 19.1, '11:features_kernel:Matern32': 9.1, 'alpha': 0.023}. Best is trial 30 with value: 83.34745689853642.
/gpfs_common/share03/ddomlab/sdehgha2/working_space/GP_collab/code_python/training/MGK_and_tools/mgktools/mgktools/kernels/base.py:225: UserWarning: The distribution is specified by [0.1, 30] and step=1, but the range is not divisible by `step`. It will be replaced with [0.1, 29.1].
  self.unique_name: trial.suggest_float(
[I 2026-04-22 09:27:35,303] Trial 36 finished with value: 91.23356847630481 and parameters: {'0:atom_AtomicNumber:kDelta': 1.0, '0:atom_AtomicNumber_list_1:kConv': 0.85, '0:atom_AtomicNumber_list_2:kConv': 0.8, '0:atom_AtomicNumber_list_3:kConv': 0.75, '0:atom_AtomicNumber_list_4:kConv': 0.75, '0:atom_MorganHash:kDelta': 0.9, '0:atom_Ring_count:kDelta': 0.75, '0:atom_RingSize_list:kConv': 0.9, '0:atom_Hcount:kDelta': 0.9, '0:atom_AtomicNumber_count_1:kDelta': 0.85, '0:atom_AtomicNumber_count_2:kDelta': 0.85, '0:atom_Chiral:kDelta': 0.8, '0:bond_Order:kDelta': 0.8, '0:bond_Stereo:kDelta': 0.9, '0:bond_RingStereo:kDelta': 0.85, '0:q:q': 0.49, '1:features_kernel:Matern32': 26.1, '2:features_kernel:Matern32': 17.1, '3:features_kernel:Matern32': 22.1, '4:features_kernel:Matern32': 17.1, '5:features_kernel:Matern32': 3.1, '6:features_kernel:Matern32': 2.1, '7:features_kernel:Matern32': 23.1, '8:features_kernel:Matern32': 10.1, '9:features_kernel:Matern32': 16.1, '10:features_kernel:Matern32': 20.1, '11:features_kernel:Matern32': 5.1, 'alpha': 0.004}. Best is trial 30 with value: 83.34745689853642.
/gpfs_common/share03/ddomlab/sdehgha2/working_space/GP_collab/code_python/training/MGK_and_tools/mgktools/mgktools/kernels/base.py:225: UserWarning: The distribution is specified by [0.1, 30] and step=1, but the range is not divisible by `step`. It will be replaced with [0.1, 29.1].
  self.unique_name: trial.suggest_float(
