[I 2026-04-22 14:04:25,740] Trial 28 finished with value: 16.307509620669634 and parameters: {'0:atom_AtomicNumber:kDelta': 1.0, '0:atom_AtomicNumber_list_1:kConv': 0.8, '0:atom_AtomicNumber_list_2:kConv': 0.75, '0:atom_AtomicNumber_list_3:kConv': 0.8, '0:atom_AtomicNumber_list_4:kConv': 1.0, '0:atom_MorganHash:kDelta': 0.75, '0:atom_Ring_count:kDelta': 1.0, '0:atom_RingSize_list:kConv': 0.85, '0:atom_Hcount:kDelta': 0.9, '0:atom_AtomicNumber_count_1:kDelta': 0.75, '0:atom_AtomicNumber_count_2:kDelta': 0.9, '0:atom_Chiral:kDelta': 1.0, '0:bond_Order:kDelta': 0.95, '0:bond_Stereo:kDelta': 0.75, '0:bond_RingStereo:kDelta': 1.0, '0:q:q': 0.28, '1:features_kernel:Matern32': 22.1, '2:features_kernel:Matern32': 18.1, '3:features_kernel:Matern32': 22.1, '4:features_kernel:Matern32': 5.1, '5:features_kernel:Matern32': 23.1, '6:features_kernel:Matern32': 15.1, '7:features_kernel:Matern32': 11.1, '8:features_kernel:Matern32': 13.1, '9:features_kernel:Matern32': 9.1, '10:features_kernel:Matern32': 27.1, '11:features_kernel:Matern32': 25.1, 'alpha': 0.006}. Best is trial 23 with value: 16.29817127178053.
/gpfs_common/share03/ddomlab/sdehgha2/working_space/GP_collab/code_python/training/MGK_and_tools/mgktools/mgktools/kernels/base.py:225: UserWarning: The distribution is specified by [0.1, 30] and step=1, but the range is not divisible by `step`. It will be replaced with [0.1, 29.1].
  self.unique_name: trial.suggest_float(
[I 2026-04-22 14:04:38,843] Trial 29 finished with value: 16.4874319533082 and parameters: {'0:atom_AtomicNumber:kDelta': 1.0, '0:atom_AtomicNumber_list_1:kConv': 0.8, '0:atom_AtomicNumber_list_2:kConv': 0.75, '0:atom_AtomicNumber_list_3:kConv': 0.75, '0:atom_AtomicNumber_list_4:kConv': 1.0, '0:atom_MorganHash:kDelta': 0.8, '0:atom_Ring_count:kDelta': 1.0, '0:atom_RingSize_list:kConv': 0.85, '0:atom_Hcount:kDelta': 0.85, '0:atom_AtomicNumber_count_1:kDelta': 0.9, '0:atom_AtomicNumber_count_2:kDelta': 0.85, '0:atom_Chiral:kDelta': 1.0, '0:bond_Order:kDelta': 0.9, '0:bond_Stereo:kDelta': 0.75, '0:bond_RingStereo:kDelta': 0.9, '0:q:q': 0.37, '1:features_kernel:Matern32': 26.1, '2:features_kernel:Matern32': 18.1, '3:features_kernel:Matern32': 21.1, '4:features_kernel:Matern32': 8.1, '5:features_kernel:Matern32': 23.1, '6:features_kernel:Matern32': 15.1, '7:features_kernel:Matern32': 8.1, '8:features_kernel:Matern32': 12.1, '9:features_kernel:Matern32': 8.1, '10:features_kernel:Matern32': 13.1, '11:features_kernel:Matern32': 21.1, 'alpha': 0.035}. Best is trial 23 with value: 16.29817127178053.
/gpfs_common/share03/ddomlab/sdehgha2/working_space/GP_collab/code_python/training/MGK_and_tools/mgktools/mgktools/kernels/base.py:225: UserWarning: The distribution is specified by [0.1, 30] and step=1, but the range is not divisible by `step`. It will be replaced with [0.1, 29.1].
  self.unique_name: trial.suggest_float(
[I 2026-04-22 14:04:51,893] Trial 30 finished with value: 16.800592102628194 and parameters: {'0:atom_AtomicNumber:kDelta': 0.95, '0:atom_AtomicNumber_list_1:kConv': 0.8, '0:atom_AtomicNumber_list_2:kConv': 0.75, '0:atom_AtomicNumber_list_3:kConv': 0.8, '0:atom_AtomicNumber_list_4:kConv': 1.0, '0:atom_MorganHash:kDelta': 0.9, '0:atom_Ring_count:kDelta': 1.0, '0:atom_RingSize_list:kConv': 0.95, '0:atom_Hcount:kDelta': 0.9, '0:atom_AtomicNumber_count_1:kDelta': 0.8, '0:atom_AtomicNumber_count_2:kDelta': 0.9, '0:atom_Chiral:kDelta': 1.0, '0:bond_Order:kDelta': 0.9, '0:bond_Stereo:kDelta': 0.75, '0:bond_RingStereo:kDelta': 0.95, '0:q:q': 0.44, '1:features_kernel:Matern32': 22.1, '2:features_kernel:Matern32': 22.1, '3:features_kernel:Matern32': 16.1, '4:features_kernel:Matern32': 2.1, '5:features_kernel:Matern32': 21.1, '6:features_kernel:Matern32': 8.1, '7:features_kernel:Matern32': 16.1, '8:features_kernel:Matern32': 24.1, '9:features_kernel:Matern32': 2.1, '10:features_kernel:Matern32': 19.1, '11:features_kernel:Matern32': 23.1, 'alpha': 0.006}. Best is trial 23 with value: 16.29817127178053.
/gpfs_common/share03/ddomlab/sdehgha2/working_space/GP_collab/code_python/training/MGK_and_tools/mgktools/mgktools/kernels/base.py:225: UserWarning: The distribution is specified by [0.1, 30] and step=1, but the range is not divisible by `step`. It will be replaced with [0.1, 29.1].
  self.unique_name: trial.suggest_float(
[I 2026-04-22 14:05:06,406] Trial 31 finished with value: 16.363335347872763 and parameters: {'0:atom_AtomicNumber:kDelta': 1.0, '0:atom_AtomicNumber_list_1:kConv': 0.85, '0:atom_AtomicNumber_list_2:kConv': 0.75, '0:atom_AtomicNumber_list_3:kConv': 0.8, '0:atom_AtomicNumber_list_4:kConv': 0.95, '0:atom_MorganHash:kDelta': 0.75, '0:atom_Ring_count:kDelta': 0.95, '0:atom_RingSize_list:kConv': 0.75, '0:atom_Hcount:kDelta': 0.95, '0:atom_AtomicNumber_count_1:kDelta': 0.75, '0:atom_AtomicNumber_count_2:kDelta': 0.8, '0:atom_Chiral:kDelta': 0.95, '0:bond_Order:kDelta': 0.95, '0:bond_Stereo:kDelta': 0.8, '0:bond_RingStereo:kDelta': 1.0, '0:q:q': 0.28, '1:features_kernel:Matern32': 15.1, '2:features_kernel:Matern32': 13.1, '3:features_kernel:Matern32': 26.1, '4:features_kernel:Matern32': 6.1, '5:features_kernel:Matern32': 26.1, '6:features_kernel:Matern32': 19.1, '7:features_kernel:Matern32': 11.1, '8:features_kernel:Matern32': 18.1, '9:features_kernel:Matern32': 9.1, '10:features_kernel:Matern32': 27.1, '11:features_kernel:Matern32': 25.1, 'alpha': 0.013000000000000001}. Best is trial 23 with value: 16.29817127178053.
/gpfs_common/share03/ddomlab/sdehgha2/working_space/GP_collab/code_python/training/MGK_and_tools/mgktools/mgktools/kernels/base.py:225: UserWarning: The distribution is specified by [0.1, 30] and step=1, but the range is not divisible by `step`. It will be replaced with [0.1, 29.1].
  self.unique_name: trial.suggest_float(
[I 2026-04-22 14:05:17,325] Trial 32 finished with value: 16.219096662557025 and parameters: {'0:atom_AtomicNumber:kDelta': 1.0, '0:atom_AtomicNumber_list_1:kConv': 0.8, '0:atom_AtomicNumber_list_2:kConv': 0.75, '0:atom_AtomicNumber_list_3:kConv': 0.8, '0:atom_AtomicNumber_list_4:kConv': 0.8, '0:atom_MorganHash:kDelta': 0.75, '0:atom_Ring_count:kDelta': 0.9, '0:atom_RingSize_list:kConv': 0.8, '0:atom_Hcount:kDelta': 0.9, '0:atom_AtomicNumber_count_1:kDelta': 0.75, '0:atom_AtomicNumber_count_2:kDelta': 0.85, '0:atom_Chiral:kDelta': 0.95, '0:bond_Order:kDelta': 0.95, '0:bond_Stereo:kDelta': 0.75, '0:bond_RingStereo:kDelta': 1.0, '0:q:q': 0.29000000000000004, '1:features_kernel:Matern32': 23.1, '2:features_kernel:Matern32': 25.1, '3:features_kernel:Matern32': 21.1, '4:features_kernel:Matern32': 4.1, '5:features_kernel:Matern32': 28.1, '6:features_kernel:Matern32': 22.1, '7:features_kernel:Matern32': 12.1, '8:features_kernel:Matern32': 20.1, '9:features_kernel:Matern32': 16.1, '10:features_kernel:Matern32': 27.1, '11:features_kernel:Matern32': 25.1, 'alpha': 0.005}. Best is trial 32 with value: 16.219096662557025.
/gpfs_common/share03/ddomlab/sdehgha2/working_space/GP_collab/code_python/training/MGK_and_tools/mgktools/mgktools/kernels/base.py:225: UserWarning: The distribution is specified by [0.1, 30] and step=1, but the range is not divisible by `step`. It will be replaced with [0.1, 29.1].
  self.unique_name: trial.suggest_float(
[I 2026-04-22 14:05:31,357] Trial 33 finished with value: 16.25391069574996 and parameters: {'0:atom_AtomicNumber:kDelta': 1.0, '0:atom_AtomicNumber_list_1:kConv': 0.8, '0:atom_AtomicNumber_list_2:kConv': 0.8, '0:atom_AtomicNumber_list_3:kConv': 0.85, '0:atom_AtomicNumber_list_4:kConv': 0.75, '0:atom_MorganHash:kDelta': 0.75, '0:atom_Ring_count:kDelta': 1.0, '0:atom_RingSize_list:kConv': 0.85, '0:atom_Hcount:kDelta': 0.85, '0:atom_AtomicNumber_count_1:kDelta': 0.75, '0:atom_AtomicNumber_count_2:kDelta': 0.85, '0:atom_Chiral:kDelta': 0.95, '0:bond_Order:kDelta': 0.95, '0:bond_Stereo:kDelta': 0.75, '0:bond_RingStereo:kDelta': 1.0, '0:q:q': 0.27, '1:features_kernel:Matern32': 22.1, '2:features_kernel:Matern32': 18.1, '3:features_kernel:Matern32': 21.1, '4:features_kernel:Matern32': 0.1, '5:features_kernel:Matern32': 29.1, '6:features_kernel:Matern32': 22.1, '7:features_kernel:Matern32': 13.1, '8:features_kernel:Matern32': 21.1, '9:features_kernel:Matern32': 16.1, '10:features_kernel:Matern32': 23.1, '11:features_kernel:Matern32': 29.1, 'alpha': 0.004}. Best is trial 32 with value: 16.219096662557025.
/gpfs_common/share03/ddomlab/sdehgha2/working_space/GP_collab/code_python/training/MGK_and_tools/mgktools/mgktools/kernels/base.py:225: UserWarning: The distribution is specified by [0.1, 30] and step=1, but the range is not divisible by `step`. It will be replaced with [0.1, 29.1].
  self.unique_name: trial.suggest_float(
[I 2026-04-22 14:05:42,012] Trial 34 finished with value: 16.190929773899047 and parameters: {'0:atom_AtomicNumber:kDelta': 0.95, '0:atom_AtomicNumber_list_1:kConv': 0.8, '0:atom_AtomicNumber_list_2:kConv': 0.8, '0:atom_AtomicNumber_list_3:kConv': 0.85, '0:atom_AtomicNumber_list_4:kConv': 0.75, '0:atom_MorganHash:kDelta': 0.8, '0:atom_Ring_count:kDelta': 1.0, '0:atom_RingSize_list:kConv': 0.85, '0:atom_Hcount:kDelta': 0.85, '0:atom_AtomicNumber_count_1:kDelta': 0.8, '0:atom_AtomicNumber_count_2:kDelta': 0.85, '0:atom_Chiral:kDelta': 0.95, '0:bond_Order:kDelta': 0.95, '0:bond_Stereo:kDelta': 0.75, '0:bond_RingStereo:kDelta': 0.95, '0:q:q': 0.33, '1:features_kernel:Matern32': 23.1, '2:features_kernel:Matern32': 13.1, '3:features_kernel:Matern32': 20.1, '4:features_kernel:Matern32': 0.1, '5:features_kernel:Matern32': 22.1, '6:features_kernel:Matern32': 22.1, '7:features_kernel:Matern32': 13.1, '8:features_kernel:Matern32': 20.1, '9:features_kernel:Matern32': 16.1, '10:features_kernel:Matern32': 23.1, '11:features_kernel:Matern32': 27.1, 'alpha': 0.005}. Best is trial 34 with value: 16.190929773899047.
/gpfs_common/share03/ddomlab/sdehgha2/working_space/GP_collab/code_python/training/MGK_and_tools/mgktools/mgktools/kernels/base.py:225: UserWarning: The distribution is specified by [0.1, 30] and step=1, but the range is not divisible by `step`. It will be replaced with [0.1, 29.1].
  self.unique_name: trial.suggest_float(
[I 2026-04-22 14:05:52,894] Trial 35 finished with value: 16.320829358647316 and parameters: {'0:atom_AtomicNumber:kDelta': 0.95, '0:atom_AtomicNumber_list_1:kConv': 0.8, '0:atom_AtomicNumber_list_2:kConv': 0.8, '0:atom_AtomicNumber_list_3:kConv': 0.85, '0:atom_AtomicNumber_list_4:kConv': 0.75, '0:atom_MorganHash:kDelta': 0.8, '0:atom_Ring_count:kDelta': 1.0, '0:atom_RingSize_list:kConv': 0.85, '0:atom_Hcount:kDelta': 0.85, '0:atom_AtomicNumber_count_1:kDelta': 0.85, '0:atom_AtomicNumber_count_2:kDelta': 0.85, '0:atom_Chiral:kDelta': 0.95, '0:bond_Order:kDelta': 1.0, '0:bond_Stereo:kDelta': 0.75, '0:bond_RingStereo:kDelta': 0.95, '0:q:q': 0.34, '1:features_kernel:Matern32': 24.1, '2:features_kernel:Matern32': 12.1, '3:features_kernel:Matern32': 20.1, '4:features_kernel:Matern32': 0.1, '5:features_kernel:Matern32': 28.1, '6:features_kernel:Matern32': 22.1, '7:features_kernel:Matern32': 13.1, '8:features_kernel:Matern32': 21.1, '9:features_kernel:Matern32': 16.1, '10:features_kernel:Matern32': 23.1, '11:features_kernel:Matern32': 29.1, 'alpha': 0.002}. Best is trial 34 with value: 16.190929773899047.
/gpfs_common/share03/ddomlab/sdehgha2/working_space/GP_collab/code_python/training/MGK_and_tools/mgktools/mgktools/kernels/base.py:225: UserWarning: The distribution is specified by [0.1, 30] and step=1, but the range is not divisible by `step`. It will be replaced with [0.1, 29.1].
  self.unique_name: trial.suggest_float(
[I 2026-04-22 14:06:05,476] Trial 36 finished with value: 16.351626700605426 and parameters: {'0:atom_AtomicNumber:kDelta': 0.9, '0:atom_AtomicNumber_list_1:kConv': 0.8, '0:atom_AtomicNumber_list_2:kConv': 0.8, '0:atom_AtomicNumber_list_3:kConv': 0.85, '0:atom_AtomicNumber_list_4:kConv': 0.75, '0:atom_MorganHash:kDelta': 0.8, '0:atom_Ring_count:kDelta': 1.0, '0:atom_RingSize_list:kConv': 0.85, '0:atom_Hcount:kDelta': 0.85, '0:atom_AtomicNumber_count_1:kDelta': 0.8, '0:atom_AtomicNumber_count_2:kDelta': 0.85, '0:atom_Chiral:kDelta': 0.95, '0:bond_Order:kDelta': 0.95, '0:bond_Stereo:kDelta': 0.75, '0:bond_RingStereo:kDelta': 0.95, '0:q:q': 0.45, '1:features_kernel:Matern32': 29.1, '2:features_kernel:Matern32': 8.1, '3:features_kernel:Matern32': 20.1, '4:features_kernel:Matern32': 3.1, '5:features_kernel:Matern32': 21.1, '6:features_kernel:Matern32': 24.1, '7:features_kernel:Matern32': 9.1, '8:features_kernel:Matern32': 26.1, '9:features_kernel:Matern32': 19.1, '10:features_kernel:Matern32': 22.1, '11:features_kernel:Matern32': 27.1, 'alpha': 0.021}. Best is trial 34 with value: 16.190929773899047.
/gpfs_common/share03/ddomlab/sdehgha2/working_space/GP_collab/code_python/training/MGK_and_tools/mgktools/mgktools/kernels/base.py:225: UserWarning: The distribution is specified by [0.1, 30] and step=1, but the range is not divisible by `step`. It will be replaced with [0.1, 29.1].
  self.unique_name: trial.suggest_float(
[I 2026-04-22 14:06:18,720] Trial 37 finished with value: 16.86543161680194 and parameters: {'0:atom_AtomicNumber:kDelta': 0.95, '0:atom_AtomicNumber_list_1:kConv': 0.75, '0:atom_AtomicNumber_list_2:kConv': 0.8, '0:atom_AtomicNumber_list_3:kConv': 0.85, '0:atom_AtomicNumber_list_4:kConv': 0.8, '0:atom_MorganHash:kDelta': 0.75, '0:atom_Ring_count:kDelta': 1.0, '0:atom_RingSize_list:kConv': 0.8, '0:atom_Hcount:kDelta': 0.8, '0:atom_AtomicNumber_count_1:kDelta': 0.8, '0:atom_AtomicNumber_count_2:kDelta': 0.8, '0:atom_Chiral:kDelta': 0.9, '0:bond_Order:kDelta': 1.0, '0:bond_Stereo:kDelta': 0.75, '0:bond_RingStereo:kDelta': 0.85, '0:q:q': 0.36000000000000004, '1:features_kernel:Matern32': 25.1, '2:features_kernel:Matern32': 10.1, '3:features_kernel:Matern32': 17.1, '4:features_kernel:Matern32': 0.1, '5:features_kernel:Matern32': 24.1, '6:features_kernel:Matern32': 26.1, '7:features_kernel:Matern32': 4.1, '8:features_kernel:Matern32': 20.1, '9:features_kernel:Matern32': 13.1, '10:features_kernel:Matern32': 15.1, '11:features_kernel:Matern32': 18.1, 'alpha': 0.079}. Best is trial 34 with value: 16.190929773899047.
/gpfs_common/share03/ddomlab/sdehgha2/working_space/GP_collab/code_python/training/MGK_and_tools/mgktools/mgktools/kernels/base.py:225: UserWarning: The distribution is specified by [0.1, 30] and step=1, but the range is not divisible by `step`. It will be replaced with [0.1, 29.1].
  self.unique_name: trial.suggest_float(
[I 2026-04-22 14:06:32,964] Trial 38 finished with value: 16.136230034882615 and parameters: {'0:atom_AtomicNumber:kDelta': 1.0, '0:atom_AtomicNumber_list_1:kConv': 0.85, '0:atom_AtomicNumber_list_2:kConv': 0.8, '0:atom_AtomicNumber_list_3:kConv': 0.8, '0:atom_AtomicNumber_list_4:kConv': 0.75, '0:atom_MorganHash:kDelta': 0.9, '0:atom_Ring_count:kDelta': 0.95, '0:atom_RingSize_list:kConv': 0.9, '0:atom_Hcount:kDelta': 0.85, '0:atom_AtomicNumber_count_1:kDelta': 0.85, '0:atom_AtomicNumber_count_2:kDelta': 0.85, '0:atom_Chiral:kDelta': 0.95, '0:bond_Order:kDelta': 0.95, '0:bond_Stereo:kDelta': 0.75, '0:bond_RingStereo:kDelta': 1.0, '0:q:q': 0.31, '1:features_kernel:Matern32': 23.1, '2:features_kernel:Matern32': 14.1, '3:features_kernel:Matern32': 25.1, '4:features_kernel:Matern32': 3.1, '5:features_kernel:Matern32': 11.1, '6:features_kernel:Matern32': 22.1, '7:features_kernel:Matern32': 6.1, '8:features_kernel:Matern32': 22.1, '9:features_kernel:Matern32': 16.1, '10:features_kernel:Matern32': 4.1, '11:features_kernel:Matern32': 28.1, 'alpha': 0.007}. Best is trial 38 with value: 16.136230034882615.
/gpfs_common/share03/ddomlab/sdehgha2/working_space/GP_collab/code_python/training/MGK_and_tools/mgktools/mgktools/kernels/base.py:225: UserWarning: The distribution is specified by [0.1, 30] and step=1, but the range is not divisible by `step`. It will be replaced with [0.1, 29.1].
  self.unique_name: trial.suggest_float(
[I 2026-04-22 14:06:46,684] Trial 39 finished with value: 16.44968337274603 and parameters: {'0:atom_AtomicNumber:kDelta': 0.8, '0:atom_AtomicNumber_list_1:kConv': 0.9, '0:atom_AtomicNumber_list_2:kConv': 0.8, '0:atom_AtomicNumber_list_3:kConv': 0.75, '0:atom_AtomicNumber_list_4:kConv': 0.75, '0:atom_MorganHash:kDelta': 0.9, '0:atom_Ring_count:kDelta': 0.9, '0:atom_RingSize_list:kConv': 0.9, '0:atom_Hcount:kDelta': 0.8, '0:atom_AtomicNumber_count_1:kDelta': 0.9, '0:atom_AtomicNumber_count_2:kDelta': 0.8, '0:atom_Chiral:kDelta': 0.9, '0:bond_Order:kDelta': 1.0, '0:bond_Stereo:kDelta': 0.75, '0:bond_RingStereo:kDelta': 0.9, '0:q:q': 0.24000000000000002, '1:features_kernel:Matern32': 27.1, '2:features_kernel:Matern32': 13.1, '3:features_kernel:Matern32': 27.1, '4:features_kernel:Matern32': 3.1, '5:features_kernel:Matern32': 12.1, '6:features_kernel:Matern32': 21.1, '7:features_kernel:Matern32': 2.1, '8:features_kernel:Matern32': 23.1, '9:features_kernel:Matern32': 16.1, '10:features_kernel:Matern32': 5.1, '11:features_kernel:Matern32': 28.1, 'alpha': 0.006}. Best is trial 38 with value: 16.136230034882615.
/gpfs_common/share03/ddomlab/sdehgha2/working_space/GP_collab/code_python/training/MGK_and_tools/mgktools/mgktools/kernels/base.py:225: UserWarning: The distribution is specified by [0.1, 30] and step=1, but the range is not divisible by `step`. It will be replaced with [0.1, 29.1].
  self.unique_name: trial.suggest_float(
[I 2026-04-22 14:06:57,949] Trial 40 finished with value: 16.881226430419318 and parameters: {'0:atom_AtomicNumber:kDelta': 0.75, '0:atom_AtomicNumber_list_1:kConv': 0.85, '0:atom_AtomicNumber_list_2:kConv': 0.85, '0:atom_AtomicNumber_list_3:kConv': 0.8, '0:atom_AtomicNumber_list_4:kConv': 0.8, '0:atom_MorganHash:kDelta': 0.95, '0:atom_Ring_count:kDelta': 1.0, '0:atom_RingSize_list:kConv': 0.95, '0:atom_Hcount:kDelta': 0.75, '0:atom_AtomicNumber_count_1:kDelta': 0.85, '0:atom_AtomicNumber_count_2:kDelta': 0.85, '0:atom_Chiral:kDelta': 0.95, '0:bond_Order:kDelta': 0.95, '0:bond_Stereo:kDelta': 0.75, '0:bond_RingStereo:kDelta': 0.8, '0:q:q': 0.38, '1:features_kernel:Matern32': 23.1, '2:features_kernel:Matern32': 5.1, '3:features_kernel:Matern32': 25.1, '4:features_kernel:Matern32': 10.1, '5:features_kernel:Matern32': 10.1, '6:features_kernel:Matern32': 22.1, '7:features_kernel:Matern32': 6.1, '8:features_kernel:Matern32': 28.1, '9:features_kernel:Matern32': 19.1, '10:features_kernel:Matern32': 4.1, '11:features_kernel:Matern32': 29.1, 'alpha': 0.099}. Best is trial 38 with value: 16.136230034882615.
/gpfs_common/share03/ddomlab/sdehgha2/working_space/GP_collab/code_python/training/MGK_and_tools/mgktools/mgktools/kernels/base.py:225: UserWarning: The distribution is specified by [0.1, 30] and step=1, but the range is not divisible by `step`. It will be replaced with [0.1, 29.1].
  self.unique_name: trial.suggest_float(
[I 2026-04-22 14:07:10,756] Trial 41 finished with value: 16.10589712409137 and parameters: {'0:atom_AtomicNumber:kDelta': 1.0, '0:atom_AtomicNumber_list_1:kConv': 0.8, '0:atom_AtomicNumber_list_2:kConv': 0.8, '0:atom_AtomicNumber_list_3:kConv': 0.85, '0:atom_AtomicNumber_list_4:kConv': 0.75, '0:atom_MorganHash:kDelta': 0.9, '0:atom_Ring_count:kDelta': 0.95, '0:atom_RingSize_list:kConv': 0.9, '0:atom_Hcount:kDelta': 0.85, '0:atom_AtomicNumber_count_1:kDelta': 0.85, '0:atom_AtomicNumber_count_2:kDelta': 0.85, '0:atom_Chiral:kDelta': 0.95, '0:bond_Order:kDelta': 0.95, '0:bond_Stereo:kDelta': 0.8, '0:bond_RingStereo:kDelta': 1.0, '0:q:q': 0.32, '1:features_kernel:Matern32': 21.1, '2:features_kernel:Matern32': 14.1, '3:features_kernel:Matern32': 24.1, '4:features_kernel:Matern32': 3.1, '5:features_kernel:Matern32': 9.1, '6:features_kernel:Matern32': 24.1, '7:features_kernel:Matern32': 9.1, '8:features_kernel:Matern32': 22.1, '9:features_kernel:Matern32': 16.1, '10:features_kernel:Matern32': 8.1, '11:features_kernel:Matern32': 27.1, 'alpha': 0.008}. Best is trial 41 with value: 16.10589712409137.
[I 2026-04-22 14:21:25,496] Using an existing study with name 'optuna-study' instead of creating a new one.
[I 2026-04-22 14:41:00,620] Using an existing study with name 'optuna-study' instead of creating a new one.
[Parallel(n_jobs=8)]: Using backend LokyBackend with 8 concurrent workers.
[Parallel(n_jobs=8)]: Done  34 tasks      | elapsed:   26.9s
[Parallel(n_jobs=8)]: Done 318 out of 318 | elapsed:   27.0s finished
[Parallel(n_jobs=4)]: Using backend LokyBackend with 4 concurrent workers.
[Parallel(n_jobs=4)]: Done  11 out of  11 | elapsed:    2.4s finished
[I 2026-04-22 14:57:33,546] A new study created in RDB with name: optuna-study
/gpfs_common/share03/ddomlab/sdehgha2/working_space/GP_collab/code_python/training/MGK_and_tools/mgktools/mgktools/kernels/base.py:225: UserWarning: The distribution is specified by [0.1, 30] and step=1, but the range is not divisible by `step`. It will be replaced with [0.1, 29.1].
  self.unique_name: trial.suggest_float(
