[I 2026-04-22 09:27:45,017] Trial 37 finished with value: 113.3807105375636 and parameters: {'0:atom_AtomicNumber:kDelta': 1.0, '0:atom_AtomicNumber_list_1:kConv': 0.8, '0:atom_AtomicNumber_list_2:kConv': 0.8, '0:atom_AtomicNumber_list_3:kConv': 0.75, '0:atom_AtomicNumber_list_4:kConv': 0.95, '0:atom_MorganHash:kDelta': 0.9, '0:atom_Ring_count:kDelta': 0.75, '0:atom_RingSize_list:kConv': 0.95, '0:atom_Hcount:kDelta': 0.9, '0:atom_AtomicNumber_count_1:kDelta': 0.85, '0:atom_AtomicNumber_count_2:kDelta': 0.85, '0:atom_Chiral:kDelta': 0.8, '0:bond_Order:kDelta': 0.85, '0:bond_Stereo:kDelta': 0.9, '0:bond_RingStereo:kDelta': 0.8, '0:q:q': 0.5, '1:features_kernel:Matern32': 26.1, '2:features_kernel:Matern32': 22.1, '3:features_kernel:Matern32': 23.1, '4:features_kernel:Matern32': 21.1, '5:features_kernel:Matern32': 0.1, '6:features_kernel:Matern32': 5.1, '7:features_kernel:Matern32': 25.1, '8:features_kernel:Matern32': 6.1, '9:features_kernel:Matern32': 20.1, '10:features_kernel:Matern32': 15.1, '11:features_kernel:Matern32': 9.1, 'alpha': 0.007}. Best is trial 30 with value: 83.34745689853642.
/gpfs_common/share03/ddomlab/sdehgha2/working_space/GP_collab/code_python/training/MGK_and_tools/mgktools/mgktools/kernels/base.py:225: UserWarning: The distribution is specified by [0.1, 30] and step=1, but the range is not divisible by `step`. It will be replaced with [0.1, 29.1].
  self.unique_name: trial.suggest_float(
[I 2026-04-22 09:27:55,469] Trial 38 finished with value: 90.4852356398267 and parameters: {'0:atom_AtomicNumber:kDelta': 1.0, '0:atom_AtomicNumber_list_1:kConv': 0.85, '0:atom_AtomicNumber_list_2:kConv': 0.75, '0:atom_AtomicNumber_list_3:kConv': 0.75, '0:atom_AtomicNumber_list_4:kConv': 1.0, '0:atom_MorganHash:kDelta': 0.95, '0:atom_Ring_count:kDelta': 0.75, '0:atom_RingSize_list:kConv': 0.9, '0:atom_Hcount:kDelta': 0.9, '0:atom_AtomicNumber_count_1:kDelta': 0.8, '0:atom_AtomicNumber_count_2:kDelta': 0.85, '0:atom_Chiral:kDelta': 0.75, '0:bond_Order:kDelta': 0.85, '0:bond_Stereo:kDelta': 0.85, '0:bond_RingStereo:kDelta': 0.75, '0:q:q': 0.45, '1:features_kernel:Matern32': 25.1, '2:features_kernel:Matern32': 12.1, '3:features_kernel:Matern32': 27.1, '4:features_kernel:Matern32': 14.1, '5:features_kernel:Matern32': 4.1, '6:features_kernel:Matern32': 2.1, '7:features_kernel:Matern32': 27.1, '8:features_kernel:Matern32': 8.1, '9:features_kernel:Matern32': 13.1, '10:features_kernel:Matern32': 20.1, '11:features_kernel:Matern32': 4.1, 'alpha': 0.079}. Best is trial 30 with value: 83.34745689853642.
/gpfs_common/share03/ddomlab/sdehgha2/working_space/GP_collab/code_python/training/MGK_and_tools/mgktools/mgktools/kernels/base.py:225: UserWarning: The distribution is specified by [0.1, 30] and step=1, but the range is not divisible by `step`. It will be replaced with [0.1, 29.1].
  self.unique_name: trial.suggest_float(
[I 2026-04-22 09:28:05,859] Trial 39 finished with value: 83.32850293183553 and parameters: {'0:atom_AtomicNumber:kDelta': 1.0, '0:atom_AtomicNumber_list_1:kConv': 0.8, '0:atom_AtomicNumber_list_2:kConv': 0.8, '0:atom_AtomicNumber_list_3:kConv': 0.75, '0:atom_AtomicNumber_list_4:kConv': 0.8, '0:atom_MorganHash:kDelta': 0.95, '0:atom_Ring_count:kDelta': 0.75, '0:atom_RingSize_list:kConv': 0.95, '0:atom_Hcount:kDelta': 0.9, '0:atom_AtomicNumber_count_1:kDelta': 0.85, '0:atom_AtomicNumber_count_2:kDelta': 0.9, '0:atom_Chiral:kDelta': 0.8, '0:bond_Order:kDelta': 0.9, '0:bond_Stereo:kDelta': 0.9, '0:bond_RingStereo:kDelta': 0.8, '0:q:q': 0.4, '1:features_kernel:Matern32': 22.1, '2:features_kernel:Matern32': 18.1, '3:features_kernel:Matern32': 20.1, '4:features_kernel:Matern32': 24.1, '5:features_kernel:Matern32': 2.1, '6:features_kernel:Matern32': 5.1, '7:features_kernel:Matern32': 22.1, '8:features_kernel:Matern32': 5.1, '9:features_kernel:Matern32': 18.1, '10:features_kernel:Matern32': 20.1, '11:features_kernel:Matern32': 10.1, 'alpha': 0.037000000000000005}. Best is trial 39 with value: 83.32850293183553.
/gpfs_common/share03/ddomlab/sdehgha2/working_space/GP_collab/code_python/training/MGK_and_tools/mgktools/mgktools/kernels/base.py:225: UserWarning: The distribution is specified by [0.1, 30] and step=1, but the range is not divisible by `step`. It will be replaced with [0.1, 29.1].
  self.unique_name: trial.suggest_float(
[I 2026-04-22 09:28:16,534] Trial 40 finished with value: 85.71742223856182 and parameters: {'0:atom_AtomicNumber:kDelta': 1.0, '0:atom_AtomicNumber_list_1:kConv': 0.8, '0:atom_AtomicNumber_list_2:kConv': 0.75, '0:atom_AtomicNumber_list_3:kConv': 0.8, '0:atom_AtomicNumber_list_4:kConv': 0.8, '0:atom_MorganHash:kDelta': 0.95, '0:atom_Ring_count:kDelta': 0.75, '0:atom_RingSize_list:kConv': 0.85, '0:atom_Hcount:kDelta': 0.85, '0:atom_AtomicNumber_count_1:kDelta': 0.85, '0:atom_AtomicNumber_count_2:kDelta': 0.9, '0:atom_Chiral:kDelta': 0.85, '0:bond_Order:kDelta': 0.9, '0:bond_Stereo:kDelta': 0.85, '0:bond_RingStereo:kDelta': 0.85, '0:q:q': 0.4, '1:features_kernel:Matern32': 22.1, '2:features_kernel:Matern32': 13.1, '3:features_kernel:Matern32': 20.1, '4:features_kernel:Matern32': 12.1, '5:features_kernel:Matern32': 9.1, '6:features_kernel:Matern32': 4.1, '7:features_kernel:Matern32': 22.1, '8:features_kernel:Matern32': 5.1, '9:features_kernel:Matern32': 22.1, '10:features_kernel:Matern32': 16.1, '11:features_kernel:Matern32': 1.1, 'alpha': 0.038}. Best is trial 39 with value: 83.32850293183553.
/gpfs_common/share03/ddomlab/sdehgha2/working_space/GP_collab/code_python/training/MGK_and_tools/mgktools/mgktools/kernels/base.py:225: UserWarning: The distribution is specified by [0.1, 30] and step=1, but the range is not divisible by `step`. It will be replaced with [0.1, 29.1].
  self.unique_name: trial.suggest_float(
[I 2026-04-22 09:28:26,956] Trial 41 finished with value: 103.38727009895996 and parameters: {'0:atom_AtomicNumber:kDelta': 1.0, '0:atom_AtomicNumber_list_1:kConv': 0.9, '0:atom_AtomicNumber_list_2:kConv': 0.75, '0:atom_AtomicNumber_list_3:kConv': 0.75, '0:atom_AtomicNumber_list_4:kConv': 0.75, '0:atom_MorganHash:kDelta': 0.95, '0:atom_Ring_count:kDelta': 0.75, '0:atom_RingSize_list:kConv': 0.9, '0:atom_Hcount:kDelta': 0.9, '0:atom_AtomicNumber_count_1:kDelta': 0.8, '0:atom_AtomicNumber_count_2:kDelta': 0.9, '0:atom_Chiral:kDelta': 0.8, '0:bond_Order:kDelta': 0.9, '0:bond_Stereo:kDelta': 0.9, '0:bond_RingStereo:kDelta': 0.75, '0:q:q': 0.38, '1:features_kernel:Matern32': 29.1, '2:features_kernel:Matern32': 23.1, '3:features_kernel:Matern32': 26.1, '4:features_kernel:Matern32': 24.1, '5:features_kernel:Matern32': 12.1, '6:features_kernel:Matern32': 1.1, '7:features_kernel:Matern32': 24.1, '8:features_kernel:Matern32': 11.1, '9:features_kernel:Matern32': 24.1, '10:features_kernel:Matern32': 25.1, '11:features_kernel:Matern32': 7.1, 'alpha': 0.037000000000000005}. Best is trial 39 with value: 83.32850293183553.
[I 2026-04-22 09:49:44,758] Using an existing study with name 'optuna-study' instead of creating a new one.
[I 2026-04-22 10:11:24,725] Using an existing study with name 'optuna-study' instead of creating a new one.
[Parallel(n_jobs=8)]: Using backend LokyBackend with 8 concurrent workers.
[Parallel(n_jobs=8)]: Done  34 tasks      | elapsed:   25.2s
[Parallel(n_jobs=8)]: Done 318 out of 318 | elapsed:   25.3s finished
[Parallel(n_jobs=4)]: Using backend LokyBackend with 4 concurrent workers.
[Parallel(n_jobs=4)]: Done  11 out of  11 | elapsed:    2.0s finished
[I 2026-04-22 10:31:37,822] A new study created in RDB with name: optuna-study
/gpfs_common/share03/ddomlab/sdehgha2/working_space/GP_collab/code_python/training/MGK_and_tools/mgktools/mgktools/kernels/base.py:225: UserWarning: The distribution is specified by [0.1, 30] and step=1, but the range is not divisible by `step`. It will be replaced with [0.1, 29.1].
  self.unique_name: trial.suggest_float(
[I 2026-04-22 10:31:47,636] Trial 0 finished with value: 27.70256141569934 and parameters: {'0:atom_AtomicNumber:kDelta': 1.0, '0:atom_AtomicNumber_list_1:kConv': 0.8, '0:atom_AtomicNumber_list_2:kConv': 0.95, '0:atom_AtomicNumber_list_3:kConv': 0.75, '0:atom_AtomicNumber_list_4:kConv': 0.75, '0:atom_MorganHash:kDelta': 0.9, '0:atom_Ring_count:kDelta': 0.9, '0:atom_RingSize_list:kConv': 0.85, '0:atom_Hcount:kDelta': 0.85, '0:atom_AtomicNumber_count_1:kDelta': 0.9, '0:atom_AtomicNumber_count_2:kDelta': 0.85, '0:atom_Chiral:kDelta': 0.95, '0:bond_Order:kDelta': 0.9, '0:bond_Stereo:kDelta': 0.9, '0:bond_RingStereo:kDelta': 0.9, '0:q:q': 0.5, '1:features_kernel:Matern32': 24.1, '2:features_kernel:Matern32': 12.1, '3:features_kernel:Matern32': 26.1, '4:features_kernel:Matern32': 24.1, '5:features_kernel:Matern32': 1.1, '6:features_kernel:Matern32': 21.1, '7:features_kernel:Matern32': 24.1, '8:features_kernel:Matern32': 22.1, '9:features_kernel:Matern32': 21.1, '10:features_kernel:Matern32': 16.1, '11:features_kernel:Matern32': 3.1, 'alpha': 0.096}. Best is trial 0 with value: 27.70256141569934.
/gpfs_common/share03/ddomlab/sdehgha2/working_space/GP_collab/code_python/training/MGK_and_tools/mgktools/mgktools/kernels/base.py:225: UserWarning: The distribution is specified by [0.1, 30] and step=1, but the range is not divisible by `step`. It will be replaced with [0.1, 29.1].
  self.unique_name: trial.suggest_float(
[I 2026-04-22 10:31:57,605] Trial 1 finished with value: 16.553585920050093 and parameters: {'0:atom_AtomicNumber:kDelta': 0.85, '0:atom_AtomicNumber_list_1:kConv': 0.8, '0:atom_AtomicNumber_list_2:kConv': 0.95, '0:atom_AtomicNumber_list_3:kConv': 1.0, '0:atom_AtomicNumber_list_4:kConv': 0.8, '0:atom_MorganHash:kDelta': 0.95, '0:atom_Ring_count:kDelta': 0.9, '0:atom_RingSize_list:kConv': 0.95, '0:atom_Hcount:kDelta': 1.0, '0:atom_AtomicNumber_count_1:kDelta': 0.85, '0:atom_AtomicNumber_count_2:kDelta': 0.8, '0:atom_Chiral:kDelta': 0.85, '0:bond_Order:kDelta': 0.95, '0:bond_Stereo:kDelta': 0.95, '0:bond_RingStereo:kDelta': 0.85, '0:q:q': 0.5, '1:features_kernel:Matern32': 13.1, '2:features_kernel:Matern32': 11.1, '3:features_kernel:Matern32': 21.1, '4:features_kernel:Matern32': 2.1, '5:features_kernel:Matern32': 11.1, '6:features_kernel:Matern32': 23.1, '7:features_kernel:Matern32': 22.1, '8:features_kernel:Matern32': 8.1, '9:features_kernel:Matern32': 5.1, '10:features_kernel:Matern32': 14.1, '11:features_kernel:Matern32': 10.1, 'alpha': 0.074}. Best is trial 1 with value: 16.553585920050093.
/gpfs_common/share03/ddomlab/sdehgha2/working_space/GP_collab/code_python/training/MGK_and_tools/mgktools/mgktools/kernels/base.py:225: UserWarning: The distribution is specified by [0.1, 30] and step=1, but the range is not divisible by `step`. It will be replaced with [0.1, 29.1].
  self.unique_name: trial.suggest_float(
[I 2026-04-22 10:32:08,822] Trial 2 finished with value: 18.137426596809014 and parameters: {'0:atom_AtomicNumber:kDelta': 0.8, '0:atom_AtomicNumber_list_1:kConv': 0.8, '0:atom_AtomicNumber_list_2:kConv': 1.0, '0:atom_AtomicNumber_list_3:kConv': 0.9, '0:atom_AtomicNumber_list_4:kConv': 1.0, '0:atom_MorganHash:kDelta': 1.0, '0:atom_Ring_count:kDelta': 1.0, '0:atom_RingSize_list:kConv': 0.8, '0:atom_Hcount:kDelta': 0.9, '0:atom_AtomicNumber_count_1:kDelta': 0.85, '0:atom_AtomicNumber_count_2:kDelta': 0.85, '0:atom_Chiral:kDelta': 0.95, '0:bond_Order:kDelta': 0.95, '0:bond_Stereo:kDelta': 0.95, '0:bond_RingStereo:kDelta': 0.75, '0:q:q': 0.36000000000000004, '1:features_kernel:Matern32': 1.1, '2:features_kernel:Matern32': 5.1, '3:features_kernel:Matern32': 27.1, '4:features_kernel:Matern32': 12.1, '5:features_kernel:Matern32': 4.1, '6:features_kernel:Matern32': 20.1, '7:features_kernel:Matern32': 4.1, '8:features_kernel:Matern32': 19.1, '9:features_kernel:Matern32': 7.1, '10:features_kernel:Matern32': 1.1, '11:features_kernel:Matern32': 28.1, 'alpha': 0.007}. Best is trial 1 with value: 16.553585920050093.
/gpfs_common/share03/ddomlab/sdehgha2/working_space/GP_collab/code_python/training/MGK_and_tools/mgktools/mgktools/kernels/base.py:225: UserWarning: The distribution is specified by [0.1, 30] and step=1, but the range is not divisible by `step`. It will be replaced with [0.1, 29.1].
  self.unique_name: trial.suggest_float(
[I 2026-04-22 10:32:21,416] Trial 3 finished with value: 20.94815559968897 and parameters: {'0:atom_AtomicNumber:kDelta': 0.9, '0:atom_AtomicNumber_list_1:kConv': 0.85, '0:atom_AtomicNumber_list_2:kConv': 0.9, '0:atom_AtomicNumber_list_3:kConv': 1.0, '0:atom_AtomicNumber_list_4:kConv': 0.9, '0:atom_MorganHash:kDelta': 0.9, '0:atom_Ring_count:kDelta': 0.75, '0:atom_RingSize_list:kConv': 0.95, '0:atom_Hcount:kDelta': 0.8, '0:atom_AtomicNumber_count_1:kDelta': 0.85, '0:atom_AtomicNumber_count_2:kDelta': 0.75, '0:atom_Chiral:kDelta': 0.8, '0:bond_Order:kDelta': 1.0, '0:bond_Stereo:kDelta': 0.9, '0:bond_RingStereo:kDelta': 0.9, '0:q:q': 0.19, '1:features_kernel:Matern32': 24.1, '2:features_kernel:Matern32': 8.1, '3:features_kernel:Matern32': 3.1, '4:features_kernel:Matern32': 16.1, '5:features_kernel:Matern32': 8.1, '6:features_kernel:Matern32': 23.1, '7:features_kernel:Matern32': 5.1, '8:features_kernel:Matern32': 23.1, '9:features_kernel:Matern32': 18.1, '10:features_kernel:Matern32': 1.1, '11:features_kernel:Matern32': 16.1, 'alpha': 0.067}. Best is trial 1 with value: 16.553585920050093.
/gpfs_common/share03/ddomlab/sdehgha2/working_space/GP_collab/code_python/training/MGK_and_tools/mgktools/mgktools/kernels/base.py:225: UserWarning: The distribution is specified by [0.1, 30] and step=1, but the range is not divisible by `step`. It will be replaced with [0.1, 29.1].
  self.unique_name: trial.suggest_float(
[I 2026-04-22 10:32:32,935] Trial 4 finished with value: 27.55922276328736 and parameters: {'0:atom_AtomicNumber:kDelta': 1.0, '0:atom_AtomicNumber_list_1:kConv': 0.95, '0:atom_AtomicNumber_list_2:kConv': 0.95, '0:atom_AtomicNumber_list_3:kConv': 0.85, '0:atom_AtomicNumber_list_4:kConv': 0.75, '0:atom_MorganHash:kDelta': 0.95, '0:atom_Ring_count:kDelta': 0.75, '0:atom_RingSize_list:kConv': 0.9, '0:atom_Hcount:kDelta': 0.9, '0:atom_AtomicNumber_count_1:kDelta': 0.75, '0:atom_AtomicNumber_count_2:kDelta': 0.75, '0:atom_Chiral:kDelta': 0.9, '0:bond_Order:kDelta': 0.85, '0:bond_Stereo:kDelta': 0.8, '0:bond_RingStereo:kDelta': 0.75, '0:q:q': 0.32, '1:features_kernel:Matern32': 3.1, '2:features_kernel:Matern32': 0.1, '3:features_kernel:Matern32': 8.1, '4:features_kernel:Matern32': 9.1, '5:features_kernel:Matern32': 5.1, '6:features_kernel:Matern32': 2.1, '7:features_kernel:Matern32': 23.1, '8:features_kernel:Matern32': 12.1, '9:features_kernel:Matern32': 7.1, '10:features_kernel:Matern32': 15.1, '11:features_kernel:Matern32': 7.1, 'alpha': 0.08600000000000001}. Best is trial 1 with value: 16.553585920050093.
/gpfs_common/share03/ddomlab/sdehgha2/working_space/GP_collab/code_python/training/MGK_and_tools/mgktools/mgktools/kernels/base.py:225: UserWarning: The distribution is specified by [0.1, 30] and step=1, but the range is not divisible by `step`. It will be replaced with [0.1, 29.1].
  self.unique_name: trial.suggest_float(
[I 2026-04-22 10:32:47,575] Trial 5 finished with value: 35.53728711087674 and parameters: {'0:atom_AtomicNumber:kDelta': 0.85, '0:atom_AtomicNumber_list_1:kConv': 0.9, '0:atom_AtomicNumber_list_2:kConv': 1.0, '0:atom_AtomicNumber_list_3:kConv': 0.85, '0:atom_AtomicNumber_list_4:kConv': 0.8, '0:atom_MorganHash:kDelta': 1.0, '0:atom_Ring_count:kDelta': 0.9, '0:atom_RingSize_list:kConv': 1.0, '0:atom_Hcount:kDelta': 1.0, '0:atom_AtomicNumber_count_1:kDelta': 0.95, '0:atom_AtomicNumber_count_2:kDelta': 0.75, '0:atom_Chiral:kDelta': 0.9, '0:bond_Order:kDelta': 0.8, '0:bond_Stereo:kDelta': 0.75, '0:bond_RingStereo:kDelta': 0.85, '0:q:q': 0.11, '1:features_kernel:Matern32': 22.1, '2:features_kernel:Matern32': 28.1, '3:features_kernel:Matern32': 0.1, '4:features_kernel:Matern32': 7.1, '5:features_kernel:Matern32': 7.1, '6:features_kernel:Matern32': 4.1, '7:features_kernel:Matern32': 28.1, '8:features_kernel:Matern32': 7.1, '9:features_kernel:Matern32': 10.1, '10:features_kernel:Matern32': 1.1, '11:features_kernel:Matern32': 7.1, 'alpha': 0.089}. Best is trial 1 with value: 16.553585920050093.
/gpfs_common/share03/ddomlab/sdehgha2/working_space/GP_collab/code_python/training/MGK_and_tools/mgktools/mgktools/kernels/base.py:225: UserWarning: The distribution is specified by [0.1, 30] and step=1, but the range is not divisible by `step`. It will be replaced with [0.1, 29.1].
  self.unique_name: trial.suggest_float(
[I 2026-04-22 10:33:02,463] Trial 6 finished with value: 37.16097469970689 and parameters: {'0:atom_AtomicNumber:kDelta': 1.0, '0:atom_AtomicNumber_list_1:kConv': 0.9, '0:atom_AtomicNumber_list_2:kConv': 0.8, '0:atom_AtomicNumber_list_3:kConv': 0.75, '0:atom_AtomicNumber_list_4:kConv': 1.0, '0:atom_MorganHash:kDelta': 0.75, '0:atom_Ring_count:kDelta': 0.8, '0:atom_RingSize_list:kConv': 0.9, '0:atom_Hcount:kDelta': 0.8, '0:atom_AtomicNumber_count_1:kDelta': 1.0, '0:atom_AtomicNumber_count_2:kDelta': 0.9, '0:atom_Chiral:kDelta': 0.85, '0:bond_Order:kDelta': 1.0, '0:bond_Stereo:kDelta': 1.0, '0:bond_RingStereo:kDelta': 0.8, '0:q:q': 0.01, '1:features_kernel:Matern32': 20.1, '2:features_kernel:Matern32': 8.1, '3:features_kernel:Matern32': 0.1, '4:features_kernel:Matern32': 2.1, '5:features_kernel:Matern32': 12.1, '6:features_kernel:Matern32': 3.1, '7:features_kernel:Matern32': 6.1, '8:features_kernel:Matern32': 22.1, '9:features_kernel:Matern32': 13.1, '10:features_kernel:Matern32': 3.1, '11:features_kernel:Matern32': 6.1, 'alpha': 0.094}. Best is trial 1 with value: 16.553585920050093.
/gpfs_common/share03/ddomlab/sdehgha2/working_space/GP_collab/code_python/training/MGK_and_tools/mgktools/mgktools/kernels/base.py:225: UserWarning: The distribution is specified by [0.1, 30] and step=1, but the range is not divisible by `step`. It will be replaced with [0.1, 29.1].
  self.unique_name: trial.suggest_float(
[I 2026-04-22 10:33:14,497] Trial 7 finished with value: 28.629906342571285 and parameters: {'0:atom_AtomicNumber:kDelta': 0.75, '0:atom_AtomicNumber_list_1:kConv': 0.9, '0:atom_AtomicNumber_list_2:kConv': 0.9, '0:atom_AtomicNumber_list_3:kConv': 0.95, '0:atom_AtomicNumber_list_4:kConv': 0.9, '0:atom_MorganHash:kDelta': 0.95, '0:atom_Ring_count:kDelta': 0.95, '0:atom_RingSize_list:kConv': 0.9, '0:atom_Hcount:kDelta': 0.8, '0:atom_AtomicNumber_count_1:kDelta': 0.95, '0:atom_AtomicNumber_count_2:kDelta': 0.8, '0:atom_Chiral:kDelta': 1.0, '0:bond_Order:kDelta': 0.9, '0:bond_Stereo:kDelta': 0.75, '0:bond_RingStereo:kDelta': 1.0, '0:q:q': 0.24000000000000002, '1:features_kernel:Matern32': 28.1, '2:features_kernel:Matern32': 1.1, '3:features_kernel:Matern32': 3.1, '4:features_kernel:Matern32': 22.1, '5:features_kernel:Matern32': 1.1, '6:features_kernel:Matern32': 13.1, '7:features_kernel:Matern32': 24.1, '8:features_kernel:Matern32': 12.1, '9:features_kernel:Matern32': 5.1, '10:features_kernel:Matern32': 25.1, '11:features_kernel:Matern32': 3.1, 'alpha': 0.029}. Best is trial 1 with value: 16.553585920050093.
/gpfs_common/share03/ddomlab/sdehgha2/working_space/GP_collab/code_python/training/MGK_and_tools/mgktools/mgktools/kernels/base.py:225: UserWarning: The distribution is specified by [0.1, 30] and step=1, but the range is not divisible by `step`. It will be replaced with [0.1, 29.1].
  self.unique_name: trial.suggest_float(
[I 2026-04-22 10:33:28,784] Trial 8 finished with value: 20.746215154122265 and parameters: {'0:atom_AtomicNumber:kDelta': 0.8, '0:atom_AtomicNumber_list_1:kConv': 0.85, '0:atom_AtomicNumber_list_2:kConv': 0.8, '0:atom_AtomicNumber_list_3:kConv': 1.0, '0:atom_AtomicNumber_list_4:kConv': 0.95, '0:atom_MorganHash:kDelta': 0.95, '0:atom_Ring_count:kDelta': 0.75, '0:atom_RingSize_list:kConv': 0.9, '0:atom_Hcount:kDelta': 1.0, '0:atom_AtomicNumber_count_1:kDelta': 1.0, '0:atom_AtomicNumber_count_2:kDelta': 0.9, '0:atom_Chiral:kDelta': 0.8, '0:bond_Order:kDelta': 0.8, '0:bond_Stereo:kDelta': 0.9, '0:bond_RingStereo:kDelta': 0.95, '0:q:q': 0.16, '1:features_kernel:Matern32': 20.1, '2:features_kernel:Matern32': 15.1, '3:features_kernel:Matern32': 24.1, '4:features_kernel:Matern32': 20.1, '5:features_kernel:Matern32': 27.1, '6:features_kernel:Matern32': 3.1, '7:features_kernel:Matern32': 25.1, '8:features_kernel:Matern32': 28.1, '9:features_kernel:Matern32': 17.1, '10:features_kernel:Matern32': 0.1, '11:features_kernel:Matern32': 1.1, 'alpha': 0.042}. Best is trial 1 with value: 16.553585920050093.
/gpfs_common/share03/ddomlab/sdehgha2/working_space/GP_collab/code_python/training/MGK_and_tools/mgktools/mgktools/kernels/base.py:225: UserWarning: The distribution is specified by [0.1, 30] and step=1, but the range is not divisible by `step`. It will be replaced with [0.1, 29.1].
  self.unique_name: trial.suggest_float(
