[I 2026-04-22 12:36:41,219] Trial 26 finished with value: 12.572409046875432 and parameters: {'0:atom_AtomicNumber:kDelta': 0.95, '0:atom_AtomicNumber_list_1:kConv': 0.95, '0:atom_AtomicNumber_list_2:kConv': 0.75, '0:atom_AtomicNumber_list_3:kConv': 0.75, '0:atom_AtomicNumber_list_4:kConv': 0.85, '0:atom_MorganHash:kDelta': 0.85, '0:atom_Ring_count:kDelta': 1.0, '0:atom_RingSize_list:kConv': 0.8, '0:atom_Hcount:kDelta': 0.9, '0:atom_AtomicNumber_count_1:kDelta': 0.8, '0:atom_AtomicNumber_count_2:kDelta': 0.95, '0:atom_Chiral:kDelta': 0.9, '0:bond_Order:kDelta': 0.8, '0:bond_Stereo:kDelta': 1.0, '0:bond_RingStereo:kDelta': 0.85, '0:q:q': 0.21000000000000002, '1:features_kernel:Matern32': 4.1, '2:features_kernel:Matern32': 29.1, '3:features_kernel:Matern32': 25.1, '4:features_kernel:Matern32': 16.1, '5:features_kernel:Matern32': 25.1, '6:features_kernel:Matern32': 19.1, '7:features_kernel:Matern32': 9.1, '8:features_kernel:Matern32': 6.1, '9:features_kernel:Matern32': 13.1, '10:features_kernel:Matern32': 19.1, '11:features_kernel:Matern32': 27.1, 'alpha': 0.034}. Best is trial 24 with value: 12.484136121254316.
/gpfs_common/share03/ddomlab/sdehgha2/working_space/GP_collab/code_python/training/MGK_and_tools/mgktools/mgktools/kernels/base.py:225: UserWarning: The distribution is specified by [0.1, 30] and step=1, but the range is not divisible by `step`. It will be replaced with [0.1, 29.1].
  self.unique_name: trial.suggest_float(
[I 2026-04-22 12:36:54,115] Trial 27 finished with value: 12.4824115716312 and parameters: {'0:atom_AtomicNumber:kDelta': 1.0, '0:atom_AtomicNumber_list_1:kConv': 0.9, '0:atom_AtomicNumber_list_2:kConv': 0.8, '0:atom_AtomicNumber_list_3:kConv': 0.85, '0:atom_AtomicNumber_list_4:kConv': 0.8, '0:atom_MorganHash:kDelta': 0.8, '0:atom_Ring_count:kDelta': 1.0, '0:atom_RingSize_list:kConv': 0.75, '0:atom_Hcount:kDelta': 1.0, '0:atom_AtomicNumber_count_1:kDelta': 0.9, '0:atom_AtomicNumber_count_2:kDelta': 0.9, '0:atom_Chiral:kDelta': 0.85, '0:bond_Order:kDelta': 0.75, '0:bond_Stereo:kDelta': 0.95, '0:bond_RingStereo:kDelta': 0.9, '0:q:q': 0.15000000000000002, '1:features_kernel:Matern32': 7.1, '2:features_kernel:Matern32': 26.1, '3:features_kernel:Matern32': 20.1, '4:features_kernel:Matern32': 11.1, '5:features_kernel:Matern32': 16.1, '6:features_kernel:Matern32': 27.1, '7:features_kernel:Matern32': 12.1, '8:features_kernel:Matern32': 14.1, '9:features_kernel:Matern32': 16.1, '10:features_kernel:Matern32': 18.1, '11:features_kernel:Matern32': 21.1, 'alpha': 0.023}. Best is trial 27 with value: 12.4824115716312.
/gpfs_common/share03/ddomlab/sdehgha2/working_space/GP_collab/code_python/training/MGK_and_tools/mgktools/mgktools/kernels/base.py:225: UserWarning: The distribution is specified by [0.1, 30] and step=1, but the range is not divisible by `step`. It will be replaced with [0.1, 29.1].
  self.unique_name: trial.suggest_float(
[I 2026-04-22 12:37:05,821] Trial 28 finished with value: 12.569438105229986 and parameters: {'0:atom_AtomicNumber:kDelta': 1.0, '0:atom_AtomicNumber_list_1:kConv': 0.9, '0:atom_AtomicNumber_list_2:kConv': 0.8, '0:atom_AtomicNumber_list_3:kConv': 0.85, '0:atom_AtomicNumber_list_4:kConv': 0.8, '0:atom_MorganHash:kDelta': 0.8, '0:atom_Ring_count:kDelta': 1.0, '0:atom_RingSize_list:kConv': 0.85, '0:atom_Hcount:kDelta': 1.0, '0:atom_AtomicNumber_count_1:kDelta': 0.9, '0:atom_AtomicNumber_count_2:kDelta': 0.85, '0:atom_Chiral:kDelta': 0.85, '0:bond_Order:kDelta': 0.85, '0:bond_Stereo:kDelta': 1.0, '0:bond_RingStereo:kDelta': 0.8, '0:q:q': 0.29000000000000004, '1:features_kernel:Matern32': 7.1, '2:features_kernel:Matern32': 22.1, '3:features_kernel:Matern32': 19.1, '4:features_kernel:Matern32': 11.1, '5:features_kernel:Matern32': 16.1, '6:features_kernel:Matern32': 23.1, '7:features_kernel:Matern32': 20.1, '8:features_kernel:Matern32': 14.1, '9:features_kernel:Matern32': 15.1, '10:features_kernel:Matern32': 12.1, '11:features_kernel:Matern32': 26.1, 'alpha': 0.016}. Best is trial 27 with value: 12.4824115716312.
/gpfs_common/share03/ddomlab/sdehgha2/working_space/GP_collab/code_python/training/MGK_and_tools/mgktools/mgktools/kernels/base.py:225: UserWarning: The distribution is specified by [0.1, 30] and step=1, but the range is not divisible by `step`. It will be replaced with [0.1, 29.1].
  self.unique_name: trial.suggest_float(
[I 2026-04-22 12:37:18,815] Trial 29 finished with value: 12.561376806494938 and parameters: {'0:atom_AtomicNumber:kDelta': 1.0, '0:atom_AtomicNumber_list_1:kConv': 0.9, '0:atom_AtomicNumber_list_2:kConv': 0.85, '0:atom_AtomicNumber_list_3:kConv': 0.75, '0:atom_AtomicNumber_list_4:kConv': 0.75, '0:atom_MorganHash:kDelta': 0.9, '0:atom_Ring_count:kDelta': 1.0, '0:atom_RingSize_list:kConv': 0.8, '0:atom_Hcount:kDelta': 0.85, '0:atom_AtomicNumber_count_1:kDelta': 0.95, '0:atom_AtomicNumber_count_2:kDelta': 0.9, '0:atom_Chiral:kDelta': 0.9, '0:bond_Order:kDelta': 0.9, '0:bond_Stereo:kDelta': 0.9, '0:bond_RingStereo:kDelta': 0.9, '0:q:q': 0.17, '1:features_kernel:Matern32': 0.1, '2:features_kernel:Matern32': 15.1, '3:features_kernel:Matern32': 26.1, '4:features_kernel:Matern32': 10.1, '5:features_kernel:Matern32': 28.1, '6:features_kernel:Matern32': 21.1, '7:features_kernel:Matern32': 16.1, '8:features_kernel:Matern32': 16.1, '9:features_kernel:Matern32': 21.1, '10:features_kernel:Matern32': 18.1, '11:features_kernel:Matern32': 20.1, 'alpha': 0.048}. Best is trial 27 with value: 12.4824115716312.
/gpfs_common/share03/ddomlab/sdehgha2/working_space/GP_collab/code_python/training/MGK_and_tools/mgktools/mgktools/kernels/base.py:225: UserWarning: The distribution is specified by [0.1, 30] and step=1, but the range is not divisible by `step`. It will be replaced with [0.1, 29.1].
  self.unique_name: trial.suggest_float(
[I 2026-04-22 12:37:32,521] Trial 30 finished with value: 12.48548822996661 and parameters: {'0:atom_AtomicNumber:kDelta': 1.0, '0:atom_AtomicNumber_list_1:kConv': 0.85, '0:atom_AtomicNumber_list_2:kConv': 0.8, '0:atom_AtomicNumber_list_3:kConv': 0.85, '0:atom_AtomicNumber_list_4:kConv': 0.75, '0:atom_MorganHash:kDelta': 0.85, '0:atom_Ring_count:kDelta': 0.95, '0:atom_RingSize_list:kConv': 0.85, '0:atom_Hcount:kDelta': 1.0, '0:atom_AtomicNumber_count_1:kDelta': 0.9, '0:atom_AtomicNumber_count_2:kDelta': 0.85, '0:atom_Chiral:kDelta': 0.95, '0:bond_Order:kDelta': 0.8, '0:bond_Stereo:kDelta': 0.9, '0:bond_RingStereo:kDelta': 0.9, '0:q:q': 0.13, '1:features_kernel:Matern32': 16.1, '2:features_kernel:Matern32': 26.1, '3:features_kernel:Matern32': 21.1, '4:features_kernel:Matern32': 15.1, '5:features_kernel:Matern32': 21.1, '6:features_kernel:Matern32': 26.1, '7:features_kernel:Matern32': 11.1, '8:features_kernel:Matern32': 11.1, '9:features_kernel:Matern32': 12.1, '10:features_kernel:Matern32': 6.1, '11:features_kernel:Matern32': 22.1, 'alpha': 0.034}. Best is trial 27 with value: 12.4824115716312.
/gpfs_common/share03/ddomlab/sdehgha2/working_space/GP_collab/code_python/training/MGK_and_tools/mgktools/mgktools/kernels/base.py:225: UserWarning: The distribution is specified by [0.1, 30] and step=1, but the range is not divisible by `step`. It will be replaced with [0.1, 29.1].
  self.unique_name: trial.suggest_float(
[I 2026-04-22 12:37:45,527] Trial 31 finished with value: 12.48316264868245 and parameters: {'0:atom_AtomicNumber:kDelta': 1.0, '0:atom_AtomicNumber_list_1:kConv': 0.85, '0:atom_AtomicNumber_list_2:kConv': 0.8, '0:atom_AtomicNumber_list_3:kConv': 0.85, '0:atom_AtomicNumber_list_4:kConv': 0.75, '0:atom_MorganHash:kDelta': 0.85, '0:atom_Ring_count:kDelta': 0.95, '0:atom_RingSize_list:kConv': 0.85, '0:atom_Hcount:kDelta': 1.0, '0:atom_AtomicNumber_count_1:kDelta': 0.9, '0:atom_AtomicNumber_count_2:kDelta': 0.85, '0:atom_Chiral:kDelta': 0.95, '0:bond_Order:kDelta': 0.8, '0:bond_Stereo:kDelta': 0.85, '0:bond_RingStereo:kDelta': 0.9, '0:q:q': 0.14, '1:features_kernel:Matern32': 17.1, '2:features_kernel:Matern32': 26.1, '3:features_kernel:Matern32': 20.1, '4:features_kernel:Matern32': 15.1, '5:features_kernel:Matern32': 15.1, '6:features_kernel:Matern32': 27.1, '7:features_kernel:Matern32': 10.1, '8:features_kernel:Matern32': 11.1, '9:features_kernel:Matern32': 11.1, '10:features_kernel:Matern32': 6.1, '11:features_kernel:Matern32': 22.1, 'alpha': 0.031}. Best is trial 27 with value: 12.4824115716312.
/gpfs_common/share03/ddomlab/sdehgha2/working_space/GP_collab/code_python/training/MGK_and_tools/mgktools/mgktools/kernels/base.py:225: UserWarning: The distribution is specified by [0.1, 30] and step=1, but the range is not divisible by `step`. It will be replaced with [0.1, 29.1].
  self.unique_name: trial.suggest_float(
[I 2026-04-22 12:37:55,395] Trial 32 finished with value: 13.33526355169749 and parameters: {'0:atom_AtomicNumber:kDelta': 1.0, '0:atom_AtomicNumber_list_1:kConv': 0.75, '0:atom_AtomicNumber_list_2:kConv': 0.75, '0:atom_AtomicNumber_list_3:kConv': 0.85, '0:atom_AtomicNumber_list_4:kConv': 0.75, '0:atom_MorganHash:kDelta': 0.9, '0:atom_Ring_count:kDelta': 1.0, '0:atom_RingSize_list:kConv': 0.85, '0:atom_Hcount:kDelta': 1.0, '0:atom_AtomicNumber_count_1:kDelta': 0.9, '0:atom_AtomicNumber_count_2:kDelta': 0.8, '0:atom_Chiral:kDelta': 0.95, '0:bond_Order:kDelta': 0.75, '0:bond_Stereo:kDelta': 0.85, '0:bond_RingStereo:kDelta': 0.85, '0:q:q': 0.47000000000000003, '1:features_kernel:Matern32': 18.1, '2:features_kernel:Matern32': 25.1, '3:features_kernel:Matern32': 20.1, '4:features_kernel:Matern32': 13.1, '5:features_kernel:Matern32': 15.1, '6:features_kernel:Matern32': 24.1, '7:features_kernel:Matern32': 7.1, '8:features_kernel:Matern32': 13.1, '9:features_kernel:Matern32': 11.1, '10:features_kernel:Matern32': 13.1, '11:features_kernel:Matern32': 25.1, 'alpha': 0.002}. Best is trial 27 with value: 12.4824115716312.
/gpfs_common/share03/ddomlab/sdehgha2/working_space/GP_collab/code_python/training/MGK_and_tools/mgktools/mgktools/kernels/base.py:225: UserWarning: The distribution is specified by [0.1, 30] and step=1, but the range is not divisible by `step`. It will be replaced with [0.1, 29.1].
  self.unique_name: trial.suggest_float(
[I 2026-04-22 12:38:07,485] Trial 33 finished with value: 12.501386178709522 and parameters: {'0:atom_AtomicNumber:kDelta': 1.0, '0:atom_AtomicNumber_list_1:kConv': 0.8, '0:atom_AtomicNumber_list_2:kConv': 0.8, '0:atom_AtomicNumber_list_3:kConv': 0.8, '0:atom_AtomicNumber_list_4:kConv': 0.8, '0:atom_MorganHash:kDelta': 0.85, '0:atom_Ring_count:kDelta': 0.9, '0:atom_RingSize_list:kConv': 0.95, '0:atom_Hcount:kDelta': 1.0, '0:atom_AtomicNumber_count_1:kDelta': 0.95, '0:atom_AtomicNumber_count_2:kDelta': 0.85, '0:atom_Chiral:kDelta': 1.0, '0:bond_Order:kDelta': 0.8, '0:bond_Stereo:kDelta': 0.8, '0:bond_RingStereo:kDelta': 0.9, '0:q:q': 0.22, '1:features_kernel:Matern32': 14.1, '2:features_kernel:Matern32': 27.1, '3:features_kernel:Matern32': 23.1, '4:features_kernel:Matern32': 18.1, '5:features_kernel:Matern32': 11.1, '6:features_kernel:Matern32': 27.1, '7:features_kernel:Matern32': 8.1, '8:features_kernel:Matern32': 16.1, '9:features_kernel:Matern32': 9.1, '10:features_kernel:Matern32': 7.1, '11:features_kernel:Matern32': 17.1, 'alpha': 0.021}. Best is trial 27 with value: 12.4824115716312.
/gpfs_common/share03/ddomlab/sdehgha2/working_space/GP_collab/code_python/training/MGK_and_tools/mgktools/mgktools/kernels/base.py:225: UserWarning: The distribution is specified by [0.1, 30] and step=1, but the range is not divisible by `step`. It will be replaced with [0.1, 29.1].
  self.unique_name: trial.suggest_float(
[I 2026-04-22 12:38:20,880] Trial 34 finished with value: 12.739296616085216 and parameters: {'0:atom_AtomicNumber:kDelta': 1.0, '0:atom_AtomicNumber_list_1:kConv': 0.85, '0:atom_AtomicNumber_list_2:kConv': 0.85, '0:atom_AtomicNumber_list_3:kConv': 0.75, '0:atom_AtomicNumber_list_4:kConv': 0.8, '0:atom_MorganHash:kDelta': 0.9, '0:atom_Ring_count:kDelta': 0.95, '0:atom_RingSize_list:kConv': 0.8, '0:atom_Hcount:kDelta': 1.0, '0:atom_AtomicNumber_count_1:kDelta': 0.85, '0:atom_AtomicNumber_count_2:kDelta': 0.9, '0:atom_Chiral:kDelta': 0.85, '0:bond_Order:kDelta': 0.85, '0:bond_Stereo:kDelta': 0.8, '0:bond_RingStereo:kDelta': 0.9, '0:q:q': 0.14, '1:features_kernel:Matern32': 13.1, '2:features_kernel:Matern32': 24.1, '3:features_kernel:Matern32': 27.1, '4:features_kernel:Matern32': 16.1, '5:features_kernel:Matern32': 9.1, '6:features_kernel:Matern32': 21.1, '7:features_kernel:Matern32': 3.1, '8:features_kernel:Matern32': 19.1, '9:features_kernel:Matern32': 16.1, '10:features_kernel:Matern32': 15.1, '11:features_kernel:Matern32': 20.1, 'alpha': 0.012}. Best is trial 27 with value: 12.4824115716312.
/gpfs_common/share03/ddomlab/sdehgha2/working_space/GP_collab/code_python/training/MGK_and_tools/mgktools/mgktools/kernels/base.py:225: UserWarning: The distribution is specified by [0.1, 30] and step=1, but the range is not divisible by `step`. It will be replaced with [0.1, 29.1].
  self.unique_name: trial.suggest_float(
[I 2026-04-22 12:38:39,229] Trial 35 finished with value: 12.528091226721042 and parameters: {'0:atom_AtomicNumber:kDelta': 0.95, '0:atom_AtomicNumber_list_1:kConv': 0.8, '0:atom_AtomicNumber_list_2:kConv': 0.9, '0:atom_AtomicNumber_list_3:kConv': 0.85, '0:atom_AtomicNumber_list_4:kConv': 0.75, '0:atom_MorganHash:kDelta': 0.8, '0:atom_Ring_count:kDelta': 1.0, '0:atom_RingSize_list:kConv': 0.9, '0:atom_Hcount:kDelta': 0.95, '0:atom_AtomicNumber_count_1:kDelta': 0.9, '0:atom_AtomicNumber_count_2:kDelta': 0.85, '0:atom_Chiral:kDelta': 0.9, '0:bond_Order:kDelta': 0.95, '0:bond_Stereo:kDelta': 0.85, '0:bond_RingStereo:kDelta': 0.85, '0:q:q': 0.04, '1:features_kernel:Matern32': 6.1, '2:features_kernel:Matern32': 22.1, '3:features_kernel:Matern32': 24.1, '4:features_kernel:Matern32': 11.1, '5:features_kernel:Matern32': 14.1, '6:features_kernel:Matern32': 23.1, '7:features_kernel:Matern32': 21.1, '8:features_kernel:Matern32': 9.1, '9:features_kernel:Matern32': 19.1, '10:features_kernel:Matern32': 16.1, '11:features_kernel:Matern32': 10.1, 'alpha': 0.031}. Best is trial 27 with value: 12.4824115716312.
/gpfs_common/share03/ddomlab/sdehgha2/working_space/GP_collab/code_python/training/MGK_and_tools/mgktools/mgktools/kernels/base.py:225: UserWarning: The distribution is specified by [0.1, 30] and step=1, but the range is not divisible by `step`. It will be replaced with [0.1, 29.1].
  self.unique_name: trial.suggest_float(
[I 2026-04-22 12:38:52,049] Trial 36 finished with value: 12.783324671564442 and parameters: {'0:atom_AtomicNumber:kDelta': 1.0, '0:atom_AtomicNumber_list_1:kConv': 0.9, '0:atom_AtomicNumber_list_2:kConv': 0.75, '0:atom_AtomicNumber_list_3:kConv': 0.9, '0:atom_AtomicNumber_list_4:kConv': 0.75, '0:atom_MorganHash:kDelta': 0.85, '0:atom_Ring_count:kDelta': 0.95, '0:atom_RingSize_list:kConv': 1.0, '0:atom_Hcount:kDelta': 0.9, '0:atom_AtomicNumber_count_1:kDelta': 0.85, '0:atom_AtomicNumber_count_2:kDelta': 0.9, '0:atom_Chiral:kDelta': 1.0, '0:bond_Order:kDelta': 0.8, '0:bond_Stereo:kDelta': 0.95, '0:bond_RingStereo:kDelta': 0.9, '0:q:q': 0.43, '1:features_kernel:Matern32': 3.1, '2:features_kernel:Matern32': 12.1, '3:features_kernel:Matern32': 15.1, '4:features_kernel:Matern32': 8.1, '5:features_kernel:Matern32': 3.1, '6:features_kernel:Matern32': 27.1, '7:features_kernel:Matern32': 15.1, '8:features_kernel:Matern32': 8.1, '9:features_kernel:Matern32': 8.1, '10:features_kernel:Matern32': 4.1, '11:features_kernel:Matern32': 28.1, 'alpha': 0.023}. Best is trial 27 with value: 12.4824115716312.
/gpfs_common/share03/ddomlab/sdehgha2/working_space/GP_collab/code_python/training/MGK_and_tools/mgktools/mgktools/kernels/base.py:225: UserWarning: The distribution is specified by [0.1, 30] and step=1, but the range is not divisible by `step`. It will be replaced with [0.1, 29.1].
  self.unique_name: trial.suggest_float(
[I 2026-04-22 12:39:07,626] Trial 37 finished with value: 12.751478693611425 and parameters: {'0:atom_AtomicNumber:kDelta': 0.95, '0:atom_AtomicNumber_list_1:kConv': 0.85, '0:atom_AtomicNumber_list_2:kConv': 0.8, '0:atom_AtomicNumber_list_3:kConv': 0.85, '0:atom_AtomicNumber_list_4:kConv': 0.9, '0:atom_MorganHash:kDelta': 0.8, '0:atom_Ring_count:kDelta': 0.9, '0:atom_RingSize_list:kConv': 0.75, '0:atom_Hcount:kDelta': 1.0, '0:atom_AtomicNumber_count_1:kDelta': 0.85, '0:atom_AtomicNumber_count_2:kDelta': 0.8, '0:atom_Chiral:kDelta': 0.85, '0:bond_Order:kDelta': 0.75, '0:bond_Stereo:kDelta': 0.8, '0:bond_RingStereo:kDelta': 0.8, '0:q:q': 0.18000000000000002, '1:features_kernel:Matern32': 0.1, '2:features_kernel:Matern32': 24.1, '3:features_kernel:Matern32': 13.1, '4:features_kernel:Matern32': 6.1, '5:features_kernel:Matern32': 12.1, '6:features_kernel:Matern32': 16.1, '7:features_kernel:Matern32': 11.1, '8:features_kernel:Matern32': 20.1, '9:features_kernel:Matern32': 18.1, '10:features_kernel:Matern32': 11.1, '11:features_kernel:Matern32': 23.1, 'alpha': 0.079}. Best is trial 27 with value: 12.4824115716312.
/gpfs_common/share03/ddomlab/sdehgha2/working_space/GP_collab/code_python/training/MGK_and_tools/mgktools/mgktools/kernels/base.py:225: UserWarning: The distribution is specified by [0.1, 30] and step=1, but the range is not divisible by `step`. It will be replaced with [0.1, 29.1].
  self.unique_name: trial.suggest_float(
[I 2026-04-22 12:39:19,290] Trial 38 finished with value: 12.627068705381296 and parameters: {'0:atom_AtomicNumber:kDelta': 1.0, '0:atom_AtomicNumber_list_1:kConv': 0.95, '0:atom_AtomicNumber_list_2:kConv': 0.75, '0:atom_AtomicNumber_list_3:kConv': 0.8, '0:atom_AtomicNumber_list_4:kConv': 0.8, '0:atom_MorganHash:kDelta': 0.9, '0:atom_Ring_count:kDelta': 1.0, '0:atom_RingSize_list:kConv': 0.95, '0:atom_Hcount:kDelta': 1.0, '0:atom_AtomicNumber_count_1:kDelta': 0.95, '0:atom_AtomicNumber_count_2:kDelta': 0.9, '0:atom_Chiral:kDelta': 0.95, '0:bond_Order:kDelta': 0.9, '0:bond_Stereo:kDelta': 0.9, '0:bond_RingStereo:kDelta': 0.85, '0:q:q': 0.29000000000000004, '1:features_kernel:Matern32': 24.1, '2:features_kernel:Matern32': 17.1, '3:features_kernel:Matern32': 20.1, '4:features_kernel:Matern32': 12.1, '5:features_kernel:Matern32': 16.1, '6:features_kernel:Matern32': 20.1, '7:features_kernel:Matern32': 27.1, '8:features_kernel:Matern32': 11.1, '9:features_kernel:Matern32': 13.1, '10:features_kernel:Matern32': 18.1, '11:features_kernel:Matern32': 12.1, 'alpha': 0.065}. Best is trial 27 with value: 12.4824115716312.
/gpfs_common/share03/ddomlab/sdehgha2/working_space/GP_collab/code_python/training/MGK_and_tools/mgktools/mgktools/kernels/base.py:225: UserWarning: The distribution is specified by [0.1, 30] and step=1, but the range is not divisible by `step`. It will be replaced with [0.1, 29.1].
  self.unique_name: trial.suggest_float(
[I 2026-04-22 12:39:32,202] Trial 39 finished with value: 32.89112456774581 and parameters: {'0:atom_AtomicNumber:kDelta': 0.8, '0:atom_AtomicNumber_list_1:kConv': 0.9, '0:atom_AtomicNumber_list_2:kConv': 0.8, '0:atom_AtomicNumber_list_3:kConv': 0.75, '0:atom_AtomicNumber_list_4:kConv': 0.75, '0:atom_MorganHash:kDelta': 0.8, '0:atom_Ring_count:kDelta': 0.95, '0:atom_RingSize_list:kConv': 0.9, '0:atom_Hcount:kDelta': 0.75, '0:atom_AtomicNumber_count_1:kDelta': 0.9, '0:atom_AtomicNumber_count_2:kDelta': 0.95, '0:atom_Chiral:kDelta': 0.95, '0:bond_Order:kDelta': 0.8, '0:bond_Stereo:kDelta': 0.95, '0:bond_RingStereo:kDelta': 0.9, '0:q:q': 0.12, '1:features_kernel:Matern32': 20.1, '2:features_kernel:Matern32': 27.1, '3:features_kernel:Matern32': 12.1, '4:features_kernel:Matern32': 3.1, '5:features_kernel:Matern32': 10.1, '6:features_kernel:Matern32': 0.1, '7:features_kernel:Matern32': 5.1, '8:features_kernel:Matern32': 14.1, '9:features_kernel:Matern32': 6.1, '10:features_kernel:Matern32': 8.1, '11:features_kernel:Matern32': 16.1, 'alpha': 0.044000000000000004}. Best is trial 27 with value: 12.4824115716312.
/gpfs_common/share03/ddomlab/sdehgha2/working_space/GP_collab/code_python/training/MGK_and_tools/mgktools/mgktools/kernels/base.py:225: UserWarning: The distribution is specified by [0.1, 30] and step=1, but the range is not divisible by `step`. It will be replaced with [0.1, 29.1].
  self.unique_name: trial.suggest_float(
[I 2026-04-22 12:39:44,703] Trial 40 finished with value: 12.569970240491857 and parameters: {'0:atom_AtomicNumber:kDelta': 0.85, '0:atom_AtomicNumber_list_1:kConv': 0.9, '0:atom_AtomicNumber_list_2:kConv': 0.85, '0:atom_AtomicNumber_list_3:kConv': 0.85, '0:atom_AtomicNumber_list_4:kConv': 0.9, '0:atom_MorganHash:kDelta': 0.85, '0:atom_Ring_count:kDelta': 0.9, '0:atom_RingSize_list:kConv': 0.85, '0:atom_Hcount:kDelta': 0.95, '0:atom_AtomicNumber_count_1:kDelta': 0.85, '0:atom_AtomicNumber_count_2:kDelta': 0.8, '0:atom_Chiral:kDelta': 0.9, '0:bond_Order:kDelta': 0.85, '0:bond_Stereo:kDelta': 1.0, '0:bond_RingStereo:kDelta': 0.95, '0:q:q': 0.21000000000000002, '1:features_kernel:Matern32': 18.1, '2:features_kernel:Matern32': 5.1, '3:features_kernel:Matern32': 27.1, '4:features_kernel:Matern32': 20.1, '5:features_kernel:Matern32': 7.1, '6:features_kernel:Matern32': 24.1, '7:features_kernel:Matern32': 17.1, '8:features_kernel:Matern32': 7.1, '9:features_kernel:Matern32': 10.1, '10:features_kernel:Matern32': 14.1, '11:features_kernel:Matern32': 27.1, 'alpha': 0.037000000000000005}. Best is trial 27 with value: 12.4824115716312.
/gpfs_common/share03/ddomlab/sdehgha2/working_space/GP_collab/code_python/training/MGK_and_tools/mgktools/mgktools/kernels/base.py:225: UserWarning: The distribution is specified by [0.1, 30] and step=1, but the range is not divisible by `step`. It will be replaced with [0.1, 29.1].
  self.unique_name: trial.suggest_float(
