[Parallel(n_jobs=8)]: Using backend LokyBackend with 8 concurrent workers.
[Parallel(n_jobs=8)]: Done  34 tasks      | elapsed:   27.0s
[Parallel(n_jobs=8)]: Done 318 out of 318 | elapsed:   27.0s finished
[Parallel(n_jobs=4)]: Using backend LokyBackend with 4 concurrent workers.
[Parallel(n_jobs=4)]: Done  11 out of  11 | elapsed:    1.5s finished
[I 2026-04-22 00:07:08,339] A new study created in RDB with name: optuna-study
/gpfs_common/share03/ddomlab/sdehgha2/working_space/GP_collab/code_python/training/MGK_and_tools/mgktools/mgktools/kernels/base.py:225: UserWarning: The distribution is specified by [0.1, 30] and step=1, but the range is not divisible by `step`. It will be replaced with [0.1, 29.1].
  self.unique_name: trial.suggest_float(
/usr/local/usrapps/ddomlab/sdehgha2/env12/lib/python3.12/site-packages/numpy/linalg/_linalg.py:2349: RuntimeWarning: invalid value encountered in slogdet
  sign, logdet = _umath_linalg.slogdet(a, signature=signature)
[W 2026-04-22 00:07:11,652] Trial 0 failed with parameters: {'0:atom_AtomicNumber:kDelta': 1.0, '0:atom_AtomicNumber_list_1:kConv': 0.8, '0:atom_AtomicNumber_list_2:kConv': 0.95, '0:atom_AtomicNumber_list_3:kConv': 0.75, '0:atom_AtomicNumber_list_4:kConv': 0.75, '0:atom_MorganHash:kDelta': 0.9, '0:atom_Ring_count:kDelta': 0.9, '0:atom_RingSize_list:kConv': 0.85, '0:atom_Hcount:kDelta': 0.85, '0:atom_AtomicNumber_count_1:kDelta': 0.9, '0:atom_AtomicNumber_count_2:kDelta': 0.85, '0:atom_Chiral:kDelta': 0.95, '0:bond_Order:kDelta': 0.9, '0:bond_Stereo:kDelta': 0.9, '0:bond_RingStereo:kDelta': 0.9, '0:q:q': 0.5, '1:features_kernel:Matern32': 24.1, '2:features_kernel:Matern32': 12.1, '3:features_kernel:Matern32': 26.1, '4:features_kernel:Matern32': 24.1, '5:features_kernel:Matern32': 1.1, '6:features_kernel:Matern32': 21.1, '7:features_kernel:Matern32': 24.1, '8:features_kernel:Matern32': 22.1, '9:features_kernel:Matern32': 21.1, '10:features_kernel:Matern32': 16.1, '11:features_kernel:Matern32': 3.1, 'alpha': 0.096} because of the following error: ValueError('Input contains NaN.').
Traceback (most recent call last):
  File "/usr/local/usrapps/ddomlab/sdehgha2/env12/lib/python3.12/site-packages/optuna/study/_optimize.py", line 206, in _run_trial
    value_or_values = func(trial)
                      ^^^^^^^^^^^
  File "/gpfs_common/share03/ddomlab/sdehgha2/working_space/GP_collab/code_python/training/MGK_and_tools/mgktools/mgktools/hyperparameters/optuna.py", line 250, in objective
    score = evaluate_model(
            ^^^^^^^^^^^^^^^
  File "/gpfs_common/share03/ddomlab/sdehgha2/working_space/GP_collab/code_python/training/MGK_and_tools/mgktools/mgktools/hyperparameters/optuna.py", line 65, in evaluate_model
    score = evaluator.run_cross_validation()
            ^^^^^^^^^^^^^^^^^^^^^^^^^^^^^^^^
  File "/gpfs_common/share03/ddomlab/sdehgha2/working_space/GP_collab/code_python/training/MGK_and_tools/mgktools/mgktools/evaluators/cross_validation.py", line 170, in run_cross_validation
    df_predict, df_ = self.evaluate_train_test(dataset_train, dataset_test)
                      ^^^^^^^^^^^^^^^^^^^^^^^^^^^^^^^^^^^^^^^^^^^^^^^^^^^^^
  File "/gpfs_common/share03/ddomlab/sdehgha2/working_space/GP_collab/code_python/training/MGK_and_tools/mgktools/mgktools/evaluators/cross_validation.py", line 310, in evaluate_train_test
    v = self.eval_metric(y_true_i[valid_mask], y_pred_i[valid_mask], metric)
        ^^^^^^^^^^^^^^^^^^^^^^^^^^^^^^^^^^^^^^^^^^^^^^^^^^^^^^^^^^^^^^^^^^^^
  File "/gpfs_common/share03/ddomlab/sdehgha2/working_space/GP_collab/code_python/training/MGK_and_tools/mgktools/mgktools/evaluators/cross_validation.py", line 389, in eval_metric
    return metric_regression(y, y_pred, metric)
           ^^^^^^^^^^^^^^^^^^^^^^^^^^^^^^^^^^^^
  File "/gpfs_common/share03/ddomlab/sdehgha2/working_space/GP_collab/code_python/training/MGK_and_tools/mgktools/mgktools/evaluators/metric.py", line 42, in metric_regression
    return root_mean_squared_error(y, y_pred)
           ^^^^^^^^^^^^^^^^^^^^^^^^^^^^^^^^^^
  File "/usr/local/usrapps/ddomlab/sdehgha2/env12/lib/python3.12/site-packages/sklearn/utils/_param_validation.py", line 218, in wrapper
    return func(*args, **kwargs)
           ^^^^^^^^^^^^^^^^^^^^^
  File "/usr/local/usrapps/ddomlab/sdehgha2/env12/lib/python3.12/site-packages/sklearn/metrics/_regression.py", line 666, in root_mean_squared_error
    mean_squared_error(
  File "/usr/local/usrapps/ddomlab/sdehgha2/env12/lib/python3.12/site-packages/sklearn/utils/_param_validation.py", line 191, in wrapper
    return func(*args, **kwargs)
           ^^^^^^^^^^^^^^^^^^^^^
  File "/usr/local/usrapps/ddomlab/sdehgha2/env12/lib/python3.12/site-packages/sklearn/metrics/_regression.py", line 579, in mean_squared_error
    _check_reg_targets_with_floating_dtype(
  File "/usr/local/usrapps/ddomlab/sdehgha2/env12/lib/python3.12/site-packages/sklearn/metrics/_regression.py", line 208, in _check_reg_targets_with_floating_dtype
    y_type, y_true, y_pred, sample_weight, multioutput = _check_reg_targets(
                                                         ^^^^^^^^^^^^^^^^^^^
  File "/usr/local/usrapps/ddomlab/sdehgha2/env12/lib/python3.12/site-packages/sklearn/metrics/_regression.py", line 115, in _check_reg_targets
    y_pred = check_array(y_pred, ensure_2d=False, dtype=dtype)
             ^^^^^^^^^^^^^^^^^^^^^^^^^^^^^^^^^^^^^^^^^^^^^^^^^
  File "/usr/local/usrapps/ddomlab/sdehgha2/env12/lib/python3.12/site-packages/sklearn/utils/validation.py", line 1074, in check_array
    _assert_all_finite(
  File "/usr/local/usrapps/ddomlab/sdehgha2/env12/lib/python3.12/site-packages/sklearn/utils/validation.py", line 133, in _assert_all_finite
    _assert_all_finite_element_wise(
  File "/usr/local/usrapps/ddomlab/sdehgha2/env12/lib/python3.12/site-packages/sklearn/utils/validation.py", line 182, in _assert_all_finite_element_wise
    raise ValueError(msg_err)
ValueError: Input contains NaN.
[W 2026-04-22 00:07:11,804] Trial 0 failed with value None.
Traceback (most recent call last):
  File "/gpfs_common/share03/ddomlab/sdehgha2/working_space/GP_collab/code_python/training/hpc_submit_training_GP/../train_structure_numerical.py", line 98, in <module>
    main_structural_numerical(
  File "/gpfs_common/share03/ddomlab/sdehgha2/working_space/GP_collab/code_python/training/hpc_submit_training_GP/../train_structure_numerical.py", line 49, in main_structural_numerical
    scores, predictions  =   train_regressor(
                             ^^^^^^^^^^^^^^^^
  File "/gpfs_common/share03/ddomlab/sdehgha2/working_space/GP_collab/code_python/training/training_utils_gp_special.py", line 93, in train_regressor
    scores, predictions = _prepare_data(
                          ^^^^^^^^^^^^^^
  File "/gpfs_common/share03/ddomlab/sdehgha2/working_space/GP_collab/code_python/training/training_utils_gp_special.py", line 194, in _prepare_data
    score,predication = run(
                        ^^^^
  File "/gpfs_common/share03/ddomlab/sdehgha2/working_space/GP_collab/code_python/training/training_utils_gp_special.py", line 277, in run
    alpha = bayesian_optimization(
            ^^^^^^^^^^^^^^^^^^^^^^
  File "/gpfs_common/share03/ddomlab/sdehgha2/working_space/GP_collab/code_python/training/MGK_and_tools/mgktools/mgktools/hyperparameters/optuna.py", line 283, in bayesian_optimization
    study.optimize(objective, n_trials=n_to_run)
  File "/usr/local/usrapps/ddomlab/sdehgha2/env12/lib/python3.12/site-packages/optuna/study/study.py", line 490, in optimize
    _optimize(
  File "/usr/local/usrapps/ddomlab/sdehgha2/env12/lib/python3.12/site-packages/optuna/study/_optimize.py", line 68, in _optimize
    _optimize_sequential(
  File "/usr/local/usrapps/ddomlab/sdehgha2/env12/lib/python3.12/site-packages/optuna/study/_optimize.py", line 165, in _optimize_sequential
    frozen_trial_id = _run_trial(study, func, catch)
                      ^^^^^^^^^^^^^^^^^^^^^^^^^^^^^^
  File "/usr/local/usrapps/ddomlab/sdehgha2/env12/lib/python3.12/site-packages/optuna/study/_optimize.py", line 263, in _run_trial
    raise func_err
  File "/usr/local/usrapps/ddomlab/sdehgha2/env12/lib/python3.12/site-packages/optuna/study/_optimize.py", line 206, in _run_trial
    value_or_values = func(trial)
                      ^^^^^^^^^^^
  File "/gpfs_common/share03/ddomlab/sdehgha2/working_space/GP_collab/code_python/training/MGK_and_tools/mgktools/mgktools/hyperparameters/optuna.py", line 250, in objective
    score = evaluate_model(
            ^^^^^^^^^^^^^^^
  File "/gpfs_common/share03/ddomlab/sdehgha2/working_space/GP_collab/code_python/training/MGK_and_tools/mgktools/mgktools/hyperparameters/optuna.py", line 65, in evaluate_model
    score = evaluator.run_cross_validation()
            ^^^^^^^^^^^^^^^^^^^^^^^^^^^^^^^^
  File "/gpfs_common/share03/ddomlab/sdehgha2/working_space/GP_collab/code_python/training/MGK_and_tools/mgktools/mgktools/evaluators/cross_validation.py", line 170, in run_cross_validation
    df_predict, df_ = self.evaluate_train_test(dataset_train, dataset_test)
                      ^^^^^^^^^^^^^^^^^^^^^^^^^^^^^^^^^^^^^^^^^^^^^^^^^^^^^
  File "/gpfs_common/share03/ddomlab/sdehgha2/working_space/GP_collab/code_python/training/MGK_and_tools/mgktools/mgktools/evaluators/cross_validation.py", line 310, in evaluate_train_test
    v = self.eval_metric(y_true_i[valid_mask], y_pred_i[valid_mask], metric)
        ^^^^^^^^^^^^^^^^^^^^^^^^^^^^^^^^^^^^^^^^^^^^^^^^^^^^^^^^^^^^^^^^^^^^
  File "/gpfs_common/share03/ddomlab/sdehgha2/working_space/GP_collab/code_python/training/MGK_and_tools/mgktools/mgktools/evaluators/cross_validation.py", line 389, in eval_metric
    return metric_regression(y, y_pred, metric)
           ^^^^^^^^^^^^^^^^^^^^^^^^^^^^^^^^^^^^
  File "/gpfs_common/share03/ddomlab/sdehgha2/working_space/GP_collab/code_python/training/MGK_and_tools/mgktools/mgktools/evaluators/metric.py", line 42, in metric_regression
    return root_mean_squared_error(y, y_pred)
           ^^^^^^^^^^^^^^^^^^^^^^^^^^^^^^^^^^
  File "/usr/local/usrapps/ddomlab/sdehgha2/env12/lib/python3.12/site-packages/sklearn/utils/_param_validation.py", line 218, in wrapper
    return func(*args, **kwargs)
           ^^^^^^^^^^^^^^^^^^^^^
  File "/usr/local/usrapps/ddomlab/sdehgha2/env12/lib/python3.12/site-packages/sklearn/metrics/_regression.py", line 666, in root_mean_squared_error
    mean_squared_error(
  File "/usr/local/usrapps/ddomlab/sdehgha2/env12/lib/python3.12/site-packages/sklearn/utils/_param_validation.py", line 191, in wrapper
    return func(*args, **kwargs)
           ^^^^^^^^^^^^^^^^^^^^^
  File "/usr/local/usrapps/ddomlab/sdehgha2/env12/lib/python3.12/site-packages/sklearn/metrics/_regression.py", line 579, in mean_squared_error
    _check_reg_targets_with_floating_dtype(
  File "/usr/local/usrapps/ddomlab/sdehgha2/env12/lib/python3.12/site-packages/sklearn/metrics/_regression.py", line 208, in _check_reg_targets_with_floating_dtype
    y_type, y_true, y_pred, sample_weight, multioutput = _check_reg_targets(
                                                         ^^^^^^^^^^^^^^^^^^^
  File "/usr/local/usrapps/ddomlab/sdehgha2/env12/lib/python3.12/site-packages/sklearn/metrics/_regression.py", line 115, in _check_reg_targets
    y_pred = check_array(y_pred, ensure_2d=False, dtype=dtype)
             ^^^^^^^^^^^^^^^^^^^^^^^^^^^^^^^^^^^^^^^^^^^^^^^^^
  File "/usr/local/usrapps/ddomlab/sdehgha2/env12/lib/python3.12/site-packages/sklearn/utils/validation.py", line 1074, in check_array
    _assert_all_finite(
  File "/usr/local/usrapps/ddomlab/sdehgha2/env12/lib/python3.12/site-packages/sklearn/utils/validation.py", line 133, in _assert_all_finite
    _assert_all_finite_element_wise(
  File "/usr/local/usrapps/ddomlab/sdehgha2/env12/lib/python3.12/site-packages/sklearn/utils/validation.py", line 182, in _assert_all_finite_element_wise
    raise ValueError(msg_err)
ValueError: Input contains NaN.
[Parallel(n_jobs=8)]: Using backend LokyBackend with 8 concurrent workers.
[Parallel(n_jobs=8)]: Done  34 tasks      | elapsed:   25.6s
[Parallel(n_jobs=8)]: Done 318 out of 318 | elapsed:   25.6s finished
[Parallel(n_jobs=4)]: Using backend LokyBackend with 4 concurrent workers.
[Parallel(n_jobs=4)]: Done  11 out of  11 | elapsed:    2.0s finished
[I 2026-04-22 09:20:41,446] Using an existing study with name 'optuna-study' instead of creating a new one.
/gpfs_common/share03/ddomlab/sdehgha2/working_space/GP_collab/code_python/training/MGK_and_tools/mgktools/mgktools/kernels/base.py:225: UserWarning: The distribution is specified by [0.1, 30] and step=1, but the range is not divisible by `step`. It will be replaced with [0.1, 29.1].
  self.unique_name: trial.suggest_float(
[I 2026-04-22 09:20:51,950] Trial 1 finished with value: 91.67140795527284 and parameters: {'0:atom_AtomicNumber:kDelta': 1.0, '0:atom_AtomicNumber_list_1:kConv': 0.8, '0:atom_AtomicNumber_list_2:kConv': 0.95, '0:atom_AtomicNumber_list_3:kConv': 0.75, '0:atom_AtomicNumber_list_4:kConv': 0.75, '0:atom_MorganHash:kDelta': 0.9, '0:atom_Ring_count:kDelta': 0.9, '0:atom_RingSize_list:kConv': 0.85, '0:atom_Hcount:kDelta': 0.85, '0:atom_AtomicNumber_count_1:kDelta': 0.9, '0:atom_AtomicNumber_count_2:kDelta': 0.85, '0:atom_Chiral:kDelta': 0.95, '0:bond_Order:kDelta': 0.9, '0:bond_Stereo:kDelta': 0.9, '0:bond_RingStereo:kDelta': 0.9, '0:q:q': 0.5, '1:features_kernel:Matern32': 24.1, '2:features_kernel:Matern32': 12.1, '3:features_kernel:Matern32': 26.1, '4:features_kernel:Matern32': 24.1, '5:features_kernel:Matern32': 1.1, '6:features_kernel:Matern32': 21.1, '7:features_kernel:Matern32': 24.1, '8:features_kernel:Matern32': 22.1, '9:features_kernel:Matern32': 21.1, '10:features_kernel:Matern32': 16.1, '11:features_kernel:Matern32': 3.1, 'alpha': 0.096}. Best is trial 1 with value: 91.67140795527284.
/gpfs_common/share03/ddomlab/sdehgha2/working_space/GP_collab/code_python/training/MGK_and_tools/mgktools/mgktools/kernels/base.py:225: UserWarning: The distribution is specified by [0.1, 30] and step=1, but the range is not divisible by `step`. It will be replaced with [0.1, 29.1].
  self.unique_name: trial.suggest_float(
[I 2026-04-22 09:21:01,591] Trial 2 finished with value: 91.05285787751265 and parameters: {'0:atom_AtomicNumber:kDelta': 0.85, '0:atom_AtomicNumber_list_1:kConv': 0.8, '0:atom_AtomicNumber_list_2:kConv': 0.95, '0:atom_AtomicNumber_list_3:kConv': 1.0, '0:atom_AtomicNumber_list_4:kConv': 0.8, '0:atom_MorganHash:kDelta': 0.95, '0:atom_Ring_count:kDelta': 0.9, '0:atom_RingSize_list:kConv': 0.95, '0:atom_Hcount:kDelta': 1.0, '0:atom_AtomicNumber_count_1:kDelta': 0.85, '0:atom_AtomicNumber_count_2:kDelta': 0.8, '0:atom_Chiral:kDelta': 0.85, '0:bond_Order:kDelta': 0.95, '0:bond_Stereo:kDelta': 0.95, '0:bond_RingStereo:kDelta': 0.85, '0:q:q': 0.5, '1:features_kernel:Matern32': 13.1, '2:features_kernel:Matern32': 11.1, '3:features_kernel:Matern32': 21.1, '4:features_kernel:Matern32': 2.1, '5:features_kernel:Matern32': 11.1, '6:features_kernel:Matern32': 23.1, '7:features_kernel:Matern32': 22.1, '8:features_kernel:Matern32': 8.1, '9:features_kernel:Matern32': 5.1, '10:features_kernel:Matern32': 14.1, '11:features_kernel:Matern32': 10.1, 'alpha': 0.074}. Best is trial 2 with value: 91.05285787751265.
/gpfs_common/share03/ddomlab/sdehgha2/working_space/GP_collab/code_python/training/MGK_and_tools/mgktools/mgktools/kernels/base.py:225: UserWarning: The distribution is specified by [0.1, 30] and step=1, but the range is not divisible by `step`. It will be replaced with [0.1, 29.1].
  self.unique_name: trial.suggest_float(
[I 2026-04-22 09:21:12,743] Trial 3 finished with value: 86.18386692282326 and parameters: {'0:atom_AtomicNumber:kDelta': 0.8, '0:atom_AtomicNumber_list_1:kConv': 0.8, '0:atom_AtomicNumber_list_2:kConv': 1.0, '0:atom_AtomicNumber_list_3:kConv': 0.9, '0:atom_AtomicNumber_list_4:kConv': 1.0, '0:atom_MorganHash:kDelta': 1.0, '0:atom_Ring_count:kDelta': 1.0, '0:atom_RingSize_list:kConv': 0.8, '0:atom_Hcount:kDelta': 0.9, '0:atom_AtomicNumber_count_1:kDelta': 0.85, '0:atom_AtomicNumber_count_2:kDelta': 0.85, '0:atom_Chiral:kDelta': 0.95, '0:bond_Order:kDelta': 0.95, '0:bond_Stereo:kDelta': 0.95, '0:bond_RingStereo:kDelta': 0.75, '0:q:q': 0.36000000000000004, '1:features_kernel:Matern32': 1.1, '2:features_kernel:Matern32': 5.1, '3:features_kernel:Matern32': 27.1, '4:features_kernel:Matern32': 12.1, '5:features_kernel:Matern32': 4.1, '6:features_kernel:Matern32': 20.1, '7:features_kernel:Matern32': 4.1, '8:features_kernel:Matern32': 19.1, '9:features_kernel:Matern32': 7.1, '10:features_kernel:Matern32': 1.1, '11:features_kernel:Matern32': 28.1, 'alpha': 0.007}. Best is trial 3 with value: 86.18386692282326.
/gpfs_common/share03/ddomlab/sdehgha2/working_space/GP_collab/code_python/training/MGK_and_tools/mgktools/mgktools/kernels/base.py:225: UserWarning: The distribution is specified by [0.1, 30] and step=1, but the range is not divisible by `step`. It will be replaced with [0.1, 29.1].
  self.unique_name: trial.suggest_float(
[I 2026-04-22 09:21:25,968] Trial 4 finished with value: 89.60943279427698 and parameters: {'0:atom_AtomicNumber:kDelta': 0.9, '0:atom_AtomicNumber_list_1:kConv': 0.85, '0:atom_AtomicNumber_list_2:kConv': 0.9, '0:atom_AtomicNumber_list_3:kConv': 1.0, '0:atom_AtomicNumber_list_4:kConv': 0.9, '0:atom_MorganHash:kDelta': 0.9, '0:atom_Ring_count:kDelta': 0.75, '0:atom_RingSize_list:kConv': 0.95, '0:atom_Hcount:kDelta': 0.8, '0:atom_AtomicNumber_count_1:kDelta': 0.85, '0:atom_AtomicNumber_count_2:kDelta': 0.75, '0:atom_Chiral:kDelta': 0.8, '0:bond_Order:kDelta': 1.0, '0:bond_Stereo:kDelta': 0.9, '0:bond_RingStereo:kDelta': 0.9, '0:q:q': 0.19, '1:features_kernel:Matern32': 24.1, '2:features_kernel:Matern32': 8.1, '3:features_kernel:Matern32': 3.1, '4:features_kernel:Matern32': 16.1, '5:features_kernel:Matern32': 8.1, '6:features_kernel:Matern32': 23.1, '7:features_kernel:Matern32': 5.1, '8:features_kernel:Matern32': 23.1, '9:features_kernel:Matern32': 18.1, '10:features_kernel:Matern32': 1.1, '11:features_kernel:Matern32': 16.1, 'alpha': 0.067}. Best is trial 3 with value: 86.18386692282326.
/gpfs_common/share03/ddomlab/sdehgha2/working_space/GP_collab/code_python/training/MGK_and_tools/mgktools/mgktools/kernels/base.py:225: UserWarning: The distribution is specified by [0.1, 30] and step=1, but the range is not divisible by `step`. It will be replaced with [0.1, 29.1].
  self.unique_name: trial.suggest_float(
[I 2026-04-22 09:21:37,074] Trial 5 finished with value: 88.96558353404605 and parameters: {'0:atom_AtomicNumber:kDelta': 1.0, '0:atom_AtomicNumber_list_1:kConv': 0.95, '0:atom_AtomicNumber_list_2:kConv': 0.95, '0:atom_AtomicNumber_list_3:kConv': 0.85, '0:atom_AtomicNumber_list_4:kConv': 0.75, '0:atom_MorganHash:kDelta': 0.95, '0:atom_Ring_count:kDelta': 0.75, '0:atom_RingSize_list:kConv': 0.9, '0:atom_Hcount:kDelta': 0.9, '0:atom_AtomicNumber_count_1:kDelta': 0.75, '0:atom_AtomicNumber_count_2:kDelta': 0.75, '0:atom_Chiral:kDelta': 0.9, '0:bond_Order:kDelta': 0.85, '0:bond_Stereo:kDelta': 0.8, '0:bond_RingStereo:kDelta': 0.75, '0:q:q': 0.32, '1:features_kernel:Matern32': 3.1, '2:features_kernel:Matern32': 0.1, '3:features_kernel:Matern32': 8.1, '4:features_kernel:Matern32': 9.1, '5:features_kernel:Matern32': 5.1, '6:features_kernel:Matern32': 2.1, '7:features_kernel:Matern32': 23.1, '8:features_kernel:Matern32': 12.1, '9:features_kernel:Matern32': 7.1, '10:features_kernel:Matern32': 15.1, '11:features_kernel:Matern32': 7.1, 'alpha': 0.08600000000000001}. Best is trial 3 with value: 86.18386692282326.
/gpfs_common/share03/ddomlab/sdehgha2/working_space/GP_collab/code_python/training/MGK_and_tools/mgktools/mgktools/kernels/base.py:225: UserWarning: The distribution is specified by [0.1, 30] and step=1, but the range is not divisible by `step`. It will be replaced with [0.1, 29.1].
  self.unique_name: trial.suggest_float(
[I 2026-04-22 09:21:51,857] Trial 6 finished with value: 90.11898488606981 and parameters: {'0:atom_AtomicNumber:kDelta': 0.85, '0:atom_AtomicNumber_list_1:kConv': 0.9, '0:atom_AtomicNumber_list_2:kConv': 1.0, '0:atom_AtomicNumber_list_3:kConv': 0.85, '0:atom_AtomicNumber_list_4:kConv': 0.8, '0:atom_MorganHash:kDelta': 1.0, '0:atom_Ring_count:kDelta': 0.9, '0:atom_RingSize_list:kConv': 1.0, '0:atom_Hcount:kDelta': 1.0, '0:atom_AtomicNumber_count_1:kDelta': 0.95, '0:atom_AtomicNumber_count_2:kDelta': 0.75, '0:atom_Chiral:kDelta': 0.9, '0:bond_Order:kDelta': 0.8, '0:bond_Stereo:kDelta': 0.75, '0:bond_RingStereo:kDelta': 0.85, '0:q:q': 0.11, '1:features_kernel:Matern32': 22.1, '2:features_kernel:Matern32': 28.1, '3:features_kernel:Matern32': 0.1, '4:features_kernel:Matern32': 7.1, '5:features_kernel:Matern32': 7.1, '6:features_kernel:Matern32': 4.1, '7:features_kernel:Matern32': 28.1, '8:features_kernel:Matern32': 7.1, '9:features_kernel:Matern32': 10.1, '10:features_kernel:Matern32': 1.1, '11:features_kernel:Matern32': 7.1, 'alpha': 0.089}. Best is trial 3 with value: 86.18386692282326.
/gpfs_common/share03/ddomlab/sdehgha2/working_space/GP_collab/code_python/training/MGK_and_tools/mgktools/mgktools/kernels/base.py:225: UserWarning: The distribution is specified by [0.1, 30] and step=1, but the range is not divisible by `step`. It will be replaced with [0.1, 29.1].
  self.unique_name: trial.suggest_float(
