[I 2026-04-22 17:32:53,954] Trial 32 finished with value: 12.547657438228205 and parameters: {'0:atom_AtomicNumber:kDelta': 1.0, '0:atom_AtomicNumber_list_1:kConv': 0.9, '0:atom_AtomicNumber_list_2:kConv': 0.8, '0:atom_AtomicNumber_list_3:kConv': 0.8, '0:atom_AtomicNumber_list_4:kConv': 0.8, '0:atom_MorganHash:kDelta': 0.9, '0:atom_Ring_count:kDelta': 0.85, '0:atom_RingSize_list:kConv': 0.85, '0:atom_Hcount:kDelta': 0.75, '0:atom_AtomicNumber_count_1:kDelta': 0.75, '0:atom_AtomicNumber_count_2:kDelta': 0.9, '0:atom_Chiral:kDelta': 0.8, '0:bond_Order:kDelta': 1.0, '0:bond_Stereo:kDelta': 0.75, '0:bond_RingStereo:kDelta': 1.0, '0:q:q': 0.24000000000000002, '1:features_kernel:Matern32': 23.1, '2:features_kernel:Matern32': 29.1, '3:features_kernel:Matern32': 7.1, '4:features_kernel:Matern32': 18.1, '5:features_kernel:Matern32': 15.1, '6:features_kernel:Matern32': 12.1, '7:features_kernel:Matern32': 19.1, '8:features_kernel:Matern32': 2.1, '9:features_kernel:Matern32': 11.1, '10:features_kernel:Matern32': 28.1, '11:features_kernel:Matern32': 12.1, 'alpha': 0.033}. Best is trial 23 with value: 12.499898153358556.
/gpfs_common/share03/ddomlab/sdehgha2/working_space/GP_collab/code_python/training/MGK_and_tools/mgktools/mgktools/kernels/base.py:225: UserWarning: The distribution is specified by [0.1, 30] and step=1, but the range is not divisible by `step`. It will be replaced with [0.1, 29.1].
  self.unique_name: trial.suggest_float(
[I 2026-04-22 17:33:05,552] Trial 33 finished with value: 12.402751108685134 and parameters: {'0:atom_AtomicNumber:kDelta': 0.95, '0:atom_AtomicNumber_list_1:kConv': 0.95, '0:atom_AtomicNumber_list_2:kConv': 0.75, '0:atom_AtomicNumber_list_3:kConv': 0.85, '0:atom_AtomicNumber_list_4:kConv': 0.8, '0:atom_MorganHash:kDelta': 0.85, '0:atom_Ring_count:kDelta': 0.8, '0:atom_RingSize_list:kConv': 0.8, '0:atom_Hcount:kDelta': 0.8, '0:atom_AtomicNumber_count_1:kDelta': 0.75, '0:atom_AtomicNumber_count_2:kDelta': 0.85, '0:atom_Chiral:kDelta': 0.75, '0:bond_Order:kDelta': 0.95, '0:bond_Stereo:kDelta': 0.75, '0:bond_RingStereo:kDelta': 0.95, '0:q:q': 0.29000000000000004, '1:features_kernel:Matern32': 15.1, '2:features_kernel:Matern32': 26.1, '3:features_kernel:Matern32': 10.1, '4:features_kernel:Matern32': 24.1, '5:features_kernel:Matern32': 13.1, '6:features_kernel:Matern32': 18.1, '7:features_kernel:Matern32': 16.1, '8:features_kernel:Matern32': 5.1, '9:features_kernel:Matern32': 4.1, '10:features_kernel:Matern32': 23.1, '11:features_kernel:Matern32': 16.1, 'alpha': 0.016}. Best is trial 33 with value: 12.402751108685134.
/gpfs_common/share03/ddomlab/sdehgha2/working_space/GP_collab/code_python/training/MGK_and_tools/mgktools/mgktools/kernels/base.py:225: UserWarning: The distribution is specified by [0.1, 30] and step=1, but the range is not divisible by `step`. It will be replaced with [0.1, 29.1].
  self.unique_name: trial.suggest_float(
[I 2026-04-22 17:33:16,841] Trial 34 finished with value: 12.41453341636115 and parameters: {'0:atom_AtomicNumber:kDelta': 0.95, '0:atom_AtomicNumber_list_1:kConv': 0.95, '0:atom_AtomicNumber_list_2:kConv': 0.75, '0:atom_AtomicNumber_list_3:kConv': 0.75, '0:atom_AtomicNumber_list_4:kConv': 0.8, '0:atom_MorganHash:kDelta': 0.9, '0:atom_Ring_count:kDelta': 0.8, '0:atom_RingSize_list:kConv': 0.8, '0:atom_Hcount:kDelta': 0.8, '0:atom_AtomicNumber_count_1:kDelta': 0.8, '0:atom_AtomicNumber_count_2:kDelta': 0.85, '0:atom_Chiral:kDelta': 0.75, '0:bond_Order:kDelta': 1.0, '0:bond_Stereo:kDelta': 0.8, '0:bond_RingStereo:kDelta': 0.9, '0:q:q': 0.3, '1:features_kernel:Matern32': 15.1, '2:features_kernel:Matern32': 26.1, '3:features_kernel:Matern32': 10.1, '4:features_kernel:Matern32': 26.1, '5:features_kernel:Matern32': 10.1, '6:features_kernel:Matern32': 18.1, '7:features_kernel:Matern32': 16.1, '8:features_kernel:Matern32': 8.1, '9:features_kernel:Matern32': 5.1, '10:features_kernel:Matern32': 23.1, '11:features_kernel:Matern32': 17.1, 'alpha': 0.018000000000000002}. Best is trial 33 with value: 12.402751108685134.
/gpfs_common/share03/ddomlab/sdehgha2/working_space/GP_collab/code_python/training/MGK_and_tools/mgktools/mgktools/kernels/base.py:225: UserWarning: The distribution is specified by [0.1, 30] and step=1, but the range is not divisible by `step`. It will be replaced with [0.1, 29.1].
  self.unique_name: trial.suggest_float(
[I 2026-04-22 17:33:28,304] Trial 35 finished with value: 12.436313280824534 and parameters: {'0:atom_AtomicNumber:kDelta': 0.95, '0:atom_AtomicNumber_list_1:kConv': 1.0, '0:atom_AtomicNumber_list_2:kConv': 0.75, '0:atom_AtomicNumber_list_3:kConv': 0.75, '0:atom_AtomicNumber_list_4:kConv': 0.75, '0:atom_MorganHash:kDelta': 0.95, '0:atom_Ring_count:kDelta': 0.75, '0:atom_RingSize_list:kConv': 0.8, '0:atom_Hcount:kDelta': 0.8, '0:atom_AtomicNumber_count_1:kDelta': 0.85, '0:atom_AtomicNumber_count_2:kDelta': 0.85, '0:atom_Chiral:kDelta': 0.75, '0:bond_Order:kDelta': 0.95, '0:bond_Stereo:kDelta': 0.8, '0:bond_RingStereo:kDelta': 0.9, '0:q:q': 0.29000000000000004, '1:features_kernel:Matern32': 15.1, '2:features_kernel:Matern32': 15.1, '3:features_kernel:Matern32': 10.1, '4:features_kernel:Matern32': 27.1, '5:features_kernel:Matern32': 9.1, '6:features_kernel:Matern32': 19.1, '7:features_kernel:Matern32': 8.1, '8:features_kernel:Matern32': 8.1, '9:features_kernel:Matern32': 4.1, '10:features_kernel:Matern32': 23.1, '11:features_kernel:Matern32': 17.1, 'alpha': 0.018000000000000002}. Best is trial 33 with value: 12.402751108685134.
/gpfs_common/share03/ddomlab/sdehgha2/working_space/GP_collab/code_python/training/MGK_and_tools/mgktools/mgktools/kernels/base.py:225: UserWarning: The distribution is specified by [0.1, 30] and step=1, but the range is not divisible by `step`. It will be replaced with [0.1, 29.1].
  self.unique_name: trial.suggest_float(
[I 2026-04-22 17:33:39,837] Trial 36 finished with value: 12.597552121745503 and parameters: {'0:atom_AtomicNumber:kDelta': 0.9, '0:atom_AtomicNumber_list_1:kConv': 1.0, '0:atom_AtomicNumber_list_2:kConv': 0.75, '0:atom_AtomicNumber_list_3:kConv': 0.75, '0:atom_AtomicNumber_list_4:kConv': 0.75, '0:atom_MorganHash:kDelta': 0.95, '0:atom_Ring_count:kDelta': 0.75, '0:atom_RingSize_list:kConv': 0.75, '0:atom_Hcount:kDelta': 0.85, '0:atom_AtomicNumber_count_1:kDelta': 0.85, '0:atom_AtomicNumber_count_2:kDelta': 0.8, '0:atom_Chiral:kDelta': 0.75, '0:bond_Order:kDelta': 0.9, '0:bond_Stereo:kDelta': 0.8, '0:bond_RingStereo:kDelta': 0.9, '0:q:q': 0.3, '1:features_kernel:Matern32': 15.1, '2:features_kernel:Matern32': 12.1, '3:features_kernel:Matern32': 10.1, '4:features_kernel:Matern32': 27.1, '5:features_kernel:Matern32': 4.1, '6:features_kernel:Matern32': 21.1, '7:features_kernel:Matern32': 7.1, '8:features_kernel:Matern32': 8.1, '9:features_kernel:Matern32': 3.1, '10:features_kernel:Matern32': 23.1, '11:features_kernel:Matern32': 16.1, 'alpha': 0.013000000000000001}. Best is trial 33 with value: 12.402751108685134.
/gpfs_common/share03/ddomlab/sdehgha2/working_space/GP_collab/code_python/training/MGK_and_tools/mgktools/mgktools/kernels/base.py:225: UserWarning: The distribution is specified by [0.1, 30] and step=1, but the range is not divisible by `step`. It will be replaced with [0.1, 29.1].
  self.unique_name: trial.suggest_float(
[I 2026-04-22 17:33:52,574] Trial 37 finished with value: 12.752612932402174 and parameters: {'0:atom_AtomicNumber:kDelta': 0.95, '0:atom_AtomicNumber_list_1:kConv': 1.0, '0:atom_AtomicNumber_list_2:kConv': 0.75, '0:atom_AtomicNumber_list_3:kConv': 0.75, '0:atom_AtomicNumber_list_4:kConv': 0.75, '0:atom_MorganHash:kDelta': 1.0, '0:atom_Ring_count:kDelta': 0.75, '0:atom_RingSize_list:kConv': 0.8, '0:atom_Hcount:kDelta': 0.8, '0:atom_AtomicNumber_count_1:kDelta': 0.85, '0:atom_AtomicNumber_count_2:kDelta': 0.85, '0:atom_Chiral:kDelta': 0.75, '0:bond_Order:kDelta': 0.9, '0:bond_Stereo:kDelta': 0.8, '0:bond_RingStereo:kDelta': 0.9, '0:q:q': 0.33, '1:features_kernel:Matern32': 13.1, '2:features_kernel:Matern32': 15.1, '3:features_kernel:Matern32': 5.1, '4:features_kernel:Matern32': 27.1, '5:features_kernel:Matern32': 8.1, '6:features_kernel:Matern32': 19.1, '7:features_kernel:Matern32': 3.1, '8:features_kernel:Matern32': 6.1, '9:features_kernel:Matern32': 4.1, '10:features_kernel:Matern32': 23.1, '11:features_kernel:Matern32': 10.1, 'alpha': 0.016}. Best is trial 33 with value: 12.402751108685134.
/gpfs_common/share03/ddomlab/sdehgha2/working_space/GP_collab/code_python/training/MGK_and_tools/mgktools/mgktools/kernels/base.py:225: UserWarning: The distribution is specified by [0.1, 30] and step=1, but the range is not divisible by `step`. It will be replaced with [0.1, 29.1].
  self.unique_name: trial.suggest_float(
[I 2026-04-22 17:34:06,885] Trial 38 finished with value: 12.417440850962494 and parameters: {'0:atom_AtomicNumber:kDelta': 0.9, '0:atom_AtomicNumber_list_1:kConv': 1.0, '0:atom_AtomicNumber_list_2:kConv': 0.75, '0:atom_AtomicNumber_list_3:kConv': 0.75, '0:atom_AtomicNumber_list_4:kConv': 0.9, '0:atom_MorganHash:kDelta': 0.95, '0:atom_Ring_count:kDelta': 0.75, '0:atom_RingSize_list:kConv': 0.75, '0:atom_Hcount:kDelta': 0.8, '0:atom_AtomicNumber_count_1:kDelta': 0.85, '0:atom_AtomicNumber_count_2:kDelta': 0.85, '0:atom_Chiral:kDelta': 0.75, '0:bond_Order:kDelta': 0.95, '0:bond_Stereo:kDelta': 0.85, '0:bond_RingStereo:kDelta': 0.9, '0:q:q': 0.34, '1:features_kernel:Matern32': 27.1, '2:features_kernel:Matern32': 12.1, '3:features_kernel:Matern32': 9.1, '4:features_kernel:Matern32': 25.1, '5:features_kernel:Matern32': 10.1, '6:features_kernel:Matern32': 21.1, '7:features_kernel:Matern32': 8.1, '8:features_kernel:Matern32': 9.1, '9:features_kernel:Matern32': 5.1, '10:features_kernel:Matern32': 24.1, '11:features_kernel:Matern32': 17.1, 'alpha': 0.012}. Best is trial 33 with value: 12.402751108685134.
/gpfs_common/share03/ddomlab/sdehgha2/working_space/GP_collab/code_python/training/MGK_and_tools/mgktools/mgktools/kernels/base.py:225: UserWarning: The distribution is specified by [0.1, 30] and step=1, but the range is not divisible by `step`. It will be replaced with [0.1, 29.1].
  self.unique_name: trial.suggest_float(
[I 2026-04-22 17:34:21,081] Trial 39 finished with value: 12.387378655191693 and parameters: {'0:atom_AtomicNumber:kDelta': 0.9, '0:atom_AtomicNumber_list_1:kConv': 1.0, '0:atom_AtomicNumber_list_2:kConv': 0.75, '0:atom_AtomicNumber_list_3:kConv': 0.75, '0:atom_AtomicNumber_list_4:kConv': 0.9, '0:atom_MorganHash:kDelta': 0.95, '0:atom_Ring_count:kDelta': 0.75, '0:atom_RingSize_list:kConv': 0.75, '0:atom_Hcount:kDelta': 0.85, '0:atom_AtomicNumber_count_1:kDelta': 0.9, '0:atom_AtomicNumber_count_2:kDelta': 0.8, '0:atom_Chiral:kDelta': 0.75, '0:bond_Order:kDelta': 0.85, '0:bond_Stereo:kDelta': 0.9, '0:bond_RingStereo:kDelta': 0.9, '0:q:q': 0.34, '1:features_kernel:Matern32': 29.1, '2:features_kernel:Matern32': 11.1, '3:features_kernel:Matern32': 10.1, '4:features_kernel:Matern32': 24.1, '5:features_kernel:Matern32': 8.1, '6:features_kernel:Matern32': 23.1, '7:features_kernel:Matern32': 8.1, '8:features_kernel:Matern32': 13.1, '9:features_kernel:Matern32': 5.1, '10:features_kernel:Matern32': 22.1, '11:features_kernel:Matern32': 17.1, 'alpha': 0.009000000000000001}. Best is trial 39 with value: 12.387378655191693.
/gpfs_common/share03/ddomlab/sdehgha2/working_space/GP_collab/code_python/training/MGK_and_tools/mgktools/mgktools/kernels/base.py:225: UserWarning: The distribution is specified by [0.1, 30] and step=1, but the range is not divisible by `step`. It will be replaced with [0.1, 29.1].
  self.unique_name: trial.suggest_float(
[I 2026-04-22 17:34:33,309] Trial 40 finished with value: 12.85381464517628 and parameters: {'0:atom_AtomicNumber:kDelta': 0.85, '0:atom_AtomicNumber_list_1:kConv': 1.0, '0:atom_AtomicNumber_list_2:kConv': 0.75, '0:atom_AtomicNumber_list_3:kConv': 0.95, '0:atom_AtomicNumber_list_4:kConv': 0.9, '0:atom_MorganHash:kDelta': 0.95, '0:atom_Ring_count:kDelta': 0.75, '0:atom_RingSize_list:kConv': 0.75, '0:atom_Hcount:kDelta': 0.85, '0:atom_AtomicNumber_count_1:kDelta': 0.9, '0:atom_AtomicNumber_count_2:kDelta': 0.8, '0:atom_Chiral:kDelta': 0.9, '0:bond_Order:kDelta': 0.85, '0:bond_Stereo:kDelta': 0.9, '0:bond_RingStereo:kDelta': 0.85, '0:q:q': 0.36000000000000004, '1:features_kernel:Matern32': 29.1, '2:features_kernel:Matern32': 12.1, '3:features_kernel:Matern32': 4.1, '4:features_kernel:Matern32': 24.1, '5:features_kernel:Matern32': 7.1, '6:features_kernel:Matern32': 23.1, '7:features_kernel:Matern32': 3.1, '8:features_kernel:Matern32': 14.1, '9:features_kernel:Matern32': 7.1, '10:features_kernel:Matern32': 18.1, '11:features_kernel:Matern32': 15.1, 'alpha': 0.010000000000000002}. Best is trial 39 with value: 12.387378655191693.
/gpfs_common/share03/ddomlab/sdehgha2/working_space/GP_collab/code_python/training/MGK_and_tools/mgktools/mgktools/kernels/base.py:225: UserWarning: The distribution is specified by [0.1, 30] and step=1, but the range is not divisible by `step`. It will be replaced with [0.1, 29.1].
  self.unique_name: trial.suggest_float(
[I 2026-04-22 17:34:44,569] Trial 41 finished with value: 12.483264830392178 and parameters: {'0:atom_AtomicNumber:kDelta': 0.9, '0:atom_AtomicNumber_list_1:kConv': 1.0, '0:atom_AtomicNumber_list_2:kConv': 0.75, '0:atom_AtomicNumber_list_3:kConv': 0.75, '0:atom_AtomicNumber_list_4:kConv': 0.9, '0:atom_MorganHash:kDelta': 0.95, '0:atom_Ring_count:kDelta': 0.75, '0:atom_RingSize_list:kConv': 0.75, '0:atom_Hcount:kDelta': 0.8, '0:atom_AtomicNumber_count_1:kDelta': 0.9, '0:atom_AtomicNumber_count_2:kDelta': 0.85, '0:atom_Chiral:kDelta': 0.75, '0:bond_Order:kDelta': 0.8, '0:bond_Stereo:kDelta': 0.85, '0:bond_RingStereo:kDelta': 0.9, '0:q:q': 0.33, '1:features_kernel:Matern32': 26.1, '2:features_kernel:Matern32': 9.1, '3:features_kernel:Matern32': 9.1, '4:features_kernel:Matern32': 26.1, '5:features_kernel:Matern32': 9.1, '6:features_kernel:Matern32': 24.1, '7:features_kernel:Matern32': 9.1, '8:features_kernel:Matern32': 12.1, '9:features_kernel:Matern32': 6.1, '10:features_kernel:Matern32': 22.1, '11:features_kernel:Matern32': 18.1, 'alpha': 0.017}. Best is trial 39 with value: 12.387378655191693.
[I 2026-04-22 17:55:41,948] Using an existing study with name 'optuna-study' instead of creating a new one.
[I 2026-04-22 18:27:29,479] Using an existing study with name 'optuna-study' instead of creating a new one.
