[I 2026-04-22 14:00:48,499] Trial 13 finished with value: 16.36353242423884 and parameters: {'0:atom_AtomicNumber:kDelta': 0.95, '0:atom_AtomicNumber_list_1:kConv': 0.75, '0:atom_AtomicNumber_list_2:kConv': 0.85, '0:atom_AtomicNumber_list_3:kConv': 0.95, '0:atom_AtomicNumber_list_4:kConv': 0.85, '0:atom_MorganHash:kDelta': 0.85, '0:atom_Ring_count:kDelta': 0.95, '0:atom_RingSize_list:kConv': 0.8, '0:atom_Hcount:kDelta': 0.95, '0:atom_AtomicNumber_count_1:kDelta': 0.8, '0:atom_AtomicNumber_count_2:kDelta': 0.95, '0:atom_Chiral:kDelta': 0.8, '0:bond_Order:kDelta': 0.85, '0:bond_Stereo:kDelta': 0.95, '0:bond_RingStereo:kDelta': 0.95, '0:q:q': 0.11, '1:features_kernel:Matern32': 7.1, '2:features_kernel:Matern32': 20.1, '3:features_kernel:Matern32': 12.1, '4:features_kernel:Matern32': 15.1, '5:features_kernel:Matern32': 19.1, '6:features_kernel:Matern32': 13.1, '7:features_kernel:Matern32': 18.1, '8:features_kernel:Matern32': 5.1, '9:features_kernel:Matern32': 23.1, '10:features_kernel:Matern32': 20.1, '11:features_kernel:Matern32': 12.1, 'alpha': 0.026000000000000002}. Best is trial 13 with value: 16.36353242423884.
/gpfs_common/share03/ddomlab/sdehgha2/working_space/GP_collab/code_python/training/MGK_and_tools/mgktools/mgktools/kernels/base.py:225: UserWarning: The distribution is specified by [0.1, 30] and step=1, but the range is not divisible by `step`. It will be replaced with [0.1, 29.1].
  self.unique_name: trial.suggest_float(
[I 2026-04-22 14:01:03,816] Trial 14 finished with value: 16.391679449797838 and parameters: {'0:atom_AtomicNumber:kDelta': 0.95, '0:atom_AtomicNumber_list_1:kConv': 0.75, '0:atom_AtomicNumber_list_2:kConv': 0.85, '0:atom_AtomicNumber_list_3:kConv': 0.95, '0:atom_AtomicNumber_list_4:kConv': 0.85, '0:atom_MorganHash:kDelta': 0.8, '0:atom_Ring_count:kDelta': 1.0, '0:atom_RingSize_list:kConv': 0.8, '0:atom_Hcount:kDelta': 0.9, '0:atom_AtomicNumber_count_1:kDelta': 0.8, '0:atom_AtomicNumber_count_2:kDelta': 0.95, '0:atom_Chiral:kDelta': 0.8, '0:bond_Order:kDelta': 0.8, '0:bond_Stereo:kDelta': 0.95, '0:bond_RingStereo:kDelta': 0.95, '0:q:q': 0.11, '1:features_kernel:Matern32': 9.1, '2:features_kernel:Matern32': 27.1, '3:features_kernel:Matern32': 18.1, '4:features_kernel:Matern32': 19.1, '5:features_kernel:Matern32': 19.1, '6:features_kernel:Matern32': 12.1, '7:features_kernel:Matern32': 18.1, '8:features_kernel:Matern32': 4.1, '9:features_kernel:Matern32': 24.1, '10:features_kernel:Matern32': 22.1, '11:features_kernel:Matern32': 12.1, 'alpha': 0.025}. Best is trial 13 with value: 16.36353242423884.
/gpfs_common/share03/ddomlab/sdehgha2/working_space/GP_collab/code_python/training/MGK_and_tools/mgktools/mgktools/kernels/base.py:225: UserWarning: The distribution is specified by [0.1, 30] and step=1, but the range is not divisible by `step`. It will be replaced with [0.1, 29.1].
  self.unique_name: trial.suggest_float(
[I 2026-04-22 14:01:20,285] Trial 15 finished with value: 16.408973138205663 and parameters: {'0:atom_AtomicNumber:kDelta': 0.95, '0:atom_AtomicNumber_list_1:kConv': 0.75, '0:atom_AtomicNumber_list_2:kConv': 0.85, '0:atom_AtomicNumber_list_3:kConv': 0.95, '0:atom_AtomicNumber_list_4:kConv': 0.85, '0:atom_MorganHash:kDelta': 0.85, '0:atom_Ring_count:kDelta': 1.0, '0:atom_RingSize_list:kConv': 0.8, '0:atom_Hcount:kDelta': 0.85, '0:atom_AtomicNumber_count_1:kDelta': 0.8, '0:atom_AtomicNumber_count_2:kDelta': 0.95, '0:atom_Chiral:kDelta': 0.8, '0:bond_Order:kDelta': 0.85, '0:bond_Stereo:kDelta': 0.85, '0:bond_RingStereo:kDelta': 0.95, '0:q:q': 0.16, '1:features_kernel:Matern32': 14.1, '2:features_kernel:Matern32': 26.1, '3:features_kernel:Matern32': 19.1, '4:features_kernel:Matern32': 18.1, '5:features_kernel:Matern32': 18.1, '6:features_kernel:Matern32': 11.1, '7:features_kernel:Matern32': 18.1, '8:features_kernel:Matern32': 5.1, '9:features_kernel:Matern32': 24.1, '10:features_kernel:Matern32': 10.1, '11:features_kernel:Matern32': 11.1, 'alpha': 0.018000000000000002}. Best is trial 13 with value: 16.36353242423884.
/gpfs_common/share03/ddomlab/sdehgha2/working_space/GP_collab/code_python/training/MGK_and_tools/mgktools/mgktools/kernels/base.py:225: UserWarning: The distribution is specified by [0.1, 30] and step=1, but the range is not divisible by `step`. It will be replaced with [0.1, 29.1].
  self.unique_name: trial.suggest_float(
[I 2026-04-22 14:01:34,539] Trial 16 finished with value: 16.650749005728535 and parameters: {'0:atom_AtomicNumber:kDelta': 0.95, '0:atom_AtomicNumber_list_1:kConv': 0.75, '0:atom_AtomicNumber_list_2:kConv': 0.8, '0:atom_AtomicNumber_list_3:kConv': 0.8, '0:atom_AtomicNumber_list_4:kConv': 0.85, '0:atom_MorganHash:kDelta': 0.75, '0:atom_Ring_count:kDelta': 0.95, '0:atom_RingSize_list:kConv': 0.8, '0:atom_Hcount:kDelta': 0.75, '0:atom_AtomicNumber_count_1:kDelta': 0.8, '0:atom_AtomicNumber_count_2:kDelta': 0.95, '0:atom_Chiral:kDelta': 0.8, '0:bond_Order:kDelta': 0.8, '0:bond_Stereo:kDelta': 0.95, '0:bond_RingStereo:kDelta': 0.95, '0:q:q': 0.25, '1:features_kernel:Matern32': 12.1, '2:features_kernel:Matern32': 26.1, '3:features_kernel:Matern32': 19.1, '4:features_kernel:Matern32': 14.1, '5:features_kernel:Matern32': 17.1, '6:features_kernel:Matern32': 9.1, '7:features_kernel:Matern32': 19.1, '8:features_kernel:Matern32': 4.1, '9:features_kernel:Matern32': 24.1, '10:features_kernel:Matern32': 23.1, '11:features_kernel:Matern32': 21.1, 'alpha': 0.029}. Best is trial 13 with value: 16.36353242423884.
/gpfs_common/share03/ddomlab/sdehgha2/working_space/GP_collab/code_python/training/MGK_and_tools/mgktools/mgktools/kernels/base.py:225: UserWarning: The distribution is specified by [0.1, 30] and step=1, but the range is not divisible by `step`. It will be replaced with [0.1, 29.1].
  self.unique_name: trial.suggest_float(
[I 2026-04-22 14:01:48,463] Trial 17 finished with value: 16.54074487680963 and parameters: {'0:atom_AtomicNumber:kDelta': 0.95, '0:atom_AtomicNumber_list_1:kConv': 0.75, '0:atom_AtomicNumber_list_2:kConv': 0.85, '0:atom_AtomicNumber_list_3:kConv': 0.95, '0:atom_AtomicNumber_list_4:kConv': 0.8, '0:atom_MorganHash:kDelta': 0.85, '0:atom_Ring_count:kDelta': 0.95, '0:atom_RingSize_list:kConv': 0.8, '0:atom_Hcount:kDelta': 0.9, '0:atom_AtomicNumber_count_1:kDelta': 0.8, '0:atom_AtomicNumber_count_2:kDelta': 0.95, '0:atom_Chiral:kDelta': 0.8, '0:bond_Order:kDelta': 0.85, '0:bond_Stereo:kDelta': 0.85, '0:bond_RingStereo:kDelta': 0.95, '0:q:q': 0.33, '1:features_kernel:Matern32': 5.1, '2:features_kernel:Matern32': 16.1, '3:features_kernel:Matern32': 9.1, '4:features_kernel:Matern32': 18.1, '5:features_kernel:Matern32': 19.1, '6:features_kernel:Matern32': 16.1, '7:features_kernel:Matern32': 9.1, '8:features_kernel:Matern32': 3.1, '9:features_kernel:Matern32': 24.1, '10:features_kernel:Matern32': 20.1, '11:features_kernel:Matern32': 10.1, 'alpha': 0.001}. Best is trial 13 with value: 16.36353242423884.
/gpfs_common/share03/ddomlab/sdehgha2/working_space/GP_collab/code_python/training/MGK_and_tools/mgktools/mgktools/kernels/base.py:225: UserWarning: The distribution is specified by [0.1, 30] and step=1, but the range is not divisible by `step`. It will be replaced with [0.1, 29.1].
  self.unique_name: trial.suggest_float(
[I 2026-04-22 14:02:05,757] Trial 18 finished with value: 17.445394217876462 and parameters: {'0:atom_AtomicNumber:kDelta': 0.95, '0:atom_AtomicNumber_list_1:kConv': 0.75, '0:atom_AtomicNumber_list_2:kConv': 0.9, '0:atom_AtomicNumber_list_3:kConv': 0.9, '0:atom_AtomicNumber_list_4:kConv': 0.85, '0:atom_MorganHash:kDelta': 0.8, '0:atom_Ring_count:kDelta': 1.0, '0:atom_RingSize_list:kConv': 0.85, '0:atom_Hcount:kDelta': 0.85, '0:atom_AtomicNumber_count_1:kDelta': 0.8, '0:atom_AtomicNumber_count_2:kDelta': 0.95, '0:atom_Chiral:kDelta': 0.75, '0:bond_Order:kDelta': 0.8, '0:bond_Stereo:kDelta': 0.95, '0:bond_RingStereo:kDelta': 0.9, '0:q:q': 0.11, '1:features_kernel:Matern32': 11.1, '2:features_kernel:Matern32': 24.1, '3:features_kernel:Matern32': 17.1, '4:features_kernel:Matern32': 24.1, '5:features_kernel:Matern32': 15.1, '6:features_kernel:Matern32': 7.1, '7:features_kernel:Matern32': 0.1, '8:features_kernel:Matern32': 15.1, '9:features_kernel:Matern32': 1.1, '10:features_kernel:Matern32': 10.1, '11:features_kernel:Matern32': 12.1, 'alpha': 0.028}. Best is trial 13 with value: 16.36353242423884.
/gpfs_common/share03/ddomlab/sdehgha2/working_space/GP_collab/code_python/training/MGK_and_tools/mgktools/mgktools/kernels/base.py:225: UserWarning: The distribution is specified by [0.1, 30] and step=1, but the range is not divisible by `step`. It will be replaced with [0.1, 29.1].
  self.unique_name: trial.suggest_float(
[I 2026-04-22 14:02:20,992] Trial 19 finished with value: 16.35944612343214 and parameters: {'0:atom_AtomicNumber:kDelta': 1.0, '0:atom_AtomicNumber_list_1:kConv': 0.8, '0:atom_AtomicNumber_list_2:kConv': 0.8, '0:atom_AtomicNumber_list_3:kConv': 1.0, '0:atom_AtomicNumber_list_4:kConv': 0.9, '0:atom_MorganHash:kDelta': 0.75, '0:atom_Ring_count:kDelta': 0.95, '0:atom_RingSize_list:kConv': 0.8, '0:atom_Hcount:kDelta': 0.9, '0:atom_AtomicNumber_count_1:kDelta': 0.75, '0:atom_AtomicNumber_count_2:kDelta': 0.95, '0:atom_Chiral:kDelta': 0.85, '0:bond_Order:kDelta': 0.85, '0:bond_Stereo:kDelta': 0.95, '0:bond_RingStereo:kDelta': 1.0, '0:q:q': 0.21000000000000002, '1:features_kernel:Matern32': 17.1, '2:features_kernel:Matern32': 29.1, '3:features_kernel:Matern32': 23.1, '4:features_kernel:Matern32': 13.1, '5:features_kernel:Matern32': 29.1, '6:features_kernel:Matern32': 17.1, '7:features_kernel:Matern32': 18.1, '8:features_kernel:Matern32': 15.1, '9:features_kernel:Matern32': 22.1, '10:features_kernel:Matern32': 25.1, '11:features_kernel:Matern32': 19.1, 'alpha': 0.021}. Best is trial 19 with value: 16.35944612343214.
/gpfs_common/share03/ddomlab/sdehgha2/working_space/GP_collab/code_python/training/MGK_and_tools/mgktools/mgktools/kernels/base.py:225: UserWarning: The distribution is specified by [0.1, 30] and step=1, but the range is not divisible by `step`. It will be replaced with [0.1, 29.1].
  self.unique_name: trial.suggest_float(
[I 2026-04-22 14:02:34,158] Trial 20 finished with value: 16.33607853352188 and parameters: {'0:atom_AtomicNumber:kDelta': 1.0, '0:atom_AtomicNumber_list_1:kConv': 0.8, '0:atom_AtomicNumber_list_2:kConv': 0.8, '0:atom_AtomicNumber_list_3:kConv': 1.0, '0:atom_AtomicNumber_list_4:kConv': 0.9, '0:atom_MorganHash:kDelta': 0.75, '0:atom_Ring_count:kDelta': 0.95, '0:atom_RingSize_list:kConv': 0.75, '0:atom_Hcount:kDelta': 0.95, '0:atom_AtomicNumber_count_1:kDelta': 0.75, '0:atom_AtomicNumber_count_2:kDelta': 1.0, '0:atom_Chiral:kDelta': 0.9, '0:bond_Order:kDelta': 0.95, '0:bond_Stereo:kDelta': 0.85, '0:bond_RingStereo:kDelta': 1.0, '0:q:q': 0.21000000000000002, '1:features_kernel:Matern32': 16.1, '2:features_kernel:Matern32': 29.1, '3:features_kernel:Matern32': 29.1, '4:features_kernel:Matern32': 12.1, '5:features_kernel:Matern32': 27.1, '6:features_kernel:Matern32': 17.1, '7:features_kernel:Matern32': 20.1, '8:features_kernel:Matern32': 16.1, '9:features_kernel:Matern32': 14.1, '10:features_kernel:Matern32': 26.1, '11:features_kernel:Matern32': 27.1, 'alpha': 0.013000000000000001}. Best is trial 20 with value: 16.33607853352188.
/gpfs_common/share03/ddomlab/sdehgha2/working_space/GP_collab/code_python/training/MGK_and_tools/mgktools/mgktools/kernels/base.py:225: UserWarning: The distribution is specified by [0.1, 30] and step=1, but the range is not divisible by `step`. It will be replaced with [0.1, 29.1].
  self.unique_name: trial.suggest_float(
[I 2026-04-22 14:02:50,194] Trial 21 finished with value: 16.38715351204287 and parameters: {'0:atom_AtomicNumber:kDelta': 1.0, '0:atom_AtomicNumber_list_1:kConv': 0.8, '0:atom_AtomicNumber_list_2:kConv': 0.8, '0:atom_AtomicNumber_list_3:kConv': 1.0, '0:atom_AtomicNumber_list_4:kConv': 0.9, '0:atom_MorganHash:kDelta': 0.75, '0:atom_Ring_count:kDelta': 0.95, '0:atom_RingSize_list:kConv': 0.75, '0:atom_Hcount:kDelta': 0.95, '0:atom_AtomicNumber_count_1:kDelta': 0.75, '0:atom_AtomicNumber_count_2:kDelta': 1.0, '0:atom_Chiral:kDelta': 0.9, '0:bond_Order:kDelta': 0.95, '0:bond_Stereo:kDelta': 0.85, '0:bond_RingStereo:kDelta': 1.0, '0:q:q': 0.2, '1:features_kernel:Matern32': 18.1, '2:features_kernel:Matern32': 29.1, '3:features_kernel:Matern32': 29.1, '4:features_kernel:Matern32': 12.1, '5:features_kernel:Matern32': 29.1, '6:features_kernel:Matern32': 17.1, '7:features_kernel:Matern32': 20.1, '8:features_kernel:Matern32': 16.1, '9:features_kernel:Matern32': 14.1, '10:features_kernel:Matern32': 26.1, '11:features_kernel:Matern32': 26.1, 'alpha': 0.017}. Best is trial 20 with value: 16.33607853352188.
/gpfs_common/share03/ddomlab/sdehgha2/working_space/GP_collab/code_python/training/MGK_and_tools/mgktools/mgktools/kernels/base.py:225: UserWarning: The distribution is specified by [0.1, 30] and step=1, but the range is not divisible by `step`. It will be replaced with [0.1, 29.1].
  self.unique_name: trial.suggest_float(
[I 2026-04-22 14:03:04,420] Trial 22 finished with value: 16.31494348168422 and parameters: {'0:atom_AtomicNumber:kDelta': 1.0, '0:atom_AtomicNumber_list_1:kConv': 0.8, '0:atom_AtomicNumber_list_2:kConv': 0.75, '0:atom_AtomicNumber_list_3:kConv': 1.0, '0:atom_AtomicNumber_list_4:kConv': 0.9, '0:atom_MorganHash:kDelta': 0.75, '0:atom_Ring_count:kDelta': 0.95, '0:atom_RingSize_list:kConv': 0.75, '0:atom_Hcount:kDelta': 0.95, '0:atom_AtomicNumber_count_1:kDelta': 0.75, '0:atom_AtomicNumber_count_2:kDelta': 1.0, '0:atom_Chiral:kDelta': 0.85, '0:bond_Order:kDelta': 0.85, '0:bond_Stereo:kDelta': 0.8, '0:bond_RingStereo:kDelta': 1.0, '0:q:q': 0.28, '1:features_kernel:Matern32': 16.1, '2:features_kernel:Matern32': 24.1, '3:features_kernel:Matern32': 23.1, '4:features_kernel:Matern32': 5.1, '5:features_kernel:Matern32': 29.1, '6:features_kernel:Matern32': 18.1, '7:features_kernel:Matern32': 16.1, '8:features_kernel:Matern32': 17.1, '9:features_kernel:Matern32': 21.1, '10:features_kernel:Matern32': 25.1, '11:features_kernel:Matern32': 23.1, 'alpha': 0.014000000000000002}. Best is trial 22 with value: 16.31494348168422.
/gpfs_common/share03/ddomlab/sdehgha2/working_space/GP_collab/code_python/training/MGK_and_tools/mgktools/mgktools/kernels/base.py:225: UserWarning: The distribution is specified by [0.1, 30] and step=1, but the range is not divisible by `step`. It will be replaced with [0.1, 29.1].
  self.unique_name: trial.suggest_float(
[I 2026-04-22 14:03:17,239] Trial 23 finished with value: 16.29817127178053 and parameters: {'0:atom_AtomicNumber:kDelta': 1.0, '0:atom_AtomicNumber_list_1:kConv': 0.8, '0:atom_AtomicNumber_list_2:kConv': 0.75, '0:atom_AtomicNumber_list_3:kConv': 1.0, '0:atom_AtomicNumber_list_4:kConv': 0.9, '0:atom_MorganHash:kDelta': 0.75, '0:atom_Ring_count:kDelta': 0.95, '0:atom_RingSize_list:kConv': 0.75, '0:atom_Hcount:kDelta': 0.9, '0:atom_AtomicNumber_count_1:kDelta': 0.75, '0:atom_AtomicNumber_count_2:kDelta': 1.0, '0:atom_Chiral:kDelta': 0.95, '0:bond_Order:kDelta': 0.9, '0:bond_Stereo:kDelta': 0.8, '0:bond_RingStereo:kDelta': 1.0, '0:q:q': 0.29000000000000004, '1:features_kernel:Matern32': 17.1, '2:features_kernel:Matern32': 23.1, '3:features_kernel:Matern32': 23.1, '4:features_kernel:Matern32': 5.1, '5:features_kernel:Matern32': 29.1, '6:features_kernel:Matern32': 18.1, '7:features_kernel:Matern32': 11.1, '8:features_kernel:Matern32': 18.1, '9:features_kernel:Matern32': 12.1, '10:features_kernel:Matern32': 24.1, '11:features_kernel:Matern32': 24.1, 'alpha': 0.010000000000000002}. Best is trial 23 with value: 16.29817127178053.
/gpfs_common/share03/ddomlab/sdehgha2/working_space/GP_collab/code_python/training/MGK_and_tools/mgktools/mgktools/kernels/base.py:225: UserWarning: The distribution is specified by [0.1, 30] and step=1, but the range is not divisible by `step`. It will be replaced with [0.1, 29.1].
  self.unique_name: trial.suggest_float(
[I 2026-04-22 14:03:31,551] Trial 24 finished with value: 16.31920474943888 and parameters: {'0:atom_AtomicNumber:kDelta': 1.0, '0:atom_AtomicNumber_list_1:kConv': 0.85, '0:atom_AtomicNumber_list_2:kConv': 0.75, '0:atom_AtomicNumber_list_3:kConv': 1.0, '0:atom_AtomicNumber_list_4:kConv': 0.9, '0:atom_MorganHash:kDelta': 0.75, '0:atom_Ring_count:kDelta': 0.9, '0:atom_RingSize_list:kConv': 0.75, '0:atom_Hcount:kDelta': 1.0, '0:atom_AtomicNumber_count_1:kDelta': 0.75, '0:atom_AtomicNumber_count_2:kDelta': 1.0, '0:atom_Chiral:kDelta': 0.95, '0:bond_Order:kDelta': 0.95, '0:bond_Stereo:kDelta': 0.8, '0:bond_RingStereo:kDelta': 1.0, '0:q:q': 0.3, '1:features_kernel:Matern32': 16.1, '2:features_kernel:Matern32': 24.1, '3:features_kernel:Matern32': 29.1, '4:features_kernel:Matern32': 5.1, '5:features_kernel:Matern32': 26.1, '6:features_kernel:Matern32': 19.1, '7:features_kernel:Matern32': 11.1, '8:features_kernel:Matern32': 18.1, '9:features_kernel:Matern32': 11.1, '10:features_kernel:Matern32': 27.1, '11:features_kernel:Matern32': 25.1, 'alpha': 0.011}. Best is trial 23 with value: 16.29817127178053.
/gpfs_common/share03/ddomlab/sdehgha2/working_space/GP_collab/code_python/training/MGK_and_tools/mgktools/mgktools/kernels/base.py:225: UserWarning: The distribution is specified by [0.1, 30] and step=1, but the range is not divisible by `step`. It will be replaced with [0.1, 29.1].
  self.unique_name: trial.suggest_float(
[I 2026-04-22 14:03:44,415] Trial 25 finished with value: 16.449754883493522 and parameters: {'0:atom_AtomicNumber:kDelta': 1.0, '0:atom_AtomicNumber_list_1:kConv': 0.85, '0:atom_AtomicNumber_list_2:kConv': 0.75, '0:atom_AtomicNumber_list_3:kConv': 1.0, '0:atom_AtomicNumber_list_4:kConv': 0.9, '0:atom_MorganHash:kDelta': 0.75, '0:atom_Ring_count:kDelta': 0.9, '0:atom_RingSize_list:kConv': 0.75, '0:atom_Hcount:kDelta': 1.0, '0:atom_AtomicNumber_count_1:kDelta': 0.75, '0:atom_AtomicNumber_count_2:kDelta': 1.0, '0:atom_Chiral:kDelta': 1.0, '0:bond_Order:kDelta': 0.9, '0:bond_Stereo:kDelta': 0.8, '0:bond_RingStereo:kDelta': 1.0, '0:q:q': 0.41000000000000003, '1:features_kernel:Matern32': 16.1, '2:features_kernel:Matern32': 24.1, '3:features_kernel:Matern32': 25.1, '4:features_kernel:Matern32': 5.1, '5:features_kernel:Matern32': 24.1, '6:features_kernel:Matern32': 20.1, '7:features_kernel:Matern32': 11.1, '8:features_kernel:Matern32': 18.1, '9:features_kernel:Matern32': 11.1, '10:features_kernel:Matern32': 29.1, '11:features_kernel:Matern32': 24.1, 'alpha': 0.001}. Best is trial 23 with value: 16.29817127178053.
/gpfs_common/share03/ddomlab/sdehgha2/working_space/GP_collab/code_python/training/MGK_and_tools/mgktools/mgktools/kernels/base.py:225: UserWarning: The distribution is specified by [0.1, 30] and step=1, but the range is not divisible by `step`. It will be replaced with [0.1, 29.1].
  self.unique_name: trial.suggest_float(
[I 2026-04-22 14:03:57,035] Trial 26 finished with value: 16.321496366379048 and parameters: {'0:atom_AtomicNumber:kDelta': 1.0, '0:atom_AtomicNumber_list_1:kConv': 0.85, '0:atom_AtomicNumber_list_2:kConv': 0.75, '0:atom_AtomicNumber_list_3:kConv': 1.0, '0:atom_AtomicNumber_list_4:kConv': 0.95, '0:atom_MorganHash:kDelta': 0.8, '0:atom_Ring_count:kDelta': 0.8, '0:atom_RingSize_list:kConv': 0.75, '0:atom_Hcount:kDelta': 1.0, '0:atom_AtomicNumber_count_1:kDelta': 0.75, '0:atom_AtomicNumber_count_2:kDelta': 1.0, '0:atom_Chiral:kDelta': 0.95, '0:bond_Order:kDelta': 0.9, '0:bond_Stereo:kDelta': 0.8, '0:bond_RingStereo:kDelta': 1.0, '0:q:q': 0.29000000000000004, '1:features_kernel:Matern32': 19.1, '2:features_kernel:Matern32': 17.1, '3:features_kernel:Matern32': 22.1, '4:features_kernel:Matern32': 5.1, '5:features_kernel:Matern32': 29.1, '6:features_kernel:Matern32': 19.1, '7:features_kernel:Matern32': 8.1, '8:features_kernel:Matern32': 20.1, '9:features_kernel:Matern32': 11.1, '10:features_kernel:Matern32': 18.1, '11:features_kernel:Matern32': 23.1, 'alpha': 0.010000000000000002}. Best is trial 23 with value: 16.29817127178053.
/gpfs_common/share03/ddomlab/sdehgha2/working_space/GP_collab/code_python/training/MGK_and_tools/mgktools/mgktools/kernels/base.py:225: UserWarning: The distribution is specified by [0.1, 30] and step=1, but the range is not divisible by `step`. It will be replaced with [0.1, 29.1].
  self.unique_name: trial.suggest_float(
[I 2026-04-22 14:04:10,636] Trial 27 finished with value: 16.51293343329935 and parameters: {'0:atom_AtomicNumber:kDelta': 0.9, '0:atom_AtomicNumber_list_1:kConv': 0.95, '0:atom_AtomicNumber_list_2:kConv': 0.75, '0:atom_AtomicNumber_list_3:kConv': 1.0, '0:atom_AtomicNumber_list_4:kConv': 0.9, '0:atom_MorganHash:kDelta': 0.75, '0:atom_Ring_count:kDelta': 0.9, '0:atom_RingSize_list:kConv': 0.75, '0:atom_Hcount:kDelta': 1.0, '0:atom_AtomicNumber_count_1:kDelta': 0.85, '0:atom_AtomicNumber_count_2:kDelta': 1.0, '0:atom_Chiral:kDelta': 0.95, '0:bond_Order:kDelta': 1.0, '0:bond_Stereo:kDelta': 0.8, '0:bond_RingStereo:kDelta': 0.8, '0:q:q': 0.4, '1:features_kernel:Matern32': 11.1, '2:features_kernel:Matern32': 23.1, '3:features_kernel:Matern32': 27.1, '4:features_kernel:Matern32': 0.1, '5:features_kernel:Matern32': 26.1, '6:features_kernel:Matern32': 23.1, '7:features_kernel:Matern32': 15.1, '8:features_kernel:Matern32': 25.1, '9:features_kernel:Matern32': 17.1, '10:features_kernel:Matern32': 24.1, '11:features_kernel:Matern32': 29.1, 'alpha': 0.038}. Best is trial 23 with value: 16.29817127178053.
/gpfs_common/share03/ddomlab/sdehgha2/working_space/GP_collab/code_python/training/MGK_and_tools/mgktools/mgktools/kernels/base.py:225: UserWarning: The distribution is specified by [0.1, 30] and step=1, but the range is not divisible by `step`. It will be replaced with [0.1, 29.1].
  self.unique_name: trial.suggest_float(
