[I 2026-04-22 10:36:58,944] Trial 24 finished with value: 17.10830756077241 and parameters: {'0:atom_AtomicNumber:kDelta': 1.0, '0:atom_AtomicNumber_list_1:kConv': 0.9, '0:atom_AtomicNumber_list_2:kConv': 0.85, '0:atom_AtomicNumber_list_3:kConv': 0.85, '0:atom_AtomicNumber_list_4:kConv': 0.8, '0:atom_MorganHash:kDelta': 0.85, '0:atom_Ring_count:kDelta': 0.75, '0:atom_RingSize_list:kConv': 0.85, '0:atom_Hcount:kDelta': 0.9, '0:atom_AtomicNumber_count_1:kDelta': 0.85, '0:atom_AtomicNumber_count_2:kDelta': 0.9, '0:atom_Chiral:kDelta': 0.95, '0:bond_Order:kDelta': 0.85, '0:bond_Stereo:kDelta': 0.75, '0:bond_RingStereo:kDelta': 0.9, '0:q:q': 0.43, '1:features_kernel:Matern32': 0.1, '2:features_kernel:Matern32': 23.1, '3:features_kernel:Matern32': 11.1, '4:features_kernel:Matern32': 22.1, '5:features_kernel:Matern32': 11.1, '6:features_kernel:Matern32': 20.1, '7:features_kernel:Matern32': 1.1, '8:features_kernel:Matern32': 9.1, '9:features_kernel:Matern32': 16.1, '10:features_kernel:Matern32': 6.1, '11:features_kernel:Matern32': 15.1, 'alpha': 0.009000000000000001}. Best is trial 21 with value: 15.924838557796454.
/gpfs_common/share03/ddomlab/sdehgha2/working_space/GP_collab/code_python/training/MGK_and_tools/mgktools/mgktools/kernels/base.py:225: UserWarning: The distribution is specified by [0.1, 30] and step=1, but the range is not divisible by `step`. It will be replaced with [0.1, 29.1].
  self.unique_name: trial.suggest_float(
[I 2026-04-22 10:37:11,462] Trial 25 finished with value: 16.745783225444107 and parameters: {'0:atom_AtomicNumber:kDelta': 1.0, '0:atom_AtomicNumber_list_1:kConv': 1.0, '0:atom_AtomicNumber_list_2:kConv': 0.85, '0:atom_AtomicNumber_list_3:kConv': 0.8, '0:atom_AtomicNumber_list_4:kConv': 0.8, '0:atom_MorganHash:kDelta': 0.8, '0:atom_Ring_count:kDelta': 0.8, '0:atom_RingSize_list:kConv': 0.75, '0:atom_Hcount:kDelta': 0.95, '0:atom_AtomicNumber_count_1:kDelta': 0.9, '0:atom_AtomicNumber_count_2:kDelta': 1.0, '0:atom_Chiral:kDelta': 0.9, '0:bond_Order:kDelta': 0.75, '0:bond_Stereo:kDelta': 0.8, '0:bond_RingStereo:kDelta': 0.8, '0:q:q': 0.19, '1:features_kernel:Matern32': 11.1, '2:features_kernel:Matern32': 29.1, '3:features_kernel:Matern32': 7.1, '4:features_kernel:Matern32': 22.1, '5:features_kernel:Matern32': 20.1, '6:features_kernel:Matern32': 26.1, '7:features_kernel:Matern32': 12.1, '8:features_kernel:Matern32': 2.1, '9:features_kernel:Matern32': 13.1, '10:features_kernel:Matern32': 7.1, '11:features_kernel:Matern32': 19.1, 'alpha': 0.034}. Best is trial 21 with value: 15.924838557796454.
/gpfs_common/share03/ddomlab/sdehgha2/working_space/GP_collab/code_python/training/MGK_and_tools/mgktools/mgktools/kernels/base.py:225: UserWarning: The distribution is specified by [0.1, 30] and step=1, but the range is not divisible by `step`. It will be replaced with [0.1, 29.1].
  self.unique_name: trial.suggest_float(
[I 2026-04-22 10:37:24,531] Trial 26 finished with value: 16.743169535427192 and parameters: {'0:atom_AtomicNumber:kDelta': 0.95, '0:atom_AtomicNumber_list_1:kConv': 0.95, '0:atom_AtomicNumber_list_2:kConv': 0.9, '0:atom_AtomicNumber_list_3:kConv': 0.85, '0:atom_AtomicNumber_list_4:kConv': 0.85, '0:atom_MorganHash:kDelta': 0.85, '0:atom_Ring_count:kDelta': 0.85, '0:atom_RingSize_list:kConv': 0.8, '0:atom_Hcount:kDelta': 0.9, '0:atom_AtomicNumber_count_1:kDelta': 0.85, '0:atom_AtomicNumber_count_2:kDelta': 0.95, '0:atom_Chiral:kDelta': 0.85, '0:bond_Order:kDelta': 0.8, '0:bond_Stereo:kDelta': 0.75, '0:bond_RingStereo:kDelta': 0.85, '0:q:q': 0.15000000000000002, '1:features_kernel:Matern32': 4.1, '2:features_kernel:Matern32': 27.1, '3:features_kernel:Matern32': 17.1, '4:features_kernel:Matern32': 26.1, '5:features_kernel:Matern32': 22.1, '6:features_kernel:Matern32': 10.1, '7:features_kernel:Matern32': 3.1, '8:features_kernel:Matern32': 6.1, '9:features_kernel:Matern32': 20.1, '10:features_kernel:Matern32': 11.1, '11:features_kernel:Matern32': 13.1, 'alpha': 0.001}. Best is trial 21 with value: 15.924838557796454.
/gpfs_common/share03/ddomlab/sdehgha2/working_space/GP_collab/code_python/training/MGK_and_tools/mgktools/mgktools/kernels/base.py:225: UserWarning: The distribution is specified by [0.1, 30] and step=1, but the range is not divisible by `step`. It will be replaced with [0.1, 29.1].
  self.unique_name: trial.suggest_float(
[I 2026-04-22 10:37:39,984] Trial 27 finished with value: 16.032672684519092 and parameters: {'0:atom_AtomicNumber:kDelta': 1.0, '0:atom_AtomicNumber_list_1:kConv': 0.9, '0:atom_AtomicNumber_list_2:kConv': 0.8, '0:atom_AtomicNumber_list_3:kConv': 0.95, '0:atom_AtomicNumber_list_4:kConv': 0.75, '0:atom_MorganHash:kDelta': 0.9, '0:atom_Ring_count:kDelta': 0.75, '0:atom_RingSize_list:kConv': 0.85, '0:atom_Hcount:kDelta': 1.0, '0:atom_AtomicNumber_count_1:kDelta': 0.95, '0:atom_AtomicNumber_count_2:kDelta': 0.9, '0:atom_Chiral:kDelta': 0.85, '0:bond_Order:kDelta': 0.85, '0:bond_Stereo:kDelta': 0.9, '0:bond_RingStereo:kDelta': 0.9, '0:q:q': 0.05, '1:features_kernel:Matern32': 7.1, '2:features_kernel:Matern32': 18.1, '3:features_kernel:Matern32': 14.1, '4:features_kernel:Matern32': 23.1, '5:features_kernel:Matern32': 13.1, '6:features_kernel:Matern32': 23.1, '7:features_kernel:Matern32': 7.1, '8:features_kernel:Matern32': 14.1, '9:features_kernel:Matern32': 11.1, '10:features_kernel:Matern32': 12.1, '11:features_kernel:Matern32': 22.1, 'alpha': 0.016}. Best is trial 21 with value: 15.924838557796454.
/gpfs_common/share03/ddomlab/sdehgha2/working_space/GP_collab/code_python/training/MGK_and_tools/mgktools/mgktools/kernels/base.py:225: UserWarning: The distribution is specified by [0.1, 30] and step=1, but the range is not divisible by `step`. It will be replaced with [0.1, 29.1].
  self.unique_name: trial.suggest_float(
[I 2026-04-22 10:37:52,596] Trial 28 finished with value: 16.50410332856496 and parameters: {'0:atom_AtomicNumber:kDelta': 0.95, '0:atom_AtomicNumber_list_1:kConv': 1.0, '0:atom_AtomicNumber_list_2:kConv': 0.85, '0:atom_AtomicNumber_list_3:kConv': 0.75, '0:atom_AtomicNumber_list_4:kConv': 0.8, '0:atom_MorganHash:kDelta': 0.8, '0:atom_Ring_count:kDelta': 0.8, '0:atom_RingSize_list:kConv': 0.75, '0:atom_Hcount:kDelta': 0.95, '0:atom_AtomicNumber_count_1:kDelta': 0.8, '0:atom_AtomicNumber_count_2:kDelta': 1.0, '0:atom_Chiral:kDelta': 0.9, '0:bond_Order:kDelta': 0.75, '0:bond_Stereo:kDelta': 0.85, '0:bond_RingStereo:kDelta': 0.9, '0:q:q': 0.2, '1:features_kernel:Matern32': 10.1, '2:features_kernel:Matern32': 23.1, '3:features_kernel:Matern32': 12.1, '4:features_kernel:Matern32': 20.1, '5:features_kernel:Matern32': 16.1, '6:features_kernel:Matern32': 15.1, '7:features_kernel:Matern32': 10.1, '8:features_kernel:Matern32': 11.1, '9:features_kernel:Matern32': 16.1, '10:features_kernel:Matern32': 13.1, '11:features_kernel:Matern32': 17.1, 'alpha': 0.047}. Best is trial 21 with value: 15.924838557796454.
/gpfs_common/share03/ddomlab/sdehgha2/working_space/GP_collab/code_python/training/MGK_and_tools/mgktools/mgktools/kernels/base.py:225: UserWarning: The distribution is specified by [0.1, 30] and step=1, but the range is not divisible by `step`. It will be replaced with [0.1, 29.1].
  self.unique_name: trial.suggest_float(
[I 2026-04-22 10:38:03,913] Trial 29 finished with value: 16.374184624877188 and parameters: {'0:atom_AtomicNumber:kDelta': 1.0, '0:atom_AtomicNumber_list_1:kConv': 0.95, '0:atom_AtomicNumber_list_2:kConv': 0.9, '0:atom_AtomicNumber_list_3:kConv': 0.75, '0:atom_AtomicNumber_list_4:kConv': 0.75, '0:atom_MorganHash:kDelta': 0.9, '0:atom_Ring_count:kDelta': 0.9, '0:atom_RingSize_list:kConv': 0.85, '0:atom_Hcount:kDelta': 0.85, '0:atom_AtomicNumber_count_1:kDelta': 0.9, '0:atom_AtomicNumber_count_2:kDelta': 0.85, '0:atom_Chiral:kDelta': 0.95, '0:bond_Order:kDelta': 0.8, '0:bond_Stereo:kDelta': 0.95, '0:bond_RingStereo:kDelta': 0.9, '0:q:q': 0.28, '1:features_kernel:Matern32': 12.1, '2:features_kernel:Matern32': 15.1, '3:features_kernel:Matern32': 16.1, '4:features_kernel:Matern32': 25.1, '5:features_kernel:Matern32': 9.1, '6:features_kernel:Matern32': 19.1, '7:features_kernel:Matern32': 15.1, '8:features_kernel:Matern32': 2.1, '9:features_kernel:Matern32': 21.1, '10:features_kernel:Matern32': 18.1, '11:features_kernel:Matern32': 20.1, 'alpha': 0.022000000000000002}. Best is trial 21 with value: 15.924838557796454.
/gpfs_common/share03/ddomlab/sdehgha2/working_space/GP_collab/code_python/training/MGK_and_tools/mgktools/mgktools/kernels/base.py:225: UserWarning: The distribution is specified by [0.1, 30] and step=1, but the range is not divisible by `step`. It will be replaced with [0.1, 29.1].
  self.unique_name: trial.suggest_float(
[I 2026-04-22 10:38:14,202] Trial 30 finished with value: 17.79544526644927 and parameters: {'0:atom_AtomicNumber:kDelta': 1.0, '0:atom_AtomicNumber_list_1:kConv': 0.75, '0:atom_AtomicNumber_list_2:kConv': 0.75, '0:atom_AtomicNumber_list_3:kConv': 0.8, '0:atom_AtomicNumber_list_4:kConv': 0.85, '0:atom_MorganHash:kDelta': 0.85, '0:atom_Ring_count:kDelta': 0.95, '0:atom_RingSize_list:kConv': 0.8, '0:atom_Hcount:kDelta': 0.9, '0:atom_AtomicNumber_count_1:kDelta': 0.85, '0:atom_AtomicNumber_count_2:kDelta': 0.95, '0:atom_Chiral:kDelta': 1.0, '0:bond_Order:kDelta': 0.9, '0:bond_Stereo:kDelta': 0.9, '0:bond_RingStereo:kDelta': 0.85, '0:q:q': 0.38, '1:features_kernel:Matern32': 3.1, '2:features_kernel:Matern32': 25.1, '3:features_kernel:Matern32': 23.1, '4:features_kernel:Matern32': 27.1, '5:features_kernel:Matern32': 10.1, '6:features_kernel:Matern32': 6.1, '7:features_kernel:Matern32': 13.1, '8:features_kernel:Matern32': 14.1, '9:features_kernel:Matern32': 9.1, '10:features_kernel:Matern32': 7.1, '11:features_kernel:Matern32': 23.1, 'alpha': 0.032}. Best is trial 21 with value: 15.924838557796454.
/gpfs_common/share03/ddomlab/sdehgha2/working_space/GP_collab/code_python/training/MGK_and_tools/mgktools/mgktools/kernels/base.py:225: UserWarning: The distribution is specified by [0.1, 30] and step=1, but the range is not divisible by `step`. It will be replaced with [0.1, 29.1].
  self.unique_name: trial.suggest_float(
[I 2026-04-22 10:38:27,269] Trial 31 finished with value: 15.961262780270864 and parameters: {'0:atom_AtomicNumber:kDelta': 0.95, '0:atom_AtomicNumber_list_1:kConv': 0.95, '0:atom_AtomicNumber_list_2:kConv': 0.8, '0:atom_AtomicNumber_list_3:kConv': 0.8, '0:atom_AtomicNumber_list_4:kConv': 0.85, '0:atom_MorganHash:kDelta': 0.75, '0:atom_Ring_count:kDelta': 0.8, '0:atom_RingSize_list:kConv': 0.8, '0:atom_Hcount:kDelta': 0.85, '0:atom_AtomicNumber_count_1:kDelta': 0.8, '0:atom_AtomicNumber_count_2:kDelta': 0.95, '0:atom_Chiral:kDelta': 0.8, '0:bond_Order:kDelta': 0.8, '0:bond_Stereo:kDelta': 0.85, '0:bond_RingStereo:kDelta': 0.95, '0:q:q': 0.13, '1:features_kernel:Matern32': 17.1, '2:features_kernel:Matern32': 26.1, '3:features_kernel:Matern32': 19.1, '4:features_kernel:Matern32': 17.1, '5:features_kernel:Matern32': 17.1, '6:features_kernel:Matern32': 13.1, '7:features_kernel:Matern32': 19.1, '8:features_kernel:Matern32': 5.1, '9:features_kernel:Matern32': 26.1, '10:features_kernel:Matern32': 26.1, '11:features_kernel:Matern32': 26.1, 'alpha': 0.016}. Best is trial 21 with value: 15.924838557796454.
/gpfs_common/share03/ddomlab/sdehgha2/working_space/GP_collab/code_python/training/MGK_and_tools/mgktools/mgktools/kernels/base.py:225: UserWarning: The distribution is specified by [0.1, 30] and step=1, but the range is not divisible by `step`. It will be replaced with [0.1, 29.1].
  self.unique_name: trial.suggest_float(
[I 2026-04-22 10:38:40,549] Trial 32 finished with value: 61.001599830887685 and parameters: {'0:atom_AtomicNumber:kDelta': 0.95, '0:atom_AtomicNumber_list_1:kConv': 0.95, '0:atom_AtomicNumber_list_2:kConv': 0.8, '0:atom_AtomicNumber_list_3:kConv': 0.85, '0:atom_AtomicNumber_list_4:kConv': 0.8, '0:atom_MorganHash:kDelta': 0.75, '0:atom_Ring_count:kDelta': 0.8, '0:atom_RingSize_list:kConv': 0.8, '0:atom_Hcount:kDelta': 0.85, '0:atom_AtomicNumber_count_1:kDelta': 0.8, '0:atom_AtomicNumber_count_2:kDelta': 0.95, '0:atom_Chiral:kDelta': 0.8, '0:bond_Order:kDelta': 0.8, '0:bond_Stereo:kDelta': 0.8, '0:bond_RingStereo:kDelta': 0.95, '0:q:q': 0.08, '1:features_kernel:Matern32': 14.1, '2:features_kernel:Matern32': 22.1, '3:features_kernel:Matern32': 21.1, '4:features_kernel:Matern32': 18.1, '5:features_kernel:Matern32': 19.1, '6:features_kernel:Matern32': 0.1, '7:features_kernel:Matern32': 20.1, '8:features_kernel:Matern32': 3.1, '9:features_kernel:Matern32': 22.1, '10:features_kernel:Matern32': 15.1, '11:features_kernel:Matern32': 27.1, 'alpha': 0.022000000000000002}. Best is trial 21 with value: 15.924838557796454.
/gpfs_common/share03/ddomlab/sdehgha2/working_space/GP_collab/code_python/training/MGK_and_tools/mgktools/mgktools/kernels/base.py:225: UserWarning: The distribution is specified by [0.1, 30] and step=1, but the range is not divisible by `step`. It will be replaced with [0.1, 29.1].
  self.unique_name: trial.suggest_float(
[I 2026-04-22 10:38:54,949] Trial 33 finished with value: 15.715081235583332 and parameters: {'0:atom_AtomicNumber:kDelta': 0.9, '0:atom_AtomicNumber_list_1:kConv': 1.0, '0:atom_AtomicNumber_list_2:kConv': 0.8, '0:atom_AtomicNumber_list_3:kConv': 0.8, '0:atom_AtomicNumber_list_4:kConv': 0.9, '0:atom_MorganHash:kDelta': 0.8, '0:atom_Ring_count:kDelta': 0.85, '0:atom_RingSize_list:kConv': 0.75, '0:atom_Hcount:kDelta': 0.9, '0:atom_AtomicNumber_count_1:kDelta': 0.85, '0:atom_AtomicNumber_count_2:kDelta': 1.0, '0:atom_Chiral:kDelta': 0.8, '0:bond_Order:kDelta': 0.75, '0:bond_Stereo:kDelta': 0.85, '0:bond_RingStereo:kDelta': 0.95, '0:q:q': 0.05, '1:features_kernel:Matern32': 7.1, '2:features_kernel:Matern32': 27.1, '3:features_kernel:Matern32': 18.1, '4:features_kernel:Matern32': 13.1, '5:features_kernel:Matern32': 14.1, '6:features_kernel:Matern32': 22.1, '7:features_kernel:Matern32': 16.1, '8:features_kernel:Matern32': 6.1, '9:features_kernel:Matern32': 26.1, '10:features_kernel:Matern32': 19.1, '11:features_kernel:Matern32': 26.1, 'alpha': 0.011}. Best is trial 33 with value: 15.715081235583332.
/gpfs_common/share03/ddomlab/sdehgha2/working_space/GP_collab/code_python/training/MGK_and_tools/mgktools/mgktools/kernels/base.py:225: UserWarning: The distribution is specified by [0.1, 30] and step=1, but the range is not divisible by `step`. It will be replaced with [0.1, 29.1].
  self.unique_name: trial.suggest_float(
[I 2026-04-22 10:39:09,328] Trial 34 finished with value: 15.764842759882695 and parameters: {'0:atom_AtomicNumber:kDelta': 0.9, '0:atom_AtomicNumber_list_1:kConv': 1.0, '0:atom_AtomicNumber_list_2:kConv': 0.75, '0:atom_AtomicNumber_list_3:kConv': 0.85, '0:atom_AtomicNumber_list_4:kConv': 0.9, '0:atom_MorganHash:kDelta': 0.8, '0:atom_Ring_count:kDelta': 0.85, '0:atom_RingSize_list:kConv': 0.75, '0:atom_Hcount:kDelta': 0.9, '0:atom_AtomicNumber_count_1:kDelta': 0.85, '0:atom_AtomicNumber_count_2:kDelta': 1.0, '0:atom_Chiral:kDelta': 0.85, '0:bond_Order:kDelta': 0.75, '0:bond_Stereo:kDelta': 0.8, '0:bond_RingStereo:kDelta': 0.9, '0:q:q': 0.05, '1:features_kernel:Matern32': 6.1, '2:features_kernel:Matern32': 12.1, '3:features_kernel:Matern32': 18.1, '4:features_kernel:Matern32': 13.1, '5:features_kernel:Matern32': 13.1, '6:features_kernel:Matern32': 22.1, '7:features_kernel:Matern32': 10.1, '8:features_kernel:Matern32': 7.1, '9:features_kernel:Matern32': 27.1, '10:features_kernel:Matern32': 17.1, '11:features_kernel:Matern32': 23.1, 'alpha': 0.008}. Best is trial 33 with value: 15.715081235583332.
/gpfs_common/share03/ddomlab/sdehgha2/working_space/GP_collab/code_python/training/MGK_and_tools/mgktools/mgktools/kernels/base.py:225: UserWarning: The distribution is specified by [0.1, 30] and step=1, but the range is not divisible by `step`. It will be replaced with [0.1, 29.1].
  self.unique_name: trial.suggest_float(
[I 2026-04-22 10:39:24,389] Trial 35 finished with value: 16.262051172296232 and parameters: {'0:atom_AtomicNumber:kDelta': 0.8, '0:atom_AtomicNumber_list_1:kConv': 1.0, '0:atom_AtomicNumber_list_2:kConv': 0.85, '0:atom_AtomicNumber_list_3:kConv': 0.9, '0:atom_AtomicNumber_list_4:kConv': 0.9, '0:atom_MorganHash:kDelta': 0.8, '0:atom_Ring_count:kDelta': 0.85, '0:atom_RingSize_list:kConv': 0.75, '0:atom_Hcount:kDelta': 0.9, '0:atom_AtomicNumber_count_1:kDelta': 0.85, '0:atom_AtomicNumber_count_2:kDelta': 1.0, '0:atom_Chiral:kDelta': 0.85, '0:bond_Order:kDelta': 0.75, '0:bond_Stereo:kDelta': 0.8, '0:bond_RingStereo:kDelta': 0.9, '0:q:q': 0.05, '1:features_kernel:Matern32': 0.1, '2:features_kernel:Matern32': 13.1, '3:features_kernel:Matern32': 15.1, '4:features_kernel:Matern32': 13.1, '5:features_kernel:Matern32': 13.1, '6:features_kernel:Matern32': 21.1, '7:features_kernel:Matern32': 3.1, '8:features_kernel:Matern32': 8.1, '9:features_kernel:Matern32': 26.1, '10:features_kernel:Matern32': 18.1, '11:features_kernel:Matern32': 29.1, 'alpha': 0.007}. Best is trial 33 with value: 15.715081235583332.
/gpfs_common/share03/ddomlab/sdehgha2/working_space/GP_collab/code_python/training/MGK_and_tools/mgktools/mgktools/kernels/base.py:225: UserWarning: The distribution is specified by [0.1, 30] and step=1, but the range is not divisible by `step`. It will be replaced with [0.1, 29.1].
  self.unique_name: trial.suggest_float(
[I 2026-04-22 10:39:34,702] Trial 36 finished with value: 17.212870453781797 and parameters: {'0:atom_AtomicNumber:kDelta': 0.85, '0:atom_AtomicNumber_list_1:kConv': 1.0, '0:atom_AtomicNumber_list_2:kConv': 0.8, '0:atom_AtomicNumber_list_3:kConv': 0.85, '0:atom_AtomicNumber_list_4:kConv': 0.9, '0:atom_MorganHash:kDelta': 0.85, '0:atom_Ring_count:kDelta': 0.9, '0:atom_RingSize_list:kConv': 1.0, '0:atom_Hcount:kDelta': 0.9, '0:atom_AtomicNumber_count_1:kDelta': 0.85, '0:atom_AtomicNumber_count_2:kDelta': 1.0, '0:atom_Chiral:kDelta': 0.85, '0:bond_Order:kDelta': 0.95, '0:bond_Stereo:kDelta': 0.8, '0:bond_RingStereo:kDelta': 0.9, '0:q:q': 0.44, '1:features_kernel:Matern32': 2.1, '2:features_kernel:Matern32': 10.1, '3:features_kernel:Matern32': 8.1, '4:features_kernel:Matern32': 14.1, '5:features_kernel:Matern32': 7.1, '6:features_kernel:Matern32': 24.1, '7:features_kernel:Matern32': 10.1, '8:features_kernel:Matern32': 8.1, '9:features_kernel:Matern32': 15.1, '10:features_kernel:Matern32': 14.1, '11:features_kernel:Matern32': 24.1, 'alpha': 0.011}. Best is trial 33 with value: 15.715081235583332.
/gpfs_common/share03/ddomlab/sdehgha2/working_space/GP_collab/code_python/training/MGK_and_tools/mgktools/mgktools/kernels/base.py:225: UserWarning: The distribution is specified by [0.1, 30] and step=1, but the range is not divisible by `step`. It will be replaced with [0.1, 29.1].
  self.unique_name: trial.suggest_float(
[I 2026-04-22 10:39:46,967] Trial 37 finished with value: 16.141190252773878 and parameters: {'0:atom_AtomicNumber:kDelta': 0.9, '0:atom_AtomicNumber_list_1:kConv': 0.9, '0:atom_AtomicNumber_list_2:kConv': 0.85, '0:atom_AtomicNumber_list_3:kConv': 0.85, '0:atom_AtomicNumber_list_4:kConv': 0.9, '0:atom_MorganHash:kDelta': 0.8, '0:atom_Ring_count:kDelta': 0.75, '0:atom_RingSize_list:kConv': 0.75, '0:atom_Hcount:kDelta': 0.9, '0:atom_AtomicNumber_count_1:kDelta': 0.9, '0:atom_AtomicNumber_count_2:kDelta': 0.8, '0:atom_Chiral:kDelta': 0.9, '0:bond_Order:kDelta': 0.75, '0:bond_Stereo:kDelta': 0.75, '0:bond_RingStereo:kDelta': 0.85, '0:q:q': 0.22, '1:features_kernel:Matern32': 6.1, '2:features_kernel:Matern32': 5.1, '3:features_kernel:Matern32': 12.1, '4:features_kernel:Matern32': 10.1, '5:features_kernel:Matern32': 11.1, '6:features_kernel:Matern32': 22.1, '7:features_kernel:Matern32': 7.1, '8:features_kernel:Matern32': 6.1, '9:features_kernel:Matern32': 7.1, '10:features_kernel:Matern32': 16.1, '11:features_kernel:Matern32': 16.1, 'alpha': 0.003}. Best is trial 33 with value: 15.715081235583332.
/gpfs_common/share03/ddomlab/sdehgha2/working_space/GP_collab/code_python/training/MGK_and_tools/mgktools/mgktools/kernels/base.py:225: UserWarning: The distribution is specified by [0.1, 30] and step=1, but the range is not divisible by `step`. It will be replaced with [0.1, 29.1].
  self.unique_name: trial.suggest_float(
[I 2026-04-22 10:40:01,414] Trial 38 finished with value: 16.39100748379137 and parameters: {'0:atom_AtomicNumber:kDelta': 0.85, '0:atom_AtomicNumber_list_1:kConv': 0.8, '0:atom_AtomicNumber_list_2:kConv': 0.75, '0:atom_AtomicNumber_list_3:kConv': 0.9, '0:atom_AtomicNumber_list_4:kConv': 0.9, '0:atom_MorganHash:kDelta': 0.9, '0:atom_Ring_count:kDelta': 1.0, '0:atom_RingSize_list:kConv': 0.95, '0:atom_Hcount:kDelta': 0.85, '0:atom_AtomicNumber_count_1:kDelta': 0.85, '0:atom_AtomicNumber_count_2:kDelta': 0.85, '0:atom_Chiral:kDelta': 0.85, '0:bond_Order:kDelta': 0.75, '0:bond_Stereo:kDelta': 0.8, '0:bond_RingStereo:kDelta': 0.9, '0:q:q': 0.05, '1:features_kernel:Matern32': 4.1, '2:features_kernel:Matern32': 11.1, '3:features_kernel:Matern32': 25.1, '4:features_kernel:Matern32': 6.1, '5:features_kernel:Matern32': 13.1, '6:features_kernel:Matern32': 20.1, '7:features_kernel:Matern32': 16.1, '8:features_kernel:Matern32': 10.1, '9:features_kernel:Matern32': 17.1, '10:features_kernel:Matern32': 13.1, '11:features_kernel:Matern32': 27.1, 'alpha': 0.07300000000000001}. Best is trial 33 with value: 15.715081235583332.
/gpfs_common/share03/ddomlab/sdehgha2/working_space/GP_collab/code_python/training/MGK_and_tools/mgktools/mgktools/kernels/base.py:225: UserWarning: The distribution is specified by [0.1, 30] and step=1, but the range is not divisible by `step`. It will be replaced with [0.1, 29.1].
  self.unique_name: trial.suggest_float(
