[I 2026-05-05 00:32:40,867] Trial 33 finished with value: 2.047003455249421 and parameters: {'0:atom_AtomicNumber:kDelta': 0.75, '0:atom_AtomicNumber_list_1:kConv': 0.9, '0:atom_AtomicNumber_list_2:kConv': 0.9, '0:atom_AtomicNumber_list_3:kConv': 0.8, '0:atom_AtomicNumber_list_4:kConv': 0.75, '0:atom_MorganHash:kDelta': 0.8, '0:atom_Ring_count:kDelta': 0.75, '0:atom_RingSize_list:kConv': 0.8, '0:atom_Hcount:kDelta': 1.0, '0:atom_AtomicNumber_count_1:kDelta': 0.85, '0:atom_AtomicNumber_count_2:kDelta': 1.0, '0:atom_Chiral:kDelta': 0.9, '0:bond_Order:kDelta': 0.9, '0:bond_Stereo:kDelta': 0.8, '0:bond_RingStereo:kDelta': 1.0, '0:q:q': 0.13, '1:atom_AtomicNumber:kDelta': 1.0, '1:atom_AtomicNumber_list_1:kConv': 1.0, '1:atom_AtomicNumber_list_2:kConv': 0.8, '1:atom_AtomicNumber_list_3:kConv': 0.75, '1:atom_AtomicNumber_list_4:kConv': 0.8, '1:atom_MorganHash:kDelta': 0.75, '1:atom_Ring_count:kDelta': 1.0, '1:atom_RingSize_list:kConv': 0.9, '1:atom_Hcount:kDelta': 0.8, '1:atom_AtomicNumber_count_1:kDelta': 0.8, '1:atom_AtomicNumber_count_2:kDelta': 0.9, '1:atom_Chiral:kDelta': 0.75, '1:bond_Order:kDelta': 0.9, '1:bond_Stereo:kDelta': 0.8, '1:bond_RingStereo:kDelta': 0.9, '1:q:q': 0.06999999999999999, '2:features_kernel:Matern32': 27.0, '3:features_kernel:Matern32': 21.0, '4:features_kernel:Matern32': 18.0, '5:features_kernel:Matern32': 28.0, '6:features_kernel:Matern32': 10.0, '7:features_kernel:Matern32': 3.0, '8:features_kernel:Matern32': 28.0, '9:features_kernel:Matern32': 28.0, '10:features_kernel:Matern32': 21.0, '11:features_kernel:Matern32': 5.0, '12:features_kernel:Matern32': 30.0, '13:features_kernel:Matern32': 19.0, '14:features_kernel:Matern32': 19.0, 'alpha': 0.02}. Best is trial 32 with value: 2.0354967999540725.
[I 2026-05-05 01:13:22,389] Trial 34 finished with value: 2.048545378044331 and parameters: {'0:atom_AtomicNumber:kDelta': 0.75, '0:atom_AtomicNumber_list_1:kConv': 0.9, '0:atom_AtomicNumber_list_2:kConv': 0.9, '0:atom_AtomicNumber_list_3:kConv': 0.8, '0:atom_AtomicNumber_list_4:kConv': 0.75, '0:atom_MorganHash:kDelta': 0.8, '0:atom_Ring_count:kDelta': 0.75, '0:atom_RingSize_list:kConv': 0.75, '0:atom_Hcount:kDelta': 1.0, '0:atom_AtomicNumber_count_1:kDelta': 0.8, '0:atom_AtomicNumber_count_2:kDelta': 1.0, '0:atom_Chiral:kDelta': 0.95, '0:bond_Order:kDelta': 0.95, '0:bond_Stereo:kDelta': 0.8, '0:bond_RingStereo:kDelta': 1.0, '0:q:q': 0.13, '1:atom_AtomicNumber:kDelta': 1.0, '1:atom_AtomicNumber_list_1:kConv': 1.0, '1:atom_AtomicNumber_list_2:kConv': 0.75, '1:atom_AtomicNumber_list_3:kConv': 0.75, '1:atom_AtomicNumber_list_4:kConv': 0.75, '1:atom_MorganHash:kDelta': 0.75, '1:atom_Ring_count:kDelta': 1.0, '1:atom_RingSize_list:kConv': 0.95, '1:atom_Hcount:kDelta': 0.8, '1:atom_AtomicNumber_count_1:kDelta': 0.75, '1:atom_AtomicNumber_count_2:kDelta': 0.95, '1:atom_Chiral:kDelta': 0.75, '1:bond_Order:kDelta': 0.95, '1:bond_Stereo:kDelta': 0.75, '1:bond_RingStereo:kDelta': 0.9, '1:q:q': 0.11, '2:features_kernel:Matern32': 27.0, '3:features_kernel:Matern32': 21.0, '4:features_kernel:Matern32': 19.0, '5:features_kernel:Matern32': 23.0, '6:features_kernel:Matern32': 10.0, '7:features_kernel:Matern32': 3.0, '8:features_kernel:Matern32': 28.0, '9:features_kernel:Matern32': 28.0, '10:features_kernel:Matern32': 22.0, '11:features_kernel:Matern32': 8.0, '12:features_kernel:Matern32': 30.0, '13:features_kernel:Matern32': 27.0, '14:features_kernel:Matern32': 16.0, 'alpha': 0.019000000000000003}. Best is trial 32 with value: 2.0354967999540725.
[I 2026-05-05 01:50:51,655] Trial 35 finished with value: 2.0636510974235165 and parameters: {'0:atom_AtomicNumber:kDelta': 0.75, '0:atom_AtomicNumber_list_1:kConv': 0.9, '0:atom_AtomicNumber_list_2:kConv': 0.85, '0:atom_AtomicNumber_list_3:kConv': 0.8, '0:atom_AtomicNumber_list_4:kConv': 0.75, '0:atom_MorganHash:kDelta': 0.8, '0:atom_Ring_count:kDelta': 0.8, '0:atom_RingSize_list:kConv': 0.75, '0:atom_Hcount:kDelta': 1.0, '0:atom_AtomicNumber_count_1:kDelta': 0.8, '0:atom_AtomicNumber_count_2:kDelta': 1.0, '0:atom_Chiral:kDelta': 0.95, '0:bond_Order:kDelta': 0.95, '0:bond_Stereo:kDelta': 0.8, '0:bond_RingStereo:kDelta': 1.0, '0:q:q': 0.48000000000000004, '1:atom_AtomicNumber:kDelta': 1.0, '1:atom_AtomicNumber_list_1:kConv': 0.95, '1:atom_AtomicNumber_list_2:kConv': 0.75, '1:atom_AtomicNumber_list_3:kConv': 0.75, '1:atom_AtomicNumber_list_4:kConv': 0.75, '1:atom_MorganHash:kDelta': 0.75, '1:atom_Ring_count:kDelta': 1.0, '1:atom_RingSize_list:kConv': 0.95, '1:atom_Hcount:kDelta': 0.8, '1:atom_AtomicNumber_count_1:kDelta': 0.75, '1:atom_AtomicNumber_count_2:kDelta': 1.0, '1:atom_Chiral:kDelta': 0.75, '1:bond_Order:kDelta': 0.95, '1:bond_Stereo:kDelta': 0.75, '1:bond_RingStereo:kDelta': 0.85, '1:q:q': 0.08, '2:features_kernel:Matern32': 28.0, '3:features_kernel:Matern32': 20.0, '4:features_kernel:Matern32': 18.0, '5:features_kernel:Matern32': 23.0, '6:features_kernel:Matern32': 10.0, '7:features_kernel:Matern32': 3.0, '8:features_kernel:Matern32': 28.0, '9:features_kernel:Matern32': 28.0, '10:features_kernel:Matern32': 21.0, '11:features_kernel:Matern32': 8.0, '12:features_kernel:Matern32': 30.0, '13:features_kernel:Matern32': 27.0, '14:features_kernel:Matern32': 12.0, 'alpha': 0.022000000000000002}. Best is trial 32 with value: 2.0354967999540725.
[I 2026-05-05 02:32:14,296] Trial 36 finished with value: 2.073037553045749 and parameters: {'0:atom_AtomicNumber:kDelta': 0.75, '0:atom_AtomicNumber_list_1:kConv': 0.9, '0:atom_AtomicNumber_list_2:kConv': 0.8, '0:atom_AtomicNumber_list_3:kConv': 0.75, '0:atom_AtomicNumber_list_4:kConv': 0.75, '0:atom_MorganHash:kDelta': 0.8, '0:atom_Ring_count:kDelta': 0.8, '0:atom_RingSize_list:kConv': 0.75, '0:atom_Hcount:kDelta': 1.0, '0:atom_AtomicNumber_count_1:kDelta': 0.8, '0:atom_AtomicNumber_count_2:kDelta': 1.0, '0:atom_Chiral:kDelta': 0.95, '0:bond_Order:kDelta': 0.95, '0:bond_Stereo:kDelta': 0.75, '0:bond_RingStereo:kDelta': 1.0, '0:q:q': 0.12, '1:atom_AtomicNumber:kDelta': 1.0, '1:atom_AtomicNumber_list_1:kConv': 1.0, '1:atom_AtomicNumber_list_2:kConv': 0.75, '1:atom_AtomicNumber_list_3:kConv': 0.75, '1:atom_AtomicNumber_list_4:kConv': 0.75, '1:atom_MorganHash:kDelta': 0.75, '1:atom_Ring_count:kDelta': 1.0, '1:atom_RingSize_list:kConv': 0.95, '1:atom_Hcount:kDelta': 0.75, '1:atom_AtomicNumber_count_1:kDelta': 0.75, '1:atom_AtomicNumber_count_2:kDelta': 0.95, '1:atom_Chiral:kDelta': 0.75, '1:bond_Order:kDelta': 0.95, '1:bond_Stereo:kDelta': 0.75, '1:bond_RingStereo:kDelta': 0.9, '1:q:q': 0.09999999999999999, '2:features_kernel:Matern32': 26.0, '3:features_kernel:Matern32': 21.0, '4:features_kernel:Matern32': 24.0, '5:features_kernel:Matern32': 28.0, '6:features_kernel:Matern32': 7.0, '7:features_kernel:Matern32': 2.0, '8:features_kernel:Matern32': 29.0, '9:features_kernel:Matern32': 28.0, '10:features_kernel:Matern32': 25.0, '11:features_kernel:Matern32': 4.0, '12:features_kernel:Matern32': 28.0, '13:features_kernel:Matern32': 30.0, '14:features_kernel:Matern32': 16.0, 'alpha': 0.005}. Best is trial 32 with value: 2.0354967999540725.
[I 2026-05-05 03:23:05,819] Trial 37 finished with value: 2.193858641177565 and parameters: {'0:atom_AtomicNumber:kDelta': 0.75, '0:atom_AtomicNumber_list_1:kConv': 0.95, '0:atom_AtomicNumber_list_2:kConv': 0.85, '0:atom_AtomicNumber_list_3:kConv': 0.75, '0:atom_AtomicNumber_list_4:kConv': 0.8, '0:atom_MorganHash:kDelta': 0.75, '0:atom_Ring_count:kDelta': 0.8, '0:atom_RingSize_list:kConv': 0.8, '0:atom_Hcount:kDelta': 1.0, '0:atom_AtomicNumber_count_1:kDelta': 0.8, '0:atom_AtomicNumber_count_2:kDelta': 1.0, '0:atom_Chiral:kDelta': 0.9, '0:bond_Order:kDelta': 1.0, '0:bond_Stereo:kDelta': 0.8, '0:bond_RingStereo:kDelta': 1.0, '0:q:q': 0.3, '1:atom_AtomicNumber:kDelta': 1.0, '1:atom_AtomicNumber_list_1:kConv': 1.0, '1:atom_AtomicNumber_list_2:kConv': 0.8, '1:atom_AtomicNumber_list_3:kConv': 0.75, '1:atom_AtomicNumber_list_4:kConv': 0.75, '1:atom_MorganHash:kDelta': 1.0, '1:atom_Ring_count:kDelta': 1.0, '1:atom_RingSize_list:kConv': 0.95, '1:atom_Hcount:kDelta': 0.75, '1:atom_AtomicNumber_count_1:kDelta': 0.75, '1:atom_AtomicNumber_count_2:kDelta': 0.95, '1:atom_Chiral:kDelta': 0.75, '1:bond_Order:kDelta': 1.0, '1:bond_Stereo:kDelta': 0.75, '1:bond_RingStereo:kDelta': 0.85, '1:q:q': 0.04, '2:features_kernel:Matern32': 30.0, '3:features_kernel:Matern32': 12.0, '4:features_kernel:Matern32': 18.0, '5:features_kernel:Matern32': 22.0, '6:features_kernel:Matern32': 4.0, '7:features_kernel:Matern32': 4.0, '8:features_kernel:Matern32': 24.0, '9:features_kernel:Matern32': 26.0, '10:features_kernel:Matern32': 21.0, '11:features_kernel:Matern32': 1.0, '12:features_kernel:Matern32': 28.0, '13:features_kernel:Matern32': 15.0, '14:features_kernel:Matern32': 14.0, 'alpha': 0.018000000000000002}. Best is trial 32 with value: 2.0354967999540725.
[I 2026-05-05 04:16:42,589] Trial 38 finished with value: 2.1156889461824657 and parameters: {'0:atom_AtomicNumber:kDelta': 0.75, '0:atom_AtomicNumber_list_1:kConv': 0.9, '0:atom_AtomicNumber_list_2:kConv': 0.85, '0:atom_AtomicNumber_list_3:kConv': 0.8, '0:atom_AtomicNumber_list_4:kConv': 0.75, '0:atom_MorganHash:kDelta': 0.8, '0:atom_Ring_count:kDelta': 0.75, '0:atom_RingSize_list:kConv': 0.8, '0:atom_Hcount:kDelta': 1.0, '0:atom_AtomicNumber_count_1:kDelta': 0.85, '0:atom_AtomicNumber_count_2:kDelta': 1.0, '0:atom_Chiral:kDelta': 1.0, '0:bond_Order:kDelta': 0.9, '0:bond_Stereo:kDelta': 0.75, '0:bond_RingStereo:kDelta': 1.0, '0:q:q': 0.08, '1:atom_AtomicNumber:kDelta': 1.0, '1:atom_AtomicNumber_list_1:kConv': 0.95, '1:atom_AtomicNumber_list_2:kConv': 0.8, '1:atom_AtomicNumber_list_3:kConv': 1.0, '1:atom_AtomicNumber_list_4:kConv': 1.0, '1:atom_MorganHash:kDelta': 0.8, '1:atom_Ring_count:kDelta': 0.95, '1:atom_RingSize_list:kConv': 1.0, '1:atom_Hcount:kDelta': 0.8, '1:atom_AtomicNumber_count_1:kDelta': 0.75, '1:atom_AtomicNumber_count_2:kDelta': 1.0, '1:atom_Chiral:kDelta': 0.75, '1:bond_Order:kDelta': 0.95, '1:bond_Stereo:kDelta': 0.8, '1:bond_RingStereo:kDelta': 0.8, '1:q:q': 0.01, '2:features_kernel:Matern32': 28.0, '3:features_kernel:Matern32': 23.0, '4:features_kernel:Matern32': 20.0, '5:features_kernel:Matern32': 24.0, '6:features_kernel:Matern32': 9.0, '7:features_kernel:Matern32': 1.0, '8:features_kernel:Matern32': 9.0, '9:features_kernel:Matern32': 28.0, '10:features_kernel:Matern32': 25.0, '11:features_kernel:Matern32': 7.0, '12:features_kernel:Matern32': 30.0, '13:features_kernel:Matern32': 17.0, '14:features_kernel:Matern32': 19.0, 'alpha': 0.059000000000000004}. Best is trial 32 with value: 2.0354967999540725.
[I 2026-05-05 05:02:42,994] Trial 39 finished with value: 2.075401633274762 and parameters: {'0:atom_AtomicNumber:kDelta': 0.8, '0:atom_AtomicNumber_list_1:kConv': 0.85, '0:atom_AtomicNumber_list_2:kConv': 0.9, '0:atom_AtomicNumber_list_3:kConv': 0.8, '0:atom_AtomicNumber_list_4:kConv': 0.75, '0:atom_MorganHash:kDelta': 0.75, '0:atom_Ring_count:kDelta': 0.8, '0:atom_RingSize_list:kConv': 0.75, '0:atom_Hcount:kDelta': 0.95, '0:atom_AtomicNumber_count_1:kDelta': 0.75, '0:atom_AtomicNumber_count_2:kDelta': 1.0, '0:atom_Chiral:kDelta': 0.95, '0:bond_Order:kDelta': 0.95, '0:bond_Stereo:kDelta': 0.8, '0:bond_RingStereo:kDelta': 1.0, '0:q:q': 0.17, '1:atom_AtomicNumber:kDelta': 1.0, '1:atom_AtomicNumber_list_1:kConv': 1.0, '1:atom_AtomicNumber_list_2:kConv': 0.75, '1:atom_AtomicNumber_list_3:kConv': 0.75, '1:atom_AtomicNumber_list_4:kConv': 0.75, '1:atom_MorganHash:kDelta': 0.9, '1:atom_Ring_count:kDelta': 0.95, '1:atom_RingSize_list:kConv': 0.9, '1:atom_Hcount:kDelta': 0.8, '1:atom_AtomicNumber_count_1:kDelta': 0.8, '1:atom_AtomicNumber_count_2:kDelta': 0.95, '1:atom_Chiral:kDelta': 1.0, '1:bond_Order:kDelta': 0.9, '1:bond_Stereo:kDelta': 0.75, '1:bond_RingStereo:kDelta': 0.9, '1:q:q': 0.06999999999999999, '2:features_kernel:Matern32': 7.0, '3:features_kernel:Matern32': 16.0, '4:features_kernel:Matern32': 28.0, '5:features_kernel:Matern32': 28.0, '6:features_kernel:Matern32': 11.0, '7:features_kernel:Matern32': 3.0, '8:features_kernel:Matern32': 28.0, '9:features_kernel:Matern32': 25.0, '10:features_kernel:Matern32': 15.0, '11:features_kernel:Matern32': 3.0, '12:features_kernel:Matern32': 27.0, '13:features_kernel:Matern32': 20.0, '14:features_kernel:Matern32': 11.0, 'alpha': 0.017}. Best is trial 32 with value: 2.0354967999540725.
[I 2026-05-05 05:43:25,402] Trial 40 finished with value: 2.0551304857272004 and parameters: {'0:atom_AtomicNumber:kDelta': 0.75, '0:atom_AtomicNumber_list_1:kConv': 1.0, '0:atom_AtomicNumber_list_2:kConv': 0.8, '0:atom_AtomicNumber_list_3:kConv': 0.85, '0:atom_AtomicNumber_list_4:kConv': 0.8, '0:atom_MorganHash:kDelta': 0.8, '0:atom_Ring_count:kDelta': 0.75, '0:atom_RingSize_list:kConv': 0.8, '0:atom_Hcount:kDelta': 1.0, '0:atom_AtomicNumber_count_1:kDelta': 0.8, '0:atom_AtomicNumber_count_2:kDelta': 0.95, '0:atom_Chiral:kDelta': 0.95, '0:bond_Order:kDelta': 1.0, '0:bond_Stereo:kDelta': 0.75, '0:bond_RingStereo:kDelta': 0.75, '0:q:q': 0.24000000000000002, '1:atom_AtomicNumber:kDelta': 1.0, '1:atom_AtomicNumber_list_1:kConv': 0.95, '1:atom_AtomicNumber_list_2:kConv': 0.8, '1:atom_AtomicNumber_list_3:kConv': 0.95, '1:atom_AtomicNumber_list_4:kConv': 0.8, '1:atom_MorganHash:kDelta': 0.95, '1:atom_Ring_count:kDelta': 1.0, '1:atom_RingSize_list:kConv': 0.95, '1:atom_Hcount:kDelta': 0.85, '1:atom_AtomicNumber_count_1:kDelta': 0.8, '1:atom_AtomicNumber_count_2:kDelta': 0.9, '1:atom_Chiral:kDelta': 0.75, '1:bond_Order:kDelta': 1.0, '1:bond_Stereo:kDelta': 0.8, '1:bond_RingStereo:kDelta': 0.9, '1:q:q': 0.14, '2:features_kernel:Matern32': 10.0, '3:features_kernel:Matern32': 20.0, '4:features_kernel:Matern32': 23.0, '5:features_kernel:Matern32': 20.0, '6:features_kernel:Matern32': 8.0, '7:features_kernel:Matern32': 4.0, '8:features_kernel:Matern32': 6.0, '9:features_kernel:Matern32': 29.0, '10:features_kernel:Matern32': 23.0, '11:features_kernel:Matern32': 10.0, '12:features_kernel:Matern32': 24.0, '13:features_kernel:Matern32': 27.0, '14:features_kernel:Matern32': 8.0, 'alpha': 0.006}. Best is trial 32 with value: 2.0354967999540725.
[I 2026-05-05 06:24:24,498] Trial 41 finished with value: 2.1998862116313003 and parameters: {'0:atom_AtomicNumber:kDelta': 0.75, '0:atom_AtomicNumber_list_1:kConv': 1.0, '0:atom_AtomicNumber_list_2:kConv': 0.8, '0:atom_AtomicNumber_list_3:kConv': 0.85, '0:atom_AtomicNumber_list_4:kConv': 0.8, '0:atom_MorganHash:kDelta': 0.8, '0:atom_Ring_count:kDelta': 0.75, '0:atom_RingSize_list:kConv': 0.8, '0:atom_Hcount:kDelta': 1.0, '0:atom_AtomicNumber_count_1:kDelta': 0.8, '0:atom_AtomicNumber_count_2:kDelta': 0.95, '0:atom_Chiral:kDelta': 0.95, '0:bond_Order:kDelta': 1.0, '0:bond_Stereo:kDelta': 0.75, '0:bond_RingStereo:kDelta': 0.75, '0:q:q': 0.24000000000000002, '1:atom_AtomicNumber:kDelta': 1.0, '1:atom_AtomicNumber_list_1:kConv': 1.0, '1:atom_AtomicNumber_list_2:kConv': 0.8, '1:atom_AtomicNumber_list_3:kConv': 0.95, '1:atom_AtomicNumber_list_4:kConv': 0.8, '1:atom_MorganHash:kDelta': 0.95, '1:atom_Ring_count:kDelta': 1.0, '1:atom_RingSize_list:kConv': 0.95, '1:atom_Hcount:kDelta': 0.85, '1:atom_AtomicNumber_count_1:kDelta': 0.8, '1:atom_AtomicNumber_count_2:kDelta': 0.9, '1:atom_Chiral:kDelta': 0.75, '1:bond_Order:kDelta': 1.0, '1:bond_Stereo:kDelta': 0.8, '1:bond_RingStereo:kDelta': 0.9, '1:q:q': 0.13, '2:features_kernel:Matern32': 9.0, '3:features_kernel:Matern32': 21.0, '4:features_kernel:Matern32': 22.0, '5:features_kernel:Matern32': 20.0, '6:features_kernel:Matern32': 5.0, '7:features_kernel:Matern32': 1.0, '8:features_kernel:Matern32': 6.0, '9:features_kernel:Matern32': 29.0, '10:features_kernel:Matern32': 23.0, '11:features_kernel:Matern32': 10.0, '12:features_kernel:Matern32': 24.0, '13:features_kernel:Matern32': 27.0, '14:features_kernel:Matern32': 1.0, 'alpha': 0.007}. Best is trial 32 with value: 2.0354967999540725.
User defined signal 2
