[I 2026-05-04 14:18:18,462] Trial 9 finished with value: 2.1021621279222558 and parameters: {'0:atom_AtomicNumber:kDelta': 0.9, '0:atom_AtomicNumber_list_1:kConv': 1.0, '0:atom_AtomicNumber_list_2:kConv': 0.95, '0:atom_AtomicNumber_list_3:kConv': 0.85, '0:atom_AtomicNumber_list_4:kConv': 1.0, '0:atom_MorganHash:kDelta': 0.9, '0:atom_Ring_count:kDelta': 0.8, '0:atom_RingSize_list:kConv': 0.85, '0:atom_Hcount:kDelta': 0.85, '0:atom_AtomicNumber_count_1:kDelta': 0.75, '0:atom_AtomicNumber_count_2:kDelta': 0.75, '0:atom_Chiral:kDelta': 0.75, '0:bond_Order:kDelta': 0.95, '0:bond_Stereo:kDelta': 0.8, '0:bond_RingStereo:kDelta': 0.75, '0:q:q': 0.09999999999999999, '1:atom_AtomicNumber:kDelta': 0.95, '1:atom_AtomicNumber_list_1:kConv': 1.0, '1:atom_AtomicNumber_list_2:kConv': 0.85, '1:atom_AtomicNumber_list_3:kConv': 0.95, '1:atom_AtomicNumber_list_4:kConv': 0.9, '1:atom_MorganHash:kDelta': 0.85, '1:atom_Ring_count:kDelta': 0.9, '1:atom_RingSize_list:kConv': 1.0, '1:atom_Hcount:kDelta': 0.95, '1:atom_AtomicNumber_count_1:kDelta': 0.85, '1:atom_AtomicNumber_count_2:kDelta': 0.8, '1:atom_Chiral:kDelta': 0.75, '1:bond_Order:kDelta': 0.8, '1:bond_Stereo:kDelta': 1.0, '1:bond_RingStereo:kDelta': 0.85, '1:q:q': 0.28, '2:features_kernel:Matern32': 2.0, '3:features_kernel:Matern32': 5.0, '4:features_kernel:Matern32': 30.0, '5:features_kernel:Matern32': 17.0, '6:features_kernel:Matern32': 7.0, '7:features_kernel:Matern32': 20.0, '8:features_kernel:Matern32': 22.0, '9:features_kernel:Matern32': 16.0, '10:features_kernel:Matern32': 10.0, '11:features_kernel:Matern32': 22.0, '12:features_kernel:Matern32': 4.0, '13:features_kernel:Matern32': 22.0, '14:features_kernel:Matern32': 14.0, 'alpha': 0.052000000000000005}. Best is trial 5 with value: 2.057133565860435.
[I 2026-05-04 14:27:21,270] Trial 10 finished with value: 2.5390501505804477 and parameters: {'0:atom_AtomicNumber:kDelta': 0.75, '0:atom_AtomicNumber_list_1:kConv': 0.9, '0:atom_AtomicNumber_list_2:kConv': 1.0, '0:atom_AtomicNumber_list_3:kConv': 1.0, '0:atom_AtomicNumber_list_4:kConv': 0.85, '0:atom_MorganHash:kDelta': 1.0, '0:atom_Ring_count:kDelta': 1.0, '0:atom_RingSize_list:kConv': 0.75, '0:atom_Hcount:kDelta': 0.75, '0:atom_AtomicNumber_count_1:kDelta': 0.85, '0:atom_AtomicNumber_count_2:kDelta': 0.95, '0:atom_Chiral:kDelta': 0.9, '0:bond_Order:kDelta': 0.9, '0:bond_Stereo:kDelta': 0.75, '0:bond_RingStereo:kDelta': 1.0, '0:q:q': 0.2, '1:atom_AtomicNumber:kDelta': 0.75, '1:atom_AtomicNumber_list_1:kConv': 1.0, '1:atom_AtomicNumber_list_2:kConv': 0.75, '1:atom_AtomicNumber_list_3:kConv': 0.8, '1:atom_AtomicNumber_list_4:kConv': 0.85, '1:atom_MorganHash:kDelta': 0.75, '1:atom_Ring_count:kDelta': 0.75, '1:atom_RingSize_list:kConv': 0.75, '1:atom_Hcount:kDelta': 0.85, '1:atom_AtomicNumber_count_1:kDelta': 1.0, '1:atom_AtomicNumber_count_2:kDelta': 0.95, '1:atom_Chiral:kDelta': 0.95, '1:bond_Order:kDelta': 0.9, '1:bond_Stereo:kDelta': 0.9, '1:bond_RingStereo:kDelta': 0.85, '1:q:q': 0.15000000000000002, '2:features_kernel:Matern32': 25.0, '3:features_kernel:Matern32': 28.0, '4:features_kernel:Matern32': 19.0, '5:features_kernel:Matern32': 30.0, '6:features_kernel:Matern32': 21.0, '7:features_kernel:Matern32': 9.0, '8:features_kernel:Matern32': 30.0, '9:features_kernel:Matern32': 1.0, '10:features_kernel:Matern32': 1.0, '11:features_kernel:Matern32': 1.0, '12:features_kernel:Matern32': 29.0, '13:features_kernel:Matern32': 2.0, '14:features_kernel:Matern32': 22.0, 'alpha': 0.02}. Best is trial 5 with value: 2.057133565860435.
[I 2026-05-04 14:36:01,660] Trial 11 finished with value: 2.1284401956314754 and parameters: {'0:atom_AtomicNumber:kDelta': 0.75, '0:atom_AtomicNumber_list_1:kConv': 0.8, '0:atom_AtomicNumber_list_2:kConv': 1.0, '0:atom_AtomicNumber_list_3:kConv': 0.75, '0:atom_AtomicNumber_list_4:kConv': 0.85, '0:atom_MorganHash:kDelta': 0.8, '0:atom_Ring_count:kDelta': 0.85, '0:atom_RingSize_list:kConv': 0.95, '0:atom_Hcount:kDelta': 0.9, '0:atom_AtomicNumber_count_1:kDelta': 0.8, '0:atom_AtomicNumber_count_2:kDelta': 0.9, '0:atom_Chiral:kDelta': 1.0, '0:bond_Order:kDelta': 0.75, '0:bond_Stereo:kDelta': 1.0, '0:bond_RingStereo:kDelta': 0.9, '0:q:q': 0.18000000000000002, '1:atom_AtomicNumber:kDelta': 0.9, '1:atom_AtomicNumber_list_1:kConv': 0.95, '1:atom_AtomicNumber_list_2:kConv': 0.95, '1:atom_AtomicNumber_list_3:kConv': 0.9, '1:atom_AtomicNumber_list_4:kConv': 0.8, '1:atom_MorganHash:kDelta': 0.85, '1:atom_Ring_count:kDelta': 0.8, '1:atom_RingSize_list:kConv': 0.9, '1:atom_Hcount:kDelta': 0.9, '1:atom_AtomicNumber_count_1:kDelta': 0.75, '1:atom_AtomicNumber_count_2:kDelta': 1.0, '1:atom_Chiral:kDelta': 0.9, '1:bond_Order:kDelta': 0.95, '1:bond_Stereo:kDelta': 0.9, '1:bond_RingStereo:kDelta': 0.9, '1:q:q': 0.19, '2:features_kernel:Matern32': 19.0, '3:features_kernel:Matern32': 14.0, '4:features_kernel:Matern32': 22.0, '5:features_kernel:Matern32': 11.0, '6:features_kernel:Matern32': 1.0, '7:features_kernel:Matern32': 30.0, '8:features_kernel:Matern32': 1.0, '9:features_kernel:Matern32': 4.0, '10:features_kernel:Matern32': 9.0, '11:features_kernel:Matern32': 12.0, '12:features_kernel:Matern32': 9.0, '13:features_kernel:Matern32': 25.0, '14:features_kernel:Matern32': 21.0, 'alpha': 0.07300000000000001}. Best is trial 5 with value: 2.057133565860435.
[I 2026-05-04 14:42:30,881] Trial 12 finished with value: 2.1721737210817778 and parameters: {'0:atom_AtomicNumber:kDelta': 0.85, '0:atom_AtomicNumber_list_1:kConv': 0.85, '0:atom_AtomicNumber_list_2:kConv': 0.75, '0:atom_AtomicNumber_list_3:kConv': 0.85, '0:atom_AtomicNumber_list_4:kConv': 0.9, '0:atom_MorganHash:kDelta': 0.8, '0:atom_Ring_count:kDelta': 0.85, '0:atom_RingSize_list:kConv': 0.95, '0:atom_Hcount:kDelta': 0.8, '0:atom_AtomicNumber_count_1:kDelta': 0.75, '0:atom_AtomicNumber_count_2:kDelta': 0.9, '0:atom_Chiral:kDelta': 0.95, '0:bond_Order:kDelta': 0.85, '0:bond_Stereo:kDelta': 0.85, '0:bond_RingStereo:kDelta': 0.95, '0:q:q': 0.27, '1:atom_AtomicNumber:kDelta': 0.85, '1:atom_AtomicNumber_list_1:kConv': 0.95, '1:atom_AtomicNumber_list_2:kConv': 0.85, '1:atom_AtomicNumber_list_3:kConv': 0.75, '1:atom_AtomicNumber_list_4:kConv': 0.8, '1:atom_MorganHash:kDelta': 0.9, '1:atom_Ring_count:kDelta': 0.85, '1:atom_RingSize_list:kConv': 0.8, '1:atom_Hcount:kDelta': 0.9, '1:atom_AtomicNumber_count_1:kDelta': 0.85, '1:atom_AtomicNumber_count_2:kDelta': 1.0, '1:atom_Chiral:kDelta': 0.85, '1:bond_Order:kDelta': 0.95, '1:bond_Stereo:kDelta': 0.75, '1:bond_RingStereo:kDelta': 0.8, '1:q:q': 0.47000000000000003, '2:features_kernel:Matern32': 15.0, '3:features_kernel:Matern32': 9.0, '4:features_kernel:Matern32': 22.0, '5:features_kernel:Matern32': 12.0, '6:features_kernel:Matern32': 14.0, '7:features_kernel:Matern32': 21.0, '8:features_kernel:Matern32': 4.0, '9:features_kernel:Matern32': 30.0, '10:features_kernel:Matern32': 12.0, '11:features_kernel:Matern32': 10.0, '12:features_kernel:Matern32': 1.0, '13:features_kernel:Matern32': 30.0, '14:features_kernel:Matern32': 22.0, 'alpha': 0.038}. Best is trial 5 with value: 2.057133565860435.
[I 2026-05-04 14:51:12,996] Trial 13 finished with value: 2.075387987022974 and parameters: {'0:atom_AtomicNumber:kDelta': 0.95, '0:atom_AtomicNumber_list_1:kConv': 0.75, '0:atom_AtomicNumber_list_2:kConv': 0.9, '0:atom_AtomicNumber_list_3:kConv': 0.8, '0:atom_AtomicNumber_list_4:kConv': 0.8, '0:atom_MorganHash:kDelta': 0.75, '0:atom_Ring_count:kDelta': 0.75, '0:atom_RingSize_list:kConv': 0.95, '0:atom_Hcount:kDelta': 1.0, '0:atom_AtomicNumber_count_1:kDelta': 0.8, '0:atom_AtomicNumber_count_2:kDelta': 0.85, '0:atom_Chiral:kDelta': 0.85, '0:bond_Order:kDelta': 0.8, '0:bond_Stereo:kDelta': 0.95, '0:bond_RingStereo:kDelta': 0.95, '0:q:q': 0.15000000000000002, '1:atom_AtomicNumber:kDelta': 0.95, '1:atom_AtomicNumber_list_1:kConv': 0.95, '1:atom_AtomicNumber_list_2:kConv': 0.95, '1:atom_AtomicNumber_list_3:kConv': 0.9, '1:atom_AtomicNumber_list_4:kConv': 0.8, '1:atom_MorganHash:kDelta': 0.8, '1:atom_Ring_count:kDelta': 0.85, '1:atom_RingSize_list:kConv': 1.0, '1:atom_Hcount:kDelta': 1.0, '1:atom_AtomicNumber_count_1:kDelta': 0.8, '1:atom_AtomicNumber_count_2:kDelta': 0.95, '1:atom_Chiral:kDelta': 0.8, '1:bond_Order:kDelta': 0.85, '1:bond_Stereo:kDelta': 0.85, '1:bond_RingStereo:kDelta': 0.9, '1:q:q': 0.19, '2:features_kernel:Matern32': 20.0, '3:features_kernel:Matern32': 17.0, '4:features_kernel:Matern32': 13.0, '5:features_kernel:Matern32': 11.0, '6:features_kernel:Matern32': 21.0, '7:features_kernel:Matern32': 30.0, '8:features_kernel:Matern32': 5.0, '9:features_kernel:Matern32': 7.0, '10:features_kernel:Matern32': 7.0, '11:features_kernel:Matern32': 19.0, '12:features_kernel:Matern32': 11.0, '13:features_kernel:Matern32': 25.0, '14:features_kernel:Matern32': 30.0, 'alpha': 0.07300000000000001}. Best is trial 5 with value: 2.057133565860435.
[I 2026-05-04 14:59:49,457] Trial 14 finished with value: 2.058216592581542 and parameters: {'0:atom_AtomicNumber:kDelta': 0.85, '0:atom_AtomicNumber_list_1:kConv': 0.75, '0:atom_AtomicNumber_list_2:kConv': 0.95, '0:atom_AtomicNumber_list_3:kConv': 0.8, '0:atom_AtomicNumber_list_4:kConv': 0.75, '0:atom_MorganHash:kDelta': 0.85, '0:atom_Ring_count:kDelta': 0.75, '0:atom_RingSize_list:kConv': 0.9, '0:atom_Hcount:kDelta': 1.0, '0:atom_AtomicNumber_count_1:kDelta': 0.9, '0:atom_AtomicNumber_count_2:kDelta': 0.95, '0:atom_Chiral:kDelta': 0.85, '0:bond_Order:kDelta': 0.8, '0:bond_Stereo:kDelta': 0.95, '0:bond_RingStereo:kDelta': 0.95, '0:q:q': 0.14, '1:atom_AtomicNumber:kDelta': 0.95, '1:atom_AtomicNumber_list_1:kConv': 1.0, '1:atom_AtomicNumber_list_2:kConv': 0.9, '1:atom_AtomicNumber_list_3:kConv': 0.8, '1:atom_AtomicNumber_list_4:kConv': 0.8, '1:atom_MorganHash:kDelta': 0.75, '1:atom_Ring_count:kDelta': 0.85, '1:atom_RingSize_list:kConv': 0.9, '1:atom_Hcount:kDelta': 1.0, '1:atom_AtomicNumber_count_1:kDelta': 0.8, '1:atom_AtomicNumber_count_2:kDelta': 0.9, '1:atom_Chiral:kDelta': 0.8, '1:bond_Order:kDelta': 0.85, '1:bond_Stereo:kDelta': 0.85, '1:bond_RingStereo:kDelta': 0.9, '1:q:q': 0.2, '2:features_kernel:Matern32': 20.0, '3:features_kernel:Matern32': 27.0, '4:features_kernel:Matern32': 12.0, '5:features_kernel:Matern32': 9.0, '6:features_kernel:Matern32': 22.0, '7:features_kernel:Matern32': 14.0, '8:features_kernel:Matern32': 21.0, '9:features_kernel:Matern32': 24.0, '10:features_kernel:Matern32': 18.0, '11:features_kernel:Matern32': 20.0, '12:features_kernel:Matern32': 22.0, '13:features_kernel:Matern32': 23.0, '14:features_kernel:Matern32': 29.0, 'alpha': 0.028}. Best is trial 5 with value: 2.057133565860435.
[I 2026-05-04 15:10:35,104] Trial 15 finished with value: 2.0696845285897205 and parameters: {'0:atom_AtomicNumber:kDelta': 0.8, '0:atom_AtomicNumber_list_1:kConv': 0.9, '0:atom_AtomicNumber_list_2:kConv': 0.95, '0:atom_AtomicNumber_list_3:kConv': 0.8, '0:atom_AtomicNumber_list_4:kConv': 0.75, '0:atom_MorganHash:kDelta': 0.85, '0:atom_Ring_count:kDelta': 0.75, '0:atom_RingSize_list:kConv': 0.9, '0:atom_Hcount:kDelta': 0.95, '0:atom_AtomicNumber_count_1:kDelta': 0.9, '0:atom_AtomicNumber_count_2:kDelta': 0.95, '0:atom_Chiral:kDelta': 0.85, '0:bond_Order:kDelta': 0.95, '0:bond_Stereo:kDelta': 1.0, '0:bond_RingStereo:kDelta': 1.0, '0:q:q': 0.01, '1:atom_AtomicNumber:kDelta': 0.95, '1:atom_AtomicNumber_list_1:kConv': 1.0, '1:atom_AtomicNumber_list_2:kConv': 0.85, '1:atom_AtomicNumber_list_3:kConv': 0.8, '1:atom_AtomicNumber_list_4:kConv': 0.75, '1:atom_MorganHash:kDelta': 0.75, '1:atom_Ring_count:kDelta': 0.85, '1:atom_RingSize_list:kConv': 0.9, '1:atom_Hcount:kDelta': 1.0, '1:atom_AtomicNumber_count_1:kDelta': 0.9, '1:atom_AtomicNumber_count_2:kDelta': 0.9, '1:atom_Chiral:kDelta': 0.8, '1:bond_Order:kDelta': 0.85, '1:bond_Stereo:kDelta': 0.9, '1:bond_RingStereo:kDelta': 0.95, '1:q:q': 0.11, '2:features_kernel:Matern32': 21.0, '3:features_kernel:Matern32': 29.0, '4:features_kernel:Matern32': 8.0, '5:features_kernel:Matern32': 8.0, '6:features_kernel:Matern32': 24.0, '7:features_kernel:Matern32': 6.0, '8:features_kernel:Matern32': 23.0, '9:features_kernel:Matern32': 25.0, '10:features_kernel:Matern32': 19.0, '11:features_kernel:Matern32': 29.0, '12:features_kernel:Matern32': 23.0, '13:features_kernel:Matern32': 7.0, '14:features_kernel:Matern32': 18.0, 'alpha': 0.024}. Best is trial 5 with value: 2.057133565860435.
[I 2026-05-04 15:19:44,825] Trial 16 finished with value: 2.068362186931759 and parameters: {'0:atom_AtomicNumber:kDelta': 0.85, '0:atom_AtomicNumber_list_1:kConv': 0.95, '0:atom_AtomicNumber_list_2:kConv': 1.0, '0:atom_AtomicNumber_list_3:kConv': 0.95, '0:atom_AtomicNumber_list_4:kConv': 0.9, '0:atom_MorganHash:kDelta': 0.95, '0:atom_Ring_count:kDelta': 1.0, '0:atom_RingSize_list:kConv': 0.9, '0:atom_Hcount:kDelta': 1.0, '0:atom_AtomicNumber_count_1:kDelta': 0.95, '0:atom_AtomicNumber_count_2:kDelta': 0.95, '0:atom_Chiral:kDelta': 0.85, '0:bond_Order:kDelta': 0.8, '0:bond_Stereo:kDelta': 0.95, '0:bond_RingStereo:kDelta': 0.95, '0:q:q': 0.11, '1:atom_AtomicNumber:kDelta': 1.0, '1:atom_AtomicNumber_list_1:kConv': 0.9, '1:atom_AtomicNumber_list_2:kConv': 0.9, '1:atom_AtomicNumber_list_3:kConv': 0.75, '1:atom_AtomicNumber_list_4:kConv': 0.85, '1:atom_MorganHash:kDelta': 0.8, '1:atom_Ring_count:kDelta': 0.75, '1:atom_RingSize_list:kConv': 0.8, '1:atom_Hcount:kDelta': 1.0, '1:atom_AtomicNumber_count_1:kDelta': 1.0, '1:atom_AtomicNumber_count_2:kDelta': 0.9, '1:atom_Chiral:kDelta': 0.95, '1:bond_Order:kDelta': 0.8, '1:bond_Stereo:kDelta': 0.95, '1:bond_RingStereo:kDelta': 0.9, '1:q:q': 0.23, '2:features_kernel:Matern32': 12.0, '3:features_kernel:Matern32': 25.0, '4:features_kernel:Matern32': 10.0, '5:features_kernel:Matern32': 17.0, '6:features_kernel:Matern32': 25.0, '7:features_kernel:Matern32': 14.0, '8:features_kernel:Matern32': 21.0, '9:features_kernel:Matern32': 23.0, '10:features_kernel:Matern32': 30.0, '11:features_kernel:Matern32': 19.0, '12:features_kernel:Matern32': 23.0, '13:features_kernel:Matern32': 23.0, '14:features_kernel:Matern32': 25.0, 'alpha': 0.021}. Best is trial 5 with value: 2.057133565860435.
[I 2026-05-04 15:29:41,513] Trial 17 finished with value: 2.065610472856925 and parameters: {'0:atom_AtomicNumber:kDelta': 0.75, '0:atom_AtomicNumber_list_1:kConv': 0.85, '0:atom_AtomicNumber_list_2:kConv': 0.9, '0:atom_AtomicNumber_list_3:kConv': 0.85, '0:atom_AtomicNumber_list_4:kConv': 0.8, '0:atom_MorganHash:kDelta': 0.85, '0:atom_Ring_count:kDelta': 0.75, '0:atom_RingSize_list:kConv': 0.8, '0:atom_Hcount:kDelta': 0.95, '0:atom_AtomicNumber_count_1:kDelta': 0.85, '0:atom_AtomicNumber_count_2:kDelta': 1.0, '0:atom_Chiral:kDelta': 0.9, '0:bond_Order:kDelta': 0.9, '0:bond_Stereo:kDelta': 0.85, '0:bond_RingStereo:kDelta': 1.0, '0:q:q': 0.23, '1:atom_AtomicNumber:kDelta': 0.95, '1:atom_AtomicNumber_list_1:kConv': 1.0, '1:atom_AtomicNumber_list_2:kConv': 0.8, '1:atom_AtomicNumber_list_3:kConv': 0.8, '1:atom_AtomicNumber_list_4:kConv': 0.8, '1:atom_MorganHash:kDelta': 0.75, '1:atom_Ring_count:kDelta': 1.0, '1:atom_RingSize_list:kConv': 0.9, '1:atom_Hcount:kDelta': 0.8, '1:atom_AtomicNumber_count_1:kDelta': 0.8, '1:atom_AtomicNumber_count_2:kDelta': 0.9, '1:atom_Chiral:kDelta': 0.75, '1:bond_Order:kDelta': 0.9, '1:bond_Stereo:kDelta': 0.8, '1:bond_RingStereo:kDelta': 0.95, '1:q:q': 0.04, '2:features_kernel:Matern32': 24.0, '3:features_kernel:Matern32': 25.0, '4:features_kernel:Matern32': 16.0, '5:features_kernel:Matern32': 30.0, '6:features_kernel:Matern32': 12.0, '7:features_kernel:Matern32': 6.0, '8:features_kernel:Matern32': 27.0, '9:features_kernel:Matern32': 30.0, '10:features_kernel:Matern32': 17.0, '11:features_kernel:Matern32': 5.0, '12:features_kernel:Matern32': 29.0, '13:features_kernel:Matern32': 18.0, '14:features_kernel:Matern32': 18.0, 'alpha': 0.037000000000000005}. Best is trial 5 with value: 2.057133565860435.
[I 2026-05-04 15:39:52,984] Trial 18 finished with value: 2.0860702865904455 and parameters: {'0:atom_AtomicNumber:kDelta': 0.85, '0:atom_AtomicNumber_list_1:kConv': 0.75, '0:atom_AtomicNumber_list_2:kConv': 0.95, '0:atom_AtomicNumber_list_3:kConv': 0.9, '0:atom_AtomicNumber_list_4:kConv': 0.8, '0:atom_MorganHash:kDelta': 0.8, '0:atom_Ring_count:kDelta': 0.85, '0:atom_RingSize_list:kConv': 0.8, '0:atom_Hcount:kDelta': 1.0, '0:atom_AtomicNumber_count_1:kDelta': 0.95, '0:atom_AtomicNumber_count_2:kDelta': 0.95, '0:atom_Chiral:kDelta': 0.75, '0:bond_Order:kDelta': 0.85, '0:bond_Stereo:kDelta': 0.95, '0:bond_RingStereo:kDelta': 0.85, '0:q:q': 0.12, '1:atom_AtomicNumber:kDelta': 1.0, '1:atom_AtomicNumber_list_1:kConv': 0.9, '1:atom_AtomicNumber_list_2:kConv': 0.8, '1:atom_AtomicNumber_list_3:kConv': 0.75, '1:atom_AtomicNumber_list_4:kConv': 0.75, '1:atom_MorganHash:kDelta': 0.85, '1:atom_Ring_count:kDelta': 0.9, '1:atom_RingSize_list:kConv': 0.8, '1:atom_Hcount:kDelta': 0.95, '1:atom_AtomicNumber_count_1:kDelta': 0.85, '1:atom_AtomicNumber_count_2:kDelta': 0.95, '1:atom_Chiral:kDelta': 0.9, '1:bond_Order:kDelta': 0.75, '1:bond_Stereo:kDelta': 0.85, '1:bond_RingStereo:kDelta': 0.85, '1:q:q': 0.11, '2:features_kernel:Matern32': 17.0, '3:features_kernel:Matern32': 7.0, '4:features_kernel:Matern32': 5.0, '5:features_kernel:Matern32': 25.0, '6:features_kernel:Matern32': 24.0, '7:features_kernel:Matern32': 14.0, '8:features_kernel:Matern32': 18.0, '9:features_kernel:Matern32': 26.0, '10:features_kernel:Matern32': 23.0, '11:features_kernel:Matern32': 19.0, '12:features_kernel:Matern32': 20.0, '13:features_kernel:Matern32': 20.0, '14:features_kernel:Matern32': 29.0, 'alpha': 0.029}. Best is trial 5 with value: 2.057133565860435.
[I 2026-05-04 15:49:10,636] Trial 19 finished with value: 2.0652490878013032 and parameters: {'0:atom_AtomicNumber:kDelta': 0.8, '0:atom_AtomicNumber_list_1:kConv': 0.8, '0:atom_AtomicNumber_list_2:kConv': 1.0, '0:atom_AtomicNumber_list_3:kConv': 1.0, '0:atom_AtomicNumber_list_4:kConv': 0.9, '0:atom_MorganHash:kDelta': 0.95, '0:atom_Ring_count:kDelta': 0.95, '0:atom_RingSize_list:kConv': 0.9, '0:atom_Hcount:kDelta': 0.9, '0:atom_AtomicNumber_count_1:kDelta': 0.9, '0:atom_AtomicNumber_count_2:kDelta': 0.9, '0:atom_Chiral:kDelta': 0.85, '0:bond_Order:kDelta': 0.95, '0:bond_Stereo:kDelta': 1.0, '0:bond_RingStereo:kDelta': 0.95, '0:q:q': 0.05, '1:atom_AtomicNumber:kDelta': 0.9, '1:atom_AtomicNumber_list_1:kConv': 0.85, '1:atom_AtomicNumber_list_2:kConv': 0.9, '1:atom_AtomicNumber_list_3:kConv': 0.85, '1:atom_AtomicNumber_list_4:kConv': 0.85, '1:atom_MorganHash:kDelta': 0.8, '1:atom_Ring_count:kDelta': 0.8, '1:atom_RingSize_list:kConv': 0.85, '1:atom_Hcount:kDelta': 1.0, '1:atom_AtomicNumber_count_1:kDelta': 0.9, '1:atom_AtomicNumber_count_2:kDelta': 0.85, '1:atom_Chiral:kDelta': 0.8, '1:bond_Order:kDelta': 0.85, '1:bond_Stereo:kDelta': 0.95, '1:bond_RingStereo:kDelta': 1.0, '1:q:q': 0.24000000000000002, '2:features_kernel:Matern32': 24.0, '3:features_kernel:Matern32': 18.0, '4:features_kernel:Matern32': 13.0, '5:features_kernel:Matern32': 8.0, '6:features_kernel:Matern32': 18.0, '7:features_kernel:Matern32': 7.0, '8:features_kernel:Matern32': 26.0, '9:features_kernel:Matern32': 16.0, '10:features_kernel:Matern32': 13.0, '11:features_kernel:Matern32': 24.0, '12:features_kernel:Matern32': 25.0, '13:features_kernel:Matern32': 13.0, '14:features_kernel:Matern32': 26.0, 'alpha': 0.013000000000000001}. Best is trial 5 with value: 2.057133565860435.
[I 2026-05-04 15:58:15,259] Trial 20 finished with value: 2.111051824159199 and parameters: {'0:atom_AtomicNumber:kDelta': 0.75, '0:atom_AtomicNumber_list_1:kConv': 0.85, '0:atom_AtomicNumber_list_2:kConv': 0.9, '0:atom_AtomicNumber_list_3:kConv': 0.8, '0:atom_AtomicNumber_list_4:kConv': 0.95, '0:atom_MorganHash:kDelta': 0.85, '0:atom_Ring_count:kDelta': 0.75, '0:atom_RingSize_list:kConv': 1.0, '0:atom_Hcount:kDelta': 0.95, '0:atom_AtomicNumber_count_1:kDelta': 1.0, '0:atom_AtomicNumber_count_2:kDelta': 0.95, '0:atom_Chiral:kDelta': 0.9, '0:bond_Order:kDelta': 0.8, '0:bond_Stereo:kDelta': 0.85, '0:bond_RingStereo:kDelta': 0.85, '0:q:q': 0.26, '1:atom_AtomicNumber:kDelta': 0.95, '1:atom_AtomicNumber_list_1:kConv': 1.0, '1:atom_AtomicNumber_list_2:kConv': 0.85, '1:atom_AtomicNumber_list_3:kConv': 0.8, '1:atom_AtomicNumber_list_4:kConv': 0.8, '1:atom_MorganHash:kDelta': 0.75, '1:atom_Ring_count:kDelta': 0.85, '1:atom_RingSize_list:kConv': 0.9, '1:atom_Hcount:kDelta': 0.9, '1:atom_AtomicNumber_count_1:kDelta': 0.8, '1:atom_AtomicNumber_count_2:kDelta': 0.9, '1:atom_Chiral:kDelta': 0.95, '1:bond_Order:kDelta': 0.9, '1:bond_Stereo:kDelta': 0.85, '1:bond_RingStereo:kDelta': 0.9, '1:q:q': 0.32, '2:features_kernel:Matern32': 30.0, '3:features_kernel:Matern32': 26.0, '4:features_kernel:Matern32': 21.0, '5:features_kernel:Matern32': 21.0, '6:features_kernel:Matern32': 18.0, '7:features_kernel:Matern32': 17.0, '8:features_kernel:Matern32': 12.0, '9:features_kernel:Matern32': 22.0, '10:features_kernel:Matern32': 20.0, '11:features_kernel:Matern32': 12.0, '12:features_kernel:Matern32': 14.0, '13:features_kernel:Matern32': 26.0, '14:features_kernel:Matern32': 18.0, 'alpha': 0.061}. Best is trial 5 with value: 2.057133565860435.
