[Parallel(n_jobs=8)]: Using backend LokyBackend with 8 concurrent workers.
[Parallel(n_jobs=8)]: Done  34 tasks      | elapsed:   21.1s
[Parallel(n_jobs=8)]: Done 558 out of 558 | elapsed:   21.2s finished
[Parallel(n_jobs=4)]: Using backend LokyBackend with 4 concurrent workers.
[Parallel(n_jobs=4)]: Done  42 tasks      | elapsed:    6.4s
[Parallel(n_jobs=4)]: Done 192 tasks      | elapsed:   24.8s
[Parallel(n_jobs=4)]: Done 404 out of 404 | elapsed:   58.2s finished
Traceback (most recent call last):
  File "/gpfs_common/share03/ddomlab/sdehgha2/working_space/GP_collab/code_python/training/hpc_submit_training_GP/../train_structure_numerical.py", line 98, in <module>
    main_structural_numerical(
  File "/gpfs_common/share03/ddomlab/sdehgha2/working_space/GP_collab/code_python/training/hpc_submit_training_GP/../train_structure_numerical.py", line 49, in main_structural_numerical
    scores, predictions  =   train_regressor(
                             ^^^^^^^^^^^^^^^^
  File "/gpfs_common/share03/ddomlab/sdehgha2/working_space/GP_collab/code_python/training/training_utils_gp_special.py", line 89, in train_regressor
    scores, predictions = _prepare_data(
                          ^^^^^^^^^^^^^^
  File "/gpfs_common/share03/ddomlab/sdehgha2/working_space/GP_collab/code_python/training/training_utils_gp_special.py", line 182, in _prepare_data
    mgk_kernel_config = get_kernel_config(dataset=mgk_dataset,
                        ^^^^^^^^^^^^^^^^^^^^^^^^^^^^^^^^^^^^^^
  File "/gpfs_common/share03/ddomlab/sdehgha2/working_space/GP_collab/code_python/training/MGK_and_tools/mgktools/mgktools/kernels/utils.py", line 45, in get_kernel_config
    features_kernel_config = FeatureKernelConfig.load(
                             ^^^^^^^^^^^^^^^^^^^^^^^^^
  File "/gpfs_common/share03/ddomlab/sdehgha2/working_space/GP_collab/code_python/training/MGK_and_tools/mgktools/mgktools/kernels/FeatureKernel.py", line 73, in load
    return cls(
           ^^^^
  File "/gpfs_common/share03/ddomlab/sdehgha2/working_space/GP_collab/code_python/training/MGK_and_tools/mgktools/mgktools/kernels/FeatureKernel.py", line 21, in __init__
    microkernel = MicroKernel.from_microdict(
                  ^^^^^^^^^^^^^^^^^^^^^^^^^^^
  File "/gpfs_common/share03/ddomlab/sdehgha2/working_space/GP_collab/code_python/training/MGK_and_tools/mgktools/mgktools/kernels/base.py", line 319, in from_microdict
    return cls(
           ^^^^
  File "/gpfs_common/share03/ddomlab/sdehgha2/working_space/GP_collab/code_python/training/MGK_and_tools/mgktools/mgktools/kernels/base.py", line 129, in __init__
    assert isinstance(self.value, float)
           ^^^^^^^^^^^^^^^^^^^^^^^^^^^^^
AssertionError
[Parallel(n_jobs=8)]: Using backend LokyBackend with 8 concurrent workers.
[Parallel(n_jobs=8)]: Done  34 tasks      | elapsed:   22.1s
[Parallel(n_jobs=8)]: Done 558 out of 558 | elapsed:   22.2s finished
[Parallel(n_jobs=4)]: Using backend LokyBackend with 4 concurrent workers.
[Parallel(n_jobs=4)]: Done  42 tasks      | elapsed:    6.0s
[Parallel(n_jobs=4)]: Done 192 tasks      | elapsed:   23.7s
[Parallel(n_jobs=4)]: Done 404 out of 404 | elapsed:   54.8s finished
Traceback (most recent call last):
  File "/gpfs_common/share03/ddomlab/sdehgha2/working_space/GP_collab/code_python/training/hpc_submit_training_GP/../train_structure_numerical.py", line 98, in <module>
    main_structural_numerical(
  File "/gpfs_common/share03/ddomlab/sdehgha2/working_space/GP_collab/code_python/training/hpc_submit_training_GP/../train_structure_numerical.py", line 49, in main_structural_numerical
    scores, predictions  =   train_regressor(
                             ^^^^^^^^^^^^^^^^
  File "/gpfs_common/share03/ddomlab/sdehgha2/working_space/GP_collab/code_python/training/training_utils_gp_special.py", line 89, in train_regressor
    scores, predictions = _prepare_data(
                          ^^^^^^^^^^^^^^
  File "/gpfs_common/share03/ddomlab/sdehgha2/working_space/GP_collab/code_python/training/training_utils_gp_special.py", line 182, in _prepare_data
    mgk_kernel_config = get_kernel_config(dataset=mgk_dataset,
                        ^^^^^^^^^^^^^^^^^^^^^^^^^^^^^^^^^^^^^^
  File "/gpfs_common/share03/ddomlab/sdehgha2/working_space/GP_collab/code_python/training/MGK_and_tools/mgktools/mgktools/kernels/utils.py", line 45, in get_kernel_config
    features_kernel_config = FeatureKernelConfig.load(
                             ^^^^^^^^^^^^^^^^^^^^^^^^^
  File "/gpfs_common/share03/ddomlab/sdehgha2/working_space/GP_collab/code_python/training/MGK_and_tools/mgktools/mgktools/kernels/FeatureKernel.py", line 73, in load
    return cls(
           ^^^^
  File "/gpfs_common/share03/ddomlab/sdehgha2/working_space/GP_collab/code_python/training/MGK_and_tools/mgktools/mgktools/kernels/FeatureKernel.py", line 21, in __init__
    microkernel = MicroKernel.from_microdict(
                  ^^^^^^^^^^^^^^^^^^^^^^^^^^^
  File "/gpfs_common/share03/ddomlab/sdehgha2/working_space/GP_collab/code_python/training/MGK_and_tools/mgktools/mgktools/kernels/base.py", line 319, in from_microdict
    return cls(
           ^^^^
  File "/gpfs_common/share03/ddomlab/sdehgha2/working_space/GP_collab/code_python/training/MGK_and_tools/mgktools/mgktools/kernels/base.py", line 129, in __init__
    assert isinstance(self.value, float)
           ^^^^^^^^^^^^^^^^^^^^^^^^^^^^^
AssertionError
[Parallel(n_jobs=8)]: Using backend LokyBackend with 8 concurrent workers.
[Parallel(n_jobs=8)]: Done  34 tasks      | elapsed:   25.3s
[Parallel(n_jobs=8)]: Done 558 out of 558 | elapsed:   25.3s finished
[Parallel(n_jobs=4)]: Using backend LokyBackend with 4 concurrent workers.
[Parallel(n_jobs=4)]: Done  42 tasks      | elapsed:    7.9s
[Parallel(n_jobs=4)]: Done 192 tasks      | elapsed:   30.5s
[Parallel(n_jobs=4)]: Done 404 out of 404 | elapsed:  1.2min finished
[I 2026-05-04 12:30:55,525] A new study created in RDB with name: optuna-study
[I 2026-05-04 12:38:59,141] Trial 0 finished with value: 2.11922425113651 and parameters: {'0:atom_AtomicNumber:kDelta': 1.0, '0:atom_AtomicNumber_list_1:kConv': 0.8, '0:atom_AtomicNumber_list_2:kConv': 0.95, '0:atom_AtomicNumber_list_3:kConv': 0.75, '0:atom_AtomicNumber_list_4:kConv': 0.75, '0:atom_MorganHash:kDelta': 0.9, '0:atom_Ring_count:kDelta': 0.9, '0:atom_RingSize_list:kConv': 0.85, '0:atom_Hcount:kDelta': 0.85, '0:atom_AtomicNumber_count_1:kDelta': 0.9, '0:atom_AtomicNumber_count_2:kDelta': 0.85, '0:atom_Chiral:kDelta': 0.95, '0:bond_Order:kDelta': 0.9, '0:bond_Stereo:kDelta': 0.9, '0:bond_RingStereo:kDelta': 0.9, '0:q:q': 0.5, '1:atom_AtomicNumber:kDelta': 0.95, '1:atom_AtomicNumber_list_1:kConv': 0.85, '1:atom_AtomicNumber_list_2:kConv': 1.0, '1:atom_AtomicNumber_list_3:kConv': 0.95, '1:atom_AtomicNumber_list_4:kConv': 0.75, '1:atom_MorganHash:kDelta': 0.95, '1:atom_Ring_count:kDelta': 0.95, '1:atom_RingSize_list:kConv': 0.95, '1:atom_Hcount:kDelta': 0.95, '1:atom_AtomicNumber_count_1:kDelta': 0.9, '1:atom_AtomicNumber_count_2:kDelta': 0.75, '1:atom_Chiral:kDelta': 1.0, '1:bond_Order:kDelta': 0.85, '1:bond_Stereo:kDelta': 0.8, '1:bond_RingStereo:kDelta': 0.95, '1:q:q': 0.5, '2:features_kernel:Matern32': 8.0, '3:features_kernel:Matern32': 21.0, '4:features_kernel:Matern32': 18.0, '5:features_kernel:Matern32': 22.0, '6:features_kernel:Matern32': 29.0, '7:features_kernel:Matern32': 11.0, '8:features_kernel:Matern32': 8.0, '9:features_kernel:Matern32': 13.0, '10:features_kernel:Matern32': 23.0, '11:features_kernel:Matern32': 22.0, '12:features_kernel:Matern32': 13.0, '13:features_kernel:Matern32': 30.0, '14:features_kernel:Matern32': 14.0, 'alpha': 0.038}. Best is trial 0 with value: 2.11922425113651.
[I 2026-05-04 12:48:24,896] Trial 1 finished with value: 2.2086388367901377 and parameters: {'0:atom_AtomicNumber:kDelta': 0.95, '0:atom_AtomicNumber_list_1:kConv': 0.75, '0:atom_AtomicNumber_list_2:kConv': 0.85, '0:atom_AtomicNumber_list_3:kConv': 0.95, '0:atom_AtomicNumber_list_4:kConv': 0.95, '0:atom_MorganHash:kDelta': 0.8, '0:atom_Ring_count:kDelta': 0.8, '0:atom_RingSize_list:kConv': 0.85, '0:atom_Hcount:kDelta': 0.85, '0:atom_AtomicNumber_count_1:kDelta': 0.95, '0:atom_AtomicNumber_count_2:kDelta': 0.8, '0:atom_Chiral:kDelta': 0.8, '0:bond_Order:kDelta': 1.0, '0:bond_Stereo:kDelta': 0.9, '0:bond_RingStereo:kDelta': 1.0, '0:q:q': 0.49, '1:atom_AtomicNumber:kDelta': 1.0, '1:atom_AtomicNumber_list_1:kConv': 0.8, '1:atom_AtomicNumber_list_2:kConv': 0.9, '1:atom_AtomicNumber_list_3:kConv': 0.85, '1:atom_AtomicNumber_list_4:kConv': 0.85, '1:atom_MorganHash:kDelta': 0.95, '1:atom_Ring_count:kDelta': 0.95, '1:atom_RingSize_list:kConv': 0.95, '1:atom_Hcount:kDelta': 0.75, '1:atom_AtomicNumber_count_1:kDelta': 0.95, '1:atom_AtomicNumber_count_2:kDelta': 0.75, '1:atom_Chiral:kDelta': 0.8, '1:bond_Order:kDelta': 1.0, '1:bond_Stereo:kDelta': 0.85, '1:bond_RingStereo:kDelta': 0.75, '1:q:q': 0.35000000000000003, '2:features_kernel:Matern32': 5.0, '3:features_kernel:Matern32': 20.0, '4:features_kernel:Matern32': 8.0, '5:features_kernel:Matern32': 2.0, '6:features_kernel:Matern32': 29.0, '7:features_kernel:Matern32': 2.0, '8:features_kernel:Matern32': 16.0, '9:features_kernel:Matern32': 11.0, '10:features_kernel:Matern32': 20.0, '11:features_kernel:Matern32': 26.0, '12:features_kernel:Matern32': 19.0, '13:features_kernel:Matern32': 18.0, '14:features_kernel:Matern32': 4.0, 'alpha': 0.07200000000000001}. Best is trial 0 with value: 2.11922425113651.
[I 2026-05-04 12:58:49,648] Trial 2 finished with value: 2.2650964395303848 and parameters: {'0:atom_AtomicNumber:kDelta': 0.8, '0:atom_AtomicNumber_list_1:kConv': 0.85, '0:atom_AtomicNumber_list_2:kConv': 0.75, '0:atom_AtomicNumber_list_3:kConv': 0.8, '0:atom_AtomicNumber_list_4:kConv': 1.0, '0:atom_MorganHash:kDelta': 0.9, '0:atom_Ring_count:kDelta': 0.9, '0:atom_RingSize_list:kConv': 0.85, '0:atom_Hcount:kDelta': 0.95, '0:atom_AtomicNumber_count_1:kDelta': 0.8, '0:atom_AtomicNumber_count_2:kDelta': 0.75, '0:atom_Chiral:kDelta': 0.9, '0:bond_Order:kDelta': 0.8, '0:bond_Stereo:kDelta': 0.95, '0:bond_RingStereo:kDelta': 0.8, '0:q:q': 0.4, '1:atom_AtomicNumber:kDelta': 0.9, '1:atom_AtomicNumber_list_1:kConv': 0.75, '1:atom_AtomicNumber_list_2:kConv': 0.9, '1:atom_AtomicNumber_list_3:kConv': 0.95, '1:atom_AtomicNumber_list_4:kConv': 1.0, '1:atom_MorganHash:kDelta': 0.95, '1:atom_Ring_count:kDelta': 0.95, '1:atom_RingSize_list:kConv': 0.85, '1:atom_Hcount:kDelta': 0.75, '1:atom_AtomicNumber_count_1:kDelta': 0.95, '1:atom_AtomicNumber_count_2:kDelta': 0.75, '1:atom_Chiral:kDelta': 0.9, '1:bond_Order:kDelta': 0.9, '1:bond_Stereo:kDelta': 0.75, '1:bond_RingStereo:kDelta': 0.75, '1:q:q': 0.29000000000000004, '2:features_kernel:Matern32': 15.0, '3:features_kernel:Matern32': 10.0, '4:features_kernel:Matern32': 2.0, '5:features_kernel:Matern32': 20.0, '6:features_kernel:Matern32': 4.0, '7:features_kernel:Matern32': 1.0, '8:features_kernel:Matern32': 9.0, '9:features_kernel:Matern32': 10.0, '10:features_kernel:Matern32': 6.0, '11:features_kernel:Matern32': 3.0, '12:features_kernel:Matern32': 24.0, '13:features_kernel:Matern32': 13.0, '14:features_kernel:Matern32': 8.0, 'alpha': 0.053000000000000005}. Best is trial 0 with value: 2.11922425113651.
[I 2026-05-04 13:11:12,595] Trial 3 finished with value: 2.1702490912282575 and parameters: {'0:atom_AtomicNumber:kDelta': 0.8, '0:atom_AtomicNumber_list_1:kConv': 1.0, '0:atom_AtomicNumber_list_2:kConv': 0.85, '0:atom_AtomicNumber_list_3:kConv': 0.9, '0:atom_AtomicNumber_list_4:kConv': 1.0, '0:atom_MorganHash:kDelta': 0.85, '0:atom_Ring_count:kDelta': 0.8, '0:atom_RingSize_list:kConv': 1.0, '0:atom_Hcount:kDelta': 0.9, '0:atom_AtomicNumber_count_1:kDelta': 1.0, '0:atom_AtomicNumber_count_2:kDelta': 1.0, '0:atom_Chiral:kDelta': 0.95, '0:bond_Order:kDelta': 0.75, '0:bond_Stereo:kDelta': 0.9, '0:bond_RingStereo:kDelta': 0.8, '0:q:q': 0.06999999999999999, '1:atom_AtomicNumber:kDelta': 0.85, '1:atom_AtomicNumber_list_1:kConv': 0.8, '1:atom_AtomicNumber_list_2:kConv': 0.95, '1:atom_AtomicNumber_list_3:kConv': 1.0, '1:atom_AtomicNumber_list_4:kConv': 0.75, '1:atom_MorganHash:kDelta': 0.8, '1:atom_Ring_count:kDelta': 0.8, '1:atom_RingSize_list:kConv': 0.75, '1:atom_Hcount:kDelta': 1.0, '1:atom_AtomicNumber_count_1:kDelta': 0.8, '1:atom_AtomicNumber_count_2:kDelta': 0.85, '1:atom_Chiral:kDelta': 0.75, '1:bond_Order:kDelta': 0.8, '1:bond_Stereo:kDelta': 1.0, '1:bond_RingStereo:kDelta': 1.0, '1:q:q': 0.33, '2:features_kernel:Matern32': 9.0, '3:features_kernel:Matern32': 2.0, '4:features_kernel:Matern32': 26.0, '5:features_kernel:Matern32': 5.0, '6:features_kernel:Matern32': 9.0, '7:features_kernel:Matern32': 17.0, '8:features_kernel:Matern32': 8.0, '9:features_kernel:Matern32': 26.0, '10:features_kernel:Matern32': 16.0, '11:features_kernel:Matern32': 15.0, '12:features_kernel:Matern32': 28.0, '13:features_kernel:Matern32': 28.0, '14:features_kernel:Matern32': 8.0, 'alpha': 0.002}. Best is trial 0 with value: 2.11922425113651.
[I 2026-05-04 13:21:02,619] Trial 4 finished with value: 2.086788225546644 and parameters: {'0:atom_AtomicNumber:kDelta': 0.95, '0:atom_AtomicNumber_list_1:kConv': 0.8, '0:atom_AtomicNumber_list_2:kConv': 0.75, '0:atom_AtomicNumber_list_3:kConv': 0.75, '0:atom_AtomicNumber_list_4:kConv': 0.85, '0:atom_MorganHash:kDelta': 0.75, '0:atom_Ring_count:kDelta': 0.8, '0:atom_RingSize_list:kConv': 0.95, '0:atom_Hcount:kDelta': 0.85, '0:atom_AtomicNumber_count_1:kDelta': 0.75, '0:atom_AtomicNumber_count_2:kDelta': 0.8, '0:atom_Chiral:kDelta': 1.0, '0:bond_Order:kDelta': 0.75, '0:bond_Stereo:kDelta': 0.9, '0:bond_RingStereo:kDelta': 0.9, '0:q:q': 0.35000000000000003, '1:atom_AtomicNumber:kDelta': 0.9, '1:atom_AtomicNumber_list_1:kConv': 0.95, '1:atom_AtomicNumber_list_2:kConv': 0.95, '1:atom_AtomicNumber_list_3:kConv': 0.9, '1:atom_AtomicNumber_list_4:kConv': 0.8, '1:atom_MorganHash:kDelta': 0.95, '1:atom_Ring_count:kDelta': 0.8, '1:atom_RingSize_list:kConv': 1.0, '1:atom_Hcount:kDelta': 0.9, '1:atom_AtomicNumber_count_1:kDelta': 0.75, '1:atom_AtomicNumber_count_2:kDelta': 1.0, '1:atom_Chiral:kDelta': 0.85, '1:bond_Order:kDelta': 1.0, '1:bond_Stereo:kDelta': 0.75, '1:bond_RingStereo:kDelta': 0.75, '1:q:q': 0.38, '2:features_kernel:Matern32': 2.0, '3:features_kernel:Matern32': 14.0, '4:features_kernel:Matern32': 25.0, '5:features_kernel:Matern32': 13.0, '6:features_kernel:Matern32': 6.0, '7:features_kernel:Matern32': 26.0, '8:features_kernel:Matern32': 4.0, '9:features_kernel:Matern32': 9.0, '10:features_kernel:Matern32': 7.0, '11:features_kernel:Matern32': 14.0, '12:features_kernel:Matern32': 10.0, '13:features_kernel:Matern32': 28.0, '14:features_kernel:Matern32': 24.0, 'alpha': 0.07100000000000001}. Best is trial 4 with value: 2.086788225546644.
[I 2026-05-04 13:33:34,165] Trial 5 finished with value: 2.057133565860435 and parameters: {'0:atom_AtomicNumber:kDelta': 0.75, '0:atom_AtomicNumber_list_1:kConv': 0.9, '0:atom_AtomicNumber_list_2:kConv': 1.0, '0:atom_AtomicNumber_list_3:kConv': 1.0, '0:atom_AtomicNumber_list_4:kConv': 0.9, '0:atom_MorganHash:kDelta': 0.8, '0:atom_Ring_count:kDelta': 0.8, '0:atom_RingSize_list:kConv': 0.9, '0:atom_Hcount:kDelta': 0.95, '0:atom_AtomicNumber_count_1:kDelta': 0.8, '0:atom_AtomicNumber_count_2:kDelta': 0.95, '0:atom_Chiral:kDelta': 0.9, '0:bond_Order:kDelta': 0.95, '0:bond_Stereo:kDelta': 0.95, '0:bond_RingStereo:kDelta': 1.0, '0:q:q': 0.060000000000000005, '1:atom_AtomicNumber:kDelta': 1.0, '1:atom_AtomicNumber_list_1:kConv': 1.0, '1:atom_AtomicNumber_list_2:kConv': 0.9, '1:atom_AtomicNumber_list_3:kConv': 0.75, '1:atom_AtomicNumber_list_4:kConv': 0.75, '1:atom_MorganHash:kDelta': 0.85, '1:atom_Ring_count:kDelta': 0.85, '1:atom_RingSize_list:kConv': 0.85, '1:atom_Hcount:kDelta': 0.95, '1:atom_AtomicNumber_count_1:kDelta': 0.95, '1:atom_AtomicNumber_count_2:kDelta': 0.95, '1:atom_Chiral:kDelta': 0.85, '1:bond_Order:kDelta': 0.9, '1:bond_Stereo:kDelta': 0.85, '1:bond_RingStereo:kDelta': 0.95, '1:q:q': 0.29000000000000004, '2:features_kernel:Matern32': 18.0, '3:features_kernel:Matern32': 12.0, '4:features_kernel:Matern32': 20.0, '5:features_kernel:Matern32': 27.0, '6:features_kernel:Matern32': 20.0, '7:features_kernel:Matern32': 4.0, '8:features_kernel:Matern32': 3.0, '9:features_kernel:Matern32': 21.0, '10:features_kernel:Matern32': 11.0, '11:features_kernel:Matern32': 10.0, '12:features_kernel:Matern32': 27.0, '13:features_kernel:Matern32': 26.0, '14:features_kernel:Matern32': 25.0, 'alpha': 0.036000000000000004}. Best is trial 5 with value: 2.057133565860435.
[I 2026-05-04 13:42:34,844] Trial 6 finished with value: 2.1466829058955206 and parameters: {'0:atom_AtomicNumber:kDelta': 0.9, '0:atom_AtomicNumber_list_1:kConv': 0.9, '0:atom_AtomicNumber_list_2:kConv': 0.8, '0:atom_AtomicNumber_list_3:kConv': 0.9, '0:atom_AtomicNumber_list_4:kConv': 1.0, '0:atom_MorganHash:kDelta': 0.75, '0:atom_Ring_count:kDelta': 0.8, '0:atom_RingSize_list:kConv': 0.8, '0:atom_Hcount:kDelta': 0.95, '0:atom_AtomicNumber_count_1:kDelta': 0.85, '0:atom_AtomicNumber_count_2:kDelta': 0.75, '0:atom_Chiral:kDelta': 0.8, '0:bond_Order:kDelta': 0.95, '0:bond_Stereo:kDelta': 0.95, '0:bond_RingStereo:kDelta': 0.8, '0:q:q': 0.37, '1:atom_AtomicNumber:kDelta': 0.8, '1:atom_AtomicNumber_list_1:kConv': 0.75, '1:atom_AtomicNumber_list_2:kConv': 1.0, '1:atom_AtomicNumber_list_3:kConv': 0.8, '1:atom_AtomicNumber_list_4:kConv': 0.9, '1:atom_MorganHash:kDelta': 1.0, '1:atom_Ring_count:kDelta': 0.9, '1:atom_RingSize_list:kConv': 0.85, '1:atom_Hcount:kDelta': 0.85, '1:atom_AtomicNumber_count_1:kDelta': 0.75, '1:atom_AtomicNumber_count_2:kDelta': 0.75, '1:atom_Chiral:kDelta': 0.85, '1:bond_Order:kDelta': 1.0, '1:bond_Stereo:kDelta': 0.8, '1:bond_RingStereo:kDelta': 1.0, '1:q:q': 0.41000000000000003, '2:features_kernel:Matern32': 6.0, '3:features_kernel:Matern32': 10.0, '4:features_kernel:Matern32': 13.0, '5:features_kernel:Matern32': 26.0, '6:features_kernel:Matern32': 20.0, '7:features_kernel:Matern32': 25.0, '8:features_kernel:Matern32': 15.0, '9:features_kernel:Matern32': 18.0, '10:features_kernel:Matern32': 14.0, '11:features_kernel:Matern32': 8.0, '12:features_kernel:Matern32': 19.0, '13:features_kernel:Matern32': 18.0, '14:features_kernel:Matern32': 27.0, 'alpha': 0.093}. Best is trial 5 with value: 2.057133565860435.
[I 2026-05-04 13:59:31,391] Trial 7 finished with value: 2.2299589678545355 and parameters: {'0:atom_AtomicNumber:kDelta': 0.9, '0:atom_AtomicNumber_list_1:kConv': 0.95, '0:atom_AtomicNumber_list_2:kConv': 0.85, '0:atom_AtomicNumber_list_3:kConv': 0.95, '0:atom_AtomicNumber_list_4:kConv': 1.0, '0:atom_MorganHash:kDelta': 1.0, '0:atom_Ring_count:kDelta': 0.75, '0:atom_RingSize_list:kConv': 1.0, '0:atom_Hcount:kDelta': 0.75, '0:atom_AtomicNumber_count_1:kDelta': 0.75, '0:atom_AtomicNumber_count_2:kDelta': 0.8, '0:atom_Chiral:kDelta': 0.8, '0:bond_Order:kDelta': 1.0, '0:bond_Stereo:kDelta': 1.0, '0:bond_RingStereo:kDelta': 0.95, '0:q:q': 0.32, '1:atom_AtomicNumber:kDelta': 1.0, '1:atom_AtomicNumber_list_1:kConv': 0.9, '1:atom_AtomicNumber_list_2:kConv': 0.8, '1:atom_AtomicNumber_list_3:kConv': 0.75, '1:atom_AtomicNumber_list_4:kConv': 0.95, '1:atom_MorganHash:kDelta': 0.9, '1:atom_Ring_count:kDelta': 0.95, '1:atom_RingSize_list:kConv': 0.95, '1:atom_Hcount:kDelta': 0.95, '1:atom_AtomicNumber_count_1:kDelta': 0.95, '1:atom_AtomicNumber_count_2:kDelta': 0.95, '1:atom_Chiral:kDelta': 0.85, '1:bond_Order:kDelta': 0.95, '1:bond_Stereo:kDelta': 1.0, '1:bond_RingStereo:kDelta': 0.95, '1:q:q': 0.05, '2:features_kernel:Matern32': 29.0, '3:features_kernel:Matern32': 15.0, '4:features_kernel:Matern32': 27.0, '5:features_kernel:Matern32': 3.0, '6:features_kernel:Matern32': 29.0, '7:features_kernel:Matern32': 10.0, '8:features_kernel:Matern32': 13.0, '9:features_kernel:Matern32': 21.0, '10:features_kernel:Matern32': 3.0, '11:features_kernel:Matern32': 7.0, '12:features_kernel:Matern32': 18.0, '13:features_kernel:Matern32': 12.0, '14:features_kernel:Matern32': 4.0, 'alpha': 0.002}. Best is trial 5 with value: 2.057133565860435.
[I 2026-05-04 14:10:14,114] Trial 8 finished with value: 2.252114180229733 and parameters: {'0:atom_AtomicNumber:kDelta': 1.0, '0:atom_AtomicNumber_list_1:kConv': 0.95, '0:atom_AtomicNumber_list_2:kConv': 0.8, '0:atom_AtomicNumber_list_3:kConv': 1.0, '0:atom_AtomicNumber_list_4:kConv': 1.0, '0:atom_MorganHash:kDelta': 0.75, '0:atom_Ring_count:kDelta': 0.8, '0:atom_RingSize_list:kConv': 0.9, '0:atom_Hcount:kDelta': 1.0, '0:atom_AtomicNumber_count_1:kDelta': 0.8, '0:atom_AtomicNumber_count_2:kDelta': 1.0, '0:atom_Chiral:kDelta': 1.0, '0:bond_Order:kDelta': 0.85, '0:bond_Stereo:kDelta': 0.8, '0:bond_RingStereo:kDelta': 0.8, '0:q:q': 0.03, '1:atom_AtomicNumber:kDelta': 1.0, '1:atom_AtomicNumber_list_1:kConv': 0.75, '1:atom_AtomicNumber_list_2:kConv': 1.0, '1:atom_AtomicNumber_list_3:kConv': 0.85, '1:atom_AtomicNumber_list_4:kConv': 0.75, '1:atom_MorganHash:kDelta': 0.95, '1:atom_Ring_count:kDelta': 0.95, '1:atom_RingSize_list:kConv': 0.85, '1:atom_Hcount:kDelta': 0.95, '1:atom_AtomicNumber_count_1:kDelta': 0.95, '1:atom_AtomicNumber_count_2:kDelta': 0.85, '1:atom_Chiral:kDelta': 0.8, '1:bond_Order:kDelta': 0.75, '1:bond_Stereo:kDelta': 1.0, '1:bond_RingStereo:kDelta': 0.75, '1:q:q': 0.37, '2:features_kernel:Matern32': 3.0, '3:features_kernel:Matern32': 21.0, '4:features_kernel:Matern32': 2.0, '5:features_kernel:Matern32': 4.0, '6:features_kernel:Matern32': 15.0, '7:features_kernel:Matern32': 3.0, '8:features_kernel:Matern32': 1.0, '9:features_kernel:Matern32': 20.0, '10:features_kernel:Matern32': 27.0, '11:features_kernel:Matern32': 15.0, '12:features_kernel:Matern32': 26.0, '13:features_kernel:Matern32': 22.0, '14:features_kernel:Matern32': 28.0, 'alpha': 0.098}. Best is trial 5 with value: 2.057133565860435.
