[I 2026-05-04 16:32:12,534] Trial 21 finished with value: 2.069599072795859 and parameters: {'0:atom_AtomicNumber:kDelta': 0.8, '0:atom_AtomicNumber_list_1:kConv': 0.8, '0:atom_AtomicNumber_list_2:kConv': 1.0, '0:atom_AtomicNumber_list_3:kConv': 1.0, '0:atom_AtomicNumber_list_4:kConv': 0.9, '0:atom_MorganHash:kDelta': 0.95, '0:atom_Ring_count:kDelta': 0.95, '0:atom_RingSize_list:kConv': 0.9, '0:atom_Hcount:kDelta': 0.9, '0:atom_AtomicNumber_count_1:kDelta': 0.9, '0:atom_AtomicNumber_count_2:kDelta': 0.9, '0:atom_Chiral:kDelta': 0.85, '0:bond_Order:kDelta': 0.95, '0:bond_Stereo:kDelta': 1.0, '0:bond_RingStereo:kDelta': 0.95, '0:q:q': 0.060000000000000005, '1:atom_AtomicNumber:kDelta': 0.9, '1:atom_AtomicNumber_list_1:kConv': 0.85, '1:atom_AtomicNumber_list_2:kConv': 0.9, '1:atom_AtomicNumber_list_3:kConv': 0.85, '1:atom_AtomicNumber_list_4:kConv': 0.85, '1:atom_MorganHash:kDelta': 0.8, '1:atom_Ring_count:kDelta': 0.8, '1:atom_RingSize_list:kConv': 0.85, '1:atom_Hcount:kDelta': 1.0, '1:atom_AtomicNumber_count_1:kDelta': 0.9, '1:atom_AtomicNumber_count_2:kDelta': 0.85, '1:atom_Chiral:kDelta': 0.8, '1:bond_Order:kDelta': 0.85, '1:bond_Stereo:kDelta': 0.95, '1:bond_RingStereo:kDelta': 1.0, '1:q:q': 0.24000000000000002, '2:features_kernel:Matern32': 24.0, '3:features_kernel:Matern32': 18.0, '4:features_kernel:Matern32': 13.0, '5:features_kernel:Matern32': 7.0, '6:features_kernel:Matern32': 18.0, '7:features_kernel:Matern32': 6.0, '8:features_kernel:Matern32': 26.0, '9:features_kernel:Matern32': 15.0, '10:features_kernel:Matern32': 13.0, '11:features_kernel:Matern32': 26.0, '12:features_kernel:Matern32': 26.0, '13:features_kernel:Matern32': 13.0, '14:features_kernel:Matern32': 26.0, 'alpha': 0.012}. Best is trial 5 with value: 2.057133565860435.
[I 2026-05-04 17:13:01,757] Trial 22 finished with value: 2.0830784149970913 and parameters: {'0:atom_AtomicNumber:kDelta': 0.8, '0:atom_AtomicNumber_list_1:kConv': 0.75, '0:atom_AtomicNumber_list_2:kConv': 1.0, '0:atom_AtomicNumber_list_3:kConv': 0.95, '0:atom_AtomicNumber_list_4:kConv': 0.95, '0:atom_MorganHash:kDelta': 0.95, '0:atom_Ring_count:kDelta': 0.95, '0:atom_RingSize_list:kConv': 0.9, '0:atom_Hcount:kDelta': 0.9, '0:atom_AtomicNumber_count_1:kDelta': 0.9, '0:atom_AtomicNumber_count_2:kDelta': 0.9, '0:atom_Chiral:kDelta': 0.8, '0:bond_Order:kDelta': 1.0, '0:bond_Stereo:kDelta': 1.0, '0:bond_RingStereo:kDelta': 1.0, '0:q:q': 0.05, '1:atom_AtomicNumber:kDelta': 0.85, '1:atom_AtomicNumber_list_1:kConv': 0.85, '1:atom_AtomicNumber_list_2:kConv': 0.9, '1:atom_AtomicNumber_list_3:kConv': 0.85, '1:atom_AtomicNumber_list_4:kConv': 0.9, '1:atom_MorganHash:kDelta': 0.8, '1:atom_Ring_count:kDelta': 0.8, '1:atom_RingSize_list:kConv': 0.8, '1:atom_Hcount:kDelta': 1.0, '1:atom_AtomicNumber_count_1:kDelta': 0.9, '1:atom_AtomicNumber_count_2:kDelta': 0.8, '1:atom_Chiral:kDelta': 0.8, '1:bond_Order:kDelta': 0.8, '1:bond_Stereo:kDelta': 0.95, '1:bond_RingStereo:kDelta': 1.0, '1:q:q': 0.2, '2:features_kernel:Matern32': 27.0, '3:features_kernel:Matern32': 12.0, '4:features_kernel:Matern32': 16.0, '5:features_kernel:Matern32': 7.0, '6:features_kernel:Matern32': 19.0, '7:features_kernel:Matern32': 8.0, '8:features_kernel:Matern32': 20.0, '9:features_kernel:Matern32': 18.0, '10:features_kernel:Matern32': 12.0, '11:features_kernel:Matern32': 23.0, '12:features_kernel:Matern32': 22.0, '13:features_kernel:Matern32': 8.0, '14:features_kernel:Matern32': 30.0, 'alpha': 0.014000000000000002}. Best is trial 5 with value: 2.057133565860435.
[I 2026-05-04 17:47:23,118] Trial 23 finished with value: 2.098203240007591 and parameters: {'0:atom_AtomicNumber:kDelta': 0.85, '0:atom_AtomicNumber_list_1:kConv': 0.8, '0:atom_AtomicNumber_list_2:kConv': 0.95, '0:atom_AtomicNumber_list_3:kConv': 1.0, '0:atom_AtomicNumber_list_4:kConv': 0.9, '0:atom_MorganHash:kDelta': 0.9, '0:atom_Ring_count:kDelta': 0.95, '0:atom_RingSize_list:kConv': 0.95, '0:atom_Hcount:kDelta': 0.95, '0:atom_AtomicNumber_count_1:kDelta': 0.85, '0:atom_AtomicNumber_count_2:kDelta': 0.85, '0:atom_Chiral:kDelta': 0.85, '0:bond_Order:kDelta': 0.9, '0:bond_Stereo:kDelta': 0.95, '0:bond_RingStereo:kDelta': 0.95, '0:q:q': 0.15000000000000002, '1:atom_AtomicNumber:kDelta': 0.9, '1:atom_AtomicNumber_list_1:kConv': 0.8, '1:atom_AtomicNumber_list_2:kConv': 0.95, '1:atom_AtomicNumber_list_3:kConv': 0.8, '1:atom_AtomicNumber_list_4:kConv': 0.85, '1:atom_MorganHash:kDelta': 0.85, '1:atom_Ring_count:kDelta': 0.75, '1:atom_RingSize_list:kConv': 0.85, '1:atom_Hcount:kDelta': 0.95, '1:atom_AtomicNumber_count_1:kDelta': 1.0, '1:atom_AtomicNumber_count_2:kDelta': 0.8, '1:atom_Chiral:kDelta': 0.85, '1:bond_Order:kDelta': 0.85, '1:bond_Stereo:kDelta': 0.9, '1:bond_RingStereo:kDelta': 0.95, '1:q:q': 0.27, '2:features_kernel:Matern32': 22.0, '3:features_kernel:Matern32': 24.0, '4:features_kernel:Matern32': 11.0, '5:features_kernel:Matern32': 15.0, '6:features_kernel:Matern32': 12.0, '7:features_kernel:Matern32': 4.0, '8:features_kernel:Matern32': 25.0, '9:features_kernel:Matern32': 19.0, '10:features_kernel:Matern32': 17.0, '11:features_kernel:Matern32': 30.0, '12:features_kernel:Matern32': 26.0, '13:features_kernel:Matern32': 15.0, '14:features_kernel:Matern32': 25.0, 'alpha': 0.033}. Best is trial 5 with value: 2.057133565860435.
[I 2026-05-04 18:29:27,850] Trial 24 finished with value: 2.087248663083686 and parameters: {'0:atom_AtomicNumber:kDelta': 0.8, '0:atom_AtomicNumber_list_1:kConv': 0.75, '0:atom_AtomicNumber_list_2:kConv': 1.0, '0:atom_AtomicNumber_list_3:kConv': 1.0, '0:atom_AtomicNumber_list_4:kConv': 0.85, '0:atom_MorganHash:kDelta': 0.8, '0:atom_Ring_count:kDelta': 0.9, '0:atom_RingSize_list:kConv': 0.9, '0:atom_Hcount:kDelta': 1.0, '0:atom_AtomicNumber_count_1:kDelta': 0.95, '0:atom_AtomicNumber_count_2:kDelta': 0.95, '0:atom_Chiral:kDelta': 0.9, '0:bond_Order:kDelta': 0.95, '0:bond_Stereo:kDelta': 1.0, '0:bond_RingStereo:kDelta': 0.9, '0:q:q': 0.08, '1:atom_AtomicNumber:kDelta': 0.8, '1:atom_AtomicNumber_list_1:kConv': 0.95, '1:atom_AtomicNumber_list_2:kConv': 0.9, '1:atom_AtomicNumber_list_3:kConv': 0.75, '1:atom_AtomicNumber_list_4:kConv': 0.95, '1:atom_MorganHash:kDelta': 0.8, '1:atom_Ring_count:kDelta': 0.85, '1:atom_RingSize_list:kConv': 0.9, '1:atom_Hcount:kDelta': 1.0, '1:atom_AtomicNumber_count_1:kDelta': 0.85, '1:atom_AtomicNumber_count_2:kDelta': 0.85, '1:atom_Chiral:kDelta': 0.75, '1:bond_Order:kDelta': 0.9, '1:bond_Stereo:kDelta': 0.8, '1:bond_RingStereo:kDelta': 0.95, '1:q:q': 0.14, '2:features_kernel:Matern32': 18.0, '3:features_kernel:Matern32': 23.0, '4:features_kernel:Matern32': 18.0, '5:features_kernel:Matern32': 8.0, '6:features_kernel:Matern32': 26.0, '7:features_kernel:Matern32': 12.0, '8:features_kernel:Matern32': 30.0, '9:features_kernel:Matern32': 16.0, '10:features_kernel:Matern32': 15.0, '11:features_kernel:Matern32': 18.0, '12:features_kernel:Matern32': 30.0, '13:features_kernel:Matern32': 10.0, '14:features_kernel:Matern32': 23.0, 'alpha': 0.044000000000000004}. Best is trial 5 with value: 2.057133565860435.
[I 2026-05-04 19:05:43,320] Trial 25 finished with value: 2.098839646032092 and parameters: {'0:atom_AtomicNumber:kDelta': 0.75, '0:atom_AtomicNumber_list_1:kConv': 0.9, '0:atom_AtomicNumber_list_2:kConv': 0.95, '0:atom_AtomicNumber_list_3:kConv': 0.95, '0:atom_AtomicNumber_list_4:kConv': 0.95, '0:atom_MorganHash:kDelta': 0.95, '0:atom_Ring_count:kDelta': 0.85, '0:atom_RingSize_list:kConv': 0.85, '0:atom_Hcount:kDelta': 0.9, '0:atom_AtomicNumber_count_1:kDelta': 0.9, '0:atom_AtomicNumber_count_2:kDelta': 0.9, '0:atom_Chiral:kDelta': 0.95, '0:bond_Order:kDelta': 1.0, '0:bond_Stereo:kDelta': 0.95, '0:bond_RingStereo:kDelta': 1.0, '0:q:q': 0.14, '1:atom_AtomicNumber:kDelta': 0.95, '1:atom_AtomicNumber_list_1:kConv': 0.9, '1:atom_AtomicNumber_list_2:kConv': 0.85, '1:atom_AtomicNumber_list_3:kConv': 0.85, '1:atom_AtomicNumber_list_4:kConv': 0.8, '1:atom_MorganHash:kDelta': 0.75, '1:atom_Ring_count:kDelta': 0.9, '1:atom_RingSize_list:kConv': 0.95, '1:atom_Hcount:kDelta': 0.95, '1:atom_AtomicNumber_count_1:kDelta': 0.95, '1:atom_AtomicNumber_count_2:kDelta': 0.9, '1:atom_Chiral:kDelta': 0.8, '1:bond_Order:kDelta': 0.95, '1:bond_Stereo:kDelta': 0.95, '1:bond_RingStereo:kDelta': 1.0, '1:q:q': 0.23, '2:features_kernel:Matern32': 12.0, '3:features_kernel:Matern32': 17.0, '4:features_kernel:Matern32': 15.0, '5:features_kernel:Matern32': 10.0, '6:features_kernel:Matern32': 17.0, '7:features_kernel:Matern32': 8.0, '8:features_kernel:Matern32': 19.0, '9:features_kernel:Matern32': 23.0, '10:features_kernel:Matern32': 9.0, '11:features_kernel:Matern32': 25.0, '12:features_kernel:Matern32': 17.0, '13:features_kernel:Matern32': 2.0, '14:features_kernel:Matern32': 20.0, 'alpha': 0.014000000000000002}. Best is trial 5 with value: 2.057133565860435.
[I 2026-05-04 19:46:13,897] Trial 26 finished with value: 2.1062824827218014 and parameters: {'0:atom_AtomicNumber:kDelta': 0.85, '0:atom_AtomicNumber_list_1:kConv': 0.8, '0:atom_AtomicNumber_list_2:kConv': 1.0, '0:atom_AtomicNumber_list_3:kConv': 0.9, '0:atom_AtomicNumber_list_4:kConv': 0.9, '0:atom_MorganHash:kDelta': 0.85, '0:atom_Ring_count:kDelta': 0.95, '0:atom_RingSize_list:kConv': 0.9, '0:atom_Hcount:kDelta': 0.95, '0:atom_AtomicNumber_count_1:kDelta': 0.85, '0:atom_AtomicNumber_count_2:kDelta': 1.0, '0:atom_Chiral:kDelta': 0.85, '0:bond_Order:kDelta': 0.85, '0:bond_Stereo:kDelta': 0.9, '0:bond_RingStereo:kDelta': 0.95, '0:q:q': 0.01, '1:atom_AtomicNumber:kDelta': 1.0, '1:atom_AtomicNumber_list_1:kConv': 0.85, '1:atom_AtomicNumber_list_2:kConv': 0.9, '1:atom_AtomicNumber_list_3:kConv': 0.8, '1:atom_AtomicNumber_list_4:kConv': 0.75, '1:atom_MorganHash:kDelta': 0.9, '1:atom_Ring_count:kDelta': 0.8, '1:atom_RingSize_list:kConv': 0.85, '1:atom_Hcount:kDelta': 1.0, '1:atom_AtomicNumber_count_1:kDelta': 0.9, '1:atom_AtomicNumber_count_2:kDelta': 0.95, '1:atom_Chiral:kDelta': 0.85, '1:bond_Order:kDelta': 0.85, '1:bond_Stereo:kDelta': 0.85, '1:bond_RingStereo:kDelta': 0.9, '1:q:q': 0.3, '2:features_kernel:Matern32': 22.0, '3:features_kernel:Matern32': 30.0, '4:features_kernel:Matern32': 8.0, '5:features_kernel:Matern32': 14.0, '6:features_kernel:Matern32': 22.0, '7:features_kernel:Matern32': 5.0, '8:features_kernel:Matern32': 24.0, '9:features_kernel:Matern32': 27.0, '10:features_kernel:Matern32': 23.0, '11:features_kernel:Matern32': 17.0, '12:features_kernel:Matern32': 21.0, '13:features_kernel:Matern32': 16.0, '14:features_kernel:Matern32': 27.0, 'alpha': 0.027000000000000003}. Best is trial 5 with value: 2.057133565860435.
[I 2026-05-04 20:15:35,318] Trial 27 finished with value: 2.1322914905727277 and parameters: {'0:atom_AtomicNumber:kDelta': 0.8, '0:atom_AtomicNumber_list_1:kConv': 0.85, '0:atom_AtomicNumber_list_2:kConv': 0.95, '0:atom_AtomicNumber_list_3:kConv': 1.0, '0:atom_AtomicNumber_list_4:kConv': 0.8, '0:atom_MorganHash:kDelta': 1.0, '0:atom_Ring_count:kDelta': 1.0, '0:atom_RingSize_list:kConv': 0.95, '0:atom_Hcount:kDelta': 0.8, '0:atom_AtomicNumber_count_1:kDelta': 0.95, '0:atom_AtomicNumber_count_2:kDelta': 0.95, '0:atom_Chiral:kDelta': 0.8, '0:bond_Order:kDelta': 0.9, '0:bond_Stereo:kDelta': 1.0, '0:bond_RingStereo:kDelta': 0.9, '0:q:q': 0.21000000000000002, '1:atom_AtomicNumber:kDelta': 0.9, '1:atom_AtomicNumber_list_1:kConv': 0.95, '1:atom_AtomicNumber_list_2:kConv': 0.95, '1:atom_AtomicNumber_list_3:kConv': 0.75, '1:atom_AtomicNumber_list_4:kConv': 0.85, '1:atom_MorganHash:kDelta': 0.85, '1:atom_Ring_count:kDelta': 0.85, '1:atom_RingSize_list:kConv': 0.8, '1:atom_Hcount:kDelta': 0.95, '1:atom_AtomicNumber_count_1:kDelta': 0.85, '1:atom_AtomicNumber_count_2:kDelta': 0.85, '1:atom_Chiral:kDelta': 0.75, '1:bond_Order:kDelta': 0.8, '1:bond_Stereo:kDelta': 0.9, '1:bond_RingStereo:kDelta': 0.95, '1:q:q': 0.42000000000000004, '2:features_kernel:Matern32': 27.0, '3:features_kernel:Matern32': 12.0, '4:features_kernel:Matern32': 5.0, '5:features_kernel:Matern32': 25.0, '6:features_kernel:Matern32': 16.0, '7:features_kernel:Matern32': 13.0, '8:features_kernel:Matern32': 28.0, '9:features_kernel:Matern32': 13.0, '10:features_kernel:Matern32': 10.0, '11:features_kernel:Matern32': 21.0, '12:features_kernel:Matern32': 25.0, '13:features_kernel:Matern32': 5.0, '14:features_kernel:Matern32': 28.0, 'alpha': 0.009000000000000001}. Best is trial 5 with value: 2.057133565860435.
[I 2026-05-04 20:53:41,135] Trial 28 finished with value: 2.0780927363827693 and parameters: {'0:atom_AtomicNumber:kDelta': 0.75, '0:atom_AtomicNumber_list_1:kConv': 0.75, '0:atom_AtomicNumber_list_2:kConv': 0.9, '0:atom_AtomicNumber_list_3:kConv': 0.85, '0:atom_AtomicNumber_list_4:kConv': 0.75, '0:atom_MorganHash:kDelta': 0.9, '0:atom_Ring_count:kDelta': 0.75, '0:atom_RingSize_list:kConv': 0.85, '0:atom_Hcount:kDelta': 1.0, '0:atom_AtomicNumber_count_1:kDelta': 0.9, '0:atom_AtomicNumber_count_2:kDelta': 0.9, '0:atom_Chiral:kDelta': 0.9, '0:bond_Order:kDelta': 0.95, '0:bond_Stereo:kDelta': 0.95, '0:bond_RingStereo:kDelta': 1.0, '0:q:q': 0.09, '1:atom_AtomicNumber:kDelta': 0.95, '1:atom_AtomicNumber_list_1:kConv': 1.0, '1:atom_AtomicNumber_list_2:kConv': 0.85, '1:atom_AtomicNumber_list_3:kConv': 0.85, '1:atom_AtomicNumber_list_4:kConv': 0.8, '1:atom_MorganHash:kDelta': 0.8, '1:atom_Ring_count:kDelta': 0.75, '1:atom_RingSize_list:kConv': 0.9, '1:atom_Hcount:kDelta': 1.0, '1:atom_AtomicNumber_count_1:kDelta': 0.95, '1:atom_AtomicNumber_count_2:kDelta': 0.9, '1:atom_Chiral:kDelta': 0.9, '1:bond_Order:kDelta': 0.9, '1:bond_Stereo:kDelta': 0.8, '1:bond_RingStereo:kDelta': 0.8, '1:q:q': 0.25, '2:features_kernel:Matern32': 13.0, '3:features_kernel:Matern32': 19.0, '4:features_kernel:Matern32': 20.0, '5:features_kernel:Matern32': 18.0, '6:features_kernel:Matern32': 23.0, '7:features_kernel:Matern32': 17.0, '8:features_kernel:Matern32': 18.0, '9:features_kernel:Matern32': 28.0, '10:features_kernel:Matern32': 4.0, '11:features_kernel:Matern32': 28.0, '12:features_kernel:Matern32': 27.0, '13:features_kernel:Matern32': 21.0, '14:features_kernel:Matern32': 24.0, 'alpha': 0.045}. Best is trial 5 with value: 2.057133565860435.
[I 2026-05-04 21:34:09,611] Trial 29 finished with value: 2.0808283517980337 and parameters: {'0:atom_AtomicNumber:kDelta': 0.85, '0:atom_AtomicNumber_list_1:kConv': 0.8, '0:atom_AtomicNumber_list_2:kConv': 0.95, '0:atom_AtomicNumber_list_3:kConv': 0.75, '0:atom_AtomicNumber_list_4:kConv': 0.75, '0:atom_MorganHash:kDelta': 0.85, '0:atom_Ring_count:kDelta': 0.9, '0:atom_RingSize_list:kConv': 0.85, '0:atom_Hcount:kDelta': 0.9, '0:atom_AtomicNumber_count_1:kDelta': 0.9, '0:atom_AtomicNumber_count_2:kDelta': 0.85, '0:atom_Chiral:kDelta': 0.95, '0:bond_Order:kDelta': 0.9, '0:bond_Stereo:kDelta': 0.9, '0:bond_RingStereo:kDelta': 0.85, '0:q:q': 0.04, '1:atom_AtomicNumber:kDelta': 0.95, '1:atom_AtomicNumber_list_1:kConv': 0.85, '1:atom_AtomicNumber_list_2:kConv': 1.0, '1:atom_AtomicNumber_list_3:kConv': 0.9, '1:atom_AtomicNumber_list_4:kConv': 0.75, '1:atom_MorganHash:kDelta': 0.75, '1:atom_Ring_count:kDelta': 0.8, '1:atom_RingSize_list:kConv': 0.95, '1:atom_Hcount:kDelta': 0.95, '1:atom_AtomicNumber_count_1:kDelta': 0.9, '1:atom_AtomicNumber_count_2:kDelta': 0.8, '1:atom_Chiral:kDelta': 1.0, '1:bond_Order:kDelta': 0.85, '1:bond_Stereo:kDelta': 0.85, '1:bond_RingStereo:kDelta': 1.0, '1:q:q': 0.16, '2:features_kernel:Matern32': 17.0, '3:features_kernel:Matern32': 27.0, '4:features_kernel:Matern32': 15.0, '5:features_kernel:Matern32': 1.0, '6:features_kernel:Matern32': 27.0, '7:features_kernel:Matern32': 10.0, '8:features_kernel:Matern32': 11.0, '9:features_kernel:Matern32': 24.0, '10:features_kernel:Matern32': 19.0, '11:features_kernel:Matern32': 22.0, '12:features_kernel:Matern32': 16.0, '13:features_kernel:Matern32': 28.0, '14:features_kernel:Matern32': 11.0, 'alpha': 0.041}. Best is trial 5 with value: 2.057133565860435.
[I 2026-05-04 22:26:43,397] Trial 30 finished with value: 2.1360839622980894 and parameters: {'0:atom_AtomicNumber:kDelta': 0.8, '0:atom_AtomicNumber_list_1:kConv': 0.95, '0:atom_AtomicNumber_list_2:kConv': 1.0, '0:atom_AtomicNumber_list_3:kConv': 0.95, '0:atom_AtomicNumber_list_4:kConv': 0.85, '0:atom_MorganHash:kDelta': 0.9, '0:atom_Ring_count:kDelta': 0.85, '0:atom_RingSize_list:kConv': 0.75, '0:atom_Hcount:kDelta': 0.95, '0:atom_AtomicNumber_count_1:kDelta': 0.8, '0:atom_AtomicNumber_count_2:kDelta': 1.0, '0:atom_Chiral:kDelta': 0.85, '0:bond_Order:kDelta': 1.0, '0:bond_Stereo:kDelta': 1.0, '0:bond_RingStereo:kDelta': 0.95, '0:q:q': 0.17, '1:atom_AtomicNumber:kDelta': 1.0, '1:atom_AtomicNumber_list_1:kConv': 0.8, '1:atom_AtomicNumber_list_2:kConv': 0.75, '1:atom_AtomicNumber_list_3:kConv': 0.8, '1:atom_AtomicNumber_list_4:kConv': 0.75, '1:atom_MorganHash:kDelta': 0.85, '1:atom_Ring_count:kDelta': 0.9, '1:atom_RingSize_list:kConv': 0.85, '1:atom_Hcount:kDelta': 0.85, '1:atom_AtomicNumber_count_1:kDelta': 0.9, '1:atom_AtomicNumber_count_2:kDelta': 0.95, '1:atom_Chiral:kDelta': 0.8, '1:bond_Order:kDelta': 0.85, '1:bond_Stereo:kDelta': 0.8, '1:bond_RingStereo:kDelta': 0.95, '1:q:q': 0.01, '2:features_kernel:Matern32': 23.0, '3:features_kernel:Matern32': 22.0, '4:features_kernel:Matern32': 24.0, '5:features_kernel:Matern32': 27.0, '6:features_kernel:Matern32': 13.0, '7:features_kernel:Matern32': 1.0, '8:features_kernel:Matern32': 15.0, '9:features_kernel:Matern32': 21.0, '10:features_kernel:Matern32': 25.0, '11:features_kernel:Matern32': 12.0, '12:features_kernel:Matern32': 21.0, '13:features_kernel:Matern32': 24.0, '14:features_kernel:Matern32': 16.0, 'alpha': 0.032}. Best is trial 5 with value: 2.057133565860435.
[I 2026-05-04 23:07:49,910] Trial 31 finished with value: 2.0619131255396077 and parameters: {'0:atom_AtomicNumber:kDelta': 0.75, '0:atom_AtomicNumber_list_1:kConv': 0.85, '0:atom_AtomicNumber_list_2:kConv': 0.9, '0:atom_AtomicNumber_list_3:kConv': 0.85, '0:atom_AtomicNumber_list_4:kConv': 0.8, '0:atom_MorganHash:kDelta': 0.85, '0:atom_Ring_count:kDelta': 0.75, '0:atom_RingSize_list:kConv': 0.8, '0:atom_Hcount:kDelta': 0.95, '0:atom_AtomicNumber_count_1:kDelta': 0.85, '0:atom_AtomicNumber_count_2:kDelta': 1.0, '0:atom_Chiral:kDelta': 0.9, '0:bond_Order:kDelta': 0.9, '0:bond_Stereo:kDelta': 0.85, '0:bond_RingStereo:kDelta': 1.0, '0:q:q': 0.2, '1:atom_AtomicNumber:kDelta': 0.95, '1:atom_AtomicNumber_list_1:kConv': 1.0, '1:atom_AtomicNumber_list_2:kConv': 0.8, '1:atom_AtomicNumber_list_3:kConv': 0.8, '1:atom_AtomicNumber_list_4:kConv': 0.8, '1:atom_MorganHash:kDelta': 0.75, '1:atom_Ring_count:kDelta': 1.0, '1:atom_RingSize_list:kConv': 0.9, '1:atom_Hcount:kDelta': 0.8, '1:atom_AtomicNumber_count_1:kDelta': 0.8, '1:atom_AtomicNumber_count_2:kDelta': 0.9, '1:atom_Chiral:kDelta': 0.75, '1:bond_Order:kDelta': 0.9, '1:bond_Stereo:kDelta': 0.8, '1:bond_RingStereo:kDelta': 0.95, '1:q:q': 0.08, '2:features_kernel:Matern32': 25.0, '3:features_kernel:Matern32': 25.0, '4:features_kernel:Matern32': 16.0, '5:features_kernel:Matern32': 30.0, '6:features_kernel:Matern32': 10.0, '7:features_kernel:Matern32': 6.0, '8:features_kernel:Matern32': 26.0, '9:features_kernel:Matern32': 30.0, '10:features_kernel:Matern32': 18.0, '11:features_kernel:Matern32': 5.0, '12:features_kernel:Matern32': 29.0, '13:features_kernel:Matern32': 19.0, '14:features_kernel:Matern32': 20.0, 'alpha': 0.034}. Best is trial 5 with value: 2.057133565860435.
[I 2026-05-04 23:49:41,455] Trial 32 finished with value: 2.0354967999540725 and parameters: {'0:atom_AtomicNumber:kDelta': 0.75, '0:atom_AtomicNumber_list_1:kConv': 0.85, '0:atom_AtomicNumber_list_2:kConv': 0.9, '0:atom_AtomicNumber_list_3:kConv': 0.8, '0:atom_AtomicNumber_list_4:kConv': 0.75, '0:atom_MorganHash:kDelta': 0.8, '0:atom_Ring_count:kDelta': 0.75, '0:atom_RingSize_list:kConv': 0.8, '0:atom_Hcount:kDelta': 1.0, '0:atom_AtomicNumber_count_1:kDelta': 0.85, '0:atom_AtomicNumber_count_2:kDelta': 1.0, '0:atom_Chiral:kDelta': 0.9, '0:bond_Order:kDelta': 0.95, '0:bond_Stereo:kDelta': 0.8, '0:bond_RingStereo:kDelta': 1.0, '0:q:q': 0.12, '1:atom_AtomicNumber:kDelta': 0.95, '1:atom_AtomicNumber_list_1:kConv': 1.0, '1:atom_AtomicNumber_list_2:kConv': 0.8, '1:atom_AtomicNumber_list_3:kConv': 0.75, '1:atom_AtomicNumber_list_4:kConv': 0.8, '1:atom_MorganHash:kDelta': 0.75, '1:atom_Ring_count:kDelta': 1.0, '1:atom_RingSize_list:kConv': 0.9, '1:atom_Hcount:kDelta': 0.8, '1:atom_AtomicNumber_count_1:kDelta': 0.8, '1:atom_AtomicNumber_count_2:kDelta': 0.9, '1:atom_Chiral:kDelta': 0.75, '1:bond_Order:kDelta': 0.9, '1:bond_Stereo:kDelta': 0.8, '1:bond_RingStereo:kDelta': 0.9, '1:q:q': 0.09, '2:features_kernel:Matern32': 26.0, '3:features_kernel:Matern32': 20.0, '4:features_kernel:Matern32': 18.0, '5:features_kernel:Matern32': 27.0, '6:features_kernel:Matern32': 10.0, '7:features_kernel:Matern32': 7.0, '8:features_kernel:Matern32': 28.0, '9:features_kernel:Matern32': 29.0, '10:features_kernel:Matern32': 18.0, '11:features_kernel:Matern32': 6.0, '12:features_kernel:Matern32': 30.0, '13:features_kernel:Matern32': 20.0, '14:features_kernel:Matern32': 20.0, 'alpha': 0.018000000000000002}. Best is trial 32 with value: 2.0354967999540725.
