[I 2026-05-06 23:54:49,989] Trial 5 finished with value: 9.80658396335545 and parameters: {'0:atom_AtomicNumber:kDelta': 0.75, '0:atom_AtomicNumber_list_1:kConv': 0.9, '0:atom_AtomicNumber_list_2:kConv': 0.95, '0:atom_AtomicNumber_list_3:kConv': 0.75, '0:atom_AtomicNumber_list_4:kConv': 0.85, '0:atom_MorganHash:kDelta': 0.75, '0:atom_Ring_count:kDelta': 0.8, '0:atom_RingSize_list:kConv': 0.8, '0:atom_Hcount:kDelta': 0.8, '0:atom_AtomicNumber_count_1:kDelta': 0.75, '0:atom_AtomicNumber_count_2:kDelta': 0.95, '0:atom_Chiral:kDelta': 0.75, '0:bond_Order:kDelta': 0.9, '0:bond_Stereo:kDelta': 0.8, '0:bond_RingStereo:kDelta': 0.9, '0:q:q': 0.15000000000000002, '1:features_kernel:Matern32': 12.0, '2:features_kernel:Matern32': 16.0, '3:features_kernel:Matern32': 4.0, '4:features_kernel:Matern32': 4.0, '5:features_kernel:Matern32': 26.0, '6:features_kernel:Matern32': 12.0, '7:features_kernel:Matern32': 6.0, '8:features_kernel:Matern32': 25.0, '9:features_kernel:Matern32': 28.0, '10:features_kernel:Matern32': 25.0, '11:features_kernel:Matern32': 22.0, 'alpha': 0.010000000000000002}. Best is trial 3 with value: 9.694288944198153.
[I 2026-05-06 23:54:55,836] Trial 6 finished with value: 10.333932011826674 and parameters: {'0:atom_AtomicNumber:kDelta': 1.0, '0:atom_AtomicNumber_list_1:kConv': 0.9, '0:atom_AtomicNumber_list_2:kConv': 1.0, '0:atom_AtomicNumber_list_3:kConv': 0.9, '0:atom_AtomicNumber_list_4:kConv': 0.75, '0:atom_MorganHash:kDelta': 1.0, '0:atom_Ring_count:kDelta': 0.75, '0:atom_RingSize_list:kConv': 0.95, '0:atom_Hcount:kDelta': 0.85, '0:atom_AtomicNumber_count_1:kDelta': 0.8, '0:atom_AtomicNumber_count_2:kDelta': 0.75, '0:atom_Chiral:kDelta': 0.95, '0:bond_Order:kDelta': 0.8, '0:bond_Stereo:kDelta': 0.9, '0:bond_RingStereo:kDelta': 1.0, '0:q:q': 0.11, '1:features_kernel:Matern32': 4.0, '2:features_kernel:Matern32': 12.0, '3:features_kernel:Matern32': 21.0, '4:features_kernel:Matern32': 29.0, '5:features_kernel:Matern32': 5.0, '6:features_kernel:Matern32': 14.0, '7:features_kernel:Matern32': 9.0, '8:features_kernel:Matern32': 7.0, '9:features_kernel:Matern32': 10.0, '10:features_kernel:Matern32': 24.0, '11:features_kernel:Matern32': 3.0, 'alpha': 0.08700000000000001}. Best is trial 3 with value: 9.694288944198153.
[I 2026-05-06 23:55:00,449] Trial 7 finished with value: 10.511868249968336 and parameters: {'0:atom_AtomicNumber:kDelta': 1.0, '0:atom_AtomicNumber_list_1:kConv': 0.95, '0:atom_AtomicNumber_list_2:kConv': 0.8, '0:atom_AtomicNumber_list_3:kConv': 0.75, '0:atom_AtomicNumber_list_4:kConv': 1.0, '0:atom_MorganHash:kDelta': 0.75, '0:atom_Ring_count:kDelta': 0.85, '0:atom_RingSize_list:kConv': 0.85, '0:atom_Hcount:kDelta': 0.75, '0:atom_AtomicNumber_count_1:kDelta': 1.0, '0:atom_AtomicNumber_count_2:kDelta': 0.8, '0:atom_Chiral:kDelta': 0.95, '0:bond_Order:kDelta': 1.0, '0:bond_Stereo:kDelta': 0.95, '0:bond_RingStereo:kDelta': 0.75, '0:q:q': 0.4, '1:features_kernel:Matern32': 7.0, '2:features_kernel:Matern32': 29.0, '3:features_kernel:Matern32': 3.0, '4:features_kernel:Matern32': 20.0, '5:features_kernel:Matern32': 19.0, '6:features_kernel:Matern32': 15.0, '7:features_kernel:Matern32': 5.0, '8:features_kernel:Matern32': 8.0, '9:features_kernel:Matern32': 22.0, '10:features_kernel:Matern32': 29.0, '11:features_kernel:Matern32': 28.0, 'alpha': 0.074}. Best is trial 3 with value: 9.694288944198153.
[I 2026-05-06 23:55:05,240] Trial 8 finished with value: 10.381536943386811 and parameters: {'0:atom_AtomicNumber:kDelta': 0.8, '0:atom_AtomicNumber_list_1:kConv': 0.95, '0:atom_AtomicNumber_list_2:kConv': 0.8, '0:atom_AtomicNumber_list_3:kConv': 0.8, '0:atom_AtomicNumber_list_4:kConv': 0.95, '0:atom_MorganHash:kDelta': 0.95, '0:atom_Ring_count:kDelta': 0.8, '0:atom_RingSize_list:kConv': 0.75, '0:atom_Hcount:kDelta': 0.75, '0:atom_AtomicNumber_count_1:kDelta': 0.85, '0:atom_AtomicNumber_count_2:kDelta': 0.95, '0:atom_Chiral:kDelta': 0.8, '0:bond_Order:kDelta': 0.9, '0:bond_Stereo:kDelta': 0.8, '0:bond_RingStereo:kDelta': 0.8, '0:q:q': 0.35000000000000003, '1:features_kernel:Matern32': 16.0, '2:features_kernel:Matern32': 27.0, '3:features_kernel:Matern32': 25.0, '4:features_kernel:Matern32': 9.0, '5:features_kernel:Matern32': 1.0, '6:features_kernel:Matern32': 20.0, '7:features_kernel:Matern32': 27.0, '8:features_kernel:Matern32': 26.0, '9:features_kernel:Matern32': 1.0, '10:features_kernel:Matern32': 5.0, '11:features_kernel:Matern32': 6.0, 'alpha': 0.029}. Best is trial 3 with value: 9.694288944198153.
[I 2026-05-06 23:55:10,081] Trial 9 finished with value: 10.738962304721507 and parameters: {'0:atom_AtomicNumber:kDelta': 0.8, '0:atom_AtomicNumber_list_1:kConv': 0.75, '0:atom_AtomicNumber_list_2:kConv': 0.85, '0:atom_AtomicNumber_list_3:kConv': 1.0, '0:atom_AtomicNumber_list_4:kConv': 0.75, '0:atom_MorganHash:kDelta': 0.95, '0:atom_Ring_count:kDelta': 0.75, '0:atom_RingSize_list:kConv': 0.75, '0:atom_Hcount:kDelta': 0.85, '0:atom_AtomicNumber_count_1:kDelta': 1.0, '0:atom_AtomicNumber_count_2:kDelta': 0.8, '0:atom_Chiral:kDelta': 1.0, '0:bond_Order:kDelta': 0.75, '0:bond_Stereo:kDelta': 1.0, '0:bond_RingStereo:kDelta': 0.9, '0:q:q': 0.42000000000000004, '1:features_kernel:Matern32': 15.0, '2:features_kernel:Matern32': 8.0, '3:features_kernel:Matern32': 26.0, '4:features_kernel:Matern32': 11.0, '5:features_kernel:Matern32': 22.0, '6:features_kernel:Matern32': 29.0, '7:features_kernel:Matern32': 28.0, '8:features_kernel:Matern32': 16.0, '9:features_kernel:Matern32': 8.0, '10:features_kernel:Matern32': 24.0, '11:features_kernel:Matern32': 2.0, 'alpha': 0.09}. Best is trial 3 with value: 9.694288944198153.
[I 2026-05-06 23:55:15,279] Trial 10 finished with value: 10.189815829545877 and parameters: {'0:atom_AtomicNumber:kDelta': 0.9, '0:atom_AtomicNumber_list_1:kConv': 0.8, '0:atom_AtomicNumber_list_2:kConv': 0.9, '0:atom_AtomicNumber_list_3:kConv': 0.85, '0:atom_AtomicNumber_list_4:kConv': 0.95, '0:atom_MorganHash:kDelta': 0.85, '0:atom_Ring_count:kDelta': 1.0, '0:atom_RingSize_list:kConv': 0.95, '0:atom_Hcount:kDelta': 1.0, '0:atom_AtomicNumber_count_1:kDelta': 0.9, '0:atom_AtomicNumber_count_2:kDelta': 1.0, '0:atom_Chiral:kDelta': 0.75, '0:bond_Order:kDelta': 0.85, '0:bond_Stereo:kDelta': 0.75, '0:bond_RingStereo:kDelta': 0.95, '0:q:q': 0.24000000000000002, '1:features_kernel:Matern32': 24.0, '2:features_kernel:Matern32': 21.0, '3:features_kernel:Matern32': 12.0, '4:features_kernel:Matern32': 3.0, '5:features_kernel:Matern32': 14.0, '6:features_kernel:Matern32': 21.0, '7:features_kernel:Matern32': 24.0, '8:features_kernel:Matern32': 3.0, '9:features_kernel:Matern32': 15.0, '10:features_kernel:Matern32': 11.0, '11:features_kernel:Matern32': 30.0, 'alpha': 0.042}. Best is trial 3 with value: 9.694288944198153.
[I 2026-05-06 23:55:20,340] Trial 11 finished with value: 10.649917853509587 and parameters: {'0:atom_AtomicNumber:kDelta': 0.85, '0:atom_AtomicNumber_list_1:kConv': 0.85, '0:atom_AtomicNumber_list_2:kConv': 0.9, '0:atom_AtomicNumber_list_3:kConv': 0.85, '0:atom_AtomicNumber_list_4:kConv': 0.85, '0:atom_MorganHash:kDelta': 0.8, '0:atom_Ring_count:kDelta': 0.9, '0:atom_RingSize_list:kConv': 0.9, '0:atom_Hcount:kDelta': 0.8, '0:atom_AtomicNumber_count_1:kDelta': 0.75, '0:atom_AtomicNumber_count_2:kDelta': 1.0, '0:atom_Chiral:kDelta': 0.75, '0:bond_Order:kDelta': 0.9, '0:bond_Stereo:kDelta': 0.8, '0:bond_RingStereo:kDelta': 0.9, '0:q:q': 0.23, '1:features_kernel:Matern32': 21.0, '2:features_kernel:Matern32': 1.0, '3:features_kernel:Matern32': 7.0, '4:features_kernel:Matern32': 1.0, '5:features_kernel:Matern32': 30.0, '6:features_kernel:Matern32': 11.0, '7:features_kernel:Matern32': 2.0, '8:features_kernel:Matern32': 10.0, '9:features_kernel:Matern32': 20.0, '10:features_kernel:Matern32': 17.0, '11:features_kernel:Matern32': 22.0, 'alpha': 0.002}. Best is trial 3 with value: 9.694288944198153.
[I 2026-05-06 23:55:25,919] Trial 12 finished with value: 9.695731919427654 and parameters: {'0:atom_AtomicNumber:kDelta': 0.8, '0:atom_AtomicNumber_list_1:kConv': 0.9, '0:atom_AtomicNumber_list_2:kConv': 1.0, '0:atom_AtomicNumber_list_3:kConv': 0.8, '0:atom_AtomicNumber_list_4:kConv': 0.85, '0:atom_MorganHash:kDelta': 0.8, '0:atom_Ring_count:kDelta': 0.8, '0:atom_RingSize_list:kConv': 0.8, '0:atom_Hcount:kDelta': 0.8, '0:atom_AtomicNumber_count_1:kDelta': 0.75, '0:atom_AtomicNumber_count_2:kDelta': 0.95, '0:atom_Chiral:kDelta': 0.85, '0:bond_Order:kDelta': 0.95, '0:bond_Stereo:kDelta': 0.8, '0:bond_RingStereo:kDelta': 0.9, '0:q:q': 0.17, '1:features_kernel:Matern32': 19.0, '2:features_kernel:Matern32': 19.0, '3:features_kernel:Matern32': 8.0, '4:features_kernel:Matern32': 5.0, '5:features_kernel:Matern32': 14.0, '6:features_kernel:Matern32': 8.0, '7:features_kernel:Matern32': 13.0, '8:features_kernel:Matern32': 1.0, '9:features_kernel:Matern32': 14.0, '10:features_kernel:Matern32': 30.0, '11:features_kernel:Matern32': 23.0, 'alpha': 0.004}. Best is trial 3 with value: 9.694288944198153.
[I 2026-05-06 23:55:30,343] Trial 13 finished with value: 10.020376492856567 and parameters: {'0:atom_AtomicNumber:kDelta': 0.85, '0:atom_AtomicNumber_list_1:kConv': 0.85, '0:atom_AtomicNumber_list_2:kConv': 0.75, '0:atom_AtomicNumber_list_3:kConv': 0.8, '0:atom_AtomicNumber_list_4:kConv': 0.8, '0:atom_MorganHash:kDelta': 0.8, '0:atom_Ring_count:kDelta': 0.95, '0:atom_RingSize_list:kConv': 0.9, '0:atom_Hcount:kDelta': 0.8, '0:atom_AtomicNumber_count_1:kDelta': 0.75, '0:atom_AtomicNumber_count_2:kDelta': 1.0, '0:atom_Chiral:kDelta': 0.85, '0:bond_Order:kDelta': 0.95, '0:bond_Stereo:kDelta': 0.85, '0:bond_RingStereo:kDelta': 0.95, '0:q:q': 0.49, '1:features_kernel:Matern32': 21.0, '2:features_kernel:Matern32': 22.0, '3:features_kernel:Matern32': 12.0, '4:features_kernel:Matern32': 7.0, '5:features_kernel:Matern32': 14.0, '6:features_kernel:Matern32': 6.0, '7:features_kernel:Matern32': 15.0, '8:features_kernel:Matern32': 1.0, '9:features_kernel:Matern32': 14.0, '10:features_kernel:Matern32': 8.0, '11:features_kernel:Matern32': 25.0, 'alpha': 0.027000000000000003}. Best is trial 3 with value: 9.694288944198153.
[I 2026-05-06 23:55:35,739] Trial 14 finished with value: 11.807829065991232 and parameters: {'0:atom_AtomicNumber:kDelta': 0.8, '0:atom_AtomicNumber_list_1:kConv': 1.0, '0:atom_AtomicNumber_list_2:kConv': 1.0, '0:atom_AtomicNumber_list_3:kConv': 0.95, '0:atom_AtomicNumber_list_4:kConv': 0.95, '0:atom_MorganHash:kDelta': 0.8, '0:atom_Ring_count:kDelta': 0.95, '0:atom_RingSize_list:kConv': 1.0, '0:atom_Hcount:kDelta': 1.0, '0:atom_AtomicNumber_count_1:kDelta': 0.85, '0:atom_AtomicNumber_count_2:kDelta': 0.9, '0:atom_Chiral:kDelta': 0.9, '0:bond_Order:kDelta': 0.95, '0:bond_Stereo:kDelta': 0.75, '0:bond_RingStereo:kDelta': 0.8, '0:q:q': 0.2, '1:features_kernel:Matern32': 29.0, '2:features_kernel:Matern32': 20.0, '3:features_kernel:Matern32': 9.0, '4:features_kernel:Matern32': 16.0, '5:features_kernel:Matern32': 11.0, '6:features_kernel:Matern32': 1.0, '7:features_kernel:Matern32': 13.0, '8:features_kernel:Matern32': 5.0, '9:features_kernel:Matern32': 12.0, '10:features_kernel:Matern32': 18.0, '11:features_kernel:Matern32': 15.0, 'alpha': 0.051000000000000004}. Best is trial 3 with value: 9.694288944198153.
[I 2026-05-06 23:55:40,548] Trial 15 finished with value: 9.53003005832217 and parameters: {'0:atom_AtomicNumber:kDelta': 0.9, '0:atom_AtomicNumber_list_1:kConv': 0.75, '0:atom_AtomicNumber_list_2:kConv': 0.85, '0:atom_AtomicNumber_list_3:kConv': 0.8, '0:atom_AtomicNumber_list_4:kConv': 0.85, '0:atom_MorganHash:kDelta': 0.8, '0:atom_Ring_count:kDelta': 0.8, '0:atom_RingSize_list:kConv': 0.8, '0:atom_Hcount:kDelta': 0.8, '0:atom_AtomicNumber_count_1:kDelta': 0.75, '0:atom_AtomicNumber_count_2:kDelta': 0.95, '0:atom_Chiral:kDelta': 0.85, '0:bond_Order:kDelta': 0.85, '0:bond_Stereo:kDelta': 0.85, '0:bond_RingStereo:kDelta': 0.85, '0:q:q': 0.3, '1:features_kernel:Matern32': 20.0, '2:features_kernel:Matern32': 30.0, '3:features_kernel:Matern32': 17.0, '4:features_kernel:Matern32': 6.0, '5:features_kernel:Matern32': 20.0, '6:features_kernel:Matern32': 19.0, '7:features_kernel:Matern32': 21.0, '8:features_kernel:Matern32': 11.0, '9:features_kernel:Matern32': 19.0, '10:features_kernel:Matern32': 30.0, '11:features_kernel:Matern32': 18.0, 'alpha': 0.001}. Best is trial 15 with value: 9.53003005832217.
[I 2026-05-06 23:55:45,648] Trial 16 finished with value: 10.379656607063362 and parameters: {'0:atom_AtomicNumber:kDelta': 0.9, '0:atom_AtomicNumber_list_1:kConv': 0.75, '0:atom_AtomicNumber_list_2:kConv': 0.85, '0:atom_AtomicNumber_list_3:kConv': 0.85, '0:atom_AtomicNumber_list_4:kConv': 0.8, '0:atom_MorganHash:kDelta': 0.75, '0:atom_Ring_count:kDelta': 0.85, '0:atom_RingSize_list:kConv': 0.85, '0:atom_Hcount:kDelta': 0.85, '0:atom_AtomicNumber_count_1:kDelta': 0.8, '0:atom_AtomicNumber_count_2:kDelta': 1.0, '0:atom_Chiral:kDelta': 0.9, '0:bond_Order:kDelta': 0.8, '0:bond_Stereo:kDelta': 0.85, '0:bond_RingStereo:kDelta': 0.8, '0:q:q': 0.3, '1:features_kernel:Matern32': 24.0, '2:features_kernel:Matern32': 25.0, '3:features_kernel:Matern32': 17.0, '4:features_kernel:Matern32': 13.0, '5:features_kernel:Matern32': 19.0, '6:features_kernel:Matern32': 20.0, '7:features_kernel:Matern32': 21.0, '8:features_kernel:Matern32': 12.0, '9:features_kernel:Matern32': 20.0, '10:features_kernel:Matern32': 8.0, '11:features_kernel:Matern32': 17.0, 'alpha': 0.022000000000000002}. Best is trial 15 with value: 9.53003005832217.
[I 2026-05-06 23:55:50,590] Trial 17 finished with value: 10.805427026828722 and parameters: {'0:atom_AtomicNumber:kDelta': 0.95, '0:atom_AtomicNumber_list_1:kConv': 0.75, '0:atom_AtomicNumber_list_2:kConv': 0.85, '0:atom_AtomicNumber_list_3:kConv': 0.9, '0:atom_AtomicNumber_list_4:kConv': 0.9, '0:atom_MorganHash:kDelta': 0.85, '0:atom_Ring_count:kDelta': 0.9, '0:atom_RingSize_list:kConv': 0.9, '0:atom_Hcount:kDelta': 0.95, '0:atom_AtomicNumber_count_1:kDelta': 0.9, '0:atom_AtomicNumber_count_2:kDelta': 0.9, '0:atom_Chiral:kDelta': 0.8, '0:bond_Order:kDelta': 0.85, '0:bond_Stereo:kDelta': 0.9, '0:bond_RingStereo:kDelta': 0.85, '0:q:q': 0.3, '1:features_kernel:Matern32': 24.0, '2:features_kernel:Matern32': 30.0, '3:features_kernel:Matern32': 20.0, '4:features_kernel:Matern32': 7.0, '5:features_kernel:Matern32': 19.0, '6:features_kernel:Matern32': 25.0, '7:features_kernel:Matern32': 21.0, '8:features_kernel:Matern32': 13.0, '9:features_kernel:Matern32': 18.0, '10:features_kernel:Matern32': 20.0, '11:features_kernel:Matern32': 12.0, 'alpha': 0.042}. Best is trial 15 with value: 9.53003005832217.
[I 2026-05-06 23:55:55,531] Trial 18 finished with value: 11.181191444037406 and parameters: {'0:atom_AtomicNumber:kDelta': 0.85, '0:atom_AtomicNumber_list_1:kConv': 0.8, '0:atom_AtomicNumber_list_2:kConv': 0.75, '0:atom_AtomicNumber_list_3:kConv': 0.8, '0:atom_AtomicNumber_list_4:kConv': 1.0, '0:atom_MorganHash:kDelta': 0.8, '0:atom_Ring_count:kDelta': 0.8, '0:atom_RingSize_list:kConv': 0.8, '0:atom_Hcount:kDelta': 0.8, '0:atom_AtomicNumber_count_1:kDelta': 0.85, '0:atom_AtomicNumber_count_2:kDelta': 0.95, '0:atom_Chiral:kDelta': 0.9, '0:bond_Order:kDelta': 0.85, '0:bond_Stereo:kDelta': 0.85, '0:bond_RingStereo:kDelta': 0.75, '0:q:q': 0.29000000000000004, '1:features_kernel:Matern32': 18.0, '2:features_kernel:Matern32': 24.0, '3:features_kernel:Matern32': 29.0, '4:features_kernel:Matern32': 16.0, '5:features_kernel:Matern32': 26.0, '6:features_kernel:Matern32': 18.0, '7:features_kernel:Matern32': 30.0, '8:features_kernel:Matern32': 20.0, '9:features_kernel:Matern32': 24.0, '10:features_kernel:Matern32': 13.0, '11:features_kernel:Matern32': 19.0, 'alpha': 0.058}. Best is trial 15 with value: 9.53003005832217.
[I 2026-05-06 23:56:00,482] Trial 19 finished with value: 10.420431269388649 and parameters: {'0:atom_AtomicNumber:kDelta': 0.9, '0:atom_AtomicNumber_list_1:kConv': 0.75, '0:atom_AtomicNumber_list_2:kConv': 0.9, '0:atom_AtomicNumber_list_3:kConv': 0.95, '0:atom_AtomicNumber_list_4:kConv': 0.95, '0:atom_MorganHash:kDelta': 0.9, '0:atom_Ring_count:kDelta': 1.0, '0:atom_RingSize_list:kConv': 0.95, '0:atom_Hcount:kDelta': 0.75, '0:atom_AtomicNumber_count_1:kDelta': 0.75, '0:atom_AtomicNumber_count_2:kDelta': 0.85, '0:atom_Chiral:kDelta': 0.85, '0:bond_Order:kDelta': 0.8, '0:bond_Stereo:kDelta': 0.75, '0:bond_RingStereo:kDelta': 0.85, '0:q:q': 0.4, '1:features_kernel:Matern32': 11.0, '2:features_kernel:Matern32': 30.0, '3:features_kernel:Matern32': 15.0, '4:features_kernel:Matern32': 1.0, '5:features_kernel:Matern32': 21.0, '6:features_kernel:Matern32': 26.0, '7:features_kernel:Matern32': 24.0, '8:features_kernel:Matern32': 9.0, '9:features_kernel:Matern32': 7.0, '10:features_kernel:Matern32': 6.0, '11:features_kernel:Matern32': 26.0, 'alpha': 0.037000000000000005}. Best is trial 15 with value: 9.53003005832217.
[I 2026-05-06 23:56:04,943] Trial 20 finished with value: 10.340811623677855 and parameters: {'0:atom_AtomicNumber:kDelta': 0.95, '0:atom_AtomicNumber_list_1:kConv': 0.85, '0:atom_AtomicNumber_list_2:kConv': 0.85, '0:atom_AtomicNumber_list_3:kConv': 0.85, '0:atom_AtomicNumber_list_4:kConv': 0.9, '0:atom_MorganHash:kDelta': 0.75, '0:atom_Ring_count:kDelta': 0.75, '0:atom_RingSize_list:kConv': 0.75, '0:atom_Hcount:kDelta': 0.85, '0:atom_AtomicNumber_count_1:kDelta': 0.8, '0:atom_AtomicNumber_count_2:kDelta': 1.0, '0:atom_Chiral:kDelta': 0.8, '0:bond_Order:kDelta': 0.75, '0:bond_Stereo:kDelta': 0.9, '0:bond_RingStereo:kDelta': 0.8, '0:q:q': 0.5, '1:features_kernel:Matern32': 27.0, '2:features_kernel:Matern32': 17.0, '3:features_kernel:Matern32': 21.0, '4:features_kernel:Matern32': 24.0, '5:features_kernel:Matern32': 27.0, '6:features_kernel:Matern32': 23.0, '7:features_kernel:Matern32': 24.0, '8:features_kernel:Matern32': 6.0, '9:features_kernel:Matern32': 25.0, '10:features_kernel:Matern32': 11.0, '11:features_kernel:Matern32': 13.0, 'alpha': 0.015}. Best is trial 15 with value: 9.53003005832217.
[I 2026-05-06 23:56:10,046] Trial 21 finished with value: 9.6823552612219 and parameters: {'0:atom_AtomicNumber:kDelta': 0.8, '0:atom_AtomicNumber_list_1:kConv': 0.9, '0:atom_AtomicNumber_list_2:kConv': 0.9, '0:atom_AtomicNumber_list_3:kConv': 0.8, '0:atom_AtomicNumber_list_4:kConv': 0.85, '0:atom_MorganHash:kDelta': 0.8, '0:atom_Ring_count:kDelta': 0.8, '0:atom_RingSize_list:kConv': 0.8, '0:atom_Hcount:kDelta': 0.8, '0:atom_AtomicNumber_count_1:kDelta': 0.75, '0:atom_AtomicNumber_count_2:kDelta': 0.95, '0:atom_Chiral:kDelta': 0.85, '0:bond_Order:kDelta': 0.95, '0:bond_Stereo:kDelta': 0.8, '0:bond_RingStereo:kDelta': 0.9, '0:q:q': 0.19, '1:features_kernel:Matern32': 19.0, '2:features_kernel:Matern32': 18.0, '3:features_kernel:Matern32': 9.0, '4:features_kernel:Matern32': 6.0, '5:features_kernel:Matern32': 16.0, '6:features_kernel:Matern32': 10.0, '7:features_kernel:Matern32': 15.0, '8:features_kernel:Matern32': 1.0, '9:features_kernel:Matern32': 17.0, '10:features_kernel:Matern32': 29.0, '11:features_kernel:Matern32': 23.0, 'alpha': 0.005}. Best is trial 15 with value: 9.53003005832217.
[I 2026-05-06 23:56:15,385] Trial 22 finished with value: 9.64466619152795 and parameters: {'0:atom_AtomicNumber:kDelta': 0.85, '0:atom_AtomicNumber_list_1:kConv': 0.8, '0:atom_AtomicNumber_list_2:kConv': 0.9, '0:atom_AtomicNumber_list_3:kConv': 0.8, '0:atom_AtomicNumber_list_4:kConv': 0.85, '0:atom_MorganHash:kDelta': 0.8, '0:atom_Ring_count:kDelta': 0.8, '0:atom_RingSize_list:kConv': 0.85, '0:atom_Hcount:kDelta': 0.8, '0:atom_AtomicNumber_count_1:kDelta': 0.75, '0:atom_AtomicNumber_count_2:kDelta': 0.95, '0:atom_Chiral:kDelta': 0.85, '0:bond_Order:kDelta': 0.95, '0:bond_Stereo:kDelta': 0.85, '0:bond_RingStereo:kDelta': 0.95, '0:q:q': 0.2, '1:features_kernel:Matern32': 21.0, '2:features_kernel:Matern32': 27.0, '3:features_kernel:Matern32': 14.0, '4:features_kernel:Matern32': 7.0, '5:features_kernel:Matern32': 17.0, '6:features_kernel:Matern32': 11.0, '7:features_kernel:Matern32': 19.0, '8:features_kernel:Matern32': 3.0, '9:features_kernel:Matern32': 17.0, '10:features_kernel:Matern32': 27.0, '11:features_kernel:Matern32': 19.0, 'alpha': 0.010000000000000002}. Best is trial 15 with value: 9.53003005832217.
[I 2026-05-06 23:56:20,568] Trial 23 finished with value: 9.476414780599544 and parameters: {'0:atom_AtomicNumber:kDelta': 0.85, '0:atom_AtomicNumber_list_1:kConv': 0.85, '0:atom_AtomicNumber_list_2:kConv': 0.9, '0:atom_AtomicNumber_list_3:kConv': 0.8, '0:atom_AtomicNumber_list_4:kConv': 0.85, '0:atom_MorganHash:kDelta': 0.85, '0:atom_Ring_count:kDelta': 0.8, '0:atom_RingSize_list:kConv': 0.85, '0:atom_Hcount:kDelta': 0.8, '0:atom_AtomicNumber_count_1:kDelta': 0.8, '0:atom_AtomicNumber_count_2:kDelta': 0.9, '0:atom_Chiral:kDelta': 0.85, '0:bond_Order:kDelta': 0.95, '0:bond_Stereo:kDelta': 0.85, '0:bond_RingStereo:kDelta': 0.95, '0:q:q': 0.2, '1:features_kernel:Matern32': 18.0, '2:features_kernel:Matern32': 23.0, '3:features_kernel:Matern32': 14.0, '4:features_kernel:Matern32': 5.0, '5:features_kernel:Matern32': 17.0, '6:features_kernel:Matern32': 17.0, '7:features_kernel:Matern32': 17.0, '8:features_kernel:Matern32': 3.0, '9:features_kernel:Matern32': 17.0, '10:features_kernel:Matern32': 27.0, '11:features_kernel:Matern32': 19.0, 'alpha': 0.001}. Best is trial 23 with value: 9.476414780599544.
