[I 2026-05-07 00:06:57,285] Trial 20 finished with value: 9.747262397538545 and parameters: {'0:atom_AtomicNumber:kDelta': 0.95, '0:atom_AtomicNumber_list_1:kConv': 0.75, '0:atom_AtomicNumber_list_2:kConv': 0.8, '0:atom_AtomicNumber_list_3:kConv': 0.8, '0:atom_AtomicNumber_list_4:kConv': 0.85, '0:atom_MorganHash:kDelta': 0.9, '0:atom_Ring_count:kDelta': 0.8, '0:atom_RingSize_list:kConv': 0.9, '0:atom_Hcount:kDelta': 0.95, '0:atom_AtomicNumber_count_1:kDelta': 0.95, '0:atom_AtomicNumber_count_2:kDelta': 0.9, '0:atom_Chiral:kDelta': 1.0, '0:bond_Order:kDelta': 0.8, '0:bond_Stereo:kDelta': 0.8, '0:bond_RingStereo:kDelta': 0.85, '0:q:q': 0.24000000000000002, '1:features_kernel:Matern32': 17.0, '2:features_kernel:Matern32': 14.0, '3:features_kernel:Matern32': 5.0, '4:features_kernel:Matern32': 26.0, '5:features_kernel:Matern32': 20.0, '6:features_kernel:Matern32': 16.0, '7:features_kernel:Matern32': 23.0, '8:features_kernel:Matern32': 3.0, '9:features_kernel:Matern32': 20.0, '10:features_kernel:Matern32': 11.0, '11:features_kernel:Matern32': 19.0, 'alpha': 0.012}. Best is trial 17 with value: 9.310161596391502.
[I 2026-05-07 00:07:02,203] Trial 21 finished with value: 9.753681982916966 and parameters: {'0:atom_AtomicNumber:kDelta': 0.85, '0:atom_AtomicNumber_list_1:kConv': 0.75, '0:atom_AtomicNumber_list_2:kConv': 0.9, '0:atom_AtomicNumber_list_3:kConv': 0.75, '0:atom_AtomicNumber_list_4:kConv': 0.85, '0:atom_MorganHash:kDelta': 0.95, '0:atom_Ring_count:kDelta': 0.8, '0:atom_RingSize_list:kConv': 0.85, '0:atom_Hcount:kDelta': 0.85, '0:atom_AtomicNumber_count_1:kDelta': 0.95, '0:atom_AtomicNumber_count_2:kDelta': 0.85, '0:atom_Chiral:kDelta': 0.95, '0:bond_Order:kDelta': 1.0, '0:bond_Stereo:kDelta': 0.8, '0:bond_RingStereo:kDelta': 0.85, '0:q:q': 0.31, '1:features_kernel:Matern32': 26.0, '2:features_kernel:Matern32': 27.0, '3:features_kernel:Matern32': 1.0, '4:features_kernel:Matern32': 20.0, '5:features_kernel:Matern32': 20.0, '6:features_kernel:Matern32': 22.0, '7:features_kernel:Matern32': 26.0, '8:features_kernel:Matern32': 8.0, '9:features_kernel:Matern32': 17.0, '10:features_kernel:Matern32': 15.0, '11:features_kernel:Matern32': 14.0, 'alpha': 0.005}. Best is trial 17 with value: 9.310161596391502.
[I 2026-05-07 00:07:07,229] Trial 22 finished with value: 9.698823318633265 and parameters: {'0:atom_AtomicNumber:kDelta': 0.85, '0:atom_AtomicNumber_list_1:kConv': 0.75, '0:atom_AtomicNumber_list_2:kConv': 0.9, '0:atom_AtomicNumber_list_3:kConv': 0.75, '0:atom_AtomicNumber_list_4:kConv': 0.85, '0:atom_MorganHash:kDelta': 1.0, '0:atom_Ring_count:kDelta': 0.85, '0:atom_RingSize_list:kConv': 0.8, '0:atom_Hcount:kDelta': 0.85, '0:atom_AtomicNumber_count_1:kDelta': 1.0, '0:atom_AtomicNumber_count_2:kDelta': 0.8, '0:atom_Chiral:kDelta': 0.95, '0:bond_Order:kDelta': 1.0, '0:bond_Stereo:kDelta': 0.8, '0:bond_RingStereo:kDelta': 0.8, '0:q:q': 0.37, '1:features_kernel:Matern32': 26.0, '2:features_kernel:Matern32': 23.0, '3:features_kernel:Matern32': 1.0, '4:features_kernel:Matern32': 20.0, '5:features_kernel:Matern32': 25.0, '6:features_kernel:Matern32': 25.0, '7:features_kernel:Matern32': 28.0, '8:features_kernel:Matern32': 7.0, '9:features_kernel:Matern32': 12.0, '10:features_kernel:Matern32': 12.0, '11:features_kernel:Matern32': 14.0, 'alpha': 0.002}. Best is trial 17 with value: 9.310161596391502.
[I 2026-05-07 00:07:12,005] Trial 23 finished with value: 9.592751910674428 and parameters: {'0:atom_AtomicNumber:kDelta': 0.85, '0:atom_AtomicNumber_list_1:kConv': 0.85, '0:atom_AtomicNumber_list_2:kConv': 0.85, '0:atom_AtomicNumber_list_3:kConv': 0.8, '0:atom_AtomicNumber_list_4:kConv': 0.9, '0:atom_MorganHash:kDelta': 1.0, '0:atom_Ring_count:kDelta': 0.85, '0:atom_RingSize_list:kConv': 0.75, '0:atom_Hcount:kDelta': 0.85, '0:atom_AtomicNumber_count_1:kDelta': 1.0, '0:atom_AtomicNumber_count_2:kDelta': 0.8, '0:atom_Chiral:kDelta': 0.9, '0:bond_Order:kDelta': 0.95, '0:bond_Stereo:kDelta': 0.9, '0:bond_RingStereo:kDelta': 0.8, '0:q:q': 0.39, '1:features_kernel:Matern32': 24.0, '2:features_kernel:Matern32': 22.0, '3:features_kernel:Matern32': 3.0, '4:features_kernel:Matern32': 13.0, '5:features_kernel:Matern32': 25.0, '6:features_kernel:Matern32': 26.0, '7:features_kernel:Matern32': 28.0, '8:features_kernel:Matern32': 6.0, '9:features_kernel:Matern32': 13.0, '10:features_kernel:Matern32': 8.0, '11:features_kernel:Matern32': 14.0, 'alpha': 0.002}. Best is trial 17 with value: 9.310161596391502.
[I 2026-05-07 00:07:16,923] Trial 24 finished with value: 9.926585990372368 and parameters: {'0:atom_AtomicNumber:kDelta': 0.85, '0:atom_AtomicNumber_list_1:kConv': 0.75, '0:atom_AtomicNumber_list_2:kConv': 0.85, '0:atom_AtomicNumber_list_3:kConv': 0.8, '0:atom_AtomicNumber_list_4:kConv': 0.9, '0:atom_MorganHash:kDelta': 1.0, '0:atom_Ring_count:kDelta': 0.85, '0:atom_RingSize_list:kConv': 0.75, '0:atom_Hcount:kDelta': 0.85, '0:atom_AtomicNumber_count_1:kDelta': 1.0, '0:atom_AtomicNumber_count_2:kDelta': 0.8, '0:atom_Chiral:kDelta': 0.9, '0:bond_Order:kDelta': 0.95, '0:bond_Stereo:kDelta': 0.85, '0:bond_RingStereo:kDelta': 0.8, '0:q:q': 0.37, '1:features_kernel:Matern32': 24.0, '2:features_kernel:Matern32': 23.0, '3:features_kernel:Matern32': 8.0, '4:features_kernel:Matern32': 12.0, '5:features_kernel:Matern32': 25.0, '6:features_kernel:Matern32': 30.0, '7:features_kernel:Matern32': 29.0, '8:features_kernel:Matern32': 5.0, '9:features_kernel:Matern32': 11.0, '10:features_kernel:Matern32': 6.0, '11:features_kernel:Matern32': 13.0, 'alpha': 0.011}. Best is trial 17 with value: 9.310161596391502.
[I 2026-05-07 00:07:21,747] Trial 25 finished with value: 9.373884662513902 and parameters: {'0:atom_AtomicNumber:kDelta': 0.9, '0:atom_AtomicNumber_list_1:kConv': 0.8, '0:atom_AtomicNumber_list_2:kConv': 0.9, '0:atom_AtomicNumber_list_3:kConv': 0.85, '0:atom_AtomicNumber_list_4:kConv': 0.9, '0:atom_MorganHash:kDelta': 1.0, '0:atom_Ring_count:kDelta': 0.85, '0:atom_RingSize_list:kConv': 0.8, '0:atom_Hcount:kDelta': 0.8, '0:atom_AtomicNumber_count_1:kDelta': 1.0, '0:atom_AtomicNumber_count_2:kDelta': 0.8, '0:atom_Chiral:kDelta': 0.95, '0:bond_Order:kDelta': 1.0, '0:bond_Stereo:kDelta': 0.75, '0:bond_RingStereo:kDelta': 0.8, '0:q:q': 0.4, '1:features_kernel:Matern32': 28.0, '2:features_kernel:Matern32': 22.0, '3:features_kernel:Matern32': 4.0, '4:features_kernel:Matern32': 14.0, '5:features_kernel:Matern32': 28.0, '6:features_kernel:Matern32': 26.0, '7:features_kernel:Matern32': 28.0, '8:features_kernel:Matern32': 7.0, '9:features_kernel:Matern32': 13.0, '10:features_kernel:Matern32': 30.0, '11:features_kernel:Matern32': 6.0, 'alpha': 0.001}. Best is trial 17 with value: 9.310161596391502.
[I 2026-05-07 00:07:27,627] Trial 26 finished with value: 9.976776583992482 and parameters: {'0:atom_AtomicNumber:kDelta': 0.95, '0:atom_AtomicNumber_list_1:kConv': 0.8, '0:atom_AtomicNumber_list_2:kConv': 0.85, '0:atom_AtomicNumber_list_3:kConv': 0.85, '0:atom_AtomicNumber_list_4:kConv': 0.95, '0:atom_MorganHash:kDelta': 1.0, '0:atom_Ring_count:kDelta': 0.9, '0:atom_RingSize_list:kConv': 0.75, '0:atom_Hcount:kDelta': 0.8, '0:atom_AtomicNumber_count_1:kDelta': 1.0, '0:atom_AtomicNumber_count_2:kDelta': 0.8, '0:atom_Chiral:kDelta': 1.0, '0:bond_Order:kDelta': 0.95, '0:bond_Stereo:kDelta': 0.75, '0:bond_RingStereo:kDelta': 0.8, '0:q:q': 0.41000000000000003, '1:features_kernel:Matern32': 28.0, '2:features_kernel:Matern32': 18.0, '3:features_kernel:Matern32': 8.0, '4:features_kernel:Matern32': 13.0, '5:features_kernel:Matern32': 28.0, '6:features_kernel:Matern32': 26.0, '7:features_kernel:Matern32': 24.0, '8:features_kernel:Matern32': 1.0, '9:features_kernel:Matern32': 21.0, '10:features_kernel:Matern32': 6.0, '11:features_kernel:Matern32': 5.0, 'alpha': 0.029}. Best is trial 17 with value: 9.310161596391502.
[I 2026-05-07 00:07:32,154] Trial 27 finished with value: 10.414083712958336 and parameters: {'0:atom_AtomicNumber:kDelta': 0.9, '0:atom_AtomicNumber_list_1:kConv': 0.85, '0:atom_AtomicNumber_list_2:kConv': 0.9, '0:atom_AtomicNumber_list_3:kConv': 0.85, '0:atom_AtomicNumber_list_4:kConv': 0.9, '0:atom_MorganHash:kDelta': 0.95, '0:atom_Ring_count:kDelta': 0.85, '0:atom_RingSize_list:kConv': 0.8, '0:atom_Hcount:kDelta': 0.8, '0:atom_AtomicNumber_count_1:kDelta': 1.0, '0:atom_AtomicNumber_count_2:kDelta': 0.8, '0:atom_Chiral:kDelta': 0.9, '0:bond_Order:kDelta': 1.0, '0:bond_Stereo:kDelta': 0.75, '0:bond_RingStereo:kDelta': 0.8, '0:q:q': 0.48000000000000004, '1:features_kernel:Matern32': 23.0, '2:features_kernel:Matern32': 22.0, '3:features_kernel:Matern32': 12.0, '4:features_kernel:Matern32': 6.0, '5:features_kernel:Matern32': 30.0, '6:features_kernel:Matern32': 21.0, '7:features_kernel:Matern32': 19.0, '8:features_kernel:Matern32': 14.0, '9:features_kernel:Matern32': 14.0, '10:features_kernel:Matern32': 30.0, '11:features_kernel:Matern32': 5.0, 'alpha': 0.045}. Best is trial 17 with value: 9.310161596391502.
[I 2026-05-07 00:07:36,885] Trial 28 finished with value: 9.974182973798326 and parameters: {'0:atom_AtomicNumber:kDelta': 0.9, '0:atom_AtomicNumber_list_1:kConv': 0.8, '0:atom_AtomicNumber_list_2:kConv': 0.95, '0:atom_AtomicNumber_list_3:kConv': 0.8, '0:atom_AtomicNumber_list_4:kConv': 0.9, '0:atom_MorganHash:kDelta': 1.0, '0:atom_Ring_count:kDelta': 0.95, '0:atom_RingSize_list:kConv': 0.75, '0:atom_Hcount:kDelta': 0.8, '0:atom_AtomicNumber_count_1:kDelta': 0.95, '0:atom_AtomicNumber_count_2:kDelta': 0.85, '0:atom_Chiral:kDelta': 0.95, '0:bond_Order:kDelta': 0.95, '0:bond_Stereo:kDelta': 0.75, '0:bond_RingStereo:kDelta': 0.75, '0:q:q': 0.41000000000000003, '1:features_kernel:Matern32': 27.0, '2:features_kernel:Matern32': 18.0, '3:features_kernel:Matern32': 4.0, '4:features_kernel:Matern32': 14.0, '5:features_kernel:Matern32': 14.0, '6:features_kernel:Matern32': 30.0, '7:features_kernel:Matern32': 28.0, '8:features_kernel:Matern32': 3.0, '9:features_kernel:Matern32': 18.0, '10:features_kernel:Matern32': 17.0, '11:features_kernel:Matern32': 25.0, 'alpha': 0.011}. Best is trial 17 with value: 9.310161596391502.
[I 2026-05-07 00:07:42,200] Trial 29 finished with value: 10.552261924390624 and parameters: {'0:atom_AtomicNumber:kDelta': 0.95, '0:atom_AtomicNumber_list_1:kConv': 0.85, '0:atom_AtomicNumber_list_2:kConv': 0.95, '0:atom_AtomicNumber_list_3:kConv': 0.85, '0:atom_AtomicNumber_list_4:kConv': 0.95, '0:atom_MorganHash:kDelta': 0.95, '0:atom_Ring_count:kDelta': 0.75, '0:atom_RingSize_list:kConv': 0.8, '0:atom_Hcount:kDelta': 0.9, '0:atom_AtomicNumber_count_1:kDelta': 0.95, '0:atom_AtomicNumber_count_2:kDelta': 0.75, '0:atom_Chiral:kDelta': 1.0, '0:bond_Order:kDelta': 0.95, '0:bond_Stereo:kDelta': 0.8, '0:bond_RingStereo:kDelta': 0.8, '0:q:q': 0.32, '1:features_kernel:Matern32': 29.0, '2:features_kernel:Matern32': 13.0, '3:features_kernel:Matern32': 6.0, '4:features_kernel:Matern32': 10.0, '5:features_kernel:Matern32': 18.0, '6:features_kernel:Matern32': 27.0, '7:features_kernel:Matern32': 30.0, '8:features_kernel:Matern32': 9.0, '9:features_kernel:Matern32': 14.0, '10:features_kernel:Matern32': 22.0, '11:features_kernel:Matern32': 7.0, 'alpha': 0.057}. Best is trial 17 with value: 9.310161596391502.
[I 2026-05-07 00:07:47,607] Trial 30 finished with value: 9.41306998256546 and parameters: {'0:atom_AtomicNumber:kDelta': 0.9, '0:atom_AtomicNumber_list_1:kConv': 0.8, '0:atom_AtomicNumber_list_2:kConv': 0.85, '0:atom_AtomicNumber_list_3:kConv': 0.9, '0:atom_AtomicNumber_list_4:kConv': 0.9, '0:atom_MorganHash:kDelta': 1.0, '0:atom_Ring_count:kDelta': 0.85, '0:atom_RingSize_list:kConv': 0.75, '0:atom_Hcount:kDelta': 0.85, '0:atom_AtomicNumber_count_1:kDelta': 1.0, '0:atom_AtomicNumber_count_2:kDelta': 0.8, '0:atom_Chiral:kDelta': 0.9, '0:bond_Order:kDelta': 1.0, '0:bond_Stereo:kDelta': 0.95, '0:bond_RingStereo:kDelta': 0.9, '0:q:q': 0.25, '1:features_kernel:Matern32': 19.0, '2:features_kernel:Matern32': 18.0, '3:features_kernel:Matern32': 18.0, '4:features_kernel:Matern32': 5.0, '5:features_kernel:Matern32': 27.0, '6:features_kernel:Matern32': 24.0, '7:features_kernel:Matern32': 18.0, '8:features_kernel:Matern32': 12.0, '9:features_kernel:Matern32': 6.0, '10:features_kernel:Matern32': 30.0, '11:features_kernel:Matern32': 7.0, 'alpha': 0.001}. Best is trial 17 with value: 9.310161596391502.
[I 2026-05-07 00:07:52,779] Trial 31 finished with value: 10.017624243452929 and parameters: {'0:atom_AtomicNumber:kDelta': 0.9, '0:atom_AtomicNumber_list_1:kConv': 0.8, '0:atom_AtomicNumber_list_2:kConv': 0.85, '0:atom_AtomicNumber_list_3:kConv': 0.9, '0:atom_AtomicNumber_list_4:kConv': 0.9, '0:atom_MorganHash:kDelta': 1.0, '0:atom_Ring_count:kDelta': 0.85, '0:atom_RingSize_list:kConv': 0.75, '0:atom_Hcount:kDelta': 0.85, '0:atom_AtomicNumber_count_1:kDelta': 1.0, '0:atom_AtomicNumber_count_2:kDelta': 0.8, '0:atom_Chiral:kDelta': 0.9, '0:bond_Order:kDelta': 1.0, '0:bond_Stereo:kDelta': 0.95, '0:bond_RingStereo:kDelta': 0.9, '0:q:q': 0.25, '1:features_kernel:Matern32': 19.0, '2:features_kernel:Matern32': 18.0, '3:features_kernel:Matern32': 20.0, '4:features_kernel:Matern32': 3.0, '5:features_kernel:Matern32': 26.0, '6:features_kernel:Matern32': 24.0, '7:features_kernel:Matern32': 18.0, '8:features_kernel:Matern32': 12.0, '9:features_kernel:Matern32': 6.0, '10:features_kernel:Matern32': 28.0, '11:features_kernel:Matern32': 7.0, 'alpha': 0.011}. Best is trial 17 with value: 9.310161596391502.
[I 2026-05-07 00:07:57,545] Trial 32 finished with value: 10.206824105066074 and parameters: {'0:atom_AtomicNumber:kDelta': 0.9, '0:atom_AtomicNumber_list_1:kConv': 0.8, '0:atom_AtomicNumber_list_2:kConv': 0.9, '0:atom_AtomicNumber_list_3:kConv': 0.9, '0:atom_AtomicNumber_list_4:kConv': 0.75, '0:atom_MorganHash:kDelta': 1.0, '0:atom_Ring_count:kDelta': 0.9, '0:atom_RingSize_list:kConv': 0.75, '0:atom_Hcount:kDelta': 0.85, '0:atom_AtomicNumber_count_1:kDelta': 1.0, '0:atom_AtomicNumber_count_2:kDelta': 0.85, '0:atom_Chiral:kDelta': 0.9, '0:bond_Order:kDelta': 1.0, '0:bond_Stereo:kDelta': 0.95, '0:bond_RingStereo:kDelta': 0.9, '0:q:q': 0.5, '1:features_kernel:Matern32': 23.0, '2:features_kernel:Matern32': 21.0, '3:features_kernel:Matern32': 18.0, '4:features_kernel:Matern32': 5.0, '5:features_kernel:Matern32': 28.0, '6:features_kernel:Matern32': 26.0, '7:features_kernel:Matern32': 24.0, '8:features_kernel:Matern32': 11.0, '9:features_kernel:Matern32': 1.0, '10:features_kernel:Matern32': 30.0, '11:features_kernel:Matern32': 3.0, 'alpha': 0.001}. Best is trial 17 with value: 9.310161596391502.
[I 2026-05-07 00:08:02,549] Trial 33 finished with value: 9.907972209562594 and parameters: {'0:atom_AtomicNumber:kDelta': 0.85, '0:atom_AtomicNumber_list_1:kConv': 0.75, '0:atom_AtomicNumber_list_2:kConv': 0.85, '0:atom_AtomicNumber_list_3:kConv': 0.8, '0:atom_AtomicNumber_list_4:kConv': 0.9, '0:atom_MorganHash:kDelta': 1.0, '0:atom_Ring_count:kDelta': 0.85, '0:atom_RingSize_list:kConv': 0.8, '0:atom_Hcount:kDelta': 0.8, '0:atom_AtomicNumber_count_1:kDelta': 0.95, '0:atom_AtomicNumber_count_2:kDelta': 0.75, '0:atom_Chiral:kDelta': 0.95, '0:bond_Order:kDelta': 0.95, '0:bond_Stereo:kDelta': 1.0, '0:bond_RingStereo:kDelta': 0.85, '0:q:q': 0.28, '1:features_kernel:Matern32': 24.0, '2:features_kernel:Matern32': 18.0, '3:features_kernel:Matern32': 15.0, '4:features_kernel:Matern32': 10.0, '5:features_kernel:Matern32': 23.0, '6:features_kernel:Matern32': 22.0, '7:features_kernel:Matern32': 27.0, '8:features_kernel:Matern32': 6.0, '9:features_kernel:Matern32': 10.0, '10:features_kernel:Matern32': 24.0, '11:features_kernel:Matern32': 12.0, 'alpha': 0.011}. Best is trial 17 with value: 9.310161596391502.
[I 2026-05-07 00:08:07,815] Trial 34 finished with value: 10.76961723371614 and parameters: {'0:atom_AtomicNumber:kDelta': 0.9, '0:atom_AtomicNumber_list_1:kConv': 0.8, '0:atom_AtomicNumber_list_2:kConv': 0.9, '0:atom_AtomicNumber_list_3:kConv': 0.85, '0:atom_AtomicNumber_list_4:kConv': 0.95, '0:atom_MorganHash:kDelta': 0.95, '0:atom_Ring_count:kDelta': 0.8, '0:atom_RingSize_list:kConv': 0.75, '0:atom_Hcount:kDelta': 0.85, '0:atom_AtomicNumber_count_1:kDelta': 1.0, '0:atom_AtomicNumber_count_2:kDelta': 0.8, '0:atom_Chiral:kDelta': 0.85, '0:bond_Order:kDelta': 1.0, '0:bond_Stereo:kDelta': 0.9, '0:bond_RingStereo:kDelta': 0.8, '0:q:q': 0.4, '1:features_kernel:Matern32': 14.0, '2:features_kernel:Matern32': 16.0, '3:features_kernel:Matern32': 11.0, '4:features_kernel:Matern32': 15.0, '5:features_kernel:Matern32': 28.0, '6:features_kernel:Matern32': 29.0, '7:features_kernel:Matern32': 8.0, '8:features_kernel:Matern32': 4.0, '9:features_kernel:Matern32': 3.0, '10:features_kernel:Matern32': 28.0, '11:features_kernel:Matern32': 8.0, 'alpha': 0.074}. Best is trial 17 with value: 9.310161596391502.
[I 2026-05-07 00:08:13,125] Trial 35 finished with value: 10.004131003823476 and parameters: {'0:atom_AtomicNumber:kDelta': 0.85, '0:atom_AtomicNumber_list_1:kConv': 0.85, '0:atom_AtomicNumber_list_2:kConv': 0.8, '0:atom_AtomicNumber_list_3:kConv': 0.9, '0:atom_AtomicNumber_list_4:kConv': 0.9, '0:atom_MorganHash:kDelta': 1.0, '0:atom_Ring_count:kDelta': 0.85, '0:atom_RingSize_list:kConv': 0.85, '0:atom_Hcount:kDelta': 0.8, '0:atom_AtomicNumber_count_1:kDelta': 0.95, '0:atom_AtomicNumber_count_2:kDelta': 0.8, '0:atom_Chiral:kDelta': 0.85, '0:bond_Order:kDelta': 0.95, '0:bond_Stereo:kDelta': 0.95, '0:bond_RingStereo:kDelta': 0.95, '0:q:q': 0.34, '1:features_kernel:Matern32': 30.0, '2:features_kernel:Matern32': 24.0, '3:features_kernel:Matern32': 13.0, '4:features_kernel:Matern32': 17.0, '5:features_kernel:Matern32': 24.0, '6:features_kernel:Matern32': 25.0, '7:features_kernel:Matern32': 30.0, '8:features_kernel:Matern32': 9.0, '9:features_kernel:Matern32': 13.0, '10:features_kernel:Matern32': 8.0, '11:features_kernel:Matern32': 3.0, 'alpha': 0.026000000000000002}. Best is trial 17 with value: 9.310161596391502.
[I 2026-05-07 00:08:18,317] Trial 36 finished with value: 9.830467691110556 and parameters: {'0:atom_AtomicNumber:kDelta': 0.95, '0:atom_AtomicNumber_list_1:kConv': 0.8, '0:atom_AtomicNumber_list_2:kConv': 0.85, '0:atom_AtomicNumber_list_3:kConv': 0.85, '0:atom_AtomicNumber_list_4:kConv': 0.85, '0:atom_MorganHash:kDelta': 0.9, '0:atom_Ring_count:kDelta': 0.9, '0:atom_RingSize_list:kConv': 0.8, '0:atom_Hcount:kDelta': 0.9, '0:atom_AtomicNumber_count_1:kDelta': 1.0, '0:atom_AtomicNumber_count_2:kDelta': 0.75, '0:atom_Chiral:kDelta': 0.9, '0:bond_Order:kDelta': 1.0, '0:bond_Stereo:kDelta': 0.85, '0:bond_RingStereo:kDelta': 0.75, '0:q:q': 0.28, '1:features_kernel:Matern32': 28.0, '2:features_kernel:Matern32': 25.0, '3:features_kernel:Matern32': 9.0, '4:features_kernel:Matern32': 9.0, '5:features_kernel:Matern32': 27.0, '6:features_kernel:Matern32': 27.0, '7:features_kernel:Matern32': 13.0, '8:features_kernel:Matern32': 7.0, '9:features_kernel:Matern32': 10.0, '10:features_kernel:Matern32': 23.0, '11:features_kernel:Matern32': 19.0, 'alpha': 0.007}. Best is trial 17 with value: 9.310161596391502.
[I 2026-05-07 00:08:23,894] Trial 37 finished with value: 10.190360099279943 and parameters: {'0:atom_AtomicNumber:kDelta': 0.9, '0:atom_AtomicNumber_list_1:kConv': 0.9, '0:atom_AtomicNumber_list_2:kConv': 0.9, '0:atom_AtomicNumber_list_3:kConv': 0.95, '0:atom_AtomicNumber_list_4:kConv': 0.95, '0:atom_MorganHash:kDelta': 1.0, '0:atom_Ring_count:kDelta': 0.85, '0:atom_RingSize_list:kConv': 0.75, '0:atom_Hcount:kDelta': 0.75, '0:atom_AtomicNumber_count_1:kDelta': 0.9, '0:atom_AtomicNumber_count_2:kDelta': 0.85, '0:atom_Chiral:kDelta': 0.95, '0:bond_Order:kDelta': 0.9, '0:bond_Stereo:kDelta': 0.9, '0:bond_RingStereo:kDelta': 0.85, '0:q:q': 0.15000000000000002, '1:features_kernel:Matern32': 21.0, '2:features_kernel:Matern32': 22.0, '3:features_kernel:Matern32': 20.0, '4:features_kernel:Matern32': 18.0, '5:features_kernel:Matern32': 29.0, '6:features_kernel:Matern32': 20.0, '7:features_kernel:Matern32': 21.0, '8:features_kernel:Matern32': 15.0, '9:features_kernel:Matern32': 6.0, '10:features_kernel:Matern32': 4.0, '11:features_kernel:Matern32': 10.0, 'alpha': 0.015}. Best is trial 17 with value: 9.310161596391502.
[I 2026-05-07 00:08:28,808] Trial 38 finished with value: 11.52978265373611 and parameters: {'0:atom_AtomicNumber:kDelta': 0.85, '0:atom_AtomicNumber_list_1:kConv': 0.95, '0:atom_AtomicNumber_list_2:kConv': 0.95, '0:atom_AtomicNumber_list_3:kConv': 0.8, '0:atom_AtomicNumber_list_4:kConv': 0.9, '0:atom_MorganHash:kDelta': 0.8, '0:atom_Ring_count:kDelta': 0.95, '0:atom_RingSize_list:kConv': 0.9, '0:atom_Hcount:kDelta': 0.8, '0:atom_AtomicNumber_count_1:kDelta': 1.0, '0:atom_AtomicNumber_count_2:kDelta': 0.8, '0:atom_Chiral:kDelta': 0.85, '0:bond_Order:kDelta': 1.0, '0:bond_Stereo:kDelta': 1.0, '0:bond_RingStereo:kDelta': 0.9, '0:q:q': 0.45, '1:features_kernel:Matern32': 19.0, '2:features_kernel:Matern32': 19.0, '3:features_kernel:Matern32': 3.0, '4:features_kernel:Matern32': 4.0, '5:features_kernel:Matern32': 22.0, '6:features_kernel:Matern32': 4.0, '7:features_kernel:Matern32': 25.0, '8:features_kernel:Matern32': 10.0, '9:features_kernel:Matern32': 9.0, '10:features_kernel:Matern32': 27.0, '11:features_kernel:Matern32': 1.0, 'alpha': 0.001}. Best is trial 17 with value: 9.310161596391502.
