[I 2026-05-07 00:08:33,914] Trial 39 finished with value: 10.098465929246855 and parameters: {'0:atom_AtomicNumber:kDelta': 0.95, '0:atom_AtomicNumber_list_1:kConv': 0.8, '0:atom_AtomicNumber_list_2:kConv': 0.85, '0:atom_AtomicNumber_list_3:kConv': 0.8, '0:atom_AtomicNumber_list_4:kConv': 0.75, '0:atom_MorganHash:kDelta': 0.95, '0:atom_Ring_count:kDelta': 0.75, '0:atom_RingSize_list:kConv': 0.8, '0:atom_Hcount:kDelta': 0.9, '0:atom_AtomicNumber_count_1:kDelta': 0.95, '0:atom_AtomicNumber_count_2:kDelta': 0.75, '0:atom_Chiral:kDelta': 0.9, '0:bond_Order:kDelta': 0.9, '0:bond_Stereo:kDelta': 0.85, '0:bond_RingStereo:kDelta': 0.95, '0:q:q': 0.23, '1:features_kernel:Matern32': 24.0, '2:features_kernel:Matern32': 28.0, '3:features_kernel:Matern32': 14.0, '4:features_kernel:Matern32': 1.0, '5:features_kernel:Matern32': 25.0, '6:features_kernel:Matern32': 23.0, '7:features_kernel:Matern32': 28.0, '8:features_kernel:Matern32': 12.0, '9:features_kernel:Matern32': 3.0, '10:features_kernel:Matern32': 25.0, '11:features_kernel:Matern32': 12.0, 'alpha': 0.007}. Best is trial 17 with value: 9.310161596391502.
[I 2026-05-07 00:08:38,708] Trial 40 finished with value: 9.74319506340281 and parameters: {'0:atom_AtomicNumber:kDelta': 0.9, '0:atom_AtomicNumber_list_1:kConv': 0.75, '0:atom_AtomicNumber_list_2:kConv': 1.0, '0:atom_AtomicNumber_list_3:kConv': 0.9, '0:atom_AtomicNumber_list_4:kConv': 0.85, '0:atom_MorganHash:kDelta': 1.0, '0:atom_Ring_count:kDelta': 0.9, '0:atom_RingSize_list:kConv': 0.75, '0:atom_Hcount:kDelta': 0.85, '0:atom_AtomicNumber_count_1:kDelta': 1.0, '0:atom_AtomicNumber_count_2:kDelta': 0.8, '0:atom_Chiral:kDelta': 0.95, '0:bond_Order:kDelta': 0.95, '0:bond_Stereo:kDelta': 0.75, '0:bond_RingStereo:kDelta': 0.9, '0:q:q': 0.39, '1:features_kernel:Matern32': 27.0, '2:features_kernel:Matern32': 15.0, '3:features_kernel:Matern32': 7.0, '4:features_kernel:Matern32': 15.0, '5:features_kernel:Matern32': 15.0, '6:features_kernel:Matern32': 8.0, '7:features_kernel:Matern32': 17.0, '8:features_kernel:Matern32': 17.0, '9:features_kernel:Matern32': 15.0, '10:features_kernel:Matern32': 20.0, '11:features_kernel:Matern32': 8.0, 'alpha': 0.016}. Best is trial 17 with value: 9.310161596391502.
[I 2026-05-07 00:08:43,519] Trial 41 finished with value: 9.526397675369672 and parameters: {'0:atom_AtomicNumber:kDelta': 0.85, '0:atom_AtomicNumber_list_1:kConv': 0.75, '0:atom_AtomicNumber_list_2:kConv': 0.9, '0:atom_AtomicNumber_list_3:kConv': 0.8, '0:atom_AtomicNumber_list_4:kConv': 0.85, '0:atom_MorganHash:kDelta': 1.0, '0:atom_Ring_count:kDelta': 0.85, '0:atom_RingSize_list:kConv': 0.8, '0:atom_Hcount:kDelta': 0.85, '0:atom_AtomicNumber_count_1:kDelta': 1.0, '0:atom_AtomicNumber_count_2:kDelta': 0.8, '0:atom_Chiral:kDelta': 0.95, '0:bond_Order:kDelta': 1.0, '0:bond_Stereo:kDelta': 0.8, '0:bond_RingStereo:kDelta': 0.8, '0:q:q': 0.38, '1:features_kernel:Matern32': 25.0, '2:features_kernel:Matern32': 22.0, '3:features_kernel:Matern32': 3.0, '4:features_kernel:Matern32': 24.0, '5:features_kernel:Matern32': 26.0, '6:features_kernel:Matern32': 25.0, '7:features_kernel:Matern32': 28.0, '8:features_kernel:Matern32': 7.0, '9:features_kernel:Matern32': 13.0, '10:features_kernel:Matern32': 12.0, '11:features_kernel:Matern32': 16.0, 'alpha': 0.001}. Best is trial 17 with value: 9.310161596391502.
