[I 2026-05-07 00:05:13,603] Trial 1 finished with value: 11.18851602489205 and parameters: {'0:atom_AtomicNumber:kDelta': 0.9, '0:atom_AtomicNumber_list_1:kConv': 0.75, '0:atom_AtomicNumber_list_2:kConv': 0.9, '0:atom_AtomicNumber_list_3:kConv': 0.8, '0:atom_AtomicNumber_list_4:kConv': 0.75, '0:atom_MorganHash:kDelta': 1.0, '0:atom_Ring_count:kDelta': 1.0, '0:atom_RingSize_list:kConv': 0.95, '0:atom_Hcount:kDelta': 0.8, '0:atom_AtomicNumber_count_1:kDelta': 0.75, '0:atom_AtomicNumber_count_2:kDelta': 0.95, '0:atom_Chiral:kDelta': 0.85, '0:bond_Order:kDelta': 0.75, '0:bond_Stereo:kDelta': 0.85, '0:bond_RingStereo:kDelta': 0.75, '0:q:q': 0.46, '1:features_kernel:Matern32': 8.0, '2:features_kernel:Matern32': 20.0, '3:features_kernel:Matern32': 10.0, '4:features_kernel:Matern32': 16.0, '5:features_kernel:Matern32': 17.0, '6:features_kernel:Matern32': 6.0, '7:features_kernel:Matern32': 30.0, '8:features_kernel:Matern32': 24.0, '9:features_kernel:Matern32': 29.0, '10:features_kernel:Matern32': 27.0, '11:features_kernel:Matern32': 18.0, 'alpha': 0.093}. Best is trial 0 with value: 10.398263721740115.
[I 2026-05-07 00:05:18,841] Trial 2 finished with value: 10.374656400937878 and parameters: {'0:atom_AtomicNumber:kDelta': 0.75, '0:atom_AtomicNumber_list_1:kConv': 0.8, '0:atom_AtomicNumber_list_2:kConv': 0.75, '0:atom_AtomicNumber_list_3:kConv': 0.8, '0:atom_AtomicNumber_list_4:kConv': 0.85, '0:atom_MorganHash:kDelta': 0.8, '0:atom_Ring_count:kDelta': 0.95, '0:atom_RingSize_list:kConv': 0.85, '0:atom_Hcount:kDelta': 0.8, '0:atom_AtomicNumber_count_1:kDelta': 0.9, '0:atom_AtomicNumber_count_2:kDelta': 0.75, '0:atom_Chiral:kDelta': 0.95, '0:bond_Order:kDelta': 0.75, '0:bond_Stereo:kDelta': 1.0, '0:bond_RingStereo:kDelta': 0.95, '0:q:q': 0.09999999999999999, '1:features_kernel:Matern32': 1.0, '2:features_kernel:Matern32': 25.0, '3:features_kernel:Matern32': 22.0, '4:features_kernel:Matern32': 22.0, '5:features_kernel:Matern32': 24.0, '6:features_kernel:Matern32': 3.0, '7:features_kernel:Matern32': 11.0, '8:features_kernel:Matern32': 4.0, '9:features_kernel:Matern32': 26.0, '10:features_kernel:Matern32': 19.0, '11:features_kernel:Matern32': 10.0, 'alpha': 0.007}. Best is trial 2 with value: 10.374656400937878.
[I 2026-05-07 00:05:25,054] Trial 3 finished with value: 9.790962989206811 and parameters: {'0:atom_AtomicNumber:kDelta': 0.8, '0:atom_AtomicNumber_list_1:kConv': 0.8, '0:atom_AtomicNumber_list_2:kConv': 0.95, '0:atom_AtomicNumber_list_3:kConv': 0.9, '0:atom_AtomicNumber_list_4:kConv': 1.0, '0:atom_MorganHash:kDelta': 0.85, '0:atom_Ring_count:kDelta': 0.75, '0:atom_RingSize_list:kConv': 0.95, '0:atom_Hcount:kDelta': 0.95, '0:atom_AtomicNumber_count_1:kDelta': 0.9, '0:atom_AtomicNumber_count_2:kDelta': 0.95, '0:atom_Chiral:kDelta': 0.85, '0:bond_Order:kDelta': 0.9, '0:bond_Stereo:kDelta': 0.85, '0:bond_RingStereo:kDelta': 0.75, '0:q:q': 0.060000000000000005, '1:features_kernel:Matern32': 1.0, '2:features_kernel:Matern32': 20.0, '3:features_kernel:Matern32': 10.0, '4:features_kernel:Matern32': 16.0, '5:features_kernel:Matern32': 28.0, '6:features_kernel:Matern32': 8.0, '7:features_kernel:Matern32': 13.0, '8:features_kernel:Matern32': 23.0, '9:features_kernel:Matern32': 7.0, '10:features_kernel:Matern32': 3.0, '11:features_kernel:Matern32': 9.0, 'alpha': 0.017}. Best is trial 3 with value: 9.790962989206811.
[I 2026-05-07 00:05:29,810] Trial 4 finished with value: 10.413170524801183 and parameters: {'0:atom_AtomicNumber:kDelta': 1.0, '0:atom_AtomicNumber_list_1:kConv': 0.95, '0:atom_AtomicNumber_list_2:kConv': 0.9, '0:atom_AtomicNumber_list_3:kConv': 1.0, '0:atom_AtomicNumber_list_4:kConv': 0.95, '0:atom_MorganHash:kDelta': 0.8, '0:atom_Ring_count:kDelta': 1.0, '0:atom_RingSize_list:kConv': 0.9, '0:atom_Hcount:kDelta': 0.95, '0:atom_AtomicNumber_count_1:kDelta': 1.0, '0:atom_AtomicNumber_count_2:kDelta': 0.8, '0:atom_Chiral:kDelta': 0.75, '0:bond_Order:kDelta': 0.8, '0:bond_Stereo:kDelta': 0.85, '0:bond_RingStereo:kDelta': 0.95, '0:q:q': 0.44, '1:features_kernel:Matern32': 1.0, '2:features_kernel:Matern32': 16.0, '3:features_kernel:Matern32': 13.0, '4:features_kernel:Matern32': 7.0, '5:features_kernel:Matern32': 4.0, '6:features_kernel:Matern32': 11.0, '7:features_kernel:Matern32': 29.0, '8:features_kernel:Matern32': 10.0, '9:features_kernel:Matern32': 16.0, '10:features_kernel:Matern32': 22.0, '11:features_kernel:Matern32': 11.0, 'alpha': 0.098}. Best is trial 3 with value: 9.790962989206811.
[I 2026-05-07 00:05:35,046] Trial 5 finished with value: 9.861373582806301 and parameters: {'0:atom_AtomicNumber:kDelta': 1.0, '0:atom_AtomicNumber_list_1:kConv': 0.8, '0:atom_AtomicNumber_list_2:kConv': 0.85, '0:atom_AtomicNumber_list_3:kConv': 0.8, '0:atom_AtomicNumber_list_4:kConv': 0.8, '0:atom_MorganHash:kDelta': 0.75, '0:atom_Ring_count:kDelta': 0.9, '0:atom_RingSize_list:kConv': 0.9, '0:atom_Hcount:kDelta': 0.75, '0:atom_AtomicNumber_count_1:kDelta': 0.8, '0:atom_AtomicNumber_count_2:kDelta': 1.0, '0:atom_Chiral:kDelta': 0.8, '0:bond_Order:kDelta': 0.75, '0:bond_Stereo:kDelta': 0.85, '0:bond_RingStereo:kDelta': 1.0, '0:q:q': 0.13, '1:features_kernel:Matern32': 21.0, '2:features_kernel:Matern32': 23.0, '3:features_kernel:Matern32': 8.0, '4:features_kernel:Matern32': 22.0, '5:features_kernel:Matern32': 12.0, '6:features_kernel:Matern32': 19.0, '7:features_kernel:Matern32': 20.0, '8:features_kernel:Matern32': 17.0, '9:features_kernel:Matern32': 3.0, '10:features_kernel:Matern32': 26.0, '11:features_kernel:Matern32': 10.0, 'alpha': 0.019000000000000003}. Best is trial 3 with value: 9.790962989206811.
[I 2026-05-07 00:05:40,330] Trial 6 finished with value: 10.772574972082836 and parameters: {'0:atom_AtomicNumber:kDelta': 0.75, '0:atom_AtomicNumber_list_1:kConv': 0.9, '0:atom_AtomicNumber_list_2:kConv': 0.95, '0:atom_AtomicNumber_list_3:kConv': 0.75, '0:atom_AtomicNumber_list_4:kConv': 0.9, '0:atom_MorganHash:kDelta': 0.8, '0:atom_Ring_count:kDelta': 0.9, '0:atom_RingSize_list:kConv': 0.8, '0:atom_Hcount:kDelta': 0.95, '0:atom_AtomicNumber_count_1:kDelta': 0.85, '0:atom_AtomicNumber_count_2:kDelta': 1.0, '0:atom_Chiral:kDelta': 0.75, '0:bond_Order:kDelta': 0.85, '0:bond_Stereo:kDelta': 0.75, '0:bond_RingStereo:kDelta': 1.0, '0:q:q': 0.44, '1:features_kernel:Matern32': 8.0, '2:features_kernel:Matern32': 20.0, '3:features_kernel:Matern32': 25.0, '4:features_kernel:Matern32': 17.0, '5:features_kernel:Matern32': 16.0, '6:features_kernel:Matern32': 8.0, '7:features_kernel:Matern32': 3.0, '8:features_kernel:Matern32': 27.0, '9:features_kernel:Matern32': 28.0, '10:features_kernel:Matern32': 19.0, '11:features_kernel:Matern32': 11.0, 'alpha': 0.035}. Best is trial 3 with value: 9.790962989206811.
[I 2026-05-07 00:05:45,352] Trial 7 finished with value: 10.130831242528677 and parameters: {'0:atom_AtomicNumber:kDelta': 0.95, '0:atom_AtomicNumber_list_1:kConv': 1.0, '0:atom_AtomicNumber_list_2:kConv': 1.0, '0:atom_AtomicNumber_list_3:kConv': 0.95, '0:atom_AtomicNumber_list_4:kConv': 0.9, '0:atom_MorganHash:kDelta': 0.75, '0:atom_Ring_count:kDelta': 0.75, '0:atom_RingSize_list:kConv': 1.0, '0:atom_Hcount:kDelta': 0.9, '0:atom_AtomicNumber_count_1:kDelta': 0.75, '0:atom_AtomicNumber_count_2:kDelta': 0.75, '0:atom_Chiral:kDelta': 0.9, '0:bond_Order:kDelta': 0.75, '0:bond_Stereo:kDelta': 0.75, '0:bond_RingStereo:kDelta': 0.9, '0:q:q': 0.35000000000000003, '1:features_kernel:Matern32': 20.0, '2:features_kernel:Matern32': 7.0, '3:features_kernel:Matern32': 22.0, '4:features_kernel:Matern32': 8.0, '5:features_kernel:Matern32': 10.0, '6:features_kernel:Matern32': 23.0, '7:features_kernel:Matern32': 20.0, '8:features_kernel:Matern32': 26.0, '9:features_kernel:Matern32': 20.0, '10:features_kernel:Matern32': 18.0, '11:features_kernel:Matern32': 3.0, 'alpha': 0.037000000000000005}. Best is trial 3 with value: 9.790962989206811.
[I 2026-05-07 00:05:51,114] Trial 8 finished with value: 10.198777176564562 and parameters: {'0:atom_AtomicNumber:kDelta': 0.8, '0:atom_AtomicNumber_list_1:kConv': 0.8, '0:atom_AtomicNumber_list_2:kConv': 1.0, '0:atom_AtomicNumber_list_3:kConv': 0.85, '0:atom_AtomicNumber_list_4:kConv': 1.0, '0:atom_MorganHash:kDelta': 0.9, '0:atom_Ring_count:kDelta': 0.95, '0:atom_RingSize_list:kConv': 0.9, '0:atom_Hcount:kDelta': 0.9, '0:atom_AtomicNumber_count_1:kDelta': 0.85, '0:atom_AtomicNumber_count_2:kDelta': 0.8, '0:atom_Chiral:kDelta': 0.95, '0:bond_Order:kDelta': 0.8, '0:bond_Stereo:kDelta': 0.75, '0:bond_RingStereo:kDelta': 0.9, '0:q:q': 0.09, '1:features_kernel:Matern32': 29.0, '2:features_kernel:Matern32': 29.0, '3:features_kernel:Matern32': 28.0, '4:features_kernel:Matern32': 12.0, '5:features_kernel:Matern32': 1.0, '6:features_kernel:Matern32': 28.0, '7:features_kernel:Matern32': 13.0, '8:features_kernel:Matern32': 29.0, '9:features_kernel:Matern32': 29.0, '10:features_kernel:Matern32': 26.0, '11:features_kernel:Matern32': 9.0, 'alpha': 0.039}. Best is trial 3 with value: 9.790962989206811.
[I 2026-05-07 00:05:55,974] Trial 9 finished with value: 11.541042404376375 and parameters: {'0:atom_AtomicNumber:kDelta': 1.0, '0:atom_AtomicNumber_list_1:kConv': 0.8, '0:atom_AtomicNumber_list_2:kConv': 0.8, '0:atom_AtomicNumber_list_3:kConv': 0.9, '0:atom_AtomicNumber_list_4:kConv': 1.0, '0:atom_MorganHash:kDelta': 0.95, '0:atom_Ring_count:kDelta': 0.9, '0:atom_RingSize_list:kConv': 0.75, '0:atom_Hcount:kDelta': 0.9, '0:atom_AtomicNumber_count_1:kDelta': 1.0, '0:atom_AtomicNumber_count_2:kDelta': 0.75, '0:atom_Chiral:kDelta': 0.9, '0:bond_Order:kDelta': 1.0, '0:bond_Stereo:kDelta': 0.95, '0:bond_RingStereo:kDelta': 0.95, '0:q:q': 0.36000000000000004, '1:features_kernel:Matern32': 11.0, '2:features_kernel:Matern32': 9.0, '3:features_kernel:Matern32': 25.0, '4:features_kernel:Matern32': 25.0, '5:features_kernel:Matern32': 27.0, '6:features_kernel:Matern32': 28.0, '7:features_kernel:Matern32': 16.0, '8:features_kernel:Matern32': 16.0, '9:features_kernel:Matern32': 24.0, '10:features_kernel:Matern32': 20.0, '11:features_kernel:Matern32': 22.0, 'alpha': 0.08}. Best is trial 3 with value: 9.790962989206811.
[I 2026-05-07 00:06:01,710] Trial 10 finished with value: 11.427177850445153 and parameters: {'0:atom_AtomicNumber:kDelta': 0.85, '0:atom_AtomicNumber_list_1:kConv': 0.9, '0:atom_AtomicNumber_list_2:kConv': 0.85, '0:atom_AtomicNumber_list_3:kConv': 1.0, '0:atom_AtomicNumber_list_4:kConv': 0.95, '0:atom_MorganHash:kDelta': 0.9, '0:atom_Ring_count:kDelta': 0.8, '0:atom_RingSize_list:kConv': 0.95, '0:atom_Hcount:kDelta': 1.0, '0:atom_AtomicNumber_count_1:kDelta': 0.9, '0:atom_AtomicNumber_count_2:kDelta': 0.9, '0:atom_Chiral:kDelta': 0.85, '0:bond_Order:kDelta': 0.9, '0:bond_Stereo:kDelta': 0.95, '0:bond_RingStereo:kDelta': 0.8, '0:q:q': 0.2, '1:features_kernel:Matern32': 30.0, '2:features_kernel:Matern32': 1.0, '3:features_kernel:Matern32': 1.0, '4:features_kernel:Matern32': 1.0, '5:features_kernel:Matern32': 30.0, '6:features_kernel:Matern32': 13.0, '7:features_kernel:Matern32': 3.0, '8:features_kernel:Matern32': 21.0, '9:features_kernel:Matern32': 4.0, '10:features_kernel:Matern32': 2.0, '11:features_kernel:Matern32': 28.0, 'alpha': 0.065}. Best is trial 3 with value: 9.790962989206811.
[I 2026-05-07 00:06:06,837] Trial 11 finished with value: 9.895904727452388 and parameters: {'0:atom_AtomicNumber:kDelta': 0.9, '0:atom_AtomicNumber_list_1:kConv': 0.75, '0:atom_AtomicNumber_list_2:kConv': 0.85, '0:atom_AtomicNumber_list_3:kConv': 0.85, '0:atom_AtomicNumber_list_4:kConv': 0.8, '0:atom_MorganHash:kDelta': 0.85, '0:atom_Ring_count:kDelta': 0.85, '0:atom_RingSize_list:kConv': 0.85, '0:atom_Hcount:kDelta': 0.75, '0:atom_AtomicNumber_count_1:kDelta': 0.8, '0:atom_AtomicNumber_count_2:kDelta': 1.0, '0:atom_Chiral:kDelta': 0.8, '0:bond_Order:kDelta': 0.9, '0:bond_Stereo:kDelta': 0.9, '0:bond_RingStereo:kDelta': 0.75, '0:q:q': 0.2, '1:features_kernel:Matern32': 21.0, '2:features_kernel:Matern32': 24.0, '3:features_kernel:Matern32': 6.0, '4:features_kernel:Matern32': 30.0, '5:features_kernel:Matern32': 10.0, '6:features_kernel:Matern32': 20.0, '7:features_kernel:Matern32': 22.0, '8:features_kernel:Matern32': 19.0, '9:features_kernel:Matern32': 1.0, '10:features_kernel:Matern32': 9.0, '11:features_kernel:Matern32': 1.0, 'alpha': 0.004}. Best is trial 3 with value: 9.790962989206811.
[I 2026-05-07 00:06:12,534] Trial 12 finished with value: 9.855409537999753 and parameters: {'0:atom_AtomicNumber:kDelta': 0.8, '0:atom_AtomicNumber_list_1:kConv': 0.85, '0:atom_AtomicNumber_list_2:kConv': 0.8, '0:atom_AtomicNumber_list_3:kConv': 0.75, '0:atom_AtomicNumber_list_4:kConv': 0.8, '0:atom_MorganHash:kDelta': 0.85, '0:atom_Ring_count:kDelta': 0.85, '0:atom_RingSize_list:kConv': 0.95, '0:atom_Hcount:kDelta': 0.75, '0:atom_AtomicNumber_count_1:kDelta': 0.8, '0:atom_AtomicNumber_count_2:kDelta': 0.95, '0:atom_Chiral:kDelta': 0.8, '0:bond_Order:kDelta': 0.85, '0:bond_Stereo:kDelta': 0.9, '0:bond_RingStereo:kDelta': 0.85, '0:q:q': 0.03, '1:features_kernel:Matern32': 22.0, '2:features_kernel:Matern32': 29.0, '3:features_kernel:Matern32': 6.0, '4:features_kernel:Matern32': 22.0, '5:features_kernel:Matern32': 9.0, '6:features_kernel:Matern32': 18.0, '7:features_kernel:Matern32': 22.0, '8:features_kernel:Matern32': 13.0, '9:features_kernel:Matern32': 8.0, '10:features_kernel:Matern32': 12.0, '11:features_kernel:Matern32': 17.0, 'alpha': 0.018000000000000002}. Best is trial 3 with value: 9.790962989206811.
[I 2026-05-07 00:06:18,675] Trial 13 finished with value: 9.712143034250035 and parameters: {'0:atom_AtomicNumber:kDelta': 0.8, '0:atom_AtomicNumber_list_1:kConv': 0.85, '0:atom_AtomicNumber_list_2:kConv': 0.75, '0:atom_AtomicNumber_list_3:kConv': 0.75, '0:atom_AtomicNumber_list_4:kConv': 0.85, '0:atom_MorganHash:kDelta': 0.85, '0:atom_Ring_count:kDelta': 0.8, '0:atom_RingSize_list:kConv': 0.95, '0:atom_Hcount:kDelta': 1.0, '0:atom_AtomicNumber_count_1:kDelta': 0.8, '0:atom_AtomicNumber_count_2:kDelta': 0.9, '0:atom_Chiral:kDelta': 0.8, '0:bond_Order:kDelta': 0.85, '0:bond_Stereo:kDelta': 0.9, '0:bond_RingStereo:kDelta': 0.85, '0:q:q': 0.01, '1:features_kernel:Matern32': 18.0, '2:features_kernel:Matern32': 27.0, '3:features_kernel:Matern32': 2.0, '4:features_kernel:Matern32': 20.0, '5:features_kernel:Matern32': 22.0, '6:features_kernel:Matern32': 16.0, '7:features_kernel:Matern32': 23.0, '8:features_kernel:Matern32': 10.0, '9:features_kernel:Matern32': 8.0, '10:features_kernel:Matern32': 11.0, '11:features_kernel:Matern32': 17.0, 'alpha': 0.021}. Best is trial 13 with value: 9.712143034250035.
[I 2026-05-07 00:06:24,940] Trial 14 finished with value: 9.820407867611337 and parameters: {'0:atom_AtomicNumber:kDelta': 0.8, '0:atom_AtomicNumber_list_1:kConv': 0.85, '0:atom_AtomicNumber_list_2:kConv': 0.75, '0:atom_AtomicNumber_list_3:kConv': 0.95, '0:atom_AtomicNumber_list_4:kConv': 0.85, '0:atom_MorganHash:kDelta': 0.85, '0:atom_Ring_count:kDelta': 0.8, '0:atom_RingSize_list:kConv': 1.0, '0:atom_Hcount:kDelta': 1.0, '0:atom_AtomicNumber_count_1:kDelta': 0.95, '0:atom_AtomicNumber_count_2:kDelta': 0.9, '0:atom_Chiral:kDelta': 0.85, '0:bond_Order:kDelta': 0.95, '0:bond_Stereo:kDelta': 0.8, '0:bond_RingStereo:kDelta': 0.8, '0:q:q': 0.01, '1:features_kernel:Matern32': 14.0, '2:features_kernel:Matern32': 12.0, '3:features_kernel:Matern32': 3.0, '4:features_kernel:Matern32': 17.0, '5:features_kernel:Matern32': 22.0, '6:features_kernel:Matern32': 14.0, '7:features_kernel:Matern32': 26.0, '8:features_kernel:Matern32': 6.0, '9:features_kernel:Matern32': 10.0, '10:features_kernel:Matern32': 2.0, '11:features_kernel:Matern32': 23.0, 'alpha': 0.021}. Best is trial 13 with value: 9.712143034250035.
[I 2026-05-07 00:06:30,421] Trial 15 finished with value: 11.964725770949522 and parameters: {'0:atom_AtomicNumber:kDelta': 0.8, '0:atom_AtomicNumber_list_1:kConv': 0.85, '0:atom_AtomicNumber_list_2:kConv': 0.95, '0:atom_AtomicNumber_list_3:kConv': 0.9, '0:atom_AtomicNumber_list_4:kConv': 0.95, '0:atom_MorganHash:kDelta': 0.95, '0:atom_Ring_count:kDelta': 0.8, '0:atom_RingSize_list:kConv': 0.95, '0:atom_Hcount:kDelta': 0.95, '0:atom_AtomicNumber_count_1:kDelta': 0.85, '0:atom_AtomicNumber_count_2:kDelta': 0.85, '0:atom_Chiral:kDelta': 0.8, '0:bond_Order:kDelta': 0.9, '0:bond_Stereo:kDelta': 0.95, '0:bond_RingStereo:kDelta': 0.85, '0:q:q': 0.18000000000000002, '1:features_kernel:Matern32': 16.0, '2:features_kernel:Matern32': 20.0, '3:features_kernel:Matern32': 16.0, '4:features_kernel:Matern32': 12.0, '5:features_kernel:Matern32': 30.0, '6:features_kernel:Matern32': 1.0, '7:features_kernel:Matern32': 16.0, '8:features_kernel:Matern32': 1.0, '9:features_kernel:Matern32': 8.0, '10:features_kernel:Matern32': 9.0, '11:features_kernel:Matern32': 15.0, 'alpha': 0.051000000000000004}. Best is trial 13 with value: 9.712143034250035.
[I 2026-05-07 00:06:36,978] Trial 16 finished with value: 10.429736127751001 and parameters: {'0:atom_AtomicNumber:kDelta': 0.75, '0:atom_AtomicNumber_list_1:kConv': 0.9, '0:atom_AtomicNumber_list_2:kConv': 0.8, '0:atom_AtomicNumber_list_3:kConv': 0.95, '0:atom_AtomicNumber_list_4:kConv': 0.9, '0:atom_MorganHash:kDelta': 0.9, '0:atom_Ring_count:kDelta': 0.75, '0:atom_RingSize_list:kConv': 0.95, '0:atom_Hcount:kDelta': 1.0, '0:atom_AtomicNumber_count_1:kDelta': 0.9, '0:atom_AtomicNumber_count_2:kDelta': 0.95, '0:atom_Chiral:kDelta': 0.75, '0:bond_Order:kDelta': 0.85, '0:bond_Stereo:kDelta': 0.9, '0:bond_RingStereo:kDelta': 0.75, '0:q:q': 0.04, '1:features_kernel:Matern32': 4.0, '2:features_kernel:Matern32': 30.0, '3:features_kernel:Matern32': 17.0, '4:features_kernel:Matern32': 26.0, '5:features_kernel:Matern32': 23.0, '6:features_kernel:Matern32': 10.0, '7:features_kernel:Matern32': 7.0, '8:features_kernel:Matern32': 22.0, '9:features_kernel:Matern32': 12.0, '10:features_kernel:Matern32': 6.0, '11:features_kernel:Matern32': 21.0, 'alpha': 0.025}. Best is trial 13 with value: 9.712143034250035.
[I 2026-05-07 00:06:41,937] Trial 17 finished with value: 9.310161596391502 and parameters: {'0:atom_AtomicNumber:kDelta': 0.85, '0:atom_AtomicNumber_list_1:kConv': 0.75, '0:atom_AtomicNumber_list_2:kConv': 0.9, '0:atom_AtomicNumber_list_3:kConv': 0.85, '0:atom_AtomicNumber_list_4:kConv': 0.85, '0:atom_MorganHash:kDelta': 0.85, '0:atom_Ring_count:kDelta': 0.8, '0:atom_RingSize_list:kConv': 0.9, '0:atom_Hcount:kDelta': 0.95, '0:atom_AtomicNumber_count_1:kDelta': 0.95, '0:atom_AtomicNumber_count_2:kDelta': 0.85, '0:atom_Chiral:kDelta': 0.9, '0:bond_Order:kDelta': 0.95, '0:bond_Stereo:kDelta': 0.8, '0:bond_RingStereo:kDelta': 0.85, '0:q:q': 0.3, '1:features_kernel:Matern32': 26.0, '2:features_kernel:Matern32': 26.0, '3:features_kernel:Matern32': 3.0, '4:features_kernel:Matern32': 19.0, '5:features_kernel:Matern32': 26.0, '6:features_kernel:Matern32': 16.0, '7:features_kernel:Matern32': 25.0, '8:features_kernel:Matern32': 8.0, '9:features_kernel:Matern32': 6.0, '10:features_kernel:Matern32': 13.0, '11:features_kernel:Matern32': 14.0, 'alpha': 0.002}. Best is trial 17 with value: 9.310161596391502.
[I 2026-05-07 00:06:46,954] Trial 18 finished with value: 9.74053370318331 and parameters: {'0:atom_AtomicNumber:kDelta': 0.85, '0:atom_AtomicNumber_list_1:kConv': 0.75, '0:atom_AtomicNumber_list_2:kConv': 0.9, '0:atom_AtomicNumber_list_3:kConv': 0.75, '0:atom_AtomicNumber_list_4:kConv': 0.85, '0:atom_MorganHash:kDelta': 0.95, '0:atom_Ring_count:kDelta': 0.8, '0:atom_RingSize_list:kConv': 0.85, '0:atom_Hcount:kDelta': 0.85, '0:atom_AtomicNumber_count_1:kDelta': 0.95, '0:atom_AtomicNumber_count_2:kDelta': 0.85, '0:atom_Chiral:kDelta': 0.95, '0:bond_Order:kDelta': 1.0, '0:bond_Stereo:kDelta': 0.8, '0:bond_RingStereo:kDelta': 0.85, '0:q:q': 0.31, '1:features_kernel:Matern32': 26.0, '2:features_kernel:Matern32': 26.0, '3:features_kernel:Matern32': 1.0, '4:features_kernel:Matern32': 20.0, '5:features_kernel:Matern32': 20.0, '6:features_kernel:Matern32': 24.0, '7:features_kernel:Matern32': 26.0, '8:features_kernel:Matern32': 8.0, '9:features_kernel:Matern32': 16.0, '10:features_kernel:Matern32': 14.0, '11:features_kernel:Matern32': 14.0, 'alpha': 0.003}. Best is trial 17 with value: 9.310161596391502.
[I 2026-05-07 00:06:52,142] Trial 19 finished with value: 10.023985323776598 and parameters: {'0:atom_AtomicNumber:kDelta': 0.9, '0:atom_AtomicNumber_list_1:kConv': 0.95, '0:atom_AtomicNumber_list_2:kConv': 0.75, '0:atom_AtomicNumber_list_3:kConv': 0.85, '0:atom_AtomicNumber_list_4:kConv': 0.8, '0:atom_MorganHash:kDelta': 0.8, '0:atom_Ring_count:kDelta': 0.85, '0:atom_RingSize_list:kConv': 0.8, '0:atom_Hcount:kDelta': 1.0, '0:atom_AtomicNumber_count_1:kDelta': 0.8, '0:atom_AtomicNumber_count_2:kDelta': 0.85, '0:atom_Chiral:kDelta': 0.9, '0:bond_Order:kDelta': 0.95, '0:bond_Stereo:kDelta': 1.0, '0:bond_RingStereo:kDelta': 0.9, '0:q:q': 0.28, '1:features_kernel:Matern32': 25.0, '2:features_kernel:Matern32': 26.0, '3:features_kernel:Matern32': 4.0, '4:features_kernel:Matern32': 30.0, '5:features_kernel:Matern32': 26.0, '6:features_kernel:Matern32': 18.0, '7:features_kernel:Matern32': 26.0, '8:features_kernel:Matern32': 13.0, '9:features_kernel:Matern32': 5.0, '10:features_kernel:Matern32': 15.0, '11:features_kernel:Matern32': 27.0, 'alpha': 0.032}. Best is trial 17 with value: 9.310161596391502.
