[I 2026-05-06 23:44:23,009] Trial 28 finished with value: 9.815072307775713 and parameters: {'0:atom_AtomicNumber:kDelta': 0.85, '0:atom_AtomicNumber_list_1:kConv': 0.85, '0:atom_AtomicNumber_list_2:kConv': 0.9, '0:atom_AtomicNumber_list_3:kConv': 0.85, '0:atom_AtomicNumber_list_4:kConv': 0.8, '0:atom_MorganHash:kDelta': 0.95, '0:atom_Ring_count:kDelta': 1.0, '0:atom_RingSize_list:kConv': 0.85, '0:atom_Hcount:kDelta': 0.75, '0:atom_AtomicNumber_count_1:kDelta': 0.75, '0:atom_AtomicNumber_count_2:kDelta': 0.95, '0:atom_Chiral:kDelta': 1.0, '0:bond_Order:kDelta': 0.8, '0:bond_Stereo:kDelta': 0.75, '0:bond_RingStereo:kDelta': 0.9, '0:q:q': 0.15000000000000002, '1:features_kernel:Matern32': 28.0, '2:features_kernel:Matern32': 18.0, '3:features_kernel:Matern32': 6.0, '4:features_kernel:Matern32': 27.0, '5:features_kernel:Matern32': 3.0, '6:features_kernel:Matern32': 7.0, '7:features_kernel:Matern32': 22.0, '8:features_kernel:Matern32': 18.0, '9:features_kernel:Matern32': 17.0, '10:features_kernel:Matern32': 22.0, '11:features_kernel:Matern32': 22.0, 'alpha': 0.017}. Best is trial 22 with value: 9.619901835635671.
[I 2026-05-06 23:44:27,901] Trial 29 finished with value: 10.760258931021111 and parameters: {'0:atom_AtomicNumber:kDelta': 0.75, '0:atom_AtomicNumber_list_1:kConv': 0.8, '0:atom_AtomicNumber_list_2:kConv': 0.85, '0:atom_AtomicNumber_list_3:kConv': 0.9, '0:atom_AtomicNumber_list_4:kConv': 0.85, '0:atom_MorganHash:kDelta': 0.8, '0:atom_Ring_count:kDelta': 0.95, '0:atom_RingSize_list:kConv': 0.8, '0:atom_Hcount:kDelta': 0.95, '0:atom_AtomicNumber_count_1:kDelta': 0.9, '0:atom_AtomicNumber_count_2:kDelta': 0.8, '0:atom_Chiral:kDelta': 0.95, '0:bond_Order:kDelta': 0.85, '0:bond_Stereo:kDelta': 0.85, '0:bond_RingStereo:kDelta': 1.0, '0:q:q': 0.46, '1:features_kernel:Matern32': 18.0, '2:features_kernel:Matern32': 27.0, '3:features_kernel:Matern32': 10.0, '4:features_kernel:Matern32': 24.0, '5:features_kernel:Matern32': 13.0, '6:features_kernel:Matern32': 19.0, '7:features_kernel:Matern32': 20.0, '8:features_kernel:Matern32': 15.0, '9:features_kernel:Matern32': 21.0, '10:features_kernel:Matern32': 27.0, '11:features_kernel:Matern32': 14.0, 'alpha': 0.049}. Best is trial 22 with value: 9.619901835635671.
[I 2026-05-06 23:44:32,770] Trial 30 finished with value: 10.20526251355116 and parameters: {'0:atom_AtomicNumber:kDelta': 0.8, '0:atom_AtomicNumber_list_1:kConv': 0.8, '0:atom_AtomicNumber_list_2:kConv': 1.0, '0:atom_AtomicNumber_list_3:kConv': 0.8, '0:atom_AtomicNumber_list_4:kConv': 0.75, '0:atom_MorganHash:kDelta': 0.9, '0:atom_Ring_count:kDelta': 0.9, '0:atom_RingSize_list:kConv': 0.85, '0:atom_Hcount:kDelta': 0.85, '0:atom_AtomicNumber_count_1:kDelta': 0.8, '0:atom_AtomicNumber_count_2:kDelta': 0.85, '0:atom_Chiral:kDelta': 1.0, '0:bond_Order:kDelta': 0.75, '0:bond_Stereo:kDelta': 0.75, '0:bond_RingStereo:kDelta': 0.9, '0:q:q': 0.34, '1:features_kernel:Matern32': 25.0, '2:features_kernel:Matern32': 13.0, '3:features_kernel:Matern32': 30.0, '4:features_kernel:Matern32': 25.0, '5:features_kernel:Matern32': 18.0, '6:features_kernel:Matern32': 14.0, '7:features_kernel:Matern32': 25.0, '8:features_kernel:Matern32': 21.0, '9:features_kernel:Matern32': 23.0, '10:features_kernel:Matern32': 18.0, '11:features_kernel:Matern32': 5.0, 'alpha': 0.022000000000000002}. Best is trial 22 with value: 9.619901835635671.
[I 2026-05-06 23:44:37,765] Trial 31 finished with value: 10.140324949659167 and parameters: {'0:atom_AtomicNumber:kDelta': 0.75, '0:atom_AtomicNumber_list_1:kConv': 0.9, '0:atom_AtomicNumber_list_2:kConv': 0.95, '0:atom_AtomicNumber_list_3:kConv': 0.75, '0:atom_AtomicNumber_list_4:kConv': 0.8, '0:atom_MorganHash:kDelta': 0.95, '0:atom_Ring_count:kDelta': 0.85, '0:atom_RingSize_list:kConv': 0.9, '0:atom_Hcount:kDelta': 0.8, '0:atom_AtomicNumber_count_1:kDelta': 0.95, '0:atom_AtomicNumber_count_2:kDelta': 0.85, '0:atom_Chiral:kDelta': 0.95, '0:bond_Order:kDelta': 0.9, '0:bond_Stereo:kDelta': 0.8, '0:bond_RingStereo:kDelta': 0.95, '0:q:q': 0.29000000000000004, '1:features_kernel:Matern32': 22.0, '2:features_kernel:Matern32': 27.0, '3:features_kernel:Matern32': 24.0, '4:features_kernel:Matern32': 30.0, '5:features_kernel:Matern32': 3.0, '6:features_kernel:Matern32': 11.0, '7:features_kernel:Matern32': 12.0, '8:features_kernel:Matern32': 22.0, '9:features_kernel:Matern32': 4.0, '10:features_kernel:Matern32': 12.0, '11:features_kernel:Matern32': 17.0, 'alpha': 0.059000000000000004}. Best is trial 22 with value: 9.619901835635671.
[I 2026-05-06 23:44:43,480] Trial 32 finished with value: 9.773379135866662 and parameters: {'0:atom_AtomicNumber:kDelta': 0.85, '0:atom_AtomicNumber_list_1:kConv': 0.85, '0:atom_AtomicNumber_list_2:kConv': 0.9, '0:atom_AtomicNumber_list_3:kConv': 0.85, '0:atom_AtomicNumber_list_4:kConv': 0.8, '0:atom_MorganHash:kDelta': 0.95, '0:atom_Ring_count:kDelta': 1.0, '0:atom_RingSize_list:kConv': 0.85, '0:atom_Hcount:kDelta': 0.75, '0:atom_AtomicNumber_count_1:kDelta': 0.75, '0:atom_AtomicNumber_count_2:kDelta': 0.95, '0:atom_Chiral:kDelta': 1.0, '0:bond_Order:kDelta': 0.8, '0:bond_Stereo:kDelta': 0.75, '0:bond_RingStereo:kDelta': 0.9, '0:q:q': 0.13, '1:features_kernel:Matern32': 27.0, '2:features_kernel:Matern32': 22.0, '3:features_kernel:Matern32': 5.0, '4:features_kernel:Matern32': 28.0, '5:features_kernel:Matern32': 3.0, '6:features_kernel:Matern32': 7.0, '7:features_kernel:Matern32': 22.0, '8:features_kernel:Matern32': 18.0, '9:features_kernel:Matern32': 17.0, '10:features_kernel:Matern32': 22.0, '11:features_kernel:Matern32': 22.0, 'alpha': 0.016}. Best is trial 22 with value: 9.619901835635671.
[I 2026-05-06 23:44:49,164] Trial 33 finished with value: 9.619065282737669 and parameters: {'0:atom_AtomicNumber:kDelta': 0.85, '0:atom_AtomicNumber_list_1:kConv': 0.85, '0:atom_AtomicNumber_list_2:kConv': 0.9, '0:atom_AtomicNumber_list_3:kConv': 0.85, '0:atom_AtomicNumber_list_4:kConv': 0.8, '0:atom_MorganHash:kDelta': 0.95, '0:atom_Ring_count:kDelta': 1.0, '0:atom_RingSize_list:kConv': 0.85, '0:atom_Hcount:kDelta': 0.75, '0:atom_AtomicNumber_count_1:kDelta': 0.75, '0:atom_AtomicNumber_count_2:kDelta': 0.9, '0:atom_Chiral:kDelta': 1.0, '0:bond_Order:kDelta': 0.8, '0:bond_Stereo:kDelta': 0.75, '0:bond_RingStereo:kDelta': 0.85, '0:q:q': 0.08, '1:features_kernel:Matern32': 27.0, '2:features_kernel:Matern32': 22.0, '3:features_kernel:Matern32': 4.0, '4:features_kernel:Matern32': 22.0, '5:features_kernel:Matern32': 6.0, '6:features_kernel:Matern32': 10.0, '7:features_kernel:Matern32': 23.0, '8:features_kernel:Matern32': 26.0, '9:features_kernel:Matern32': 14.0, '10:features_kernel:Matern32': 23.0, '11:features_kernel:Matern32': 21.0, 'alpha': 0.007}. Best is trial 33 with value: 9.619065282737669.
[I 2026-05-06 23:44:55,526] Trial 34 finished with value: 9.606064938514235 and parameters: {'0:atom_AtomicNumber:kDelta': 0.8, '0:atom_AtomicNumber_list_1:kConv': 0.8, '0:atom_AtomicNumber_list_2:kConv': 0.95, '0:atom_AtomicNumber_list_3:kConv': 0.85, '0:atom_AtomicNumber_list_4:kConv': 0.75, '0:atom_MorganHash:kDelta': 1.0, '0:atom_Ring_count:kDelta': 1.0, '0:atom_RingSize_list:kConv': 0.85, '0:atom_Hcount:kDelta': 0.8, '0:atom_AtomicNumber_count_1:kDelta': 0.75, '0:atom_AtomicNumber_count_2:kDelta': 0.9, '0:atom_Chiral:kDelta': 0.95, '0:bond_Order:kDelta': 0.85, '0:bond_Stereo:kDelta': 0.75, '0:bond_RingStereo:kDelta': 0.85, '0:q:q': 0.01, '1:features_kernel:Matern32': 15.0, '2:features_kernel:Matern32': 18.0, '3:features_kernel:Matern32': 3.0, '4:features_kernel:Matern32': 22.0, '5:features_kernel:Matern32': 6.0, '6:features_kernel:Matern32': 11.0, '7:features_kernel:Matern32': 24.0, '8:features_kernel:Matern32': 25.0, '9:features_kernel:Matern32': 11.0, '10:features_kernel:Matern32': 25.0, '11:features_kernel:Matern32': 20.0, 'alpha': 0.006}. Best is trial 34 with value: 9.606064938514235.
[I 2026-05-06 23:45:01,750] Trial 35 finished with value: 9.59630398912556 and parameters: {'0:atom_AtomicNumber:kDelta': 0.85, '0:atom_AtomicNumber_list_1:kConv': 0.8, '0:atom_AtomicNumber_list_2:kConv': 0.95, '0:atom_AtomicNumber_list_3:kConv': 0.85, '0:atom_AtomicNumber_list_4:kConv': 0.75, '0:atom_MorganHash:kDelta': 1.0, '0:atom_Ring_count:kDelta': 1.0, '0:atom_RingSize_list:kConv': 0.8, '0:atom_Hcount:kDelta': 0.75, '0:atom_AtomicNumber_count_1:kDelta': 0.75, '0:atom_AtomicNumber_count_2:kDelta': 0.9, '0:atom_Chiral:kDelta': 0.95, '0:bond_Order:kDelta': 0.8, '0:bond_Stereo:kDelta': 0.8, '0:bond_RingStereo:kDelta': 0.8, '0:q:q': 0.02, '1:features_kernel:Matern32': 16.0, '2:features_kernel:Matern32': 17.0, '3:features_kernel:Matern32': 3.0, '4:features_kernel:Matern32': 16.0, '5:features_kernel:Matern32': 10.0, '6:features_kernel:Matern32': 11.0, '7:features_kernel:Matern32': 23.0, '8:features_kernel:Matern32': 27.0, '9:features_kernel:Matern32': 12.0, '10:features_kernel:Matern32': 23.0, '11:features_kernel:Matern32': 19.0, 'alpha': 0.006}. Best is trial 35 with value: 9.59630398912556.
[I 2026-05-06 23:45:07,913] Trial 36 finished with value: 9.637690490524543 and parameters: {'0:atom_AtomicNumber:kDelta': 0.9, '0:atom_AtomicNumber_list_1:kConv': 0.8, '0:atom_AtomicNumber_list_2:kConv': 1.0, '0:atom_AtomicNumber_list_3:kConv': 0.85, '0:atom_AtomicNumber_list_4:kConv': 0.75, '0:atom_MorganHash:kDelta': 1.0, '0:atom_Ring_count:kDelta': 1.0, '0:atom_RingSize_list:kConv': 0.8, '0:atom_Hcount:kDelta': 0.75, '0:atom_AtomicNumber_count_1:kDelta': 0.8, '0:atom_AtomicNumber_count_2:kDelta': 0.9, '0:atom_Chiral:kDelta': 0.9, '0:bond_Order:kDelta': 0.85, '0:bond_Stereo:kDelta': 0.8, '0:bond_RingStereo:kDelta': 0.8, '0:q:q': 0.01, '1:features_kernel:Matern32': 13.0, '2:features_kernel:Matern32': 18.0, '3:features_kernel:Matern32': 3.0, '4:features_kernel:Matern32': 12.0, '5:features_kernel:Matern32': 10.0, '6:features_kernel:Matern32': 11.0, '7:features_kernel:Matern32': 23.0, '8:features_kernel:Matern32': 27.0, '9:features_kernel:Matern32': 13.0, '10:features_kernel:Matern32': 24.0, '11:features_kernel:Matern32': 17.0, 'alpha': 0.006}. Best is trial 35 with value: 9.59630398912556.
[I 2026-05-06 23:45:13,772] Trial 37 finished with value: 9.603403080818492 and parameters: {'0:atom_AtomicNumber:kDelta': 0.85, '0:atom_AtomicNumber_list_1:kConv': 0.8, '0:atom_AtomicNumber_list_2:kConv': 0.95, '0:atom_AtomicNumber_list_3:kConv': 0.8, '0:atom_AtomicNumber_list_4:kConv': 0.75, '0:atom_MorganHash:kDelta': 1.0, '0:atom_Ring_count:kDelta': 1.0, '0:atom_RingSize_list:kConv': 0.8, '0:atom_Hcount:kDelta': 0.75, '0:atom_AtomicNumber_count_1:kDelta': 0.75, '0:atom_AtomicNumber_count_2:kDelta': 0.9, '0:atom_Chiral:kDelta': 0.95, '0:bond_Order:kDelta': 0.75, '0:bond_Stereo:kDelta': 0.95, '0:bond_RingStereo:kDelta': 0.8, '0:q:q': 0.05, '1:features_kernel:Matern32': 14.0, '2:features_kernel:Matern32': 14.0, '3:features_kernel:Matern32': 2.0, '4:features_kernel:Matern32': 16.0, '5:features_kernel:Matern32': 6.0, '6:features_kernel:Matern32': 10.0, '7:features_kernel:Matern32': 27.0, '8:features_kernel:Matern32': 27.0, '9:features_kernel:Matern32': 10.0, '10:features_kernel:Matern32': 15.0, '11:features_kernel:Matern32': 27.0, 'alpha': 0.008}. Best is trial 35 with value: 9.59630398912556.
[I 2026-05-06 23:45:20,912] Trial 38 finished with value: 9.62267234974784 and parameters: {'0:atom_AtomicNumber:kDelta': 0.85, '0:atom_AtomicNumber_list_1:kConv': 0.8, '0:atom_AtomicNumber_list_2:kConv': 0.95, '0:atom_AtomicNumber_list_3:kConv': 0.75, '0:atom_AtomicNumber_list_4:kConv': 0.75, '0:atom_MorganHash:kDelta': 1.0, '0:atom_Ring_count:kDelta': 0.9, '0:atom_RingSize_list:kConv': 0.8, '0:atom_Hcount:kDelta': 0.75, '0:atom_AtomicNumber_count_1:kDelta': 0.75, '0:atom_AtomicNumber_count_2:kDelta': 0.9, '0:atom_Chiral:kDelta': 0.9, '0:bond_Order:kDelta': 0.8, '0:bond_Stereo:kDelta': 0.95, '0:bond_RingStereo:kDelta': 0.8, '0:q:q': 0.05, '1:features_kernel:Matern32': 15.0, '2:features_kernel:Matern32': 11.0, '3:features_kernel:Matern32': 2.0, '4:features_kernel:Matern32': 16.0, '5:features_kernel:Matern32': 6.0, '6:features_kernel:Matern32': 11.0, '7:features_kernel:Matern32': 28.0, '8:features_kernel:Matern32': 26.0, '9:features_kernel:Matern32': 11.0, '10:features_kernel:Matern32': 8.0, '11:features_kernel:Matern32': 26.0, 'alpha': 0.010000000000000002}. Best is trial 35 with value: 9.59630398912556.
[I 2026-05-06 23:45:26,700] Trial 39 finished with value: 11.142845779846139 and parameters: {'0:atom_AtomicNumber:kDelta': 0.95, '0:atom_AtomicNumber_list_1:kConv': 0.8, '0:atom_AtomicNumber_list_2:kConv': 1.0, '0:atom_AtomicNumber_list_3:kConv': 0.8, '0:atom_AtomicNumber_list_4:kConv': 0.75, '0:atom_MorganHash:kDelta': 1.0, '0:atom_Ring_count:kDelta': 0.8, '0:atom_RingSize_list:kConv': 0.8, '0:atom_Hcount:kDelta': 0.75, '0:atom_AtomicNumber_count_1:kDelta': 0.85, '0:atom_AtomicNumber_count_2:kDelta': 0.95, '0:atom_Chiral:kDelta': 0.95, '0:bond_Order:kDelta': 0.85, '0:bond_Stereo:kDelta': 0.95, '0:bond_RingStereo:kDelta': 0.85, '0:q:q': 0.06999999999999999, '1:features_kernel:Matern32': 9.0, '2:features_kernel:Matern32': 13.0, '3:features_kernel:Matern32': 3.0, '4:features_kernel:Matern32': 7.0, '5:features_kernel:Matern32': 6.0, '6:features_kernel:Matern32': 2.0, '7:features_kernel:Matern32': 30.0, '8:features_kernel:Matern32': 30.0, '9:features_kernel:Matern32': 9.0, '10:features_kernel:Matern32': 14.0, '11:features_kernel:Matern32': 24.0, 'alpha': 0.009000000000000001}. Best is trial 35 with value: 9.59630398912556.
[I 2026-05-06 23:45:32,512] Trial 40 finished with value: 10.696256281988733 and parameters: {'0:atom_AtomicNumber:kDelta': 0.85, '0:atom_AtomicNumber_list_1:kConv': 0.8, '0:atom_AtomicNumber_list_2:kConv': 0.95, '0:atom_AtomicNumber_list_3:kConv': 0.8, '0:atom_AtomicNumber_list_4:kConv': 0.75, '0:atom_MorganHash:kDelta': 1.0, '0:atom_Ring_count:kDelta': 1.0, '0:atom_RingSize_list:kConv': 0.8, '0:atom_Hcount:kDelta': 0.75, '0:atom_AtomicNumber_count_1:kDelta': 0.8, '0:atom_AtomicNumber_count_2:kDelta': 0.9, '0:atom_Chiral:kDelta': 0.85, '0:bond_Order:kDelta': 0.8, '0:bond_Stereo:kDelta': 0.9, '0:bond_RingStereo:kDelta': 0.8, '0:q:q': 0.05, '1:features_kernel:Matern32': 14.0, '2:features_kernel:Matern32': 14.0, '3:features_kernel:Matern32': 8.0, '4:features_kernel:Matern32': 11.0, '5:features_kernel:Matern32': 12.0, '6:features_kernel:Matern32': 20.0, '7:features_kernel:Matern32': 24.0, '8:features_kernel:Matern32': 27.0, '9:features_kernel:Matern32': 7.0, '10:features_kernel:Matern32': 17.0, '11:features_kernel:Matern32': 27.0, 'alpha': 0.07300000000000001}. Best is trial 35 with value: 9.59630398912556.
[I 2026-05-06 23:45:38,591] Trial 41 finished with value: 10.323097337061224 and parameters: {'0:atom_AtomicNumber:kDelta': 0.9, '0:atom_AtomicNumber_list_1:kConv': 0.75, '0:atom_AtomicNumber_list_2:kConv': 1.0, '0:atom_AtomicNumber_list_3:kConv': 0.75, '0:atom_AtomicNumber_list_4:kConv': 0.75, '0:atom_MorganHash:kDelta': 1.0, '0:atom_Ring_count:kDelta': 0.95, '0:atom_RingSize_list:kConv': 0.75, '0:atom_Hcount:kDelta': 0.8, '0:atom_AtomicNumber_count_1:kDelta': 0.75, '0:atom_AtomicNumber_count_2:kDelta': 0.9, '0:atom_Chiral:kDelta': 0.8, '0:bond_Order:kDelta': 0.85, '0:bond_Stereo:kDelta': 1.0, '0:bond_RingStereo:kDelta': 0.85, '0:q:q': 0.09999999999999999, '1:features_kernel:Matern32': 11.0, '2:features_kernel:Matern32': 17.0, '3:features_kernel:Matern32': 1.0, '4:features_kernel:Matern32': 18.0, '5:features_kernel:Matern32': 10.0, '6:features_kernel:Matern32': 5.0, '7:features_kernel:Matern32': 27.0, '8:features_kernel:Matern32': 25.0, '9:features_kernel:Matern32': 15.0, '10:features_kernel:Matern32': 8.0, '11:features_kernel:Matern32': 28.0, 'alpha': 0.022000000000000002}. Best is trial 35 with value: 9.59630398912556.
[I 2026-05-06 23:54:17,532] A new study created in RDB with name: optuna-study
[I 2026-05-06 23:54:22,801] Trial 0 finished with value: 11.267126522081414 and parameters: {'0:atom_AtomicNumber:kDelta': 0.95, '0:atom_AtomicNumber_list_1:kConv': 0.8, '0:atom_AtomicNumber_list_2:kConv': 0.95, '0:atom_AtomicNumber_list_3:kConv': 1.0, '0:atom_AtomicNumber_list_4:kConv': 1.0, '0:atom_MorganHash:kDelta': 0.85, '0:atom_Ring_count:kDelta': 0.9, '0:atom_RingSize_list:kConv': 0.95, '0:atom_Hcount:kDelta': 0.9, '0:atom_AtomicNumber_count_1:kDelta': 0.95, '0:atom_AtomicNumber_count_2:kDelta': 0.75, '0:atom_Chiral:kDelta': 0.8, '0:bond_Order:kDelta': 0.75, '0:bond_Stereo:kDelta': 1.0, '0:bond_RingStereo:kDelta': 0.85, '0:q:q': 0.34, '1:features_kernel:Matern32': 8.0, '2:features_kernel:Matern32': 11.0, '3:features_kernel:Matern32': 1.0, '4:features_kernel:Matern32': 11.0, '5:features_kernel:Matern32': 29.0, '6:features_kernel:Matern32': 7.0, '7:features_kernel:Matern32': 10.0, '8:features_kernel:Matern32': 28.0, '9:features_kernel:Matern32': 1.0, '10:features_kernel:Matern32': 2.0, '11:features_kernel:Matern32': 19.0, 'alpha': 0.08800000000000001}. Best is trial 0 with value: 11.267126522081414.
[I 2026-05-06 23:54:28,239] Trial 1 finished with value: 10.361267322906519 and parameters: {'0:atom_AtomicNumber:kDelta': 0.75, '0:atom_AtomicNumber_list_1:kConv': 0.95, '0:atom_AtomicNumber_list_2:kConv': 0.95, '0:atom_AtomicNumber_list_3:kConv': 0.75, '0:atom_AtomicNumber_list_4:kConv': 0.9, '0:atom_MorganHash:kDelta': 0.9, '0:atom_Ring_count:kDelta': 0.85, '0:atom_RingSize_list:kConv': 1.0, '0:atom_Hcount:kDelta': 0.75, '0:atom_AtomicNumber_count_1:kDelta': 0.8, '0:atom_AtomicNumber_count_2:kDelta': 0.95, '0:atom_Chiral:kDelta': 0.8, '0:bond_Order:kDelta': 0.8, '0:bond_Stereo:kDelta': 0.95, '0:bond_RingStereo:kDelta': 1.0, '0:q:q': 0.13, '1:features_kernel:Matern32': 14.0, '2:features_kernel:Matern32': 8.0, '3:features_kernel:Matern32': 12.0, '4:features_kernel:Matern32': 19.0, '5:features_kernel:Matern32': 24.0, '6:features_kernel:Matern32': 3.0, '7:features_kernel:Matern32': 21.0, '8:features_kernel:Matern32': 17.0, '9:features_kernel:Matern32': 5.0, '10:features_kernel:Matern32': 3.0, '11:features_kernel:Matern32': 8.0, 'alpha': 0.016}. Best is trial 1 with value: 10.361267322906519.
[I 2026-05-06 23:54:33,826] Trial 2 finished with value: 10.00331252155055 and parameters: {'0:atom_AtomicNumber:kDelta': 1.0, '0:atom_AtomicNumber_list_1:kConv': 0.95, '0:atom_AtomicNumber_list_2:kConv': 0.8, '0:atom_AtomicNumber_list_3:kConv': 0.9, '0:atom_AtomicNumber_list_4:kConv': 0.9, '0:atom_MorganHash:kDelta': 0.75, '0:atom_Ring_count:kDelta': 1.0, '0:atom_RingSize_list:kConv': 0.85, '0:atom_Hcount:kDelta': 0.75, '0:atom_AtomicNumber_count_1:kDelta': 0.8, '0:atom_AtomicNumber_count_2:kDelta': 0.85, '0:atom_Chiral:kDelta': 0.95, '0:bond_Order:kDelta': 1.0, '0:bond_Stereo:kDelta': 1.0, '0:bond_RingStereo:kDelta': 0.85, '0:q:q': 0.060000000000000005, '1:features_kernel:Matern32': 28.0, '2:features_kernel:Matern32': 11.0, '3:features_kernel:Matern32': 7.0, '4:features_kernel:Matern32': 27.0, '5:features_kernel:Matern32': 5.0, '6:features_kernel:Matern32': 8.0, '7:features_kernel:Matern32': 18.0, '8:features_kernel:Matern32': 17.0, '9:features_kernel:Matern32': 29.0, '10:features_kernel:Matern32': 14.0, '11:features_kernel:Matern32': 4.0, 'alpha': 0.077}. Best is trial 2 with value: 10.00331252155055.
[I 2026-05-06 23:54:38,875] Trial 3 finished with value: 9.694288944198153 and parameters: {'0:atom_AtomicNumber:kDelta': 0.8, '0:atom_AtomicNumber_list_1:kConv': 0.8, '0:atom_AtomicNumber_list_2:kConv': 0.85, '0:atom_AtomicNumber_list_3:kConv': 0.85, '0:atom_AtomicNumber_list_4:kConv': 1.0, '0:atom_MorganHash:kDelta': 0.75, '0:atom_Ring_count:kDelta': 1.0, '0:atom_RingSize_list:kConv': 0.95, '0:atom_Hcount:kDelta': 0.75, '0:atom_AtomicNumber_count_1:kDelta': 0.75, '0:atom_AtomicNumber_count_2:kDelta': 1.0, '0:atom_Chiral:kDelta': 0.8, '0:bond_Order:kDelta': 0.75, '0:bond_Stereo:kDelta': 0.8, '0:bond_RingStereo:kDelta': 0.9, '0:q:q': 0.28, '1:features_kernel:Matern32': 21.0, '2:features_kernel:Matern32': 29.0, '3:features_kernel:Matern32': 9.0, '4:features_kernel:Matern32': 8.0, '5:features_kernel:Matern32': 26.0, '6:features_kernel:Matern32': 7.0, '7:features_kernel:Matern32': 21.0, '8:features_kernel:Matern32': 5.0, '9:features_kernel:Matern32': 7.0, '10:features_kernel:Matern32': 3.0, '11:features_kernel:Matern32': 23.0, 'alpha': 0.019000000000000003}. Best is trial 3 with value: 9.694288944198153.
[I 2026-05-06 23:54:44,782] Trial 4 finished with value: 11.120733506759905 and parameters: {'0:atom_AtomicNumber:kDelta': 0.75, '0:atom_AtomicNumber_list_1:kConv': 0.8, '0:atom_AtomicNumber_list_2:kConv': 0.8, '0:atom_AtomicNumber_list_3:kConv': 0.75, '0:atom_AtomicNumber_list_4:kConv': 0.8, '0:atom_MorganHash:kDelta': 0.95, '0:atom_Ring_count:kDelta': 0.95, '0:atom_RingSize_list:kConv': 0.8, '0:atom_Hcount:kDelta': 0.9, '0:atom_AtomicNumber_count_1:kDelta': 1.0, '0:atom_AtomicNumber_count_2:kDelta': 0.9, '0:atom_Chiral:kDelta': 0.85, '0:bond_Order:kDelta': 0.75, '0:bond_Stereo:kDelta': 0.95, '0:bond_RingStereo:kDelta': 0.95, '0:q:q': 0.04, '1:features_kernel:Matern32': 6.0, '2:features_kernel:Matern32': 26.0, '3:features_kernel:Matern32': 17.0, '4:features_kernel:Matern32': 11.0, '5:features_kernel:Matern32': 5.0, '6:features_kernel:Matern32': 3.0, '7:features_kernel:Matern32': 17.0, '8:features_kernel:Matern32': 22.0, '9:features_kernel:Matern32': 29.0, '10:features_kernel:Matern32': 23.0, '11:features_kernel:Matern32': 12.0, 'alpha': 0.076}. Best is trial 3 with value: 9.694288944198153.
