[I 2026-05-06 23:42:46,863] Trial 9 finished with value: 10.640598790213312 and parameters: {'0:atom_AtomicNumber:kDelta': 0.8, '0:atom_AtomicNumber_list_1:kConv': 0.85, '0:atom_AtomicNumber_list_2:kConv': 0.8, '0:atom_AtomicNumber_list_3:kConv': 1.0, '0:atom_AtomicNumber_list_4:kConv': 0.95, '0:atom_MorganHash:kDelta': 0.95, '0:atom_Ring_count:kDelta': 0.75, '0:atom_RingSize_list:kConv': 0.9, '0:atom_Hcount:kDelta': 1.0, '0:atom_AtomicNumber_count_1:kDelta': 1.0, '0:atom_AtomicNumber_count_2:kDelta': 0.9, '0:atom_Chiral:kDelta': 0.8, '0:bond_Order:kDelta': 0.8, '0:bond_Stereo:kDelta': 0.9, '0:bond_RingStereo:kDelta': 0.95, '0:q:q': 0.16, '1:features_kernel:Matern32': 21.0, '2:features_kernel:Matern32': 16.0, '3:features_kernel:Matern32': 25.0, '4:features_kernel:Matern32': 21.0, '5:features_kernel:Matern32': 28.0, '6:features_kernel:Matern32': 4.0, '7:features_kernel:Matern32': 26.0, '8:features_kernel:Matern32': 29.0, '9:features_kernel:Matern32': 18.0, '10:features_kernel:Matern32': 1.0, '11:features_kernel:Matern32': 2.0, 'alpha': 0.042}. Best is trial 8 with value: 9.713638821512967.
[I 2026-05-06 23:42:53,116] Trial 10 finished with value: 10.86309909888802 and parameters: {'0:atom_AtomicNumber:kDelta': 0.85, '0:atom_AtomicNumber_list_1:kConv': 0.85, '0:atom_AtomicNumber_list_2:kConv': 0.95, '0:atom_AtomicNumber_list_3:kConv': 0.95, '0:atom_AtomicNumber_list_4:kConv': 0.95, '0:atom_MorganHash:kDelta': 0.85, '0:atom_Ring_count:kDelta': 0.9, '0:atom_RingSize_list:kConv': 0.85, '0:atom_Hcount:kDelta': 0.95, '0:atom_AtomicNumber_count_1:kDelta': 0.9, '0:atom_AtomicNumber_count_2:kDelta': 0.9, '0:atom_Chiral:kDelta': 0.85, '0:bond_Order:kDelta': 0.9, '0:bond_Stereo:kDelta': 1.0, '0:bond_RingStereo:kDelta': 0.9, '0:q:q': 0.06999999999999999, '1:features_kernel:Matern32': 3.0, '2:features_kernel:Matern32': 21.0, '3:features_kernel:Matern32': 11.0, '4:features_kernel:Matern32': 10.0, '5:features_kernel:Matern32': 27.0, '6:features_kernel:Matern32': 26.0, '7:features_kernel:Matern32': 25.0, '8:features_kernel:Matern32': 11.0, '9:features_kernel:Matern32': 20.0, '10:features_kernel:Matern32': 18.0, '11:features_kernel:Matern32': 8.0, 'alpha': 0.059000000000000004}. Best is trial 8 with value: 9.713638821512967.
[I 2026-05-06 23:42:58,135] Trial 11 finished with value: 10.503528756444892 and parameters: {'0:atom_AtomicNumber:kDelta': 0.75, '0:atom_AtomicNumber_list_1:kConv': 1.0, '0:atom_AtomicNumber_list_2:kConv': 0.75, '0:atom_AtomicNumber_list_3:kConv': 0.9, '0:atom_AtomicNumber_list_4:kConv': 0.85, '0:atom_MorganHash:kDelta': 0.8, '0:atom_Ring_count:kDelta': 1.0, '0:atom_RingSize_list:kConv': 0.75, '0:atom_Hcount:kDelta': 0.75, '0:atom_AtomicNumber_count_1:kDelta': 0.75, '0:atom_AtomicNumber_count_2:kDelta': 1.0, '0:atom_Chiral:kDelta': 1.0, '0:bond_Order:kDelta': 0.75, '0:bond_Stereo:kDelta': 0.8, '0:bond_RingStereo:kDelta': 1.0, '0:q:q': 0.27, '1:features_kernel:Matern32': 29.0, '2:features_kernel:Matern32': 1.0, '3:features_kernel:Matern32': 17.0, '4:features_kernel:Matern32': 30.0, '5:features_kernel:Matern32': 23.0, '6:features_kernel:Matern32': 13.0, '7:features_kernel:Matern32': 13.0, '8:features_kernel:Matern32': 1.0, '9:features_kernel:Matern32': 1.0, '10:features_kernel:Matern32': 30.0, '11:features_kernel:Matern32': 19.0, 'alpha': 0.030000000000000002}. Best is trial 8 with value: 9.713638821512967.
[I 2026-05-06 23:43:03,085] Trial 12 finished with value: 9.990382616195102 and parameters: {'0:atom_AtomicNumber:kDelta': 0.75, '0:atom_AtomicNumber_list_1:kConv': 0.75, '0:atom_AtomicNumber_list_2:kConv': 0.85, '0:atom_AtomicNumber_list_3:kConv': 0.9, '0:atom_AtomicNumber_list_4:kConv': 1.0, '0:atom_MorganHash:kDelta': 1.0, '0:atom_Ring_count:kDelta': 1.0, '0:atom_RingSize_list:kConv': 0.75, '0:atom_Hcount:kDelta': 0.9, '0:atom_AtomicNumber_count_1:kDelta': 0.8, '0:atom_AtomicNumber_count_2:kDelta': 0.85, '0:atom_Chiral:kDelta': 1.0, '0:bond_Order:kDelta': 0.95, '0:bond_Stereo:kDelta': 0.75, '0:bond_RingStereo:kDelta': 0.75, '0:q:q': 0.36000000000000004, '1:features_kernel:Matern32': 11.0, '2:features_kernel:Matern32': 5.0, '3:features_kernel:Matern32': 19.0, '4:features_kernel:Matern32': 17.0, '5:features_kernel:Matern32': 1.0, '6:features_kernel:Matern32': 16.0, '7:features_kernel:Matern32': 17.0, '8:features_kernel:Matern32': 19.0, '9:features_kernel:Matern32': 30.0, '10:features_kernel:Matern32': 30.0, '11:features_kernel:Matern32': 30.0, 'alpha': 0.001}. Best is trial 8 with value: 9.713638821512967.
[I 2026-05-06 23:43:08,054] Trial 13 finished with value: 9.836790506561815 and parameters: {'0:atom_AtomicNumber:kDelta': 0.75, '0:atom_AtomicNumber_list_1:kConv': 0.75, '0:atom_AtomicNumber_list_2:kConv': 0.85, '0:atom_AtomicNumber_list_3:kConv': 0.95, '0:atom_AtomicNumber_list_4:kConv': 0.9, '0:atom_MorganHash:kDelta': 1.0, '0:atom_Ring_count:kDelta': 0.95, '0:atom_RingSize_list:kConv': 0.75, '0:atom_Hcount:kDelta': 0.85, '0:atom_AtomicNumber_count_1:kDelta': 0.8, '0:atom_AtomicNumber_count_2:kDelta': 0.8, '0:atom_Chiral:kDelta': 1.0, '0:bond_Order:kDelta': 0.95, '0:bond_Stereo:kDelta': 0.75, '0:bond_RingStereo:kDelta': 1.0, '0:q:q': 0.39, '1:features_kernel:Matern32': 12.0, '2:features_kernel:Matern32': 4.0, '3:features_kernel:Matern32': 19.0, '4:features_kernel:Matern32': 20.0, '5:features_kernel:Matern32': 1.0, '6:features_kernel:Matern32': 15.0, '7:features_kernel:Matern32': 17.0, '8:features_kernel:Matern32': 17.0, '9:features_kernel:Matern32': 29.0, '10:features_kernel:Matern32': 30.0, '11:features_kernel:Matern32': 29.0, 'alpha': 0.006}. Best is trial 8 with value: 9.713638821512967.
[I 2026-05-06 23:43:12,757] Trial 14 finished with value: 10.474662417115614 and parameters: {'0:atom_AtomicNumber:kDelta': 0.75, '0:atom_AtomicNumber_list_1:kConv': 0.95, '0:atom_AtomicNumber_list_2:kConv': 0.85, '0:atom_AtomicNumber_list_3:kConv': 0.95, '0:atom_AtomicNumber_list_4:kConv': 0.9, '0:atom_MorganHash:kDelta': 0.95, '0:atom_Ring_count:kDelta': 0.95, '0:atom_RingSize_list:kConv': 0.8, '0:atom_Hcount:kDelta': 0.8, '0:atom_AtomicNumber_count_1:kDelta': 0.95, '0:atom_AtomicNumber_count_2:kDelta': 0.8, '0:atom_Chiral:kDelta': 1.0, '0:bond_Order:kDelta': 0.85, '0:bond_Stereo:kDelta': 0.8, '0:bond_RingStereo:kDelta': 1.0, '0:q:q': 0.42000000000000004, '1:features_kernel:Matern32': 9.0, '2:features_kernel:Matern32': 20.0, '3:features_kernel:Matern32': 12.0, '4:features_kernel:Matern32': 23.0, '5:features_kernel:Matern32': 18.0, '6:features_kernel:Matern32': 12.0, '7:features_kernel:Matern32': 18.0, '8:features_kernel:Matern32': 16.0, '9:features_kernel:Matern32': 29.0, '10:features_kernel:Matern32': 25.0, '11:features_kernel:Matern32': 22.0, 'alpha': 0.022000000000000002}. Best is trial 8 with value: 9.713638821512967.
[I 2026-05-06 23:43:17,864] Trial 15 finished with value: 10.113023597793475 and parameters: {'0:atom_AtomicNumber:kDelta': 0.8, '0:atom_AtomicNumber_list_1:kConv': 0.75, '0:atom_AtomicNumber_list_2:kConv': 0.9, '0:atom_AtomicNumber_list_3:kConv': 0.95, '0:atom_AtomicNumber_list_4:kConv': 0.85, '0:atom_MorganHash:kDelta': 0.85, '0:atom_Ring_count:kDelta': 0.95, '0:atom_RingSize_list:kConv': 0.8, '0:atom_Hcount:kDelta': 0.85, '0:atom_AtomicNumber_count_1:kDelta': 0.8, '0:atom_AtomicNumber_count_2:kDelta': 1.0, '0:atom_Chiral:kDelta': 0.95, '0:bond_Order:kDelta': 0.9, '0:bond_Stereo:kDelta': 0.75, '0:bond_RingStereo:kDelta': 0.95, '0:q:q': 0.24000000000000002, '1:features_kernel:Matern32': 17.0, '2:features_kernel:Matern32': 5.0, '3:features_kernel:Matern32': 7.0, '4:features_kernel:Matern32': 28.0, '5:features_kernel:Matern32': 19.0, '6:features_kernel:Matern32': 17.0, '7:features_kernel:Matern32': 14.0, '8:features_kernel:Matern32': 5.0, '9:features_kernel:Matern32': 25.0, '10:features_kernel:Matern32': 24.0, '11:features_kernel:Matern32': 25.0, 'alpha': 0.018000000000000002}. Best is trial 8 with value: 9.713638821512967.
[I 2026-05-06 23:43:22,865] Trial 16 finished with value: 10.59681661208494 and parameters: {'0:atom_AtomicNumber:kDelta': 0.9, '0:atom_AtomicNumber_list_1:kConv': 0.95, '0:atom_AtomicNumber_list_2:kConv': 0.85, '0:atom_AtomicNumber_list_3:kConv': 0.95, '0:atom_AtomicNumber_list_4:kConv': 0.9, '0:atom_MorganHash:kDelta': 1.0, '0:atom_Ring_count:kDelta': 0.95, '0:atom_RingSize_list:kConv': 0.95, '0:atom_Hcount:kDelta': 0.75, '0:atom_AtomicNumber_count_1:kDelta': 0.95, '0:atom_AtomicNumber_count_2:kDelta': 0.8, '0:atom_Chiral:kDelta': 0.75, '0:bond_Order:kDelta': 0.95, '0:bond_Stereo:kDelta': 0.85, '0:bond_RingStereo:kDelta': 1.0, '0:q:q': 0.41000000000000003, '1:features_kernel:Matern32': 30.0, '2:features_kernel:Matern32': 1.0, '3:features_kernel:Matern32': 14.0, '4:features_kernel:Matern32': 20.0, '5:features_kernel:Matern32': 1.0, '6:features_kernel:Matern32': 30.0, '7:features_kernel:Matern32': 21.0, '8:features_kernel:Matern32': 17.0, '9:features_kernel:Matern32': 3.0, '10:features_kernel:Matern32': 24.0, '11:features_kernel:Matern32': 13.0, 'alpha': 0.041}. Best is trial 8 with value: 9.713638821512967.
[I 2026-05-06 23:43:27,900] Trial 17 finished with value: 9.9627512924592 and parameters: {'0:atom_AtomicNumber:kDelta': 0.75, '0:atom_AtomicNumber_list_1:kConv': 0.9, '0:atom_AtomicNumber_list_2:kConv': 0.8, '0:atom_AtomicNumber_list_3:kConv': 0.8, '0:atom_AtomicNumber_list_4:kConv': 0.95, '0:atom_MorganHash:kDelta': 0.9, '0:atom_Ring_count:kDelta': 0.85, '0:atom_RingSize_list:kConv': 0.85, '0:atom_Hcount:kDelta': 0.85, '0:atom_AtomicNumber_count_1:kDelta': 0.8, '0:atom_AtomicNumber_count_2:kDelta': 0.8, '0:atom_Chiral:kDelta': 0.95, '0:bond_Order:kDelta': 1.0, '0:bond_Stereo:kDelta': 0.85, '0:bond_RingStereo:kDelta': 0.95, '0:q:q': 0.27, '1:features_kernel:Matern32': 17.0, '2:features_kernel:Matern32': 8.0, '3:features_kernel:Matern32': 20.0, '4:features_kernel:Matern32': 25.0, '5:features_kernel:Matern32': 5.0, '6:features_kernel:Matern32': 9.0, '7:features_kernel:Matern32': 10.0, '8:features_kernel:Matern32': 13.0, '9:features_kernel:Matern32': 13.0, '10:features_kernel:Matern32': 27.0, '11:features_kernel:Matern32': 25.0, 'alpha': 0.013000000000000001}. Best is trial 8 with value: 9.713638821512967.
[I 2026-05-06 23:43:32,617] Trial 18 finished with value: 10.709521130622022 and parameters: {'0:atom_AtomicNumber:kDelta': 0.8, '0:atom_AtomicNumber_list_1:kConv': 1.0, '0:atom_AtomicNumber_list_2:kConv': 0.9, '0:atom_AtomicNumber_list_3:kConv': 0.95, '0:atom_AtomicNumber_list_4:kConv': 0.85, '0:atom_MorganHash:kDelta': 0.95, '0:atom_Ring_count:kDelta': 0.85, '0:atom_RingSize_list:kConv': 1.0, '0:atom_Hcount:kDelta': 0.8, '0:atom_AtomicNumber_count_1:kDelta': 0.9, '0:atom_AtomicNumber_count_2:kDelta': 0.95, '0:atom_Chiral:kDelta': 1.0, '0:bond_Order:kDelta': 0.85, '0:bond_Stereo:kDelta': 0.8, '0:bond_RingStereo:kDelta': 1.0, '0:q:q': 0.43, '1:features_kernel:Matern32': 8.0, '2:features_kernel:Matern32': 29.0, '3:features_kernel:Matern32': 15.0, '4:features_kernel:Matern32': 19.0, '5:features_kernel:Matern32': 11.0, '6:features_kernel:Matern32': 9.0, '7:features_kernel:Matern32': 1.0, '8:features_kernel:Matern32': 29.0, '9:features_kernel:Matern32': 25.0, '10:features_kernel:Matern32': 21.0, '11:features_kernel:Matern32': 16.0, 'alpha': 0.031}. Best is trial 8 with value: 9.713638821512967.
[I 2026-05-06 23:43:38,038] Trial 19 finished with value: 9.895006858445594 and parameters: {'0:atom_AtomicNumber:kDelta': 0.95, '0:atom_AtomicNumber_list_1:kConv': 0.75, '0:atom_AtomicNumber_list_2:kConv': 0.75, '0:atom_AtomicNumber_list_3:kConv': 0.9, '0:atom_AtomicNumber_list_4:kConv': 0.9, '0:atom_MorganHash:kDelta': 1.0, '0:atom_Ring_count:kDelta': 0.95, '0:atom_RingSize_list:kConv': 0.75, '0:atom_Hcount:kDelta': 0.75, '0:atom_AtomicNumber_count_1:kDelta': 0.8, '0:atom_AtomicNumber_count_2:kDelta': 0.8, '0:atom_Chiral:kDelta': 0.9, '0:bond_Order:kDelta': 0.9, '0:bond_Stereo:kDelta': 0.75, '0:bond_RingStereo:kDelta': 0.95, '0:q:q': 0.2, '1:features_kernel:Matern32': 13.0, '2:features_kernel:Matern32': 4.0, '3:features_kernel:Matern32': 23.0, '4:features_kernel:Matern32': 14.0, '5:features_kernel:Matern32': 15.0, '6:features_kernel:Matern32': 18.0, '7:features_kernel:Matern32': 30.0, '8:features_kernel:Matern32': 5.0, '9:features_kernel:Matern32': 10.0, '10:features_kernel:Matern32': 11.0, '11:features_kernel:Matern32': 1.0, 'alpha': 0.028}. Best is trial 8 with value: 9.713638821512967.
[I 2026-05-06 23:43:43,137] Trial 20 finished with value: 10.3115740691095 and parameters: {'0:atom_AtomicNumber:kDelta': 0.75, '0:atom_AtomicNumber_list_1:kConv': 0.8, '0:atom_AtomicNumber_list_2:kConv': 0.85, '0:atom_AtomicNumber_list_3:kConv': 1.0, '0:atom_AtomicNumber_list_4:kConv': 0.95, '0:atom_MorganHash:kDelta': 0.9, '0:atom_Ring_count:kDelta': 0.95, '0:atom_RingSize_list:kConv': 0.8, '0:atom_Hcount:kDelta': 0.95, '0:atom_AtomicNumber_count_1:kDelta': 0.95, '0:atom_AtomicNumber_count_2:kDelta': 0.75, '0:atom_Chiral:kDelta': 1.0, '0:bond_Order:kDelta': 0.95, '0:bond_Stereo:kDelta': 0.85, '0:bond_RingStereo:kDelta': 1.0, '0:q:q': 0.3, '1:features_kernel:Matern32': 6.0, '2:features_kernel:Matern32': 19.0, '3:features_kernel:Matern32': 7.0, '4:features_kernel:Matern32': 26.0, '5:features_kernel:Matern32': 4.0, '6:features_kernel:Matern32': 13.0, '7:features_kernel:Matern32': 19.0, '8:features_kernel:Matern32': 15.0, '9:features_kernel:Matern32': 16.0, '10:features_kernel:Matern32': 27.0, '11:features_kernel:Matern32': 12.0, 'alpha': 0.046}. Best is trial 8 with value: 9.713638821512967.
[I 2026-05-06 23:43:47,865] Trial 21 finished with value: 9.62465888128832 and parameters: {'0:atom_AtomicNumber:kDelta': 0.8, '0:atom_AtomicNumber_list_1:kConv': 0.85, '0:atom_AtomicNumber_list_2:kConv': 0.9, '0:atom_AtomicNumber_list_3:kConv': 0.85, '0:atom_AtomicNumber_list_4:kConv': 0.8, '0:atom_MorganHash:kDelta': 0.95, '0:atom_Ring_count:kDelta': 1.0, '0:atom_RingSize_list:kConv': 0.85, '0:atom_Hcount:kDelta': 0.85, '0:atom_AtomicNumber_count_1:kDelta': 0.75, '0:atom_AtomicNumber_count_2:kDelta': 0.85, '0:atom_Chiral:kDelta': 0.95, '0:bond_Order:kDelta': 0.8, '0:bond_Stereo:kDelta': 0.75, '0:bond_RingStereo:kDelta': 0.95, '0:q:q': 0.37, '1:features_kernel:Matern32': 19.0, '2:features_kernel:Matern32': 25.0, '3:features_kernel:Matern32': 17.0, '4:features_kernel:Matern32': 22.0, '5:features_kernel:Matern32': 8.0, '6:features_kernel:Matern32': 8.0, '7:features_kernel:Matern32': 21.0, '8:features_kernel:Matern32': 19.0, '9:features_kernel:Matern32': 25.0, '10:features_kernel:Matern32': 21.0, '11:features_kernel:Matern32': 20.0, 'alpha': 0.002}. Best is trial 21 with value: 9.62465888128832.
[I 2026-05-06 23:43:52,718] Trial 22 finished with value: 9.619901835635671 and parameters: {'0:atom_AtomicNumber:kDelta': 0.8, '0:atom_AtomicNumber_list_1:kConv': 0.85, '0:atom_AtomicNumber_list_2:kConv': 0.9, '0:atom_AtomicNumber_list_3:kConv': 0.85, '0:atom_AtomicNumber_list_4:kConv': 0.85, '0:atom_MorganHash:kDelta': 0.95, '0:atom_Ring_count:kDelta': 1.0, '0:atom_RingSize_list:kConv': 0.85, '0:atom_Hcount:kDelta': 0.85, '0:atom_AtomicNumber_count_1:kDelta': 0.75, '0:atom_AtomicNumber_count_2:kDelta': 0.85, '0:atom_Chiral:kDelta': 0.95, '0:bond_Order:kDelta': 0.75, '0:bond_Stereo:kDelta': 0.75, '0:bond_RingStereo:kDelta': 0.95, '0:q:q': 0.35000000000000003, '1:features_kernel:Matern32': 18.0, '2:features_kernel:Matern32': 22.0, '3:features_kernel:Matern32': 18.0, '4:features_kernel:Matern32': 22.0, '5:features_kernel:Matern32': 8.0, '6:features_kernel:Matern32': 9.0, '7:features_kernel:Matern32': 21.0, '8:features_kernel:Matern32': 19.0, '9:features_kernel:Matern32': 26.0, '10:features_kernel:Matern32': 21.0, '11:features_kernel:Matern32': 21.0, 'alpha': 0.001}. Best is trial 22 with value: 9.619901835635671.
[I 2026-05-06 23:43:57,926] Trial 23 finished with value: 10.101740145295443 and parameters: {'0:atom_AtomicNumber:kDelta': 0.8, '0:atom_AtomicNumber_list_1:kConv': 0.85, '0:atom_AtomicNumber_list_2:kConv': 0.9, '0:atom_AtomicNumber_list_3:kConv': 0.8, '0:atom_AtomicNumber_list_4:kConv': 0.8, '0:atom_MorganHash:kDelta': 0.95, '0:atom_Ring_count:kDelta': 1.0, '0:atom_RingSize_list:kConv': 0.85, '0:atom_Hcount:kDelta': 0.8, '0:atom_AtomicNumber_count_1:kDelta': 0.75, '0:atom_AtomicNumber_count_2:kDelta': 0.85, '0:atom_Chiral:kDelta': 0.95, '0:bond_Order:kDelta': 0.75, '0:bond_Stereo:kDelta': 0.8, '0:bond_RingStereo:kDelta': 0.95, '0:q:q': 0.33, '1:features_kernel:Matern32': 19.0, '2:features_kernel:Matern32': 25.0, '3:features_kernel:Matern32': 16.0, '4:features_kernel:Matern32': 23.0, '5:features_kernel:Matern32': 8.0, '6:features_kernel:Matern32': 9.0, '7:features_kernel:Matern32': 20.0, '8:features_kernel:Matern32': 20.0, '9:features_kernel:Matern32': 22.0, '10:features_kernel:Matern32': 22.0, '11:features_kernel:Matern32': 20.0, 'alpha': 0.014000000000000002}. Best is trial 22 with value: 9.619901835635671.
[I 2026-05-06 23:44:03,013] Trial 24 finished with value: 9.901031027105102 and parameters: {'0:atom_AtomicNumber:kDelta': 0.8, '0:atom_AtomicNumber_list_1:kConv': 0.9, '0:atom_AtomicNumber_list_2:kConv': 0.9, '0:atom_AtomicNumber_list_3:kConv': 0.85, '0:atom_AtomicNumber_list_4:kConv': 0.8, '0:atom_MorganHash:kDelta': 0.85, '0:atom_Ring_count:kDelta': 1.0, '0:atom_RingSize_list:kConv': 0.9, '0:atom_Hcount:kDelta': 0.85, '0:atom_AtomicNumber_count_1:kDelta': 0.75, '0:atom_AtomicNumber_count_2:kDelta': 0.85, '0:atom_Chiral:kDelta': 0.95, '0:bond_Order:kDelta': 0.8, '0:bond_Stereo:kDelta': 0.75, '0:bond_RingStereo:kDelta': 0.95, '0:q:q': 0.23, '1:features_kernel:Matern32': 27.0, '2:features_kernel:Matern32': 25.0, '3:features_kernel:Matern32': 12.0, '4:features_kernel:Matern32': 22.0, '5:features_kernel:Matern32': 10.0, '6:features_kernel:Matern32': 7.0, '7:features_kernel:Matern32': 22.0, '8:features_kernel:Matern32': 24.0, '9:features_kernel:Matern32': 25.0, '10:features_kernel:Matern32': 20.0, '11:features_kernel:Matern32': 23.0, 'alpha': 0.001}. Best is trial 22 with value: 9.619901835635671.
[I 2026-05-06 23:44:07,931] Trial 25 finished with value: 10.339771983699363 and parameters: {'0:atom_AtomicNumber:kDelta': 0.85, '0:atom_AtomicNumber_list_1:kConv': 0.85, '0:atom_AtomicNumber_list_2:kConv': 0.95, '0:atom_AtomicNumber_list_3:kConv': 0.8, '0:atom_AtomicNumber_list_4:kConv': 0.85, '0:atom_MorganHash:kDelta': 0.9, '0:atom_Ring_count:kDelta': 1.0, '0:atom_RingSize_list:kConv': 0.85, '0:atom_Hcount:kDelta': 0.9, '0:atom_AtomicNumber_count_1:kDelta': 0.75, '0:atom_AtomicNumber_count_2:kDelta': 0.95, '0:atom_Chiral:kDelta': 0.9, '0:bond_Order:kDelta': 0.75, '0:bond_Stereo:kDelta': 0.8, '0:bond_RingStereo:kDelta': 0.9, '0:q:q': 0.3, '1:features_kernel:Matern32': 16.0, '2:features_kernel:Matern32': 24.0, '3:features_kernel:Matern32': 22.0, '4:features_kernel:Matern32': 28.0, '5:features_kernel:Matern32': 7.0, '6:features_kernel:Matern32': 11.0, '7:features_kernel:Matern32': 27.0, '8:features_kernel:Matern32': 13.0, '9:features_kernel:Matern32': 26.0, '10:features_kernel:Matern32': 11.0, '11:features_kernel:Matern32': 19.0, 'alpha': 0.025}. Best is trial 22 with value: 9.619901835635671.
[I 2026-05-06 23:44:12,866] Trial 26 finished with value: 11.602415985718793 and parameters: {'0:atom_AtomicNumber:kDelta': 0.8, '0:atom_AtomicNumber_list_1:kConv': 0.9, '0:atom_AtomicNumber_list_2:kConv': 0.9, '0:atom_AtomicNumber_list_3:kConv': 0.85, '0:atom_AtomicNumber_list_4:kConv': 0.85, '0:atom_MorganHash:kDelta': 0.95, '0:atom_Ring_count:kDelta': 1.0, '0:atom_RingSize_list:kConv': 0.9, '0:atom_Hcount:kDelta': 0.8, '0:atom_AtomicNumber_count_1:kDelta': 1.0, '0:atom_AtomicNumber_count_2:kDelta': 0.9, '0:atom_Chiral:kDelta': 0.95, '0:bond_Order:kDelta': 0.8, '0:bond_Stereo:kDelta': 0.75, '0:bond_RingStereo:kDelta': 0.95, '0:q:q': 0.46, '1:features_kernel:Matern32': 20.0, '2:features_kernel:Matern32': 23.0, '3:features_kernel:Matern32': 17.0, '4:features_kernel:Matern32': 18.0, '5:features_kernel:Matern32': 4.0, '6:features_kernel:Matern32': 1.0, '7:features_kernel:Matern32': 28.0, '8:features_kernel:Matern32': 26.0, '9:features_kernel:Matern32': 27.0, '10:features_kernel:Matern32': 14.0, '11:features_kernel:Matern32': 15.0, 'alpha': 0.010000000000000002}. Best is trial 22 with value: 9.619901835635671.
[I 2026-05-06 23:44:17,636] Trial 27 finished with value: 10.6287949645306 and parameters: {'0:atom_AtomicNumber:kDelta': 0.9, '0:atom_AtomicNumber_list_1:kConv': 0.95, '0:atom_AtomicNumber_list_2:kConv': 0.95, '0:atom_AtomicNumber_list_3:kConv': 0.8, '0:atom_AtomicNumber_list_4:kConv': 0.75, '0:atom_MorganHash:kDelta': 0.9, '0:atom_Ring_count:kDelta': 0.95, '0:atom_RingSize_list:kConv': 0.95, '0:atom_Hcount:kDelta': 0.85, '0:atom_AtomicNumber_count_1:kDelta': 0.85, '0:atom_AtomicNumber_count_2:kDelta': 0.85, '0:atom_Chiral:kDelta': 0.9, '0:bond_Order:kDelta': 0.75, '0:bond_Stereo:kDelta': 0.8, '0:bond_RingStereo:kDelta': 0.85, '0:q:q': 0.36000000000000004, '1:features_kernel:Matern32': 24.0, '2:features_kernel:Matern32': 16.0, '3:features_kernel:Matern32': 14.0, '4:features_kernel:Matern32': 15.0, '5:features_kernel:Matern32': 15.0, '6:features_kernel:Matern32': 7.0, '7:features_kernel:Matern32': 15.0, '8:features_kernel:Matern32': 20.0, '9:features_kernel:Matern32': 23.0, '10:features_kernel:Matern32': 19.0, '11:features_kernel:Matern32': 26.0, 'alpha': 0.036000000000000004}. Best is trial 22 with value: 9.619901835635671.
