[I 2026-05-06 23:56:26,130] Trial 24 finished with value: 9.571996378211772 and parameters: {'0:atom_AtomicNumber:kDelta': 0.85, '0:atom_AtomicNumber_list_1:kConv': 0.85, '0:atom_AtomicNumber_list_2:kConv': 0.95, '0:atom_AtomicNumber_list_3:kConv': 0.8, '0:atom_AtomicNumber_list_4:kConv': 0.8, '0:atom_MorganHash:kDelta': 0.85, '0:atom_Ring_count:kDelta': 0.75, '0:atom_RingSize_list:kConv': 0.85, '0:atom_Hcount:kDelta': 0.9, '0:atom_AtomicNumber_count_1:kDelta': 0.8, '0:atom_AtomicNumber_count_2:kDelta': 0.9, '0:atom_Chiral:kDelta': 0.9, '0:bond_Order:kDelta': 1.0, '0:bond_Stereo:kDelta': 0.85, '0:bond_RingStereo:kDelta': 0.95, '0:q:q': 0.09, '1:features_kernel:Matern32': 26.0, '2:features_kernel:Matern32': 23.0, '3:features_kernel:Matern32': 15.0, '4:features_kernel:Matern32': 3.0, '5:features_kernel:Matern32': 11.0, '6:features_kernel:Matern32': 18.0, '7:features_kernel:Matern32': 19.0, '8:features_kernel:Matern32': 12.0, '9:features_kernel:Matern32': 18.0, '10:features_kernel:Matern32': 27.0, '11:features_kernel:Matern32': 19.0, 'alpha': 0.001}. Best is trial 23 with value: 9.476414780599544.
[I 2026-05-06 23:56:32,334] Trial 25 finished with value: 9.594395479773498 and parameters: {'0:atom_AtomicNumber:kDelta': 0.9, '0:atom_AtomicNumber_list_1:kConv': 0.85, '0:atom_AtomicNumber_list_2:kConv': 0.95, '0:atom_AtomicNumber_list_3:kConv': 0.75, '0:atom_AtomicNumber_list_4:kConv': 0.8, '0:atom_MorganHash:kDelta': 0.85, '0:atom_Ring_count:kDelta': 0.75, '0:atom_RingSize_list:kConv': 0.85, '0:atom_Hcount:kDelta': 0.9, '0:atom_AtomicNumber_count_1:kDelta': 0.8, '0:atom_AtomicNumber_count_2:kDelta': 0.9, '0:atom_Chiral:kDelta': 0.9, '0:bond_Order:kDelta': 1.0, '0:bond_Stereo:kDelta': 0.85, '0:bond_RingStereo:kDelta': 1.0, '0:q:q': 0.02, '1:features_kernel:Matern32': 25.0, '2:features_kernel:Matern32': 23.0, '3:features_kernel:Matern32': 18.0, '4:features_kernel:Matern32': 3.0, '5:features_kernel:Matern32': 11.0, '6:features_kernel:Matern32': 17.0, '7:features_kernel:Matern32': 18.0, '8:features_kernel:Matern32': 13.0, '9:features_kernel:Matern32': 20.0, '10:features_kernel:Matern32': 21.0, '11:features_kernel:Matern32': 16.0, 'alpha': 0.003}. Best is trial 23 with value: 9.476414780599544.
[I 2026-05-06 23:56:37,921] Trial 26 finished with value: 10.052717523923187 and parameters: {'0:atom_AtomicNumber:kDelta': 0.85, '0:atom_AtomicNumber_list_1:kConv': 0.85, '0:atom_AtomicNumber_list_2:kConv': 0.95, '0:atom_AtomicNumber_list_3:kConv': 0.8, '0:atom_AtomicNumber_list_4:kConv': 0.8, '0:atom_MorganHash:kDelta': 0.9, '0:atom_Ring_count:kDelta': 0.75, '0:atom_RingSize_list:kConv': 0.9, '0:atom_Hcount:kDelta': 0.95, '0:atom_AtomicNumber_count_1:kDelta': 0.8, '0:atom_AtomicNumber_count_2:kDelta': 0.85, '0:atom_Chiral:kDelta': 0.9, '0:bond_Order:kDelta': 1.0, '0:bond_Stereo:kDelta': 0.9, '0:bond_RingStereo:kDelta': 0.95, '0:q:q': 0.09, '1:features_kernel:Matern32': 26.0, '2:features_kernel:Matern32': 23.0, '3:features_kernel:Matern32': 24.0, '4:features_kernel:Matern32': 1.0, '5:features_kernel:Matern32': 10.0, '6:features_kernel:Matern32': 17.0, '7:features_kernel:Matern32': 12.0, '8:features_kernel:Matern32': 11.0, '9:features_kernel:Matern32': 23.0, '10:features_kernel:Matern32': 27.0, '11:features_kernel:Matern32': 18.0, 'alpha': 0.029}. Best is trial 23 with value: 9.476414780599544.
[I 2026-05-06 23:56:43,673] Trial 27 finished with value: 9.996479392911958 and parameters: {'0:atom_AtomicNumber:kDelta': 0.9, '0:atom_AtomicNumber_list_1:kConv': 1.0, '0:atom_AtomicNumber_list_2:kConv': 0.9, '0:atom_AtomicNumber_list_3:kConv': 0.8, '0:atom_AtomicNumber_list_4:kConv': 0.75, '0:atom_MorganHash:kDelta': 0.85, '0:atom_Ring_count:kDelta': 0.85, '0:atom_RingSize_list:kConv': 0.8, '0:atom_Hcount:kDelta': 0.95, '0:atom_AtomicNumber_count_1:kDelta': 0.85, '0:atom_AtomicNumber_count_2:kDelta': 0.9, '0:atom_Chiral:kDelta': 1.0, '0:bond_Order:kDelta': 0.9, '0:bond_Stereo:kDelta': 0.85, '0:bond_RingStereo:kDelta': 1.0, '0:q:q': 0.08, '1:features_kernel:Matern32': 1.0, '2:features_kernel:Matern32': 14.0, '3:features_kernel:Matern32': 14.0, '4:features_kernel:Matern32': 4.0, '5:features_kernel:Matern32': 10.0, '6:features_kernel:Matern32': 24.0, '7:features_kernel:Matern32': 16.0, '8:features_kernel:Matern32': 14.0, '9:features_kernel:Matern32': 26.0, '10:features_kernel:Matern32': 27.0, '11:features_kernel:Matern32': 10.0, 'alpha': 0.010000000000000002}. Best is trial 23 with value: 9.476414780599544.
[I 2026-05-06 23:56:48,742] Trial 28 finished with value: 10.78788959676083 and parameters: {'0:atom_AtomicNumber:kDelta': 0.95, '0:atom_AtomicNumber_list_1:kConv': 0.85, '0:atom_AtomicNumber_list_2:kConv': 0.95, '0:atom_AtomicNumber_list_3:kConv': 0.85, '0:atom_AtomicNumber_list_4:kConv': 0.8, '0:atom_MorganHash:kDelta': 0.9, '0:atom_Ring_count:kDelta': 0.75, '0:atom_RingSize_list:kConv': 0.85, '0:atom_Hcount:kDelta': 0.9, '0:atom_AtomicNumber_count_1:kDelta': 0.9, '0:atom_AtomicNumber_count_2:kDelta': 0.85, '0:atom_Chiral:kDelta': 0.95, '0:bond_Order:kDelta': 1.0, '0:bond_Stereo:kDelta': 0.9, '0:bond_RingStereo:kDelta': 0.95, '0:q:q': 0.35000000000000003, '1:features_kernel:Matern32': 17.0, '2:features_kernel:Matern32': 27.0, '3:features_kernel:Matern32': 19.0, '4:features_kernel:Matern32': 13.0, '5:features_kernel:Matern32': 8.0, '6:features_kernel:Matern32': 14.0, '7:features_kernel:Matern32': 23.0, '8:features_kernel:Matern32': 20.0, '9:features_kernel:Matern32': 12.0, '10:features_kernel:Matern32': 20.0, '11:features_kernel:Matern32': 14.0, 'alpha': 0.062}. Best is trial 23 with value: 9.476414780599544.
[I 2026-05-06 23:56:53,674] Trial 29 finished with value: 10.591329152029559 and parameters: {'0:atom_AtomicNumber:kDelta': 0.85, '0:atom_AtomicNumber_list_1:kConv': 0.8, '0:atom_AtomicNumber_list_2:kConv': 0.95, '0:atom_AtomicNumber_list_3:kConv': 0.75, '0:atom_AtomicNumber_list_4:kConv': 0.85, '0:atom_MorganHash:kDelta': 0.85, '0:atom_Ring_count:kDelta': 0.8, '0:atom_RingSize_list:kConv': 0.75, '0:atom_Hcount:kDelta': 0.85, '0:atom_AtomicNumber_count_1:kDelta': 0.95, '0:atom_AtomicNumber_count_2:kDelta': 0.9, '0:atom_Chiral:kDelta': 0.9, '0:bond_Order:kDelta': 0.85, '0:bond_Stereo:kDelta': 0.85, '0:bond_RingStereo:kDelta': 0.85, '0:q:q': 0.26, '1:features_kernel:Matern32': 30.0, '2:features_kernel:Matern32': 21.0, '3:features_kernel:Matern32': 16.0, '4:features_kernel:Matern32': 9.0, '5:features_kernel:Matern32': 23.0, '6:features_kernel:Matern32': 19.0, '7:features_kernel:Matern32': 10.0, '8:features_kernel:Matern32': 29.0, '9:features_kernel:Matern32': 18.0, '10:features_kernel:Matern32': 26.0, '11:features_kernel:Matern32': 20.0, 'alpha': 0.024}. Best is trial 23 with value: 9.476414780599544.
[I 2026-05-06 23:56:59,543] Trial 30 finished with value: 11.002716436725718 and parameters: {'0:atom_AtomicNumber:kDelta': 0.95, '0:atom_AtomicNumber_list_1:kConv': 0.75, '0:atom_AtomicNumber_list_2:kConv': 1.0, '0:atom_AtomicNumber_list_3:kConv': 0.8, '0:atom_AtomicNumber_list_4:kConv': 0.75, '0:atom_MorganHash:kDelta': 0.85, '0:atom_Ring_count:kDelta': 0.85, '0:atom_RingSize_list:kConv': 0.8, '0:atom_Hcount:kDelta': 0.9, '0:atom_AtomicNumber_count_1:kDelta': 0.85, '0:atom_AtomicNumber_count_2:kDelta': 0.8, '0:atom_Chiral:kDelta': 0.85, '0:bond_Order:kDelta': 0.95, '0:bond_Stereo:kDelta': 0.9, '0:bond_RingStereo:kDelta': 0.85, '0:q:q': 0.01, '1:features_kernel:Matern32': 12.0, '2:features_kernel:Matern32': 25.0, '3:features_kernel:Matern32': 23.0, '4:features_kernel:Matern32': 14.0, '5:features_kernel:Matern32': 18.0, '6:features_kernel:Matern32': 28.0, '7:features_kernel:Matern32': 26.0, '8:features_kernel:Matern32': 15.0, '9:features_kernel:Matern32': 22.0, '10:features_kernel:Matern32': 22.0, '11:features_kernel:Matern32': 20.0, 'alpha': 0.034}. Best is trial 23 with value: 9.476414780599544.
[I 2026-05-06 23:57:05,684] Trial 31 finished with value: 9.485023363647908 and parameters: {'0:atom_AtomicNumber:kDelta': 0.9, '0:atom_AtomicNumber_list_1:kConv': 0.85, '0:atom_AtomicNumber_list_2:kConv': 0.95, '0:atom_AtomicNumber_list_3:kConv': 0.75, '0:atom_AtomicNumber_list_4:kConv': 0.8, '0:atom_MorganHash:kDelta': 0.85, '0:atom_Ring_count:kDelta': 0.75, '0:atom_RingSize_list:kConv': 0.85, '0:atom_Hcount:kDelta': 0.9, '0:atom_AtomicNumber_count_1:kDelta': 0.8, '0:atom_AtomicNumber_count_2:kDelta': 0.9, '0:atom_Chiral:kDelta': 0.9, '0:bond_Order:kDelta': 1.0, '0:bond_Stereo:kDelta': 0.85, '0:bond_RingStereo:kDelta': 1.0, '0:q:q': 0.01, '1:features_kernel:Matern32': 25.0, '2:features_kernel:Matern32': 23.0, '3:features_kernel:Matern32': 18.0, '4:features_kernel:Matern32': 3.0, '5:features_kernel:Matern32': 12.0, '6:features_kernel:Matern32': 17.0, '7:features_kernel:Matern32': 19.0, '8:features_kernel:Matern32': 11.0, '9:features_kernel:Matern32': 19.0, '10:features_kernel:Matern32': 21.0, '11:features_kernel:Matern32': 16.0, 'alpha': 0.001}. Best is trial 23 with value: 9.476414780599544.
[I 2026-05-06 23:57:11,117] Trial 32 finished with value: 10.051023023176718 and parameters: {'0:atom_AtomicNumber:kDelta': 0.9, '0:atom_AtomicNumber_list_1:kConv': 0.9, '0:atom_AtomicNumber_list_2:kConv': 0.95, '0:atom_AtomicNumber_list_3:kConv': 0.75, '0:atom_AtomicNumber_list_4:kConv': 0.8, '0:atom_MorganHash:kDelta': 0.85, '0:atom_Ring_count:kDelta': 0.75, '0:atom_RingSize_list:kConv': 0.85, '0:atom_Hcount:kDelta': 0.9, '0:atom_AtomicNumber_count_1:kDelta': 0.8, '0:atom_AtomicNumber_count_2:kDelta': 0.9, '0:atom_Chiral:kDelta': 0.9, '0:bond_Order:kDelta': 1.0, '0:bond_Stereo:kDelta': 0.85, '0:bond_RingStereo:kDelta': 1.0, '0:q:q': 0.13, '1:features_kernel:Matern32': 23.0, '2:features_kernel:Matern32': 14.0, '3:features_kernel:Matern32': 12.0, '4:features_kernel:Matern32': 3.0, '5:features_kernel:Matern32': 13.0, '6:features_kernel:Matern32': 22.0, '7:features_kernel:Matern32': 20.0, '8:features_kernel:Matern32': 10.0, '9:features_kernel:Matern32': 20.0, '10:features_kernel:Matern32': 30.0, '11:features_kernel:Matern32': 16.0, 'alpha': 0.013000000000000001}. Best is trial 23 with value: 9.476414780599544.
[I 2026-05-06 23:57:16,998] Trial 33 finished with value: 9.39852410945022 and parameters: {'0:atom_AtomicNumber:kDelta': 0.9, '0:atom_AtomicNumber_list_1:kConv': 0.85, '0:atom_AtomicNumber_list_2:kConv': 0.95, '0:atom_AtomicNumber_list_3:kConv': 0.75, '0:atom_AtomicNumber_list_4:kConv': 0.85, '0:atom_MorganHash:kDelta': 0.9, '0:atom_Ring_count:kDelta': 0.75, '0:atom_RingSize_list:kConv': 0.85, '0:atom_Hcount:kDelta': 0.95, '0:atom_AtomicNumber_count_1:kDelta': 0.8, '0:atom_AtomicNumber_count_2:kDelta': 0.85, '0:atom_Chiral:kDelta': 0.95, '0:bond_Order:kDelta': 1.0, '0:bond_Stereo:kDelta': 0.85, '0:bond_RingStereo:kDelta': 1.0, '0:q:q': 0.05, '1:features_kernel:Matern32': 22.0, '2:features_kernel:Matern32': 28.0, '3:features_kernel:Matern32': 15.0, '4:features_kernel:Matern32': 5.0, '5:features_kernel:Matern32': 7.0, '6:features_kernel:Matern32': 16.0, '7:features_kernel:Matern32': 17.0, '8:features_kernel:Matern32': 18.0, '9:features_kernel:Matern32': 16.0, '10:features_kernel:Matern32': 28.0, '11:features_kernel:Matern32': 10.0, 'alpha': 0.001}. Best is trial 33 with value: 9.39852410945022.
[I 2026-05-06 23:57:23,047] Trial 34 finished with value: 9.986033665133164 and parameters: {'0:atom_AtomicNumber:kDelta': 0.9, '0:atom_AtomicNumber_list_1:kConv': 0.8, '0:atom_AtomicNumber_list_2:kConv': 0.9, '0:atom_AtomicNumber_list_3:kConv': 0.75, '0:atom_AtomicNumber_list_4:kConv': 0.9, '0:atom_MorganHash:kDelta': 0.9, '0:atom_Ring_count:kDelta': 0.8, '0:atom_RingSize_list:kConv': 0.9, '0:atom_Hcount:kDelta': 0.95, '0:atom_AtomicNumber_count_1:kDelta': 0.8, '0:atom_AtomicNumber_count_2:kDelta': 0.85, '0:atom_Chiral:kDelta': 0.95, '0:bond_Order:kDelta': 0.95, '0:bond_Stereo:kDelta': 0.8, '0:bond_RingStereo:kDelta': 1.0, '0:q:q': 0.05, '1:features_kernel:Matern32': 22.0, '2:features_kernel:Matern32': 28.0, '3:features_kernel:Matern32': 13.0, '4:features_kernel:Matern32': 9.0, '5:features_kernel:Matern32': 7.0, '6:features_kernel:Matern32': 16.0, '7:features_kernel:Matern32': 16.0, '8:features_kernel:Matern32': 20.0, '9:features_kernel:Matern32': 16.0, '10:features_kernel:Matern32': 28.0, '11:features_kernel:Matern32': 9.0, 'alpha': 0.019000000000000003}. Best is trial 33 with value: 9.39852410945022.
[I 2026-05-06 23:57:28,902] Trial 35 finished with value: 9.497165678621476 and parameters: {'0:atom_AtomicNumber:kDelta': 0.95, '0:atom_AtomicNumber_list_1:kConv': 0.85, '0:atom_AtomicNumber_list_2:kConv': 0.85, '0:atom_AtomicNumber_list_3:kConv': 0.75, '0:atom_AtomicNumber_list_4:kConv': 0.85, '0:atom_MorganHash:kDelta': 0.9, '0:atom_Ring_count:kDelta': 0.75, '0:atom_RingSize_list:kConv': 0.85, '0:atom_Hcount:kDelta': 0.95, '0:atom_AtomicNumber_count_1:kDelta': 0.8, '0:atom_AtomicNumber_count_2:kDelta': 0.85, '0:atom_Chiral:kDelta': 1.0, '0:bond_Order:kDelta': 1.0, '0:bond_Stereo:kDelta': 0.85, '0:bond_RingStereo:kDelta': 1.0, '0:q:q': 0.04, '1:features_kernel:Matern32': 19.0, '2:features_kernel:Matern32': 25.0, '3:features_kernel:Matern32': 18.0, '4:features_kernel:Matern32': 11.0, '5:features_kernel:Matern32': 3.0, '6:features_kernel:Matern32': 14.0, '7:features_kernel:Matern32': 22.0, '8:features_kernel:Matern32': 18.0, '9:features_kernel:Matern32': 12.0, '10:features_kernel:Matern32': 23.0, '11:features_kernel:Matern32': 6.0, 'alpha': 0.008}. Best is trial 33 with value: 9.39852410945022.
[I 2026-05-06 23:57:34,881] Trial 36 finished with value: 9.696611746799 and parameters: {'0:atom_AtomicNumber:kDelta': 0.95, '0:atom_AtomicNumber_list_1:kConv': 0.85, '0:atom_AtomicNumber_list_2:kConv': 0.9, '0:atom_AtomicNumber_list_3:kConv': 0.75, '0:atom_AtomicNumber_list_4:kConv': 0.85, '0:atom_MorganHash:kDelta': 0.95, '0:atom_Ring_count:kDelta': 0.75, '0:atom_RingSize_list:kConv': 0.85, '0:atom_Hcount:kDelta': 0.95, '0:atom_AtomicNumber_count_1:kDelta': 0.85, '0:atom_AtomicNumber_count_2:kDelta': 0.8, '0:atom_Chiral:kDelta': 1.0, '0:bond_Order:kDelta': 1.0, '0:bond_Stereo:kDelta': 0.95, '0:bond_RingStereo:kDelta': 1.0, '0:q:q': 0.04, '1:features_kernel:Matern32': 14.0, '2:features_kernel:Matern32': 26.0, '3:features_kernel:Matern32': 19.0, '4:features_kernel:Matern32': 18.0, '5:features_kernel:Matern32': 1.0, '6:features_kernel:Matern32': 13.0, '7:features_kernel:Matern32': 17.0, '8:features_kernel:Matern32': 18.0, '9:features_kernel:Matern32': 12.0, '10:features_kernel:Matern32': 23.0, '11:features_kernel:Matern32': 6.0, 'alpha': 0.010000000000000002}. Best is trial 33 with value: 9.39852410945022.
[I 2026-05-06 23:57:41,433] Trial 37 finished with value: 9.720492364023867 and parameters: {'0:atom_AtomicNumber:kDelta': 0.95, '0:atom_AtomicNumber_list_1:kConv': 0.9, '0:atom_AtomicNumber_list_2:kConv': 1.0, '0:atom_AtomicNumber_list_3:kConv': 0.75, '0:atom_AtomicNumber_list_4:kConv': 0.9, '0:atom_MorganHash:kDelta': 0.9, '0:atom_Ring_count:kDelta': 0.75, '0:atom_RingSize_list:kConv': 0.9, '0:atom_Hcount:kDelta': 1.0, '0:atom_AtomicNumber_count_1:kDelta': 0.8, '0:atom_AtomicNumber_count_2:kDelta': 0.85, '0:atom_Chiral:kDelta': 1.0, '0:bond_Order:kDelta': 1.0, '0:bond_Stereo:kDelta': 0.9, '0:bond_RingStereo:kDelta': 1.0, '0:q:q': 0.01, '1:features_kernel:Matern32': 17.0, '2:features_kernel:Matern32': 25.0, '3:features_kernel:Matern32': 11.0, '4:features_kernel:Matern32': 11.0, '5:features_kernel:Matern32': 4.0, '6:features_kernel:Matern32': 15.0, '7:features_kernel:Matern32': 22.0, '8:features_kernel:Matern32': 22.0, '9:features_kernel:Matern32': 9.0, '10:features_kernel:Matern32': 25.0, '11:features_kernel:Matern32': 6.0, 'alpha': 0.018000000000000002}. Best is trial 33 with value: 9.39852410945022.
[I 2026-05-06 23:57:47,089] Trial 38 finished with value: 9.552138581289395 and parameters: {'0:atom_AtomicNumber:kDelta': 1.0, '0:atom_AtomicNumber_list_1:kConv': 0.85, '0:atom_AtomicNumber_list_2:kConv': 0.8, '0:atom_AtomicNumber_list_3:kConv': 0.75, '0:atom_AtomicNumber_list_4:kConv': 0.85, '0:atom_MorganHash:kDelta': 1.0, '0:atom_Ring_count:kDelta': 0.75, '0:atom_RingSize_list:kConv': 0.85, '0:atom_Hcount:kDelta': 0.95, '0:atom_AtomicNumber_count_1:kDelta': 0.85, '0:atom_AtomicNumber_count_2:kDelta': 0.85, '0:atom_Chiral:kDelta': 0.95, '0:bond_Order:kDelta': 1.0, '0:bond_Stereo:kDelta': 0.8, '0:bond_RingStereo:kDelta': 1.0, '0:q:q': 0.12, '1:features_kernel:Matern32': 19.0, '2:features_kernel:Matern32': 19.0, '3:features_kernel:Matern32': 22.0, '4:features_kernel:Matern32': 5.0, '5:features_kernel:Matern32': 3.0, '6:features_kernel:Matern32': 13.0, '7:features_kernel:Matern32': 14.0, '8:features_kernel:Matern32': 18.0, '9:features_kernel:Matern32': 14.0, '10:features_kernel:Matern32': 18.0, '11:features_kernel:Matern32': 10.0, 'alpha': 0.007}. Best is trial 33 with value: 9.39852410945022.
[I 2026-05-06 23:57:52,876] Trial 39 finished with value: 9.768989535795237 and parameters: {'0:atom_AtomicNumber:kDelta': 0.95, '0:atom_AtomicNumber_list_1:kConv': 0.9, '0:atom_AtomicNumber_list_2:kConv': 0.95, '0:atom_AtomicNumber_list_3:kConv': 0.75, '0:atom_AtomicNumber_list_4:kConv': 0.9, '0:atom_MorganHash:kDelta': 0.9, '0:atom_Ring_count:kDelta': 0.75, '0:atom_RingSize_list:kConv': 0.9, '0:atom_Hcount:kDelta': 1.0, '0:atom_AtomicNumber_count_1:kDelta': 0.8, '0:atom_AtomicNumber_count_2:kDelta': 0.75, '0:atom_Chiral:kDelta': 0.95, '0:bond_Order:kDelta': 0.95, '0:bond_Stereo:kDelta': 0.95, '0:bond_RingStereo:kDelta': 0.95, '0:q:q': 0.06999999999999999, '1:features_kernel:Matern32': 10.0, '2:features_kernel:Matern32': 28.0, '3:features_kernel:Matern32': 16.0, '4:features_kernel:Matern32': 9.0, '5:features_kernel:Matern32': 7.0, '6:features_kernel:Matern32': 15.0, '7:features_kernel:Matern32': 11.0, '8:features_kernel:Matern32': 17.0, '9:features_kernel:Matern32': 4.0, '10:features_kernel:Matern32': 22.0, '11:features_kernel:Matern32': 1.0, 'alpha': 0.014000000000000002}. Best is trial 33 with value: 9.39852410945022.
[I 2026-05-06 23:57:58,528] Trial 40 finished with value: 9.52204369677787 and parameters: {'0:atom_AtomicNumber:kDelta': 0.9, '0:atom_AtomicNumber_list_1:kConv': 0.85, '0:atom_AtomicNumber_list_2:kConv': 0.85, '0:atom_AtomicNumber_list_3:kConv': 0.75, '0:atom_AtomicNumber_list_4:kConv': 0.85, '0:atom_MorganHash:kDelta': 0.95, '0:atom_Ring_count:kDelta': 0.8, '0:atom_RingSize_list:kConv': 0.85, '0:atom_Hcount:kDelta': 0.95, '0:atom_AtomicNumber_count_1:kDelta': 0.8, '0:atom_AtomicNumber_count_2:kDelta': 0.8, '0:atom_Chiral:kDelta': 1.0, '0:bond_Order:kDelta': 1.0, '0:bond_Stereo:kDelta': 0.85, '0:bond_RingStereo:kDelta': 1.0, '0:q:q': 0.15000000000000002, '1:features_kernel:Matern32': 15.0, '2:features_kernel:Matern32': 1.0, '3:features_kernel:Matern32': 10.0, '4:features_kernel:Matern32': 23.0, '5:features_kernel:Matern32': 8.0, '6:features_kernel:Matern32': 9.0, '7:features_kernel:Matern32': 8.0, '8:features_kernel:Matern32': 23.0, '9:features_kernel:Matern32': 12.0, '10:features_kernel:Matern32': 15.0, '11:features_kernel:Matern32': 8.0, 'alpha': 0.007}. Best is trial 33 with value: 9.39852410945022.
[I 2026-05-06 23:58:03,923] Trial 41 finished with value: 9.742427274472545 and parameters: {'0:atom_AtomicNumber:kDelta': 0.9, '0:atom_AtomicNumber_list_1:kConv': 0.85, '0:atom_AtomicNumber_list_2:kConv': 0.85, '0:atom_AtomicNumber_list_3:kConv': 0.75, '0:atom_AtomicNumber_list_4:kConv': 0.85, '0:atom_MorganHash:kDelta': 0.95, '0:atom_Ring_count:kDelta': 0.8, '0:atom_RingSize_list:kConv': 0.85, '0:atom_Hcount:kDelta': 0.95, '0:atom_AtomicNumber_count_1:kDelta': 0.8, '0:atom_AtomicNumber_count_2:kDelta': 0.8, '0:atom_Chiral:kDelta': 1.0, '0:bond_Order:kDelta': 1.0, '0:bond_Stereo:kDelta': 0.85, '0:bond_RingStereo:kDelta': 1.0, '0:q:q': 0.14, '1:features_kernel:Matern32': 14.0, '2:features_kernel:Matern32': 8.0, '3:features_kernel:Matern32': 5.0, '4:features_kernel:Matern32': 24.0, '5:features_kernel:Matern32': 8.0, '6:features_kernel:Matern32': 5.0, '7:features_kernel:Matern32': 8.0, '8:features_kernel:Matern32': 24.0, '9:features_kernel:Matern32': 11.0, '10:features_kernel:Matern32': 16.0, '11:features_kernel:Matern32': 4.0, 'alpha': 0.008}. Best is trial 33 with value: 9.39852410945022.
[I 2026-05-07 00:05:03,280] A new study created in RDB with name: optuna-study
[I 2026-05-07 00:05:09,149] Trial 0 finished with value: 10.398263721740115 and parameters: {'0:atom_AtomicNumber:kDelta': 0.85, '0:atom_AtomicNumber_list_1:kConv': 1.0, '0:atom_AtomicNumber_list_2:kConv': 0.95, '0:atom_AtomicNumber_list_3:kConv': 0.9, '0:atom_AtomicNumber_list_4:kConv': 0.75, '0:atom_MorganHash:kDelta': 0.75, '0:atom_Ring_count:kDelta': 0.75, '0:atom_RingSize_list:kConv': 1.0, '0:atom_Hcount:kDelta': 0.9, '0:atom_AtomicNumber_count_1:kDelta': 0.95, '0:atom_AtomicNumber_count_2:kDelta': 0.75, '0:atom_Chiral:kDelta': 1.0, '0:bond_Order:kDelta': 0.95, '0:bond_Stereo:kDelta': 0.8, '0:bond_RingStereo:kDelta': 0.8, '0:q:q': 0.09999999999999999, '1:features_kernel:Matern32': 10.0, '2:features_kernel:Matern32': 16.0, '3:features_kernel:Matern32': 13.0, '4:features_kernel:Matern32': 9.0, '5:features_kernel:Matern32': 19.0, '6:features_kernel:Matern32': 5.0, '7:features_kernel:Matern32': 9.0, '8:features_kernel:Matern32': 11.0, '9:features_kernel:Matern32': 14.0, '10:features_kernel:Matern32': 24.0, '11:features_kernel:Matern32': 6.0, 'alpha': 0.052000000000000005}. Best is trial 0 with value: 10.398263721740115.
