[I 2026-05-01 10:40:26,432] Trial 12 finished with value: 0.5463412691135832 and parameters: {'0:atom_AtomicNumber:kDelta': 1.0, '0:atom_AtomicNumber_list_1:kConv': 0.8, '0:atom_AtomicNumber_list_2:kConv': 0.95, '0:atom_AtomicNumber_list_3:kConv': 0.75, '0:atom_AtomicNumber_list_4:kConv': 0.75, '0:atom_MorganHash:kDelta': 0.9, '0:atom_Ring_count:kDelta': 0.9, '0:atom_RingSize_list:kConv': 0.85, '0:atom_Hcount:kDelta': 0.85, '0:atom_AtomicNumber_count_1:kDelta': 0.9, '0:atom_AtomicNumber_count_2:kDelta': 0.85, '0:atom_Chiral:kDelta': 0.95, '0:bond_Order:kDelta': 0.9, '0:bond_Stereo:kDelta': 0.9, '0:bond_RingStereo:kDelta': 0.9, '0:q:q': 0.5, '0:features_kernel:Matern32': 8198.1, 'alpha': 0.042}. Best is trial 8 with value: 0.303133104904434.
/gpfs_common/share03/ddomlab/sdehgha2/working_space/GP_collab/code_python/training/MGK_and_tools/mgktools/mgktools/kernels/base.py:225: UserWarning: The distribution is specified by [0.1, 10000] and step=1, but the range is not divisible by `step`. It will be replaced with [0.1, 9999.1].
  self.unique_name: trial.suggest_float(
[I 2026-05-01 10:40:40,732] Trial 13 finished with value: 0.5491126015431324 and parameters: {'0:atom_AtomicNumber:kDelta': 1.0, '0:atom_AtomicNumber_list_1:kConv': 0.95, '0:atom_AtomicNumber_list_2:kConv': 0.75, '0:atom_AtomicNumber_list_3:kConv': 0.95, '0:atom_AtomicNumber_list_4:kConv': 0.95, '0:atom_MorganHash:kDelta': 0.95, '0:atom_Ring_count:kDelta': 0.95, '0:atom_RingSize_list:kConv': 0.9, '0:atom_Hcount:kDelta': 0.75, '0:atom_AtomicNumber_count_1:kDelta': 1.0, '0:atom_AtomicNumber_count_2:kDelta': 0.85, '0:atom_Chiral:kDelta': 0.8, '0:bond_Order:kDelta': 0.95, '0:bond_Stereo:kDelta': 1.0, '0:bond_RingStereo:kDelta': 0.8, '0:q:q': 0.34, '0:features_kernel:Matern32': 5990.1, 'alpha': 0.07200000000000001}. Best is trial 8 with value: 0.303133104904434.
/gpfs_common/share03/ddomlab/sdehgha2/working_space/GP_collab/code_python/training/MGK_and_tools/mgktools/mgktools/kernels/base.py:225: UserWarning: The distribution is specified by [0.1, 10000] and step=1, but the range is not divisible by `step`. It will be replaced with [0.1, 9999.1].
  self.unique_name: trial.suggest_float(
[I 2026-05-01 10:40:59,547] Trial 14 finished with value: 0.5481780825831921 and parameters: {'0:atom_AtomicNumber:kDelta': 1.0, '0:atom_AtomicNumber_list_1:kConv': 0.85, '0:atom_AtomicNumber_list_2:kConv': 0.8, '0:atom_AtomicNumber_list_3:kConv': 0.85, '0:atom_AtomicNumber_list_4:kConv': 0.95, '0:atom_MorganHash:kDelta': 0.95, '0:atom_Ring_count:kDelta': 0.85, '0:atom_RingSize_list:kConv': 1.0, '0:atom_Hcount:kDelta': 0.85, '0:atom_AtomicNumber_count_1:kDelta': 0.85, '0:atom_AtomicNumber_count_2:kDelta': 0.95, '0:atom_Chiral:kDelta': 0.75, '0:bond_Order:kDelta': 0.85, '0:bond_Stereo:kDelta': 0.95, '0:bond_RingStereo:kDelta': 0.95, '0:q:q': 0.15000000000000002, '0:features_kernel:Matern32': 1895.1, 'alpha': 0.048}. Best is trial 8 with value: 0.303133104904434.
/gpfs_common/share03/ddomlab/sdehgha2/working_space/GP_collab/code_python/training/MGK_and_tools/mgktools/mgktools/kernels/base.py:225: UserWarning: The distribution is specified by [0.1, 10000] and step=1, but the range is not divisible by `step`. It will be replaced with [0.1, 9999.1].
  self.unique_name: trial.suggest_float(
[I 2026-05-01 10:41:13,762] Trial 15 finished with value: 0.548661345369829 and parameters: {'0:atom_AtomicNumber:kDelta': 0.85, '0:atom_AtomicNumber_list_1:kConv': 0.95, '0:atom_AtomicNumber_list_2:kConv': 0.8, '0:atom_AtomicNumber_list_3:kConv': 0.8, '0:atom_AtomicNumber_list_4:kConv': 1.0, '0:atom_MorganHash:kDelta': 0.9, '0:atom_Ring_count:kDelta': 1.0, '0:atom_RingSize_list:kConv': 1.0, '0:atom_Hcount:kDelta': 1.0, '0:atom_AtomicNumber_count_1:kDelta': 0.8, '0:atom_AtomicNumber_count_2:kDelta': 0.9, '0:atom_Chiral:kDelta': 0.85, '0:bond_Order:kDelta': 0.85, '0:bond_Stereo:kDelta': 0.95, '0:bond_RingStereo:kDelta': 0.95, '0:q:q': 0.35000000000000003, '0:features_kernel:Matern32': 1392.1, 'alpha': 0.07100000000000001}. Best is trial 8 with value: 0.303133104904434.
/gpfs_common/share03/ddomlab/sdehgha2/working_space/GP_collab/code_python/training/MGK_and_tools/mgktools/mgktools/kernels/base.py:225: UserWarning: The distribution is specified by [0.1, 10000] and step=1, but the range is not divisible by `step`. It will be replaced with [0.1, 9999.1].
  self.unique_name: trial.suggest_float(
[I 2026-05-01 10:41:32,921] Trial 16 finished with value: 0.5439855196066101 and parameters: {'0:atom_AtomicNumber:kDelta': 0.85, '0:atom_AtomicNumber_list_1:kConv': 1.0, '0:atom_AtomicNumber_list_2:kConv': 0.9, '0:atom_AtomicNumber_list_3:kConv': 1.0, '0:atom_AtomicNumber_list_4:kConv': 0.85, '0:atom_MorganHash:kDelta': 0.75, '0:atom_Ring_count:kDelta': 0.75, '0:atom_RingSize_list:kConv': 0.75, '0:atom_Hcount:kDelta': 1.0, '0:atom_AtomicNumber_count_1:kDelta': 0.75, '0:atom_AtomicNumber_count_2:kDelta': 0.75, '0:atom_Chiral:kDelta': 1.0, '0:bond_Order:kDelta': 0.75, '0:bond_Stereo:kDelta': 0.75, '0:bond_RingStereo:kDelta': 1.0, '0:q:q': 0.05, '0:features_kernel:Matern32': 3652.1, 'alpha': 0.008}. Best is trial 8 with value: 0.303133104904434.
/gpfs_common/share03/ddomlab/sdehgha2/working_space/GP_collab/code_python/training/MGK_and_tools/mgktools/mgktools/kernels/base.py:225: UserWarning: The distribution is specified by [0.1, 10000] and step=1, but the range is not divisible by `step`. It will be replaced with [0.1, 9999.1].
  self.unique_name: trial.suggest_float(
[I 2026-05-01 10:41:50,841] Trial 17 finished with value: 0.5537535032535286 and parameters: {'0:atom_AtomicNumber:kDelta': 0.9, '0:atom_AtomicNumber_list_1:kConv': 0.9, '0:atom_AtomicNumber_list_2:kConv': 0.85, '0:atom_AtomicNumber_list_3:kConv': 0.8, '0:atom_AtomicNumber_list_4:kConv': 1.0, '0:atom_MorganHash:kDelta': 1.0, '0:atom_Ring_count:kDelta': 0.85, '0:atom_RingSize_list:kConv': 1.0, '0:atom_Hcount:kDelta': 0.95, '0:atom_AtomicNumber_count_1:kDelta': 0.8, '0:atom_AtomicNumber_count_2:kDelta': 0.95, '0:atom_Chiral:kDelta': 0.9, '0:bond_Order:kDelta': 0.8, '0:bond_Stereo:kDelta': 0.8, '0:bond_RingStereo:kDelta': 1.0, '0:q:q': 0.2, '0:features_kernel:Matern32': 3336.1, 'alpha': 0.097}. Best is trial 8 with value: 0.303133104904434.
/gpfs_common/share03/ddomlab/sdehgha2/working_space/GP_collab/code_python/training/MGK_and_tools/mgktools/mgktools/kernels/base.py:225: UserWarning: The distribution is specified by [0.1, 10000] and step=1, but the range is not divisible by `step`. It will be replaced with [0.1, 9999.1].
  self.unique_name: trial.suggest_float(
[I 2026-05-01 10:42:06,983] Trial 18 finished with value: 0.5455415567453573 and parameters: {'0:atom_AtomicNumber:kDelta': 0.9, '0:atom_AtomicNumber_list_1:kConv': 0.85, '0:atom_AtomicNumber_list_2:kConv': 0.85, '0:atom_AtomicNumber_list_3:kConv': 0.9, '0:atom_AtomicNumber_list_4:kConv': 0.9, '0:atom_MorganHash:kDelta': 0.85, '0:atom_Ring_count:kDelta': 0.8, '0:atom_RingSize_list:kConv': 0.95, '0:atom_Hcount:kDelta': 0.9, '0:atom_AtomicNumber_count_1:kDelta': 0.8, '0:atom_AtomicNumber_count_2:kDelta': 1.0, '0:atom_Chiral:kDelta': 0.85, '0:bond_Order:kDelta': 0.8, '0:bond_Stereo:kDelta': 0.95, '0:bond_RingStereo:kDelta': 0.95, '0:q:q': 0.24000000000000002, '0:features_kernel:Matern32': 9762.1, 'alpha': 0.023}. Best is trial 8 with value: 0.303133104904434.
/gpfs_common/share03/ddomlab/sdehgha2/working_space/GP_collab/code_python/training/MGK_and_tools/mgktools/mgktools/kernels/base.py:225: UserWarning: The distribution is specified by [0.1, 10000] and step=1, but the range is not divisible by `step`. It will be replaced with [0.1, 9999.1].
  self.unique_name: trial.suggest_float(
[I 2026-05-01 10:42:29,417] Trial 19 finished with value: 0.5499078132298668 and parameters: {'0:atom_AtomicNumber:kDelta': 0.8, '0:atom_AtomicNumber_list_1:kConv': 0.75, '0:atom_AtomicNumber_list_2:kConv': 0.8, '0:atom_AtomicNumber_list_3:kConv': 0.8, '0:atom_AtomicNumber_list_4:kConv': 0.9, '0:atom_MorganHash:kDelta': 1.0, '0:atom_Ring_count:kDelta': 0.8, '0:atom_RingSize_list:kConv': 0.95, '0:atom_Hcount:kDelta': 0.95, '0:atom_AtomicNumber_count_1:kDelta': 0.95, '0:atom_AtomicNumber_count_2:kDelta': 0.9, '0:atom_Chiral:kDelta': 0.9, '0:bond_Order:kDelta': 1.0, '0:bond_Stereo:kDelta': 1.0, '0:bond_RingStereo:kDelta': 0.85, '0:q:q': 0.09, '0:features_kernel:Matern32': 5538.1, 'alpha': 0.096}. Best is trial 8 with value: 0.303133104904434.
/gpfs_common/share03/ddomlab/sdehgha2/working_space/GP_collab/code_python/training/MGK_and_tools/mgktools/mgktools/kernels/base.py:225: UserWarning: The distribution is specified by [0.1, 10000] and step=1, but the range is not divisible by `step`. It will be replaced with [0.1, 9999.1].
  self.unique_name: trial.suggest_float(
[I 2026-05-01 10:42:43,958] Trial 20 finished with value: 0.5451478474009941 and parameters: {'0:atom_AtomicNumber:kDelta': 0.95, '0:atom_AtomicNumber_list_1:kConv': 0.9, '0:atom_AtomicNumber_list_2:kConv': 0.75, '0:atom_AtomicNumber_list_3:kConv': 0.9, '0:atom_AtomicNumber_list_4:kConv': 1.0, '0:atom_MorganHash:kDelta': 0.85, '0:atom_Ring_count:kDelta': 0.95, '0:atom_RingSize_list:kConv': 0.75, '0:atom_Hcount:kDelta': 0.8, '0:atom_AtomicNumber_count_1:kDelta': 0.85, '0:atom_AtomicNumber_count_2:kDelta': 0.75, '0:atom_Chiral:kDelta': 0.75, '0:bond_Order:kDelta': 0.8, '0:bond_Stereo:kDelta': 0.85, '0:bond_RingStereo:kDelta': 1.0, '0:q:q': 0.28, '0:features_kernel:Matern32': 2442.1, 'alpha': 0.031}. Best is trial 8 with value: 0.303133104904434.
/gpfs_common/share03/ddomlab/sdehgha2/working_space/GP_collab/code_python/training/MGK_and_tools/mgktools/mgktools/kernels/base.py:225: UserWarning: The distribution is specified by [0.1, 10000] and step=1, but the range is not divisible by `step`. It will be replaced with [0.1, 9999.1].
  self.unique_name: trial.suggest_float(
[I 2026-05-01 10:43:01,448] Trial 21 finished with value: 0.5458367361585943 and parameters: {'0:atom_AtomicNumber:kDelta': 0.8, '0:atom_AtomicNumber_list_1:kConv': 1.0, '0:atom_AtomicNumber_list_2:kConv': 0.85, '0:atom_AtomicNumber_list_3:kConv': 0.8, '0:atom_AtomicNumber_list_4:kConv': 0.85, '0:atom_MorganHash:kDelta': 0.85, '0:atom_Ring_count:kDelta': 0.85, '0:atom_RingSize_list:kConv': 0.95, '0:atom_Hcount:kDelta': 0.95, '0:atom_AtomicNumber_count_1:kDelta': 0.8, '0:atom_AtomicNumber_count_2:kDelta': 0.8, '0:atom_Chiral:kDelta': 0.85, '0:bond_Order:kDelta': 0.85, '0:bond_Stereo:kDelta': 0.95, '0:bond_RingStereo:kDelta': 0.95, '0:q:q': 0.14, '0:features_kernel:Matern32': 4507.1, 'alpha': 0.057}. Best is trial 8 with value: 0.303133104904434.
/gpfs_common/share03/ddomlab/sdehgha2/working_space/GP_collab/code_python/training/MGK_and_tools/mgktools/mgktools/kernels/base.py:225: UserWarning: The distribution is specified by [0.1, 10000] and step=1, but the range is not divisible by `step`. It will be replaced with [0.1, 9999.1].
  self.unique_name: trial.suggest_float(
[I 2026-05-01 10:43:28,177] Trial 22 finished with value: 0.5499138384051686 and parameters: {'0:atom_AtomicNumber:kDelta': 0.95, '0:atom_AtomicNumber_list_1:kConv': 0.9, '0:atom_AtomicNumber_list_2:kConv': 0.9, '0:atom_AtomicNumber_list_3:kConv': 0.75, '0:atom_AtomicNumber_list_4:kConv': 0.95, '0:atom_MorganHash:kDelta': 1.0, '0:atom_Ring_count:kDelta': 0.8, '0:atom_RingSize_list:kConv': 0.8, '0:atom_Hcount:kDelta': 0.8, '0:atom_AtomicNumber_count_1:kDelta': 0.9, '0:atom_AtomicNumber_count_2:kDelta': 0.9, '0:atom_Chiral:kDelta': 0.8, '0:bond_Order:kDelta': 0.8, '0:bond_Stereo:kDelta': 0.95, '0:bond_RingStereo:kDelta': 0.85, '0:q:q': 0.02, '0:features_kernel:Matern32': 6993.1, 'alpha': 0.08700000000000001}. Best is trial 8 with value: 0.303133104904434.
/gpfs_common/share03/ddomlab/sdehgha2/working_space/GP_collab/code_python/training/MGK_and_tools/mgktools/mgktools/kernels/base.py:225: UserWarning: The distribution is specified by [0.1, 10000] and step=1, but the range is not divisible by `step`. It will be replaced with [0.1, 9999.1].
  self.unique_name: trial.suggest_float(
[I 2026-05-01 10:43:43,063] Trial 23 finished with value: 0.5466887577299256 and parameters: {'0:atom_AtomicNumber:kDelta': 0.95, '0:atom_AtomicNumber_list_1:kConv': 0.85, '0:atom_AtomicNumber_list_2:kConv': 0.8, '0:atom_AtomicNumber_list_3:kConv': 0.9, '0:atom_AtomicNumber_list_4:kConv': 1.0, '0:atom_MorganHash:kDelta': 0.8, '0:atom_Ring_count:kDelta': 0.9, '0:atom_RingSize_list:kConv': 1.0, '0:atom_Hcount:kDelta': 0.9, '0:atom_AtomicNumber_count_1:kDelta': 0.75, '0:atom_AtomicNumber_count_2:kDelta': 0.95, '0:atom_Chiral:kDelta': 0.9, '0:bond_Order:kDelta': 0.95, '0:bond_Stereo:kDelta': 0.9, '0:bond_RingStereo:kDelta': 0.75, '0:q:q': 0.25, '0:features_kernel:Matern32': 1356.1, 'alpha': 0.061}. Best is trial 8 with value: 0.303133104904434.
/gpfs_common/share03/ddomlab/sdehgha2/working_space/GP_collab/code_python/training/MGK_and_tools/mgktools/mgktools/kernels/base.py:225: UserWarning: The distribution is specified by [0.1, 10000] and step=1, but the range is not divisible by `step`. It will be replaced with [0.1, 9999.1].
  self.unique_name: trial.suggest_float(
[I 2026-05-01 10:44:01,708] Trial 24 finished with value: 0.5451716191316786 and parameters: {'0:atom_AtomicNumber:kDelta': 0.8, '0:atom_AtomicNumber_list_1:kConv': 0.75, '0:atom_AtomicNumber_list_2:kConv': 0.75, '0:atom_AtomicNumber_list_3:kConv': 0.85, '0:atom_AtomicNumber_list_4:kConv': 0.9, '0:atom_MorganHash:kDelta': 0.9, '0:atom_Ring_count:kDelta': 1.0, '0:atom_RingSize_list:kConv': 0.95, '0:atom_Hcount:kDelta': 1.0, '0:atom_AtomicNumber_count_1:kDelta': 0.95, '0:atom_AtomicNumber_count_2:kDelta': 1.0, '0:atom_Chiral:kDelta': 1.0, '0:bond_Order:kDelta': 0.85, '0:bond_Stereo:kDelta': 1.0, '0:bond_RingStereo:kDelta': 0.95, '0:q:q': 0.17, '0:features_kernel:Matern32': 2940.1, 'alpha': 0.031}. Best is trial 8 with value: 0.303133104904434.
/gpfs_common/share03/ddomlab/sdehgha2/working_space/GP_collab/code_python/training/MGK_and_tools/mgktools/mgktools/kernels/base.py:225: UserWarning: The distribution is specified by [0.1, 10000] and step=1, but the range is not divisible by `step`. It will be replaced with [0.1, 9999.1].
  self.unique_name: trial.suggest_float(
[I 2026-05-01 10:44:22,219] Trial 25 finished with value: 0.5412628896095446 and parameters: {'0:atom_AtomicNumber:kDelta': 0.9, '0:atom_AtomicNumber_list_1:kConv': 1.0, '0:atom_AtomicNumber_list_2:kConv': 0.85, '0:atom_AtomicNumber_list_3:kConv': 0.8, '0:atom_AtomicNumber_list_4:kConv': 0.8, '0:atom_MorganHash:kDelta': 0.95, '0:atom_Ring_count:kDelta': 0.95, '0:atom_RingSize_list:kConv': 1.0, '0:atom_Hcount:kDelta': 0.95, '0:atom_AtomicNumber_count_1:kDelta': 0.85, '0:atom_AtomicNumber_count_2:kDelta': 0.8, '0:atom_Chiral:kDelta': 0.75, '0:bond_Order:kDelta': 0.9, '0:bond_Stereo:kDelta': 0.85, '0:bond_RingStereo:kDelta': 1.0, '0:q:q': 0.09, '0:features_kernel:Matern32': 1082.1, 'alpha': 0.010000000000000002}. Best is trial 8 with value: 0.303133104904434.
/gpfs_common/share03/ddomlab/sdehgha2/working_space/GP_collab/code_python/training/MGK_and_tools/mgktools/mgktools/kernels/base.py:225: UserWarning: The distribution is specified by [0.1, 10000] and step=1, but the range is not divisible by `step`. It will be replaced with [0.1, 9999.1].
  self.unique_name: trial.suggest_float(
[I 2026-05-01 10:44:36,133] Trial 26 finished with value: 0.5462642697719879 and parameters: {'0:atom_AtomicNumber:kDelta': 0.85, '0:atom_AtomicNumber_list_1:kConv': 0.9, '0:atom_AtomicNumber_list_2:kConv': 0.9, '0:atom_AtomicNumber_list_3:kConv': 0.95, '0:atom_AtomicNumber_list_4:kConv': 0.95, '0:atom_MorganHash:kDelta': 0.8, '0:atom_Ring_count:kDelta': 0.9, '0:atom_RingSize_list:kConv': 0.95, '0:atom_Hcount:kDelta': 0.9, '0:atom_AtomicNumber_count_1:kDelta': 0.8, '0:atom_AtomicNumber_count_2:kDelta': 0.9, '0:atom_Chiral:kDelta': 0.95, '0:bond_Order:kDelta': 0.75, '0:bond_Stereo:kDelta': 0.8, '0:bond_RingStereo:kDelta': 0.9, '0:q:q': 0.3, '0:features_kernel:Matern32': 3970.1, 'alpha': 0.051000000000000004}. Best is trial 8 with value: 0.303133104904434.
/gpfs_common/share03/ddomlab/sdehgha2/working_space/GP_collab/code_python/training/MGK_and_tools/mgktools/mgktools/kernels/base.py:225: UserWarning: The distribution is specified by [0.1, 10000] and step=1, but the range is not divisible by `step`. It will be replaced with [0.1, 9999.1].
  self.unique_name: trial.suggest_float(
[I 2026-05-01 10:44:49,044] Trial 27 finished with value: 0.5460605568935927 and parameters: {'0:atom_AtomicNumber:kDelta': 0.75, '0:atom_AtomicNumber_list_1:kConv': 0.95, '0:atom_AtomicNumber_list_2:kConv': 0.8, '0:atom_AtomicNumber_list_3:kConv': 0.85, '0:atom_AtomicNumber_list_4:kConv': 0.8, '0:atom_MorganHash:kDelta': 0.75, '0:atom_Ring_count:kDelta': 1.0, '0:atom_RingSize_list:kConv': 0.8, '0:atom_Hcount:kDelta': 0.9, '0:atom_AtomicNumber_count_1:kDelta': 0.85, '0:atom_AtomicNumber_count_2:kDelta': 0.95, '0:atom_Chiral:kDelta': 0.8, '0:bond_Order:kDelta': 0.75, '0:bond_Stereo:kDelta': 0.9, '0:bond_RingStereo:kDelta': 0.75, '0:q:q': 0.41000000000000003, '0:features_kernel:Matern32': 920.1, 'alpha': 0.085}. Best is trial 8 with value: 0.303133104904434.
/gpfs_common/share03/ddomlab/sdehgha2/working_space/GP_collab/code_python/training/MGK_and_tools/mgktools/mgktools/kernels/base.py:225: UserWarning: The distribution is specified by [0.1, 10000] and step=1, but the range is not divisible by `step`. It will be replaced with [0.1, 9999.1].
  self.unique_name: trial.suggest_float(
[I 2026-05-01 10:45:01,857] Trial 28 finished with value: 0.5472223427180813 and parameters: {'0:atom_AtomicNumber:kDelta': 0.75, '0:atom_AtomicNumber_list_1:kConv': 0.95, '0:atom_AtomicNumber_list_2:kConv': 0.8, '0:atom_AtomicNumber_list_3:kConv': 0.85, '0:atom_AtomicNumber_list_4:kConv': 0.8, '0:atom_MorganHash:kDelta': 0.8, '0:atom_Ring_count:kDelta': 1.0, '0:atom_RingSize_list:kConv': 0.9, '0:atom_Hcount:kDelta': 0.85, '0:atom_AtomicNumber_count_1:kDelta': 0.85, '0:atom_AtomicNumber_count_2:kDelta': 0.95, '0:atom_Chiral:kDelta': 0.8, '0:bond_Order:kDelta': 0.8, '0:bond_Stereo:kDelta': 0.95, '0:bond_RingStereo:kDelta': 0.8, '0:q:q': 0.42000000000000004, '0:features_kernel:Matern32': 2430.1, 'alpha': 0.078}. Best is trial 8 with value: 0.303133104904434.
/gpfs_common/share03/ddomlab/sdehgha2/working_space/GP_collab/code_python/training/MGK_and_tools/mgktools/mgktools/kernels/base.py:225: UserWarning: The distribution is specified by [0.1, 10000] and step=1, but the range is not divisible by `step`. It will be replaced with [0.1, 9999.1].
  self.unique_name: trial.suggest_float(
[I 2026-05-01 10:45:15,660] Trial 29 finished with value: 0.5467911368438768 and parameters: {'0:atom_AtomicNumber:kDelta': 0.8, '0:atom_AtomicNumber_list_1:kConv': 0.85, '0:atom_AtomicNumber_list_2:kConv': 0.75, '0:atom_AtomicNumber_list_3:kConv': 0.9, '0:atom_AtomicNumber_list_4:kConv': 1.0, '0:atom_MorganHash:kDelta': 0.85, '0:atom_Ring_count:kDelta': 0.95, '0:atom_RingSize_list:kConv': 1.0, '0:atom_Hcount:kDelta': 0.8, '0:atom_AtomicNumber_count_1:kDelta': 0.9, '0:atom_AtomicNumber_count_2:kDelta': 0.95, '0:atom_Chiral:kDelta': 0.85, '0:bond_Order:kDelta': 0.75, '0:bond_Stereo:kDelta': 0.9, '0:bond_RingStereo:kDelta': 0.85, '0:q:q': 0.38, '0:features_kernel:Matern32': 715.1, 'alpha': 0.066}. Best is trial 8 with value: 0.303133104904434.
/gpfs_common/share03/ddomlab/sdehgha2/working_space/GP_collab/code_python/training/MGK_and_tools/mgktools/mgktools/kernels/base.py:225: UserWarning: The distribution is specified by [0.1, 10000] and step=1, but the range is not divisible by `step`. It will be replaced with [0.1, 9999.1].
  self.unique_name: trial.suggest_float(
[I 2026-05-01 10:45:27,839] Trial 30 finished with value: 0.5471582955597253 and parameters: {'0:atom_AtomicNumber:kDelta': 0.85, '0:atom_AtomicNumber_list_1:kConv': 0.9, '0:atom_AtomicNumber_list_2:kConv': 0.85, '0:atom_AtomicNumber_list_3:kConv': 0.8, '0:atom_AtomicNumber_list_4:kConv': 0.85, '0:atom_MorganHash:kDelta': 0.8, '0:atom_Ring_count:kDelta': 1.0, '0:atom_RingSize_list:kConv': 0.85, '0:atom_Hcount:kDelta': 0.95, '0:atom_AtomicNumber_count_1:kDelta': 0.8, '0:atom_AtomicNumber_count_2:kDelta': 0.9, '0:atom_Chiral:kDelta': 0.8, '0:bond_Order:kDelta': 0.85, '0:bond_Stereo:kDelta': 0.95, '0:bond_RingStereo:kDelta': 0.8, '0:q:q': 0.45, '0:features_kernel:Matern32': 1992.1, 'alpha': 0.084}. Best is trial 8 with value: 0.303133104904434.
/gpfs_common/share03/ddomlab/sdehgha2/working_space/GP_collab/code_python/training/MGK_and_tools/mgktools/mgktools/kernels/base.py:225: UserWarning: The distribution is specified by [0.1, 10000] and step=1, but the range is not divisible by `step`. It will be replaced with [0.1, 9999.1].
  self.unique_name: trial.suggest_float(
[I 2026-05-01 10:45:44,590] Trial 31 finished with value: 0.5461710866574822 and parameters: {'0:atom_AtomicNumber:kDelta': 0.95, '0:atom_AtomicNumber_list_1:kConv': 1.0, '0:atom_AtomicNumber_list_2:kConv': 0.8, '0:atom_AtomicNumber_list_3:kConv': 0.85, '0:atom_AtomicNumber_list_4:kConv': 0.9, '0:atom_MorganHash:kDelta': 0.9, '0:atom_Ring_count:kDelta': 0.85, '0:atom_RingSize_list:kConv': 0.95, '0:atom_Hcount:kDelta': 1.0, '0:atom_AtomicNumber_count_1:kDelta': 0.85, '0:atom_AtomicNumber_count_2:kDelta': 1.0, '0:atom_Chiral:kDelta': 0.75, '0:bond_Order:kDelta': 1.0, '0:bond_Stereo:kDelta': 0.9, '0:bond_RingStereo:kDelta': 0.85, '0:q:q': 0.22, '0:features_kernel:Matern32': 542.1, 'alpha': 0.079}. Best is trial 8 with value: 0.303133104904434.
/gpfs_common/share03/ddomlab/sdehgha2/working_space/GP_collab/code_python/training/MGK_and_tools/mgktools/mgktools/kernels/base.py:225: UserWarning: The distribution is specified by [0.1, 10000] and step=1, but the range is not divisible by `step`. It will be replaced with [0.1, 9999.1].
  self.unique_name: trial.suggest_float(
