[I 2026-04-21 14:34:33,901] Trial 23 finished with value: 0.4771237252753598 and parameters: {'0:atom_AtomicNumber:kDelta': 0.95, '0:atom_AtomicNumber_list_1:kConv': 0.95, '0:atom_AtomicNumber_list_2:kConv': 0.8, '0:atom_AtomicNumber_list_3:kConv': 0.85, '0:atom_AtomicNumber_list_4:kConv': 0.85, '0:atom_MorganHash:kDelta': 0.8, '0:atom_Ring_count:kDelta': 0.8, '0:atom_RingSize_list:kConv': 0.75, '0:atom_Hcount:kDelta': 0.9, '0:atom_AtomicNumber_count_1:kDelta': 0.8, '0:atom_AtomicNumber_count_2:kDelta': 1.0, '0:atom_Chiral:kDelta': 0.75, '0:bond_Order:kDelta': 0.75, '0:bond_Stereo:kDelta': 0.85, '0:bond_RingStereo:kDelta': 1.0, '0:q:q': 0.39, '1:features_kernel:Matern32': 5.1, '2:features_kernel:Matern32': 22.1, '3:features_kernel:Matern32': 13.1, '4:features_kernel:Matern32': 26.1, '5:features_kernel:Matern32': 29.1, '6:features_kernel:Matern32': 18.1, '7:features_kernel:Matern32': 9.1, '8:features_kernel:Matern32': 3.1, '9:features_kernel:Matern32': 27.1, '10:features_kernel:Matern32': 27.1, '11:features_kernel:Matern32': 14.1, 'alpha': 0.010000000000000002}. Best is trial 23 with value: 0.4771237252753598.
/gpfs_common/share03/ddomlab/sdehgha2/working_space/GP_collab/code_python/training/MGK_and_tools/mgktools/mgktools/kernels/base.py:225: UserWarning: The distribution is specified by [0.1, 30] and step=1, but the range is not divisible by `step`. It will be replaced with [0.1, 29.1].
  self.unique_name: trial.suggest_float(
[I 2026-04-21 14:34:37,523] Trial 24 finished with value: 0.4794029511186689 and parameters: {'0:atom_AtomicNumber:kDelta': 1.0, '0:atom_AtomicNumber_list_1:kConv': 0.95, '0:atom_AtomicNumber_list_2:kConv': 0.8, '0:atom_AtomicNumber_list_3:kConv': 0.85, '0:atom_AtomicNumber_list_4:kConv': 0.85, '0:atom_MorganHash:kDelta': 0.85, '0:atom_Ring_count:kDelta': 0.8, '0:atom_RingSize_list:kConv': 0.75, '0:atom_Hcount:kDelta': 0.9, '0:atom_AtomicNumber_count_1:kDelta': 0.85, '0:atom_AtomicNumber_count_2:kDelta': 1.0, '0:atom_Chiral:kDelta': 0.8, '0:bond_Order:kDelta': 0.75, '0:bond_Stereo:kDelta': 0.85, '0:bond_RingStereo:kDelta': 0.95, '0:q:q': 0.37, '1:features_kernel:Matern32': 0.1, '2:features_kernel:Matern32': 23.1, '3:features_kernel:Matern32': 6.1, '4:features_kernel:Matern32': 22.1, '5:features_kernel:Matern32': 28.1, '6:features_kernel:Matern32': 18.1, '7:features_kernel:Matern32': 9.1, '8:features_kernel:Matern32': 13.1, '9:features_kernel:Matern32': 21.1, '10:features_kernel:Matern32': 20.1, '11:features_kernel:Matern32': 13.1, 'alpha': 0.012}. Best is trial 23 with value: 0.4771237252753598.
/gpfs_common/share03/ddomlab/sdehgha2/working_space/GP_collab/code_python/training/MGK_and_tools/mgktools/mgktools/kernels/base.py:225: UserWarning: The distribution is specified by [0.1, 30] and step=1, but the range is not divisible by `step`. It will be replaced with [0.1, 29.1].
  self.unique_name: trial.suggest_float(
[I 2026-04-21 14:34:40,978] Trial 25 finished with value: 0.4800058490939385 and parameters: {'0:atom_AtomicNumber:kDelta': 1.0, '0:atom_AtomicNumber_list_1:kConv': 0.95, '0:atom_AtomicNumber_list_2:kConv': 0.8, '0:atom_AtomicNumber_list_3:kConv': 0.8, '0:atom_AtomicNumber_list_4:kConv': 0.8, '0:atom_MorganHash:kDelta': 0.8, '0:atom_Ring_count:kDelta': 0.8, '0:atom_RingSize_list:kConv': 0.75, '0:atom_Hcount:kDelta': 0.9, '0:atom_AtomicNumber_count_1:kDelta': 0.85, '0:atom_AtomicNumber_count_2:kDelta': 1.0, '0:atom_Chiral:kDelta': 0.75, '0:bond_Order:kDelta': 0.75, '0:bond_Stereo:kDelta': 0.85, '0:bond_RingStereo:kDelta': 1.0, '0:q:q': 0.42000000000000004, '1:features_kernel:Matern32': 0.1, '2:features_kernel:Matern32': 16.1, '3:features_kernel:Matern32': 6.1, '4:features_kernel:Matern32': 22.1, '5:features_kernel:Matern32': 28.1, '6:features_kernel:Matern32': 19.1, '7:features_kernel:Matern32': 9.1, '8:features_kernel:Matern32': 6.1, '9:features_kernel:Matern32': 21.1, '10:features_kernel:Matern32': 19.1, '11:features_kernel:Matern32': 12.1, 'alpha': 0.015}. Best is trial 23 with value: 0.4771237252753598.
/gpfs_common/share03/ddomlab/sdehgha2/working_space/GP_collab/code_python/training/MGK_and_tools/mgktools/mgktools/kernels/base.py:225: UserWarning: The distribution is specified by [0.1, 30] and step=1, but the range is not divisible by `step`. It will be replaced with [0.1, 29.1].
  self.unique_name: trial.suggest_float(
[I 2026-04-21 14:34:44,575] Trial 26 finished with value: 0.47941971173103426 and parameters: {'0:atom_AtomicNumber:kDelta': 1.0, '0:atom_AtomicNumber_list_1:kConv': 0.95, '0:atom_AtomicNumber_list_2:kConv': 0.8, '0:atom_AtomicNumber_list_3:kConv': 0.75, '0:atom_AtomicNumber_list_4:kConv': 0.8, '0:atom_MorganHash:kDelta': 0.9, '0:atom_Ring_count:kDelta': 0.8, '0:atom_RingSize_list:kConv': 0.75, '0:atom_Hcount:kDelta': 0.9, '0:atom_AtomicNumber_count_1:kDelta': 0.85, '0:atom_AtomicNumber_count_2:kDelta': 1.0, '0:atom_Chiral:kDelta': 0.8, '0:bond_Order:kDelta': 0.75, '0:bond_Stereo:kDelta': 0.8, '0:bond_RingStereo:kDelta': 0.95, '0:q:q': 0.41000000000000003, '1:features_kernel:Matern32': 0.1, '2:features_kernel:Matern32': 15.1, '3:features_kernel:Matern32': 6.1, '4:features_kernel:Matern32': 21.1, '5:features_kernel:Matern32': 29.1, '6:features_kernel:Matern32': 12.1, '7:features_kernel:Matern32': 9.1, '8:features_kernel:Matern32': 7.1, '9:features_kernel:Matern32': 15.1, '10:features_kernel:Matern32': 18.1, '11:features_kernel:Matern32': 12.1, 'alpha': 0.010000000000000002}. Best is trial 23 with value: 0.4771237252753598.
/gpfs_common/share03/ddomlab/sdehgha2/working_space/GP_collab/code_python/training/MGK_and_tools/mgktools/mgktools/kernels/base.py:225: UserWarning: The distribution is specified by [0.1, 30] and step=1, but the range is not divisible by `step`. It will be replaced with [0.1, 29.1].
  self.unique_name: trial.suggest_float(
[I 2026-04-21 14:34:48,220] Trial 27 finished with value: 0.4797714724490634 and parameters: {'0:atom_AtomicNumber:kDelta': 1.0, '0:atom_AtomicNumber_list_1:kConv': 0.9, '0:atom_AtomicNumber_list_2:kConv': 0.8, '0:atom_AtomicNumber_list_3:kConv': 0.75, '0:atom_AtomicNumber_list_4:kConv': 0.8, '0:atom_MorganHash:kDelta': 0.9, '0:atom_Ring_count:kDelta': 0.8, '0:atom_RingSize_list:kConv': 0.8, '0:atom_Hcount:kDelta': 0.9, '0:atom_AtomicNumber_count_1:kDelta': 0.9, '0:atom_AtomicNumber_count_2:kDelta': 0.95, '0:atom_Chiral:kDelta': 0.8, '0:bond_Order:kDelta': 0.8, '0:bond_Stereo:kDelta': 0.8, '0:bond_RingStereo:kDelta': 0.95, '0:q:q': 0.4, '1:features_kernel:Matern32': 0.1, '2:features_kernel:Matern32': 13.1, '3:features_kernel:Matern32': 5.1, '4:features_kernel:Matern32': 20.1, '5:features_kernel:Matern32': 29.1, '6:features_kernel:Matern32': 13.1, '7:features_kernel:Matern32': 9.1, '8:features_kernel:Matern32': 10.1, '9:features_kernel:Matern32': 15.1, '10:features_kernel:Matern32': 10.1, '11:features_kernel:Matern32': 13.1, 'alpha': 0.009000000000000001}. Best is trial 23 with value: 0.4771237252753598.
/gpfs_common/share03/ddomlab/sdehgha2/working_space/GP_collab/code_python/training/MGK_and_tools/mgktools/mgktools/kernels/base.py:225: UserWarning: The distribution is specified by [0.1, 30] and step=1, but the range is not divisible by `step`. It will be replaced with [0.1, 29.1].
  self.unique_name: trial.suggest_float(
[I 2026-04-21 14:34:51,603] Trial 28 finished with value: 0.4888964541321058 and parameters: {'0:atom_AtomicNumber:kDelta': 1.0, '0:atom_AtomicNumber_list_1:kConv': 0.95, '0:atom_AtomicNumber_list_2:kConv': 0.85, '0:atom_AtomicNumber_list_3:kConv': 0.75, '0:atom_AtomicNumber_list_4:kConv': 0.75, '0:atom_MorganHash:kDelta': 0.9, '0:atom_Ring_count:kDelta': 0.75, '0:atom_RingSize_list:kConv': 0.75, '0:atom_Hcount:kDelta': 0.85, '0:atom_AtomicNumber_count_1:kDelta': 0.85, '0:atom_AtomicNumber_count_2:kDelta': 1.0, '0:atom_Chiral:kDelta': 0.85, '0:bond_Order:kDelta': 0.75, '0:bond_Stereo:kDelta': 0.8, '0:bond_RingStereo:kDelta': 0.85, '0:q:q': 0.45, '1:features_kernel:Matern32': 2.1, '2:features_kernel:Matern32': 14.1, '3:features_kernel:Matern32': 11.1, '4:features_kernel:Matern32': 13.1, '5:features_kernel:Matern32': 26.1, '6:features_kernel:Matern32': 11.1, '7:features_kernel:Matern32': 7.1, '8:features_kernel:Matern32': 14.1, '9:features_kernel:Matern32': 13.1, '10:features_kernel:Matern32': 21.1, '11:features_kernel:Matern32': 11.1, 'alpha': 0.010000000000000002}. Best is trial 23 with value: 0.4771237252753598.
/gpfs_common/share03/ddomlab/sdehgha2/working_space/GP_collab/code_python/training/MGK_and_tools/mgktools/mgktools/kernels/base.py:225: UserWarning: The distribution is specified by [0.1, 30] and step=1, but the range is not divisible by `step`. It will be replaced with [0.1, 29.1].
  self.unique_name: trial.suggest_float(
[I 2026-04-21 14:34:55,241] Trial 29 finished with value: 0.47981275893788367 and parameters: {'0:atom_AtomicNumber:kDelta': 1.0, '0:atom_AtomicNumber_list_1:kConv': 0.9, '0:atom_AtomicNumber_list_2:kConv': 0.8, '0:atom_AtomicNumber_list_3:kConv': 0.85, '0:atom_AtomicNumber_list_4:kConv': 0.8, '0:atom_MorganHash:kDelta': 0.85, '0:atom_Ring_count:kDelta': 0.8, '0:atom_RingSize_list:kConv': 0.85, '0:atom_Hcount:kDelta': 0.9, '0:atom_AtomicNumber_count_1:kDelta': 0.9, '0:atom_AtomicNumber_count_2:kDelta': 0.9, '0:atom_Chiral:kDelta': 0.9, '0:bond_Order:kDelta': 0.85, '0:bond_Stereo:kDelta': 0.75, '0:bond_RingStereo:kDelta': 0.9, '0:q:q': 0.37, '1:features_kernel:Matern32': 5.1, '2:features_kernel:Matern32': 27.1, '3:features_kernel:Matern32': 5.1, '4:features_kernel:Matern32': 22.1, '5:features_kernel:Matern32': 27.1, '6:features_kernel:Matern32': 9.1, '7:features_kernel:Matern32': 4.1, '8:features_kernel:Matern32': 9.1, '9:features_kernel:Matern32': 15.1, '10:features_kernel:Matern32': 18.1, '11:features_kernel:Matern32': 15.1, 'alpha': 0.002}. Best is trial 23 with value: 0.4771237252753598.
/gpfs_common/share03/ddomlab/sdehgha2/working_space/GP_collab/code_python/training/MGK_and_tools/mgktools/mgktools/kernels/base.py:225: UserWarning: The distribution is specified by [0.1, 30] and step=1, but the range is not divisible by `step`. It will be replaced with [0.1, 29.1].
  self.unique_name: trial.suggest_float(
[I 2026-04-21 14:34:58,686] Trial 30 finished with value: 0.4921081680304262 and parameters: {'0:atom_AtomicNumber:kDelta': 1.0, '0:atom_AtomicNumber_list_1:kConv': 0.95, '0:atom_AtomicNumber_list_2:kConv': 0.9, '0:atom_AtomicNumber_list_3:kConv': 0.75, '0:atom_AtomicNumber_list_4:kConv': 0.75, '0:atom_MorganHash:kDelta': 0.9, '0:atom_Ring_count:kDelta': 0.75, '0:atom_RingSize_list:kConv': 0.75, '0:atom_Hcount:kDelta': 0.85, '0:atom_AtomicNumber_count_1:kDelta': 0.9, '0:atom_AtomicNumber_count_2:kDelta': 0.85, '0:atom_Chiral:kDelta': 0.8, '0:bond_Order:kDelta': 0.75, '0:bond_Stereo:kDelta': 0.9, '0:bond_RingStereo:kDelta': 0.95, '0:q:q': 0.48000000000000004, '1:features_kernel:Matern32': 0.1, '2:features_kernel:Matern32': 11.1, '3:features_kernel:Matern32': 7.1, '4:features_kernel:Matern32': 24.1, '5:features_kernel:Matern32': 21.1, '6:features_kernel:Matern32': 22.1, '7:features_kernel:Matern32': 8.1, '8:features_kernel:Matern32': 6.1, '9:features_kernel:Matern32': 21.1, '10:features_kernel:Matern32': 6.1, '11:features_kernel:Matern32': 10.1, 'alpha': 0.030000000000000002}. Best is trial 23 with value: 0.4771237252753598.
/gpfs_common/share03/ddomlab/sdehgha2/working_space/GP_collab/code_python/training/MGK_and_tools/mgktools/mgktools/kernels/base.py:225: UserWarning: The distribution is specified by [0.1, 30] and step=1, but the range is not divisible by `step`. It will be replaced with [0.1, 29.1].
  self.unique_name: trial.suggest_float(
[I 2026-04-21 14:35:02,429] Trial 31 finished with value: 0.47989572023240257 and parameters: {'0:atom_AtomicNumber:kDelta': 1.0, '0:atom_AtomicNumber_list_1:kConv': 0.9, '0:atom_AtomicNumber_list_2:kConv': 0.8, '0:atom_AtomicNumber_list_3:kConv': 0.85, '0:atom_AtomicNumber_list_4:kConv': 0.85, '0:atom_MorganHash:kDelta': 0.85, '0:atom_Ring_count:kDelta': 0.8, '0:atom_RingSize_list:kConv': 0.8, '0:atom_Hcount:kDelta': 0.85, '0:atom_AtomicNumber_count_1:kDelta': 0.85, '0:atom_AtomicNumber_count_2:kDelta': 1.0, '0:atom_Chiral:kDelta': 0.95, '0:bond_Order:kDelta': 0.8, '0:bond_Stereo:kDelta': 0.9, '0:bond_RingStereo:kDelta': 0.9, '0:q:q': 0.27, '1:features_kernel:Matern32': 16.1, '2:features_kernel:Matern32': 22.1, '3:features_kernel:Matern32': 4.1, '4:features_kernel:Matern32': 18.1, '5:features_kernel:Matern32': 29.1, '6:features_kernel:Matern32': 14.1, '7:features_kernel:Matern32': 11.1, '8:features_kernel:Matern32': 12.1, '9:features_kernel:Matern32': 23.1, '10:features_kernel:Matern32': 21.1, '11:features_kernel:Matern32': 14.1, 'alpha': 0.014000000000000002}. Best is trial 23 with value: 0.4771237252753598.
/gpfs_common/share03/ddomlab/sdehgha2/working_space/GP_collab/code_python/training/MGK_and_tools/mgktools/mgktools/kernels/base.py:225: UserWarning: The distribution is specified by [0.1, 30] and step=1, but the range is not divisible by `step`. It will be replaced with [0.1, 29.1].
  self.unique_name: trial.suggest_float(
[I 2026-04-21 14:35:06,084] Trial 32 finished with value: 0.47935539524045323 and parameters: {'0:atom_AtomicNumber:kDelta': 1.0, '0:atom_AtomicNumber_list_1:kConv': 0.9, '0:atom_AtomicNumber_list_2:kConv': 0.8, '0:atom_AtomicNumber_list_3:kConv': 0.75, '0:atom_AtomicNumber_list_4:kConv': 0.8, '0:atom_MorganHash:kDelta': 0.9, '0:atom_Ring_count:kDelta': 0.8, '0:atom_RingSize_list:kConv': 0.8, '0:atom_Hcount:kDelta': 0.9, '0:atom_AtomicNumber_count_1:kDelta': 0.95, '0:atom_AtomicNumber_count_2:kDelta': 0.95, '0:atom_Chiral:kDelta': 0.8, '0:bond_Order:kDelta': 0.8, '0:bond_Stereo:kDelta': 0.8, '0:bond_RingStereo:kDelta': 0.95, '0:q:q': 0.4, '1:features_kernel:Matern32': 0.1, '2:features_kernel:Matern32': 13.1, '3:features_kernel:Matern32': 7.1, '4:features_kernel:Matern32': 20.1, '5:features_kernel:Matern32': 29.1, '6:features_kernel:Matern32': 12.1, '7:features_kernel:Matern32': 10.1, '8:features_kernel:Matern32': 10.1, '9:features_kernel:Matern32': 16.1, '10:features_kernel:Matern32': 11.1, '11:features_kernel:Matern32': 13.1, 'alpha': 0.007}. Best is trial 23 with value: 0.4771237252753598.
/gpfs_common/share03/ddomlab/sdehgha2/working_space/GP_collab/code_python/training/MGK_and_tools/mgktools/mgktools/kernels/base.py:225: UserWarning: The distribution is specified by [0.1, 30] and step=1, but the range is not divisible by `step`. It will be replaced with [0.1, 29.1].
  self.unique_name: trial.suggest_float(
[I 2026-04-21 14:35:09,484] Trial 33 finished with value: 0.48175906953817094 and parameters: {'0:atom_AtomicNumber:kDelta': 1.0, '0:atom_AtomicNumber_list_1:kConv': 0.95, '0:atom_AtomicNumber_list_2:kConv': 0.85, '0:atom_AtomicNumber_list_3:kConv': 0.75, '0:atom_AtomicNumber_list_4:kConv': 0.8, '0:atom_MorganHash:kDelta': 0.9, '0:atom_Ring_count:kDelta': 0.8, '0:atom_RingSize_list:kConv': 0.75, '0:atom_Hcount:kDelta': 0.9, '0:atom_AtomicNumber_count_1:kDelta': 0.95, '0:atom_AtomicNumber_count_2:kDelta': 0.95, '0:atom_Chiral:kDelta': 0.8, '0:bond_Order:kDelta': 0.75, '0:bond_Stereo:kDelta': 0.8, '0:bond_RingStereo:kDelta': 0.95, '0:q:q': 0.46, '1:features_kernel:Matern32': 3.1, '2:features_kernel:Matern32': 9.1, '3:features_kernel:Matern32': 7.1, '4:features_kernel:Matern32': 25.1, '5:features_kernel:Matern32': 26.1, '6:features_kernel:Matern32': 11.1, '7:features_kernel:Matern32': 3.1, '8:features_kernel:Matern32': 14.1, '9:features_kernel:Matern32': 11.1, '10:features_kernel:Matern32': 13.1, '11:features_kernel:Matern32': 16.1, 'alpha': 0.002}. Best is trial 23 with value: 0.4771237252753598.
/gpfs_common/share03/ddomlab/sdehgha2/working_space/GP_collab/code_python/training/MGK_and_tools/mgktools/mgktools/kernels/base.py:225: UserWarning: The distribution is specified by [0.1, 30] and step=1, but the range is not divisible by `step`. It will be replaced with [0.1, 29.1].
  self.unique_name: trial.suggest_float(
[I 2026-04-21 14:35:13,202] Trial 34 finished with value: 0.482763417386582 and parameters: {'0:atom_AtomicNumber:kDelta': 0.95, '0:atom_AtomicNumber_list_1:kConv': 0.9, '0:atom_AtomicNumber_list_2:kConv': 0.8, '0:atom_AtomicNumber_list_3:kConv': 0.75, '0:atom_AtomicNumber_list_4:kConv': 0.8, '0:atom_MorganHash:kDelta': 0.95, '0:atom_Ring_count:kDelta': 0.75, '0:atom_RingSize_list:kConv': 0.8, '0:atom_Hcount:kDelta': 0.9, '0:atom_AtomicNumber_count_1:kDelta': 0.85, '0:atom_AtomicNumber_count_2:kDelta': 1.0, '0:atom_Chiral:kDelta': 0.85, '0:bond_Order:kDelta': 0.75, '0:bond_Stereo:kDelta': 0.85, '0:bond_RingStereo:kDelta': 0.95, '0:q:q': 0.38, '1:features_kernel:Matern32': 2.1, '2:features_kernel:Matern32': 11.1, '3:features_kernel:Matern32': 29.1, '4:features_kernel:Matern32': 18.1, '5:features_kernel:Matern32': 29.1, '6:features_kernel:Matern32': 20.1, '7:features_kernel:Matern32': 10.1, '8:features_kernel:Matern32': 8.1, '9:features_kernel:Matern32': 19.1, '10:features_kernel:Matern32': 15.1, '11:features_kernel:Matern32': 9.1, 'alpha': 0.021}. Best is trial 23 with value: 0.4771237252753598.
/gpfs_common/share03/ddomlab/sdehgha2/working_space/GP_collab/code_python/training/MGK_and_tools/mgktools/mgktools/kernels/base.py:225: UserWarning: The distribution is specified by [0.1, 30] and step=1, but the range is not divisible by `step`. It will be replaced with [0.1, 29.1].
  self.unique_name: trial.suggest_float(
[I 2026-04-21 14:35:16,683] Trial 35 finished with value: 0.4831432407412549 and parameters: {'0:atom_AtomicNumber:kDelta': 1.0, '0:atom_AtomicNumber_list_1:kConv': 0.95, '0:atom_AtomicNumber_list_2:kConv': 0.8, '0:atom_AtomicNumber_list_3:kConv': 0.8, '0:atom_AtomicNumber_list_4:kConv': 0.75, '0:atom_MorganHash:kDelta': 0.9, '0:atom_Ring_count:kDelta': 0.8, '0:atom_RingSize_list:kConv': 0.75, '0:atom_Hcount:kDelta': 0.95, '0:atom_AtomicNumber_count_1:kDelta': 0.9, '0:atom_AtomicNumber_count_2:kDelta': 1.0, '0:atom_Chiral:kDelta': 0.8, '0:bond_Order:kDelta': 0.8, '0:bond_Stereo:kDelta': 0.8, '0:bond_RingStereo:kDelta': 0.9, '0:q:q': 0.35000000000000003, '1:features_kernel:Matern32': 6.1, '2:features_kernel:Matern32': 4.1, '3:features_kernel:Matern32': 2.1, '4:features_kernel:Matern32': 23.1, '5:features_kernel:Matern32': 26.1, '6:features_kernel:Matern32': 16.1, '7:features_kernel:Matern32': 7.1, '8:features_kernel:Matern32': 3.1, '9:features_kernel:Matern32': 17.1, '10:features_kernel:Matern32': 10.1, '11:features_kernel:Matern32': 13.1, 'alpha': 0.011}. Best is trial 23 with value: 0.4771237252753598.
/gpfs_common/share03/ddomlab/sdehgha2/working_space/GP_collab/code_python/training/MGK_and_tools/mgktools/mgktools/kernels/base.py:225: UserWarning: The distribution is specified by [0.1, 30] and step=1, but the range is not divisible by `step`. It will be replaced with [0.1, 29.1].
  self.unique_name: trial.suggest_float(
[I 2026-04-21 14:35:20,267] Trial 36 finished with value: 0.4802384632326467 and parameters: {'0:atom_AtomicNumber:kDelta': 1.0, '0:atom_AtomicNumber_list_1:kConv': 0.85, '0:atom_AtomicNumber_list_2:kConv': 0.85, '0:atom_AtomicNumber_list_3:kConv': 0.75, '0:atom_AtomicNumber_list_4:kConv': 0.85, '0:atom_MorganHash:kDelta': 0.9, '0:atom_Ring_count:kDelta': 0.75, '0:atom_RingSize_list:kConv': 0.8, '0:atom_Hcount:kDelta': 0.9, '0:atom_AtomicNumber_count_1:kDelta': 0.85, '0:atom_AtomicNumber_count_2:kDelta': 0.95, '0:atom_Chiral:kDelta': 0.85, '0:bond_Order:kDelta': 0.95, '0:bond_Stereo:kDelta': 0.75, '0:bond_RingStereo:kDelta': 0.8, '0:q:q': 0.44, '1:features_kernel:Matern32': 0.1, '2:features_kernel:Matern32': 18.1, '3:features_kernel:Matern32': 9.1, '4:features_kernel:Matern32': 20.1, '5:features_kernel:Matern32': 27.1, '6:features_kernel:Matern32': 6.1, '7:features_kernel:Matern32': 3.1, '8:features_kernel:Matern32': 11.1, '9:features_kernel:Matern32': 20.1, '10:features_kernel:Matern32': 16.1, '11:features_kernel:Matern32': 18.1, 'alpha': 0.007}. Best is trial 23 with value: 0.4771237252753598.
/gpfs_common/share03/ddomlab/sdehgha2/working_space/GP_collab/code_python/training/MGK_and_tools/mgktools/mgktools/kernels/base.py:225: UserWarning: The distribution is specified by [0.1, 30] and step=1, but the range is not divisible by `step`. It will be replaced with [0.1, 29.1].
  self.unique_name: trial.suggest_float(
[I 2026-04-21 14:35:23,669] Trial 37 finished with value: 0.4933287768869274 and parameters: {'0:atom_AtomicNumber:kDelta': 0.95, '0:atom_AtomicNumber_list_1:kConv': 0.8, '0:atom_AtomicNumber_list_2:kConv': 0.75, '0:atom_AtomicNumber_list_3:kConv': 0.8, '0:atom_AtomicNumber_list_4:kConv': 0.8, '0:atom_MorganHash:kDelta': 0.85, '0:atom_Ring_count:kDelta': 0.85, '0:atom_RingSize_list:kConv': 1.0, '0:atom_Hcount:kDelta': 0.85, '0:atom_AtomicNumber_count_1:kDelta': 0.95, '0:atom_AtomicNumber_count_2:kDelta': 1.0, '0:atom_Chiral:kDelta': 1.0, '0:bond_Order:kDelta': 0.75, '0:bond_Stereo:kDelta': 0.85, '0:bond_RingStereo:kDelta': 0.85, '0:q:q': 0.5, '1:features_kernel:Matern32': 3.1, '2:features_kernel:Matern32': 15.1, '3:features_kernel:Matern32': 2.1, '4:features_kernel:Matern32': 14.1, '5:features_kernel:Matern32': 22.1, '6:features_kernel:Matern32': 14.1, '7:features_kernel:Matern32': 18.1, '8:features_kernel:Matern32': 6.1, '9:features_kernel:Matern32': 16.1, '10:features_kernel:Matern32': 12.1, '11:features_kernel:Matern32': 10.1, 'alpha': 0.016}. Best is trial 23 with value: 0.4771237252753598.
/gpfs_common/share03/ddomlab/sdehgha2/working_space/GP_collab/code_python/training/MGK_and_tools/mgktools/mgktools/kernels/base.py:225: UserWarning: The distribution is specified by [0.1, 30] and step=1, but the range is not divisible by `step`. It will be replaced with [0.1, 29.1].
  self.unique_name: trial.suggest_float(
