[I 2026-04-21 14:35:27,297] Trial 38 finished with value: 0.5094654607875901 and parameters: {'0:atom_AtomicNumber:kDelta': 1.0, '0:atom_AtomicNumber_list_1:kConv': 0.9, '0:atom_AtomicNumber_list_2:kConv': 0.8, '0:atom_AtomicNumber_list_3:kConv': 0.85, '0:atom_AtomicNumber_list_4:kConv': 0.75, '0:atom_MorganHash:kDelta': 1.0, '0:atom_Ring_count:kDelta': 0.8, '0:atom_RingSize_list:kConv': 0.75, '0:atom_Hcount:kDelta': 1.0, '0:atom_AtomicNumber_count_1:kDelta': 0.85, '0:atom_AtomicNumber_count_2:kDelta': 0.95, '0:atom_Chiral:kDelta': 0.8, '0:bond_Order:kDelta': 0.8, '0:bond_Stereo:kDelta': 0.8, '0:bond_RingStereo:kDelta': 1.0, '0:q:q': 0.4, '1:features_kernel:Matern32': 2.1, '2:features_kernel:Matern32': 9.1, '3:features_kernel:Matern32': 11.1, '4:features_kernel:Matern32': 17.1, '5:features_kernel:Matern32': 13.1, '6:features_kernel:Matern32': 21.1, '7:features_kernel:Matern32': 5.1, '8:features_kernel:Matern32': 7.1, '9:features_kernel:Matern32': 10.1, '10:features_kernel:Matern32': 4.1, '11:features_kernel:Matern32': 16.1, 'alpha': 0.006}. Best is trial 23 with value: 0.4771237252753598.
/gpfs_common/share03/ddomlab/sdehgha2/working_space/GP_collab/code_python/training/MGK_and_tools/mgktools/mgktools/kernels/base.py:225: UserWarning: The distribution is specified by [0.1, 30] and step=1, but the range is not divisible by `step`. It will be replaced with [0.1, 29.1].
  self.unique_name: trial.suggest_float(
[I 2026-04-21 14:35:30,951] Trial 39 finished with value: 0.4963491538150908 and parameters: {'0:atom_AtomicNumber:kDelta': 0.95, '0:atom_AtomicNumber_list_1:kConv': 0.95, '0:atom_AtomicNumber_list_2:kConv': 0.9, '0:atom_AtomicNumber_list_3:kConv': 0.95, '0:atom_AtomicNumber_list_4:kConv': 0.85, '0:atom_MorganHash:kDelta': 0.95, '0:atom_Ring_count:kDelta': 0.75, '0:atom_RingSize_list:kConv': 0.85, '0:atom_Hcount:kDelta': 0.9, '0:atom_AtomicNumber_count_1:kDelta': 0.95, '0:atom_AtomicNumber_count_2:kDelta': 0.9, '0:atom_Chiral:kDelta': 0.75, '0:bond_Order:kDelta': 0.85, '0:bond_Stereo:kDelta': 0.9, '0:bond_RingStereo:kDelta': 0.95, '0:q:q': 0.34, '1:features_kernel:Matern32': 11.1, '2:features_kernel:Matern32': 6.1, '3:features_kernel:Matern32': 7.1, '4:features_kernel:Matern32': 26.1, '5:features_kernel:Matern32': 25.1, '6:features_kernel:Matern32': 18.1, '7:features_kernel:Matern32': 15.1, '8:features_kernel:Matern32': 19.1, '9:features_kernel:Matern32': 13.1, '10:features_kernel:Matern32': 7.1, '11:features_kernel:Matern32': 5.1, 'alpha': 0.031}. Best is trial 23 with value: 0.4771237252753598.
/gpfs_common/share03/ddomlab/sdehgha2/working_space/GP_collab/code_python/training/MGK_and_tools/mgktools/mgktools/kernels/base.py:225: UserWarning: The distribution is specified by [0.1, 30] and step=1, but the range is not divisible by `step`. It will be replaced with [0.1, 29.1].
  self.unique_name: trial.suggest_float(
[I 2026-04-21 14:35:34,430] Trial 40 finished with value: 0.4838762654372138 and parameters: {'0:atom_AtomicNumber:kDelta': 0.85, '0:atom_AtomicNumber_list_1:kConv': 1.0, '0:atom_AtomicNumber_list_2:kConv': 0.85, '0:atom_AtomicNumber_list_3:kConv': 0.75, '0:atom_AtomicNumber_list_4:kConv': 0.9, '0:atom_MorganHash:kDelta': 0.9, '0:atom_Ring_count:kDelta': 0.8, '0:atom_RingSize_list:kConv': 0.85, '0:atom_Hcount:kDelta': 0.8, '0:atom_AtomicNumber_count_1:kDelta': 1.0, '0:atom_AtomicNumber_count_2:kDelta': 1.0, '0:atom_Chiral:kDelta': 0.85, '0:bond_Order:kDelta': 0.75, '0:bond_Stereo:kDelta': 0.75, '0:bond_RingStereo:kDelta': 0.9, '0:q:q': 0.3, '1:features_kernel:Matern32': 4.1, '2:features_kernel:Matern32': 13.1, '3:features_kernel:Matern32': 1.1, '4:features_kernel:Matern32': 21.1, '5:features_kernel:Matern32': 28.1, '6:features_kernel:Matern32': 0.1, '7:features_kernel:Matern32': 13.1, '8:features_kernel:Matern32': 9.1, '9:features_kernel:Matern32': 18.1, '10:features_kernel:Matern32': 19.1, '11:features_kernel:Matern32': 8.1, 'alpha': 0.026000000000000002}. Best is trial 23 with value: 0.4771237252753598.
/gpfs_common/share03/ddomlab/sdehgha2/working_space/GP_collab/code_python/training/MGK_and_tools/mgktools/mgktools/kernels/base.py:225: UserWarning: The distribution is specified by [0.1, 30] and step=1, but the range is not divisible by `step`. It will be replaced with [0.1, 29.1].
  self.unique_name: trial.suggest_float(
[I 2026-04-21 14:35:38,082] Trial 41 finished with value: 0.5261286750833811 and parameters: {'0:atom_AtomicNumber:kDelta': 1.0, '0:atom_AtomicNumber_list_1:kConv': 0.9, '0:atom_AtomicNumber_list_2:kConv': 0.75, '0:atom_AtomicNumber_list_3:kConv': 1.0, '0:atom_AtomicNumber_list_4:kConv': 0.8, '0:atom_MorganHash:kDelta': 0.95, '0:atom_Ring_count:kDelta': 0.9, '0:atom_RingSize_list:kConv': 0.95, '0:atom_Hcount:kDelta': 0.95, '0:atom_AtomicNumber_count_1:kDelta': 0.85, '0:atom_AtomicNumber_count_2:kDelta': 0.8, '0:atom_Chiral:kDelta': 0.9, '0:bond_Order:kDelta': 0.9, '0:bond_Stereo:kDelta': 0.8, '0:bond_RingStereo:kDelta': 0.8, '0:q:q': 0.39, '1:features_kernel:Matern32': 1.1, '2:features_kernel:Matern32': 23.1, '3:features_kernel:Matern32': 9.1, '4:features_kernel:Matern32': 23.1, '5:features_kernel:Matern32': 8.1, '6:features_kernel:Matern32': 24.1, '7:features_kernel:Matern32': 6.1, '8:features_kernel:Matern32': 13.1, '9:features_kernel:Matern32': 12.1, '10:features_kernel:Matern32': 23.1, '11:features_kernel:Matern32': 12.1, 'alpha': 0.014000000000000002}. Best is trial 23 with value: 0.4771237252753598.
Traceback (most recent call last):
  File "/gpfs_common/share03/ddomlab/sdehgha2/working_space/GP_collab/code_python/training/hpc_submit_training_GP/../train_structure_numerical.py", line 98, in <module>
    main_structural_numerical(
  File "/gpfs_common/share03/ddomlab/sdehgha2/working_space/GP_collab/code_python/training/hpc_submit_training_GP/../train_structure_numerical.py", line 49, in main_structural_numerical
    scores, predictions  =   train_regressor(
                             ^^^^^^^^^^^^^^^^
  File "/gpfs_common/share03/ddomlab/sdehgha2/working_space/GP_collab/code_python/training/training_utils_gp_special.py", line 93, in train_regressor
    scores, predictions = _prepare_data(
                          ^^^^^^^^^^^^^^
  File "/gpfs_common/share03/ddomlab/sdehgha2/working_space/GP_collab/code_python/training/training_utils_gp_special.py", line 194, in _prepare_data
    score,predication = run(
                        ^^^^
  File "/gpfs_common/share03/ddomlab/sdehgha2/working_space/GP_collab/code_python/training/training_utils_gp_special.py", line 298, in run
    model = optimized_models(regressor_type, graph_kernel_config=kernel_parameters, alpha=float(alpha))
                                                                                          ^^^^^^^^^^^^
TypeError: float() argument must be a string or a real number, not 'NoneType'
[Parallel(n_jobs=8)]: Using backend LokyBackend with 8 concurrent workers.
[Parallel(n_jobs=8)]: Done  34 tasks      | elapsed:   22.8s
[Parallel(n_jobs=8)]: Done 256 out of 256 | elapsed:   22.8s finished
[Parallel(n_jobs=4)]: Using backend LokyBackend with 4 concurrent workers.
[Parallel(n_jobs=4)]: Done  22 out of  22 | elapsed:    2.4s finished
[I 2026-04-21 14:59:41,347] Using an existing study with name 'optuna-study' instead of creating a new one.
[I 2026-04-21 15:47:56,883] Using an existing study with name 'optuna-study' instead of creating a new one.
[I 2026-04-21 16:28:26,543] Using an existing study with name 'optuna-study' instead of creating a new one.
Traceback (most recent call last):
  File "/gpfs_common/share03/ddomlab/sdehgha2/working_space/GP_collab/code_python/training/hpc_submit_training_GP/../train_structure_numerical.py", line 98, in <module>
    main_structural_numerical(
  File "/gpfs_common/share03/ddomlab/sdehgha2/working_space/GP_collab/code_python/training/hpc_submit_training_GP/../train_structure_numerical.py", line 49, in main_structural_numerical
    scores, predictions  =   train_regressor(
                             ^^^^^^^^^^^^^^^^
  File "/gpfs_common/share03/ddomlab/sdehgha2/working_space/GP_collab/code_python/training/training_utils_gp_special.py", line 93, in train_regressor
    scores, predictions = _prepare_data(
                          ^^^^^^^^^^^^^^
  File "/gpfs_common/share03/ddomlab/sdehgha2/working_space/GP_collab/code_python/training/training_utils_gp_special.py", line 242, in _prepare_data
    y_frame = pd.DataFrame(y.flatten(),columns=target_features)
                           ^
UnboundLocalError: cannot access local variable 'y' where it is not associated with a value
[Parallel(n_jobs=8)]: Using backend LokyBackend with 8 concurrent workers.
[Parallel(n_jobs=8)]: Done  34 tasks      | elapsed:   21.3s
[Parallel(n_jobs=8)]: Done 256 out of 256 | elapsed:   21.4s finished
[Parallel(n_jobs=4)]: Using backend LokyBackend with 4 concurrent workers.
[Parallel(n_jobs=4)]: Done  22 out of  22 | elapsed:    2.3s finished
[I 2026-04-21 17:12:59,199] Using an existing study with name 'optuna-study' instead of creating a new one.
[I 2026-04-21 17:27:11,436] Using an existing study with name 'optuna-study' instead of creating a new one.
[I 2026-04-21 17:38:22,067] Using an existing study with name 'optuna-study' instead of creating a new one.
