[I 2026-05-03 17:50:49,037] Trial 40 finished with value: 0.545492361391818 and parameters: {'0:atom_AtomicNumber:kDelta': 0.9, '0:atom_AtomicNumber_list_1:kConv': 0.8, '0:atom_AtomicNumber_list_2:kConv': 0.85, '0:atom_AtomicNumber_list_3:kConv': 0.95, '0:atom_AtomicNumber_list_4:kConv': 0.9, '0:atom_MorganHash:kDelta': 0.75, '0:atom_Ring_count:kDelta': 0.9, '0:atom_RingSize_list:kConv': 0.95, '0:atom_Hcount:kDelta': 0.9, '0:atom_AtomicNumber_count_1:kDelta': 0.8, '0:atom_AtomicNumber_count_2:kDelta': 1.0, '0:atom_Chiral:kDelta': 0.95, '0:bond_Order:kDelta': 0.8, '0:bond_Stereo:kDelta': 0.85, '0:bond_RingStereo:kDelta': 1.0, '0:q:q': 0.15000000000000002, '1:features_kernel:Matern32': 7392.1, '2:features_kernel:Matern32': 7894.1, '3:features_kernel:Matern32': 1368.1, '4:features_kernel:Matern32': 6072.1, '5:features_kernel:Matern32': 3816.1, '6:features_kernel:Matern32': 9340.1, '7:features_kernel:Matern32': 2523.1, '8:features_kernel:Matern32': 364.1, '9:features_kernel:Matern32': 4894.1, '10:features_kernel:Matern32': 1265.1, '11:features_kernel:Matern32': 8720.1, 'alpha': 0.044000000000000004}. Best is trial 13 with value: 0.4404566869488341.
/gpfs_common/share03/ddomlab/sdehgha2/working_space/GP_collab/code_python/training/MGK_and_tools/mgktools/mgktools/kernels/base.py:225: UserWarning: The distribution is specified by [0.1, 10000] and step=1, but the range is not divisible by `step`. It will be replaced with [0.1, 9999.1].
  self.unique_name: trial.suggest_float(
[I 2026-05-03 17:50:54,807] Trial 41 finished with value: 0.5429649652029516 and parameters: {'0:atom_AtomicNumber:kDelta': 0.9, '0:atom_AtomicNumber_list_1:kConv': 0.95, '0:atom_AtomicNumber_list_2:kConv': 1.0, '0:atom_AtomicNumber_list_3:kConv': 0.85, '0:atom_AtomicNumber_list_4:kConv': 0.95, '0:atom_MorganHash:kDelta': 0.85, '0:atom_Ring_count:kDelta': 0.85, '0:atom_RingSize_list:kConv': 0.85, '0:atom_Hcount:kDelta': 1.0, '0:atom_AtomicNumber_count_1:kDelta': 0.8, '0:atom_AtomicNumber_count_2:kDelta': 0.85, '0:atom_Chiral:kDelta': 1.0, '0:bond_Order:kDelta': 0.85, '0:bond_Stereo:kDelta': 0.95, '0:bond_RingStereo:kDelta': 0.85, '0:q:q': 0.21000000000000002, '1:features_kernel:Matern32': 8896.1, '2:features_kernel:Matern32': 9418.1, '3:features_kernel:Matern32': 652.1, '4:features_kernel:Matern32': 533.1, '5:features_kernel:Matern32': 529.1, '6:features_kernel:Matern32': 9583.1, '7:features_kernel:Matern32': 620.1, '8:features_kernel:Matern32': 9176.1, '9:features_kernel:Matern32': 2332.1, '10:features_kernel:Matern32': 4322.1, '11:features_kernel:Matern32': 9544.1, 'alpha': 0.060000000000000005}. Best is trial 13 with value: 0.4404566869488341.
