[I 2026-05-03 17:26:51,102] Trial 40 finished with value: 0.5228430382490098 and parameters: {'0:atom_AtomicNumber:kDelta': 0.8, '0:atom_AtomicNumber_list_1:kConv': 0.95, '0:atom_AtomicNumber_list_2:kConv': 0.85, '0:atom_AtomicNumber_list_3:kConv': 1.0, '0:atom_AtomicNumber_list_4:kConv': 1.0, '0:atom_MorganHash:kDelta': 0.95, '0:atom_Ring_count:kDelta': 0.85, '0:atom_RingSize_list:kConv': 0.85, '0:atom_Hcount:kDelta': 0.85, '0:atom_AtomicNumber_count_1:kDelta': 0.85, '0:atom_AtomicNumber_count_2:kDelta': 0.85, '0:atom_Chiral:kDelta': 0.9, '0:bond_Order:kDelta': 0.85, '0:bond_Stereo:kDelta': 0.75, '0:bond_RingStereo:kDelta': 0.75, '0:q:q': 0.01, '1:features_kernel:Matern32': 4306.1, '2:features_kernel:Matern32': 5078.1, '3:features_kernel:Matern32': 3113.1, '4:features_kernel:Matern32': 35.1, '5:features_kernel:Matern32': 708.1, '6:features_kernel:Matern32': 5112.1, '7:features_kernel:Matern32': 3414.1, '8:features_kernel:Matern32': 2923.1, '9:features_kernel:Matern32': 6078.1, '10:features_kernel:Matern32': 792.1, '11:features_kernel:Matern32': 9274.1, 'alpha': 0.017}. Best is trial 24 with value: 0.46241983127438957.
/gpfs_common/share03/ddomlab/sdehgha2/working_space/GP_collab/code_python/training/MGK_and_tools/mgktools/mgktools/kernels/base.py:225: UserWarning: The distribution is specified by [0.1, 10000] and step=1, but the range is not divisible by `step`. It will be replaced with [0.1, 9999.1].
  self.unique_name: trial.suggest_float(
[I 2026-05-03 17:26:56,564] Trial 41 finished with value: 0.5434205823717047 and parameters: {'0:atom_AtomicNumber:kDelta': 0.95, '0:atom_AtomicNumber_list_1:kConv': 0.9, '0:atom_AtomicNumber_list_2:kConv': 0.9, '0:atom_AtomicNumber_list_3:kConv': 1.0, '0:atom_AtomicNumber_list_4:kConv': 0.9, '0:atom_MorganHash:kDelta': 0.85, '0:atom_Ring_count:kDelta': 0.9, '0:atom_RingSize_list:kConv': 0.75, '0:atom_Hcount:kDelta': 0.9, '0:atom_AtomicNumber_count_1:kDelta': 0.85, '0:atom_AtomicNumber_count_2:kDelta': 0.8, '0:atom_Chiral:kDelta': 0.95, '0:bond_Order:kDelta': 0.95, '0:bond_Stereo:kDelta': 0.9, '0:bond_RingStereo:kDelta': 0.85, '0:q:q': 0.3, '1:features_kernel:Matern32': 8352.1, '2:features_kernel:Matern32': 615.1, '3:features_kernel:Matern32': 6256.1, '4:features_kernel:Matern32': 1790.1, '5:features_kernel:Matern32': 331.1, '6:features_kernel:Matern32': 6116.1, '7:features_kernel:Matern32': 1723.1, '8:features_kernel:Matern32': 4624.1, '9:features_kernel:Matern32': 6991.1, '10:features_kernel:Matern32': 7360.1, '11:features_kernel:Matern32': 7215.1, 'alpha': 0.083}. Best is trial 24 with value: 0.46241983127438957.
[I 2026-05-03 17:46:53,569] A new study created in RDB with name: optuna-study
/gpfs_common/share03/ddomlab/sdehgha2/working_space/GP_collab/code_python/training/MGK_and_tools/mgktools/mgktools/kernels/base.py:225: UserWarning: The distribution is specified by [0.1, 10000] and step=1, but the range is not divisible by `step`. It will be replaced with [0.1, 9999.1].
  self.unique_name: trial.suggest_float(
[I 2026-05-03 17:46:59,645] Trial 0 finished with value: 0.5461044982335054 and parameters: {'0:atom_AtomicNumber:kDelta': 0.85, '0:atom_AtomicNumber_list_1:kConv': 1.0, '0:atom_AtomicNumber_list_2:kConv': 0.95, '0:atom_AtomicNumber_list_3:kConv': 0.9, '0:atom_AtomicNumber_list_4:kConv': 0.75, '0:atom_MorganHash:kDelta': 0.75, '0:atom_Ring_count:kDelta': 0.75, '0:atom_RingSize_list:kConv': 1.0, '0:atom_Hcount:kDelta': 0.9, '0:atom_AtomicNumber_count_1:kDelta': 0.95, '0:atom_AtomicNumber_count_2:kDelta': 0.75, '0:atom_Chiral:kDelta': 1.0, '0:bond_Order:kDelta': 0.95, '0:bond_Stereo:kDelta': 0.8, '0:bond_RingStereo:kDelta': 0.8, '0:q:q': 0.09999999999999999, '1:features_kernel:Matern32': 3042.1, '2:features_kernel:Matern32': 5247.1, '3:features_kernel:Matern32': 4319.1, '4:features_kernel:Matern32': 2912.1, '5:features_kernel:Matern32': 6118.1, '6:features_kernel:Matern32': 1394.1, '7:features_kernel:Matern32': 2921.1, '8:features_kernel:Matern32': 3663.1, '9:features_kernel:Matern32': 4560.1, '10:features_kernel:Matern32': 7851.1, '11:features_kernel:Matern32': 1996.1, 'alpha': 0.052000000000000005}. Best is trial 0 with value: 0.5461044982335054.
/gpfs_common/share03/ddomlab/sdehgha2/working_space/GP_collab/code_python/training/MGK_and_tools/mgktools/mgktools/kernels/base.py:225: UserWarning: The distribution is specified by [0.1, 10000] and step=1, but the range is not divisible by `step`. It will be replaced with [0.1, 9999.1].
  self.unique_name: trial.suggest_float(
[I 2026-05-03 17:47:04,462] Trial 1 finished with value: 0.5552551270778692 and parameters: {'0:atom_AtomicNumber:kDelta': 0.9, '0:atom_AtomicNumber_list_1:kConv': 0.75, '0:atom_AtomicNumber_list_2:kConv': 0.9, '0:atom_AtomicNumber_list_3:kConv': 0.8, '0:atom_AtomicNumber_list_4:kConv': 0.75, '0:atom_MorganHash:kDelta': 1.0, '0:atom_Ring_count:kDelta': 1.0, '0:atom_RingSize_list:kConv': 0.95, '0:atom_Hcount:kDelta': 0.8, '0:atom_AtomicNumber_count_1:kDelta': 0.75, '0:atom_AtomicNumber_count_2:kDelta': 0.95, '0:atom_Chiral:kDelta': 0.85, '0:bond_Order:kDelta': 0.75, '0:bond_Stereo:kDelta': 0.85, '0:bond_RingStereo:kDelta': 0.75, '0:q:q': 0.46, '1:features_kernel:Matern32': 2587.1, '2:features_kernel:Matern32': 6625.1, '3:features_kernel:Matern32': 3117.1, '4:features_kernel:Matern32': 5200.1, '5:features_kernel:Matern32': 5467.1, '6:features_kernel:Matern32': 1848.1, '7:features_kernel:Matern32': 9695.1, '8:features_kernel:Matern32': 7751.1, '9:features_kernel:Matern32': 9394.1, '10:features_kernel:Matern32': 8948.1, '11:features_kernel:Matern32': 5978.1, 'alpha': 0.093}. Best is trial 0 with value: 0.5461044982335054.
/gpfs_common/share03/ddomlab/sdehgha2/working_space/GP_collab/code_python/training/MGK_and_tools/mgktools/mgktools/kernels/base.py:225: UserWarning: The distribution is specified by [0.1, 10000] and step=1, but the range is not divisible by `step`. It will be replaced with [0.1, 9999.1].
  self.unique_name: trial.suggest_float(
[I 2026-05-03 17:47:10,449] Trial 2 finished with value: 0.5403170678834316 and parameters: {'0:atom_AtomicNumber:kDelta': 0.75, '0:atom_AtomicNumber_list_1:kConv': 0.8, '0:atom_AtomicNumber_list_2:kConv': 0.75, '0:atom_AtomicNumber_list_3:kConv': 0.8, '0:atom_AtomicNumber_list_4:kConv': 0.85, '0:atom_MorganHash:kDelta': 0.8, '0:atom_Ring_count:kDelta': 0.95, '0:atom_RingSize_list:kConv': 0.85, '0:atom_Hcount:kDelta': 0.8, '0:atom_AtomicNumber_count_1:kDelta': 0.9, '0:atom_AtomicNumber_count_2:kDelta': 0.75, '0:atom_Chiral:kDelta': 0.95, '0:bond_Order:kDelta': 0.75, '0:bond_Stereo:kDelta': 1.0, '0:bond_RingStereo:kDelta': 0.95, '0:q:q': 0.09999999999999999, '1:features_kernel:Matern32': 55.1, '2:features_kernel:Matern32': 8154.1, '3:features_kernel:Matern32': 7068.1, '4:features_kernel:Matern32': 7290.1, '5:features_kernel:Matern32': 7712.1, '6:features_kernel:Matern32': 740.1, '7:features_kernel:Matern32': 3584.1, '8:features_kernel:Matern32': 1158.1, '9:features_kernel:Matern32': 8631.1, '10:features_kernel:Matern32': 6232.1, '11:features_kernel:Matern32': 3308.1, 'alpha': 0.007}. Best is trial 2 with value: 0.5403170678834316.
/gpfs_common/share03/ddomlab/sdehgha2/working_space/GP_collab/code_python/training/MGK_and_tools/mgktools/mgktools/kernels/base.py:225: UserWarning: The distribution is specified by [0.1, 10000] and step=1, but the range is not divisible by `step`. It will be replaced with [0.1, 9999.1].
  self.unique_name: trial.suggest_float(
[I 2026-05-03 17:47:17,438] Trial 3 finished with value: 0.5440959857196341 and parameters: {'0:atom_AtomicNumber:kDelta': 0.8, '0:atom_AtomicNumber_list_1:kConv': 0.8, '0:atom_AtomicNumber_list_2:kConv': 0.95, '0:atom_AtomicNumber_list_3:kConv': 0.9, '0:atom_AtomicNumber_list_4:kConv': 1.0, '0:atom_MorganHash:kDelta': 0.85, '0:atom_Ring_count:kDelta': 0.75, '0:atom_RingSize_list:kConv': 0.95, '0:atom_Hcount:kDelta': 0.95, '0:atom_AtomicNumber_count_1:kDelta': 0.9, '0:atom_AtomicNumber_count_2:kDelta': 0.95, '0:atom_Chiral:kDelta': 0.85, '0:bond_Order:kDelta': 0.9, '0:bond_Stereo:kDelta': 0.85, '0:bond_RingStereo:kDelta': 0.75, '0:q:q': 0.060000000000000005, '1:features_kernel:Matern32': 314.1, '2:features_kernel:Matern32': 6364.1, '3:features_kernel:Matern32': 3143.1, '4:features_kernel:Matern32': 5085.1, '5:features_kernel:Matern32': 9075.1, '6:features_kernel:Matern32': 2492.1, '7:features_kernel:Matern32': 4103.1, '8:features_kernel:Matern32': 7555.1, '9:features_kernel:Matern32': 2287.1, '10:features_kernel:Matern32': 769.1, '11:features_kernel:Matern32': 2897.1, 'alpha': 0.017}. Best is trial 2 with value: 0.5403170678834316.
/gpfs_common/share03/ddomlab/sdehgha2/working_space/GP_collab/code_python/training/MGK_and_tools/mgktools/mgktools/kernels/base.py:225: UserWarning: The distribution is specified by [0.1, 10000] and step=1, but the range is not divisible by `step`. It will be replaced with [0.1, 9999.1].
  self.unique_name: trial.suggest_float(
[I 2026-05-03 17:47:22,232] Trial 4 finished with value: 0.545880544365101 and parameters: {'0:atom_AtomicNumber:kDelta': 1.0, '0:atom_AtomicNumber_list_1:kConv': 0.95, '0:atom_AtomicNumber_list_2:kConv': 0.9, '0:atom_AtomicNumber_list_3:kConv': 1.0, '0:atom_AtomicNumber_list_4:kConv': 0.95, '0:atom_MorganHash:kDelta': 0.8, '0:atom_Ring_count:kDelta': 1.0, '0:atom_RingSize_list:kConv': 0.9, '0:atom_Hcount:kDelta': 0.95, '0:atom_AtomicNumber_count_1:kDelta': 1.0, '0:atom_AtomicNumber_count_2:kDelta': 0.8, '0:atom_Chiral:kDelta': 0.75, '0:bond_Order:kDelta': 0.8, '0:bond_Stereo:kDelta': 0.85, '0:bond_RingStereo:kDelta': 0.95, '0:q:q': 0.44, '1:features_kernel:Matern32': 69.1, '2:features_kernel:Matern32': 5107.1, '3:features_kernel:Matern32': 4174.1, '4:features_kernel:Matern32': 2221.1, '5:features_kernel:Matern32': 1198.1, '6:features_kernel:Matern32': 3376.1, '7:features_kernel:Matern32': 9429.1, '8:features_kernel:Matern32': 3232.1, '9:features_kernel:Matern32': 5187.1, '10:features_kernel:Matern32': 7030.1, '11:features_kernel:Matern32': 3636.1, 'alpha': 0.098}. Best is trial 2 with value: 0.5403170678834316.
/gpfs_common/share03/ddomlab/sdehgha2/working_space/GP_collab/code_python/training/MGK_and_tools/mgktools/mgktools/kernels/base.py:225: UserWarning: The distribution is specified by [0.1, 10000] and step=1, but the range is not divisible by `step`. It will be replaced with [0.1, 9999.1].
  self.unique_name: trial.suggest_float(
[I 2026-05-03 17:47:28,137] Trial 5 finished with value: 0.5451343872960391 and parameters: {'0:atom_AtomicNumber:kDelta': 1.0, '0:atom_AtomicNumber_list_1:kConv': 0.8, '0:atom_AtomicNumber_list_2:kConv': 0.85, '0:atom_AtomicNumber_list_3:kConv': 0.8, '0:atom_AtomicNumber_list_4:kConv': 0.8, '0:atom_MorganHash:kDelta': 0.75, '0:atom_Ring_count:kDelta': 0.9, '0:atom_RingSize_list:kConv': 0.9, '0:atom_Hcount:kDelta': 0.75, '0:atom_AtomicNumber_count_1:kDelta': 0.8, '0:atom_AtomicNumber_count_2:kDelta': 1.0, '0:atom_Chiral:kDelta': 0.8, '0:bond_Order:kDelta': 0.75, '0:bond_Stereo:kDelta': 0.85, '0:bond_RingStereo:kDelta': 1.0, '0:q:q': 0.13, '1:features_kernel:Matern32': 6721.1, '2:features_kernel:Matern32': 7616.1, '3:features_kernel:Matern32': 2376.1, '4:features_kernel:Matern32': 7282.1, '5:features_kernel:Matern32': 3677.1, '6:features_kernel:Matern32': 6323.1, '7:features_kernel:Matern32': 6335.1, '8:features_kernel:Matern32': 5357.1, '9:features_kernel:Matern32': 902.1, '10:features_kernel:Matern32': 8353.1, '11:features_kernel:Matern32': 3207.1, 'alpha': 0.019000000000000003}. Best is trial 2 with value: 0.5403170678834316.
/gpfs_common/share03/ddomlab/sdehgha2/working_space/GP_collab/code_python/training/MGK_and_tools/mgktools/mgktools/kernels/base.py:225: UserWarning: The distribution is specified by [0.1, 10000] and step=1, but the range is not divisible by `step`. It will be replaced with [0.1, 9999.1].
  self.unique_name: trial.suggest_float(
[I 2026-05-03 17:47:33,173] Trial 6 finished with value: 0.5458942244962971 and parameters: {'0:atom_AtomicNumber:kDelta': 0.75, '0:atom_AtomicNumber_list_1:kConv': 0.9, '0:atom_AtomicNumber_list_2:kConv': 0.95, '0:atom_AtomicNumber_list_3:kConv': 0.75, '0:atom_AtomicNumber_list_4:kConv': 0.9, '0:atom_MorganHash:kDelta': 0.8, '0:atom_Ring_count:kDelta': 0.9, '0:atom_RingSize_list:kConv': 0.8, '0:atom_Hcount:kDelta': 0.95, '0:atom_AtomicNumber_count_1:kDelta': 0.85, '0:atom_AtomicNumber_count_2:kDelta': 1.0, '0:atom_Chiral:kDelta': 0.75, '0:bond_Order:kDelta': 0.85, '0:bond_Stereo:kDelta': 0.75, '0:bond_RingStereo:kDelta': 1.0, '0:q:q': 0.44, '1:features_kernel:Matern32': 2579.1, '2:features_kernel:Matern32': 6599.1, '3:features_kernel:Matern32': 8172.1, '4:features_kernel:Matern32': 5552.1, '5:features_kernel:Matern32': 5296.1, '6:features_kernel:Matern32': 2418.1, '7:features_kernel:Matern32': 931.1, '8:features_kernel:Matern32': 8972.1, '9:features_kernel:Matern32': 9004.1, '10:features_kernel:Matern32': 6331.1, '11:features_kernel:Matern32': 3390.1, 'alpha': 0.035}. Best is trial 2 with value: 0.5403170678834316.
/gpfs_common/share03/ddomlab/sdehgha2/working_space/GP_collab/code_python/training/MGK_and_tools/mgktools/mgktools/kernels/base.py:225: UserWarning: The distribution is specified by [0.1, 10000] and step=1, but the range is not divisible by `step`. It will be replaced with [0.1, 9999.1].
  self.unique_name: trial.suggest_float(
[I 2026-05-03 17:47:38,038] Trial 7 finished with value: 0.5470142601724279 and parameters: {'0:atom_AtomicNumber:kDelta': 0.95, '0:atom_AtomicNumber_list_1:kConv': 1.0, '0:atom_AtomicNumber_list_2:kConv': 1.0, '0:atom_AtomicNumber_list_3:kConv': 0.95, '0:atom_AtomicNumber_list_4:kConv': 0.9, '0:atom_MorganHash:kDelta': 0.75, '0:atom_Ring_count:kDelta': 0.75, '0:atom_RingSize_list:kConv': 1.0, '0:atom_Hcount:kDelta': 0.9, '0:atom_AtomicNumber_count_1:kDelta': 0.75, '0:atom_AtomicNumber_count_2:kDelta': 0.75, '0:atom_Chiral:kDelta': 0.9, '0:bond_Order:kDelta': 0.75, '0:bond_Stereo:kDelta': 0.75, '0:bond_RingStereo:kDelta': 0.9, '0:q:q': 0.35000000000000003, '1:features_kernel:Matern32': 6519.1, '2:features_kernel:Matern32': 2242.1, '3:features_kernel:Matern32': 7121.1, '4:features_kernel:Matern32': 2372.1, '5:features_kernel:Matern32': 3253.1, '6:features_kernel:Matern32': 7464.1, '7:features_kernel:Matern32': 6496.1, '8:features_kernel:Matern32': 8492.1, '9:features_kernel:Matern32': 6576.1, '10:features_kernel:Matern32': 5683.1, '11:features_kernel:Matern32': 936.1, 'alpha': 0.037000000000000005}. Best is trial 2 with value: 0.5403170678834316.
/gpfs_common/share03/ddomlab/sdehgha2/working_space/GP_collab/code_python/training/MGK_and_tools/mgktools/mgktools/kernels/base.py:225: UserWarning: The distribution is specified by [0.1, 10000] and step=1, but the range is not divisible by `step`. It will be replaced with [0.1, 9999.1].
  self.unique_name: trial.suggest_float(
[I 2026-05-03 17:47:44,496] Trial 8 finished with value: 0.525757548647501 and parameters: {'0:atom_AtomicNumber:kDelta': 0.8, '0:atom_AtomicNumber_list_1:kConv': 0.8, '0:atom_AtomicNumber_list_2:kConv': 1.0, '0:atom_AtomicNumber_list_3:kConv': 0.85, '0:atom_AtomicNumber_list_4:kConv': 1.0, '0:atom_MorganHash:kDelta': 0.9, '0:atom_Ring_count:kDelta': 0.95, '0:atom_RingSize_list:kConv': 0.9, '0:atom_Hcount:kDelta': 0.9, '0:atom_AtomicNumber_count_1:kDelta': 0.85, '0:atom_AtomicNumber_count_2:kDelta': 0.8, '0:atom_Chiral:kDelta': 0.95, '0:bond_Order:kDelta': 0.8, '0:bond_Stereo:kDelta': 0.75, '0:bond_RingStereo:kDelta': 0.9, '0:q:q': 0.09, '1:features_kernel:Matern32': 9404.1, '2:features_kernel:Matern32': 9539.1, '3:features_kernel:Matern32': 9148.1, '4:features_kernel:Matern32': 3701.1, '5:features_kernel:Matern32': 154.1, '6:features_kernel:Matern32': 9283.1, '7:features_kernel:Matern32': 4281.1, '8:features_kernel:Matern32': 9666.1, '9:features_kernel:Matern32': 9636.1, '10:features_kernel:Matern32': 8530.1, '11:features_kernel:Matern32': 2944.1, 'alpha': 0.039}. Best is trial 8 with value: 0.525757548647501.
/gpfs_common/share03/ddomlab/sdehgha2/working_space/GP_collab/code_python/training/MGK_and_tools/mgktools/mgktools/kernels/base.py:225: UserWarning: The distribution is specified by [0.1, 10000] and step=1, but the range is not divisible by `step`. It will be replaced with [0.1, 9999.1].
  self.unique_name: trial.suggest_float(
[I 2026-05-03 17:47:49,544] Trial 9 finished with value: 0.5481544327246671 and parameters: {'0:atom_AtomicNumber:kDelta': 1.0, '0:atom_AtomicNumber_list_1:kConv': 0.8, '0:atom_AtomicNumber_list_2:kConv': 0.8, '0:atom_AtomicNumber_list_3:kConv': 0.9, '0:atom_AtomicNumber_list_4:kConv': 1.0, '0:atom_MorganHash:kDelta': 0.95, '0:atom_Ring_count:kDelta': 0.9, '0:atom_RingSize_list:kConv': 0.75, '0:atom_Hcount:kDelta': 0.9, '0:atom_AtomicNumber_count_1:kDelta': 1.0, '0:atom_AtomicNumber_count_2:kDelta': 0.75, '0:atom_Chiral:kDelta': 0.9, '0:bond_Order:kDelta': 1.0, '0:bond_Stereo:kDelta': 0.95, '0:bond_RingStereo:kDelta': 0.95, '0:q:q': 0.36000000000000004, '1:features_kernel:Matern32': 3594.1, '2:features_kernel:Matern32': 2935.1, '3:features_kernel:Matern32': 8093.1, '4:features_kernel:Matern32': 8101.1, '5:features_kernel:Matern32': 8670.1, '6:features_kernel:Matern32': 9132.1, '7:features_kernel:Matern32': 5113.1, '8:features_kernel:Matern32': 5015.1, '9:features_kernel:Matern32': 7982.1, '10:features_kernel:Matern32': 6499.1, '11:features_kernel:Matern32': 7019.1, 'alpha': 0.08}. Best is trial 8 with value: 0.525757548647501.
/gpfs_common/share03/ddomlab/sdehgha2/working_space/GP_collab/code_python/training/MGK_and_tools/mgktools/mgktools/kernels/base.py:225: UserWarning: The distribution is specified by [0.1, 10000] and step=1, but the range is not divisible by `step`. It will be replaced with [0.1, 9999.1].
  self.unique_name: trial.suggest_float(
[I 2026-05-03 17:47:55,468] Trial 10 finished with value: 0.5391684289580797 and parameters: {'0:atom_AtomicNumber:kDelta': 0.85, '0:atom_AtomicNumber_list_1:kConv': 0.9, '0:atom_AtomicNumber_list_2:kConv': 1.0, '0:atom_AtomicNumber_list_3:kConv': 0.85, '0:atom_AtomicNumber_list_4:kConv': 0.95, '0:atom_MorganHash:kDelta': 0.9, '0:atom_Ring_count:kDelta': 0.85, '0:atom_RingSize_list:kConv': 0.85, '0:atom_Hcount:kDelta': 1.0, '0:atom_AtomicNumber_count_1:kDelta': 0.85, '0:atom_AtomicNumber_count_2:kDelta': 0.85, '0:atom_Chiral:kDelta': 1.0, '0:bond_Order:kDelta': 0.85, '0:bond_Stereo:kDelta': 0.95, '0:bond_RingStereo:kDelta': 0.85, '0:q:q': 0.2, '1:features_kernel:Matern32': 9835.1, '2:features_kernel:Matern32': 9981.1, '3:features_kernel:Matern32': 286.1, '4:features_kernel:Matern32': 139.1, '5:features_kernel:Matern32': 819.1, '6:features_kernel:Matern32': 9987.1, '7:features_kernel:Matern32': 813.1, '8:features_kernel:Matern32': 6526.1, '9:features_kernel:Matern32': 3476.1, '10:features_kernel:Matern32': 3874.1, '11:features_kernel:Matern32': 9328.1, 'alpha': 0.065}. Best is trial 8 with value: 0.525757548647501.
/gpfs_common/share03/ddomlab/sdehgha2/working_space/GP_collab/code_python/training/MGK_and_tools/mgktools/mgktools/kernels/base.py:225: UserWarning: The distribution is specified by [0.1, 10000] and step=1, but the range is not divisible by `step`. It will be replaced with [0.1, 9999.1].
  self.unique_name: trial.suggest_float(
[I 2026-05-03 17:48:01,347] Trial 11 finished with value: 0.5182099779955783 and parameters: {'0:atom_AtomicNumber:kDelta': 0.85, '0:atom_AtomicNumber_list_1:kConv': 0.9, '0:atom_AtomicNumber_list_2:kConv': 1.0, '0:atom_AtomicNumber_list_3:kConv': 0.85, '0:atom_AtomicNumber_list_4:kConv': 0.95, '0:atom_MorganHash:kDelta': 0.9, '0:atom_Ring_count:kDelta': 0.85, '0:atom_RingSize_list:kConv': 0.85, '0:atom_Hcount:kDelta': 1.0, '0:atom_AtomicNumber_count_1:kDelta': 0.85, '0:atom_AtomicNumber_count_2:kDelta': 0.85, '0:atom_Chiral:kDelta': 1.0, '0:bond_Order:kDelta': 0.85, '0:bond_Stereo:kDelta': 0.95, '0:bond_RingStereo:kDelta': 0.85, '0:q:q': 0.21000000000000002, '1:features_kernel:Matern32': 9424.1, '2:features_kernel:Matern32': 9861.1, '3:features_kernel:Matern32': 685.1, '4:features_kernel:Matern32': 35.1, '5:features_kernel:Matern32': 109.1, '6:features_kernel:Matern32': 9737.1, '7:features_kernel:Matern32': 601.1, '8:features_kernel:Matern32': 9794.1, '9:features_kernel:Matern32': 3062.1, '10:features_kernel:Matern32': 2980.1, '11:features_kernel:Matern32': 9356.1, 'alpha': 0.064}. Best is trial 11 with value: 0.5182099779955783.
/gpfs_common/share03/ddomlab/sdehgha2/working_space/GP_collab/code_python/training/MGK_and_tools/mgktools/mgktools/kernels/base.py:225: UserWarning: The distribution is specified by [0.1, 10000] and step=1, but the range is not divisible by `step`. It will be replaced with [0.1, 9999.1].
  self.unique_name: trial.suggest_float(
