[I 2026-05-03 17:24:23,698] Trial 12 finished with value: 0.5419775287693549 and parameters: {'0:atom_AtomicNumber:kDelta': 0.85, '0:atom_AtomicNumber_list_1:kConv': 0.85, '0:atom_AtomicNumber_list_2:kConv': 0.9, '0:atom_AtomicNumber_list_3:kConv': 0.95, '0:atom_AtomicNumber_list_4:kConv': 0.95, '0:atom_MorganHash:kDelta': 0.9, '0:atom_Ring_count:kDelta': 0.9, '0:atom_RingSize_list:kConv': 0.9, '0:atom_Hcount:kDelta': 0.9, '0:atom_AtomicNumber_count_1:kDelta': 0.95, '0:atom_AtomicNumber_count_2:kDelta': 0.75, '0:atom_Chiral:kDelta': 0.8, '0:bond_Order:kDelta': 0.95, '0:bond_Stereo:kDelta': 0.85, '0:bond_RingStereo:kDelta': 0.8, '0:q:q': 0.48000000000000004, '1:features_kernel:Matern32': 281.1, '2:features_kernel:Matern32': 6488.1, '3:features_kernel:Matern32': 8006.1, '4:features_kernel:Matern32': 4452.1, '5:features_kernel:Matern32': 3962.1, '6:features_kernel:Matern32': 6803.1, '7:features_kernel:Matern32': 3952.1, '8:features_kernel:Matern32': 8147.1, '9:features_kernel:Matern32': 211.1, '10:features_kernel:Matern32': 127.1, '11:features_kernel:Matern32': 5565.1, 'alpha': 0.035}. Best is trial 8 with value: 0.5358395254443831.
/gpfs_common/share03/ddomlab/sdehgha2/working_space/GP_collab/code_python/training/MGK_and_tools/mgktools/mgktools/kernels/base.py:225: UserWarning: The distribution is specified by [0.1, 10000] and step=1, but the range is not divisible by `step`. It will be replaced with [0.1, 9999.1].
  self.unique_name: trial.suggest_float(
[I 2026-05-03 17:24:28,643] Trial 13 finished with value: 0.5431550768273777 and parameters: {'0:atom_AtomicNumber:kDelta': 0.85, '0:atom_AtomicNumber_list_1:kConv': 0.85, '0:atom_AtomicNumber_list_2:kConv': 0.9, '0:atom_AtomicNumber_list_3:kConv': 0.95, '0:atom_AtomicNumber_list_4:kConv': 0.95, '0:atom_MorganHash:kDelta': 0.95, '0:atom_Ring_count:kDelta': 0.8, '0:atom_RingSize_list:kConv': 0.85, '0:atom_Hcount:kDelta': 0.95, '0:atom_AtomicNumber_count_1:kDelta': 0.85, '0:atom_AtomicNumber_count_2:kDelta': 0.85, '0:atom_Chiral:kDelta': 0.85, '0:bond_Order:kDelta': 0.95, '0:bond_Stereo:kDelta': 0.85, '0:bond_RingStereo:kDelta': 0.8, '0:q:q': 0.49, '1:features_kernel:Matern32': 43.1, '2:features_kernel:Matern32': 6832.1, '3:features_kernel:Matern32': 7850.1, '4:features_kernel:Matern32': 7227.1, '5:features_kernel:Matern32': 3607.1, '6:features_kernel:Matern32': 6929.1, '7:features_kernel:Matern32': 8253.1, '8:features_kernel:Matern32': 7069.1, '9:features_kernel:Matern32': 4250.1, '10:features_kernel:Matern32': 2425.1, '11:features_kernel:Matern32': 2989.1, 'alpha': 0.033}. Best is trial 8 with value: 0.5358395254443831.
/gpfs_common/share03/ddomlab/sdehgha2/working_space/GP_collab/code_python/training/MGK_and_tools/mgktools/mgktools/kernels/base.py:225: UserWarning: The distribution is specified by [0.1, 10000] and step=1, but the range is not divisible by `step`. It will be replaced with [0.1, 9999.1].
  self.unique_name: trial.suggest_float(
[I 2026-05-03 17:24:33,363] Trial 14 finished with value: 0.5446342946641736 and parameters: {'0:atom_AtomicNumber:kDelta': 0.85, '0:atom_AtomicNumber_list_1:kConv': 1.0, '0:atom_AtomicNumber_list_2:kConv': 0.75, '0:atom_AtomicNumber_list_3:kConv': 0.8, '0:atom_AtomicNumber_list_4:kConv': 0.85, '0:atom_MorganHash:kDelta': 0.9, '0:atom_Ring_count:kDelta': 0.95, '0:atom_RingSize_list:kConv': 0.9, '0:atom_Hcount:kDelta': 0.8, '0:atom_AtomicNumber_count_1:kDelta': 0.95, '0:atom_AtomicNumber_count_2:kDelta': 0.95, '0:atom_Chiral:kDelta': 0.75, '0:bond_Order:kDelta': 0.95, '0:bond_Stereo:kDelta': 0.75, '0:bond_RingStereo:kDelta': 0.8, '0:q:q': 0.5, '1:features_kernel:Matern32': 6483.1, '2:features_kernel:Matern32': 7271.1, '3:features_kernel:Matern32': 9889.1, '4:features_kernel:Matern32': 4976.1, '5:features_kernel:Matern32': 3183.1, '6:features_kernel:Matern32': 8800.1, '7:features_kernel:Matern32': 253.1, '8:features_kernel:Matern32': 7924.1, '9:features_kernel:Matern32': 57.1, '10:features_kernel:Matern32': 5747.1, '11:features_kernel:Matern32': 4730.1, 'alpha': 0.038}. Best is trial 8 with value: 0.5358395254443831.
/gpfs_common/share03/ddomlab/sdehgha2/working_space/GP_collab/code_python/training/MGK_and_tools/mgktools/mgktools/kernels/base.py:225: UserWarning: The distribution is specified by [0.1, 10000] and step=1, but the range is not divisible by `step`. It will be replaced with [0.1, 9999.1].
  self.unique_name: trial.suggest_float(
[I 2026-05-03 17:24:38,524] Trial 15 finished with value: 0.5140308075803464 and parameters: {'0:atom_AtomicNumber:kDelta': 0.8, '0:atom_AtomicNumber_list_1:kConv': 0.9, '0:atom_AtomicNumber_list_2:kConv': 0.85, '0:atom_AtomicNumber_list_3:kConv': 0.95, '0:atom_AtomicNumber_list_4:kConv': 0.95, '0:atom_MorganHash:kDelta': 1.0, '0:atom_Ring_count:kDelta': 0.85, '0:atom_RingSize_list:kConv': 0.9, '0:atom_Hcount:kDelta': 0.95, '0:atom_AtomicNumber_count_1:kDelta': 0.85, '0:atom_AtomicNumber_count_2:kDelta': 0.8, '0:atom_Chiral:kDelta': 0.9, '0:bond_Order:kDelta': 0.95, '0:bond_Stereo:kDelta': 0.8, '0:bond_RingStereo:kDelta': 0.8, '0:q:q': 0.42000000000000004, '1:features_kernel:Matern32': 6164.1, '2:features_kernel:Matern32': 5491.1, '3:features_kernel:Matern32': 7188.1, '4:features_kernel:Matern32': 2239.1, '5:features_kernel:Matern32': 257.1, '6:features_kernel:Matern32': 6108.1, '7:features_kernel:Matern32': 4663.1, '8:features_kernel:Matern32': 4209.1, '9:features_kernel:Matern32': 3962.1, '10:features_kernel:Matern32': 2050.1, '11:features_kernel:Matern32': 5617.1, 'alpha': 0.002}. Best is trial 15 with value: 0.5140308075803464.
/gpfs_common/share03/ddomlab/sdehgha2/working_space/GP_collab/code_python/training/MGK_and_tools/mgktools/mgktools/kernels/base.py:225: UserWarning: The distribution is specified by [0.1, 10000] and step=1, but the range is not divisible by `step`. It will be replaced with [0.1, 9999.1].
  self.unique_name: trial.suggest_float(
[I 2026-05-03 17:24:43,485] Trial 16 finished with value: 0.4837279078850221 and parameters: {'0:atom_AtomicNumber:kDelta': 0.8, '0:atom_AtomicNumber_list_1:kConv': 0.9, '0:atom_AtomicNumber_list_2:kConv': 0.85, '0:atom_AtomicNumber_list_3:kConv': 0.8, '0:atom_AtomicNumber_list_4:kConv': 0.9, '0:atom_MorganHash:kDelta': 1.0, '0:atom_Ring_count:kDelta': 0.85, '0:atom_RingSize_list:kConv': 0.8, '0:atom_Hcount:kDelta': 1.0, '0:atom_AtomicNumber_count_1:kDelta': 0.85, '0:atom_AtomicNumber_count_2:kDelta': 0.8, '0:atom_Chiral:kDelta': 0.9, '0:bond_Order:kDelta': 0.85, '0:bond_Stereo:kDelta': 0.8, '0:bond_RingStereo:kDelta': 0.75, '0:q:q': 0.4, '1:features_kernel:Matern32': 5881.1, '2:features_kernel:Matern32': 5307.1, '3:features_kernel:Matern32': 6769.1, '4:features_kernel:Matern32': 70.1, '5:features_kernel:Matern32': 112.1, '6:features_kernel:Matern32': 5783.1, '7:features_kernel:Matern32': 4769.1, '8:features_kernel:Matern32': 3532.1, '9:features_kernel:Matern32': 6069.1, '10:features_kernel:Matern32': 2126.1, '11:features_kernel:Matern32': 2279.1, 'alpha': 0.001}. Best is trial 16 with value: 0.4837279078850221.
/gpfs_common/share03/ddomlab/sdehgha2/working_space/GP_collab/code_python/training/MGK_and_tools/mgktools/mgktools/kernels/base.py:225: UserWarning: The distribution is specified by [0.1, 10000] and step=1, but the range is not divisible by `step`. It will be replaced with [0.1, 9999.1].
  self.unique_name: trial.suggest_float(
[I 2026-05-03 17:24:48,657] Trial 17 finished with value: 0.48613246597620857 and parameters: {'0:atom_AtomicNumber:kDelta': 0.8, '0:atom_AtomicNumber_list_1:kConv': 0.9, '0:atom_AtomicNumber_list_2:kConv': 0.85, '0:atom_AtomicNumber_list_3:kConv': 0.95, '0:atom_AtomicNumber_list_4:kConv': 0.9, '0:atom_MorganHash:kDelta': 1.0, '0:atom_Ring_count:kDelta': 0.85, '0:atom_RingSize_list:kConv': 0.8, '0:atom_Hcount:kDelta': 1.0, '0:atom_AtomicNumber_count_1:kDelta': 0.85, '0:atom_AtomicNumber_count_2:kDelta': 0.8, '0:atom_Chiral:kDelta': 0.9, '0:bond_Order:kDelta': 0.85, '0:bond_Stereo:kDelta': 0.75, '0:bond_RingStereo:kDelta': 0.75, '0:q:q': 0.41000000000000003, '1:features_kernel:Matern32': 8747.1, '2:features_kernel:Matern32': 5695.1, '3:features_kernel:Matern32': 6544.1, '4:features_kernel:Matern32': 67.1, '5:features_kernel:Matern32': 52.1, '6:features_kernel:Matern32': 5454.1, '7:features_kernel:Matern32': 4637.1, '8:features_kernel:Matern32': 3558.1, '9:features_kernel:Matern32': 6130.1, '10:features_kernel:Matern32': 3729.1, '11:features_kernel:Matern32': 8775.1, 'alpha': 0.002}. Best is trial 16 with value: 0.4837279078850221.
/gpfs_common/share03/ddomlab/sdehgha2/working_space/GP_collab/code_python/training/MGK_and_tools/mgktools/mgktools/kernels/base.py:225: UserWarning: The distribution is specified by [0.1, 10000] and step=1, but the range is not divisible by `step`. It will be replaced with [0.1, 9999.1].
  self.unique_name: trial.suggest_float(
[I 2026-05-03 17:24:54,413] Trial 18 finished with value: 0.5328340165964534 and parameters: {'0:atom_AtomicNumber:kDelta': 0.8, '0:atom_AtomicNumber_list_1:kConv': 0.9, '0:atom_AtomicNumber_list_2:kConv': 0.85, '0:atom_AtomicNumber_list_3:kConv': 0.8, '0:atom_AtomicNumber_list_4:kConv': 0.85, '0:atom_MorganHash:kDelta': 1.0, '0:atom_Ring_count:kDelta': 0.85, '0:atom_RingSize_list:kConv': 0.8, '0:atom_Hcount:kDelta': 1.0, '0:atom_AtomicNumber_count_1:kDelta': 0.9, '0:atom_AtomicNumber_count_2:kDelta': 0.8, '0:atom_Chiral:kDelta': 0.9, '0:bond_Order:kDelta': 0.85, '0:bond_Stereo:kDelta': 0.75, '0:bond_RingStereo:kDelta': 0.75, '0:q:q': 0.22, '1:features_kernel:Matern32': 8638.1, '2:features_kernel:Matern32': 5708.1, '3:features_kernel:Matern32': 4442.1, '4:features_kernel:Matern32': 206.1, '5:features_kernel:Matern32': 2316.1, '6:features_kernel:Matern32': 3862.1, '7:features_kernel:Matern32': 4772.1, '8:features_kernel:Matern32': 30.1, '9:features_kernel:Matern32': 6514.1, '10:features_kernel:Matern32': 3900.1, '11:features_kernel:Matern32': 9885.1, 'alpha': 0.004}. Best is trial 16 with value: 0.4837279078850221.
/gpfs_common/share03/ddomlab/sdehgha2/working_space/GP_collab/code_python/training/MGK_and_tools/mgktools/mgktools/kernels/base.py:225: UserWarning: The distribution is specified by [0.1, 10000] and step=1, but the range is not divisible by `step`. It will be replaced with [0.1, 9999.1].
  self.unique_name: trial.suggest_float(
[I 2026-05-03 17:25:00,030] Trial 19 finished with value: 0.5255682870154892 and parameters: {'0:atom_AtomicNumber:kDelta': 0.9, '0:atom_AtomicNumber_list_1:kConv': 0.85, '0:atom_AtomicNumber_list_2:kConv': 0.9, '0:atom_AtomicNumber_list_3:kConv': 0.9, '0:atom_AtomicNumber_list_4:kConv': 0.9, '0:atom_MorganHash:kDelta': 1.0, '0:atom_Ring_count:kDelta': 0.95, '0:atom_RingSize_list:kConv': 0.8, '0:atom_Hcount:kDelta': 1.0, '0:atom_AtomicNumber_count_1:kDelta': 0.8, '0:atom_AtomicNumber_count_2:kDelta': 0.85, '0:atom_Chiral:kDelta': 0.9, '0:bond_Order:kDelta': 0.8, '0:bond_Stereo:kDelta': 0.75, '0:bond_RingStereo:kDelta': 0.75, '0:q:q': 0.3, '1:features_kernel:Matern32': 7697.1, '2:features_kernel:Matern32': 4400.1, '3:features_kernel:Matern32': 6162.1, '4:features_kernel:Matern32': 27.1, '5:features_kernel:Matern32': 5390.1, '6:features_kernel:Matern32': 5419.1, '7:features_kernel:Matern32': 6715.1, '8:features_kernel:Matern32': 3287.1, '9:features_kernel:Matern32': 6527.1, '10:features_kernel:Matern32': 5697.1, '11:features_kernel:Matern32': 8404.1, 'alpha': 0.022000000000000002}. Best is trial 16 with value: 0.4837279078850221.
/gpfs_common/share03/ddomlab/sdehgha2/working_space/GP_collab/code_python/training/MGK_and_tools/mgktools/mgktools/kernels/base.py:225: UserWarning: The distribution is specified by [0.1, 10000] and step=1, but the range is not divisible by `step`. It will be replaced with [0.1, 9999.1].
  self.unique_name: trial.suggest_float(
[I 2026-05-03 17:25:05,297] Trial 20 finished with value: 0.5441299961964845 and parameters: {'0:atom_AtomicNumber:kDelta': 0.75, '0:atom_AtomicNumber_list_1:kConv': 0.75, '0:atom_AtomicNumber_list_2:kConv': 1.0, '0:atom_AtomicNumber_list_3:kConv': 0.85, '0:atom_AtomicNumber_list_4:kConv': 0.8, '0:atom_MorganHash:kDelta': 1.0, '0:atom_Ring_count:kDelta': 0.9, '0:atom_RingSize_list:kConv': 0.8, '0:atom_Hcount:kDelta': 0.95, '0:atom_AtomicNumber_count_1:kDelta': 0.85, '0:atom_AtomicNumber_count_2:kDelta': 0.8, '0:atom_Chiral:kDelta': 1.0, '0:bond_Order:kDelta': 0.85, '0:bond_Stereo:kDelta': 0.8, '0:bond_RingStereo:kDelta': 0.85, '0:q:q': 0.38, '1:features_kernel:Matern32': 9989.1, '2:features_kernel:Matern32': 178.1, '3:features_kernel:Matern32': 4918.1, '4:features_kernel:Matern32': 1462.1, '5:features_kernel:Matern32': 322.1, '6:features_kernel:Matern32': 8228.1, '7:features_kernel:Matern32': 2284.1, '8:features_kernel:Matern32': 3933.1, '9:features_kernel:Matern32': 8029.1, '10:features_kernel:Matern32': 3098.1, '11:features_kernel:Matern32': 3340.1, 'alpha': 0.049}. Best is trial 16 with value: 0.4837279078850221.
/gpfs_common/share03/ddomlab/sdehgha2/working_space/GP_collab/code_python/training/MGK_and_tools/mgktools/mgktools/kernels/base.py:225: UserWarning: The distribution is specified by [0.1, 10000] and step=1, but the range is not divisible by `step`. It will be replaced with [0.1, 9999.1].
  self.unique_name: trial.suggest_float(
[I 2026-05-03 17:25:10,234] Trial 21 finished with value: 0.5234936550361609 and parameters: {'0:atom_AtomicNumber:kDelta': 0.8, '0:atom_AtomicNumber_list_1:kConv': 0.9, '0:atom_AtomicNumber_list_2:kConv': 0.85, '0:atom_AtomicNumber_list_3:kConv': 0.95, '0:atom_AtomicNumber_list_4:kConv': 0.9, '0:atom_MorganHash:kDelta': 1.0, '0:atom_Ring_count:kDelta': 0.85, '0:atom_RingSize_list:kConv': 0.9, '0:atom_Hcount:kDelta': 1.0, '0:atom_AtomicNumber_count_1:kDelta': 0.85, '0:atom_AtomicNumber_count_2:kDelta': 0.8, '0:atom_Chiral:kDelta': 0.9, '0:bond_Order:kDelta': 0.85, '0:bond_Stereo:kDelta': 0.8, '0:bond_RingStereo:kDelta': 0.75, '0:q:q': 0.42000000000000004, '1:features_kernel:Matern32': 5985.1, '2:features_kernel:Matern32': 5483.1, '3:features_kernel:Matern32': 6856.1, '4:features_kernel:Matern32': 2062.1, '5:features_kernel:Matern32': 392.1, '6:features_kernel:Matern32': 5769.1, '7:features_kernel:Matern32': 4626.1, '8:features_kernel:Matern32': 4178.1, '9:features_kernel:Matern32': 4846.1, '10:features_kernel:Matern32': 2143.1, '11:features_kernel:Matern32': 7975.1, 'alpha': 0.004}. Best is trial 16 with value: 0.4837279078850221.
/gpfs_common/share03/ddomlab/sdehgha2/working_space/GP_collab/code_python/training/MGK_and_tools/mgktools/mgktools/kernels/base.py:225: UserWarning: The distribution is specified by [0.1, 10000] and step=1, but the range is not divisible by `step`. It will be replaced with [0.1, 9999.1].
  self.unique_name: trial.suggest_float(
[I 2026-05-03 17:25:15,288] Trial 22 finished with value: 0.5431931560330494 and parameters: {'0:atom_AtomicNumber:kDelta': 0.85, '0:atom_AtomicNumber_list_1:kConv': 0.9, '0:atom_AtomicNumber_list_2:kConv': 0.85, '0:atom_AtomicNumber_list_3:kConv': 0.95, '0:atom_AtomicNumber_list_4:kConv': 0.9, '0:atom_MorganHash:kDelta': 0.95, '0:atom_Ring_count:kDelta': 0.85, '0:atom_RingSize_list:kConv': 0.85, '0:atom_Hcount:kDelta': 0.95, '0:atom_AtomicNumber_count_1:kDelta': 0.85, '0:atom_AtomicNumber_count_2:kDelta': 0.75, '0:atom_Chiral:kDelta': 0.9, '0:bond_Order:kDelta': 0.9, '0:bond_Stereo:kDelta': 0.75, '0:bond_RingStereo:kDelta': 0.75, '0:q:q': 0.46, '1:features_kernel:Matern32': 8098.1, '2:features_kernel:Matern32': 5801.1, '3:features_kernel:Matern32': 6735.1, '4:features_kernel:Matern32': 952.1, '5:features_kernel:Matern32': 2287.1, '6:features_kernel:Matern32': 5873.1, '7:features_kernel:Matern32': 4179.1, '8:features_kernel:Matern32': 4020.1, '9:features_kernel:Matern32': 5826.1, '10:features_kernel:Matern32': 4533.1, '11:features_kernel:Matern32': 5173.1, 'alpha': 0.011}. Best is trial 16 with value: 0.4837279078850221.
/gpfs_common/share03/ddomlab/sdehgha2/working_space/GP_collab/code_python/training/MGK_and_tools/mgktools/mgktools/kernels/base.py:225: UserWarning: The distribution is specified by [0.1, 10000] and step=1, but the range is not divisible by `step`. It will be replaced with [0.1, 9999.1].
  self.unique_name: trial.suggest_float(
[I 2026-05-03 17:25:20,485] Trial 23 finished with value: 0.5202202499532325 and parameters: {'0:atom_AtomicNumber:kDelta': 0.8, '0:atom_AtomicNumber_list_1:kConv': 0.95, '0:atom_AtomicNumber_list_2:kConv': 0.8, '0:atom_AtomicNumber_list_3:kConv': 0.9, '0:atom_AtomicNumber_list_4:kConv': 0.85, '0:atom_MorganHash:kDelta': 1.0, '0:atom_Ring_count:kDelta': 0.8, '0:atom_RingSize_list:kConv': 0.9, '0:atom_Hcount:kDelta': 1.0, '0:atom_AtomicNumber_count_1:kDelta': 0.9, '0:atom_AtomicNumber_count_2:kDelta': 0.85, '0:atom_Chiral:kDelta': 0.95, '0:bond_Order:kDelta': 0.8, '0:bond_Stereo:kDelta': 0.85, '0:bond_RingStereo:kDelta': 0.8, '0:q:q': 0.44, '1:features_kernel:Matern32': 5761.1, '2:features_kernel:Matern32': 7592.1, '3:features_kernel:Matern32': 7278.1, '4:features_kernel:Matern32': 2101.1, '5:features_kernel:Matern32': 767.1, '6:features_kernel:Matern32': 3584.1, '7:features_kernel:Matern32': 5574.1, '8:features_kernel:Matern32': 3109.1, '9:features_kernel:Matern32': 3764.1, '10:features_kernel:Matern32': 3045.1, '11:features_kernel:Matern32': 8898.1, 'alpha': 0.001}. Best is trial 16 with value: 0.4837279078850221.
/gpfs_common/share03/ddomlab/sdehgha2/working_space/GP_collab/code_python/training/MGK_and_tools/mgktools/mgktools/kernels/base.py:225: UserWarning: The distribution is specified by [0.1, 10000] and step=1, but the range is not divisible by `step`. It will be replaced with [0.1, 9999.1].
  self.unique_name: trial.suggest_float(
[I 2026-05-03 17:25:25,402] Trial 24 finished with value: 0.46241983127438957 and parameters: {'0:atom_AtomicNumber:kDelta': 0.85, '0:atom_AtomicNumber_list_1:kConv': 0.9, '0:atom_AtomicNumber_list_2:kConv': 0.85, '0:atom_AtomicNumber_list_3:kConv': 0.95, '0:atom_AtomicNumber_list_4:kConv': 0.95, '0:atom_MorganHash:kDelta': 0.8, '0:atom_Ring_count:kDelta': 0.85, '0:atom_RingSize_list:kConv': 0.85, '0:atom_Hcount:kDelta': 0.95, '0:atom_AtomicNumber_count_1:kDelta': 0.8, '0:atom_AtomicNumber_count_2:kDelta': 0.8, '0:atom_Chiral:kDelta': 0.9, '0:bond_Order:kDelta': 0.95, '0:bond_Stereo:kDelta': 0.8, '0:bond_RingStereo:kDelta': 0.75, '0:q:q': 0.38, '1:features_kernel:Matern32': 9910.1, '2:features_kernel:Matern32': 2510.1, '3:features_kernel:Matern32': 6071.1, '4:features_kernel:Matern32': 239.1, '5:features_kernel:Matern32': 5.1, '6:features_kernel:Matern32': 7603.1, '7:features_kernel:Matern32': 5224.1, '8:features_kernel:Matern32': 6214.1, '9:features_kernel:Matern32': 7975.1, '10:features_kernel:Matern32': 5451.1, '11:features_kernel:Matern32': 6452.1, 'alpha': 0.023}. Best is trial 24 with value: 0.46241983127438957.
/gpfs_common/share03/ddomlab/sdehgha2/working_space/GP_collab/code_python/training/MGK_and_tools/mgktools/mgktools/kernels/base.py:225: UserWarning: The distribution is specified by [0.1, 10000] and step=1, but the range is not divisible by `step`. It will be replaced with [0.1, 9999.1].
  self.unique_name: trial.suggest_float(
[I 2026-05-03 17:25:30,562] Trial 25 finished with value: 0.5448653062327837 and parameters: {'0:atom_AtomicNumber:kDelta': 0.85, '0:atom_AtomicNumber_list_1:kConv': 0.85, '0:atom_AtomicNumber_list_2:kConv': 0.9, '0:atom_AtomicNumber_list_3:kConv': 1.0, '0:atom_AtomicNumber_list_4:kConv': 0.9, '0:atom_MorganHash:kDelta': 0.8, '0:atom_Ring_count:kDelta': 0.9, '0:atom_RingSize_list:kConv': 0.8, '0:atom_Hcount:kDelta': 1.0, '0:atom_AtomicNumber_count_1:kDelta': 0.8, '0:atom_AtomicNumber_count_2:kDelta': 0.75, '0:atom_Chiral:kDelta': 0.85, '0:bond_Order:kDelta': 0.85, '0:bond_Stereo:kDelta': 0.9, '0:bond_RingStereo:kDelta': 0.75, '0:q:q': 0.37, '1:features_kernel:Matern32': 9934.1, '2:features_kernel:Matern32': 1764.1, '3:features_kernel:Matern32': 3673.1, '4:features_kernel:Matern32': 416.1, '5:features_kernel:Matern32': 2710.1, '6:features_kernel:Matern32': 8194.1, '7:features_kernel:Matern32': 7743.1, '8:features_kernel:Matern32': 6748.1, '9:features_kernel:Matern32': 8240.1, '10:features_kernel:Matern32': 6114.1, '11:features_kernel:Matern32': 6932.1, 'alpha': 0.062}. Best is trial 24 with value: 0.46241983127438957.
/gpfs_common/share03/ddomlab/sdehgha2/working_space/GP_collab/code_python/training/MGK_and_tools/mgktools/mgktools/kernels/base.py:225: UserWarning: The distribution is specified by [0.1, 10000] and step=1, but the range is not divisible by `step`. It will be replaced with [0.1, 9999.1].
  self.unique_name: trial.suggest_float(
