[I 2026-05-03 16:57:04,799] Trial 12 finished with value: 0.4952206020973195 and parameters: {'0:atom_AtomicNumber:kDelta': 0.8, '0:atom_AtomicNumber_list_1:kConv': 0.95, '0:atom_AtomicNumber_list_2:kConv': 0.85, '0:atom_AtomicNumber_list_3:kConv': 0.95, '0:atom_AtomicNumber_list_4:kConv': 0.85, '0:atom_MorganHash:kDelta': 0.85, '0:atom_Ring_count:kDelta': 0.95, '0:atom_RingSize_list:kConv': 0.9, '0:atom_Hcount:kDelta': 0.75, '0:atom_AtomicNumber_count_1:kDelta': 0.95, '0:atom_AtomicNumber_count_2:kDelta': 0.8, '0:atom_Chiral:kDelta': 0.75, '0:bond_Order:kDelta': 0.85, '0:bond_Stereo:kDelta': 0.85, '0:bond_RingStereo:kDelta': 0.95, '0:q:q': 0.23, '1:features_kernel:Matern32': 9768.1, '2:features_kernel:Matern32': 8355.1, '3:features_kernel:Matern32': 7587.1, '4:features_kernel:Matern32': 7346.1, '5:features_kernel:Matern32': 7227.1, '6:features_kernel:Matern32': 5102.1, '7:features_kernel:Matern32': 9911.1, '8:features_kernel:Matern32': 9613.1, '9:features_kernel:Matern32': 8398.1, '10:features_kernel:Matern32': 9316.1, '11:features_kernel:Matern32': 4.1, 'alpha': 0.02}. Best is trial 12 with value: 0.4952206020973195.
/gpfs_common/share03/ddomlab/sdehgha2/working_space/GP_collab/code_python/training/MGK_and_tools/mgktools/mgktools/kernels/base.py:225: UserWarning: The distribution is specified by [0.1, 10000] and step=1, but the range is not divisible by `step`. It will be replaced with [0.1, 9999.1].
  self.unique_name: trial.suggest_float(
[I 2026-05-03 16:57:09,884] Trial 13 finished with value: 0.5296496422408744 and parameters: {'0:atom_AtomicNumber:kDelta': 0.8, '0:atom_AtomicNumber_list_1:kConv': 1.0, '0:atom_AtomicNumber_list_2:kConv': 0.8, '0:atom_AtomicNumber_list_3:kConv': 1.0, '0:atom_AtomicNumber_list_4:kConv': 0.85, '0:atom_MorganHash:kDelta': 0.85, '0:atom_Ring_count:kDelta': 0.85, '0:atom_RingSize_list:kConv': 0.8, '0:atom_Hcount:kDelta': 0.75, '0:atom_AtomicNumber_count_1:kDelta': 1.0, '0:atom_AtomicNumber_count_2:kDelta': 0.95, '0:atom_Chiral:kDelta': 0.75, '0:bond_Order:kDelta': 0.8, '0:bond_Stereo:kDelta': 0.85, '0:bond_RingStereo:kDelta': 0.95, '0:q:q': 0.34, '1:features_kernel:Matern32': 5977.1, '2:features_kernel:Matern32': 9491.1, '3:features_kernel:Matern32': 8244.1, '4:features_kernel:Matern32': 8800.1, '5:features_kernel:Matern32': 7109.1, '6:features_kernel:Matern32': 5494.1, '7:features_kernel:Matern32': 9662.1, '8:features_kernel:Matern32': 8598.1, '9:features_kernel:Matern32': 8678.1, '10:features_kernel:Matern32': 2973.1, '11:features_kernel:Matern32': 25.1, 'alpha': 0.007}. Best is trial 12 with value: 0.4952206020973195.
/gpfs_common/share03/ddomlab/sdehgha2/working_space/GP_collab/code_python/training/MGK_and_tools/mgktools/mgktools/kernels/base.py:225: UserWarning: The distribution is specified by [0.1, 10000] and step=1, but the range is not divisible by `step`. It will be replaced with [0.1, 9999.1].
  self.unique_name: trial.suggest_float(
[I 2026-05-03 16:57:15,194] Trial 14 finished with value: 0.5438548248288386 and parameters: {'0:atom_AtomicNumber:kDelta': 0.9, '0:atom_AtomicNumber_list_1:kConv': 1.0, '0:atom_AtomicNumber_list_2:kConv': 0.8, '0:atom_AtomicNumber_list_3:kConv': 0.95, '0:atom_AtomicNumber_list_4:kConv': 0.85, '0:atom_MorganHash:kDelta': 0.85, '0:atom_Ring_count:kDelta': 0.85, '0:atom_RingSize_list:kConv': 0.75, '0:atom_Hcount:kDelta': 0.75, '0:atom_AtomicNumber_count_1:kDelta': 0.95, '0:atom_AtomicNumber_count_2:kDelta': 1.0, '0:atom_Chiral:kDelta': 0.75, '0:bond_Order:kDelta': 0.75, '0:bond_Stereo:kDelta': 0.85, '0:bond_RingStereo:kDelta': 0.95, '0:q:q': 0.37, '1:features_kernel:Matern32': 3155.1, '2:features_kernel:Matern32': 9631.1, '3:features_kernel:Matern32': 9973.1, '4:features_kernel:Matern32': 9961.1, '5:features_kernel:Matern32': 6791.1, '6:features_kernel:Matern32': 5652.1, '7:features_kernel:Matern32': 9718.1, '8:features_kernel:Matern32': 9936.1, '9:features_kernel:Matern32': 8543.1, '10:features_kernel:Matern32': 7436.1, '11:features_kernel:Matern32': 4160.1, 'alpha': 0.001}. Best is trial 12 with value: 0.4952206020973195.
/gpfs_common/share03/ddomlab/sdehgha2/working_space/GP_collab/code_python/training/MGK_and_tools/mgktools/mgktools/kernels/base.py:225: UserWarning: The distribution is specified by [0.1, 10000] and step=1, but the range is not divisible by `step`. It will be replaced with [0.1, 9999.1].
  self.unique_name: trial.suggest_float(
[I 2026-05-03 16:57:20,317] Trial 15 finished with value: 0.5453766201357305 and parameters: {'0:atom_AtomicNumber:kDelta': 0.8, '0:atom_AtomicNumber_list_1:kConv': 0.95, '0:atom_AtomicNumber_list_2:kConv': 0.85, '0:atom_AtomicNumber_list_3:kConv': 1.0, '0:atom_AtomicNumber_list_4:kConv': 0.85, '0:atom_MorganHash:kDelta': 0.8, '0:atom_Ring_count:kDelta': 0.95, '0:atom_RingSize_list:kConv': 0.8, '0:atom_Hcount:kDelta': 0.75, '0:atom_AtomicNumber_count_1:kDelta': 0.75, '0:atom_AtomicNumber_count_2:kDelta': 0.95, '0:atom_Chiral:kDelta': 0.75, '0:bond_Order:kDelta': 0.85, '0:bond_Stereo:kDelta': 0.8, '0:bond_RingStereo:kDelta': 0.95, '0:q:q': 0.41000000000000003, '1:features_kernel:Matern32': 2963.1, '2:features_kernel:Matern32': 8104.1, '3:features_kernel:Matern32': 7176.1, '4:features_kernel:Matern32': 8142.1, '5:features_kernel:Matern32': 6931.1, '6:features_kernel:Matern32': 9946.1, '7:features_kernel:Matern32': 5945.1, '8:features_kernel:Matern32': 9225.1, '9:features_kernel:Matern32': 7912.1, '10:features_kernel:Matern32': 3087.1, '11:features_kernel:Matern32': 8295.1, 'alpha': 0.016}. Best is trial 12 with value: 0.4952206020973195.
/gpfs_common/share03/ddomlab/sdehgha2/working_space/GP_collab/code_python/training/MGK_and_tools/mgktools/mgktools/kernels/base.py:225: UserWarning: The distribution is specified by [0.1, 10000] and step=1, but the range is not divisible by `step`. It will be replaced with [0.1, 9999.1].
  self.unique_name: trial.suggest_float(
[I 2026-05-03 16:57:25,469] Trial 16 finished with value: 0.5444885044124856 and parameters: {'0:atom_AtomicNumber:kDelta': 0.8, '0:atom_AtomicNumber_list_1:kConv': 0.95, '0:atom_AtomicNumber_list_2:kConv': 0.75, '0:atom_AtomicNumber_list_3:kConv': 0.9, '0:atom_AtomicNumber_list_4:kConv': 0.8, '0:atom_MorganHash:kDelta': 0.8, '0:atom_Ring_count:kDelta': 0.85, '0:atom_RingSize_list:kConv': 0.8, '0:atom_Hcount:kDelta': 0.85, '0:atom_AtomicNumber_count_1:kDelta': 1.0, '0:atom_AtomicNumber_count_2:kDelta': 0.95, '0:atom_Chiral:kDelta': 0.8, '0:bond_Order:kDelta': 0.85, '0:bond_Stereo:kDelta': 0.8, '0:bond_RingStereo:kDelta': 0.95, '0:q:q': 0.3, '1:features_kernel:Matern32': 5879.1, '2:features_kernel:Matern32': 7830.1, '3:features_kernel:Matern32': 7829.1, '4:features_kernel:Matern32': 8817.1, '5:features_kernel:Matern32': 5665.1, '6:features_kernel:Matern32': 5803.1, '7:features_kernel:Matern32': 6125.1, '8:features_kernel:Matern32': 8501.1, '9:features_kernel:Matern32': 9781.1, '10:features_kernel:Matern32': 3203.1, '11:features_kernel:Matern32': 7052.1, 'alpha': 0.015}. Best is trial 12 with value: 0.4952206020973195.
/gpfs_common/share03/ddomlab/sdehgha2/working_space/GP_collab/code_python/training/MGK_and_tools/mgktools/mgktools/kernels/base.py:225: UserWarning: The distribution is specified by [0.1, 10000] and step=1, but the range is not divisible by `step`. It will be replaced with [0.1, 9999.1].
  self.unique_name: trial.suggest_float(
[I 2026-05-03 16:57:31,107] Trial 17 finished with value: 0.5449937659224564 and parameters: {'0:atom_AtomicNumber:kDelta': 0.95, '0:atom_AtomicNumber_list_1:kConv': 1.0, '0:atom_AtomicNumber_list_2:kConv': 0.85, '0:atom_AtomicNumber_list_3:kConv': 0.8, '0:atom_AtomicNumber_list_4:kConv': 0.85, '0:atom_MorganHash:kDelta': 0.85, '0:atom_Ring_count:kDelta': 0.95, '0:atom_RingSize_list:kConv': 0.85, '0:atom_Hcount:kDelta': 0.8, '0:atom_AtomicNumber_count_1:kDelta': 0.9, '0:atom_AtomicNumber_count_2:kDelta': 0.8, '0:atom_Chiral:kDelta': 0.75, '0:bond_Order:kDelta': 0.8, '0:bond_Stereo:kDelta': 0.85, '0:bond_RingStereo:kDelta': 0.95, '0:q:q': 0.22, '1:features_kernel:Matern32': 3008.1, '2:features_kernel:Matern32': 8623.1, '3:features_kernel:Matern32': 5822.1, '4:features_kernel:Matern32': 5396.1, '5:features_kernel:Matern32': 8069.1, '6:features_kernel:Matern32': 2863.1, '7:features_kernel:Matern32': 3582.1, '8:features_kernel:Matern32': 6101.1, '9:features_kernel:Matern32': 8545.1, '10:features_kernel:Matern32': 7005.1, '11:features_kernel:Matern32': 3910.1, 'alpha': 0.022000000000000002}. Best is trial 12 with value: 0.4952206020973195.
/gpfs_common/share03/ddomlab/sdehgha2/working_space/GP_collab/code_python/training/MGK_and_tools/mgktools/mgktools/kernels/base.py:225: UserWarning: The distribution is specified by [0.1, 10000] and step=1, but the range is not divisible by `step`. It will be replaced with [0.1, 9999.1].
  self.unique_name: trial.suggest_float(
[I 2026-05-03 16:57:36,087] Trial 18 finished with value: 0.545593899427307 and parameters: {'0:atom_AtomicNumber:kDelta': 0.8, '0:atom_AtomicNumber_list_1:kConv': 0.95, '0:atom_AtomicNumber_list_2:kConv': 0.8, '0:atom_AtomicNumber_list_3:kConv': 0.95, '0:atom_AtomicNumber_list_4:kConv': 0.8, '0:atom_MorganHash:kDelta': 0.75, '0:atom_Ring_count:kDelta': 0.85, '0:atom_RingSize_list:kConv': 0.8, '0:atom_Hcount:kDelta': 0.75, '0:atom_AtomicNumber_count_1:kDelta': 0.8, '0:atom_AtomicNumber_count_2:kDelta': 0.85, '0:atom_Chiral:kDelta': 0.8, '0:bond_Order:kDelta': 0.75, '0:bond_Stereo:kDelta': 0.85, '0:bond_RingStereo:kDelta': 0.9, '0:q:q': 0.43, '1:features_kernel:Matern32': 5987.1, '2:features_kernel:Matern32': 9874.1, '3:features_kernel:Matern32': 3957.1, '4:features_kernel:Matern32': 6577.1, '5:features_kernel:Matern32': 5518.1, '6:features_kernel:Matern32': 5311.1, '7:features_kernel:Matern32': 141.1, '8:features_kernel:Matern32': 8539.1, '9:features_kernel:Matern32': 7406.1, '10:features_kernel:Matern32': 9765.1, '11:features_kernel:Matern32': 1107.1, 'alpha': 0.044000000000000004}. Best is trial 12 with value: 0.4952206020973195.
/gpfs_common/share03/ddomlab/sdehgha2/working_space/GP_collab/code_python/training/MGK_and_tools/mgktools/mgktools/kernels/base.py:225: UserWarning: The distribution is specified by [0.1, 10000] and step=1, but the range is not divisible by `step`. It will be replaced with [0.1, 9999.1].
  self.unique_name: trial.suggest_float(
[I 2026-05-03 16:57:41,205] Trial 19 finished with value: 0.5333822189937927 and parameters: {'0:atom_AtomicNumber:kDelta': 0.9, '0:atom_AtomicNumber_list_1:kConv': 1.0, '0:atom_AtomicNumber_list_2:kConv': 0.75, '0:atom_AtomicNumber_list_3:kConv': 1.0, '0:atom_AtomicNumber_list_4:kConv': 0.85, '0:atom_MorganHash:kDelta': 0.9, '0:atom_Ring_count:kDelta': 0.8, '0:atom_RingSize_list:kConv': 1.0, '0:atom_Hcount:kDelta': 0.85, '0:atom_AtomicNumber_count_1:kDelta': 0.95, '0:atom_AtomicNumber_count_2:kDelta': 0.95, '0:atom_Chiral:kDelta': 0.75, '0:bond_Order:kDelta': 0.85, '0:bond_Stereo:kDelta': 0.8, '0:bond_RingStereo:kDelta': 1.0, '0:q:q': 0.34, '1:features_kernel:Matern32': 9835.1, '2:features_kernel:Matern32': 7279.1, '3:features_kernel:Matern32': 6731.1, '4:features_kernel:Matern32': 4545.1, '5:features_kernel:Matern32': 8043.1, '6:features_kernel:Matern32': 2858.1, '7:features_kernel:Matern32': 6734.1, '8:features_kernel:Matern32': 6498.1, '9:features_kernel:Matern32': 8960.1, '10:features_kernel:Matern32': 2007.1, '11:features_kernel:Matern32': 196.1, 'alpha': 0.001}. Best is trial 12 with value: 0.4952206020973195.
/gpfs_common/share03/ddomlab/sdehgha2/working_space/GP_collab/code_python/training/MGK_and_tools/mgktools/mgktools/kernels/base.py:225: UserWarning: The distribution is specified by [0.1, 10000] and step=1, but the range is not divisible by `step`. It will be replaced with [0.1, 9999.1].
  self.unique_name: trial.suggest_float(
[I 2026-05-03 16:57:46,525] Trial 20 finished with value: 0.5451886311153185 and parameters: {'0:atom_AtomicNumber:kDelta': 0.75, '0:atom_AtomicNumber_list_1:kConv': 0.95, '0:atom_AtomicNumber_list_2:kConv': 0.9, '0:atom_AtomicNumber_list_3:kConv': 0.9, '0:atom_AtomicNumber_list_4:kConv': 0.9, '0:atom_MorganHash:kDelta': 0.8, '0:atom_Ring_count:kDelta': 0.95, '0:atom_RingSize_list:kConv': 0.75, '0:atom_Hcount:kDelta': 0.75, '0:atom_AtomicNumber_count_1:kDelta': 1.0, '0:atom_AtomicNumber_count_2:kDelta': 0.8, '0:atom_Chiral:kDelta': 0.8, '0:bond_Order:kDelta': 0.8, '0:bond_Stereo:kDelta': 0.95, '0:bond_RingStereo:kDelta': 0.85, '0:q:q': 0.29000000000000004, '1:features_kernel:Matern32': 8641.1, '2:features_kernel:Matern32': 8853.1, '3:features_kernel:Matern32': 4721.1, '4:features_kernel:Matern32': 9011.1, '5:features_kernel:Matern32': 7971.1, '6:features_kernel:Matern32': 6204.1, '7:features_kernel:Matern32': 9255.1, '8:features_kernel:Matern32': 8578.1, '9:features_kernel:Matern32': 4318.1, '10:features_kernel:Matern32': 4183.1, '11:features_kernel:Matern32': 6962.1, 'alpha': 0.032}. Best is trial 12 with value: 0.4952206020973195.
/gpfs_common/share03/ddomlab/sdehgha2/working_space/GP_collab/code_python/training/MGK_and_tools/mgktools/mgktools/kernels/base.py:225: UserWarning: The distribution is specified by [0.1, 10000] and step=1, but the range is not divisible by `step`. It will be replaced with [0.1, 9999.1].
  self.unique_name: trial.suggest_float(
[I 2026-05-03 16:57:51,582] Trial 21 finished with value: 0.521528507709577 and parameters: {'0:atom_AtomicNumber:kDelta': 0.9, '0:atom_AtomicNumber_list_1:kConv': 1.0, '0:atom_AtomicNumber_list_2:kConv': 0.75, '0:atom_AtomicNumber_list_3:kConv': 1.0, '0:atom_AtomicNumber_list_4:kConv': 0.85, '0:atom_MorganHash:kDelta': 0.9, '0:atom_Ring_count:kDelta': 0.8, '0:atom_RingSize_list:kConv': 1.0, '0:atom_Hcount:kDelta': 0.85, '0:atom_AtomicNumber_count_1:kDelta': 0.95, '0:atom_AtomicNumber_count_2:kDelta': 0.95, '0:atom_Chiral:kDelta': 0.75, '0:bond_Order:kDelta': 0.85, '0:bond_Stereo:kDelta': 0.8, '0:bond_RingStereo:kDelta': 1.0, '0:q:q': 0.36000000000000004, '1:features_kernel:Matern32': 9989.1, '2:features_kernel:Matern32': 7481.1, '3:features_kernel:Matern32': 6842.1, '4:features_kernel:Matern32': 4417.1, '5:features_kernel:Matern32': 8058.1, '6:features_kernel:Matern32': 2705.1, '7:features_kernel:Matern32': 6363.1, '8:features_kernel:Matern32': 6427.1, '9:features_kernel:Matern32': 8939.1, '10:features_kernel:Matern32': 2415.1, '11:features_kernel:Matern32': 21.1, 'alpha': 0.001}. Best is trial 12 with value: 0.4952206020973195.
/gpfs_common/share03/ddomlab/sdehgha2/working_space/GP_collab/code_python/training/MGK_and_tools/mgktools/mgktools/kernels/base.py:225: UserWarning: The distribution is specified by [0.1, 10000] and step=1, but the range is not divisible by `step`. It will be replaced with [0.1, 9999.1].
  self.unique_name: trial.suggest_float(
[I 2026-05-03 16:57:56,763] Trial 22 finished with value: 0.5460130306702318 and parameters: {'0:atom_AtomicNumber:kDelta': 0.95, '0:atom_AtomicNumber_list_1:kConv': 1.0, '0:atom_AtomicNumber_list_2:kConv': 0.75, '0:atom_AtomicNumber_list_3:kConv': 1.0, '0:atom_AtomicNumber_list_4:kConv': 0.85, '0:atom_MorganHash:kDelta': 0.85, '0:atom_Ring_count:kDelta': 0.8, '0:atom_RingSize_list:kConv': 1.0, '0:atom_Hcount:kDelta': 0.8, '0:atom_AtomicNumber_count_1:kDelta': 0.95, '0:atom_AtomicNumber_count_2:kDelta': 1.0, '0:atom_Chiral:kDelta': 0.75, '0:bond_Order:kDelta': 0.85, '0:bond_Stereo:kDelta': 0.8, '0:bond_RingStereo:kDelta': 1.0, '0:q:q': 0.43, '1:features_kernel:Matern32': 7389.1, '2:features_kernel:Matern32': 7868.1, '3:features_kernel:Matern32': 7883.1, '4:features_kernel:Matern32': 7248.1, '5:features_kernel:Matern32': 6641.1, '6:features_kernel:Matern32': 4244.1, '7:features_kernel:Matern32': 9122.1, '8:features_kernel:Matern32': 9970.1, '9:features_kernel:Matern32': 9110.1, '10:features_kernel:Matern32': 2148.1, '11:features_kernel:Matern32': 1291.1, 'alpha': 0.012}. Best is trial 12 with value: 0.4952206020973195.
/gpfs_common/share03/ddomlab/sdehgha2/working_space/GP_collab/code_python/training/MGK_and_tools/mgktools/mgktools/kernels/base.py:225: UserWarning: The distribution is specified by [0.1, 10000] and step=1, but the range is not divisible by `step`. It will be replaced with [0.1, 9999.1].
  self.unique_name: trial.suggest_float(
[I 2026-05-03 16:58:02,292] Trial 23 finished with value: 0.530635788855884 and parameters: {'0:atom_AtomicNumber:kDelta': 0.85, '0:atom_AtomicNumber_list_1:kConv': 1.0, '0:atom_AtomicNumber_list_2:kConv': 0.8, '0:atom_AtomicNumber_list_3:kConv': 0.95, '0:atom_AtomicNumber_list_4:kConv': 0.8, '0:atom_MorganHash:kDelta': 0.9, '0:atom_Ring_count:kDelta': 0.85, '0:atom_RingSize_list:kConv': 0.95, '0:atom_Hcount:kDelta': 0.85, '0:atom_AtomicNumber_count_1:kDelta': 0.9, '0:atom_AtomicNumber_count_2:kDelta': 0.9, '0:atom_Chiral:kDelta': 0.8, '0:bond_Order:kDelta': 0.9, '0:bond_Stereo:kDelta': 0.85, '0:bond_RingStereo:kDelta': 0.95, '0:q:q': 0.28, '1:features_kernel:Matern32': 8860.1, '2:features_kernel:Matern32': 8888.1, '3:features_kernel:Matern32': 9735.1, '4:features_kernel:Matern32': 6048.1, '5:features_kernel:Matern32': 7656.1, '6:features_kernel:Matern32': 2080.1, '7:features_kernel:Matern32': 9960.1, '8:features_kernel:Matern32': 5639.1, '9:features_kernel:Matern32': 7863.1, '10:features_kernel:Matern32': 4065.1, '11:features_kernel:Matern32': 30.1, 'alpha': 0.02}. Best is trial 12 with value: 0.4952206020973195.
/gpfs_common/share03/ddomlab/sdehgha2/working_space/GP_collab/code_python/training/MGK_and_tools/mgktools/mgktools/kernels/base.py:225: UserWarning: The distribution is specified by [0.1, 10000] and step=1, but the range is not divisible by `step`. It will be replaced with [0.1, 9999.1].
  self.unique_name: trial.suggest_float(
[I 2026-05-03 16:58:07,178] Trial 24 finished with value: 0.5443281898492697 and parameters: {'0:atom_AtomicNumber:kDelta': 0.95, '0:atom_AtomicNumber_list_1:kConv': 0.95, '0:atom_AtomicNumber_list_2:kConv': 0.85, '0:atom_AtomicNumber_list_3:kConv': 1.0, '0:atom_AtomicNumber_list_4:kConv': 0.85, '0:atom_MorganHash:kDelta': 0.85, '0:atom_Ring_count:kDelta': 0.8, '0:atom_RingSize_list:kConv': 0.85, '0:atom_Hcount:kDelta': 0.75, '0:atom_AtomicNumber_count_1:kDelta': 1.0, '0:atom_AtomicNumber_count_2:kDelta': 0.95, '0:atom_Chiral:kDelta': 0.75, '0:bond_Order:kDelta': 0.8, '0:bond_Stereo:kDelta': 0.9, '0:bond_RingStereo:kDelta': 1.0, '0:q:q': 0.4, '1:features_kernel:Matern32': 9926.1, '2:features_kernel:Matern32': 7131.1, '3:features_kernel:Matern32': 7395.1, '4:features_kernel:Matern32': 4236.1, '5:features_kernel:Matern32': 5667.1, '6:features_kernel:Matern32': 3478.1, '7:features_kernel:Matern32': 6973.1, '8:features_kernel:Matern32': 7111.1, '9:features_kernel:Matern32': 9861.1, '10:features_kernel:Matern32': 1916.1, '11:features_kernel:Matern32': 1430.1, 'alpha': 0.008}. Best is trial 12 with value: 0.4952206020973195.
/gpfs_common/share03/ddomlab/sdehgha2/working_space/GP_collab/code_python/training/MGK_and_tools/mgktools/mgktools/kernels/base.py:225: UserWarning: The distribution is specified by [0.1, 10000] and step=1, but the range is not divisible by `step`. It will be replaced with [0.1, 9999.1].
  self.unique_name: trial.suggest_float(
[I 2026-05-03 16:58:13,147] Trial 25 finished with value: 0.5471266009575305 and parameters: {'0:atom_AtomicNumber:kDelta': 0.9, '0:atom_AtomicNumber_list_1:kConv': 1.0, '0:atom_AtomicNumber_list_2:kConv': 0.8, '0:atom_AtomicNumber_list_3:kConv': 0.95, '0:atom_AtomicNumber_list_4:kConv': 0.9, '0:atom_MorganHash:kDelta': 0.9, '0:atom_Ring_count:kDelta': 0.85, '0:atom_RingSize_list:kConv': 1.0, '0:atom_Hcount:kDelta': 0.9, '0:atom_AtomicNumber_count_1:kDelta': 0.95, '0:atom_AtomicNumber_count_2:kDelta': 1.0, '0:atom_Chiral:kDelta': 0.75, '0:bond_Order:kDelta': 0.85, '0:bond_Stereo:kDelta': 0.8, '0:bond_RingStereo:kDelta': 0.95, '0:q:q': 0.21000000000000002, '1:features_kernel:Matern32': 9047.1, '2:features_kernel:Matern32': 5722.1, '3:features_kernel:Matern32': 8737.1, '4:features_kernel:Matern32': 1820.1, '5:features_kernel:Matern32': 8708.1, '6:features_kernel:Matern32': 7.1, '7:features_kernel:Matern32': 8811.1, '8:features_kernel:Matern32': 8123.1, '9:features_kernel:Matern32': 6623.1, '10:features_kernel:Matern32': 6757.1, '11:features_kernel:Matern32': 3422.1, 'alpha': 0.024}. Best is trial 12 with value: 0.4952206020973195.
/gpfs_common/share03/ddomlab/sdehgha2/working_space/GP_collab/code_python/training/MGK_and_tools/mgktools/mgktools/kernels/base.py:225: UserWarning: The distribution is specified by [0.1, 10000] and step=1, but the range is not divisible by `step`. It will be replaced with [0.1, 9999.1].
  self.unique_name: trial.suggest_float(
