[I 2026-05-03 16:59:33,575] Trial 40 finished with value: 0.5449977722325433 and parameters: {'0:atom_AtomicNumber:kDelta': 0.9, '0:atom_AtomicNumber_list_1:kConv': 0.95, '0:atom_AtomicNumber_list_2:kConv': 0.85, '0:atom_AtomicNumber_list_3:kConv': 0.95, '0:atom_AtomicNumber_list_4:kConv': 0.75, '0:atom_MorganHash:kDelta': 0.95, '0:atom_Ring_count:kDelta': 0.95, '0:atom_RingSize_list:kConv': 1.0, '0:atom_Hcount:kDelta': 0.8, '0:atom_AtomicNumber_count_1:kDelta': 1.0, '0:atom_AtomicNumber_count_2:kDelta': 0.75, '0:atom_Chiral:kDelta': 0.8, '0:bond_Order:kDelta': 0.8, '0:bond_Stereo:kDelta': 0.75, '0:bond_RingStereo:kDelta': 0.8, '0:q:q': 0.12, '1:features_kernel:Matern32': 9322.1, '2:features_kernel:Matern32': 1738.1, '3:features_kernel:Matern32': 6706.1, '4:features_kernel:Matern32': 6126.1, '5:features_kernel:Matern32': 2975.1, '6:features_kernel:Matern32': 587.1, '7:features_kernel:Matern32': 8107.1, '8:features_kernel:Matern32': 4608.1, '9:features_kernel:Matern32': 6009.1, '10:features_kernel:Matern32': 5309.1, '11:features_kernel:Matern32': 728.1, 'alpha': 0.007}. Best is trial 12 with value: 0.4952206020973195.
/gpfs_common/share03/ddomlab/sdehgha2/working_space/GP_collab/code_python/training/MGK_and_tools/mgktools/mgktools/kernels/base.py:225: UserWarning: The distribution is specified by [0.1, 10000] and step=1, but the range is not divisible by `step`. It will be replaced with [0.1, 9999.1].
  self.unique_name: trial.suggest_float(
[I 2026-05-03 16:59:39,053] Trial 41 finished with value: 0.5323779002747412 and parameters: {'0:atom_AtomicNumber:kDelta': 0.85, '0:atom_AtomicNumber_list_1:kConv': 1.0, '0:atom_AtomicNumber_list_2:kConv': 0.75, '0:atom_AtomicNumber_list_3:kConv': 1.0, '0:atom_AtomicNumber_list_4:kConv': 0.85, '0:atom_MorganHash:kDelta': 0.85, '0:atom_Ring_count:kDelta': 0.9, '0:atom_RingSize_list:kConv': 1.0, '0:atom_Hcount:kDelta': 0.95, '0:atom_AtomicNumber_count_1:kDelta': 0.9, '0:atom_AtomicNumber_count_2:kDelta': 0.95, '0:atom_Chiral:kDelta': 0.75, '0:bond_Order:kDelta': 1.0, '0:bond_Stereo:kDelta': 0.85, '0:bond_RingStereo:kDelta': 1.0, '0:q:q': 0.33, '1:features_kernel:Matern32': 8976.1, '2:features_kernel:Matern32': 8880.1, '3:features_kernel:Matern32': 9449.1, '4:features_kernel:Matern32': 7147.1, '5:features_kernel:Matern32': 6326.1, '6:features_kernel:Matern32': 7372.1, '7:features_kernel:Matern32': 9931.1, '8:features_kernel:Matern32': 5836.1, '9:features_kernel:Matern32': 7397.1, '10:features_kernel:Matern32': 4811.1, '11:features_kernel:Matern32': 30.1, 'alpha': 0.02}. Best is trial 12 with value: 0.4952206020973195.
[I 2026-05-03 17:23:10,480] A new study created in RDB with name: optuna-study
/gpfs_common/share03/ddomlab/sdehgha2/working_space/GP_collab/code_python/training/MGK_and_tools/mgktools/mgktools/kernels/base.py:225: UserWarning: The distribution is specified by [0.1, 10000] and step=1, but the range is not divisible by `step`. It will be replaced with [0.1, 9999.1].
  self.unique_name: trial.suggest_float(
[I 2026-05-03 17:23:15,928] Trial 0 finished with value: 0.5434885321305247 and parameters: {'0:atom_AtomicNumber:kDelta': 0.95, '0:atom_AtomicNumber_list_1:kConv': 0.8, '0:atom_AtomicNumber_list_2:kConv': 0.95, '0:atom_AtomicNumber_list_3:kConv': 1.0, '0:atom_AtomicNumber_list_4:kConv': 1.0, '0:atom_MorganHash:kDelta': 0.85, '0:atom_Ring_count:kDelta': 0.9, '0:atom_RingSize_list:kConv': 0.95, '0:atom_Hcount:kDelta': 0.9, '0:atom_AtomicNumber_count_1:kDelta': 0.95, '0:atom_AtomicNumber_count_2:kDelta': 0.75, '0:atom_Chiral:kDelta': 0.8, '0:bond_Order:kDelta': 0.75, '0:bond_Stereo:kDelta': 1.0, '0:bond_RingStereo:kDelta': 0.85, '0:q:q': 0.34, '1:features_kernel:Matern32': 2562.1, '2:features_kernel:Matern32': 3475.1, '3:features_kernel:Matern32': 94.1, '4:features_kernel:Matern32': 3583.1, '5:features_kernel:Matern32': 9490.1, '6:features_kernel:Matern32': 2178.1, '7:features_kernel:Matern32': 3193.1, '8:features_kernel:Matern32': 9177.1, '9:features_kernel:Matern32': 319.1, '10:features_kernel:Matern32': 650.1, '11:features_kernel:Matern32': 6298.1, 'alpha': 0.08800000000000001}. Best is trial 0 with value: 0.5434885321305247.
/gpfs_common/share03/ddomlab/sdehgha2/working_space/GP_collab/code_python/training/MGK_and_tools/mgktools/mgktools/kernels/base.py:225: UserWarning: The distribution is specified by [0.1, 10000] and step=1, but the range is not divisible by `step`. It will be replaced with [0.1, 9999.1].
  self.unique_name: trial.suggest_float(
[I 2026-05-03 17:23:22,009] Trial 1 finished with value: 0.5460041121450838 and parameters: {'0:atom_AtomicNumber:kDelta': 0.75, '0:atom_AtomicNumber_list_1:kConv': 0.95, '0:atom_AtomicNumber_list_2:kConv': 0.95, '0:atom_AtomicNumber_list_3:kConv': 0.75, '0:atom_AtomicNumber_list_4:kConv': 0.9, '0:atom_MorganHash:kDelta': 0.9, '0:atom_Ring_count:kDelta': 0.85, '0:atom_RingSize_list:kConv': 1.0, '0:atom_Hcount:kDelta': 0.75, '0:atom_AtomicNumber_count_1:kDelta': 0.8, '0:atom_AtomicNumber_count_2:kDelta': 0.95, '0:atom_Chiral:kDelta': 0.8, '0:bond_Order:kDelta': 0.8, '0:bond_Stereo:kDelta': 0.95, '0:bond_RingStereo:kDelta': 1.0, '0:q:q': 0.13, '1:features_kernel:Matern32': 4580.1, '2:features_kernel:Matern32': 2529.1, '3:features_kernel:Matern32': 3793.1, '4:features_kernel:Matern32': 6045.1, '5:features_kernel:Matern32': 7723.1, '6:features_kernel:Matern32': 679.1, '7:features_kernel:Matern32': 6860.1, '8:features_kernel:Matern32': 5482.1, '9:features_kernel:Matern32': 1379.1, '10:features_kernel:Matern32': 987.1, '11:features_kernel:Matern32': 2455.1, 'alpha': 0.016}. Best is trial 0 with value: 0.5434885321305247.
/gpfs_common/share03/ddomlab/sdehgha2/working_space/GP_collab/code_python/training/MGK_and_tools/mgktools/mgktools/kernels/base.py:225: UserWarning: The distribution is specified by [0.1, 10000] and step=1, but the range is not divisible by `step`. It will be replaced with [0.1, 9999.1].
  self.unique_name: trial.suggest_float(
[I 2026-05-03 17:23:28,161] Trial 2 finished with value: 0.5454969541249873 and parameters: {'0:atom_AtomicNumber:kDelta': 1.0, '0:atom_AtomicNumber_list_1:kConv': 0.95, '0:atom_AtomicNumber_list_2:kConv': 0.8, '0:atom_AtomicNumber_list_3:kConv': 0.9, '0:atom_AtomicNumber_list_4:kConv': 0.9, '0:atom_MorganHash:kDelta': 0.75, '0:atom_Ring_count:kDelta': 1.0, '0:atom_RingSize_list:kConv': 0.85, '0:atom_Hcount:kDelta': 0.75, '0:atom_AtomicNumber_count_1:kDelta': 0.8, '0:atom_AtomicNumber_count_2:kDelta': 0.85, '0:atom_Chiral:kDelta': 0.95, '0:bond_Order:kDelta': 1.0, '0:bond_Stereo:kDelta': 1.0, '0:bond_RingStereo:kDelta': 0.85, '0:q:q': 0.060000000000000005, '1:features_kernel:Matern32': 9132.1, '2:features_kernel:Matern32': 3649.1, '3:features_kernel:Matern32': 2265.1, '4:features_kernel:Matern32': 8724.1, '5:features_kernel:Matern32': 1363.1, '6:features_kernel:Matern32': 2363.1, '7:features_kernel:Matern32': 5953.1, '8:features_kernel:Matern32': 5639.1, '9:features_kernel:Matern32': 9589.1, '10:features_kernel:Matern32': 4532.1, '11:features_kernel:Matern32': 1289.1, 'alpha': 0.077}. Best is trial 0 with value: 0.5434885321305247.
/gpfs_common/share03/ddomlab/sdehgha2/working_space/GP_collab/code_python/training/MGK_and_tools/mgktools/mgktools/kernels/base.py:225: UserWarning: The distribution is specified by [0.1, 10000] and step=1, but the range is not divisible by `step`. It will be replaced with [0.1, 9999.1].
  self.unique_name: trial.suggest_float(
[I 2026-05-03 17:23:33,497] Trial 3 finished with value: 0.5452832421787893 and parameters: {'0:atom_AtomicNumber:kDelta': 0.8, '0:atom_AtomicNumber_list_1:kConv': 0.8, '0:atom_AtomicNumber_list_2:kConv': 0.85, '0:atom_AtomicNumber_list_3:kConv': 0.85, '0:atom_AtomicNumber_list_4:kConv': 1.0, '0:atom_MorganHash:kDelta': 0.75, '0:atom_Ring_count:kDelta': 1.0, '0:atom_RingSize_list:kConv': 0.95, '0:atom_Hcount:kDelta': 0.75, '0:atom_AtomicNumber_count_1:kDelta': 0.75, '0:atom_AtomicNumber_count_2:kDelta': 1.0, '0:atom_Chiral:kDelta': 0.8, '0:bond_Order:kDelta': 0.75, '0:bond_Stereo:kDelta': 0.8, '0:bond_RingStereo:kDelta': 0.9, '0:q:q': 0.28, '1:features_kernel:Matern32': 6967.1, '2:features_kernel:Matern32': 9630.1, '3:features_kernel:Matern32': 2777.1, '4:features_kernel:Matern32': 2336.1, '5:features_kernel:Matern32': 8456.1, '6:features_kernel:Matern32': 2242.1, '7:features_kernel:Matern32': 6889.1, '8:features_kernel:Matern32': 1534.1, '9:features_kernel:Matern32': 2035.1, '10:features_kernel:Matern32': 675.1, '11:features_kernel:Matern32': 7494.1, 'alpha': 0.019000000000000003}. Best is trial 0 with value: 0.5434885321305247.
/gpfs_common/share03/ddomlab/sdehgha2/working_space/GP_collab/code_python/training/MGK_and_tools/mgktools/mgktools/kernels/base.py:225: UserWarning: The distribution is specified by [0.1, 10000] and step=1, but the range is not divisible by `step`. It will be replaced with [0.1, 9999.1].
  self.unique_name: trial.suggest_float(
[I 2026-05-03 17:23:40,673] Trial 4 finished with value: 0.546780912529559 and parameters: {'0:atom_AtomicNumber:kDelta': 0.75, '0:atom_AtomicNumber_list_1:kConv': 0.8, '0:atom_AtomicNumber_list_2:kConv': 0.8, '0:atom_AtomicNumber_list_3:kConv': 0.75, '0:atom_AtomicNumber_list_4:kConv': 0.8, '0:atom_MorganHash:kDelta': 0.95, '0:atom_Ring_count:kDelta': 0.95, '0:atom_RingSize_list:kConv': 0.8, '0:atom_Hcount:kDelta': 0.9, '0:atom_AtomicNumber_count_1:kDelta': 1.0, '0:atom_AtomicNumber_count_2:kDelta': 0.9, '0:atom_Chiral:kDelta': 0.85, '0:bond_Order:kDelta': 0.75, '0:bond_Stereo:kDelta': 0.95, '0:bond_RingStereo:kDelta': 0.95, '0:q:q': 0.04, '1:features_kernel:Matern32': 1716.1, '2:features_kernel:Matern32': 8381.1, '3:features_kernel:Matern32': 5641.1, '4:features_kernel:Matern32': 3497.1, '5:features_kernel:Matern32': 1450.1, '6:features_kernel:Matern32': 985.1, '7:features_kernel:Matern32': 5601.1, '8:features_kernel:Matern32': 7100.1, '9:features_kernel:Matern32': 9508.1, '10:features_kernel:Matern32': 7480.1, '11:features_kernel:Matern32': 3722.1, 'alpha': 0.076}. Best is trial 0 with value: 0.5434885321305247.
/gpfs_common/share03/ddomlab/sdehgha2/working_space/GP_collab/code_python/training/MGK_and_tools/mgktools/mgktools/kernels/base.py:225: UserWarning: The distribution is specified by [0.1, 10000] and step=1, but the range is not divisible by `step`. It will be replaced with [0.1, 9999.1].
  self.unique_name: trial.suggest_float(
[I 2026-05-03 17:23:46,538] Trial 5 finished with value: 0.5440867166984854 and parameters: {'0:atom_AtomicNumber:kDelta': 0.75, '0:atom_AtomicNumber_list_1:kConv': 0.9, '0:atom_AtomicNumber_list_2:kConv': 0.95, '0:atom_AtomicNumber_list_3:kConv': 0.75, '0:atom_AtomicNumber_list_4:kConv': 0.85, '0:atom_MorganHash:kDelta': 0.75, '0:atom_Ring_count:kDelta': 0.8, '0:atom_RingSize_list:kConv': 0.8, '0:atom_Hcount:kDelta': 0.8, '0:atom_AtomicNumber_count_1:kDelta': 0.75, '0:atom_AtomicNumber_count_2:kDelta': 0.95, '0:atom_Chiral:kDelta': 0.75, '0:bond_Order:kDelta': 0.9, '0:bond_Stereo:kDelta': 0.8, '0:bond_RingStereo:kDelta': 0.9, '0:q:q': 0.15000000000000002, '1:features_kernel:Matern32': 3700.1, '2:features_kernel:Matern32': 5045.1, '3:features_kernel:Matern32': 1223.1, '4:features_kernel:Matern32': 1306.1, '5:features_kernel:Matern32': 8444.1, '6:features_kernel:Matern32': 3921.1, '7:features_kernel:Matern32': 1695.1, '8:features_kernel:Matern32': 8011.1, '9:features_kernel:Matern32': 9101.1, '10:features_kernel:Matern32': 8295.1, '11:features_kernel:Matern32': 7140.1, 'alpha': 0.010000000000000002}. Best is trial 0 with value: 0.5434885321305247.
/gpfs_common/share03/ddomlab/sdehgha2/working_space/GP_collab/code_python/training/MGK_and_tools/mgktools/mgktools/kernels/base.py:225: UserWarning: The distribution is specified by [0.1, 10000] and step=1, but the range is not divisible by `step`. It will be replaced with [0.1, 9999.1].
  self.unique_name: trial.suggest_float(
[I 2026-05-03 17:23:52,643] Trial 6 finished with value: 0.5496865056737111 and parameters: {'0:atom_AtomicNumber:kDelta': 1.0, '0:atom_AtomicNumber_list_1:kConv': 0.9, '0:atom_AtomicNumber_list_2:kConv': 1.0, '0:atom_AtomicNumber_list_3:kConv': 0.9, '0:atom_AtomicNumber_list_4:kConv': 0.75, '0:atom_MorganHash:kDelta': 1.0, '0:atom_Ring_count:kDelta': 0.75, '0:atom_RingSize_list:kConv': 0.95, '0:atom_Hcount:kDelta': 0.85, '0:atom_AtomicNumber_count_1:kDelta': 0.8, '0:atom_AtomicNumber_count_2:kDelta': 0.75, '0:atom_Chiral:kDelta': 0.95, '0:bond_Order:kDelta': 0.8, '0:bond_Stereo:kDelta': 0.9, '0:bond_RingStereo:kDelta': 1.0, '0:q:q': 0.11, '1:features_kernel:Matern32': 1196.1, '2:features_kernel:Matern32': 3921.1, '3:features_kernel:Matern32': 6945.1, '4:features_kernel:Matern32': 9449.1, '5:features_kernel:Matern32': 1633.1, '6:features_kernel:Matern32': 4587.1, '7:features_kernel:Matern32': 2788.1, '8:features_kernel:Matern32': 2046.1, '9:features_kernel:Matern32': 3083.1, '10:features_kernel:Matern32': 7956.1, '11:features_kernel:Matern32': 928.1, 'alpha': 0.08700000000000001}. Best is trial 0 with value: 0.5434885321305247.
/gpfs_common/share03/ddomlab/sdehgha2/working_space/GP_collab/code_python/training/MGK_and_tools/mgktools/mgktools/kernels/base.py:225: UserWarning: The distribution is specified by [0.1, 10000] and step=1, but the range is not divisible by `step`. It will be replaced with [0.1, 9999.1].
  self.unique_name: trial.suggest_float(
[I 2026-05-03 17:23:57,617] Trial 7 finished with value: 0.5458232351868573 and parameters: {'0:atom_AtomicNumber:kDelta': 1.0, '0:atom_AtomicNumber_list_1:kConv': 0.95, '0:atom_AtomicNumber_list_2:kConv': 0.8, '0:atom_AtomicNumber_list_3:kConv': 0.75, '0:atom_AtomicNumber_list_4:kConv': 1.0, '0:atom_MorganHash:kDelta': 0.75, '0:atom_Ring_count:kDelta': 0.85, '0:atom_RingSize_list:kConv': 0.85, '0:atom_Hcount:kDelta': 0.75, '0:atom_AtomicNumber_count_1:kDelta': 1.0, '0:atom_AtomicNumber_count_2:kDelta': 0.8, '0:atom_Chiral:kDelta': 0.95, '0:bond_Order:kDelta': 1.0, '0:bond_Stereo:kDelta': 0.95, '0:bond_RingStereo:kDelta': 0.75, '0:q:q': 0.4, '1:features_kernel:Matern32': 2155.1, '2:features_kernel:Matern32': 9559.1, '3:features_kernel:Matern32': 828.1, '4:features_kernel:Matern32': 6410.1, '5:features_kernel:Matern32': 6134.1, '6:features_kernel:Matern32': 4800.1, '7:features_kernel:Matern32': 1651.1, '8:features_kernel:Matern32': 2519.1, '9:features_kernel:Matern32': 7304.1, '10:features_kernel:Matern32': 9587.1, '11:features_kernel:Matern32': 9258.1, 'alpha': 0.074}. Best is trial 0 with value: 0.5434885321305247.
/gpfs_common/share03/ddomlab/sdehgha2/working_space/GP_collab/code_python/training/MGK_and_tools/mgktools/mgktools/kernels/base.py:225: UserWarning: The distribution is specified by [0.1, 10000] and step=1, but the range is not divisible by `step`. It will be replaced with [0.1, 9999.1].
  self.unique_name: trial.suggest_float(
[I 2026-05-03 17:24:02,647] Trial 8 finished with value: 0.5358395254443831 and parameters: {'0:atom_AtomicNumber:kDelta': 0.8, '0:atom_AtomicNumber_list_1:kConv': 0.95, '0:atom_AtomicNumber_list_2:kConv': 0.8, '0:atom_AtomicNumber_list_3:kConv': 0.8, '0:atom_AtomicNumber_list_4:kConv': 0.95, '0:atom_MorganHash:kDelta': 0.95, '0:atom_Ring_count:kDelta': 0.8, '0:atom_RingSize_list:kConv': 0.75, '0:atom_Hcount:kDelta': 0.75, '0:atom_AtomicNumber_count_1:kDelta': 0.85, '0:atom_AtomicNumber_count_2:kDelta': 0.95, '0:atom_Chiral:kDelta': 0.8, '0:bond_Order:kDelta': 0.9, '0:bond_Stereo:kDelta': 0.8, '0:bond_RingStereo:kDelta': 0.8, '0:q:q': 0.35000000000000003, '1:features_kernel:Matern32': 5015.1, '2:features_kernel:Matern32': 8706.1, '3:features_kernel:Matern32': 8281.1, '4:features_kernel:Matern32': 2977.1, '5:features_kernel:Matern32': 290.1, '6:features_kernel:Matern32': 6431.1, '7:features_kernel:Matern32': 8691.1, '8:features_kernel:Matern32': 8505.1, '9:features_kernel:Matern32': 147.1, '10:features_kernel:Matern32': 1514.1, '11:features_kernel:Matern32': 1823.1, 'alpha': 0.029}. Best is trial 8 with value: 0.5358395254443831.
/gpfs_common/share03/ddomlab/sdehgha2/working_space/GP_collab/code_python/training/MGK_and_tools/mgktools/mgktools/kernels/base.py:225: UserWarning: The distribution is specified by [0.1, 10000] and step=1, but the range is not divisible by `step`. It will be replaced with [0.1, 9999.1].
  self.unique_name: trial.suggest_float(
[I 2026-05-03 17:24:07,764] Trial 9 finished with value: 0.5485630904931216 and parameters: {'0:atom_AtomicNumber:kDelta': 0.8, '0:atom_AtomicNumber_list_1:kConv': 0.75, '0:atom_AtomicNumber_list_2:kConv': 0.85, '0:atom_AtomicNumber_list_3:kConv': 1.0, '0:atom_AtomicNumber_list_4:kConv': 0.75, '0:atom_MorganHash:kDelta': 0.95, '0:atom_Ring_count:kDelta': 0.75, '0:atom_RingSize_list:kConv': 0.75, '0:atom_Hcount:kDelta': 0.85, '0:atom_AtomicNumber_count_1:kDelta': 1.0, '0:atom_AtomicNumber_count_2:kDelta': 0.8, '0:atom_Chiral:kDelta': 1.0, '0:bond_Order:kDelta': 0.75, '0:bond_Stereo:kDelta': 1.0, '0:bond_RingStereo:kDelta': 0.9, '0:q:q': 0.42000000000000004, '1:features_kernel:Matern32': 4818.1, '2:features_kernel:Matern32': 2514.1, '3:features_kernel:Matern32': 8441.1, '4:features_kernel:Matern32': 3409.1, '5:features_kernel:Matern32': 7303.1, '6:features_kernel:Matern32': 9551.1, '7:features_kernel:Matern32': 9149.1, '8:features_kernel:Matern32': 5096.1, '9:features_kernel:Matern32': 2404.1, '10:features_kernel:Matern32': 7913.1, '11:features_kernel:Matern32': 455.1, 'alpha': 0.09}. Best is trial 8 with value: 0.5358395254443831.
/gpfs_common/share03/ddomlab/sdehgha2/working_space/GP_collab/code_python/training/MGK_and_tools/mgktools/mgktools/kernels/base.py:225: UserWarning: The distribution is specified by [0.1, 10000] and step=1, but the range is not divisible by `step`. It will be replaced with [0.1, 9999.1].
  self.unique_name: trial.suggest_float(
[I 2026-05-03 17:24:13,601] Trial 10 finished with value: 0.5453314242374073 and parameters: {'0:atom_AtomicNumber:kDelta': 0.9, '0:atom_AtomicNumber_list_1:kConv': 1.0, '0:atom_AtomicNumber_list_2:kConv': 0.75, '0:atom_AtomicNumber_list_3:kConv': 0.85, '0:atom_AtomicNumber_list_4:kConv': 0.95, '0:atom_MorganHash:kDelta': 0.85, '0:atom_Ring_count:kDelta': 0.8, '0:atom_RingSize_list:kConv': 0.75, '0:atom_Hcount:kDelta': 1.0, '0:atom_AtomicNumber_count_1:kDelta': 0.9, '0:atom_AtomicNumber_count_2:kDelta': 1.0, '0:atom_Chiral:kDelta': 0.75, '0:bond_Order:kDelta': 0.9, '0:bond_Stereo:kDelta': 0.75, '0:bond_RingStereo:kDelta': 0.75, '0:q:q': 0.24000000000000002, '1:features_kernel:Matern32': 7062.1, '2:features_kernel:Matern32': 6756.1, '3:features_kernel:Matern32': 9682.1, '4:features_kernel:Matern32': 788.1, '5:features_kernel:Matern32': 3810.1, '6:features_kernel:Matern32': 7531.1, '7:features_kernel:Matern32': 9939.1, '8:features_kernel:Matern32': 9824.1, '9:features_kernel:Matern32': 5212.1, '10:features_kernel:Matern32': 3409.1, '11:features_kernel:Matern32': 4171.1, 'alpha': 0.039}. Best is trial 8 with value: 0.5358395254443831.
/gpfs_common/share03/ddomlab/sdehgha2/working_space/GP_collab/code_python/training/MGK_and_tools/mgktools/mgktools/kernels/base.py:225: UserWarning: The distribution is specified by [0.1, 10000] and step=1, but the range is not divisible by `step`. It will be replaced with [0.1, 9999.1].
  self.unique_name: trial.suggest_float(
[I 2026-05-03 17:24:18,714] Trial 11 finished with value: 0.5458233626285894 and parameters: {'0:atom_AtomicNumber:kDelta': 0.9, '0:atom_AtomicNumber_list_1:kConv': 0.85, '0:atom_AtomicNumber_list_2:kConv': 0.9, '0:atom_AtomicNumber_list_3:kConv': 1.0, '0:atom_AtomicNumber_list_4:kConv': 0.95, '0:atom_MorganHash:kDelta': 0.85, '0:atom_Ring_count:kDelta': 0.9, '0:atom_RingSize_list:kConv': 0.95, '0:atom_Hcount:kDelta': 0.95, '0:atom_AtomicNumber_count_1:kDelta': 0.9, '0:atom_AtomicNumber_count_2:kDelta': 0.9, '0:atom_Chiral:kDelta': 0.85, '0:bond_Order:kDelta': 0.85, '0:bond_Stereo:kDelta': 0.85, '0:bond_RingStereo:kDelta': 0.8, '0:q:q': 0.33, '1:features_kernel:Matern32': 3122.1, '2:features_kernel:Matern32': 141.1, '3:features_kernel:Matern32': 5723.1, '4:features_kernel:Matern32': 4679.1, '5:features_kernel:Matern32': 9886.1, '6:features_kernel:Matern32': 6842.1, '7:features_kernel:Matern32': 3608.1, '8:features_kernel:Matern32': 9465.1, '9:features_kernel:Matern32': 435.1, '10:features_kernel:Matern32': 2258.1, '11:features_kernel:Matern32': 6204.1, 'alpha': 0.05}. Best is trial 8 with value: 0.5358395254443831.
/gpfs_common/share03/ddomlab/sdehgha2/working_space/GP_collab/code_python/training/MGK_and_tools/mgktools/mgktools/kernels/base.py:225: UserWarning: The distribution is specified by [0.1, 10000] and step=1, but the range is not divisible by `step`. It will be replaced with [0.1, 9999.1].
  self.unique_name: trial.suggest_float(
