[I 2026-05-03 17:48:06,941] Trial 12 finished with value: 0.4570334290831184 and parameters: {'0:atom_AtomicNumber:kDelta': 0.8, '0:atom_AtomicNumber_list_1:kConv': 0.85, '0:atom_AtomicNumber_list_2:kConv': 1.0, '0:atom_AtomicNumber_list_3:kConv': 0.85, '0:atom_AtomicNumber_list_4:kConv': 0.95, '0:atom_MorganHash:kDelta': 0.9, '0:atom_Ring_count:kDelta': 0.85, '0:atom_RingSize_list:kConv': 0.8, '0:atom_Hcount:kDelta': 1.0, '0:atom_AtomicNumber_count_1:kDelta': 0.8, '0:atom_AtomicNumber_count_2:kDelta': 0.85, '0:atom_Chiral:kDelta': 0.95, '0:bond_Order:kDelta': 0.9, '0:bond_Stereo:kDelta': 0.95, '0:bond_RingStereo:kDelta': 0.85, '0:q:q': 0.22, '1:features_kernel:Matern32': 9989.1, '2:features_kernel:Matern32': 9652.1, '3:features_kernel:Matern32': 749.1, '4:features_kernel:Matern32': 7.1, '5:features_kernel:Matern32': 62.1, '6:features_kernel:Matern32': 8268.1, '7:features_kernel:Matern32': 56.1, '8:features_kernel:Matern32': 9605.1, '9:features_kernel:Matern32': 444.1, '10:features_kernel:Matern32': 2758.1, '11:features_kernel:Matern32': 9843.1, 'alpha': 0.063}. Best is trial 12 with value: 0.4570334290831184.
/gpfs_common/share03/ddomlab/sdehgha2/working_space/GP_collab/code_python/training/MGK_and_tools/mgktools/mgktools/kernels/base.py:225: UserWarning: The distribution is specified by [0.1, 10000] and step=1, but the range is not divisible by `step`. It will be replaced with [0.1, 9999.1].
  self.unique_name: trial.suggest_float(
[I 2026-05-03 17:48:12,796] Trial 13 finished with value: 0.4404566869488341 and parameters: {'0:atom_AtomicNumber:kDelta': 0.9, '0:atom_AtomicNumber_list_1:kConv': 0.85, '0:atom_AtomicNumber_list_2:kConv': 1.0, '0:atom_AtomicNumber_list_3:kConv': 0.85, '0:atom_AtomicNumber_list_4:kConv': 0.95, '0:atom_MorganHash:kDelta': 0.95, '0:atom_Ring_count:kDelta': 0.8, '0:atom_RingSize_list:kConv': 0.75, '0:atom_Hcount:kDelta': 1.0, '0:atom_AtomicNumber_count_1:kDelta': 0.8, '0:atom_AtomicNumber_count_2:kDelta': 0.9, '0:atom_Chiral:kDelta': 0.95, '0:bond_Order:kDelta': 0.9, '0:bond_Stereo:kDelta': 0.95, '0:bond_RingStereo:kDelta': 0.85, '0:q:q': 0.24000000000000002, '1:features_kernel:Matern32': 7951.1, '2:features_kernel:Matern32': 8770.1, '3:features_kernel:Matern32': 194.1, '4:features_kernel:Matern32': 2.1, '5:features_kernel:Matern32': 2209.1, '6:features_kernel:Matern32': 7360.1, '7:features_kernel:Matern32': 173.1, '8:features_kernel:Matern32': 9948.1, '9:features_kernel:Matern32': 615.1, '10:features_kernel:Matern32': 3246.1, '11:features_kernel:Matern32': 9992.1, 'alpha': 0.067}. Best is trial 13 with value: 0.4404566869488341.
/gpfs_common/share03/ddomlab/sdehgha2/working_space/GP_collab/code_python/training/MGK_and_tools/mgktools/mgktools/kernels/base.py:225: UserWarning: The distribution is specified by [0.1, 10000] and step=1, but the range is not divisible by `step`. It will be replaced with [0.1, 9999.1].
  self.unique_name: trial.suggest_float(
[I 2026-05-03 17:48:18,459] Trial 14 finished with value: 0.5456817832283013 and parameters: {'0:atom_AtomicNumber:kDelta': 0.9, '0:atom_AtomicNumber_list_1:kConv': 0.85, '0:atom_AtomicNumber_list_2:kConv': 0.85, '0:atom_AtomicNumber_list_3:kConv': 0.75, '0:atom_AtomicNumber_list_4:kConv': 0.85, '0:atom_MorganHash:kDelta': 1.0, '0:atom_Ring_count:kDelta': 0.8, '0:atom_RingSize_list:kConv': 0.75, '0:atom_Hcount:kDelta': 1.0, '0:atom_AtomicNumber_count_1:kDelta': 0.8, '0:atom_AtomicNumber_count_2:kDelta': 0.9, '0:atom_Chiral:kDelta': 0.95, '0:bond_Order:kDelta': 0.95, '0:bond_Stereo:kDelta': 1.0, '0:bond_RingStereo:kDelta': 0.8, '0:q:q': 0.31, '1:features_kernel:Matern32': 7763.1, '2:features_kernel:Matern32': 8492.1, '3:features_kernel:Matern32': 1232.1, '4:features_kernel:Matern32': 868.1, '5:features_kernel:Matern32': 2434.1, '6:features_kernel:Matern32': 7317.1, '7:features_kernel:Matern32': 2125.1, '8:features_kernel:Matern32': 6943.1, '9:features_kernel:Matern32': 35.1, '10:features_kernel:Matern32': 1764.1, '11:features_kernel:Matern32': 7997.1, 'alpha': 0.076}. Best is trial 13 with value: 0.4404566869488341.
/gpfs_common/share03/ddomlab/sdehgha2/working_space/GP_collab/code_python/training/MGK_and_tools/mgktools/mgktools/kernels/base.py:225: UserWarning: The distribution is specified by [0.1, 10000] and step=1, but the range is not divisible by `step`. It will be replaced with [0.1, 9999.1].
  self.unique_name: trial.suggest_float(
[I 2026-05-03 17:48:24,036] Trial 15 finished with value: 0.5458388659394029 and parameters: {'0:atom_AtomicNumber:kDelta': 0.8, '0:atom_AtomicNumber_list_1:kConv': 0.85, '0:atom_AtomicNumber_list_2:kConv': 0.95, '0:atom_AtomicNumber_list_3:kConv': 0.95, '0:atom_AtomicNumber_list_4:kConv': 0.95, '0:atom_MorganHash:kDelta': 0.95, '0:atom_Ring_count:kDelta': 0.8, '0:atom_RingSize_list:kConv': 0.8, '0:atom_Hcount:kDelta': 1.0, '0:atom_AtomicNumber_count_1:kDelta': 0.8, '0:atom_AtomicNumber_count_2:kDelta': 0.9, '0:atom_Chiral:kDelta': 0.95, '0:bond_Order:kDelta': 0.9, '0:bond_Stereo:kDelta': 0.9, '0:bond_RingStereo:kDelta': 0.8, '0:q:q': 0.24000000000000002, '1:features_kernel:Matern32': 7844.1, '2:features_kernel:Matern32': 90.1, '3:features_kernel:Matern32': 1866.1, '4:features_kernel:Matern32': 9619.1, '5:features_kernel:Matern32': 1861.1, '6:features_kernel:Matern32': 4966.1, '7:features_kernel:Matern32': 124.1, '8:features_kernel:Matern32': 147.1, '9:features_kernel:Matern32': 1459.1, '10:features_kernel:Matern32': 4110.1, '11:features_kernel:Matern32': 8100.1, 'alpha': 0.058}. Best is trial 13 with value: 0.4404566869488341.
/gpfs_common/share03/ddomlab/sdehgha2/working_space/GP_collab/code_python/training/MGK_and_tools/mgktools/mgktools/kernels/base.py:225: UserWarning: The distribution is specified by [0.1, 10000] and step=1, but the range is not divisible by `step`. It will be replaced with [0.1, 9999.1].
  self.unique_name: trial.suggest_float(
[I 2026-05-03 17:48:30,190] Trial 16 finished with value: 0.5379085332195329 and parameters: {'0:atom_AtomicNumber:kDelta': 0.95, '0:atom_AtomicNumber_list_1:kConv': 0.85, '0:atom_AtomicNumber_list_2:kConv': 0.9, '0:atom_AtomicNumber_list_3:kConv': 0.8, '0:atom_AtomicNumber_list_4:kConv': 0.9, '0:atom_MorganHash:kDelta': 0.95, '0:atom_Ring_count:kDelta': 0.8, '0:atom_RingSize_list:kConv': 0.8, '0:atom_Hcount:kDelta': 0.85, '0:atom_AtomicNumber_count_1:kDelta': 0.75, '0:atom_AtomicNumber_count_2:kDelta': 0.9, '0:atom_Chiral:kDelta': 0.9, '0:bond_Order:kDelta': 0.95, '0:bond_Stereo:kDelta': 0.9, '0:bond_RingStereo:kDelta': 0.85, '0:q:q': 0.17, '1:features_kernel:Matern32': 8017.1, '2:features_kernel:Matern32': 8632.1, '3:features_kernel:Matern32': 31.1, '4:features_kernel:Matern32': 1539.1, '5:features_kernel:Matern32': 3398.1, '6:features_kernel:Matern32': 7840.1, '7:features_kernel:Matern32': 2150.1, '8:features_kernel:Matern32': 8670.1, '9:features_kernel:Matern32': 252.1, '10:features_kernel:Matern32': 2183.1, '11:features_kernel:Matern32': 9982.1, 'alpha': 0.077}. Best is trial 13 with value: 0.4404566869488341.
/gpfs_common/share03/ddomlab/sdehgha2/working_space/GP_collab/code_python/training/MGK_and_tools/mgktools/mgktools/kernels/base.py:225: UserWarning: The distribution is specified by [0.1, 10000] and step=1, but the range is not divisible by `step`. It will be replaced with [0.1, 9999.1].
  self.unique_name: trial.suggest_float(
[I 2026-05-03 17:48:35,540] Trial 17 finished with value: 0.5453403201091644 and parameters: {'0:atom_AtomicNumber:kDelta': 0.9, '0:atom_AtomicNumber_list_1:kConv': 0.95, '0:atom_AtomicNumber_list_2:kConv': 1.0, '0:atom_AtomicNumber_list_3:kConv': 0.95, '0:atom_AtomicNumber_list_4:kConv': 0.95, '0:atom_MorganHash:kDelta': 0.85, '0:atom_Ring_count:kDelta': 0.85, '0:atom_RingSize_list:kConv': 0.75, '0:atom_Hcount:kDelta': 0.95, '0:atom_AtomicNumber_count_1:kDelta': 0.8, '0:atom_AtomicNumber_count_2:kDelta': 0.85, '0:atom_Chiral:kDelta': 0.95, '0:bond_Order:kDelta': 1.0, '0:bond_Stereo:kDelta': 0.95, '0:bond_RingStereo:kDelta': 0.9, '0:q:q': 0.28, '1:features_kernel:Matern32': 5204.1, '2:features_kernel:Matern32': 3455.1, '3:features_kernel:Matern32': 5792.1, '4:features_kernel:Matern32': 3712.1, '5:features_kernel:Matern32': 2036.1, '6:features_kernel:Matern32': 5399.1, '7:features_kernel:Matern32': 1758.1, '8:features_kernel:Matern32': 6137.1, '9:features_kernel:Matern32': 1989.1, '10:features_kernel:Matern32': 4616.1, '11:features_kernel:Matern32': 5174.1, 'alpha': 0.046}. Best is trial 13 with value: 0.4404566869488341.
/gpfs_common/share03/ddomlab/sdehgha2/working_space/GP_collab/code_python/training/MGK_and_tools/mgktools/mgktools/kernels/base.py:225: UserWarning: The distribution is specified by [0.1, 10000] and step=1, but the range is not divisible by `step`. It will be replaced with [0.1, 9999.1].
  self.unique_name: trial.suggest_float(
[I 2026-05-03 17:48:43,280] Trial 18 finished with value: 0.5395875674578552 and parameters: {'0:atom_AtomicNumber:kDelta': 0.95, '0:atom_AtomicNumber_list_1:kConv': 0.75, '0:atom_AtomicNumber_list_2:kConv': 0.95, '0:atom_AtomicNumber_list_3:kConv': 0.85, '0:atom_AtomicNumber_list_4:kConv': 0.9, '0:atom_MorganHash:kDelta': 0.95, '0:atom_Ring_count:kDelta': 0.8, '0:atom_RingSize_list:kConv': 0.8, '0:atom_Hcount:kDelta': 1.0, '0:atom_AtomicNumber_count_1:kDelta': 0.8, '0:atom_AtomicNumber_count_2:kDelta': 0.95, '0:atom_Chiral:kDelta': 0.9, '0:bond_Order:kDelta': 0.9, '0:bond_Stereo:kDelta': 1.0, '0:bond_RingStereo:kDelta': 0.8, '0:q:q': 0.03, '1:features_kernel:Matern32': 8557.1, '2:features_kernel:Matern32': 7427.1, '3:features_kernel:Matern32': 2101.1, '4:features_kernel:Matern32': 1241.1, '5:features_kernel:Matern32': 4404.1, '6:features_kernel:Matern32': 6133.1, '7:features_kernel:Matern32': 8061.1, '8:features_kernel:Matern32': 9919.1, '9:features_kernel:Matern32': 3923.1, '10:features_kernel:Matern32': 40.1, '11:features_kernel:Matern32': 8099.1, 'alpha': 0.08600000000000001}. Best is trial 13 with value: 0.4404566869488341.
/gpfs_common/share03/ddomlab/sdehgha2/working_space/GP_collab/code_python/training/MGK_and_tools/mgktools/mgktools/kernels/base.py:225: UserWarning: The distribution is specified by [0.1, 10000] and step=1, but the range is not divisible by `step`. It will be replaced with [0.1, 9999.1].
  self.unique_name: trial.suggest_float(
[I 2026-05-03 17:48:49,433] Trial 19 finished with value: 0.5486733012926625 and parameters: {'0:atom_AtomicNumber:kDelta': 0.8, '0:atom_AtomicNumber_list_1:kConv': 0.95, '0:atom_AtomicNumber_list_2:kConv': 0.75, '0:atom_AtomicNumber_list_3:kConv': 0.9, '0:atom_AtomicNumber_list_4:kConv': 1.0, '0:atom_MorganHash:kDelta': 1.0, '0:atom_Ring_count:kDelta': 0.85, '0:atom_RingSize_list:kConv': 0.75, '0:atom_Hcount:kDelta': 0.85, '0:atom_AtomicNumber_count_1:kDelta': 0.75, '0:atom_AtomicNumber_count_2:kDelta': 0.8, '0:atom_Chiral:kDelta': 1.0, '0:bond_Order:kDelta': 0.95, '0:bond_Stereo:kDelta': 0.9, '0:bond_RingStereo:kDelta': 0.85, '0:q:q': 0.17, '1:features_kernel:Matern32': 5924.1, '2:features_kernel:Matern32': 9099.1, '3:features_kernel:Matern32': 1312.1, '4:features_kernel:Matern32': 3799.1, '5:features_kernel:Matern32': 1246.1, '6:features_kernel:Matern32': 8232.1, '7:features_kernel:Matern32': 1592.1, '8:features_kernel:Matern32': 3420.1, '9:features_kernel:Matern32': 5552.1, '10:features_kernel:Matern32': 3029.1, '11:features_kernel:Matern32': 6683.1, 'alpha': 0.07200000000000001}. Best is trial 13 with value: 0.4404566869488341.
/gpfs_common/share03/ddomlab/sdehgha2/working_space/GP_collab/code_python/training/MGK_and_tools/mgktools/mgktools/kernels/base.py:225: UserWarning: The distribution is specified by [0.1, 10000] and step=1, but the range is not divisible by `step`. It will be replaced with [0.1, 9999.1].
  self.unique_name: trial.suggest_float(
[I 2026-05-03 17:48:54,412] Trial 20 finished with value: 0.5458801396063933 and parameters: {'0:atom_AtomicNumber:kDelta': 0.75, '0:atom_AtomicNumber_list_1:kConv': 0.85, '0:atom_AtomicNumber_list_2:kConv': 0.8, '0:atom_AtomicNumber_list_3:kConv': 1.0, '0:atom_AtomicNumber_list_4:kConv': 0.85, '0:atom_MorganHash:kDelta': 0.85, '0:atom_Ring_count:kDelta': 0.8, '0:atom_RingSize_list:kConv': 0.8, '0:atom_Hcount:kDelta': 0.95, '0:atom_AtomicNumber_count_1:kDelta': 0.9, '0:atom_AtomicNumber_count_2:kDelta': 0.9, '0:atom_Chiral:kDelta': 0.85, '0:bond_Order:kDelta': 0.9, '0:bond_Stereo:kDelta': 0.95, '0:bond_RingStereo:kDelta': 0.9, '0:q:q': 0.38, '1:features_kernel:Matern32': 8475.1, '2:features_kernel:Matern32': 4378.1, '3:features_kernel:Matern32': 5306.1, '4:features_kernel:Matern32': 930.1, '5:features_kernel:Matern32': 2659.1, '6:features_kernel:Matern32': 4153.1, '7:features_kernel:Matern32': 2827.1, '8:features_kernel:Matern32': 7925.1, '9:features_kernel:Matern32': 2596.1, '10:features_kernel:Matern32': 1532.1, '11:features_kernel:Matern32': 9100.1, 'alpha': 0.052000000000000005}. Best is trial 13 with value: 0.4404566869488341.
/gpfs_common/share03/ddomlab/sdehgha2/working_space/GP_collab/code_python/training/MGK_and_tools/mgktools/mgktools/kernels/base.py:225: UserWarning: The distribution is specified by [0.1, 10000] and step=1, but the range is not divisible by `step`. It will be replaced with [0.1, 9999.1].
  self.unique_name: trial.suggest_float(
[I 2026-05-03 17:49:00,212] Trial 21 finished with value: 0.5367705796737613 and parameters: {'0:atom_AtomicNumber:kDelta': 0.85, '0:atom_AtomicNumber_list_1:kConv': 0.9, '0:atom_AtomicNumber_list_2:kConv': 1.0, '0:atom_AtomicNumber_list_3:kConv': 0.85, '0:atom_AtomicNumber_list_4:kConv': 0.95, '0:atom_MorganHash:kDelta': 0.9, '0:atom_Ring_count:kDelta': 0.85, '0:atom_RingSize_list:kConv': 0.85, '0:atom_Hcount:kDelta': 1.0, '0:atom_AtomicNumber_count_1:kDelta': 0.85, '0:atom_AtomicNumber_count_2:kDelta': 0.85, '0:atom_Chiral:kDelta': 1.0, '0:bond_Order:kDelta': 0.85, '0:bond_Stereo:kDelta': 0.95, '0:bond_RingStereo:kDelta': 0.85, '0:q:q': 0.23, '1:features_kernel:Matern32': 9213.1, '2:features_kernel:Matern32': 9862.1, '3:features_kernel:Matern32': 778.1, '4:features_kernel:Matern32': 178.1, '5:features_kernel:Matern32': 265.1, '6:features_kernel:Matern32': 8758.1, '7:features_kernel:Matern32': 104.1, '8:features_kernel:Matern32': 9718.1, '9:features_kernel:Matern32': 3041.1, '10:features_kernel:Matern32': 3175.1, '11:features_kernel:Matern32': 9991.1, 'alpha': 0.065}. Best is trial 13 with value: 0.4404566869488341.
/gpfs_common/share03/ddomlab/sdehgha2/working_space/GP_collab/code_python/training/MGK_and_tools/mgktools/mgktools/kernels/base.py:225: UserWarning: The distribution is specified by [0.1, 10000] and step=1, but the range is not divisible by `step`. It will be replaced with [0.1, 9999.1].
  self.unique_name: trial.suggest_float(
[I 2026-05-03 17:49:05,772] Trial 22 finished with value: 0.5363391663956826 and parameters: {'0:atom_AtomicNumber:kDelta': 0.85, '0:atom_AtomicNumber_list_1:kConv': 0.9, '0:atom_AtomicNumber_list_2:kConv': 1.0, '0:atom_AtomicNumber_list_3:kConv': 0.85, '0:atom_AtomicNumber_list_4:kConv': 0.95, '0:atom_MorganHash:kDelta': 0.9, '0:atom_Ring_count:kDelta': 0.85, '0:atom_RingSize_list:kConv': 0.85, '0:atom_Hcount:kDelta': 1.0, '0:atom_AtomicNumber_count_1:kDelta': 0.85, '0:atom_AtomicNumber_count_2:kDelta': 0.85, '0:atom_Chiral:kDelta': 1.0, '0:bond_Order:kDelta': 0.8, '0:bond_Stereo:kDelta': 1.0, '0:bond_RingStereo:kDelta': 0.85, '0:q:q': 0.29000000000000004, '1:features_kernel:Matern32': 9762.1, '2:features_kernel:Matern32': 9006.1, '3:features_kernel:Matern32': 73.1, '4:features_kernel:Matern32': 259.1, '5:features_kernel:Matern32': 438.1, '6:features_kernel:Matern32': 6769.1, '7:features_kernel:Matern32': 936.1, '8:features_kernel:Matern32': 8735.1, '9:features_kernel:Matern32': 1046.1, '10:features_kernel:Matern32': 2866.1, '11:features_kernel:Matern32': 8702.1, 'alpha': 0.064}. Best is trial 13 with value: 0.4404566869488341.
/gpfs_common/share03/ddomlab/sdehgha2/working_space/GP_collab/code_python/training/MGK_and_tools/mgktools/mgktools/kernels/base.py:225: UserWarning: The distribution is specified by [0.1, 10000] and step=1, but the range is not divisible by `step`. It will be replaced with [0.1, 9999.1].
  self.unique_name: trial.suggest_float(
[I 2026-05-03 17:49:11,532] Trial 23 finished with value: 0.5474202220465879 and parameters: {'0:atom_AtomicNumber:kDelta': 0.9, '0:atom_AtomicNumber_list_1:kConv': 0.85, '0:atom_AtomicNumber_list_2:kConv': 0.95, '0:atom_AtomicNumber_list_3:kConv': 0.8, '0:atom_AtomicNumber_list_4:kConv': 0.9, '0:atom_MorganHash:kDelta': 0.95, '0:atom_Ring_count:kDelta': 0.9, '0:atom_RingSize_list:kConv': 0.8, '0:atom_Hcount:kDelta': 0.95, '0:atom_AtomicNumber_count_1:kDelta': 0.8, '0:atom_AtomicNumber_count_2:kDelta': 0.8, '0:atom_Chiral:kDelta': 0.95, '0:bond_Order:kDelta': 0.85, '0:bond_Stereo:kDelta': 0.9, '0:bond_RingStereo:kDelta': 0.8, '0:q:q': 0.19, '1:features_kernel:Matern32': 7328.1, '2:features_kernel:Matern32': 7562.1, '3:features_kernel:Matern32': 3263.1, '4:features_kernel:Matern32': 1585.1, '5:features_kernel:Matern32': 1455.1, '6:features_kernel:Matern32': 9876.1, '7:features_kernel:Matern32': 285.1, '8:features_kernel:Matern32': 9261.1, '9:features_kernel:Matern32': 1491.1, '10:features_kernel:Matern32': 5043.1, '11:features_kernel:Matern32': 7274.1, 'alpha': 0.08800000000000001}. Best is trial 13 with value: 0.4404566869488341.
/gpfs_common/share03/ddomlab/sdehgha2/working_space/GP_collab/code_python/training/MGK_and_tools/mgktools/mgktools/kernels/base.py:225: UserWarning: The distribution is specified by [0.1, 10000] and step=1, but the range is not divisible by `step`. It will be replaced with [0.1, 9999.1].
  self.unique_name: trial.suggest_float(
[I 2026-05-03 17:49:17,302] Trial 24 finished with value: 0.5134830886088466 and parameters: {'0:atom_AtomicNumber:kDelta': 0.85, '0:atom_AtomicNumber_list_1:kConv': 0.9, '0:atom_AtomicNumber_list_2:kConv': 1.0, '0:atom_AtomicNumber_list_3:kConv': 0.85, '0:atom_AtomicNumber_list_4:kConv': 1.0, '0:atom_MorganHash:kDelta': 0.9, '0:atom_Ring_count:kDelta': 0.8, '0:atom_RingSize_list:kConv': 0.75, '0:atom_Hcount:kDelta': 1.0, '0:atom_AtomicNumber_count_1:kDelta': 0.95, '0:atom_AtomicNumber_count_2:kDelta': 0.85, '0:atom_Chiral:kDelta': 1.0, '0:bond_Order:kDelta': 0.9, '0:bond_Stereo:kDelta': 0.95, '0:bond_RingStereo:kDelta': 0.85, '0:q:q': 0.24000000000000002, '1:features_kernel:Matern32': 8797.1, '2:features_kernel:Matern32': 9928.1, '3:features_kernel:Matern32': 1087.1, '4:features_kernel:Matern32': 2138.1, '5:features_kernel:Matern32': 49.1, '6:features_kernel:Matern32': 8349.1, '7:features_kernel:Matern32': 1292.1, '8:features_kernel:Matern32': 9961.1, '9:features_kernel:Matern32': 354.1, '10:features_kernel:Matern32': 3498.1, '11:features_kernel:Matern32': 9024.1, 'alpha': 0.060000000000000005}. Best is trial 13 with value: 0.4404566869488341.
/gpfs_common/share03/ddomlab/sdehgha2/working_space/GP_collab/code_python/training/MGK_and_tools/mgktools/mgktools/kernels/base.py:225: UserWarning: The distribution is specified by [0.1, 10000] and step=1, but the range is not divisible by `step`. It will be replaced with [0.1, 9999.1].
  self.unique_name: trial.suggest_float(
[I 2026-05-03 17:49:22,695] Trial 25 finished with value: 0.5446127839527695 and parameters: {'0:atom_AtomicNumber:kDelta': 0.8, '0:atom_AtomicNumber_list_1:kConv': 0.95, '0:atom_AtomicNumber_list_2:kConv': 1.0, '0:atom_AtomicNumber_list_3:kConv': 0.9, '0:atom_AtomicNumber_list_4:kConv': 1.0, '0:atom_MorganHash:kDelta': 0.85, '0:atom_Ring_count:kDelta': 0.8, '0:atom_RingSize_list:kConv': 0.75, '0:atom_Hcount:kDelta': 1.0, '0:atom_AtomicNumber_count_1:kDelta': 0.95, '0:atom_AtomicNumber_count_2:kDelta': 0.9, '0:atom_Chiral:kDelta': 0.95, '0:bond_Order:kDelta': 0.9, '0:bond_Stereo:kDelta': 0.9, '0:bond_RingStereo:kDelta': 0.9, '0:q:q': 0.27, '1:features_kernel:Matern32': 8823.1, '2:features_kernel:Matern32': 8282.1, '3:features_kernel:Matern32': 1550.1, '4:features_kernel:Matern32': 2577.1, '5:features_kernel:Matern32': 1045.1, '6:features_kernel:Matern32': 8211.1, '7:features_kernel:Matern32': 1412.1, '8:features_kernel:Matern32': 8115.1, '9:features_kernel:Matern32': 566.1, '10:features_kernel:Matern32': 3848.1, '11:features_kernel:Matern32': 8510.1, 'alpha': 0.044000000000000004}. Best is trial 13 with value: 0.4404566869488341.
/gpfs_common/share03/ddomlab/sdehgha2/working_space/GP_collab/code_python/training/MGK_and_tools/mgktools/mgktools/kernels/base.py:225: UserWarning: The distribution is specified by [0.1, 10000] and step=1, but the range is not divisible by `step`. It will be replaced with [0.1, 9999.1].
  self.unique_name: trial.suggest_float(
