[I 2026-05-03 17:25:36,078] Trial 26 finished with value: 0.5368402207479018 and parameters: {'0:atom_AtomicNumber:kDelta': 0.9, '0:atom_AtomicNumber_list_1:kConv': 0.95, '0:atom_AtomicNumber_list_2:kConv': 0.8, '0:atom_AtomicNumber_list_3:kConv': 0.85, '0:atom_AtomicNumber_list_4:kConv': 0.8, '0:atom_MorganHash:kDelta': 0.8, '0:atom_Ring_count:kDelta': 0.8, '0:atom_RingSize_list:kConv': 0.85, '0:atom_Hcount:kDelta': 0.95, '0:atom_AtomicNumber_count_1:kDelta': 0.75, '0:atom_AtomicNumber_count_2:kDelta': 0.85, '0:atom_Chiral:kDelta': 0.95, '0:bond_Order:kDelta': 0.9, '0:bond_Stereo:kDelta': 0.75, '0:bond_RingStereo:kDelta': 0.75, '0:q:q': 0.19, '1:features_kernel:Matern32': 8823.1, '2:features_kernel:Matern32': 1374.1, '3:features_kernel:Matern32': 8980.1, '4:features_kernel:Matern32': 1528.1, '5:features_kernel:Matern32': 1378.1, '6:features_kernel:Matern32': 7819.1, '7:features_kernel:Matern32': 6333.1, '8:features_kernel:Matern32': 5970.1, '9:features_kernel:Matern32': 7246.1, '10:features_kernel:Matern32': 6663.1, '11:features_kernel:Matern32': 74.1, 'alpha': 0.024}. Best is trial 24 with value: 0.46241983127438957.
/gpfs_common/share03/ddomlab/sdehgha2/working_space/GP_collab/code_python/training/MGK_and_tools/mgktools/mgktools/kernels/base.py:225: UserWarning: The distribution is specified by [0.1, 10000] and step=1, but the range is not divisible by `step`. It will be replaced with [0.1, 9999.1].
  self.unique_name: trial.suggest_float(
[I 2026-05-03 17:25:41,392] Trial 27 finished with value: 0.5400832968059804 and parameters: {'0:atom_AtomicNumber:kDelta': 0.95, '0:atom_AtomicNumber_list_1:kConv': 0.9, '0:atom_AtomicNumber_list_2:kConv': 0.85, '0:atom_AtomicNumber_list_3:kConv': 0.8, '0:atom_AtomicNumber_list_4:kConv': 1.0, '0:atom_MorganHash:kDelta': 0.8, '0:atom_Ring_count:kDelta': 0.85, '0:atom_RingSize_list:kConv': 0.75, '0:atom_Hcount:kDelta': 1.0, '0:atom_AtomicNumber_count_1:kDelta': 0.8, '0:atom_AtomicNumber_count_2:kDelta': 0.8, '0:atom_Chiral:kDelta': 0.9, '0:bond_Order:kDelta': 1.0, '0:bond_Stereo:kDelta': 0.8, '0:bond_RingStereo:kDelta': 0.85, '0:q:q': 0.38, '1:features_kernel:Matern32': 7871.1, '2:features_kernel:Matern32': 4539.1, '3:features_kernel:Matern32': 6120.1, '4:features_kernel:Matern32': 860.1, '5:features_kernel:Matern32': 1043.1, '6:features_kernel:Matern32': 8932.1, '7:features_kernel:Matern32': 5173.1, '8:features_kernel:Matern32': 254.1, '9:features_kernel:Matern32': 5651.1, '10:features_kernel:Matern32': 5008.1, '11:features_kernel:Matern32': 9731.1, 'alpha': 0.011}. Best is trial 24 with value: 0.46241983127438957.
/gpfs_common/share03/ddomlab/sdehgha2/working_space/GP_collab/code_python/training/MGK_and_tools/mgktools/mgktools/kernels/base.py:225: UserWarning: The distribution is specified by [0.1, 10000] and step=1, but the range is not divisible by `step`. It will be replaced with [0.1, 9999.1].
  self.unique_name: trial.suggest_float(
[I 2026-05-03 17:25:46,821] Trial 28 finished with value: 0.5351175562463656 and parameters: {'0:atom_AtomicNumber:kDelta': 0.85, '0:atom_AtomicNumber_list_1:kConv': 1.0, '0:atom_AtomicNumber_list_2:kConv': 0.75, '0:atom_AtomicNumber_list_3:kConv': 0.9, '0:atom_AtomicNumber_list_4:kConv': 0.95, '0:atom_MorganHash:kDelta': 0.8, '0:atom_Ring_count:kDelta': 0.9, '0:atom_RingSize_list:kConv': 0.8, '0:atom_Hcount:kDelta': 0.95, '0:atom_AtomicNumber_count_1:kDelta': 0.75, '0:atom_AtomicNumber_count_2:kDelta': 0.9, '0:atom_Chiral:kDelta': 0.85, '0:bond_Order:kDelta': 0.85, '0:bond_Stereo:kDelta': 0.85, '0:bond_RingStereo:kDelta': 0.95, '0:q:q': 0.3, '1:features_kernel:Matern32': 9325.1, '2:features_kernel:Matern32': 3271.1, '3:features_kernel:Matern32': 5125.1, '4:features_kernel:Matern32': 157.1, '5:features_kernel:Matern32': 2001.1, '6:features_kernel:Matern32': 5091.1, '7:features_kernel:Matern32': 7455.1, '8:features_kernel:Matern32': 1260.1, '9:features_kernel:Matern32': 8279.1, '10:features_kernel:Matern32': 3937.1, '11:features_kernel:Matern32': 4387.1, 'alpha': 0.014000000000000002}. Best is trial 24 with value: 0.46241983127438957.
/gpfs_common/share03/ddomlab/sdehgha2/working_space/GP_collab/code_python/training/MGK_and_tools/mgktools/mgktools/kernels/base.py:225: UserWarning: The distribution is specified by [0.1, 10000] and step=1, but the range is not divisible by `step`. It will be replaced with [0.1, 9999.1].
  self.unique_name: trial.suggest_float(
[I 2026-05-03 17:25:51,950] Trial 29 finished with value: 0.5450407125577452 and parameters: {'0:atom_AtomicNumber:kDelta': 0.75, '0:atom_AtomicNumber_list_1:kConv': 0.8, '0:atom_AtomicNumber_list_2:kConv': 0.95, '0:atom_AtomicNumber_list_3:kConv': 0.95, '0:atom_AtomicNumber_list_4:kConv': 1.0, '0:atom_MorganHash:kDelta': 0.9, '0:atom_Ring_count:kDelta': 0.75, '0:atom_RingSize_list:kConv': 0.85, '0:atom_Hcount:kDelta': 0.9, '0:atom_AtomicNumber_count_1:kDelta': 0.9, '0:atom_AtomicNumber_count_2:kDelta': 0.75, '0:atom_Chiral:kDelta': 0.9, '0:bond_Order:kDelta': 0.8, '0:bond_Stereo:kDelta': 0.75, '0:bond_RingStereo:kDelta': 0.75, '0:q:q': 0.35000000000000003, '1:features_kernel:Matern32': 8182.1, '2:features_kernel:Matern32': 2850.1, '3:features_kernel:Matern32': 4586.1, '4:features_kernel:Matern32': 2982.1, '5:features_kernel:Matern32': 4671.1, '6:features_kernel:Matern32': 9848.1, '7:features_kernel:Matern32': 3275.1, '8:features_kernel:Matern32': 4916.1, '9:features_kernel:Matern32': 6495.1, '10:features_kernel:Matern32': 5144.1, '11:features_kernel:Matern32': 6380.1, 'alpha': 0.025}. Best is trial 24 with value: 0.46241983127438957.
/gpfs_common/share03/ddomlab/sdehgha2/working_space/GP_collab/code_python/training/MGK_and_tools/mgktools/mgktools/kernels/base.py:225: UserWarning: The distribution is specified by [0.1, 10000] and step=1, but the range is not divisible by `step`. It will be replaced with [0.1, 9999.1].
  self.unique_name: trial.suggest_float(
[I 2026-05-03 17:25:57,426] Trial 30 finished with value: 0.5113719417196307 and parameters: {'0:atom_AtomicNumber:kDelta': 0.95, '0:atom_AtomicNumber_list_1:kConv': 0.85, '0:atom_AtomicNumber_list_2:kConv': 0.9, '0:atom_AtomicNumber_list_3:kConv': 1.0, '0:atom_AtomicNumber_list_4:kConv': 0.9, '0:atom_MorganHash:kDelta': 0.85, '0:atom_Ring_count:kDelta': 0.9, '0:atom_RingSize_list:kConv': 0.75, '0:atom_Hcount:kDelta': 0.9, '0:atom_AtomicNumber_count_1:kDelta': 0.95, '0:atom_AtomicNumber_count_2:kDelta': 0.8, '0:atom_Chiral:kDelta': 1.0, '0:bond_Order:kDelta': 0.95, '0:bond_Stereo:kDelta': 0.9, '0:bond_RingStereo:kDelta': 0.85, '0:q:q': 0.32, '1:features_kernel:Matern32': 7224.1, '2:features_kernel:Matern32': 1693.1, '3:features_kernel:Matern32': 6272.1, '4:features_kernel:Matern32': 3980.1, '5:features_kernel:Matern32': 41.1, '6:features_kernel:Matern32': 7251.1, '7:features_kernel:Matern32': 2794.1, '8:features_kernel:Matern32': 6430.1, '9:features_kernel:Matern32': 7421.1, '10:features_kernel:Matern32': 6713.1, '11:features_kernel:Matern32': 8133.1, 'alpha': 0.061}. Best is trial 24 with value: 0.46241983127438957.
/gpfs_common/share03/ddomlab/sdehgha2/working_space/GP_collab/code_python/training/MGK_and_tools/mgktools/mgktools/kernels/base.py:225: UserWarning: The distribution is specified by [0.1, 10000] and step=1, but the range is not divisible by `step`. It will be replaced with [0.1, 9999.1].
  self.unique_name: trial.suggest_float(
[I 2026-05-03 17:26:02,819] Trial 31 finished with value: 0.5447881134867332 and parameters: {'0:atom_AtomicNumber:kDelta': 0.95, '0:atom_AtomicNumber_list_1:kConv': 0.85, '0:atom_AtomicNumber_list_2:kConv': 0.9, '0:atom_AtomicNumber_list_3:kConv': 1.0, '0:atom_AtomicNumber_list_4:kConv': 0.9, '0:atom_MorganHash:kDelta': 0.85, '0:atom_Ring_count:kDelta': 0.9, '0:atom_RingSize_list:kConv': 0.75, '0:atom_Hcount:kDelta': 0.9, '0:atom_AtomicNumber_count_1:kDelta': 0.95, '0:atom_AtomicNumber_count_2:kDelta': 0.8, '0:atom_Chiral:kDelta': 1.0, '0:bond_Order:kDelta': 0.95, '0:bond_Stereo:kDelta': 0.9, '0:bond_RingStereo:kDelta': 0.85, '0:q:q': 0.33, '1:features_kernel:Matern32': 7585.1, '2:features_kernel:Matern32': 1170.1, '3:features_kernel:Matern32': 6457.1, '4:features_kernel:Matern32': 7861.1, '5:features_kernel:Matern32': 697.1, '6:features_kernel:Matern32': 7343.1, '7:features_kernel:Matern32': 2550.1, '8:features_kernel:Matern32': 6080.1, '9:features_kernel:Matern32': 7401.1, '10:features_kernel:Matern32': 6716.1, '11:features_kernel:Matern32': 8246.1, 'alpha': 0.058}. Best is trial 24 with value: 0.46241983127438957.
/gpfs_common/share03/ddomlab/sdehgha2/working_space/GP_collab/code_python/training/MGK_and_tools/mgktools/mgktools/kernels/base.py:225: UserWarning: The distribution is specified by [0.1, 10000] and step=1, but the range is not divisible by `step`. It will be replaced with [0.1, 9999.1].
  self.unique_name: trial.suggest_float(
[I 2026-05-03 17:26:08,086] Trial 32 finished with value: 0.5443098765024272 and parameters: {'0:atom_AtomicNumber:kDelta': 0.95, '0:atom_AtomicNumber_list_1:kConv': 0.9, '0:atom_AtomicNumber_list_2:kConv': 0.95, '0:atom_AtomicNumber_list_3:kConv': 1.0, '0:atom_AtomicNumber_list_4:kConv': 0.9, '0:atom_MorganHash:kDelta': 0.8, '0:atom_Ring_count:kDelta': 0.85, '0:atom_RingSize_list:kConv': 0.75, '0:atom_Hcount:kDelta': 0.9, '0:atom_AtomicNumber_count_1:kDelta': 0.95, '0:atom_AtomicNumber_count_2:kDelta': 0.85, '0:atom_Chiral:kDelta': 0.95, '0:bond_Order:kDelta': 0.9, '0:bond_Stereo:kDelta': 0.9, '0:bond_RingStereo:kDelta': 0.8, '0:q:q': 0.27, '1:features_kernel:Matern32': 6980.1, '2:features_kernel:Matern32': 2181.1, '3:features_kernel:Matern32': 5404.1, '4:features_kernel:Matern32': 4267.1, '5:features_kernel:Matern32': 917.1, '6:features_kernel:Matern32': 4510.1, '7:features_kernel:Matern32': 630.1, '8:features_kernel:Matern32': 4822.1, '9:features_kernel:Matern32': 8830.1, '10:features_kernel:Matern32': 6827.1, '11:features_kernel:Matern32': 7573.1, 'alpha': 0.044000000000000004}. Best is trial 24 with value: 0.46241983127438957.
/gpfs_common/share03/ddomlab/sdehgha2/working_space/GP_collab/code_python/training/MGK_and_tools/mgktools/mgktools/kernels/base.py:225: UserWarning: The distribution is specified by [0.1, 10000] and step=1, but the range is not divisible by `step`. It will be replaced with [0.1, 9999.1].
  self.unique_name: trial.suggest_float(
[I 2026-05-03 17:26:13,078] Trial 33 finished with value: 0.5136555991790953 and parameters: {'0:atom_AtomicNumber:kDelta': 0.9, '0:atom_AtomicNumber_list_1:kConv': 0.8, '0:atom_AtomicNumber_list_2:kConv': 0.85, '0:atom_AtomicNumber_list_3:kConv': 1.0, '0:atom_AtomicNumber_list_4:kConv': 0.85, '0:atom_MorganHash:kDelta': 0.85, '0:atom_Ring_count:kDelta': 0.95, '0:atom_RingSize_list:kConv': 0.8, '0:atom_Hcount:kDelta': 0.95, '0:atom_AtomicNumber_count_1:kDelta': 0.8, '0:atom_AtomicNumber_count_2:kDelta': 0.75, '0:atom_Chiral:kDelta': 1.0, '0:bond_Order:kDelta': 1.0, '0:bond_Stereo:kDelta': 0.95, '0:bond_RingStereo:kDelta': 0.95, '0:q:q': 0.46, '1:features_kernel:Matern32': 9531.1, '2:features_kernel:Matern32': 4120.1, '3:features_kernel:Matern32': 7685.1, '4:features_kernel:Matern32': 5752.1, '5:features_kernel:Matern32': 44.1, '6:features_kernel:Matern32': 3119.1, '7:features_kernel:Matern32': 4127.1, '8:features_kernel:Matern32': 6482.1, '9:features_kernel:Matern32': 6045.1, '10:features_kernel:Matern32': 1368.1, '11:features_kernel:Matern32': 8491.1, 'alpha': 0.061}. Best is trial 24 with value: 0.46241983127438957.
/gpfs_common/share03/ddomlab/sdehgha2/working_space/GP_collab/code_python/training/MGK_and_tools/mgktools/mgktools/kernels/base.py:225: UserWarning: The distribution is specified by [0.1, 10000] and step=1, but the range is not divisible by `step`. It will be replaced with [0.1, 9999.1].
  self.unique_name: trial.suggest_float(
[I 2026-05-03 17:26:18,246] Trial 34 finished with value: 0.5436960751607276 and parameters: {'0:atom_AtomicNumber:kDelta': 0.8, '0:atom_AtomicNumber_list_1:kConv': 0.85, '0:atom_AtomicNumber_list_2:kConv': 0.9, '0:atom_AtomicNumber_list_3:kConv': 0.95, '0:atom_AtomicNumber_list_4:kConv': 0.9, '0:atom_MorganHash:kDelta': 0.9, '0:atom_Ring_count:kDelta': 0.85, '0:atom_RingSize_list:kConv': 0.8, '0:atom_Hcount:kDelta': 1.0, '0:atom_AtomicNumber_count_1:kDelta': 0.85, '0:atom_AtomicNumber_count_2:kDelta': 0.8, '0:atom_Chiral:kDelta': 0.95, '0:bond_Order:kDelta': 0.95, '0:bond_Stereo:kDelta': 0.8, '0:bond_RingStereo:kDelta': 0.75, '0:q:q': 0.32, '1:features_kernel:Matern32': 5406.1, '2:features_kernel:Matern32': 4853.1, '3:features_kernel:Matern32': 4168.1, '4:features_kernel:Matern32': 1673.1, '5:features_kernel:Matern32': 1737.1, '6:features_kernel:Matern32': 6431.1, '7:features_kernel:Matern32': 6116.1, '8:features_kernel:Matern32': 3379.1, '9:features_kernel:Matern32': 7659.1, '10:features_kernel:Matern32': 4407.1, '11:features_kernel:Matern32': 6617.1, 'alpha': 0.019000000000000003}. Best is trial 24 with value: 0.46241983127438957.
/gpfs_common/share03/ddomlab/sdehgha2/working_space/GP_collab/code_python/training/MGK_and_tools/mgktools/mgktools/kernels/base.py:225: UserWarning: The distribution is specified by [0.1, 10000] and step=1, but the range is not divisible by `step`. It will be replaced with [0.1, 9999.1].
  self.unique_name: trial.suggest_float(
[I 2026-05-03 17:26:23,425] Trial 35 finished with value: 0.5064423422808491 and parameters: {'0:atom_AtomicNumber:kDelta': 0.95, '0:atom_AtomicNumber_list_1:kConv': 0.95, '0:atom_AtomicNumber_list_2:kConv': 0.85, '0:atom_AtomicNumber_list_3:kConv': 1.0, '0:atom_AtomicNumber_list_4:kConv': 0.9, '0:atom_MorganHash:kDelta': 0.85, '0:atom_Ring_count:kDelta': 0.9, '0:atom_RingSize_list:kConv': 1.0, '0:atom_Hcount:kDelta': 0.85, '0:atom_AtomicNumber_count_1:kDelta': 0.8, '0:atom_AtomicNumber_count_2:kDelta': 0.8, '0:atom_Chiral:kDelta': 0.85, '0:bond_Order:kDelta': 0.9, '0:bond_Stereo:kDelta': 0.85, '0:bond_RingStereo:kDelta': 0.85, '0:q:q': 0.4, '1:features_kernel:Matern32': 4047.1, '2:features_kernel:Matern32': 3287.1, '3:features_kernel:Matern32': 5926.1, '4:features_kernel:Matern32': 791.1, '5:features_kernel:Matern32': 79.1, '6:features_kernel:Matern32': 5326.1, '7:features_kernel:Matern32': 5365.1, '8:features_kernel:Matern32': 2602.1, '9:features_kernel:Matern32': 6988.1, '10:features_kernel:Matern32': 9169.1, '11:features_kernel:Matern32': 9181.1, 'alpha': 0.008}. Best is trial 24 with value: 0.46241983127438957.
/gpfs_common/share03/ddomlab/sdehgha2/working_space/GP_collab/code_python/training/MGK_and_tools/mgktools/mgktools/kernels/base.py:225: UserWarning: The distribution is specified by [0.1, 10000] and step=1, but the range is not divisible by `step`. It will be replaced with [0.1, 9999.1].
  self.unique_name: trial.suggest_float(
[I 2026-05-03 17:26:28,424] Trial 36 finished with value: 0.5405517207215313 and parameters: {'0:atom_AtomicNumber:kDelta': 0.85, '0:atom_AtomicNumber_list_1:kConv': 0.95, '0:atom_AtomicNumber_list_2:kConv': 0.85, '0:atom_AtomicNumber_list_3:kConv': 0.95, '0:atom_AtomicNumber_list_4:kConv': 0.95, '0:atom_MorganHash:kDelta': 0.8, '0:atom_Ring_count:kDelta': 0.85, '0:atom_RingSize_list:kConv': 1.0, '0:atom_Hcount:kDelta': 0.85, '0:atom_AtomicNumber_count_1:kDelta': 0.8, '0:atom_AtomicNumber_count_2:kDelta': 0.85, '0:atom_Chiral:kDelta': 0.85, '0:bond_Order:kDelta': 0.9, '0:bond_Stereo:kDelta': 0.85, '0:bond_RingStereo:kDelta': 0.9, '0:q:q': 0.45, '1:features_kernel:Matern32': 3947.1, '2:features_kernel:Matern32': 3260.1, '3:features_kernel:Matern32': 3463.1, '4:features_kernel:Matern32': 573.1, '5:features_kernel:Matern32': 1100.1, '6:features_kernel:Matern32': 5387.1, '7:features_kernel:Matern32': 5347.1, '8:features_kernel:Matern32': 2505.1, '9:features_kernel:Matern32': 6804.1, '10:features_kernel:Matern32': 9553.1, '11:features_kernel:Matern32': 9214.1, 'alpha': 0.009000000000000001}. Best is trial 24 with value: 0.46241983127438957.
/gpfs_common/share03/ddomlab/sdehgha2/working_space/GP_collab/code_python/training/MGK_and_tools/mgktools/mgktools/kernels/base.py:225: UserWarning: The distribution is specified by [0.1, 10000] and step=1, but the range is not divisible by `step`. It will be replaced with [0.1, 9999.1].
  self.unique_name: trial.suggest_float(
[I 2026-05-03 17:26:33,377] Trial 37 finished with value: 0.5464782713812217 and parameters: {'0:atom_AtomicNumber:kDelta': 0.75, '0:atom_AtomicNumber_list_1:kConv': 0.95, '0:atom_AtomicNumber_list_2:kConv': 0.8, '0:atom_AtomicNumber_list_3:kConv': 0.9, '0:atom_AtomicNumber_list_4:kConv': 0.85, '0:atom_MorganHash:kDelta': 0.95, '0:atom_Ring_count:kDelta': 1.0, '0:atom_RingSize_list:kConv': 1.0, '0:atom_Hcount:kDelta': 0.8, '0:atom_AtomicNumber_count_1:kDelta': 0.8, '0:atom_AtomicNumber_count_2:kDelta': 0.75, '0:atom_Chiral:kDelta': 0.85, '0:bond_Order:kDelta': 0.85, '0:bond_Stereo:kDelta': 0.8, '0:bond_RingStereo:kDelta': 1.0, '0:q:q': 0.39, '1:features_kernel:Matern32': 3002.1, '2:features_kernel:Matern32': 3623.1, '3:features_kernel:Matern32': 5858.1, '4:features_kernel:Matern32': 1119.1, '5:features_kernel:Matern32': 2822.1, '6:features_kernel:Matern32': 4336.1, '7:features_kernel:Matern32': 5956.1, '8:features_kernel:Matern32': 1295.1, '9:features_kernel:Matern32': 9995.1, '10:features_kernel:Matern32': 9206.1, '11:features_kernel:Matern32': 1892.1, 'alpha': 0.015}. Best is trial 24 with value: 0.46241983127438957.
/gpfs_common/share03/ddomlab/sdehgha2/working_space/GP_collab/code_python/training/MGK_and_tools/mgktools/mgktools/kernels/base.py:225: UserWarning: The distribution is specified by [0.1, 10000] and step=1, but the range is not divisible by `step`. It will be replaced with [0.1, 9999.1].
  self.unique_name: trial.suggest_float(
[I 2026-05-03 17:26:38,538] Trial 38 finished with value: 0.5418796717239974 and parameters: {'0:atom_AtomicNumber:kDelta': 1.0, '0:atom_AtomicNumber_list_1:kConv': 0.9, '0:atom_AtomicNumber_list_2:kConv': 0.85, '0:atom_AtomicNumber_list_3:kConv': 0.85, '0:atom_AtomicNumber_list_4:kConv': 0.9, '0:atom_MorganHash:kDelta': 0.75, '0:atom_Ring_count:kDelta': 0.95, '0:atom_RingSize_list:kConv': 0.85, '0:atom_Hcount:kDelta': 0.85, '0:atom_AtomicNumber_count_1:kDelta': 0.75, '0:atom_AtomicNumber_count_2:kDelta': 0.8, '0:atom_Chiral:kDelta': 0.9, '0:bond_Order:kDelta': 0.8, '0:bond_Stereo:kDelta': 0.8, '0:bond_RingStereo:kDelta': 0.8, '0:q:q': 0.36000000000000004, '1:features_kernel:Matern32': 4177.1, '2:features_kernel:Matern32': 6270.1, '3:features_kernel:Matern32': 8878.1, '4:features_kernel:Matern32': 2957.1, '5:features_kernel:Matern32': 1516.1, '6:features_kernel:Matern32': 69.1, '7:features_kernel:Matern32': 6900.1, '8:features_kernel:Matern32': 2182.1, '9:features_kernel:Matern32': 5035.1, '10:features_kernel:Matern32': 8981.1, '11:features_kernel:Matern32': 2489.1, 'alpha': 0.006}. Best is trial 24 with value: 0.46241983127438957.
/gpfs_common/share03/ddomlab/sdehgha2/working_space/GP_collab/code_python/training/MGK_and_tools/mgktools/mgktools/kernels/base.py:225: UserWarning: The distribution is specified by [0.1, 10000] and step=1, but the range is not divisible by `step`. It will be replaced with [0.1, 9999.1].
  self.unique_name: trial.suggest_float(
[I 2026-05-03 17:26:43,703] Trial 39 finished with value: 0.5440256677661972 and parameters: {'0:atom_AtomicNumber:kDelta': 0.75, '0:atom_AtomicNumber_list_1:kConv': 0.95, '0:atom_AtomicNumber_list_2:kConv': 0.8, '0:atom_AtomicNumber_list_3:kConv': 0.75, '0:atom_AtomicNumber_list_4:kConv': 0.95, '0:atom_MorganHash:kDelta': 0.85, '0:atom_Ring_count:kDelta': 0.8, '0:atom_RingSize_list:kConv': 0.95, '0:atom_Hcount:kDelta': 1.0, '0:atom_AtomicNumber_count_1:kDelta': 0.8, '0:atom_AtomicNumber_count_2:kDelta': 0.9, '0:atom_Chiral:kDelta': 0.85, '0:bond_Order:kDelta': 0.9, '0:bond_Stereo:kDelta': 0.85, '0:bond_RingStereo:kDelta': 0.95, '0:q:q': 0.41000000000000003, '1:features_kernel:Matern32': 8906.1, '2:features_kernel:Matern32': 2831.1, '3:features_kernel:Matern32': 7563.1, '4:features_kernel:Matern32': 536.1, '5:features_kernel:Matern32': 6787.1, '6:features_kernel:Matern32': 2982.1, '7:features_kernel:Matern32': 4877.1, '8:features_kernel:Matern32': 5439.1, '9:features_kernel:Matern32': 8864.1, '10:features_kernel:Matern32': 8620.1, '11:features_kernel:Matern32': 7700.1, 'alpha': 0.028}. Best is trial 24 with value: 0.46241983127438957.
/gpfs_common/share03/ddomlab/sdehgha2/working_space/GP_collab/code_python/training/MGK_and_tools/mgktools/mgktools/kernels/base.py:225: UserWarning: The distribution is specified by [0.1, 10000] and step=1, but the range is not divisible by `step`. It will be replaced with [0.1, 9999.1].
  self.unique_name: trial.suggest_float(
