[I 2026-05-03 16:58:18,326] Trial 26 finished with value: 0.5450036850263225 and parameters: {'0:atom_AtomicNumber:kDelta': 0.85, '0:atom_AtomicNumber_list_1:kConv': 0.95, '0:atom_AtomicNumber_list_2:kConv': 0.75, '0:atom_AtomicNumber_list_3:kConv': 1.0, '0:atom_AtomicNumber_list_4:kConv': 0.8, '0:atom_MorganHash:kDelta': 0.85, '0:atom_Ring_count:kDelta': 1.0, '0:atom_RingSize_list:kConv': 0.95, '0:atom_Hcount:kDelta': 0.8, '0:atom_AtomicNumber_count_1:kDelta': 0.9, '0:atom_AtomicNumber_count_2:kDelta': 0.85, '0:atom_Chiral:kDelta': 0.8, '0:bond_Order:kDelta': 0.95, '0:bond_Stereo:kDelta': 0.85, '0:bond_RingStereo:kDelta': 0.9, '0:q:q': 0.38, '1:features_kernel:Matern32': 5343.1, '2:features_kernel:Matern32': 7924.1, '3:features_kernel:Matern32': 6052.1, '4:features_kernel:Matern32': 7911.1, '5:features_kernel:Matern32': 9941.1, '6:features_kernel:Matern32': 5264.1, '7:features_kernel:Matern32': 4448.1, '8:features_kernel:Matern32': 9080.1, '9:features_kernel:Matern32': 5513.1, '10:features_kernel:Matern32': 3674.1, '11:features_kernel:Matern32': 1801.1, 'alpha': 0.008}. Best is trial 12 with value: 0.4952206020973195.
/gpfs_common/share03/ddomlab/sdehgha2/working_space/GP_collab/code_python/training/MGK_and_tools/mgktools/mgktools/kernels/base.py:225: UserWarning: The distribution is specified by [0.1, 10000] and step=1, but the range is not divisible by `step`. It will be replaced with [0.1, 9999.1].
  self.unique_name: trial.suggest_float(
[I 2026-05-03 16:58:23,543] Trial 27 finished with value: 0.5457801973860005 and parameters: {'0:atom_AtomicNumber:kDelta': 0.8, '0:atom_AtomicNumber_list_1:kConv': 0.9, '0:atom_AtomicNumber_list_2:kConv': 0.85, '0:atom_AtomicNumber_list_3:kConv': 0.95, '0:atom_AtomicNumber_list_4:kConv': 0.85, '0:atom_MorganHash:kDelta': 0.8, '0:atom_Ring_count:kDelta': 0.9, '0:atom_RingSize_list:kConv': 0.8, '0:atom_Hcount:kDelta': 0.75, '0:atom_AtomicNumber_count_1:kDelta': 1.0, '0:atom_AtomicNumber_count_2:kDelta': 0.9, '0:atom_Chiral:kDelta': 0.85, '0:bond_Order:kDelta': 0.75, '0:bond_Stereo:kDelta': 0.75, '0:bond_RingStereo:kDelta': 1.0, '0:q:q': 0.27, '1:features_kernel:Matern32': 4067.1, '2:features_kernel:Matern32': 8563.1, '3:features_kernel:Matern32': 6600.1, '4:features_kernel:Matern32': 4850.1, '5:features_kernel:Matern32': 4650.1, '6:features_kernel:Matern32': 2247.1, '7:features_kernel:Matern32': 7128.1, '8:features_kernel:Matern32': 6862.1, '9:features_kernel:Matern32': 7963.1, '10:features_kernel:Matern32': 8646.1, '11:features_kernel:Matern32': 2990.1, 'alpha': 0.053000000000000005}. Best is trial 12 with value: 0.4952206020973195.
/gpfs_common/share03/ddomlab/sdehgha2/working_space/GP_collab/code_python/training/MGK_and_tools/mgktools/mgktools/kernels/base.py:225: UserWarning: The distribution is specified by [0.1, 10000] and step=1, but the range is not divisible by `step`. It will be replaced with [0.1, 9999.1].
  self.unique_name: trial.suggest_float(
[I 2026-05-03 16:58:28,659] Trial 28 finished with value: 0.5383062000388471 and parameters: {'0:atom_AtomicNumber:kDelta': 0.85, '0:atom_AtomicNumber_list_1:kConv': 1.0, '0:atom_AtomicNumber_list_2:kConv': 0.8, '0:atom_AtomicNumber_list_3:kConv': 1.0, '0:atom_AtomicNumber_list_4:kConv': 0.75, '0:atom_MorganHash:kDelta': 0.9, '0:atom_Ring_count:kDelta': 0.8, '0:atom_RingSize_list:kConv': 0.9, '0:atom_Hcount:kDelta': 0.95, '0:atom_AtomicNumber_count_1:kDelta': 0.95, '0:atom_AtomicNumber_count_2:kDelta': 0.95, '0:atom_Chiral:kDelta': 0.75, '0:bond_Order:kDelta': 0.8, '0:bond_Stereo:kDelta': 0.8, '0:bond_RingStereo:kDelta': 0.95, '0:q:q': 0.45, '1:features_kernel:Matern32': 7588.1, '2:features_kernel:Matern32': 9311.1, '3:features_kernel:Matern32': 5128.1, '4:features_kernel:Matern32': 9007.1, '5:features_kernel:Matern32': 6160.1, '6:features_kernel:Matern32': 4835.1, '7:features_kernel:Matern32': 2994.1, '8:features_kernel:Matern32': 4653.1, '9:features_kernel:Matern32': 9246.1, '10:features_kernel:Matern32': 1379.1, '11:features_kernel:Matern32': 688.1, 'alpha': 0.001}. Best is trial 12 with value: 0.4952206020973195.
/gpfs_common/share03/ddomlab/sdehgha2/working_space/GP_collab/code_python/training/MGK_and_tools/mgktools/mgktools/kernels/base.py:225: UserWarning: The distribution is specified by [0.1, 10000] and step=1, but the range is not divisible by `step`. It will be replaced with [0.1, 9999.1].
  self.unique_name: trial.suggest_float(
[I 2026-05-03 16:58:33,738] Trial 29 finished with value: 0.5440018083288738 and parameters: {'0:atom_AtomicNumber:kDelta': 0.9, '0:atom_AtomicNumber_list_1:kConv': 0.95, '0:atom_AtomicNumber_list_2:kConv': 0.75, '0:atom_AtomicNumber_list_3:kConv': 0.85, '0:atom_AtomicNumber_list_4:kConv': 0.75, '0:atom_MorganHash:kDelta': 0.9, '0:atom_Ring_count:kDelta': 0.85, '0:atom_RingSize_list:kConv': 0.85, '0:atom_Hcount:kDelta': 0.85, '0:atom_AtomicNumber_count_1:kDelta': 0.9, '0:atom_AtomicNumber_count_2:kDelta': 0.85, '0:atom_Chiral:kDelta': 0.95, '0:bond_Order:kDelta': 0.9, '0:bond_Stereo:kDelta': 0.9, '0:bond_RingStereo:kDelta': 0.9, '0:q:q': 0.33, '1:features_kernel:Matern32': 7961.1, '2:features_kernel:Matern32': 4932.1, '3:features_kernel:Matern32': 8742.1, '4:features_kernel:Matern32': 3637.1, '5:features_kernel:Matern32': 7356.1, '6:features_kernel:Matern32': 6594.1, '7:features_kernel:Matern32': 5442.1, '8:features_kernel:Matern32': 7521.1, '9:features_kernel:Matern32': 7236.1, '10:features_kernel:Matern32': 5970.1, '11:features_kernel:Matern32': 1692.1, 'alpha': 0.013000000000000001}. Best is trial 12 with value: 0.4952206020973195.
/gpfs_common/share03/ddomlab/sdehgha2/working_space/GP_collab/code_python/training/MGK_and_tools/mgktools/mgktools/kernels/base.py:225: UserWarning: The distribution is specified by [0.1, 10000] and step=1, but the range is not divisible by `step`. It will be replaced with [0.1, 9999.1].
  self.unique_name: trial.suggest_float(
[I 2026-05-03 16:58:38,801] Trial 30 finished with value: 0.5457831109735214 and parameters: {'0:atom_AtomicNumber:kDelta': 0.95, '0:atom_AtomicNumber_list_1:kConv': 1.0, '0:atom_AtomicNumber_list_2:kConv': 0.85, '0:atom_AtomicNumber_list_3:kConv': 0.9, '0:atom_AtomicNumber_list_4:kConv': 0.9, '0:atom_MorganHash:kDelta': 0.85, '0:atom_Ring_count:kDelta': 0.9, '0:atom_RingSize_list:kConv': 0.85, '0:atom_Hcount:kDelta': 0.8, '0:atom_AtomicNumber_count_1:kDelta': 1.0, '0:atom_AtomicNumber_count_2:kDelta': 1.0, '0:atom_Chiral:kDelta': 0.9, '0:bond_Order:kDelta': 0.85, '0:bond_Stereo:kDelta': 0.85, '0:bond_RingStereo:kDelta': 0.8, '0:q:q': 0.47000000000000003, '1:features_kernel:Matern32': 1984.1, '2:features_kernel:Matern32': 9903.1, '3:features_kernel:Matern32': 8088.1, '4:features_kernel:Matern32': 8460.1, '5:features_kernel:Matern32': 8432.1, '6:features_kernel:Matern32': 4247.1, '7:features_kernel:Matern32': 8654.1, '8:features_kernel:Matern32': 8979.1, '9:features_kernel:Matern32': 7054.1, '10:features_kernel:Matern32': 2560.1, '11:features_kernel:Matern32': 938.1, 'alpha': 0.026000000000000002}. Best is trial 12 with value: 0.4952206020973195.
/gpfs_common/share03/ddomlab/sdehgha2/working_space/GP_collab/code_python/training/MGK_and_tools/mgktools/mgktools/kernels/base.py:225: UserWarning: The distribution is specified by [0.1, 10000] and step=1, but the range is not divisible by `step`. It will be replaced with [0.1, 9999.1].
  self.unique_name: trial.suggest_float(
[I 2026-05-03 16:58:44,313] Trial 31 finished with value: 0.5361974052352203 and parameters: {'0:atom_AtomicNumber:kDelta': 0.85, '0:atom_AtomicNumber_list_1:kConv': 1.0, '0:atom_AtomicNumber_list_2:kConv': 0.8, '0:atom_AtomicNumber_list_3:kConv': 0.95, '0:atom_AtomicNumber_list_4:kConv': 0.8, '0:atom_MorganHash:kDelta': 0.9, '0:atom_Ring_count:kDelta': 0.85, '0:atom_RingSize_list:kConv': 0.95, '0:atom_Hcount:kDelta': 0.85, '0:atom_AtomicNumber_count_1:kDelta': 0.9, '0:atom_AtomicNumber_count_2:kDelta': 0.9, '0:atom_Chiral:kDelta': 0.8, '0:bond_Order:kDelta': 0.9, '0:bond_Stereo:kDelta': 0.85, '0:bond_RingStereo:kDelta': 0.95, '0:q:q': 0.28, '1:features_kernel:Matern32': 8934.1, '2:features_kernel:Matern32': 8818.1, '3:features_kernel:Matern32': 9746.1, '4:features_kernel:Matern32': 5827.1, '5:features_kernel:Matern32': 7457.1, '6:features_kernel:Matern32': 2069.1, '7:features_kernel:Matern32': 9575.1, '8:features_kernel:Matern32': 5762.1, '9:features_kernel:Matern32': 8109.1, '10:features_kernel:Matern32': 4314.1, '11:features_kernel:Matern32': 66.1, 'alpha': 0.016}. Best is trial 12 with value: 0.4952206020973195.
/gpfs_common/share03/ddomlab/sdehgha2/working_space/GP_collab/code_python/training/MGK_and_tools/mgktools/mgktools/kernels/base.py:225: UserWarning: The distribution is specified by [0.1, 10000] and step=1, but the range is not divisible by `step`. It will be replaced with [0.1, 9999.1].
  self.unique_name: trial.suggest_float(
[I 2026-05-03 16:58:49,519] Trial 32 finished with value: 0.5464556629022925 and parameters: {'0:atom_AtomicNumber:kDelta': 0.8, '0:atom_AtomicNumber_list_1:kConv': 1.0, '0:atom_AtomicNumber_list_2:kConv': 0.8, '0:atom_AtomicNumber_list_3:kConv': 0.95, '0:atom_AtomicNumber_list_4:kConv': 0.8, '0:atom_MorganHash:kDelta': 0.9, '0:atom_Ring_count:kDelta': 0.85, '0:atom_RingSize_list:kConv': 0.95, '0:atom_Hcount:kDelta': 0.85, '0:atom_AtomicNumber_count_1:kDelta': 0.85, '0:atom_AtomicNumber_count_2:kDelta': 0.9, '0:atom_Chiral:kDelta': 0.8, '0:bond_Order:kDelta': 0.9, '0:bond_Stereo:kDelta': 0.9, '0:bond_RingStereo:kDelta': 0.95, '0:q:q': 0.31, '1:features_kernel:Matern32': 8685.1, '2:features_kernel:Matern32': 7415.1, '3:features_kernel:Matern32': 9331.1, '4:features_kernel:Matern32': 6236.1, '5:features_kernel:Matern32': 7504.1, '6:features_kernel:Matern32': 2175.1, '7:features_kernel:Matern32': 9786.1, '8:features_kernel:Matern32': 5108.1, '9:features_kernel:Matern32': 8436.1, '10:features_kernel:Matern32': 3791.1, '11:features_kernel:Matern32': 704.1, 'alpha': 0.036000000000000004}. Best is trial 12 with value: 0.4952206020973195.
/gpfs_common/share03/ddomlab/sdehgha2/working_space/GP_collab/code_python/training/MGK_and_tools/mgktools/mgktools/kernels/base.py:225: UserWarning: The distribution is specified by [0.1, 10000] and step=1, but the range is not divisible by `step`. It will be replaced with [0.1, 9999.1].
  self.unique_name: trial.suggest_float(
[I 2026-05-03 16:58:54,842] Trial 33 finished with value: 0.5319190912481507 and parameters: {'0:atom_AtomicNumber:kDelta': 0.85, '0:atom_AtomicNumber_list_1:kConv': 1.0, '0:atom_AtomicNumber_list_2:kConv': 0.75, '0:atom_AtomicNumber_list_3:kConv': 1.0, '0:atom_AtomicNumber_list_4:kConv': 0.85, '0:atom_MorganHash:kDelta': 0.85, '0:atom_Ring_count:kDelta': 0.9, '0:atom_RingSize_list:kConv': 1.0, '0:atom_Hcount:kDelta': 0.9, '0:atom_AtomicNumber_count_1:kDelta': 0.9, '0:atom_AtomicNumber_count_2:kDelta': 0.95, '0:atom_Chiral:kDelta': 0.75, '0:bond_Order:kDelta': 0.95, '0:bond_Stereo:kDelta': 0.85, '0:bond_RingStereo:kDelta': 1.0, '0:q:q': 0.35000000000000003, '1:features_kernel:Matern32': 9255.1, '2:features_kernel:Matern32': 9057.1, '3:features_kernel:Matern32': 9225.1, '4:features_kernel:Matern32': 7063.1, '5:features_kernel:Matern32': 6228.1, '6:features_kernel:Matern32': 7393.1, '7:features_kernel:Matern32': 9861.1, '8:features_kernel:Matern32': 5916.1, '9:features_kernel:Matern32': 7551.1, '10:features_kernel:Matern32': 4855.1, '11:features_kernel:Matern32': 28.1, 'alpha': 0.02}. Best is trial 12 with value: 0.4952206020973195.
/gpfs_common/share03/ddomlab/sdehgha2/working_space/GP_collab/code_python/training/MGK_and_tools/mgktools/mgktools/kernels/base.py:225: UserWarning: The distribution is specified by [0.1, 10000] and step=1, but the range is not divisible by `step`. It will be replaced with [0.1, 9999.1].
  self.unique_name: trial.suggest_float(
[I 2026-05-03 16:59:00,858] Trial 34 finished with value: 0.5440520290129979 and parameters: {'0:atom_AtomicNumber:kDelta': 0.8, '0:atom_AtomicNumber_list_1:kConv': 0.75, '0:atom_AtomicNumber_list_2:kConv': 0.8, '0:atom_AtomicNumber_list_3:kConv': 1.0, '0:atom_AtomicNumber_list_4:kConv': 0.8, '0:atom_MorganHash:kDelta': 0.9, '0:atom_Ring_count:kDelta': 0.8, '0:atom_RingSize_list:kConv': 0.95, '0:atom_Hcount:kDelta': 0.85, '0:atom_AtomicNumber_count_1:kDelta': 0.95, '0:atom_AtomicNumber_count_2:kDelta': 0.9, '0:atom_Chiral:kDelta': 0.8, '0:bond_Order:kDelta': 0.95, '0:bond_Stereo:kDelta': 0.8, '0:bond_RingStereo:kDelta': 0.9, '0:q:q': 0.18000000000000002, '1:features_kernel:Matern32': 8552.1, '2:features_kernel:Matern32': 8223.1, '3:features_kernel:Matern32': 8486.1, '4:features_kernel:Matern32': 5222.1, '5:features_kernel:Matern32': 7513.1, '6:features_kernel:Matern32': 3554.1, '7:features_kernel:Matern32': 7418.1, '8:features_kernel:Matern32': 8183.1, '9:features_kernel:Matern32': 9195.1, '10:features_kernel:Matern32': 3420.1, '11:features_kernel:Matern32': 738.1, 'alpha': 0.008}. Best is trial 12 with value: 0.4952206020973195.
/gpfs_common/share03/ddomlab/sdehgha2/working_space/GP_collab/code_python/training/MGK_and_tools/mgktools/mgktools/kernels/base.py:225: UserWarning: The distribution is specified by [0.1, 10000] and step=1, but the range is not divisible by `step`. It will be replaced with [0.1, 9999.1].
  self.unique_name: trial.suggest_float(
[I 2026-05-03 16:59:06,425] Trial 35 finished with value: 0.5447184984260509 and parameters: {'0:atom_AtomicNumber:kDelta': 0.9, '0:atom_AtomicNumber_list_1:kConv': 0.95, '0:atom_AtomicNumber_list_2:kConv': 0.9, '0:atom_AtomicNumber_list_3:kConv': 0.95, '0:atom_AtomicNumber_list_4:kConv': 0.85, '0:atom_MorganHash:kDelta': 0.95, '0:atom_Ring_count:kDelta': 0.75, '0:atom_RingSize_list:kConv': 0.95, '0:atom_Hcount:kDelta': 0.9, '0:atom_AtomicNumber_count_1:kDelta': 0.85, '0:atom_AtomicNumber_count_2:kDelta': 0.95, '0:atom_Chiral:kDelta': 0.75, '0:bond_Order:kDelta': 0.9, '0:bond_Stereo:kDelta': 0.9, '0:bond_RingStereo:kDelta': 0.95, '0:q:q': 0.25, '1:features_kernel:Matern32': 6958.1, '2:features_kernel:Matern32': 6597.1, '3:features_kernel:Matern32': 7622.1, '4:features_kernel:Matern32': 5900.1, '5:features_kernel:Matern32': 9224.1, '6:features_kernel:Matern32': 4895.1, '7:features_kernel:Matern32': 8985.1, '8:features_kernel:Matern32': 1392.1, '9:features_kernel:Matern32': 6784.1, '10:features_kernel:Matern32': 5657.1, '11:features_kernel:Matern32': 1619.1, 'alpha': 0.006}. Best is trial 12 with value: 0.4952206020973195.
/gpfs_common/share03/ddomlab/sdehgha2/working_space/GP_collab/code_python/training/MGK_and_tools/mgktools/mgktools/kernels/base.py:225: UserWarning: The distribution is specified by [0.1, 10000] and step=1, but the range is not divisible by `step`. It will be replaced with [0.1, 9999.1].
  self.unique_name: trial.suggest_float(
[I 2026-05-03 16:59:11,598] Trial 36 finished with value: 0.5478836686035602 and parameters: {'0:atom_AtomicNumber:kDelta': 0.85, '0:atom_AtomicNumber_list_1:kConv': 1.0, '0:atom_AtomicNumber_list_2:kConv': 0.85, '0:atom_AtomicNumber_list_3:kConv': 1.0, '0:atom_AtomicNumber_list_4:kConv': 0.75, '0:atom_MorganHash:kDelta': 0.95, '0:atom_Ring_count:kDelta': 0.85, '0:atom_RingSize_list:kConv': 1.0, '0:atom_Hcount:kDelta': 0.8, '0:atom_AtomicNumber_count_1:kDelta': 0.8, '0:atom_AtomicNumber_count_2:kDelta': 0.75, '0:atom_Chiral:kDelta': 0.8, '0:bond_Order:kDelta': 0.85, '0:bond_Stereo:kDelta': 0.85, '0:bond_RingStereo:kDelta': 0.85, '0:q:q': 0.38, '1:features_kernel:Matern32': 8220.1, '2:features_kernel:Matern32': 8377.1, '3:features_kernel:Matern32': 9416.1, '4:features_kernel:Matern32': 7561.1, '5:features_kernel:Matern32': 4933.1, '6:features_kernel:Matern32': 2838.1, '7:features_kernel:Matern32': 8559.1, '8:features_kernel:Matern32': 6551.1, '9:features_kernel:Matern32': 8700.1, '10:features_kernel:Matern32': 4381.1, '11:features_kernel:Matern32': 9299.1, 'alpha': 0.02}. Best is trial 12 with value: 0.4952206020973195.
/gpfs_common/share03/ddomlab/sdehgha2/working_space/GP_collab/code_python/training/MGK_and_tools/mgktools/mgktools/kernels/base.py:225: UserWarning: The distribution is specified by [0.1, 10000] and step=1, but the range is not divisible by `step`. It will be replaced with [0.1, 9999.1].
  self.unique_name: trial.suggest_float(
[I 2026-05-03 16:59:16,796] Trial 37 finished with value: 0.5515590297733562 and parameters: {'0:atom_AtomicNumber:kDelta': 0.8, '0:atom_AtomicNumber_list_1:kConv': 0.95, '0:atom_AtomicNumber_list_2:kConv': 0.8, '0:atom_AtomicNumber_list_3:kConv': 0.8, '0:atom_AtomicNumber_list_4:kConv': 0.8, '0:atom_MorganHash:kDelta': 1.0, '0:atom_Ring_count:kDelta': 0.9, '0:atom_RingSize_list:kConv': 0.9, '0:atom_Hcount:kDelta': 0.75, '0:atom_AtomicNumber_count_1:kDelta': 0.9, '0:atom_AtomicNumber_count_2:kDelta': 0.85, '0:atom_Chiral:kDelta': 0.75, '0:bond_Order:kDelta': 0.85, '0:bond_Stereo:kDelta': 0.95, '0:bond_RingStereo:kDelta': 1.0, '0:q:q': 0.32, '1:features_kernel:Matern32': 9958.1, '2:features_kernel:Matern32': 9453.1, '3:features_kernel:Matern32': 7140.1, '4:features_kernel:Matern32': 9308.1, '5:features_kernel:Matern32': 8217.1, '6:features_kernel:Matern32': 6430.1, '7:features_kernel:Matern32': 9894.1, '8:features_kernel:Matern32': 7822.1, '9:features_kernel:Matern32': 7828.1, '10:features_kernel:Matern32': 2555.1, '11:features_kernel:Matern32': 2801.1, 'alpha': 0.079}. Best is trial 12 with value: 0.4952206020973195.
/gpfs_common/share03/ddomlab/sdehgha2/working_space/GP_collab/code_python/training/MGK_and_tools/mgktools/mgktools/kernels/base.py:225: UserWarning: The distribution is specified by [0.1, 10000] and step=1, but the range is not divisible by `step`. It will be replaced with [0.1, 9999.1].
  self.unique_name: trial.suggest_float(
[I 2026-05-03 16:59:21,732] Trial 38 finished with value: 0.544740483556736 and parameters: {'0:atom_AtomicNumber:kDelta': 0.75, '0:atom_AtomicNumber_list_1:kConv': 0.8, '0:atom_AtomicNumber_list_2:kConv': 0.75, '0:atom_AtomicNumber_list_3:kConv': 0.9, '0:atom_AtomicNumber_list_4:kConv': 0.85, '0:atom_MorganHash:kDelta': 0.85, '0:atom_Ring_count:kDelta': 0.75, '0:atom_RingSize_list:kConv': 0.9, '0:atom_Hcount:kDelta': 0.9, '0:atom_AtomicNumber_count_1:kDelta': 0.95, '0:atom_AtomicNumber_count_2:kDelta': 0.85, '0:atom_Chiral:kDelta': 0.85, '0:bond_Order:kDelta': 0.95, '0:bond_Stereo:kDelta': 0.8, '0:bond_RingStereo:kDelta': 0.95, '0:q:q': 0.49, '1:features_kernel:Matern32': 100.1, '2:features_kernel:Matern32': 4276.1, '3:features_kernel:Matern32': 9015.1, '4:features_kernel:Matern32': 8276.1, '5:features_kernel:Matern32': 3814.1, '6:features_kernel:Matern32': 8075.1, '7:features_kernel:Matern32': 7710.1, '8:features_kernel:Matern32': 3394.1, '9:features_kernel:Matern32': 9394.1, '10:features_kernel:Matern32': 1009.1, '11:features_kernel:Matern32': 2044.1, 'alpha': 0.049}. Best is trial 12 with value: 0.4952206020973195.
/gpfs_common/share03/ddomlab/sdehgha2/working_space/GP_collab/code_python/training/MGK_and_tools/mgktools/mgktools/kernels/base.py:225: UserWarning: The distribution is specified by [0.1, 10000] and step=1, but the range is not divisible by `step`. It will be replaced with [0.1, 9999.1].
  self.unique_name: trial.suggest_float(
[I 2026-05-03 16:59:27,495] Trial 39 finished with value: 0.5474811069372826 and parameters: {'0:atom_AtomicNumber:kDelta': 0.85, '0:atom_AtomicNumber_list_1:kConv': 0.9, '0:atom_AtomicNumber_list_2:kConv': 0.8, '0:atom_AtomicNumber_list_3:kConv': 1.0, '0:atom_AtomicNumber_list_4:kConv': 0.9, '0:atom_MorganHash:kDelta': 0.9, '0:atom_Ring_count:kDelta': 0.8, '0:atom_RingSize_list:kConv': 0.95, '0:atom_Hcount:kDelta': 0.8, '0:atom_AtomicNumber_count_1:kDelta': 0.95, '0:atom_AtomicNumber_count_2:kDelta': 0.9, '0:atom_Chiral:kDelta': 0.75, '0:bond_Order:kDelta': 0.9, '0:bond_Stereo:kDelta': 0.85, '0:bond_RingStereo:kDelta': 0.9, '0:q:q': 0.22, '1:features_kernel:Matern32': 6219.1, '2:features_kernel:Matern32': 7410.1, '3:features_kernel:Matern32': 8374.1, '4:features_kernel:Matern32': 4004.1, '5:features_kernel:Matern32': 6233.1, '6:features_kernel:Matern32': 1517.1, '7:features_kernel:Matern32': 6454.1, '8:features_kernel:Matern32': 5360.1, '9:features_kernel:Matern32': 5252.1, '10:features_kernel:Matern32': 1605.1, '11:features_kernel:Matern32': 4867.1, 'alpha': 0.066}. Best is trial 12 with value: 0.4952206020973195.
/gpfs_common/share03/ddomlab/sdehgha2/working_space/GP_collab/code_python/training/MGK_and_tools/mgktools/mgktools/kernels/base.py:225: UserWarning: The distribution is specified by [0.1, 10000] and step=1, but the range is not divisible by `step`. It will be replaced with [0.1, 9999.1].
  self.unique_name: trial.suggest_float(
