[I 2026-05-03 17:49:28,269] Trial 26 finished with value: 0.5462454214734836 and parameters: {'0:atom_AtomicNumber:kDelta': 0.9, '0:atom_AtomicNumber_list_1:kConv': 0.85, '0:atom_AtomicNumber_list_2:kConv': 0.95, '0:atom_AtomicNumber_list_3:kConv': 0.8, '0:atom_AtomicNumber_list_4:kConv': 1.0, '0:atom_MorganHash:kDelta': 0.95, '0:atom_Ring_count:kDelta': 0.75, '0:atom_RingSize_list:kConv': 0.75, '0:atom_Hcount:kDelta': 0.95, '0:atom_AtomicNumber_count_1:kDelta': 0.95, '0:atom_AtomicNumber_count_2:kDelta': 0.95, '0:atom_Chiral:kDelta': 0.9, '0:bond_Order:kDelta': 0.95, '0:bond_Stereo:kDelta': 1.0, '0:bond_RingStereo:kDelta': 0.8, '0:q:q': 0.33, '1:features_kernel:Matern32': 7037.1, '2:features_kernel:Matern32': 9153.1, '3:features_kernel:Matern32': 2427.1, '4:features_kernel:Matern32': 1753.1, '5:features_kernel:Matern32': 6688.1, '6:features_kernel:Matern32': 6936.1, '7:features_kernel:Matern32': 2762.1, '8:features_kernel:Matern32': 7231.1, '9:features_kernel:Matern32': 1674.1, '10:features_kernel:Matern32': 2107.1, '11:features_kernel:Matern32': 7532.1, 'alpha': 0.029}. Best is trial 13 with value: 0.4404566869488341.
/gpfs_common/share03/ddomlab/sdehgha2/working_space/GP_collab/code_python/training/MGK_and_tools/mgktools/mgktools/kernels/base.py:225: UserWarning: The distribution is specified by [0.1, 10000] and step=1, but the range is not divisible by `step`. It will be replaced with [0.1, 9999.1].
  self.unique_name: trial.suggest_float(
[I 2026-05-03 17:49:33,738] Trial 27 finished with value: 0.545208786869203 and parameters: {'0:atom_AtomicNumber:kDelta': 0.85, '0:atom_AtomicNumber_list_1:kConv': 0.9, '0:atom_AtomicNumber_list_2:kConv': 0.9, '0:atom_AtomicNumber_list_3:kConv': 0.85, '0:atom_AtomicNumber_list_4:kConv': 1.0, '0:atom_MorganHash:kDelta': 0.9, '0:atom_Ring_count:kDelta': 0.8, '0:atom_RingSize_list:kConv': 0.75, '0:atom_Hcount:kDelta': 1.0, '0:atom_AtomicNumber_count_1:kDelta': 0.95, '0:atom_AtomicNumber_count_2:kDelta': 0.85, '0:atom_Chiral:kDelta': 1.0, '0:bond_Order:kDelta': 0.9, '0:bond_Stereo:kDelta': 0.95, '0:bond_RingStereo:kDelta': 0.85, '0:q:q': 0.25, '1:features_kernel:Matern32': 4472.1, '2:features_kernel:Matern32': 6151.1, '3:features_kernel:Matern32': 916.1, '4:features_kernel:Matern32': 3147.1, '5:features_kernel:Matern32': 9986.1, '6:features_kernel:Matern32': 8465.1, '7:features_kernel:Matern32': 1133.1, '8:features_kernel:Matern32': 9092.1, '9:features_kernel:Matern32': 167.1, '10:features_kernel:Matern32': 4915.1, '11:features_kernel:Matern32': 6334.1, 'alpha': 0.057}. Best is trial 13 with value: 0.4404566869488341.
/gpfs_common/share03/ddomlab/sdehgha2/working_space/GP_collab/code_python/training/MGK_and_tools/mgktools/mgktools/kernels/base.py:225: UserWarning: The distribution is specified by [0.1, 10000] and step=1, but the range is not divisible by `step`. It will be replaced with [0.1, 9999.1].
  self.unique_name: trial.suggest_float(
[I 2026-05-03 17:49:40,005] Trial 28 finished with value: 0.5472470102910463 and parameters: {'0:atom_AtomicNumber:kDelta': 0.95, '0:atom_AtomicNumber_list_1:kConv': 0.85, '0:atom_AtomicNumber_list_2:kConv': 1.0, '0:atom_AtomicNumber_list_3:kConv': 0.75, '0:atom_AtomicNumber_list_4:kConv': 0.95, '0:atom_MorganHash:kDelta': 1.0, '0:atom_Ring_count:kDelta': 0.75, '0:atom_RingSize_list:kConv': 0.8, '0:atom_Hcount:kDelta': 0.95, '0:atom_AtomicNumber_count_1:kDelta': 0.9, '0:atom_AtomicNumber_count_2:kDelta': 0.8, '0:atom_Chiral:kDelta': 0.95, '0:bond_Order:kDelta': 0.95, '0:bond_Stereo:kDelta': 0.95, '0:bond_RingStereo:kDelta': 0.75, '0:q:q': 0.15000000000000002, '1:features_kernel:Matern32': 8489.1, '2:features_kernel:Matern32': 7225.1, '3:features_kernel:Matern32': 3866.1, '4:features_kernel:Matern32': 754.1, '5:features_kernel:Matern32': 2763.1, '6:features_kernel:Matern32': 5595.1, '7:features_kernel:Matern32': 37.1, '8:features_kernel:Matern32': 5904.1, '9:features_kernel:Matern32': 6383.1, '10:features_kernel:Matern32': 856.1, '11:features_kernel:Matern32': 4627.1, 'alpha': 0.07100000000000001}. Best is trial 13 with value: 0.4404566869488341.
/gpfs_common/share03/ddomlab/sdehgha2/working_space/GP_collab/code_python/training/MGK_and_tools/mgktools/mgktools/kernels/base.py:225: UserWarning: The distribution is specified by [0.1, 10000] and step=1, but the range is not divisible by `step`. It will be replaced with [0.1, 9999.1].
  self.unique_name: trial.suggest_float(
[I 2026-05-03 17:49:45,971] Trial 29 finished with value: 0.5472533910649849 and parameters: {'0:atom_AtomicNumber:kDelta': 0.8, '0:atom_AtomicNumber_list_1:kConv': 0.9, '0:atom_AtomicNumber_list_2:kConv': 0.95, '0:atom_AtomicNumber_list_3:kConv': 0.9, '0:atom_AtomicNumber_list_4:kConv': 0.8, '0:atom_MorganHash:kDelta': 0.95, '0:atom_Ring_count:kDelta': 0.75, '0:atom_RingSize_list:kConv': 0.75, '0:atom_Hcount:kDelta': 0.85, '0:atom_AtomicNumber_count_1:kDelta': 0.95, '0:atom_AtomicNumber_count_2:kDelta': 0.9, '0:atom_Chiral:kDelta': 1.0, '0:bond_Order:kDelta': 1.0, '0:bond_Stereo:kDelta': 0.8, '0:bond_RingStereo:kDelta': 0.9, '0:q:q': 0.22, '1:features_kernel:Matern32': 5957.1, '2:features_kernel:Matern32': 5761.1, '3:features_kernel:Matern32': 4822.1, '4:features_kernel:Matern32': 4465.1, '5:features_kernel:Matern32': 4598.1, '6:features_kernel:Matern32': 7619.1, '7:features_kernel:Matern32': 2380.1, '8:features_kernel:Matern32': 9980.1, '9:features_kernel:Matern32': 4165.1, '10:features_kernel:Matern32': 3577.1, '11:features_kernel:Matern32': 9977.1, 'alpha': 0.07}. Best is trial 13 with value: 0.4404566869488341.
/gpfs_common/share03/ddomlab/sdehgha2/working_space/GP_collab/code_python/training/MGK_and_tools/mgktools/mgktools/kernels/base.py:225: UserWarning: The distribution is specified by [0.1, 10000] and step=1, but the range is not divisible by `step`. It will be replaced with [0.1, 9999.1].
  self.unique_name: trial.suggest_float(
[I 2026-05-03 17:49:52,083] Trial 30 finished with value: 0.5450745638967837 and parameters: {'0:atom_AtomicNumber:kDelta': 0.85, '0:atom_AtomicNumber_list_1:kConv': 0.95, '0:atom_AtomicNumber_list_2:kConv': 0.95, '0:atom_AtomicNumber_list_3:kConv': 0.9, '0:atom_AtomicNumber_list_4:kConv': 1.0, '0:atom_MorganHash:kDelta': 0.9, '0:atom_Ring_count:kDelta': 0.8, '0:atom_RingSize_list:kConv': 0.8, '0:atom_Hcount:kDelta': 0.9, '0:atom_AtomicNumber_count_1:kDelta': 1.0, '0:atom_AtomicNumber_count_2:kDelta': 0.85, '0:atom_Chiral:kDelta': 1.0, '0:bond_Order:kDelta': 0.9, '0:bond_Stereo:kDelta': 0.9, '0:bond_RingStereo:kDelta': 0.85, '0:q:q': 0.13, '1:features_kernel:Matern32': 1311.1, '2:features_kernel:Matern32': 8172.1, '3:features_kernel:Matern32': 1689.1, '4:features_kernel:Matern32': 3045.1, '5:features_kernel:Matern32': 1839.1, '6:features_kernel:Matern32': 6455.1, '7:features_kernel:Matern32': 3558.1, '8:features_kernel:Matern32': 4466.1, '9:features_kernel:Matern32': 942.1, '10:features_kernel:Matern32': 2495.1, '11:features_kernel:Matern32': 8996.1, 'alpha': 0.054}. Best is trial 13 with value: 0.4404566869488341.
/gpfs_common/share03/ddomlab/sdehgha2/working_space/GP_collab/code_python/training/MGK_and_tools/mgktools/mgktools/kernels/base.py:225: UserWarning: The distribution is specified by [0.1, 10000] and step=1, but the range is not divisible by `step`. It will be replaced with [0.1, 9999.1].
  self.unique_name: trial.suggest_float(
[I 2026-05-03 17:49:57,927] Trial 31 finished with value: 0.5131963462273652 and parameters: {'0:atom_AtomicNumber:kDelta': 0.85, '0:atom_AtomicNumber_list_1:kConv': 0.9, '0:atom_AtomicNumber_list_2:kConv': 1.0, '0:atom_AtomicNumber_list_3:kConv': 0.85, '0:atom_AtomicNumber_list_4:kConv': 0.95, '0:atom_MorganHash:kDelta': 0.9, '0:atom_Ring_count:kDelta': 0.85, '0:atom_RingSize_list:kConv': 0.85, '0:atom_Hcount:kDelta': 1.0, '0:atom_AtomicNumber_count_1:kDelta': 0.85, '0:atom_AtomicNumber_count_2:kDelta': 0.85, '0:atom_Chiral:kDelta': 1.0, '0:bond_Order:kDelta': 0.85, '0:bond_Stereo:kDelta': 0.95, '0:bond_RingStereo:kDelta': 0.85, '0:q:q': 0.21000000000000002, '1:features_kernel:Matern32': 9160.1, '2:features_kernel:Matern32': 9420.1, '3:features_kernel:Matern32': 662.1, '4:features_kernel:Matern32': 125.1, '5:features_kernel:Matern32': 0.1, '6:features_kernel:Matern32': 9291.1, '7:features_kernel:Matern32': 683.1, '8:features_kernel:Matern32': 9241.1, '9:features_kernel:Matern32': 2639.1, '10:features_kernel:Matern32': 4321.1, '11:features_kernel:Matern32': 9286.1, 'alpha': 0.062}. Best is trial 13 with value: 0.4404566869488341.
/gpfs_common/share03/ddomlab/sdehgha2/working_space/GP_collab/code_python/training/MGK_and_tools/mgktools/mgktools/kernels/base.py:225: UserWarning: The distribution is specified by [0.1, 10000] and step=1, but the range is not divisible by `step`. It will be replaced with [0.1, 9999.1].
  self.unique_name: trial.suggest_float(
[I 2026-05-03 17:50:03,504] Trial 32 finished with value: 0.4957569737816662 and parameters: {'0:atom_AtomicNumber:kDelta': 0.9, '0:atom_AtomicNumber_list_1:kConv': 0.9, '0:atom_AtomicNumber_list_2:kConv': 1.0, '0:atom_AtomicNumber_list_3:kConv': 0.85, '0:atom_AtomicNumber_list_4:kConv': 0.95, '0:atom_MorganHash:kDelta': 0.85, '0:atom_Ring_count:kDelta': 0.85, '0:atom_RingSize_list:kConv': 0.8, '0:atom_Hcount:kDelta': 1.0, '0:atom_AtomicNumber_count_1:kDelta': 0.8, '0:atom_AtomicNumber_count_2:kDelta': 0.85, '0:atom_Chiral:kDelta': 1.0, '0:bond_Order:kDelta': 0.85, '0:bond_Stereo:kDelta': 1.0, '0:bond_RingStereo:kDelta': 0.85, '0:q:q': 0.25, '1:features_kernel:Matern32': 9936.1, '2:features_kernel:Matern32': 9204.1, '3:features_kernel:Matern32': 660.1, '4:features_kernel:Matern32': 740.1, '5:features_kernel:Matern32': 14.1, '6:features_kernel:Matern32': 9085.1, '7:features_kernel:Matern32': 1398.1, '8:features_kernel:Matern32': 8418.1, '9:features_kernel:Matern32': 1211.1, '10:features_kernel:Matern32': 4281.1, '11:features_kernel:Matern32': 9335.1, 'alpha': 0.059000000000000004}. Best is trial 13 with value: 0.4404566869488341.
/gpfs_common/share03/ddomlab/sdehgha2/working_space/GP_collab/code_python/training/MGK_and_tools/mgktools/mgktools/kernels/base.py:225: UserWarning: The distribution is specified by [0.1, 10000] and step=1, but the range is not divisible by `step`. It will be replaced with [0.1, 9999.1].
  self.unique_name: trial.suggest_float(
[I 2026-05-03 17:50:08,661] Trial 33 finished with value: 0.5441284133919007 and parameters: {'0:atom_AtomicNumber:kDelta': 0.9, '0:atom_AtomicNumber_list_1:kConv': 0.85, '0:atom_AtomicNumber_list_2:kConv': 1.0, '0:atom_AtomicNumber_list_3:kConv': 0.8, '0:atom_AtomicNumber_list_4:kConv': 0.9, '0:atom_MorganHash:kDelta': 0.85, '0:atom_Ring_count:kDelta': 0.85, '0:atom_RingSize_list:kConv': 0.85, '0:atom_Hcount:kDelta': 1.0, '0:atom_AtomicNumber_count_1:kDelta': 0.8, '0:atom_AtomicNumber_count_2:kDelta': 0.8, '0:atom_Chiral:kDelta': 0.95, '0:bond_Order:kDelta': 0.8, '0:bond_Stereo:kDelta': 1.0, '0:bond_RingStereo:kDelta': 0.8, '0:q:q': 0.3, '1:features_kernel:Matern32': 9917.1, '2:features_kernel:Matern32': 9119.1, '3:features_kernel:Matern32': 2661.1, '4:features_kernel:Matern32': 702.1, '5:features_kernel:Matern32': 921.1, '6:features_kernel:Matern32': 9098.1, '7:features_kernel:Matern32': 612.1, '8:features_kernel:Matern32': 8336.1, '9:features_kernel:Matern32': 2460.1, '10:features_kernel:Matern32': 9637.1, '11:features_kernel:Matern32': 9532.1, 'alpha': 0.048}. Best is trial 13 with value: 0.4404566869488341.
/gpfs_common/share03/ddomlab/sdehgha2/working_space/GP_collab/code_python/training/MGK_and_tools/mgktools/mgktools/kernels/base.py:225: UserWarning: The distribution is specified by [0.1, 10000] and step=1, but the range is not divisible by `step`. It will be replaced with [0.1, 9999.1].
  self.unique_name: trial.suggest_float(
[I 2026-05-03 17:50:14,574] Trial 34 finished with value: 0.44256952087273893 and parameters: {'0:atom_AtomicNumber:kDelta': 0.9, '0:atom_AtomicNumber_list_1:kConv': 1.0, '0:atom_AtomicNumber_list_2:kConv': 0.95, '0:atom_AtomicNumber_list_3:kConv': 0.85, '0:atom_AtomicNumber_list_4:kConv': 0.95, '0:atom_MorganHash:kDelta': 0.85, '0:atom_Ring_count:kDelta': 0.9, '0:atom_RingSize_list:kConv': 0.8, '0:atom_Hcount:kDelta': 0.95, '0:atom_AtomicNumber_count_1:kDelta': 0.75, '0:atom_AtomicNumber_count_2:kDelta': 0.95, '0:atom_Chiral:kDelta': 0.95, '0:bond_Order:kDelta': 0.85, '0:bond_Stereo:kDelta': 1.0, '0:bond_RingStereo:kDelta': 0.75, '0:q:q': 0.19, '1:features_kernel:Matern32': 9133.1, '2:features_kernel:Matern32': 7974.1, '3:features_kernel:Matern32': 549.1, '4:features_kernel:Matern32': 3.1, '5:features_kernel:Matern32': 703.1, '6:features_kernel:Matern32': 9205.1, '7:features_kernel:Matern32': 1694.1, '8:features_kernel:Matern32': 2665.1, '9:features_kernel:Matern32': 1164.1, '10:features_kernel:Matern32': 5627.1, '11:features_kernel:Matern32': 8279.1, 'alpha': 0.052000000000000005}. Best is trial 13 with value: 0.4404566869488341.
/gpfs_common/share03/ddomlab/sdehgha2/working_space/GP_collab/code_python/training/MGK_and_tools/mgktools/mgktools/kernels/base.py:225: UserWarning: The distribution is specified by [0.1, 10000] and step=1, but the range is not divisible by `step`. It will be replaced with [0.1, 9999.1].
  self.unique_name: trial.suggest_float(
[I 2026-05-03 17:50:19,504] Trial 35 finished with value: 0.5459028204523425 and parameters: {'0:atom_AtomicNumber:kDelta': 0.9, '0:atom_AtomicNumber_list_1:kConv': 1.0, '0:atom_AtomicNumber_list_2:kConv': 0.95, '0:atom_AtomicNumber_list_3:kConv': 0.8, '0:atom_AtomicNumber_list_4:kConv': 0.95, '0:atom_MorganHash:kDelta': 0.8, '0:atom_Ring_count:kDelta': 0.95, '0:atom_RingSize_list:kConv': 0.8, '0:atom_Hcount:kDelta': 0.95, '0:atom_AtomicNumber_count_1:kDelta': 0.75, '0:atom_AtomicNumber_count_2:kDelta': 0.95, '0:atom_Chiral:kDelta': 0.95, '0:bond_Order:kDelta': 0.85, '0:bond_Stereo:kDelta': 1.0, '0:bond_RingStereo:kDelta': 0.75, '0:q:q': 0.4, '1:features_kernel:Matern32': 7901.1, '2:features_kernel:Matern32': 7079.1, '3:features_kernel:Matern32': 417.1, '4:features_kernel:Matern32': 1340.1, '5:features_kernel:Matern32': 727.1, '6:features_kernel:Matern32': 648.1, '7:features_kernel:Matern32': 3221.1, '8:features_kernel:Matern32': 2646.1, '9:features_kernel:Matern32': 1276.1, '10:features_kernel:Matern32': 5410.1, '11:features_kernel:Matern32': 8384.1, 'alpha': 0.083}. Best is trial 13 with value: 0.4404566869488341.
/gpfs_common/share03/ddomlab/sdehgha2/working_space/GP_collab/code_python/training/MGK_and_tools/mgktools/mgktools/kernels/base.py:225: UserWarning: The distribution is specified by [0.1, 10000] and step=1, but the range is not divisible by `step`. It will be replaced with [0.1, 9999.1].
  self.unique_name: trial.suggest_float(
[I 2026-05-03 17:50:25,429] Trial 36 finished with value: 0.5458141637587401 and parameters: {'0:atom_AtomicNumber:kDelta': 0.95, '0:atom_AtomicNumber_list_1:kConv': 0.75, '0:atom_AtomicNumber_list_2:kConv': 0.9, '0:atom_AtomicNumber_list_3:kConv': 0.9, '0:atom_AtomicNumber_list_4:kConv': 0.75, '0:atom_MorganHash:kDelta': 0.85, '0:atom_Ring_count:kDelta': 0.9, '0:atom_RingSize_list:kConv': 0.8, '0:atom_Hcount:kDelta': 0.75, '0:atom_AtomicNumber_count_1:kDelta': 0.75, '0:atom_AtomicNumber_count_2:kDelta': 1.0, '0:atom_Chiral:kDelta': 0.8, '0:bond_Order:kDelta': 0.8, '0:bond_Stereo:kDelta': 1.0, '0:bond_RingStereo:kDelta': 0.75, '0:q:q': 0.18000000000000002, '1:features_kernel:Matern32': 9131.1, '2:features_kernel:Matern32': 7929.1, '3:features_kernel:Matern32': 3589.1, '4:features_kernel:Matern32': 694.1, '5:features_kernel:Matern32': 6385.1, '6:features_kernel:Matern32': 8790.1, '7:features_kernel:Matern32': 1931.1, '8:features_kernel:Matern32': 1720.1, '9:features_kernel:Matern32': 1727.1, '10:features_kernel:Matern32': 7129.1, '11:features_kernel:Matern32': 7439.1, 'alpha': 0.05}. Best is trial 13 with value: 0.4404566869488341.
/gpfs_common/share03/ddomlab/sdehgha2/working_space/GP_collab/code_python/training/MGK_and_tools/mgktools/mgktools/kernels/base.py:225: UserWarning: The distribution is specified by [0.1, 10000] and step=1, but the range is not divisible by `step`. It will be replaced with [0.1, 9999.1].
  self.unique_name: trial.suggest_float(
[I 2026-05-03 17:50:31,346] Trial 37 finished with value: 0.5447707872975255 and parameters: {'0:atom_AtomicNumber:kDelta': 0.9, '0:atom_AtomicNumber_list_1:kConv': 1.0, '0:atom_AtomicNumber_list_2:kConv': 0.95, '0:atom_AtomicNumber_list_3:kConv': 0.85, '0:atom_AtomicNumber_list_4:kConv': 0.9, '0:atom_MorganHash:kDelta': 0.8, '0:atom_Ring_count:kDelta': 0.9, '0:atom_RingSize_list:kConv': 0.95, '0:atom_Hcount:kDelta': 0.95, '0:atom_AtomicNumber_count_1:kDelta': 0.75, '0:atom_AtomicNumber_count_2:kDelta': 0.95, '0:atom_Chiral:kDelta': 0.9, '0:bond_Order:kDelta': 0.85, '0:bond_Stereo:kDelta': 1.0, '0:bond_RingStereo:kDelta': 0.95, '0:q:q': 0.12, '1:features_kernel:Matern32': 9822.1, '2:features_kernel:Matern32': 8648.1, '3:features_kernel:Matern32': 2889.1, '4:features_kernel:Matern32': 5898.1, '5:features_kernel:Matern32': 1531.1, '6:features_kernel:Matern32': 7957.1, '7:features_kernel:Matern32': 4952.1, '8:features_kernel:Matern32': 2522.1, '9:features_kernel:Matern32': 1914.1, '10:features_kernel:Matern32': 5752.1, '11:features_kernel:Matern32': 5720.1, 'alpha': 0.028}. Best is trial 13 with value: 0.4404566869488341.
/gpfs_common/share03/ddomlab/sdehgha2/working_space/GP_collab/code_python/training/MGK_and_tools/mgktools/mgktools/kernels/base.py:225: UserWarning: The distribution is specified by [0.1, 10000] and step=1, but the range is not divisible by `step`. It will be replaced with [0.1, 9999.1].
  self.unique_name: trial.suggest_float(
[I 2026-05-03 17:50:36,874] Trial 38 finished with value: 0.5338378854245509 and parameters: {'0:atom_AtomicNumber:kDelta': 0.95, '0:atom_AtomicNumber_list_1:kConv': 0.8, '0:atom_AtomicNumber_list_2:kConv': 0.9, '0:atom_AtomicNumber_list_3:kConv': 0.8, '0:atom_AtomicNumber_list_4:kConv': 0.95, '0:atom_MorganHash:kDelta': 0.85, '0:atom_Ring_count:kDelta': 0.95, '0:atom_RingSize_list:kConv': 0.8, '0:atom_Hcount:kDelta': 0.8, '0:atom_AtomicNumber_count_1:kDelta': 0.8, '0:atom_AtomicNumber_count_2:kDelta': 0.9, '0:atom_Chiral:kDelta': 0.8, '0:bond_Order:kDelta': 0.9, '0:bond_Stereo:kDelta': 1.0, '0:bond_RingStereo:kDelta': 0.8, '0:q:q': 0.27, '1:features_kernel:Matern32': 8242.1, '2:features_kernel:Matern32': 6973.1, '3:features_kernel:Matern32': 1944.1, '4:features_kernel:Matern32': 1978.1, '5:features_kernel:Matern32': 2251.1, '6:features_kernel:Matern32': 7062.1, '7:features_kernel:Matern32': 1577.1, '8:features_kernel:Matern32': 4221.1, '9:features_kernel:Matern32': 704.1, '10:features_kernel:Matern32': 7453.1, '11:features_kernel:Matern32': 1975.1, 'alpha': 0.001}. Best is trial 13 with value: 0.4404566869488341.
/gpfs_common/share03/ddomlab/sdehgha2/working_space/GP_collab/code_python/training/MGK_and_tools/mgktools/mgktools/kernels/base.py:225: UserWarning: The distribution is specified by [0.1, 10000] and step=1, but the range is not divisible by `step`. It will be replaced with [0.1, 9999.1].
  self.unique_name: trial.suggest_float(
[I 2026-05-03 17:50:43,326] Trial 39 finished with value: 0.5394208551758976 and parameters: {'0:atom_AtomicNumber:kDelta': 0.75, '0:atom_AtomicNumber_list_1:kConv': 1.0, '0:atom_AtomicNumber_list_2:kConv': 1.0, '0:atom_AtomicNumber_list_3:kConv': 0.85, '0:atom_AtomicNumber_list_4:kConv': 0.85, '0:atom_MorganHash:kDelta': 0.8, '0:atom_Ring_count:kDelta': 1.0, '0:atom_RingSize_list:kConv': 0.9, '0:atom_Hcount:kDelta': 0.95, '0:atom_AtomicNumber_count_1:kDelta': 0.75, '0:atom_AtomicNumber_count_2:kDelta': 0.95, '0:atom_Chiral:kDelta': 0.85, '0:bond_Order:kDelta': 0.85, '0:bond_Stereo:kDelta': 1.0, '0:bond_RingStereo:kDelta': 0.75, '0:q:q': 0.08, '1:features_kernel:Matern32': 7063.1, '2:features_kernel:Matern32': 5411.1, '3:features_kernel:Matern32': 54.1, '4:features_kernel:Matern32': 1094.1, '5:features_kernel:Matern32': 719.1, '6:features_kernel:Matern32': 96.1, '7:features_kernel:Matern32': 6475.1, '8:features_kernel:Matern32': 7573.1, '9:features_kernel:Matern32': 878.1, '10:features_kernel:Matern32': 4478.1, '11:features_kernel:Matern32': 7713.1, 'alpha': 0.096}. Best is trial 13 with value: 0.4404566869488341.
/gpfs_common/share03/ddomlab/sdehgha2/working_space/GP_collab/code_python/training/MGK_and_tools/mgktools/mgktools/kernels/base.py:225: UserWarning: The distribution is specified by [0.1, 10000] and step=1, but the range is not divisible by `step`. It will be replaced with [0.1, 9999.1].
  self.unique_name: trial.suggest_float(
